[2024-06-03T17:45:56.614+0000] {local_task_job_runner.py:120} INFO - ::group::Pre task execution logs
[2024-06-03T17:45:56.630+0000] {taskinstance.py:2076} INFO - Dependencies all met for dep_context=non-requeueable deps ti=<TaskInstance: chess_etl.blunders_etl scheduled__2020-05-01T00:00:00+00:00 [queued]>
[2024-06-03T17:45:56.636+0000] {taskinstance.py:2076} INFO - Dependencies all met for dep_context=requeueable deps ti=<TaskInstance: chess_etl.blunders_etl scheduled__2020-05-01T00:00:00+00:00 [queued]>
[2024-06-03T17:45:56.637+0000] {taskinstance.py:2306} INFO - Starting attempt 1 of 1
[2024-06-03T17:45:56.646+0000] {taskinstance.py:2330} INFO - Executing <Task(PythonOperator): blunders_etl> on 2020-05-01 00:00:00+00:00
[2024-06-03T17:45:56.652+0000] {warnings.py:110} WARNING - /home/***/.local/lib/python3.12/site-packages/***/task/task_runner/standard_task_runner.py:61: DeprecationWarning: This process (pid=265) is multi-threaded, use of fork() may lead to deadlocks in the child.
  pid = os.fork()

[2024-06-03T17:45:56.654+0000] {standard_task_runner.py:63} INFO - Started process 267 to run task
[2024-06-03T17:45:56.654+0000] {standard_task_runner.py:90} INFO - Running: ['***', 'tasks', 'run', 'chess_etl', 'blunders_etl', 'scheduled__2020-05-01T00:00:00+00:00', '--job-id', '97', '--raw', '--subdir', 'DAGS_FOLDER/chess_dag.py', '--cfg-path', '/tmp/tmpupadlox5']
[2024-06-03T17:45:56.655+0000] {standard_task_runner.py:91} INFO - Job 97: Subtask blunders_etl
[2024-06-03T17:45:56.698+0000] {task_command.py:426} INFO - Running <TaskInstance: chess_etl.blunders_etl scheduled__2020-05-01T00:00:00+00:00 [running]> on host f55fff24b127
[2024-06-03T17:45:56.775+0000] {taskinstance.py:2648} INFO - Exporting env vars: AIRFLOW_CTX_DAG_OWNER='***' AIRFLOW_CTX_DAG_ID='chess_etl' AIRFLOW_CTX_TASK_ID='blunders_etl' AIRFLOW_CTX_EXECUTION_DATE='2020-05-01T00:00:00+00:00' AIRFLOW_CTX_TRY_NUMBER='1' AIRFLOW_CTX_DAG_RUN_ID='scheduled__2020-05-01T00:00:00+00:00'
[2024-06-03T17:45:56.777+0000] {taskinstance.py:430} INFO - ::endgroup::
[2024-06-03T17:45:56.778+0000] {warnings.py:110} WARNING - /home/***/.local/lib/python3.12/site-packages/***/utils/context.py:320: AirflowContextDeprecationWarning: Accessing 'execution_date' from the template is deprecated and will be removed in a future version. Please use 'data_interval_start' or 'logical_date' instead.
  warnings.warn(_create_deprecation_warning(k, replacements))

[2024-06-03T17:45:56.785+0000] {base.py:84} INFO - Using connection ID 'chess_project_s3' for task execution.
[2024-06-03T19:34:58.014+0000] {python.py:237} INFO - Done. Returned value was: None
[2024-06-03T19:34:58.016+0000] {taskinstance.py:441} INFO - ::group::Post task execution logs
[2024-06-03T19:34:58.034+0000] {taskinstance.py:1206} INFO - Marking task as SUCCESS. dag_id=chess_etl, task_id=blunders_etl, run_id=scheduled__2020-05-01T00:00:00+00:00, execution_date=20200501T000000, start_date=20240603T174556, end_date=20240603T193458
[2024-06-03T19:34:58.082+0000] {local_task_job_runner.py:240} INFO - Task exited with return code 0
[2024-06-03T19:34:58.098+0000] {taskinstance.py:3498} INFO - 0 downstream tasks scheduled from follow-on schedule check
[2024-06-03T19:34:58.099+0000] {local_task_job_runner.py:222} INFO - ::endgroup::
[2024-06-08T14:11:34.305+0000] {local_task_job_runner.py:120} INFO - ::group::Pre task execution logs
[2024-06-08T14:11:34.321+0000] {taskinstance.py:2076} INFO - Dependencies all met for dep_context=non-requeueable deps ti=<TaskInstance: chess_etl.blunders_etl scheduled__2020-05-01T00:00:00+00:00 [queued]>
[2024-06-08T14:11:34.326+0000] {taskinstance.py:2076} INFO - Dependencies all met for dep_context=requeueable deps ti=<TaskInstance: chess_etl.blunders_etl scheduled__2020-05-01T00:00:00+00:00 [queued]>
[2024-06-08T14:11:34.326+0000] {taskinstance.py:2306} INFO - Starting attempt 1 of 1
[2024-06-08T14:11:34.338+0000] {taskinstance.py:2330} INFO - Executing <Task(PythonOperator): blunders_etl> on 2020-05-01 00:00:00+00:00
[2024-06-08T14:11:34.345+0000] {warnings.py:110} WARNING - /home/***/.local/lib/python3.12/site-packages/***/task/task_runner/standard_task_runner.py:61: DeprecationWarning: This process (pid=305) is multi-threaded, use of fork() may lead to deadlocks in the child.
  pid = os.fork()

[2024-06-08T14:11:34.347+0000] {standard_task_runner.py:63} INFO - Started process 307 to run task
[2024-06-08T14:11:34.346+0000] {standard_task_runner.py:90} INFO - Running: ['***', 'tasks', 'run', 'chess_etl', 'blunders_etl', 'scheduled__2020-05-01T00:00:00+00:00', '--job-id', '237', '--raw', '--subdir', 'DAGS_FOLDER/chess_dag.py', '--cfg-path', '/tmp/tmp0nvy1jpt']
[2024-06-08T14:11:34.347+0000] {standard_task_runner.py:91} INFO - Job 237: Subtask blunders_etl
[2024-06-08T14:11:34.384+0000] {task_command.py:426} INFO - Running <TaskInstance: chess_etl.blunders_etl scheduled__2020-05-01T00:00:00+00:00 [running]> on host 3c9d89bfdaf1
[2024-06-08T14:11:34.440+0000] {taskinstance.py:2648} INFO - Exporting env vars: AIRFLOW_CTX_DAG_OWNER='***' AIRFLOW_CTX_DAG_ID='chess_etl' AIRFLOW_CTX_TASK_ID='blunders_etl' AIRFLOW_CTX_EXECUTION_DATE='2020-05-01T00:00:00+00:00' AIRFLOW_CTX_TRY_NUMBER='1' AIRFLOW_CTX_DAG_RUN_ID='scheduled__2020-05-01T00:00:00+00:00'
[2024-06-08T14:11:34.441+0000] {taskinstance.py:430} INFO - ::endgroup::
[2024-06-08T14:11:34.442+0000] {warnings.py:110} WARNING - /home/***/.local/lib/python3.12/site-packages/***/utils/context.py:320: AirflowContextDeprecationWarning: Accessing 'execution_date' from the template is deprecated and will be removed in a future version. Please use 'data_interval_start' or 'logical_date' instead.
  warnings.warn(_create_deprecation_warning(k, replacements))

[2024-06-08T14:11:34.447+0000] {base.py:84} INFO - Using connection ID 'chess_project_s3' for task execution.
[2024-06-08T16:31:13.901+0000] {local_task_job_runner.py:120} INFO - ::group::Pre task execution logs
[2024-06-08T16:31:13.915+0000] {taskinstance.py:2076} INFO - Dependencies all met for dep_context=non-requeueable deps ti=<TaskInstance: chess_etl.blunders_etl scheduled__2020-05-01T00:00:00+00:00 [queued]>
[2024-06-08T16:31:13.921+0000] {taskinstance.py:2076} INFO - Dependencies all met for dep_context=requeueable deps ti=<TaskInstance: chess_etl.blunders_etl scheduled__2020-05-01T00:00:00+00:00 [queued]>
[2024-06-08T16:31:13.921+0000] {taskinstance.py:2306} INFO - Starting attempt 1 of 1
[2024-06-08T16:31:13.933+0000] {taskinstance.py:2330} INFO - Executing <Task(PythonOperator): blunders_etl> on 2020-05-01 00:00:00+00:00
[2024-06-08T16:31:13.939+0000] {warnings.py:110} WARNING - /home/***/.local/lib/python3.12/site-packages/***/task/task_runner/standard_task_runner.py:61: DeprecationWarning: This process (pid=9348) is multi-threaded, use of fork() may lead to deadlocks in the child.
  pid = os.fork()

[2024-06-08T16:31:13.941+0000] {standard_task_runner.py:63} INFO - Started process 9350 to run task
[2024-06-08T16:31:13.941+0000] {standard_task_runner.py:90} INFO - Running: ['***', 'tasks', 'run', 'chess_etl', 'blunders_etl', 'scheduled__2020-05-01T00:00:00+00:00', '--job-id', '277', '--raw', '--subdir', 'DAGS_FOLDER/chess_dag.py', '--cfg-path', '/tmp/tmpsf3_veka']
[2024-06-08T16:31:13.942+0000] {standard_task_runner.py:91} INFO - Job 277: Subtask blunders_etl
[2024-06-08T16:31:13.973+0000] {task_command.py:426} INFO - Running <TaskInstance: chess_etl.blunders_etl scheduled__2020-05-01T00:00:00+00:00 [running]> on host bf0ade909435
[2024-06-08T16:31:14.034+0000] {taskinstance.py:2648} INFO - Exporting env vars: AIRFLOW_CTX_DAG_OWNER='***' AIRFLOW_CTX_DAG_ID='chess_etl' AIRFLOW_CTX_TASK_ID='blunders_etl' AIRFLOW_CTX_EXECUTION_DATE='2020-05-01T00:00:00+00:00' AIRFLOW_CTX_TRY_NUMBER='1' AIRFLOW_CTX_DAG_RUN_ID='scheduled__2020-05-01T00:00:00+00:00'
[2024-06-08T16:31:14.035+0000] {taskinstance.py:430} INFO - ::endgroup::
[2024-06-08T16:31:14.036+0000] {warnings.py:110} WARNING - /home/***/.local/lib/python3.12/site-packages/***/utils/context.py:320: AirflowContextDeprecationWarning: Accessing 'execution_date' from the template is deprecated and will be removed in a future version. Please use 'data_interval_start' or 'logical_date' instead.
  warnings.warn(_create_deprecation_warning(k, replacements))

[2024-06-08T16:31:14.042+0000] {base.py:84} INFO - Using connection ID 'chess_project_s3' for task execution.
[2024-06-08T18:26:27.886+0000] {python.py:237} INFO - Done. Returned value was: None
[2024-06-08T18:26:27.891+0000] {taskinstance.py:441} INFO - ::group::Post task execution logs
[2024-06-08T18:26:27.930+0000] {taskinstance.py:1206} INFO - Marking task as SUCCESS. dag_id=chess_etl, task_id=blunders_etl, run_id=scheduled__2020-05-01T00:00:00+00:00, execution_date=20200501T000000, start_date=20240608T163113, end_date=20240608T182627
[2024-06-08T18:26:28.004+0000] {local_task_job_runner.py:240} INFO - Task exited with return code 0
[2024-06-08T18:26:28.037+0000] {taskinstance.py:3498} INFO - 0 downstream tasks scheduled from follow-on schedule check
[2024-06-08T18:26:28.039+0000] {local_task_job_runner.py:222} INFO - ::endgroup::
[2024-07-07T21:21:14.112+0000] {local_task_job_runner.py:120} INFO - ::group::Pre task execution logs
[2024-07-07T21:21:14.128+0000] {taskinstance.py:2076} INFO - Dependencies all met for dep_context=non-requeueable deps ti=<TaskInstance: chess_etl.blunders_etl scheduled__2020-05-01T00:00:00+00:00 [queued]>
[2024-07-07T21:21:14.134+0000] {taskinstance.py:2076} INFO - Dependencies all met for dep_context=requeueable deps ti=<TaskInstance: chess_etl.blunders_etl scheduled__2020-05-01T00:00:00+00:00 [queued]>
[2024-07-07T21:21:14.135+0000] {taskinstance.py:2306} INFO - Starting attempt 1 of 1
[2024-07-07T21:21:14.146+0000] {taskinstance.py:2330} INFO - Executing <Task(PythonOperator): blunders_etl> on 2020-05-01 00:00:00+00:00
[2024-07-07T21:21:14.154+0000] {warnings.py:110} WARNING - /home/***/.local/lib/python3.12/site-packages/***/task/task_runner/standard_task_runner.py:61: DeprecationWarning: This process (pid=1492) is multi-threaded, use of fork() may lead to deadlocks in the child.
  pid = os.fork()

[2024-07-07T21:21:14.155+0000] {standard_task_runner.py:63} INFO - Started process 1494 to run task
[2024-07-07T21:21:14.155+0000] {standard_task_runner.py:90} INFO - Running: ['***', 'tasks', 'run', 'chess_etl', 'blunders_etl', 'scheduled__2020-05-01T00:00:00+00:00', '--job-id', '621', '--raw', '--subdir', 'DAGS_FOLDER/chess_dag.py', '--cfg-path', '/tmp/tmpk57xpmaf']
[2024-07-07T21:21:14.156+0000] {standard_task_runner.py:91} INFO - Job 621: Subtask blunders_etl
[2024-07-07T21:21:14.193+0000] {task_command.py:426} INFO - Running <TaskInstance: chess_etl.blunders_etl scheduled__2020-05-01T00:00:00+00:00 [running]> on host 6569f5155f0c
[2024-07-07T21:21:14.259+0000] {taskinstance.py:2648} INFO - Exporting env vars: AIRFLOW_CTX_DAG_OWNER='***' AIRFLOW_CTX_DAG_ID='chess_etl' AIRFLOW_CTX_TASK_ID='blunders_etl' AIRFLOW_CTX_EXECUTION_DATE='2020-05-01T00:00:00+00:00' AIRFLOW_CTX_TRY_NUMBER='1' AIRFLOW_CTX_DAG_RUN_ID='scheduled__2020-05-01T00:00:00+00:00'
[2024-07-07T21:21:14.260+0000] {taskinstance.py:430} INFO - ::endgroup::
[2024-07-07T21:21:14.260+0000] {warnings.py:110} WARNING - /home/***/.local/lib/python3.12/site-packages/***/utils/context.py:320: AirflowContextDeprecationWarning: Accessing 'execution_date' from the template is deprecated and will be removed in a future version. Please use 'data_interval_start' or 'logical_date' instead.
  warnings.warn(_create_deprecation_warning(k, replacements))

[2024-07-07T21:21:14.266+0000] {base.py:84} INFO - Using connection ID 'chess_project_s3' for task execution.
[2024-07-07T23:11:09.477+0000] {python.py:237} INFO - Done. Returned value was: None
[2024-07-07T23:11:09.478+0000] {taskinstance.py:441} INFO - ::group::Post task execution logs
[2024-07-07T23:11:09.485+0000] {taskinstance.py:1206} INFO - Marking task as SUCCESS. dag_id=chess_etl, task_id=blunders_etl, run_id=scheduled__2020-05-01T00:00:00+00:00, execution_date=20200501T000000, start_date=20240707T212114, end_date=20240707T231109
[2024-07-07T23:11:09.520+0000] {local_task_job_runner.py:240} INFO - Task exited with return code 0
[2024-07-07T23:11:09.537+0000] {taskinstance.py:3498} INFO - 1 downstream tasks scheduled from follow-on schedule check
[2024-07-07T23:11:09.539+0000] {local_task_job_runner.py:222} INFO - ::endgroup::
