[2024-06-04T02:09:12.638+0000] {local_task_job_runner.py:120} INFO - ::group::Pre task execution logs
[2024-06-04T02:09:12.654+0000] {taskinstance.py:2076} INFO - Dependencies all met for dep_context=non-requeueable deps ti=<TaskInstance: chess_etl.blunders_etl scheduled__2024-05-01T00:00:00+00:00 [queued]>
[2024-06-04T02:09:12.661+0000] {taskinstance.py:2076} INFO - Dependencies all met for dep_context=requeueable deps ti=<TaskInstance: chess_etl.blunders_etl scheduled__2024-05-01T00:00:00+00:00 [queued]>
[2024-06-04T02:09:12.662+0000] {taskinstance.py:2306} INFO - Starting attempt 1 of 1
[2024-06-04T02:09:12.672+0000] {taskinstance.py:2330} INFO - Executing <Task(PythonOperator): blunders_etl> on 2024-05-01 00:00:00+00:00
[2024-06-04T02:09:12.679+0000] {warnings.py:110} WARNING - /home/***/.local/lib/python3.12/site-packages/***/task/task_runner/standard_task_runner.py:61: DeprecationWarning: This process (pid=55723) is multi-threaded, use of fork() may lead to deadlocks in the child.
  pid = os.fork()

[2024-06-04T02:09:12.681+0000] {standard_task_runner.py:63} INFO - Started process 55725 to run task
[2024-06-04T02:09:12.681+0000] {standard_task_runner.py:90} INFO - Running: ['***', 'tasks', 'run', 'chess_etl', 'blunders_etl', 'scheduled__2024-05-01T00:00:00+00:00', '--job-id', '193', '--raw', '--subdir', 'DAGS_FOLDER/chess_dag.py', '--cfg-path', '/tmp/tmpxd9ljnrc']
[2024-06-04T02:09:12.682+0000] {standard_task_runner.py:91} INFO - Job 193: Subtask blunders_etl
[2024-06-04T02:09:12.716+0000] {task_command.py:426} INFO - Running <TaskInstance: chess_etl.blunders_etl scheduled__2024-05-01T00:00:00+00:00 [running]> on host f55fff24b127
[2024-06-04T02:09:12.787+0000] {taskinstance.py:2648} INFO - Exporting env vars: AIRFLOW_CTX_DAG_OWNER='***' AIRFLOW_CTX_DAG_ID='chess_etl' AIRFLOW_CTX_TASK_ID='blunders_etl' AIRFLOW_CTX_EXECUTION_DATE='2024-05-01T00:00:00+00:00' AIRFLOW_CTX_TRY_NUMBER='1' AIRFLOW_CTX_DAG_RUN_ID='scheduled__2024-05-01T00:00:00+00:00'
[2024-06-04T02:09:12.788+0000] {taskinstance.py:430} INFO - ::endgroup::
[2024-06-04T02:09:12.789+0000] {warnings.py:110} WARNING - /home/***/.local/lib/python3.12/site-packages/***/utils/context.py:320: AirflowContextDeprecationWarning: Accessing 'execution_date' from the template is deprecated and will be removed in a future version. Please use 'data_interval_start' or 'logical_date' instead.
  warnings.warn(_create_deprecation_warning(k, replacements))

[2024-06-04T02:09:12.796+0000] {base.py:84} INFO - Using connection ID 'chess_project_s3' for task execution.
[2024-06-04T02:44:08.638+0000] {python.py:237} INFO - Done. Returned value was: None
[2024-06-04T02:44:08.638+0000] {taskinstance.py:441} INFO - ::group::Post task execution logs
[2024-06-04T02:44:08.644+0000] {taskinstance.py:1206} INFO - Marking task as SUCCESS. dag_id=chess_etl, task_id=blunders_etl, run_id=scheduled__2024-05-01T00:00:00+00:00, execution_date=20240501T000000, start_date=20240604T020912, end_date=20240604T024408
[2024-06-04T02:44:08.693+0000] {local_task_job_runner.py:240} INFO - Task exited with return code 0
[2024-06-04T02:44:08.701+0000] {local_task_job_runner.py:222} INFO - ::endgroup::
[2024-06-09T00:03:01.624+0000] {local_task_job_runner.py:120} INFO - ::group::Pre task execution logs
[2024-06-09T00:03:01.643+0000] {taskinstance.py:2076} INFO - Dependencies all met for dep_context=non-requeueable deps ti=<TaskInstance: chess_etl.blunders_etl scheduled__2024-05-01T00:00:00+00:00 [queued]>
[2024-06-09T00:03:01.650+0000] {taskinstance.py:2076} INFO - Dependencies all met for dep_context=requeueable deps ti=<TaskInstance: chess_etl.blunders_etl scheduled__2024-05-01T00:00:00+00:00 [queued]>
[2024-06-09T00:03:01.651+0000] {taskinstance.py:2306} INFO - Starting attempt 1 of 1
[2024-06-09T00:03:01.662+0000] {taskinstance.py:2330} INFO - Executing <Task(PythonOperator): blunders_etl> on 2024-05-01 00:00:00+00:00
[2024-06-09T00:03:01.670+0000] {warnings.py:110} WARNING - /home/***/.local/lib/python3.12/site-packages/***/task/task_runner/standard_task_runner.py:61: DeprecationWarning: This process (pid=56444) is multi-threaded, use of fork() may lead to deadlocks in the child.
  pid = os.fork()

[2024-06-09T00:03:01.672+0000] {standard_task_runner.py:63} INFO - Started process 56447 to run task
[2024-06-09T00:03:01.672+0000] {standard_task_runner.py:90} INFO - Running: ['***', 'tasks', 'run', 'chess_etl', 'blunders_etl', 'scheduled__2024-05-01T00:00:00+00:00', '--job-id', '369', '--raw', '--subdir', 'DAGS_FOLDER/chess_dag.py', '--cfg-path', '/tmp/tmppegmtzm3']
[2024-06-09T00:03:01.673+0000] {standard_task_runner.py:91} INFO - Job 369: Subtask blunders_etl
[2024-06-09T00:03:01.717+0000] {task_command.py:426} INFO - Running <TaskInstance: chess_etl.blunders_etl scheduled__2024-05-01T00:00:00+00:00 [running]> on host bf0ade909435
[2024-06-09T00:03:01.797+0000] {taskinstance.py:2648} INFO - Exporting env vars: AIRFLOW_CTX_DAG_OWNER='***' AIRFLOW_CTX_DAG_ID='chess_etl' AIRFLOW_CTX_TASK_ID='blunders_etl' AIRFLOW_CTX_EXECUTION_DATE='2024-05-01T00:00:00+00:00' AIRFLOW_CTX_TRY_NUMBER='1' AIRFLOW_CTX_DAG_RUN_ID='scheduled__2024-05-01T00:00:00+00:00'
[2024-06-09T00:03:01.798+0000] {taskinstance.py:430} INFO - ::endgroup::
[2024-06-09T00:03:01.799+0000] {warnings.py:110} WARNING - /home/***/.local/lib/python3.12/site-packages/***/utils/context.py:320: AirflowContextDeprecationWarning: Accessing 'execution_date' from the template is deprecated and will be removed in a future version. Please use 'data_interval_start' or 'logical_date' instead.
  warnings.warn(_create_deprecation_warning(k, replacements))

[2024-06-09T00:03:01.807+0000] {base.py:84} INFO - Using connection ID 'chess_project_s3' for task execution.
[2024-06-09T00:38:07.132+0000] {python.py:237} INFO - Done. Returned value was: None
[2024-06-09T00:38:07.133+0000] {taskinstance.py:441} INFO - ::group::Post task execution logs
[2024-06-09T00:38:07.140+0000] {taskinstance.py:1206} INFO - Marking task as SUCCESS. dag_id=chess_etl, task_id=blunders_etl, run_id=scheduled__2024-05-01T00:00:00+00:00, execution_date=20240501T000000, start_date=20240609T000301, end_date=20240609T003807
[2024-06-09T00:38:07.159+0000] {local_task_job_runner.py:240} INFO - Task exited with return code 0
[2024-06-09T00:38:07.169+0000] {taskinstance.py:3498} INFO - 0 downstream tasks scheduled from follow-on schedule check
[2024-06-09T00:38:07.170+0000] {local_task_job_runner.py:222} INFO - ::endgroup::
[2024-07-08T05:30:07.171+0000] {local_task_job_runner.py:120} INFO - ::group::Pre task execution logs
[2024-07-08T05:30:07.184+0000] {taskinstance.py:2076} INFO - Dependencies all met for dep_context=non-requeueable deps ti=<TaskInstance: chess_etl.blunders_etl scheduled__2024-05-01T00:00:00+00:00 [queued]>
[2024-07-08T05:30:07.189+0000] {taskinstance.py:2076} INFO - Dependencies all met for dep_context=requeueable deps ti=<TaskInstance: chess_etl.blunders_etl scheduled__2024-05-01T00:00:00+00:00 [queued]>
[2024-07-08T05:30:07.189+0000] {taskinstance.py:2306} INFO - Starting attempt 1 of 1
[2024-07-08T05:30:07.199+0000] {taskinstance.py:2330} INFO - Executing <Task(PythonOperator): blunders_etl> on 2024-05-01 00:00:00+00:00
[2024-07-08T05:30:07.206+0000] {warnings.py:110} WARNING - /home/***/.local/lib/python3.12/site-packages/***/task/task_runner/standard_task_runner.py:61: DeprecationWarning: This process (pid=57276) is multi-threaded, use of fork() may lead to deadlocks in the child.
  pid = os.fork()

[2024-07-08T05:30:07.208+0000] {standard_task_runner.py:63} INFO - Started process 57278 to run task
[2024-07-08T05:30:07.207+0000] {standard_task_runner.py:90} INFO - Running: ['***', 'tasks', 'run', 'chess_etl', 'blunders_etl', 'scheduled__2024-05-01T00:00:00+00:00', '--job-id', '813', '--raw', '--subdir', 'DAGS_FOLDER/chess_dag.py', '--cfg-path', '/tmp/tmp1lvz8qle']
[2024-07-08T05:30:07.208+0000] {standard_task_runner.py:91} INFO - Job 813: Subtask blunders_etl
[2024-07-08T05:30:07.240+0000] {task_command.py:426} INFO - Running <TaskInstance: chess_etl.blunders_etl scheduled__2024-05-01T00:00:00+00:00 [running]> on host 6569f5155f0c
[2024-07-08T05:30:07.298+0000] {taskinstance.py:2648} INFO - Exporting env vars: AIRFLOW_CTX_DAG_OWNER='***' AIRFLOW_CTX_DAG_ID='chess_etl' AIRFLOW_CTX_TASK_ID='blunders_etl' AIRFLOW_CTX_EXECUTION_DATE='2024-05-01T00:00:00+00:00' AIRFLOW_CTX_TRY_NUMBER='1' AIRFLOW_CTX_DAG_RUN_ID='scheduled__2024-05-01T00:00:00+00:00'
[2024-07-08T05:30:07.300+0000] {taskinstance.py:430} INFO - ::endgroup::
[2024-07-08T05:30:07.301+0000] {warnings.py:110} WARNING - /home/***/.local/lib/python3.12/site-packages/***/utils/context.py:320: AirflowContextDeprecationWarning: Accessing 'execution_date' from the template is deprecated and will be removed in a future version. Please use 'data_interval_start' or 'logical_date' instead.
  warnings.warn(_create_deprecation_warning(k, replacements))

[2024-07-08T05:30:07.306+0000] {base.py:84} INFO - Using connection ID 'chess_project_s3' for task execution.
[2024-07-08T06:05:10.958+0000] {python.py:237} INFO - Done. Returned value was: None
[2024-07-08T06:05:10.959+0000] {taskinstance.py:441} INFO - ::group::Post task execution logs
[2024-07-08T06:05:10.965+0000] {taskinstance.py:1206} INFO - Marking task as SUCCESS. dag_id=chess_etl, task_id=blunders_etl, run_id=scheduled__2024-05-01T00:00:00+00:00, execution_date=20240501T000000, start_date=20240708T053007, end_date=20240708T060510
[2024-07-08T06:05:10.995+0000] {local_task_job_runner.py:240} INFO - Task exited with return code 0
[2024-07-08T06:05:11.010+0000] {taskinstance.py:3498} INFO - 1 downstream tasks scheduled from follow-on schedule check
[2024-07-08T06:05:11.011+0000] {local_task_job_runner.py:222} INFO - ::endgroup::
