[2024-06-03T21:09:59.792+0000] {local_task_job_runner.py:120} INFO - ::group::Pre task execution logs
[2024-06-03T21:09:59.809+0000] {taskinstance.py:2076} INFO - Dependencies all met for dep_context=non-requeueable deps ti=<TaskInstance: chess_etl.blunders_etl scheduled__2021-01-01T00:00:00+00:00 [queued]>
[2024-06-03T21:09:59.815+0000] {taskinstance.py:2076} INFO - Dependencies all met for dep_context=requeueable deps ti=<TaskInstance: chess_etl.blunders_etl scheduled__2021-01-01T00:00:00+00:00 [queued]>
[2024-06-03T21:09:59.815+0000] {taskinstance.py:2306} INFO - Starting attempt 1 of 1
[2024-06-03T21:09:59.825+0000] {taskinstance.py:2330} INFO - Executing <Task(PythonOperator): blunders_etl> on 2021-01-01 00:00:00+00:00
[2024-06-03T21:09:59.833+0000] {warnings.py:110} WARNING - /home/***/.local/lib/python3.12/site-packages/***/task/task_runner/standard_task_runner.py:61: DeprecationWarning: This process (pid=21940) is multi-threaded, use of fork() may lead to deadlocks in the child.
  pid = os.fork()

[2024-06-03T21:09:59.834+0000] {standard_task_runner.py:63} INFO - Started process 21942 to run task
[2024-06-03T21:09:59.834+0000] {standard_task_runner.py:90} INFO - Running: ['***', 'tasks', 'run', 'chess_etl', 'blunders_etl', 'scheduled__2021-01-01T00:00:00+00:00', '--job-id', '113', '--raw', '--subdir', 'DAGS_FOLDER/chess_dag.py', '--cfg-path', '/tmp/tmpwbt21jhh']
[2024-06-03T21:09:59.835+0000] {standard_task_runner.py:91} INFO - Job 113: Subtask blunders_etl
[2024-06-03T21:09:59.868+0000] {task_command.py:426} INFO - Running <TaskInstance: chess_etl.blunders_etl scheduled__2021-01-01T00:00:00+00:00 [running]> on host f55fff24b127
[2024-06-03T21:09:59.933+0000] {taskinstance.py:2648} INFO - Exporting env vars: AIRFLOW_CTX_DAG_OWNER='***' AIRFLOW_CTX_DAG_ID='chess_etl' AIRFLOW_CTX_TASK_ID='blunders_etl' AIRFLOW_CTX_EXECUTION_DATE='2021-01-01T00:00:00+00:00' AIRFLOW_CTX_TRY_NUMBER='1' AIRFLOW_CTX_DAG_RUN_ID='scheduled__2021-01-01T00:00:00+00:00'
[2024-06-03T21:09:59.934+0000] {taskinstance.py:430} INFO - ::endgroup::
[2024-06-03T21:09:59.935+0000] {warnings.py:110} WARNING - /home/***/.local/lib/python3.12/site-packages/***/utils/context.py:320: AirflowContextDeprecationWarning: Accessing 'execution_date' from the template is deprecated and will be removed in a future version. Please use 'data_interval_start' or 'logical_date' instead.
  warnings.warn(_create_deprecation_warning(k, replacements))

[2024-06-03T21:09:59.942+0000] {base.py:84} INFO - Using connection ID 'chess_project_s3' for task execution.
[2024-06-03T21:53:03.749+0000] {python.py:237} INFO - Done. Returned value was: None
[2024-06-03T21:53:03.750+0000] {taskinstance.py:441} INFO - ::group::Post task execution logs
[2024-06-03T21:53:03.760+0000] {taskinstance.py:1206} INFO - Marking task as SUCCESS. dag_id=chess_etl, task_id=blunders_etl, run_id=scheduled__2021-01-01T00:00:00+00:00, execution_date=20210101T000000, start_date=20240603T210959, end_date=20240603T215303
[2024-06-03T21:53:03.790+0000] {local_task_job_runner.py:240} INFO - Task exited with return code 0
[2024-06-03T21:53:03.803+0000] {taskinstance.py:3498} INFO - 0 downstream tasks scheduled from follow-on schedule check
[2024-06-03T21:53:03.805+0000] {local_task_job_runner.py:222} INFO - ::endgroup::
[2024-06-08T18:26:42.270+0000] {local_task_job_runner.py:120} INFO - ::group::Pre task execution logs
[2024-06-08T18:26:42.290+0000] {taskinstance.py:2076} INFO - Dependencies all met for dep_context=non-requeueable deps ti=<TaskInstance: chess_etl.blunders_etl scheduled__2021-01-01T00:00:00+00:00 [queued]>
[2024-06-08T18:26:42.300+0000] {taskinstance.py:2076} INFO - Dependencies all met for dep_context=requeueable deps ti=<TaskInstance: chess_etl.blunders_etl scheduled__2021-01-01T00:00:00+00:00 [queued]>
[2024-06-08T18:26:42.300+0000] {taskinstance.py:2306} INFO - Starting attempt 1 of 1
[2024-06-08T18:26:42.314+0000] {taskinstance.py:2330} INFO - Executing <Task(PythonOperator): blunders_etl> on 2021-01-01 00:00:00+00:00
[2024-06-08T18:26:42.322+0000] {warnings.py:110} WARNING - /home/***/.local/lib/python3.12/site-packages/***/task/task_runner/standard_task_runner.py:61: DeprecationWarning: This process (pid=21423) is multi-threaded, use of fork() may lead to deadlocks in the child.
  pid = os.fork()

[2024-06-08T18:26:42.324+0000] {standard_task_runner.py:63} INFO - Started process 21425 to run task
[2024-06-08T18:26:42.324+0000] {standard_task_runner.py:90} INFO - Running: ['***', 'tasks', 'run', 'chess_etl', 'blunders_etl', 'scheduled__2021-01-01T00:00:00+00:00', '--job-id', '289', '--raw', '--subdir', 'DAGS_FOLDER/chess_dag.py', '--cfg-path', '/tmp/tmp_u34_ei4']
[2024-06-08T18:26:42.325+0000] {standard_task_runner.py:91} INFO - Job 289: Subtask blunders_etl
[2024-06-08T18:26:42.387+0000] {task_command.py:426} INFO - Running <TaskInstance: chess_etl.blunders_etl scheduled__2021-01-01T00:00:00+00:00 [running]> on host bf0ade909435
[2024-06-08T18:26:42.477+0000] {taskinstance.py:2648} INFO - Exporting env vars: AIRFLOW_CTX_DAG_OWNER='***' AIRFLOW_CTX_DAG_ID='chess_etl' AIRFLOW_CTX_TASK_ID='blunders_etl' AIRFLOW_CTX_EXECUTION_DATE='2021-01-01T00:00:00+00:00' AIRFLOW_CTX_TRY_NUMBER='1' AIRFLOW_CTX_DAG_RUN_ID='scheduled__2021-01-01T00:00:00+00:00'
[2024-06-08T18:26:42.478+0000] {taskinstance.py:430} INFO - ::endgroup::
[2024-06-08T18:26:42.479+0000] {warnings.py:110} WARNING - /home/***/.local/lib/python3.12/site-packages/***/utils/context.py:320: AirflowContextDeprecationWarning: Accessing 'execution_date' from the template is deprecated and will be removed in a future version. Please use 'data_interval_start' or 'logical_date' instead.
  warnings.warn(_create_deprecation_warning(k, replacements))

[2024-06-08T18:26:42.489+0000] {base.py:84} INFO - Using connection ID 'chess_project_s3' for task execution.
[2024-06-08T19:12:35.324+0000] {python.py:237} INFO - Done. Returned value was: None
[2024-06-08T19:12:35.325+0000] {taskinstance.py:441} INFO - ::group::Post task execution logs
[2024-06-08T19:12:35.338+0000] {taskinstance.py:1206} INFO - Marking task as SUCCESS. dag_id=chess_etl, task_id=blunders_etl, run_id=scheduled__2021-01-01T00:00:00+00:00, execution_date=20210101T000000, start_date=20240608T182642, end_date=20240608T191235
[2024-06-08T19:12:35.379+0000] {local_task_job_runner.py:240} INFO - Task exited with return code 0
[2024-06-08T19:12:35.397+0000] {taskinstance.py:3498} INFO - 0 downstream tasks scheduled from follow-on schedule check
[2024-06-08T19:12:35.399+0000] {local_task_job_runner.py:222} INFO - ::endgroup::
[2024-07-08T00:37:13.740+0000] {local_task_job_runner.py:120} INFO - ::group::Pre task execution logs
[2024-07-08T00:37:13.755+0000] {taskinstance.py:2076} INFO - Dependencies all met for dep_context=non-requeueable deps ti=<TaskInstance: chess_etl.blunders_etl scheduled__2021-01-01T00:00:00+00:00 [queued]>
[2024-07-08T00:37:13.761+0000] {taskinstance.py:2076} INFO - Dependencies all met for dep_context=requeueable deps ti=<TaskInstance: chess_etl.blunders_etl scheduled__2021-01-01T00:00:00+00:00 [queued]>
[2024-07-08T00:37:13.762+0000] {taskinstance.py:2306} INFO - Starting attempt 1 of 1
[2024-07-08T00:37:13.771+0000] {taskinstance.py:2330} INFO - Executing <Task(PythonOperator): blunders_etl> on 2021-01-01 00:00:00+00:00
[2024-07-08T00:37:13.780+0000] {standard_task_runner.py:90} INFO - Running: ['***', 'tasks', 'run', 'chess_etl', 'blunders_etl', 'scheduled__2021-01-01T00:00:00+00:00', '--job-id', '653', '--raw', '--subdir', 'DAGS_FOLDER/chess_dag.py', '--cfg-path', '/tmp/tmpvwaxnsf7']
[2024-07-08T00:37:13.779+0000] {warnings.py:110} WARNING - /home/***/.local/lib/python3.12/site-packages/***/task/task_runner/standard_task_runner.py:61: DeprecationWarning: This process (pid=23153) is multi-threaded, use of fork() may lead to deadlocks in the child.
  pid = os.fork()

[2024-07-08T00:37:13.781+0000] {standard_task_runner.py:91} INFO - Job 653: Subtask blunders_etl
[2024-07-08T00:37:13.781+0000] {standard_task_runner.py:63} INFO - Started process 23155 to run task
[2024-07-08T00:37:13.816+0000] {task_command.py:426} INFO - Running <TaskInstance: chess_etl.blunders_etl scheduled__2021-01-01T00:00:00+00:00 [running]> on host 6569f5155f0c
[2024-07-08T00:37:13.875+0000] {taskinstance.py:2648} INFO - Exporting env vars: AIRFLOW_CTX_DAG_OWNER='***' AIRFLOW_CTX_DAG_ID='chess_etl' AIRFLOW_CTX_TASK_ID='blunders_etl' AIRFLOW_CTX_EXECUTION_DATE='2021-01-01T00:00:00+00:00' AIRFLOW_CTX_TRY_NUMBER='1' AIRFLOW_CTX_DAG_RUN_ID='scheduled__2021-01-01T00:00:00+00:00'
[2024-07-08T00:37:13.876+0000] {taskinstance.py:430} INFO - ::endgroup::
[2024-07-08T00:37:13.877+0000] {warnings.py:110} WARNING - /home/***/.local/lib/python3.12/site-packages/***/utils/context.py:320: AirflowContextDeprecationWarning: Accessing 'execution_date' from the template is deprecated and will be removed in a future version. Please use 'data_interval_start' or 'logical_date' instead.
  warnings.warn(_create_deprecation_warning(k, replacements))

[2024-07-08T00:37:13.884+0000] {base.py:84} INFO - Using connection ID 'chess_project_s3' for task execution.
[2024-07-08T01:18:01.252+0000] {python.py:237} INFO - Done. Returned value was: None
[2024-07-08T01:18:01.253+0000] {taskinstance.py:441} INFO - ::group::Post task execution logs
[2024-07-08T01:18:01.260+0000] {taskinstance.py:1206} INFO - Marking task as SUCCESS. dag_id=chess_etl, task_id=blunders_etl, run_id=scheduled__2021-01-01T00:00:00+00:00, execution_date=20210101T000000, start_date=20240708T003713, end_date=20240708T011801
[2024-07-08T01:18:01.300+0000] {local_task_job_runner.py:240} INFO - Task exited with return code 0
[2024-07-08T01:18:01.316+0000] {taskinstance.py:3498} INFO - 0 downstream tasks scheduled from follow-on schedule check
[2024-07-08T01:18:01.318+0000] {local_task_job_runner.py:222} INFO - ::endgroup::
