[2024-06-03T17:38:53.616+0000] {local_task_job_runner.py:120} INFO - ::group::Pre task execution logs
[2024-06-03T17:38:53.633+0000] {taskinstance.py:2076} INFO - Dependencies all met for dep_context=non-requeueable deps ti=<TaskInstance: chess_etl.games_etl scheduled__2020-09-01T00:00:00+00:00 [queued]>
[2024-06-03T17:38:53.639+0000] {taskinstance.py:2076} INFO - Dependencies all met for dep_context=requeueable deps ti=<TaskInstance: chess_etl.games_etl scheduled__2020-09-01T00:00:00+00:00 [queued]>
[2024-06-03T17:38:53.639+0000] {taskinstance.py:2306} INFO - Starting attempt 1 of 1
[2024-06-03T17:38:53.649+0000] {taskinstance.py:2330} INFO - Executing <Task(PythonOperator): games_etl> on 2020-09-01 00:00:00+00:00
[2024-06-03T17:38:53.654+0000] {warnings.py:110} WARNING - /home/***/.local/lib/python3.12/site-packages/***/task/task_runner/standard_task_runner.py:61: DeprecationWarning: This process (pid=174) is multi-threaded, use of fork() may lead to deadlocks in the child.
  pid = os.fork()

[2024-06-03T17:38:53.655+0000] {standard_task_runner.py:63} INFO - Started process 178 to run task
[2024-06-03T17:38:53.655+0000] {standard_task_runner.py:90} INFO - Running: ['***', 'tasks', 'run', 'chess_etl', 'games_etl', 'scheduled__2020-09-01T00:00:00+00:00', '--job-id', '41', '--raw', '--subdir', 'DAGS_FOLDER/chess_dag.py', '--cfg-path', '/tmp/tmp5hc3ho2_']
[2024-06-03T17:38:53.656+0000] {standard_task_runner.py:91} INFO - Job 41: Subtask games_etl
[2024-06-03T17:38:53.687+0000] {task_command.py:426} INFO - Running <TaskInstance: chess_etl.games_etl scheduled__2020-09-01T00:00:00+00:00 [running]> on host a5a4421409ea
[2024-06-03T17:38:53.747+0000] {taskinstance.py:2648} INFO - Exporting env vars: AIRFLOW_CTX_DAG_OWNER='***' AIRFLOW_CTX_DAG_ID='chess_etl' AIRFLOW_CTX_TASK_ID='games_etl' AIRFLOW_CTX_EXECUTION_DATE='2020-09-01T00:00:00+00:00' AIRFLOW_CTX_TRY_NUMBER='1' AIRFLOW_CTX_DAG_RUN_ID='scheduled__2020-09-01T00:00:00+00:00'
[2024-06-03T17:38:53.748+0000] {taskinstance.py:430} INFO - ::endgroup::
[2024-06-03T17:38:53.748+0000] {warnings.py:110} WARNING - /home/***/.local/lib/python3.12/site-packages/***/utils/context.py:320: AirflowContextDeprecationWarning: Accessing 'execution_date' from the template is deprecated and will be removed in a future version. Please use 'data_interval_start' or 'logical_date' instead.
  warnings.warn(_create_deprecation_warning(k, replacements))

[2024-06-03T17:38:55.147+0000] {taskinstance.py:441} INFO - ::group::Post task execution logs
[2024-06-03T17:38:55.152+0000] {taskinstance.py:2905} ERROR - Task failed with exception
Traceback (most recent call last):
  File "/home/airflow/.local/lib/python3.12/site-packages/airflow/models/taskinstance.py", line 465, in _execute_task
    result = _execute_callable(context=context, **execute_callable_kwargs)
             ^^^^^^^^^^^^^^^^^^^^^^^^^^^^^^^^^^^^^^^^^^^^^^^^^^^^^^^^^^^^^
  File "/home/airflow/.local/lib/python3.12/site-packages/airflow/models/taskinstance.py", line 432, in _execute_callable
    return execute_callable(context=context, **execute_callable_kwargs)
           ^^^^^^^^^^^^^^^^^^^^^^^^^^^^^^^^^^^^^^^^^^^^^^^^^^^^^^^^^^^^
  File "/home/airflow/.local/lib/python3.12/site-packages/airflow/models/baseoperator.py", line 400, in wrapper
    return func(self, *args, **kwargs)
           ^^^^^^^^^^^^^^^^^^^^^^^^^^^
  File "/home/airflow/.local/lib/python3.12/site-packages/airflow/operators/python.py", line 235, in execute
    return_value = self.execute_callable()
                   ^^^^^^^^^^^^^^^^^^^^^^^
  File "/home/airflow/.local/lib/python3.12/site-packages/airflow/operators/python.py", line 252, in execute_callable
    return self.python_callable(*self.op_args, **self.op_kwargs)
           ^^^^^^^^^^^^^^^^^^^^^^^^^^^^^^^^^^^^^^^^^^^^^^^^^^^^^
  File "/opt/airflow/dags/chess_dag.py", line 19, in games_etl_task
    return get_monthly_games(execution_date)
           ^^^^^^^^^^^^^^^^^^^^^^^^^^^^^^^^^
  File "/opt/airflow/dags/chess_etl_code.py", line 60, in get_monthly_games
    connection = BaseHook.get_connection('chess_project_s3')
                 ^^^^^^^^^^^^^^^^^^^^^^^^^^^^^^^^^^^^^^^^^^^
  File "/home/airflow/.local/lib/python3.12/site-packages/airflow/hooks/base.py", line 83, in get_connection
    conn = Connection.get_connection_from_secrets(conn_id)
           ^^^^^^^^^^^^^^^^^^^^^^^^^^^^^^^^^^^^^^^^^^^^^^^
  File "/home/airflow/.local/lib/python3.12/site-packages/airflow/models/connection.py", line 519, in get_connection_from_secrets
    raise AirflowNotFoundException(f"The conn_id `{conn_id}` isn't defined")
airflow.exceptions.AirflowNotFoundException: The conn_id `chess_project_s3` isn't defined
[2024-06-03T17:38:55.158+0000] {taskinstance.py:1206} INFO - Marking task as FAILED. dag_id=chess_etl, task_id=games_etl, run_id=scheduled__2020-09-01T00:00:00+00:00, execution_date=20200901T000000, start_date=20240603T173853, end_date=20240603T173855
[2024-06-03T17:38:55.165+0000] {standard_task_runner.py:110} ERROR - Failed to execute job 41 for task games_etl (The conn_id `chess_project_s3` isn't defined; 178)
[2024-06-03T17:38:55.192+0000] {local_task_job_runner.py:240} INFO - Task exited with return code 1
[2024-06-03T17:38:55.207+0000] {taskinstance.py:3498} INFO - 0 downstream tasks scheduled from follow-on schedule check
[2024-06-03T17:38:55.210+0000] {local_task_job_runner.py:222} INFO - ::endgroup::
[2024-06-03T20:23:21.536+0000] {local_task_job_runner.py:120} INFO - ::group::Pre task execution logs
[2024-06-03T20:23:21.556+0000] {taskinstance.py:2076} INFO - Dependencies all met for dep_context=non-requeueable deps ti=<TaskInstance: chess_etl.games_etl scheduled__2020-09-01T00:00:00+00:00 [queued]>
[2024-06-03T20:23:21.564+0000] {taskinstance.py:2076} INFO - Dependencies all met for dep_context=requeueable deps ti=<TaskInstance: chess_etl.games_etl scheduled__2020-09-01T00:00:00+00:00 [queued]>
[2024-06-03T20:23:21.565+0000] {taskinstance.py:2306} INFO - Starting attempt 1 of 1
[2024-06-03T20:23:21.577+0000] {taskinstance.py:2330} INFO - Executing <Task(PythonOperator): games_etl> on 2020-09-01 00:00:00+00:00
[2024-06-03T20:23:21.588+0000] {warnings.py:110} WARNING - /home/***/.local/lib/python3.12/site-packages/***/task/task_runner/standard_task_runner.py:61: DeprecationWarning: This process (pid=16610) is multi-threaded, use of fork() may lead to deadlocks in the child.
  pid = os.fork()

[2024-06-03T20:23:21.588+0000] {standard_task_runner.py:90} INFO - Running: ['***', 'tasks', 'run', 'chess_etl', 'games_etl', 'scheduled__2020-09-01T00:00:00+00:00', '--job-id', '104', '--raw', '--subdir', 'DAGS_FOLDER/chess_dag.py', '--cfg-path', '/tmp/tmpw1rmy6ku']
[2024-06-03T20:23:21.590+0000] {standard_task_runner.py:91} INFO - Job 104: Subtask games_etl
[2024-06-03T20:23:21.590+0000] {standard_task_runner.py:63} INFO - Started process 16612 to run task
[2024-06-03T20:23:21.665+0000] {task_command.py:426} INFO - Running <TaskInstance: chess_etl.games_etl scheduled__2020-09-01T00:00:00+00:00 [running]> on host f55fff24b127
[2024-06-03T20:23:21.773+0000] {taskinstance.py:2648} INFO - Exporting env vars: AIRFLOW_CTX_DAG_OWNER='***' AIRFLOW_CTX_DAG_ID='chess_etl' AIRFLOW_CTX_TASK_ID='games_etl' AIRFLOW_CTX_EXECUTION_DATE='2020-09-01T00:00:00+00:00' AIRFLOW_CTX_TRY_NUMBER='1' AIRFLOW_CTX_DAG_RUN_ID='scheduled__2020-09-01T00:00:00+00:00'
[2024-06-03T20:23:21.777+0000] {taskinstance.py:430} INFO - ::endgroup::
[2024-06-03T20:23:21.779+0000] {warnings.py:110} WARNING - /home/***/.local/lib/python3.12/site-packages/***/utils/context.py:320: AirflowContextDeprecationWarning: Accessing 'execution_date' from the template is deprecated and will be removed in a future version. Please use 'data_interval_start' or 'logical_date' instead.
  warnings.warn(_create_deprecation_warning(k, replacements))

[2024-06-03T20:23:23.309+0000] {base.py:84} INFO - Using connection ID 'chess_project_s3' for task execution.
[2024-06-03T20:23:24.227+0000] {python.py:237} INFO - Done. Returned value was: None
[2024-06-03T20:23:24.228+0000] {taskinstance.py:441} INFO - ::group::Post task execution logs
[2024-06-03T20:23:24.237+0000] {taskinstance.py:1206} INFO - Marking task as SUCCESS. dag_id=chess_etl, task_id=games_etl, run_id=scheduled__2020-09-01T00:00:00+00:00, execution_date=20200901T000000, start_date=20240603T202321, end_date=20240603T202324
[2024-06-03T20:23:24.295+0000] {local_task_job_runner.py:240} INFO - Task exited with return code 0
[2024-06-03T20:23:24.314+0000] {taskinstance.py:3498} INFO - 1 downstream tasks scheduled from follow-on schedule check
[2024-06-03T20:23:24.316+0000] {local_task_job_runner.py:222} INFO - ::endgroup::
[2024-06-08T17:14:21.609+0000] {local_task_job_runner.py:120} INFO - ::group::Pre task execution logs
[2024-06-08T17:14:21.627+0000] {taskinstance.py:2076} INFO - Dependencies all met for dep_context=non-requeueable deps ti=<TaskInstance: chess_etl.games_etl scheduled__2020-09-01T00:00:00+00:00 [queued]>
[2024-06-08T17:14:21.633+0000] {taskinstance.py:2076} INFO - Dependencies all met for dep_context=requeueable deps ti=<TaskInstance: chess_etl.games_etl scheduled__2020-09-01T00:00:00+00:00 [queued]>
[2024-06-08T17:14:21.634+0000] {taskinstance.py:2306} INFO - Starting attempt 1 of 1
[2024-06-08T17:14:21.646+0000] {taskinstance.py:2330} INFO - Executing <Task(PythonOperator): games_etl> on 2020-09-01 00:00:00+00:00
[2024-06-08T17:14:21.654+0000] {warnings.py:110} WARNING - /home/***/.local/lib/python3.12/site-packages/***/task/task_runner/standard_task_runner.py:61: DeprecationWarning: This process (pid=14079) is multi-threaded, use of fork() may lead to deadlocks in the child.
  pid = os.fork()

[2024-06-08T17:14:21.656+0000] {standard_task_runner.py:63} INFO - Started process 14081 to run task
[2024-06-08T17:14:21.656+0000] {standard_task_runner.py:90} INFO - Running: ['***', 'tasks', 'run', 'chess_etl', 'games_etl', 'scheduled__2020-09-01T00:00:00+00:00', '--job-id', '280', '--raw', '--subdir', 'DAGS_FOLDER/chess_dag.py', '--cfg-path', '/tmp/tmpyb6fmfov']
[2024-06-08T17:14:21.657+0000] {standard_task_runner.py:91} INFO - Job 280: Subtask games_etl
[2024-06-08T17:14:21.692+0000] {task_command.py:426} INFO - Running <TaskInstance: chess_etl.games_etl scheduled__2020-09-01T00:00:00+00:00 [running]> on host bf0ade909435
[2024-06-08T17:14:21.755+0000] {taskinstance.py:2648} INFO - Exporting env vars: AIRFLOW_CTX_DAG_OWNER='***' AIRFLOW_CTX_DAG_ID='chess_etl' AIRFLOW_CTX_TASK_ID='games_etl' AIRFLOW_CTX_EXECUTION_DATE='2020-09-01T00:00:00+00:00' AIRFLOW_CTX_TRY_NUMBER='1' AIRFLOW_CTX_DAG_RUN_ID='scheduled__2020-09-01T00:00:00+00:00'
[2024-06-08T17:14:21.756+0000] {taskinstance.py:430} INFO - ::endgroup::
[2024-06-08T17:14:21.757+0000] {warnings.py:110} WARNING - /home/***/.local/lib/python3.12/site-packages/***/utils/context.py:320: AirflowContextDeprecationWarning: Accessing 'execution_date' from the template is deprecated and will be removed in a future version. Please use 'data_interval_start' or 'logical_date' instead.
  warnings.warn(_create_deprecation_warning(k, replacements))

[2024-06-08T17:14:23.267+0000] {base.py:84} INFO - Using connection ID 'chess_project_s3' for task execution.
[2024-06-08T17:14:24.190+0000] {python.py:237} INFO - Done. Returned value was: None
[2024-06-08T17:14:24.191+0000] {taskinstance.py:441} INFO - ::group::Post task execution logs
[2024-06-08T17:14:24.197+0000] {taskinstance.py:1206} INFO - Marking task as SUCCESS. dag_id=chess_etl, task_id=games_etl, run_id=scheduled__2020-09-01T00:00:00+00:00, execution_date=20200901T000000, start_date=20240608T171421, end_date=20240608T171424
[2024-06-08T17:14:24.237+0000] {local_task_job_runner.py:240} INFO - Task exited with return code 0
[2024-06-08T17:14:24.251+0000] {taskinstance.py:3498} INFO - 1 downstream tasks scheduled from follow-on schedule check
[2024-06-08T17:14:24.252+0000] {local_task_job_runner.py:222} INFO - ::endgroup::
[2024-07-07T23:54:04.954+0000] {local_task_job_runner.py:120} INFO - ::group::Pre task execution logs
[2024-07-07T23:54:04.969+0000] {taskinstance.py:2076} INFO - Dependencies all met for dep_context=non-requeueable deps ti=<TaskInstance: chess_etl.games_etl scheduled__2020-09-01T00:00:00+00:00 [queued]>
[2024-07-07T23:54:04.974+0000] {taskinstance.py:2076} INFO - Dependencies all met for dep_context=requeueable deps ti=<TaskInstance: chess_etl.games_etl scheduled__2020-09-01T00:00:00+00:00 [queued]>
[2024-07-07T23:54:04.974+0000] {taskinstance.py:2306} INFO - Starting attempt 1 of 1
[2024-07-07T23:54:04.982+0000] {taskinstance.py:2330} INFO - Executing <Task(PythonOperator): games_etl> on 2020-09-01 00:00:00+00:00
[2024-07-07T23:54:04.989+0000] {warnings.py:110} WARNING - /home/***/.local/lib/python3.12/site-packages/***/task/task_runner/standard_task_runner.py:61: DeprecationWarning: This process (pid=17841) is multi-threaded, use of fork() may lead to deadlocks in the child.
  pid = os.fork()

[2024-07-07T23:54:04.991+0000] {standard_task_runner.py:63} INFO - Started process 17851 to run task
[2024-07-07T23:54:04.991+0000] {standard_task_runner.py:90} INFO - Running: ['***', 'tasks', 'run', 'chess_etl', 'games_etl', 'scheduled__2020-09-01T00:00:00+00:00', '--job-id', '636', '--raw', '--subdir', 'DAGS_FOLDER/chess_dag.py', '--cfg-path', '/tmp/tmprne6evqj']
[2024-07-07T23:54:04.992+0000] {standard_task_runner.py:91} INFO - Job 636: Subtask games_etl
[2024-07-07T23:54:05.025+0000] {task_command.py:426} INFO - Running <TaskInstance: chess_etl.games_etl scheduled__2020-09-01T00:00:00+00:00 [running]> on host 6569f5155f0c
[2024-07-07T23:54:05.082+0000] {taskinstance.py:2648} INFO - Exporting env vars: AIRFLOW_CTX_DAG_OWNER='***' AIRFLOW_CTX_DAG_ID='chess_etl' AIRFLOW_CTX_TASK_ID='games_etl' AIRFLOW_CTX_EXECUTION_DATE='2020-09-01T00:00:00+00:00' AIRFLOW_CTX_TRY_NUMBER='1' AIRFLOW_CTX_DAG_RUN_ID='scheduled__2020-09-01T00:00:00+00:00'
[2024-07-07T23:54:05.083+0000] {taskinstance.py:430} INFO - ::endgroup::
[2024-07-07T23:54:05.084+0000] {warnings.py:110} WARNING - /home/***/.local/lib/python3.12/site-packages/***/utils/context.py:320: AirflowContextDeprecationWarning: Accessing 'execution_date' from the template is deprecated and will be removed in a future version. Please use 'data_interval_start' or 'logical_date' instead.
  warnings.warn(_create_deprecation_warning(k, replacements))

[2024-07-07T23:54:06.374+0000] {base.py:84} INFO - Using connection ID 'chess_project_s3' for task execution.
[2024-07-07T23:54:07.281+0000] {python.py:237} INFO - Done. Returned value was: None
[2024-07-07T23:54:07.281+0000] {taskinstance.py:441} INFO - ::group::Post task execution logs
[2024-07-07T23:54:07.288+0000] {taskinstance.py:1206} INFO - Marking task as SUCCESS. dag_id=chess_etl, task_id=games_etl, run_id=scheduled__2020-09-01T00:00:00+00:00, execution_date=20200901T000000, start_date=20240707T235404, end_date=20240707T235407
[2024-07-07T23:54:07.330+0000] {local_task_job_runner.py:240} INFO - Task exited with return code 0
[2024-07-07T23:54:07.349+0000] {taskinstance.py:3498} INFO - 1 downstream tasks scheduled from follow-on schedule check
[2024-07-07T23:54:07.350+0000] {local_task_job_runner.py:222} INFO - ::endgroup::
