[2024-06-03T17:39:29.727+0000] {local_task_job_runner.py:120} INFO - ::group::Pre task execution logs
[2024-06-03T17:39:29.743+0000] {taskinstance.py:2076} INFO - Dependencies all met for dep_context=non-requeueable deps ti=<TaskInstance: chess_etl.games_etl scheduled__2022-02-01T00:00:00+00:00 [queued]>
[2024-06-03T17:39:29.748+0000] {taskinstance.py:2076} INFO - Dependencies all met for dep_context=requeueable deps ti=<TaskInstance: chess_etl.games_etl scheduled__2022-02-01T00:00:00+00:00 [queued]>
[2024-06-03T17:39:29.749+0000] {taskinstance.py:2306} INFO - Starting attempt 1 of 1
[2024-06-03T17:39:29.758+0000] {taskinstance.py:2330} INFO - Executing <Task(PythonOperator): games_etl> on 2022-02-01 00:00:00+00:00
[2024-06-03T17:39:29.763+0000] {warnings.py:110} WARNING - /home/***/.local/lib/python3.12/site-packages/***/task/task_runner/standard_task_runner.py:61: DeprecationWarning: This process (pid=242) is multi-threaded, use of fork() may lead to deadlocks in the child.
  pid = os.fork()

[2024-06-03T17:39:29.764+0000] {standard_task_runner.py:63} INFO - Started process 244 to run task
[2024-06-03T17:39:29.765+0000] {standard_task_runner.py:90} INFO - Running: ['***', 'tasks', 'run', 'chess_etl', 'games_etl', 'scheduled__2022-02-01T00:00:00+00:00', '--job-id', '61', '--raw', '--subdir', 'DAGS_FOLDER/chess_dag.py', '--cfg-path', '/tmp/tmpj0ye3ix1']
[2024-06-03T17:39:29.765+0000] {standard_task_runner.py:91} INFO - Job 61: Subtask games_etl
[2024-06-03T17:39:29.797+0000] {task_command.py:426} INFO - Running <TaskInstance: chess_etl.games_etl scheduled__2022-02-01T00:00:00+00:00 [running]> on host a5a4421409ea
[2024-06-03T17:39:29.857+0000] {taskinstance.py:2648} INFO - Exporting env vars: AIRFLOW_CTX_DAG_OWNER='***' AIRFLOW_CTX_DAG_ID='chess_etl' AIRFLOW_CTX_TASK_ID='games_etl' AIRFLOW_CTX_EXECUTION_DATE='2022-02-01T00:00:00+00:00' AIRFLOW_CTX_TRY_NUMBER='1' AIRFLOW_CTX_DAG_RUN_ID='scheduled__2022-02-01T00:00:00+00:00'
[2024-06-03T17:39:29.858+0000] {taskinstance.py:430} INFO - ::endgroup::
[2024-06-03T17:39:29.859+0000] {warnings.py:110} WARNING - /home/***/.local/lib/python3.12/site-packages/***/utils/context.py:320: AirflowContextDeprecationWarning: Accessing 'execution_date' from the template is deprecated and will be removed in a future version. Please use 'data_interval_start' or 'logical_date' instead.
  warnings.warn(_create_deprecation_warning(k, replacements))

[2024-06-03T17:39:30.525+0000] {taskinstance.py:441} INFO - ::group::Post task execution logs
[2024-06-03T17:39:30.531+0000] {taskinstance.py:2905} ERROR - Task failed with exception
Traceback (most recent call last):
  File "/home/airflow/.local/lib/python3.12/site-packages/airflow/models/taskinstance.py", line 465, in _execute_task
    result = _execute_callable(context=context, **execute_callable_kwargs)
             ^^^^^^^^^^^^^^^^^^^^^^^^^^^^^^^^^^^^^^^^^^^^^^^^^^^^^^^^^^^^^
  File "/home/airflow/.local/lib/python3.12/site-packages/airflow/models/taskinstance.py", line 432, in _execute_callable
    return execute_callable(context=context, **execute_callable_kwargs)
           ^^^^^^^^^^^^^^^^^^^^^^^^^^^^^^^^^^^^^^^^^^^^^^^^^^^^^^^^^^^^
  File "/home/airflow/.local/lib/python3.12/site-packages/airflow/models/baseoperator.py", line 400, in wrapper
    return func(self, *args, **kwargs)
           ^^^^^^^^^^^^^^^^^^^^^^^^^^^
  File "/home/airflow/.local/lib/python3.12/site-packages/airflow/operators/python.py", line 235, in execute
    return_value = self.execute_callable()
                   ^^^^^^^^^^^^^^^^^^^^^^^
  File "/home/airflow/.local/lib/python3.12/site-packages/airflow/operators/python.py", line 252, in execute_callable
    return self.python_callable(*self.op_args, **self.op_kwargs)
           ^^^^^^^^^^^^^^^^^^^^^^^^^^^^^^^^^^^^^^^^^^^^^^^^^^^^^
  File "/opt/airflow/dags/chess_dag.py", line 19, in games_etl_task
    return get_monthly_games(execution_date)
           ^^^^^^^^^^^^^^^^^^^^^^^^^^^^^^^^^
  File "/opt/airflow/dags/chess_etl_code.py", line 60, in get_monthly_games
    connection = BaseHook.get_connection('chess_project_s3')
                 ^^^^^^^^^^^^^^^^^^^^^^^^^^^^^^^^^^^^^^^^^^^
  File "/home/airflow/.local/lib/python3.12/site-packages/airflow/hooks/base.py", line 83, in get_connection
    conn = Connection.get_connection_from_secrets(conn_id)
           ^^^^^^^^^^^^^^^^^^^^^^^^^^^^^^^^^^^^^^^^^^^^^^^
  File "/home/airflow/.local/lib/python3.12/site-packages/airflow/models/connection.py", line 519, in get_connection_from_secrets
    raise AirflowNotFoundException(f"The conn_id `{conn_id}` isn't defined")
airflow.exceptions.AirflowNotFoundException: The conn_id `chess_project_s3` isn't defined
[2024-06-03T17:39:30.537+0000] {taskinstance.py:1206} INFO - Marking task as FAILED. dag_id=chess_etl, task_id=games_etl, run_id=scheduled__2022-02-01T00:00:00+00:00, execution_date=20220201T000000, start_date=20240603T173929, end_date=20240603T173930
[2024-06-03T17:39:30.546+0000] {standard_task_runner.py:110} ERROR - Failed to execute job 61 for task games_etl (The conn_id `chess_project_s3` isn't defined; 244)
[2024-06-03T17:39:30.579+0000] {local_task_job_runner.py:240} INFO - Task exited with return code 1
[2024-06-03T17:39:30.595+0000] {taskinstance.py:3498} INFO - 0 downstream tasks scheduled from follow-on schedule check
[2024-06-03T17:39:30.598+0000] {local_task_job_runner.py:222} INFO - ::endgroup::
[2024-06-03T22:32:04.657+0000] {local_task_job_runner.py:120} INFO - ::group::Pre task execution logs
[2024-06-03T22:32:04.671+0000] {taskinstance.py:2076} INFO - Dependencies all met for dep_context=non-requeueable deps ti=<TaskInstance: chess_etl.games_etl scheduled__2022-02-01T00:00:00+00:00 [queued]>
[2024-06-03T22:32:04.677+0000] {taskinstance.py:2076} INFO - Dependencies all met for dep_context=requeueable deps ti=<TaskInstance: chess_etl.games_etl scheduled__2022-02-01T00:00:00+00:00 [queued]>
[2024-06-03T22:32:04.677+0000] {taskinstance.py:2306} INFO - Starting attempt 1 of 1
[2024-06-03T22:32:04.686+0000] {taskinstance.py:2330} INFO - Executing <Task(PythonOperator): games_etl> on 2022-02-01 00:00:00+00:00
[2024-06-03T22:32:04.694+0000] {warnings.py:110} WARNING - /home/***/.local/lib/python3.12/site-packages/***/task/task_runner/standard_task_runner.py:61: DeprecationWarning: This process (pid=31144) is multi-threaded, use of fork() may lead to deadlocks in the child.
  pid = os.fork()

[2024-06-03T22:32:04.695+0000] {standard_task_runner.py:90} INFO - Running: ['***', 'tasks', 'run', 'chess_etl', 'games_etl', 'scheduled__2022-02-01T00:00:00+00:00', '--job-id', '138', '--raw', '--subdir', 'DAGS_FOLDER/chess_dag.py', '--cfg-path', '/tmp/tmp2oce22p2']
[2024-06-03T22:32:04.696+0000] {standard_task_runner.py:63} INFO - Started process 31154 to run task
[2024-06-03T22:32:04.696+0000] {standard_task_runner.py:91} INFO - Job 138: Subtask games_etl
[2024-06-03T22:32:04.732+0000] {task_command.py:426} INFO - Running <TaskInstance: chess_etl.games_etl scheduled__2022-02-01T00:00:00+00:00 [running]> on host f55fff24b127
[2024-06-03T22:32:04.798+0000] {taskinstance.py:2648} INFO - Exporting env vars: AIRFLOW_CTX_DAG_OWNER='***' AIRFLOW_CTX_DAG_ID='chess_etl' AIRFLOW_CTX_TASK_ID='games_etl' AIRFLOW_CTX_EXECUTION_DATE='2022-02-01T00:00:00+00:00' AIRFLOW_CTX_TRY_NUMBER='1' AIRFLOW_CTX_DAG_RUN_ID='scheduled__2022-02-01T00:00:00+00:00'
[2024-06-03T22:32:04.799+0000] {taskinstance.py:430} INFO - ::endgroup::
[2024-06-03T22:32:04.800+0000] {warnings.py:110} WARNING - /home/***/.local/lib/python3.12/site-packages/***/utils/context.py:320: AirflowContextDeprecationWarning: Accessing 'execution_date' from the template is deprecated and will be removed in a future version. Please use 'data_interval_start' or 'logical_date' instead.
  warnings.warn(_create_deprecation_warning(k, replacements))

[2024-06-03T22:32:05.476+0000] {base.py:84} INFO - Using connection ID 'chess_project_s3' for task execution.
[2024-06-03T22:32:06.179+0000] {python.py:237} INFO - Done. Returned value was: None
[2024-06-03T22:32:06.180+0000] {taskinstance.py:441} INFO - ::group::Post task execution logs
[2024-06-03T22:32:06.188+0000] {taskinstance.py:1206} INFO - Marking task as SUCCESS. dag_id=chess_etl, task_id=games_etl, run_id=scheduled__2022-02-01T00:00:00+00:00, execution_date=20220201T000000, start_date=20240603T223204, end_date=20240603T223206
[2024-06-03T22:32:06.234+0000] {local_task_job_runner.py:240} INFO - Task exited with return code 0
[2024-06-03T22:32:06.251+0000] {taskinstance.py:3498} INFO - 1 downstream tasks scheduled from follow-on schedule check
[2024-06-03T22:32:06.252+0000] {local_task_job_runner.py:222} INFO - ::endgroup::
[2024-06-08T19:55:49.067+0000] {local_task_job_runner.py:120} INFO - ::group::Pre task execution logs
[2024-06-08T19:55:49.082+0000] {taskinstance.py:2076} INFO - Dependencies all met for dep_context=non-requeueable deps ti=<TaskInstance: chess_etl.games_etl scheduled__2022-02-01T00:00:00+00:00 [queued]>
[2024-06-08T19:55:49.088+0000] {taskinstance.py:2076} INFO - Dependencies all met for dep_context=requeueable deps ti=<TaskInstance: chess_etl.games_etl scheduled__2022-02-01T00:00:00+00:00 [queued]>
[2024-06-08T19:55:49.088+0000] {taskinstance.py:2306} INFO - Starting attempt 1 of 1
[2024-06-08T19:55:49.098+0000] {taskinstance.py:2330} INFO - Executing <Task(PythonOperator): games_etl> on 2022-02-01 00:00:00+00:00
[2024-06-08T19:55:49.105+0000] {warnings.py:110} WARNING - /home/***/.local/lib/python3.12/site-packages/***/task/task_runner/standard_task_runner.py:61: DeprecationWarning: This process (pid=31409) is multi-threaded, use of fork() may lead to deadlocks in the child.
  pid = os.fork()

[2024-06-08T19:55:49.107+0000] {standard_task_runner.py:63} INFO - Started process 31419 to run task
[2024-06-08T19:55:49.107+0000] {standard_task_runner.py:90} INFO - Running: ['***', 'tasks', 'run', 'chess_etl', 'games_etl', 'scheduled__2022-02-01T00:00:00+00:00', '--job-id', '314', '--raw', '--subdir', 'DAGS_FOLDER/chess_dag.py', '--cfg-path', '/tmp/tmpd7one1m2']
[2024-06-08T19:55:49.108+0000] {standard_task_runner.py:91} INFO - Job 314: Subtask games_etl
[2024-06-08T19:55:49.142+0000] {task_command.py:426} INFO - Running <TaskInstance: chess_etl.games_etl scheduled__2022-02-01T00:00:00+00:00 [running]> on host bf0ade909435
[2024-06-08T19:55:49.208+0000] {taskinstance.py:2648} INFO - Exporting env vars: AIRFLOW_CTX_DAG_OWNER='***' AIRFLOW_CTX_DAG_ID='chess_etl' AIRFLOW_CTX_TASK_ID='games_etl' AIRFLOW_CTX_EXECUTION_DATE='2022-02-01T00:00:00+00:00' AIRFLOW_CTX_TRY_NUMBER='1' AIRFLOW_CTX_DAG_RUN_ID='scheduled__2022-02-01T00:00:00+00:00'
[2024-06-08T19:55:49.209+0000] {taskinstance.py:430} INFO - ::endgroup::
[2024-06-08T19:55:49.210+0000] {warnings.py:110} WARNING - /home/***/.local/lib/python3.12/site-packages/***/utils/context.py:320: AirflowContextDeprecationWarning: Accessing 'execution_date' from the template is deprecated and will be removed in a future version. Please use 'data_interval_start' or 'logical_date' instead.
  warnings.warn(_create_deprecation_warning(k, replacements))

[2024-06-08T19:55:49.839+0000] {base.py:84} INFO - Using connection ID 'chess_project_s3' for task execution.
[2024-06-08T19:55:50.551+0000] {python.py:237} INFO - Done. Returned value was: None
[2024-06-08T19:55:50.551+0000] {taskinstance.py:441} INFO - ::group::Post task execution logs
[2024-06-08T19:55:50.558+0000] {taskinstance.py:1206} INFO - Marking task as SUCCESS. dag_id=chess_etl, task_id=games_etl, run_id=scheduled__2022-02-01T00:00:00+00:00, execution_date=20220201T000000, start_date=20240608T195549, end_date=20240608T195550
[2024-06-08T19:55:50.604+0000] {local_task_job_runner.py:240} INFO - Task exited with return code 0
[2024-06-08T19:55:50.619+0000] {taskinstance.py:3498} INFO - 1 downstream tasks scheduled from follow-on schedule check
[2024-06-08T19:55:50.620+0000] {local_task_job_runner.py:222} INFO - ::endgroup::
[2024-07-08T01:55:15.266+0000] {local_task_job_runner.py:120} INFO - ::group::Pre task execution logs
[2024-07-08T01:55:15.280+0000] {taskinstance.py:2076} INFO - Dependencies all met for dep_context=non-requeueable deps ti=<TaskInstance: chess_etl.games_etl scheduled__2022-02-01T00:00:00+00:00 [queued]>
[2024-07-08T01:55:15.285+0000] {taskinstance.py:2076} INFO - Dependencies all met for dep_context=requeueable deps ti=<TaskInstance: chess_etl.games_etl scheduled__2022-02-01T00:00:00+00:00 [queued]>
[2024-07-08T01:55:15.285+0000] {taskinstance.py:2306} INFO - Starting attempt 1 of 1
[2024-07-08T01:55:15.295+0000] {taskinstance.py:2330} INFO - Executing <Task(PythonOperator): games_etl> on 2022-02-01 00:00:00+00:00
[2024-07-08T01:55:15.302+0000] {warnings.py:110} WARNING - /home/***/.local/lib/python3.12/site-packages/***/task/task_runner/standard_task_runner.py:61: DeprecationWarning: This process (pid=32418) is multi-threaded, use of fork() may lead to deadlocks in the child.
  pid = os.fork()

[2024-07-08T01:55:15.304+0000] {standard_task_runner.py:63} INFO - Started process 32428 to run task
[2024-07-08T01:55:15.304+0000] {standard_task_runner.py:90} INFO - Running: ['***', 'tasks', 'run', 'chess_etl', 'games_etl', 'scheduled__2022-02-01T00:00:00+00:00', '--job-id', '704', '--raw', '--subdir', 'DAGS_FOLDER/chess_dag.py', '--cfg-path', '/tmp/tmph27wy83m']
[2024-07-08T01:55:15.305+0000] {standard_task_runner.py:91} INFO - Job 704: Subtask games_etl
[2024-07-08T01:55:15.339+0000] {task_command.py:426} INFO - Running <TaskInstance: chess_etl.games_etl scheduled__2022-02-01T00:00:00+00:00 [running]> on host 6569f5155f0c
[2024-07-08T01:55:15.397+0000] {taskinstance.py:2648} INFO - Exporting env vars: AIRFLOW_CTX_DAG_OWNER='***' AIRFLOW_CTX_DAG_ID='chess_etl' AIRFLOW_CTX_TASK_ID='games_etl' AIRFLOW_CTX_EXECUTION_DATE='2022-02-01T00:00:00+00:00' AIRFLOW_CTX_TRY_NUMBER='1' AIRFLOW_CTX_DAG_RUN_ID='scheduled__2022-02-01T00:00:00+00:00'
[2024-07-08T01:55:15.398+0000] {taskinstance.py:430} INFO - ::endgroup::
[2024-07-08T01:55:15.399+0000] {warnings.py:110} WARNING - /home/***/.local/lib/python3.12/site-packages/***/utils/context.py:320: AirflowContextDeprecationWarning: Accessing 'execution_date' from the template is deprecated and will be removed in a future version. Please use 'data_interval_start' or 'logical_date' instead.
  warnings.warn(_create_deprecation_warning(k, replacements))

[2024-07-08T01:55:16.122+0000] {base.py:84} INFO - Using connection ID 'chess_project_s3' for task execution.
[2024-07-08T01:55:16.809+0000] {python.py:237} INFO - Done. Returned value was: None
[2024-07-08T01:55:16.809+0000] {taskinstance.py:441} INFO - ::group::Post task execution logs
[2024-07-08T01:55:16.815+0000] {taskinstance.py:1206} INFO - Marking task as SUCCESS. dag_id=chess_etl, task_id=games_etl, run_id=scheduled__2022-02-01T00:00:00+00:00, execution_date=20220201T000000, start_date=20240708T015515, end_date=20240708T015516
[2024-07-08T01:55:16.840+0000] {local_task_job_runner.py:240} INFO - Task exited with return code 0
[2024-07-08T01:55:16.859+0000] {taskinstance.py:3498} INFO - 1 downstream tasks scheduled from follow-on schedule check
[2024-07-08T01:55:16.860+0000] {local_task_job_runner.py:222} INFO - ::endgroup::
