[2024-07-07T18:36:46.302+0000] {local_task_job_runner.py:120} INFO - ::group::Pre task execution logs
[2024-07-07T18:36:46.316+0000] {taskinstance.py:2076} INFO - Dependencies all met for dep_context=non-requeueable deps ti=<TaskInstance: chess_etl.redshift_game_load scheduled__2022-04-01T00:00:00+00:00 [queued]>
[2024-07-07T18:36:46.322+0000] {taskinstance.py:2076} INFO - Dependencies all met for dep_context=requeueable deps ti=<TaskInstance: chess_etl.redshift_game_load scheduled__2022-04-01T00:00:00+00:00 [queued]>
[2024-07-07T18:36:46.323+0000] {taskinstance.py:2306} INFO - Starting attempt 1 of 1
[2024-07-07T18:36:46.331+0000] {taskinstance.py:2330} INFO - Executing <Task(PythonOperator): redshift_game_load> on 2022-04-01 00:00:00+00:00
[2024-07-07T18:36:46.336+0000] {warnings.py:110} WARNING - /home/***/.local/lib/python3.12/site-packages/***/task/task_runner/standard_task_runner.py:61: DeprecationWarning: This process (pid=1475) is multi-threaded, use of fork() may lead to deadlocks in the child.
  pid = os.fork()

[2024-07-07T18:36:46.338+0000] {standard_task_runner.py:63} INFO - Started process 1480 to run task
[2024-07-07T18:36:46.338+0000] {standard_task_runner.py:90} INFO - Running: ['***', 'tasks', 'run', 'chess_etl', 'redshift_game_load', 'scheduled__2022-04-01T00:00:00+00:00', '--job-id', '451', '--pool', 'default_pool', '--raw', '--subdir', 'DAGS_FOLDER/chess_dag.py', '--cfg-path', '/tmp/tmp8r7_jfuz']
[2024-07-07T18:36:46.339+0000] {standard_task_runner.py:91} INFO - Job 451: Subtask redshift_game_load
[2024-07-07T18:36:46.370+0000] {task_command.py:426} INFO - Running <TaskInstance: chess_etl.redshift_game_load scheduled__2022-04-01T00:00:00+00:00 [running]> on host cb919e35e0e9
[2024-07-07T18:36:46.425+0000] {taskinstance.py:2648} INFO - Exporting env vars: AIRFLOW_CTX_DAG_OWNER='***' AIRFLOW_CTX_DAG_ID='chess_etl' AIRFLOW_CTX_TASK_ID='redshift_game_load' AIRFLOW_CTX_EXECUTION_DATE='2022-04-01T00:00:00+00:00' AIRFLOW_CTX_TRY_NUMBER='1' AIRFLOW_CTX_DAG_RUN_ID='scheduled__2022-04-01T00:00:00+00:00'
[2024-07-07T18:36:46.426+0000] {taskinstance.py:430} INFO - ::endgroup::
[2024-07-07T18:36:46.427+0000] {warnings.py:110} WARNING - /home/***/.local/lib/python3.12/site-packages/***/utils/context.py:320: AirflowContextDeprecationWarning: Accessing 'execution_date' from the template is deprecated and will be removed in a future version. Please use 'data_interval_start' or 'logical_date' instead.
  warnings.warn(_create_deprecation_warning(k, replacements))

[2024-07-07T18:36:46.433+0000] {base.py:84} INFO - Using connection ID 'chess_project_s3' for task execution.
[2024-07-07T18:36:47.147+0000] {base.py:84} INFO - Using connection ID 'chess_project_redshift' for task execution.
[2024-07-07T18:36:49.122+0000] {python.py:237} INFO - Done. Returned value was: None
[2024-07-07T18:36:49.123+0000] {taskinstance.py:441} INFO - ::group::Post task execution logs
[2024-07-07T18:36:49.129+0000] {taskinstance.py:1206} INFO - Marking task as SUCCESS. dag_id=chess_etl, task_id=redshift_game_load, run_id=scheduled__2022-04-01T00:00:00+00:00, execution_date=20220401T000000, start_date=20240707T183646, end_date=20240707T183649
[2024-07-07T18:36:49.158+0000] {local_task_job_runner.py:240} INFO - Task exited with return code 0
[2024-07-07T18:36:49.171+0000] {taskinstance.py:3498} INFO - 0 downstream tasks scheduled from follow-on schedule check
[2024-07-07T18:36:49.173+0000] {local_task_job_runner.py:222} INFO - ::endgroup::
[2024-07-08T02:11:13.075+0000] {local_task_job_runner.py:120} INFO - ::group::Pre task execution logs
[2024-07-08T02:11:13.090+0000] {taskinstance.py:2076} INFO - Dependencies all met for dep_context=non-requeueable deps ti=<TaskInstance: chess_etl.redshift_game_load scheduled__2022-04-01T00:00:00+00:00 [queued]>
[2024-07-08T02:11:13.096+0000] {taskinstance.py:2076} INFO - Dependencies all met for dep_context=requeueable deps ti=<TaskInstance: chess_etl.redshift_game_load scheduled__2022-04-01T00:00:00+00:00 [queued]>
[2024-07-08T02:11:13.096+0000] {taskinstance.py:2306} INFO - Starting attempt 1 of 1
[2024-07-08T02:11:13.106+0000] {taskinstance.py:2330} INFO - Executing <Task(PythonOperator): redshift_game_load> on 2022-04-01 00:00:00+00:00
[2024-07-08T02:11:13.113+0000] {warnings.py:110} WARNING - /home/***/.local/lib/python3.12/site-packages/***/task/task_runner/standard_task_runner.py:61: DeprecationWarning: This process (pid=34261) is multi-threaded, use of fork() may lead to deadlocks in the child.
  pid = os.fork()

[2024-07-08T02:11:13.114+0000] {standard_task_runner.py:63} INFO - Started process 34263 to run task
[2024-07-08T02:11:13.115+0000] {standard_task_runner.py:90} INFO - Running: ['***', 'tasks', 'run', 'chess_etl', 'redshift_game_load', 'scheduled__2022-04-01T00:00:00+00:00', '--job-id', '718', '--raw', '--subdir', 'DAGS_FOLDER/chess_dag.py', '--cfg-path', '/tmp/tmpi9sh3cy8']
[2024-07-08T02:11:13.115+0000] {standard_task_runner.py:91} INFO - Job 718: Subtask redshift_game_load
[2024-07-08T02:11:13.152+0000] {task_command.py:426} INFO - Running <TaskInstance: chess_etl.redshift_game_load scheduled__2022-04-01T00:00:00+00:00 [running]> on host 6569f5155f0c
[2024-07-08T02:11:13.215+0000] {taskinstance.py:2648} INFO - Exporting env vars: AIRFLOW_CTX_DAG_OWNER='***' AIRFLOW_CTX_DAG_ID='chess_etl' AIRFLOW_CTX_TASK_ID='redshift_game_load' AIRFLOW_CTX_EXECUTION_DATE='2022-04-01T00:00:00+00:00' AIRFLOW_CTX_TRY_NUMBER='1' AIRFLOW_CTX_DAG_RUN_ID='scheduled__2022-04-01T00:00:00+00:00'
[2024-07-08T02:11:13.217+0000] {taskinstance.py:430} INFO - ::endgroup::
[2024-07-08T02:11:13.217+0000] {warnings.py:110} WARNING - /home/***/.local/lib/python3.12/site-packages/***/utils/context.py:320: AirflowContextDeprecationWarning: Accessing 'execution_date' from the template is deprecated and will be removed in a future version. Please use 'data_interval_start' or 'logical_date' instead.
  warnings.warn(_create_deprecation_warning(k, replacements))

[2024-07-08T02:11:13.223+0000] {base.py:84} INFO - Using connection ID 'chess_project_s3' for task execution.
[2024-07-08T02:11:13.930+0000] {base.py:84} INFO - Using connection ID 'chess_project_redshift' for task execution.
[2024-07-08T02:11:15.718+0000] {python.py:237} INFO - Done. Returned value was: None
[2024-07-08T02:11:15.718+0000] {taskinstance.py:441} INFO - ::group::Post task execution logs
[2024-07-08T02:11:15.726+0000] {taskinstance.py:1206} INFO - Marking task as SUCCESS. dag_id=chess_etl, task_id=redshift_game_load, run_id=scheduled__2022-04-01T00:00:00+00:00, execution_date=20220401T000000, start_date=20240708T021113, end_date=20240708T021115
[2024-07-08T02:11:15.775+0000] {local_task_job_runner.py:240} INFO - Task exited with return code 0
[2024-07-08T02:11:15.793+0000] {taskinstance.py:3498} INFO - 1 downstream tasks scheduled from follow-on schedule check
[2024-07-08T02:11:15.794+0000] {local_task_job_runner.py:222} INFO - ::endgroup::
