[2024-06-03T17:39:12.641+0000] {local_task_job_runner.py:120} INFO - ::group::Pre task execution logs
[2024-06-03T17:39:12.657+0000] {taskinstance.py:2076} INFO - Dependencies all met for dep_context=non-requeueable deps ti=<TaskInstance: chess_etl.games_etl scheduled__2021-05-01T00:00:00+00:00 [queued]>
[2024-06-03T17:39:12.663+0000] {taskinstance.py:2076} INFO - Dependencies all met for dep_context=requeueable deps ti=<TaskInstance: chess_etl.games_etl scheduled__2021-05-01T00:00:00+00:00 [queued]>
[2024-06-03T17:39:12.663+0000] {taskinstance.py:2306} INFO - Starting attempt 1 of 1
[2024-06-03T17:39:12.673+0000] {taskinstance.py:2330} INFO - Executing <Task(PythonOperator): games_etl> on 2021-05-01 00:00:00+00:00
[2024-06-03T17:39:12.678+0000] {warnings.py:110} WARNING - /home/***/.local/lib/python3.12/site-packages/***/task/task_runner/standard_task_runner.py:61: DeprecationWarning: This process (pid=204) is multi-threaded, use of fork() may lead to deadlocks in the child.
  pid = os.fork()

[2024-06-03T17:39:12.679+0000] {standard_task_runner.py:63} INFO - Started process 208 to run task
[2024-06-03T17:39:12.679+0000] {standard_task_runner.py:90} INFO - Running: ['***', 'tasks', 'run', 'chess_etl', 'games_etl', 'scheduled__2021-05-01T00:00:00+00:00', '--job-id', '49', '--raw', '--subdir', 'DAGS_FOLDER/chess_dag.py', '--cfg-path', '/tmp/tmpi7lobsfu']
[2024-06-03T17:39:12.680+0000] {standard_task_runner.py:91} INFO - Job 49: Subtask games_etl
[2024-06-03T17:39:12.712+0000] {task_command.py:426} INFO - Running <TaskInstance: chess_etl.games_etl scheduled__2021-05-01T00:00:00+00:00 [running]> on host a5a4421409ea
[2024-06-03T17:39:12.767+0000] {taskinstance.py:2648} INFO - Exporting env vars: AIRFLOW_CTX_DAG_OWNER='***' AIRFLOW_CTX_DAG_ID='chess_etl' AIRFLOW_CTX_TASK_ID='games_etl' AIRFLOW_CTX_EXECUTION_DATE='2021-05-01T00:00:00+00:00' AIRFLOW_CTX_TRY_NUMBER='1' AIRFLOW_CTX_DAG_RUN_ID='scheduled__2021-05-01T00:00:00+00:00'
[2024-06-03T17:39:12.768+0000] {taskinstance.py:430} INFO - ::endgroup::
[2024-06-03T17:39:12.769+0000] {warnings.py:110} WARNING - /home/***/.local/lib/python3.12/site-packages/***/utils/context.py:320: AirflowContextDeprecationWarning: Accessing 'execution_date' from the template is deprecated and will be removed in a future version. Please use 'data_interval_start' or 'logical_date' instead.
  warnings.warn(_create_deprecation_warning(k, replacements))

[2024-06-03T17:39:12.979+0000] {python.py:237} INFO - Done. Returned value was: None
[2024-06-03T17:39:12.980+0000] {taskinstance.py:441} INFO - ::group::Post task execution logs
[2024-06-03T17:39:12.986+0000] {taskinstance.py:1206} INFO - Marking task as SUCCESS. dag_id=chess_etl, task_id=games_etl, run_id=scheduled__2021-05-01T00:00:00+00:00, execution_date=20210501T000000, start_date=20240603T173912, end_date=20240603T173912
[2024-06-03T17:39:13.012+0000] {local_task_job_runner.py:240} INFO - Task exited with return code 0
[2024-06-03T17:39:13.025+0000] {taskinstance.py:3498} INFO - 1 downstream tasks scheduled from follow-on schedule check
[2024-06-03T17:39:13.026+0000] {local_task_job_runner.py:222} INFO - ::endgroup::
[2024-06-03T22:02:26.135+0000] {local_task_job_runner.py:120} INFO - ::group::Pre task execution logs
[2024-06-03T22:02:26.150+0000] {taskinstance.py:2076} INFO - Dependencies all met for dep_context=non-requeueable deps ti=<TaskInstance: chess_etl.games_etl scheduled__2021-05-01T00:00:00+00:00 [queued]>
[2024-06-03T22:02:26.155+0000] {taskinstance.py:2076} INFO - Dependencies all met for dep_context=requeueable deps ti=<TaskInstance: chess_etl.games_etl scheduled__2021-05-01T00:00:00+00:00 [queued]>
[2024-06-03T22:02:26.155+0000] {taskinstance.py:2306} INFO - Starting attempt 1 of 1
[2024-06-03T22:02:26.165+0000] {taskinstance.py:2330} INFO - Executing <Task(PythonOperator): games_etl> on 2021-05-01 00:00:00+00:00
[2024-06-03T22:02:26.172+0000] {warnings.py:110} WARNING - /home/***/.local/lib/python3.12/site-packages/***/task/task_runner/standard_task_runner.py:61: DeprecationWarning: This process (pid=27834) is multi-threaded, use of fork() may lead to deadlocks in the child.
  pid = os.fork()

[2024-06-03T22:02:26.174+0000] {standard_task_runner.py:63} INFO - Started process 27836 to run task
[2024-06-03T22:02:26.175+0000] {standard_task_runner.py:90} INFO - Running: ['***', 'tasks', 'run', 'chess_etl', 'games_etl', 'scheduled__2021-05-01T00:00:00+00:00', '--job-id', '120', '--raw', '--subdir', 'DAGS_FOLDER/chess_dag.py', '--cfg-path', '/tmp/tmpsf1c2cfy']
[2024-06-03T22:02:26.176+0000] {standard_task_runner.py:91} INFO - Job 120: Subtask games_etl
[2024-06-03T22:02:26.210+0000] {task_command.py:426} INFO - Running <TaskInstance: chess_etl.games_etl scheduled__2021-05-01T00:00:00+00:00 [running]> on host f55fff24b127
[2024-06-03T22:02:26.276+0000] {taskinstance.py:2648} INFO - Exporting env vars: AIRFLOW_CTX_DAG_OWNER='***' AIRFLOW_CTX_DAG_ID='chess_etl' AIRFLOW_CTX_TASK_ID='games_etl' AIRFLOW_CTX_EXECUTION_DATE='2021-05-01T00:00:00+00:00' AIRFLOW_CTX_TRY_NUMBER='1' AIRFLOW_CTX_DAG_RUN_ID='scheduled__2021-05-01T00:00:00+00:00'
[2024-06-03T22:02:26.277+0000] {taskinstance.py:430} INFO - ::endgroup::
[2024-06-03T22:02:26.278+0000] {warnings.py:110} WARNING - /home/***/.local/lib/python3.12/site-packages/***/utils/context.py:320: AirflowContextDeprecationWarning: Accessing 'execution_date' from the template is deprecated and will be removed in a future version. Please use 'data_interval_start' or 'logical_date' instead.
  warnings.warn(_create_deprecation_warning(k, replacements))

[2024-06-03T22:02:27.017+0000] {base.py:84} INFO - Using connection ID 'chess_project_s3' for task execution.
[2024-06-03T22:02:27.724+0000] {python.py:237} INFO - Done. Returned value was: None
[2024-06-03T22:02:27.724+0000] {taskinstance.py:441} INFO - ::group::Post task execution logs
[2024-06-03T22:02:27.733+0000] {taskinstance.py:1206} INFO - Marking task as SUCCESS. dag_id=chess_etl, task_id=games_etl, run_id=scheduled__2021-05-01T00:00:00+00:00, execution_date=20210501T000000, start_date=20240603T220226, end_date=20240603T220227
[2024-06-03T22:02:27.752+0000] {local_task_job_runner.py:240} INFO - Task exited with return code 0
[2024-06-03T22:02:27.770+0000] {taskinstance.py:3498} INFO - 1 downstream tasks scheduled from follow-on schedule check
[2024-06-03T22:02:27.771+0000] {local_task_job_runner.py:222} INFO - ::endgroup::
[2024-06-08T19:29:17.233+0000] {local_task_job_runner.py:120} INFO - ::group::Pre task execution logs
[2024-06-08T19:29:17.250+0000] {taskinstance.py:2076} INFO - Dependencies all met for dep_context=non-requeueable deps ti=<TaskInstance: chess_etl.games_etl scheduled__2021-05-01T00:00:00+00:00 [queued]>
[2024-06-08T19:29:17.255+0000] {taskinstance.py:2076} INFO - Dependencies all met for dep_context=requeueable deps ti=<TaskInstance: chess_etl.games_etl scheduled__2021-05-01T00:00:00+00:00 [queued]>
[2024-06-08T19:29:17.255+0000] {taskinstance.py:2306} INFO - Starting attempt 1 of 1
[2024-06-08T19:29:17.265+0000] {taskinstance.py:2330} INFO - Executing <Task(PythonOperator): games_etl> on 2021-05-01 00:00:00+00:00
[2024-06-08T19:29:17.272+0000] {warnings.py:110} WARNING - /home/***/.local/lib/python3.12/site-packages/***/task/task_runner/standard_task_runner.py:61: DeprecationWarning: This process (pid=28251) is multi-threaded, use of fork() may lead to deadlocks in the child.
  pid = os.fork()

[2024-06-08T19:29:17.274+0000] {standard_task_runner.py:63} INFO - Started process 28253 to run task
[2024-06-08T19:29:17.274+0000] {standard_task_runner.py:90} INFO - Running: ['***', 'tasks', 'run', 'chess_etl', 'games_etl', 'scheduled__2021-05-01T00:00:00+00:00', '--job-id', '296', '--raw', '--subdir', 'DAGS_FOLDER/chess_dag.py', '--cfg-path', '/tmp/tmppxq_lvdw']
[2024-06-08T19:29:17.275+0000] {standard_task_runner.py:91} INFO - Job 296: Subtask games_etl
[2024-06-08T19:29:17.308+0000] {task_command.py:426} INFO - Running <TaskInstance: chess_etl.games_etl scheduled__2021-05-01T00:00:00+00:00 [running]> on host bf0ade909435
[2024-06-08T19:29:17.371+0000] {taskinstance.py:2648} INFO - Exporting env vars: AIRFLOW_CTX_DAG_OWNER='***' AIRFLOW_CTX_DAG_ID='chess_etl' AIRFLOW_CTX_TASK_ID='games_etl' AIRFLOW_CTX_EXECUTION_DATE='2021-05-01T00:00:00+00:00' AIRFLOW_CTX_TRY_NUMBER='1' AIRFLOW_CTX_DAG_RUN_ID='scheduled__2021-05-01T00:00:00+00:00'
[2024-06-08T19:29:17.372+0000] {taskinstance.py:430} INFO - ::endgroup::
[2024-06-08T19:29:17.373+0000] {warnings.py:110} WARNING - /home/***/.local/lib/python3.12/site-packages/***/utils/context.py:320: AirflowContextDeprecationWarning: Accessing 'execution_date' from the template is deprecated and will be removed in a future version. Please use 'data_interval_start' or 'logical_date' instead.
  warnings.warn(_create_deprecation_warning(k, replacements))

[2024-06-08T19:29:18.056+0000] {base.py:84} INFO - Using connection ID 'chess_project_s3' for task execution.
[2024-06-08T19:29:18.735+0000] {python.py:237} INFO - Done. Returned value was: None
[2024-06-08T19:29:18.736+0000] {taskinstance.py:441} INFO - ::group::Post task execution logs
[2024-06-08T19:29:18.743+0000] {taskinstance.py:1206} INFO - Marking task as SUCCESS. dag_id=chess_etl, task_id=games_etl, run_id=scheduled__2021-05-01T00:00:00+00:00, execution_date=20210501T000000, start_date=20240608T192917, end_date=20240608T192918
[2024-06-08T19:29:18.771+0000] {local_task_job_runner.py:240} INFO - Task exited with return code 0
[2024-06-08T19:29:18.787+0000] {taskinstance.py:3498} INFO - 1 downstream tasks scheduled from follow-on schedule check
[2024-06-08T19:29:18.788+0000] {local_task_job_runner.py:222} INFO - ::endgroup::
[2024-07-08T01:27:16.991+0000] {local_task_job_runner.py:120} INFO - ::group::Pre task execution logs
[2024-07-08T01:27:17.008+0000] {taskinstance.py:2076} INFO - Dependencies all met for dep_context=non-requeueable deps ti=<TaskInstance: chess_etl.games_etl scheduled__2021-05-01T00:00:00+00:00 [queued]>
[2024-07-08T01:27:17.014+0000] {taskinstance.py:2076} INFO - Dependencies all met for dep_context=requeueable deps ti=<TaskInstance: chess_etl.games_etl scheduled__2021-05-01T00:00:00+00:00 [queued]>
[2024-07-08T01:27:17.015+0000] {taskinstance.py:2306} INFO - Starting attempt 1 of 1
[2024-07-08T01:27:17.023+0000] {taskinstance.py:2330} INFO - Executing <Task(PythonOperator): games_etl> on 2021-05-01 00:00:00+00:00
[2024-07-08T01:27:17.031+0000] {warnings.py:110} WARNING - /home/***/.local/lib/python3.12/site-packages/***/task/task_runner/standard_task_runner.py:61: DeprecationWarning: This process (pid=29086) is multi-threaded, use of fork() may lead to deadlocks in the child.
  pid = os.fork()

[2024-07-08T01:27:17.032+0000] {standard_task_runner.py:90} INFO - Running: ['***', 'tasks', 'run', 'chess_etl', 'games_etl', 'scheduled__2021-05-01T00:00:00+00:00', '--job-id', '668', '--raw', '--subdir', 'DAGS_FOLDER/chess_dag.py', '--cfg-path', '/tmp/tmp4f85ppwv']
[2024-07-08T01:27:17.033+0000] {standard_task_runner.py:63} INFO - Started process 29088 to run task
[2024-07-08T01:27:17.033+0000] {standard_task_runner.py:91} INFO - Job 668: Subtask games_etl
[2024-07-08T01:27:17.065+0000] {task_command.py:426} INFO - Running <TaskInstance: chess_etl.games_etl scheduled__2021-05-01T00:00:00+00:00 [running]> on host 6569f5155f0c
[2024-07-08T01:27:17.129+0000] {taskinstance.py:2648} INFO - Exporting env vars: AIRFLOW_CTX_DAG_OWNER='***' AIRFLOW_CTX_DAG_ID='chess_etl' AIRFLOW_CTX_TASK_ID='games_etl' AIRFLOW_CTX_EXECUTION_DATE='2021-05-01T00:00:00+00:00' AIRFLOW_CTX_TRY_NUMBER='1' AIRFLOW_CTX_DAG_RUN_ID='scheduled__2021-05-01T00:00:00+00:00'
[2024-07-08T01:27:17.131+0000] {taskinstance.py:430} INFO - ::endgroup::
[2024-07-08T01:27:17.131+0000] {warnings.py:110} WARNING - /home/***/.local/lib/python3.12/site-packages/***/utils/context.py:320: AirflowContextDeprecationWarning: Accessing 'execution_date' from the template is deprecated and will be removed in a future version. Please use 'data_interval_start' or 'logical_date' instead.
  warnings.warn(_create_deprecation_warning(k, replacements))

[2024-07-08T01:27:17.768+0000] {base.py:84} INFO - Using connection ID 'chess_project_s3' for task execution.
[2024-07-08T01:27:18.396+0000] {python.py:237} INFO - Done. Returned value was: None
[2024-07-08T01:27:18.396+0000] {taskinstance.py:441} INFO - ::group::Post task execution logs
[2024-07-08T01:27:18.403+0000] {taskinstance.py:1206} INFO - Marking task as SUCCESS. dag_id=chess_etl, task_id=games_etl, run_id=scheduled__2021-05-01T00:00:00+00:00, execution_date=20210501T000000, start_date=20240708T012717, end_date=20240708T012718
[2024-07-08T01:27:18.450+0000] {local_task_job_runner.py:240} INFO - Task exited with return code 0
[2024-07-08T01:27:18.469+0000] {taskinstance.py:3498} INFO - 1 downstream tasks scheduled from follow-on schedule check
[2024-07-08T01:27:18.471+0000] {local_task_job_runner.py:222} INFO - ::endgroup::
