[2024-07-07T18:39:46.517+0000] {local_task_job_runner.py:120} INFO - ::group::Pre task execution logs
[2024-07-07T18:39:46.531+0000] {taskinstance.py:2076} INFO - Dependencies all met for dep_context=non-requeueable deps ti=<TaskInstance: chess_etl.redshift_game_load scheduled__2024-04-01T00:00:00+00:00 [queued]>
[2024-07-07T18:39:46.537+0000] {taskinstance.py:2076} INFO - Dependencies all met for dep_context=requeueable deps ti=<TaskInstance: chess_etl.redshift_game_load scheduled__2024-04-01T00:00:00+00:00 [queued]>
[2024-07-07T18:39:46.537+0000] {taskinstance.py:2306} INFO - Starting attempt 1 of 1
[2024-07-07T18:39:46.545+0000] {taskinstance.py:2330} INFO - Executing <Task(PythonOperator): redshift_game_load> on 2024-04-01 00:00:00+00:00
[2024-07-07T18:39:46.550+0000] {warnings.py:110} WARNING - /home/***/.local/lib/python3.12/site-packages/***/task/task_runner/standard_task_runner.py:61: DeprecationWarning: This process (pid=1639) is multi-threaded, use of fork() may lead to deadlocks in the child.
  pid = os.fork()

[2024-07-07T18:39:46.551+0000] {standard_task_runner.py:63} INFO - Started process 1643 to run task
[2024-07-07T18:39:46.551+0000] {standard_task_runner.py:90} INFO - Running: ['***', 'tasks', 'run', 'chess_etl', 'redshift_game_load', 'scheduled__2024-04-01T00:00:00+00:00', '--job-id', '475', '--pool', 'default_pool', '--raw', '--subdir', 'DAGS_FOLDER/chess_dag.py', '--cfg-path', '/tmp/tmpjchfqq57']
[2024-07-07T18:39:46.552+0000] {standard_task_runner.py:91} INFO - Job 475: Subtask redshift_game_load
[2024-07-07T18:39:46.582+0000] {task_command.py:426} INFO - Running <TaskInstance: chess_etl.redshift_game_load scheduled__2024-04-01T00:00:00+00:00 [running]> on host cb919e35e0e9
[2024-07-07T18:39:46.638+0000] {taskinstance.py:2648} INFO - Exporting env vars: AIRFLOW_CTX_DAG_OWNER='***' AIRFLOW_CTX_DAG_ID='chess_etl' AIRFLOW_CTX_TASK_ID='redshift_game_load' AIRFLOW_CTX_EXECUTION_DATE='2024-04-01T00:00:00+00:00' AIRFLOW_CTX_TRY_NUMBER='1' AIRFLOW_CTX_DAG_RUN_ID='scheduled__2024-04-01T00:00:00+00:00'
[2024-07-07T18:39:46.639+0000] {taskinstance.py:430} INFO - ::endgroup::
[2024-07-07T18:39:46.640+0000] {warnings.py:110} WARNING - /home/***/.local/lib/python3.12/site-packages/***/utils/context.py:320: AirflowContextDeprecationWarning: Accessing 'execution_date' from the template is deprecated and will be removed in a future version. Please use 'data_interval_start' or 'logical_date' instead.
  warnings.warn(_create_deprecation_warning(k, replacements))

[2024-07-07T18:39:46.646+0000] {base.py:84} INFO - Using connection ID 'chess_project_s3' for task execution.
[2024-07-07T18:39:47.368+0000] {base.py:84} INFO - Using connection ID 'chess_project_redshift' for task execution.
[2024-07-07T18:39:51.628+0000] {python.py:237} INFO - Done. Returned value was: None
[2024-07-07T18:39:51.630+0000] {taskinstance.py:441} INFO - ::group::Post task execution logs
[2024-07-07T18:39:51.636+0000] {taskinstance.py:1206} INFO - Marking task as SUCCESS. dag_id=chess_etl, task_id=redshift_game_load, run_id=scheduled__2024-04-01T00:00:00+00:00, execution_date=20240401T000000, start_date=20240707T183946, end_date=20240707T183951
[2024-07-07T18:39:51.686+0000] {local_task_job_runner.py:240} INFO - Task exited with return code 0
[2024-07-07T18:39:51.697+0000] {taskinstance.py:3498} INFO - 0 downstream tasks scheduled from follow-on schedule check
[2024-07-07T18:39:51.698+0000] {local_task_job_runner.py:222} INFO - ::endgroup::
[2024-07-08T05:41:02.676+0000] {local_task_job_runner.py:120} INFO - ::group::Pre task execution logs
[2024-07-08T05:41:02.690+0000] {taskinstance.py:2076} INFO - Dependencies all met for dep_context=non-requeueable deps ti=<TaskInstance: chess_etl.redshift_game_load scheduled__2024-04-01T00:00:00+00:00 [queued]>
[2024-07-08T05:41:02.695+0000] {taskinstance.py:2076} INFO - Dependencies all met for dep_context=requeueable deps ti=<TaskInstance: chess_etl.redshift_game_load scheduled__2024-04-01T00:00:00+00:00 [queued]>
[2024-07-08T05:41:02.696+0000] {taskinstance.py:2306} INFO - Starting attempt 1 of 1
[2024-07-08T05:41:02.706+0000] {taskinstance.py:2330} INFO - Executing <Task(PythonOperator): redshift_game_load> on 2024-04-01 00:00:00+00:00
[2024-07-08T05:41:02.714+0000] {warnings.py:110} WARNING - /home/***/.local/lib/python3.12/site-packages/***/task/task_runner/standard_task_runner.py:61: DeprecationWarning: This process (pid=58492) is multi-threaded, use of fork() may lead to deadlocks in the child.
  pid = os.fork()

[2024-07-08T05:41:02.715+0000] {standard_task_runner.py:63} INFO - Started process 58494 to run task
[2024-07-08T05:41:02.715+0000] {standard_task_runner.py:90} INFO - Running: ['***', 'tasks', 'run', 'chess_etl', 'redshift_game_load', 'scheduled__2024-04-01T00:00:00+00:00', '--job-id', '814', '--raw', '--subdir', 'DAGS_FOLDER/chess_dag.py', '--cfg-path', '/tmp/tmp0j6h0dkl']
[2024-07-08T05:41:02.716+0000] {standard_task_runner.py:91} INFO - Job 814: Subtask redshift_game_load
[2024-07-08T05:41:02.750+0000] {task_command.py:426} INFO - Running <TaskInstance: chess_etl.redshift_game_load scheduled__2024-04-01T00:00:00+00:00 [running]> on host 6569f5155f0c
[2024-07-08T05:41:02.814+0000] {taskinstance.py:2648} INFO - Exporting env vars: AIRFLOW_CTX_DAG_OWNER='***' AIRFLOW_CTX_DAG_ID='chess_etl' AIRFLOW_CTX_TASK_ID='redshift_game_load' AIRFLOW_CTX_EXECUTION_DATE='2024-04-01T00:00:00+00:00' AIRFLOW_CTX_TRY_NUMBER='1' AIRFLOW_CTX_DAG_RUN_ID='scheduled__2024-04-01T00:00:00+00:00'
[2024-07-08T05:41:02.815+0000] {taskinstance.py:430} INFO - ::endgroup::
[2024-07-08T05:41:02.817+0000] {warnings.py:110} WARNING - /home/***/.local/lib/python3.12/site-packages/***/utils/context.py:320: AirflowContextDeprecationWarning: Accessing 'execution_date' from the template is deprecated and will be removed in a future version. Please use 'data_interval_start' or 'logical_date' instead.
  warnings.warn(_create_deprecation_warning(k, replacements))

[2024-07-08T05:41:02.823+0000] {base.py:84} INFO - Using connection ID 'chess_project_s3' for task execution.
[2024-07-08T05:41:03.605+0000] {base.py:84} INFO - Using connection ID 'chess_project_redshift' for task execution.
[2024-07-08T05:41:05.412+0000] {python.py:237} INFO - Done. Returned value was: None
[2024-07-08T05:41:05.412+0000] {taskinstance.py:441} INFO - ::group::Post task execution logs
[2024-07-08T05:41:05.419+0000] {taskinstance.py:1206} INFO - Marking task as SUCCESS. dag_id=chess_etl, task_id=redshift_game_load, run_id=scheduled__2024-04-01T00:00:00+00:00, execution_date=20240401T000000, start_date=20240708T054102, end_date=20240708T054105
[2024-07-08T05:41:05.456+0000] {local_task_job_runner.py:240} INFO - Task exited with return code 0
[2024-07-08T05:41:05.474+0000] {taskinstance.py:3498} INFO - 1 downstream tasks scheduled from follow-on schedule check
[2024-07-08T05:41:05.476+0000] {local_task_job_runner.py:222} INFO - ::endgroup::
