[2024-07-07T18:37:31.323+0000] {local_task_job_runner.py:120} INFO - ::group::Pre task execution logs
[2024-07-07T18:37:31.337+0000] {taskinstance.py:2076} INFO - Dependencies all met for dep_context=non-requeueable deps ti=<TaskInstance: chess_etl.redshift_game_load scheduled__2022-10-01T00:00:00+00:00 [queued]>
[2024-07-07T18:37:31.342+0000] {taskinstance.py:2076} INFO - Dependencies all met for dep_context=requeueable deps ti=<TaskInstance: chess_etl.redshift_game_load scheduled__2022-10-01T00:00:00+00:00 [queued]>
[2024-07-07T18:37:31.343+0000] {taskinstance.py:2306} INFO - Starting attempt 1 of 1
[2024-07-07T18:37:31.350+0000] {taskinstance.py:2330} INFO - Executing <Task(PythonOperator): redshift_game_load> on 2022-10-01 00:00:00+00:00
[2024-07-07T18:37:31.355+0000] {warnings.py:110} WARNING - /home/***/.local/lib/python3.12/site-packages/***/task/task_runner/standard_task_runner.py:61: DeprecationWarning: This process (pid=1519) is multi-threaded, use of fork() may lead to deadlocks in the child.
  pid = os.fork()

[2024-07-07T18:37:31.356+0000] {standard_task_runner.py:63} INFO - Started process 1523 to run task
[2024-07-07T18:37:31.356+0000] {standard_task_runner.py:90} INFO - Running: ['***', 'tasks', 'run', 'chess_etl', 'redshift_game_load', 'scheduled__2022-10-01T00:00:00+00:00', '--job-id', '456', '--pool', 'default_pool', '--raw', '--subdir', 'DAGS_FOLDER/chess_dag.py', '--cfg-path', '/tmp/tmpy8p8yqig']
[2024-07-07T18:37:31.357+0000] {standard_task_runner.py:91} INFO - Job 456: Subtask redshift_game_load
[2024-07-07T18:37:31.388+0000] {task_command.py:426} INFO - Running <TaskInstance: chess_etl.redshift_game_load scheduled__2022-10-01T00:00:00+00:00 [running]> on host cb919e35e0e9
[2024-07-07T18:37:31.445+0000] {taskinstance.py:2648} INFO - Exporting env vars: AIRFLOW_CTX_DAG_OWNER='***' AIRFLOW_CTX_DAG_ID='chess_etl' AIRFLOW_CTX_TASK_ID='redshift_game_load' AIRFLOW_CTX_EXECUTION_DATE='2022-10-01T00:00:00+00:00' AIRFLOW_CTX_TRY_NUMBER='1' AIRFLOW_CTX_DAG_RUN_ID='scheduled__2022-10-01T00:00:00+00:00'
[2024-07-07T18:37:31.447+0000] {taskinstance.py:430} INFO - ::endgroup::
[2024-07-07T18:37:31.448+0000] {warnings.py:110} WARNING - /home/***/.local/lib/python3.12/site-packages/***/utils/context.py:320: AirflowContextDeprecationWarning: Accessing 'execution_date' from the template is deprecated and will be removed in a future version. Please use 'data_interval_start' or 'logical_date' instead.
  warnings.warn(_create_deprecation_warning(k, replacements))

[2024-07-07T18:37:31.454+0000] {base.py:84} INFO - Using connection ID 'chess_project_s3' for task execution.
[2024-07-07T18:37:32.227+0000] {base.py:84} INFO - Using connection ID 'chess_project_redshift' for task execution.
[2024-07-07T18:37:34.673+0000] {python.py:237} INFO - Done. Returned value was: None
[2024-07-07T18:37:34.673+0000] {taskinstance.py:441} INFO - ::group::Post task execution logs
[2024-07-07T18:37:34.679+0000] {taskinstance.py:1206} INFO - Marking task as SUCCESS. dag_id=chess_etl, task_id=redshift_game_load, run_id=scheduled__2022-10-01T00:00:00+00:00, execution_date=20221001T000000, start_date=20240707T183731, end_date=20240707T183734
[2024-07-07T18:37:34.698+0000] {local_task_job_runner.py:240} INFO - Task exited with return code 0
[2024-07-07T18:37:34.710+0000] {taskinstance.py:3498} INFO - 0 downstream tasks scheduled from follow-on schedule check
[2024-07-07T18:37:34.712+0000] {local_task_job_runner.py:222} INFO - ::endgroup::
[2024-07-08T03:35:10.112+0000] {local_task_job_runner.py:120} INFO - ::group::Pre task execution logs
[2024-07-08T03:35:10.127+0000] {taskinstance.py:2076} INFO - Dependencies all met for dep_context=non-requeueable deps ti=<TaskInstance: chess_etl.redshift_game_load scheduled__2022-10-01T00:00:00+00:00 [queued]>
[2024-07-08T03:35:10.132+0000] {taskinstance.py:2076} INFO - Dependencies all met for dep_context=requeueable deps ti=<TaskInstance: chess_etl.redshift_game_load scheduled__2022-10-01T00:00:00+00:00 [queued]>
[2024-07-08T03:35:10.133+0000] {taskinstance.py:2306} INFO - Starting attempt 1 of 1
[2024-07-08T03:35:10.142+0000] {taskinstance.py:2330} INFO - Executing <Task(PythonOperator): redshift_game_load> on 2022-10-01 00:00:00+00:00
[2024-07-08T03:35:10.150+0000] {warnings.py:110} WARNING - /home/***/.local/lib/python3.12/site-packages/***/task/task_runner/standard_task_runner.py:61: DeprecationWarning: This process (pid=44148) is multi-threaded, use of fork() may lead to deadlocks in the child.
  pid = os.fork()

[2024-07-08T03:35:10.151+0000] {standard_task_runner.py:63} INFO - Started process 44150 to run task
[2024-07-08T03:35:10.151+0000] {standard_task_runner.py:90} INFO - Running: ['***', 'tasks', 'run', 'chess_etl', 'redshift_game_load', 'scheduled__2022-10-01T00:00:00+00:00', '--job-id', '742', '--raw', '--subdir', 'DAGS_FOLDER/chess_dag.py', '--cfg-path', '/tmp/tmp81_nwe2b']
[2024-07-08T03:35:10.152+0000] {standard_task_runner.py:91} INFO - Job 742: Subtask redshift_game_load
[2024-07-08T03:35:10.188+0000] {task_command.py:426} INFO - Running <TaskInstance: chess_etl.redshift_game_load scheduled__2022-10-01T00:00:00+00:00 [running]> on host 6569f5155f0c
[2024-07-08T03:35:10.248+0000] {taskinstance.py:2648} INFO - Exporting env vars: AIRFLOW_CTX_DAG_OWNER='***' AIRFLOW_CTX_DAG_ID='chess_etl' AIRFLOW_CTX_TASK_ID='redshift_game_load' AIRFLOW_CTX_EXECUTION_DATE='2022-10-01T00:00:00+00:00' AIRFLOW_CTX_TRY_NUMBER='1' AIRFLOW_CTX_DAG_RUN_ID='scheduled__2022-10-01T00:00:00+00:00'
[2024-07-08T03:35:10.249+0000] {taskinstance.py:430} INFO - ::endgroup::
[2024-07-08T03:35:10.250+0000] {warnings.py:110} WARNING - /home/***/.local/lib/python3.12/site-packages/***/utils/context.py:320: AirflowContextDeprecationWarning: Accessing 'execution_date' from the template is deprecated and will be removed in a future version. Please use 'data_interval_start' or 'logical_date' instead.
  warnings.warn(_create_deprecation_warning(k, replacements))

[2024-07-08T03:35:10.256+0000] {base.py:84} INFO - Using connection ID 'chess_project_s3' for task execution.
[2024-07-08T03:35:10.980+0000] {base.py:84} INFO - Using connection ID 'chess_project_redshift' for task execution.
[2024-07-08T03:35:12.810+0000] {python.py:237} INFO - Done. Returned value was: None
[2024-07-08T03:35:12.811+0000] {taskinstance.py:441} INFO - ::group::Post task execution logs
[2024-07-08T03:35:12.817+0000] {taskinstance.py:1206} INFO - Marking task as SUCCESS. dag_id=chess_etl, task_id=redshift_game_load, run_id=scheduled__2022-10-01T00:00:00+00:00, execution_date=20221001T000000, start_date=20240708T033510, end_date=20240708T033512
[2024-07-08T03:35:12.851+0000] {local_task_job_runner.py:240} INFO - Task exited with return code 0
[2024-07-08T03:35:12.868+0000] {taskinstance.py:3498} INFO - 1 downstream tasks scheduled from follow-on schedule check
[2024-07-08T03:35:12.870+0000] {local_task_job_runner.py:222} INFO - ::endgroup::
