[2024-06-03T17:38:19.926+0000] {local_task_job_runner.py:120} INFO - ::group::Pre task execution logs
[2024-06-03T17:38:19.941+0000] {taskinstance.py:2076} INFO - Dependencies all met for dep_context=non-requeueable deps ti=<TaskInstance: chess_etl.blunders_etl scheduled__2019-07-01T00:00:00+00:00 [queued]>
[2024-06-03T17:38:19.947+0000] {taskinstance.py:2076} INFO - Dependencies all met for dep_context=requeueable deps ti=<TaskInstance: chess_etl.blunders_etl scheduled__2019-07-01T00:00:00+00:00 [queued]>
[2024-06-03T17:38:19.948+0000] {taskinstance.py:2306} INFO - Starting attempt 1 of 1
[2024-06-03T17:38:19.957+0000] {taskinstance.py:2330} INFO - Executing <Task(PythonOperator): blunders_etl> on 2019-07-01 00:00:00+00:00
[2024-06-03T17:38:19.962+0000] {warnings.py:110} WARNING - /home/***/.local/lib/python3.12/site-packages/***/task/task_runner/standard_task_runner.py:61: DeprecationWarning: This process (pid=103) is multi-threaded, use of fork() may lead to deadlocks in the child.
  pid = os.fork()

[2024-06-03T17:38:19.963+0000] {standard_task_runner.py:63} INFO - Started process 105 to run task
[2024-06-03T17:38:19.963+0000] {standard_task_runner.py:90} INFO - Running: ['***', 'tasks', 'run', 'chess_etl', 'blunders_etl', 'scheduled__2019-07-01T00:00:00+00:00', '--job-id', '19', '--raw', '--subdir', 'DAGS_FOLDER/chess_dag.py', '--cfg-path', '/tmp/tmp3t7ubv3g']
[2024-06-03T17:38:19.964+0000] {standard_task_runner.py:91} INFO - Job 19: Subtask blunders_etl
[2024-06-03T17:38:19.995+0000] {task_command.py:426} INFO - Running <TaskInstance: chess_etl.blunders_etl scheduled__2019-07-01T00:00:00+00:00 [running]> on host a5a4421409ea
[2024-06-03T17:38:20.046+0000] {taskinstance.py:2648} INFO - Exporting env vars: AIRFLOW_CTX_DAG_OWNER='***' AIRFLOW_CTX_DAG_ID='chess_etl' AIRFLOW_CTX_TASK_ID='blunders_etl' AIRFLOW_CTX_EXECUTION_DATE='2019-07-01T00:00:00+00:00' AIRFLOW_CTX_TRY_NUMBER='1' AIRFLOW_CTX_DAG_RUN_ID='scheduled__2019-07-01T00:00:00+00:00'
[2024-06-03T17:38:20.047+0000] {taskinstance.py:430} INFO - ::endgroup::
[2024-06-03T17:38:20.048+0000] {warnings.py:110} WARNING - /home/***/.local/lib/python3.12/site-packages/***/utils/context.py:320: AirflowContextDeprecationWarning: Accessing 'execution_date' from the template is deprecated and will be removed in a future version. Please use 'data_interval_start' or 'logical_date' instead.
  warnings.warn(_create_deprecation_warning(k, replacements))

[2024-06-03T17:38:20.053+0000] {taskinstance.py:441} INFO - ::group::Post task execution logs
[2024-06-03T17:38:20.059+0000] {taskinstance.py:2905} ERROR - Task failed with exception
Traceback (most recent call last):
  File "/home/airflow/.local/lib/python3.12/site-packages/airflow/models/taskinstance.py", line 465, in _execute_task
    result = _execute_callable(context=context, **execute_callable_kwargs)
             ^^^^^^^^^^^^^^^^^^^^^^^^^^^^^^^^^^^^^^^^^^^^^^^^^^^^^^^^^^^^^
  File "/home/airflow/.local/lib/python3.12/site-packages/airflow/models/taskinstance.py", line 432, in _execute_callable
    return execute_callable(context=context, **execute_callable_kwargs)
           ^^^^^^^^^^^^^^^^^^^^^^^^^^^^^^^^^^^^^^^^^^^^^^^^^^^^^^^^^^^^
  File "/home/airflow/.local/lib/python3.12/site-packages/airflow/models/baseoperator.py", line 400, in wrapper
    return func(self, *args, **kwargs)
           ^^^^^^^^^^^^^^^^^^^^^^^^^^^
  File "/home/airflow/.local/lib/python3.12/site-packages/airflow/operators/python.py", line 235, in execute
    return_value = self.execute_callable()
                   ^^^^^^^^^^^^^^^^^^^^^^^
  File "/home/airflow/.local/lib/python3.12/site-packages/airflow/operators/python.py", line 252, in execute_callable
    return self.python_callable(*self.op_args, **self.op_kwargs)
           ^^^^^^^^^^^^^^^^^^^^^^^^^^^^^^^^^^^^^^^^^^^^^^^^^^^^^
  File "/opt/airflow/dags/chess_dag.py", line 23, in blunders_etl_task
    return get_monthly_blunders(execution_date)
           ^^^^^^^^^^^^^^^^^^^^^^^^^^^^^^^^^^^^
  File "/opt/airflow/dags/blunder_etl_code.py", line 89, in get_monthly_blunders
    connection = BaseHook.get_connection('chess_project_s3')
                 ^^^^^^^^^^^^^^^^^^^^^^^^^^^^^^^^^^^^^^^^^^^
  File "/home/airflow/.local/lib/python3.12/site-packages/airflow/hooks/base.py", line 83, in get_connection
    conn = Connection.get_connection_from_secrets(conn_id)
           ^^^^^^^^^^^^^^^^^^^^^^^^^^^^^^^^^^^^^^^^^^^^^^^
  File "/home/airflow/.local/lib/python3.12/site-packages/airflow/models/connection.py", line 519, in get_connection_from_secrets
    raise AirflowNotFoundException(f"The conn_id `{conn_id}` isn't defined")
airflow.exceptions.AirflowNotFoundException: The conn_id `chess_project_s3` isn't defined
[2024-06-03T17:38:20.064+0000] {taskinstance.py:1206} INFO - Marking task as FAILED. dag_id=chess_etl, task_id=blunders_etl, run_id=scheduled__2019-07-01T00:00:00+00:00, execution_date=20190701T000000, start_date=20240603T173819, end_date=20240603T173820
[2024-06-03T17:38:20.071+0000] {standard_task_runner.py:110} ERROR - Failed to execute job 19 for task blunders_etl (The conn_id `chess_project_s3` isn't defined; 105)
[2024-06-03T17:38:20.096+0000] {local_task_job_runner.py:240} INFO - Task exited with return code 1
[2024-06-03T17:38:20.108+0000] {taskinstance.py:3498} INFO - 0 downstream tasks scheduled from follow-on schedule check
[2024-06-03T17:38:20.109+0000] {local_task_job_runner.py:222} INFO - ::endgroup::
[2024-06-03T17:44:51.869+0000] {local_task_job_runner.py:120} INFO - ::group::Pre task execution logs
[2024-06-03T17:44:51.885+0000] {taskinstance.py:2076} INFO - Dependencies all met for dep_context=non-requeueable deps ti=<TaskInstance: chess_etl.blunders_etl scheduled__2019-07-01T00:00:00+00:00 [queued]>
[2024-06-03T17:44:51.891+0000] {taskinstance.py:2076} INFO - Dependencies all met for dep_context=requeueable deps ti=<TaskInstance: chess_etl.blunders_etl scheduled__2019-07-01T00:00:00+00:00 [queued]>
[2024-06-03T17:44:51.892+0000] {taskinstance.py:2306} INFO - Starting attempt 1 of 1
[2024-06-03T17:44:51.901+0000] {taskinstance.py:2330} INFO - Executing <Task(PythonOperator): blunders_etl> on 2019-07-01 00:00:00+00:00
[2024-06-03T17:44:51.907+0000] {warnings.py:110} WARNING - /home/***/.local/lib/python3.12/site-packages/***/task/task_runner/standard_task_runner.py:61: DeprecationWarning: This process (pid=135) is multi-threaded, use of fork() may lead to deadlocks in the child.
  pid = os.fork()

[2024-06-03T17:44:51.908+0000] {standard_task_runner.py:63} INFO - Started process 137 to run task
[2024-06-03T17:44:51.908+0000] {standard_task_runner.py:90} INFO - Running: ['***', 'tasks', 'run', 'chess_etl', 'blunders_etl', 'scheduled__2019-07-01T00:00:00+00:00', '--job-id', '77', '--raw', '--subdir', 'DAGS_FOLDER/chess_dag.py', '--cfg-path', '/tmp/tmp1xwfw7sz']
[2024-06-03T17:44:51.909+0000] {standard_task_runner.py:91} INFO - Job 77: Subtask blunders_etl
[2024-06-03T17:44:51.945+0000] {task_command.py:426} INFO - Running <TaskInstance: chess_etl.blunders_etl scheduled__2019-07-01T00:00:00+00:00 [running]> on host f55fff24b127
[2024-06-03T17:44:52.007+0000] {taskinstance.py:2648} INFO - Exporting env vars: AIRFLOW_CTX_DAG_OWNER='***' AIRFLOW_CTX_DAG_ID='chess_etl' AIRFLOW_CTX_TASK_ID='blunders_etl' AIRFLOW_CTX_EXECUTION_DATE='2019-07-01T00:00:00+00:00' AIRFLOW_CTX_TRY_NUMBER='1' AIRFLOW_CTX_DAG_RUN_ID='scheduled__2019-07-01T00:00:00+00:00'
[2024-06-03T17:44:52.009+0000] {taskinstance.py:430} INFO - ::endgroup::
[2024-06-03T17:44:52.010+0000] {warnings.py:110} WARNING - /home/***/.local/lib/python3.12/site-packages/***/utils/context.py:320: AirflowContextDeprecationWarning: Accessing 'execution_date' from the template is deprecated and will be removed in a future version. Please use 'data_interval_start' or 'logical_date' instead.
  warnings.warn(_create_deprecation_warning(k, replacements))

[2024-06-03T17:44:52.015+0000] {base.py:84} INFO - Using connection ID 'chess_project_s3' for task execution.
[2024-06-03T17:44:52.936+0000] {logging_mixin.py:188} INFO - No games for period 2019_07
[2024-06-03T17:44:52.937+0000] {python.py:237} INFO - Done. Returned value was: None
[2024-06-03T17:44:52.937+0000] {taskinstance.py:441} INFO - ::group::Post task execution logs
[2024-06-03T17:44:52.945+0000] {taskinstance.py:1206} INFO - Marking task as SUCCESS. dag_id=chess_etl, task_id=blunders_etl, run_id=scheduled__2019-07-01T00:00:00+00:00, execution_date=20190701T000000, start_date=20240603T174451, end_date=20240603T174452
[2024-06-03T17:44:52.966+0000] {local_task_job_runner.py:240} INFO - Task exited with return code 0
[2024-06-03T17:44:52.977+0000] {taskinstance.py:3498} INFO - 0 downstream tasks scheduled from follow-on schedule check
[2024-06-03T17:44:52.978+0000] {local_task_job_runner.py:222} INFO - ::endgroup::
[2024-06-08T14:10:19.498+0000] {local_task_job_runner.py:120} INFO - ::group::Pre task execution logs
[2024-06-08T14:10:19.514+0000] {taskinstance.py:2076} INFO - Dependencies all met for dep_context=non-requeueable deps ti=<TaskInstance: chess_etl.blunders_etl scheduled__2019-07-01T00:00:00+00:00 [queued]>
[2024-06-08T14:10:19.520+0000] {taskinstance.py:2076} INFO - Dependencies all met for dep_context=requeueable deps ti=<TaskInstance: chess_etl.blunders_etl scheduled__2019-07-01T00:00:00+00:00 [queued]>
[2024-06-08T14:10:19.521+0000] {taskinstance.py:2306} INFO - Starting attempt 1 of 1
[2024-06-08T14:10:19.531+0000] {taskinstance.py:2330} INFO - Executing <Task(PythonOperator): blunders_etl> on 2019-07-01 00:00:00+00:00
[2024-06-08T14:10:19.537+0000] {warnings.py:110} WARNING - /home/***/.local/lib/python3.12/site-packages/***/task/task_runner/standard_task_runner.py:61: DeprecationWarning: This process (pid=151) is multi-threaded, use of fork() may lead to deadlocks in the child.
  pid = os.fork()

[2024-06-08T14:10:19.539+0000] {standard_task_runner.py:63} INFO - Started process 153 to run task
[2024-06-08T14:10:19.538+0000] {standard_task_runner.py:90} INFO - Running: ['***', 'tasks', 'run', 'chess_etl', 'blunders_etl', 'scheduled__2019-07-01T00:00:00+00:00', '--job-id', '217', '--raw', '--subdir', 'DAGS_FOLDER/chess_dag.py', '--cfg-path', '/tmp/tmpyl2f9wi1']
[2024-06-08T14:10:19.539+0000] {standard_task_runner.py:91} INFO - Job 217: Subtask blunders_etl
[2024-06-08T14:10:19.574+0000] {task_command.py:426} INFO - Running <TaskInstance: chess_etl.blunders_etl scheduled__2019-07-01T00:00:00+00:00 [running]> on host 3c9d89bfdaf1
[2024-06-08T14:10:19.638+0000] {taskinstance.py:2648} INFO - Exporting env vars: AIRFLOW_CTX_DAG_OWNER='***' AIRFLOW_CTX_DAG_ID='chess_etl' AIRFLOW_CTX_TASK_ID='blunders_etl' AIRFLOW_CTX_EXECUTION_DATE='2019-07-01T00:00:00+00:00' AIRFLOW_CTX_TRY_NUMBER='1' AIRFLOW_CTX_DAG_RUN_ID='scheduled__2019-07-01T00:00:00+00:00'
[2024-06-08T14:10:19.639+0000] {taskinstance.py:430} INFO - ::endgroup::
[2024-06-08T14:10:19.640+0000] {warnings.py:110} WARNING - /home/***/.local/lib/python3.12/site-packages/***/utils/context.py:320: AirflowContextDeprecationWarning: Accessing 'execution_date' from the template is deprecated and will be removed in a future version. Please use 'data_interval_start' or 'logical_date' instead.
  warnings.warn(_create_deprecation_warning(k, replacements))

[2024-06-08T14:10:19.647+0000] {base.py:84} INFO - Using connection ID 'chess_project_s3' for task execution.
[2024-06-08T14:10:20.660+0000] {logging_mixin.py:188} INFO - No games for period 2019_07
[2024-06-08T14:10:20.661+0000] {python.py:237} INFO - Done. Returned value was: None
[2024-06-08T14:10:20.661+0000] {taskinstance.py:441} INFO - ::group::Post task execution logs
[2024-06-08T14:10:20.669+0000] {taskinstance.py:1206} INFO - Marking task as SUCCESS. dag_id=chess_etl, task_id=blunders_etl, run_id=scheduled__2019-07-01T00:00:00+00:00, execution_date=20190701T000000, start_date=20240608T141019, end_date=20240608T141020
[2024-06-08T14:10:20.715+0000] {local_task_job_runner.py:240} INFO - Task exited with return code 0
[2024-06-08T14:10:20.726+0000] {taskinstance.py:3498} INFO - 0 downstream tasks scheduled from follow-on schedule check
[2024-06-08T14:10:20.728+0000] {local_task_job_runner.py:222} INFO - ::endgroup::
[2024-06-08T14:51:46.633+0000] {local_task_job_runner.py:120} INFO - ::group::Pre task execution logs
[2024-06-08T14:51:46.650+0000] {taskinstance.py:2076} INFO - Dependencies all met for dep_context=non-requeueable deps ti=<TaskInstance: chess_etl.blunders_etl scheduled__2019-07-01T00:00:00+00:00 [queued]>
[2024-06-08T14:51:46.655+0000] {taskinstance.py:2076} INFO - Dependencies all met for dep_context=requeueable deps ti=<TaskInstance: chess_etl.blunders_etl scheduled__2019-07-01T00:00:00+00:00 [queued]>
[2024-06-08T14:51:46.656+0000] {taskinstance.py:2306} INFO - Starting attempt 1 of 1
[2024-06-08T14:51:46.666+0000] {taskinstance.py:2330} INFO - Executing <Task(PythonOperator): blunders_etl> on 2019-07-01 00:00:00+00:00
[2024-06-08T14:51:46.671+0000] {warnings.py:110} WARNING - /home/***/.local/lib/python3.12/site-packages/***/task/task_runner/standard_task_runner.py:61: DeprecationWarning: This process (pid=261) is multi-threaded, use of fork() may lead to deadlocks in the child.
  pid = os.fork()

[2024-06-08T14:51:46.673+0000] {standard_task_runner.py:63} INFO - Started process 263 to run task
[2024-06-08T14:51:46.673+0000] {standard_task_runner.py:90} INFO - Running: ['***', 'tasks', 'run', 'chess_etl', 'blunders_etl', 'scheduled__2019-07-01T00:00:00+00:00', '--job-id', '253', '--raw', '--subdir', 'DAGS_FOLDER/chess_dag.py', '--cfg-path', '/tmp/tmpnkv57wmu']
[2024-06-08T14:51:46.675+0000] {standard_task_runner.py:91} INFO - Job 253: Subtask blunders_etl
[2024-06-08T14:51:46.707+0000] {task_command.py:426} INFO - Running <TaskInstance: chess_etl.blunders_etl scheduled__2019-07-01T00:00:00+00:00 [running]> on host bf0ade909435
[2024-06-08T14:51:46.771+0000] {taskinstance.py:2648} INFO - Exporting env vars: AIRFLOW_CTX_DAG_OWNER='***' AIRFLOW_CTX_DAG_ID='chess_etl' AIRFLOW_CTX_TASK_ID='blunders_etl' AIRFLOW_CTX_EXECUTION_DATE='2019-07-01T00:00:00+00:00' AIRFLOW_CTX_TRY_NUMBER='1' AIRFLOW_CTX_DAG_RUN_ID='scheduled__2019-07-01T00:00:00+00:00'
[2024-06-08T14:51:46.772+0000] {taskinstance.py:430} INFO - ::endgroup::
[2024-06-08T14:51:46.773+0000] {warnings.py:110} WARNING - /home/***/.local/lib/python3.12/site-packages/***/utils/context.py:320: AirflowContextDeprecationWarning: Accessing 'execution_date' from the template is deprecated and will be removed in a future version. Please use 'data_interval_start' or 'logical_date' instead.
  warnings.warn(_create_deprecation_warning(k, replacements))

[2024-06-08T14:51:46.779+0000] {base.py:84} INFO - Using connection ID 'chess_project_s3' for task execution.
[2024-06-08T14:51:47.777+0000] {logging_mixin.py:188} INFO - No games for period 2019_07
[2024-06-08T14:51:47.777+0000] {python.py:237} INFO - Done. Returned value was: None
[2024-06-08T14:51:47.777+0000] {taskinstance.py:441} INFO - ::group::Post task execution logs
[2024-06-08T14:51:47.784+0000] {taskinstance.py:1206} INFO - Marking task as SUCCESS. dag_id=chess_etl, task_id=blunders_etl, run_id=scheduled__2019-07-01T00:00:00+00:00, execution_date=20190701T000000, start_date=20240608T145146, end_date=20240608T145147
[2024-06-08T14:51:47.809+0000] {local_task_job_runner.py:240} INFO - Task exited with return code 0
[2024-06-08T14:51:47.822+0000] {taskinstance.py:3498} INFO - 0 downstream tasks scheduled from follow-on schedule check
[2024-06-08T14:51:47.823+0000] {local_task_job_runner.py:222} INFO - ::endgroup::
[2024-07-07T21:20:15.914+0000] {local_task_job_runner.py:120} INFO - ::group::Pre task execution logs
[2024-07-07T21:20:15.931+0000] {taskinstance.py:2076} INFO - Dependencies all met for dep_context=non-requeueable deps ti=<TaskInstance: chess_etl.blunders_etl scheduled__2019-07-01T00:00:00+00:00 [queued]>
[2024-07-07T21:20:15.937+0000] {taskinstance.py:2076} INFO - Dependencies all met for dep_context=requeueable deps ti=<TaskInstance: chess_etl.blunders_etl scheduled__2019-07-01T00:00:00+00:00 [queued]>
[2024-07-07T21:20:15.938+0000] {taskinstance.py:2306} INFO - Starting attempt 1 of 1
[2024-07-07T21:20:15.947+0000] {taskinstance.py:2330} INFO - Executing <Task(PythonOperator): blunders_etl> on 2019-07-01 00:00:00+00:00
[2024-07-07T21:20:15.954+0000] {warnings.py:110} WARNING - /home/***/.local/lib/python3.12/site-packages/***/task/task_runner/standard_task_runner.py:61: DeprecationWarning: This process (pid=1281) is multi-threaded, use of fork() may lead to deadlocks in the child.
  pid = os.fork()

[2024-07-07T21:20:15.955+0000] {standard_task_runner.py:63} INFO - Started process 1286 to run task
[2024-07-07T21:20:15.955+0000] {standard_task_runner.py:90} INFO - Running: ['***', 'tasks', 'run', 'chess_etl', 'blunders_etl', 'scheduled__2019-07-01T00:00:00+00:00', '--job-id', '581', '--raw', '--subdir', 'DAGS_FOLDER/chess_dag.py', '--cfg-path', '/tmp/tmp1wupwlby']
[2024-07-07T21:20:15.956+0000] {standard_task_runner.py:91} INFO - Job 581: Subtask blunders_etl
[2024-07-07T21:20:15.992+0000] {task_command.py:426} INFO - Running <TaskInstance: chess_etl.blunders_etl scheduled__2019-07-01T00:00:00+00:00 [running]> on host 6569f5155f0c
[2024-07-07T21:20:16.048+0000] {taskinstance.py:2648} INFO - Exporting env vars: AIRFLOW_CTX_DAG_OWNER='***' AIRFLOW_CTX_DAG_ID='chess_etl' AIRFLOW_CTX_TASK_ID='blunders_etl' AIRFLOW_CTX_EXECUTION_DATE='2019-07-01T00:00:00+00:00' AIRFLOW_CTX_TRY_NUMBER='1' AIRFLOW_CTX_DAG_RUN_ID='scheduled__2019-07-01T00:00:00+00:00'
[2024-07-07T21:20:16.049+0000] {taskinstance.py:430} INFO - ::endgroup::
[2024-07-07T21:20:16.050+0000] {warnings.py:110} WARNING - /home/***/.local/lib/python3.12/site-packages/***/utils/context.py:320: AirflowContextDeprecationWarning: Accessing 'execution_date' from the template is deprecated and will be removed in a future version. Please use 'data_interval_start' or 'logical_date' instead.
  warnings.warn(_create_deprecation_warning(k, replacements))

[2024-07-07T21:20:16.055+0000] {base.py:84} INFO - Using connection ID 'chess_project_s3' for task execution.
[2024-07-07T21:20:16.934+0000] {logging_mixin.py:188} INFO - No games for period 2019_07
[2024-07-07T21:20:16.935+0000] {python.py:237} INFO - Done. Returned value was: None
[2024-07-07T21:20:16.935+0000] {taskinstance.py:441} INFO - ::group::Post task execution logs
[2024-07-07T21:20:16.942+0000] {taskinstance.py:1206} INFO - Marking task as SUCCESS. dag_id=chess_etl, task_id=blunders_etl, run_id=scheduled__2019-07-01T00:00:00+00:00, execution_date=20190701T000000, start_date=20240707T212015, end_date=20240707T212016
[2024-07-07T21:20:16.971+0000] {local_task_job_runner.py:240} INFO - Task exited with return code 0
[2024-07-07T21:20:16.990+0000] {taskinstance.py:3498} INFO - 1 downstream tasks scheduled from follow-on schedule check
[2024-07-07T21:20:16.991+0000] {local_task_job_runner.py:222} INFO - ::endgroup::
