[2024-06-04T02:04:37.392+0000] {local_task_job_runner.py:120} INFO - ::group::Pre task execution logs
[2024-06-04T02:04:37.406+0000] {taskinstance.py:2076} INFO - Dependencies all met for dep_context=non-requeueable deps ti=<TaskInstance: chess_etl.blunders_etl scheduled__2024-04-01T00:00:00+00:00 [queued]>
[2024-06-04T02:04:37.411+0000] {taskinstance.py:2076} INFO - Dependencies all met for dep_context=requeueable deps ti=<TaskInstance: chess_etl.blunders_etl scheduled__2024-04-01T00:00:00+00:00 [queued]>
[2024-06-04T02:04:37.412+0000] {taskinstance.py:2306} INFO - Starting attempt 1 of 1
[2024-06-04T02:04:37.421+0000] {taskinstance.py:2330} INFO - Executing <Task(PythonOperator): blunders_etl> on 2024-04-01 00:00:00+00:00
[2024-06-04T02:04:37.429+0000] {warnings.py:110} WARNING - /home/***/.local/lib/python3.12/site-packages/***/task/task_runner/standard_task_runner.py:61: DeprecationWarning: This process (pid=55217) is multi-threaded, use of fork() may lead to deadlocks in the child.
  pid = os.fork()

[2024-06-04T02:04:37.430+0000] {standard_task_runner.py:63} INFO - Started process 55219 to run task
[2024-06-04T02:04:37.430+0000] {standard_task_runner.py:90} INFO - Running: ['***', 'tasks', 'run', 'chess_etl', 'blunders_etl', 'scheduled__2024-04-01T00:00:00+00:00', '--job-id', '191', '--raw', '--subdir', 'DAGS_FOLDER/chess_dag.py', '--cfg-path', '/tmp/tmpn_nwzq_l']
[2024-06-04T02:04:37.431+0000] {standard_task_runner.py:91} INFO - Job 191: Subtask blunders_etl
[2024-06-04T02:04:37.466+0000] {task_command.py:426} INFO - Running <TaskInstance: chess_etl.blunders_etl scheduled__2024-04-01T00:00:00+00:00 [running]> on host f55fff24b127
[2024-06-04T02:04:37.536+0000] {taskinstance.py:2648} INFO - Exporting env vars: AIRFLOW_CTX_DAG_OWNER='***' AIRFLOW_CTX_DAG_ID='chess_etl' AIRFLOW_CTX_TASK_ID='blunders_etl' AIRFLOW_CTX_EXECUTION_DATE='2024-04-01T00:00:00+00:00' AIRFLOW_CTX_TRY_NUMBER='1' AIRFLOW_CTX_DAG_RUN_ID='scheduled__2024-04-01T00:00:00+00:00'
[2024-06-04T02:04:37.538+0000] {taskinstance.py:430} INFO - ::endgroup::
[2024-06-04T02:04:37.539+0000] {warnings.py:110} WARNING - /home/***/.local/lib/python3.12/site-packages/***/utils/context.py:320: AirflowContextDeprecationWarning: Accessing 'execution_date' from the template is deprecated and will be removed in a future version. Please use 'data_interval_start' or 'logical_date' instead.
  warnings.warn(_create_deprecation_warning(k, replacements))

[2024-06-04T02:04:37.545+0000] {base.py:84} INFO - Using connection ID 'chess_project_s3' for task execution.
[2024-06-04T02:19:59.262+0000] {python.py:237} INFO - Done. Returned value was: None
[2024-06-04T02:19:59.262+0000] {taskinstance.py:441} INFO - ::group::Post task execution logs
[2024-06-04T02:19:59.270+0000] {taskinstance.py:1206} INFO - Marking task as SUCCESS. dag_id=chess_etl, task_id=blunders_etl, run_id=scheduled__2024-04-01T00:00:00+00:00, execution_date=20240401T000000, start_date=20240604T020437, end_date=20240604T021959
[2024-06-04T02:19:59.288+0000] {local_task_job_runner.py:240} INFO - Task exited with return code 0
[2024-06-04T02:19:59.298+0000] {taskinstance.py:3498} INFO - 0 downstream tasks scheduled from follow-on schedule check
[2024-06-04T02:19:59.300+0000] {local_task_job_runner.py:222} INFO - ::endgroup::
[2024-06-08T23:58:13.309+0000] {local_task_job_runner.py:120} INFO - ::group::Pre task execution logs
[2024-06-08T23:58:13.327+0000] {taskinstance.py:2076} INFO - Dependencies all met for dep_context=non-requeueable deps ti=<TaskInstance: chess_etl.blunders_etl scheduled__2024-04-01T00:00:00+00:00 [queued]>
[2024-06-08T23:58:13.379+0000] {taskinstance.py:2076} INFO - Dependencies all met for dep_context=requeueable deps ti=<TaskInstance: chess_etl.blunders_etl scheduled__2024-04-01T00:00:00+00:00 [queued]>
[2024-06-08T23:58:13.409+0000] {taskinstance.py:2306} INFO - Starting attempt 1 of 1
[2024-06-08T23:58:13.430+0000] {taskinstance.py:2330} INFO - Executing <Task(PythonOperator): blunders_etl> on 2024-04-01 00:00:00+00:00
[2024-06-08T23:58:13.437+0000] {warnings.py:110} WARNING - /home/***/.local/lib/python3.12/site-packages/***/task/task_runner/standard_task_runner.py:61: DeprecationWarning: This process (pid=55939) is multi-threaded, use of fork() may lead to deadlocks in the child.
  pid = os.fork()

[2024-06-08T23:58:13.439+0000] {standard_task_runner.py:63} INFO - Started process 55941 to run task
[2024-06-08T23:58:13.439+0000] {standard_task_runner.py:90} INFO - Running: ['***', 'tasks', 'run', 'chess_etl', 'blunders_etl', 'scheduled__2024-04-01T00:00:00+00:00', '--job-id', '367', '--raw', '--subdir', 'DAGS_FOLDER/chess_dag.py', '--cfg-path', '/tmp/tmpko30wx5h']
[2024-06-08T23:58:13.440+0000] {standard_task_runner.py:91} INFO - Job 367: Subtask blunders_etl
[2024-06-08T23:58:13.552+0000] {task_command.py:426} INFO - Running <TaskInstance: chess_etl.blunders_etl scheduled__2024-04-01T00:00:00+00:00 [running]> on host bf0ade909435
[2024-06-08T23:58:13.770+0000] {taskinstance.py:2648} INFO - Exporting env vars: AIRFLOW_CTX_DAG_OWNER='***' AIRFLOW_CTX_DAG_ID='chess_etl' AIRFLOW_CTX_TASK_ID='blunders_etl' AIRFLOW_CTX_EXECUTION_DATE='2024-04-01T00:00:00+00:00' AIRFLOW_CTX_TRY_NUMBER='1' AIRFLOW_CTX_DAG_RUN_ID='scheduled__2024-04-01T00:00:00+00:00'
[2024-06-08T23:58:13.771+0000] {taskinstance.py:430} INFO - ::endgroup::
[2024-06-08T23:58:13.772+0000] {warnings.py:110} WARNING - /home/***/.local/lib/python3.12/site-packages/***/utils/context.py:320: AirflowContextDeprecationWarning: Accessing 'execution_date' from the template is deprecated and will be removed in a future version. Please use 'data_interval_start' or 'logical_date' instead.
  warnings.warn(_create_deprecation_warning(k, replacements))

[2024-06-08T23:58:13.780+0000] {base.py:84} INFO - Using connection ID 'chess_project_s3' for task execution.
[2024-06-09T00:14:04.314+0000] {python.py:237} INFO - Done. Returned value was: None
[2024-06-09T00:14:04.314+0000] {taskinstance.py:441} INFO - ::group::Post task execution logs
[2024-06-09T00:14:04.323+0000] {taskinstance.py:1206} INFO - Marking task as SUCCESS. dag_id=chess_etl, task_id=blunders_etl, run_id=scheduled__2024-04-01T00:00:00+00:00, execution_date=20240401T000000, start_date=20240608T235813, end_date=20240609T001404
[2024-06-09T00:14:04.369+0000] {local_task_job_runner.py:240} INFO - Task exited with return code 0
[2024-06-09T00:14:04.382+0000] {taskinstance.py:3498} INFO - 0 downstream tasks scheduled from follow-on schedule check
[2024-06-09T00:14:04.384+0000] {local_task_job_runner.py:222} INFO - ::endgroup::
[2024-07-08T05:25:48.556+0000] {local_task_job_runner.py:120} INFO - ::group::Pre task execution logs
[2024-07-08T05:25:48.570+0000] {taskinstance.py:2076} INFO - Dependencies all met for dep_context=non-requeueable deps ti=<TaskInstance: chess_etl.blunders_etl scheduled__2024-04-01T00:00:00+00:00 [queued]>
[2024-07-08T05:25:48.576+0000] {taskinstance.py:2076} INFO - Dependencies all met for dep_context=requeueable deps ti=<TaskInstance: chess_etl.blunders_etl scheduled__2024-04-01T00:00:00+00:00 [queued]>
[2024-07-08T05:25:48.576+0000] {taskinstance.py:2306} INFO - Starting attempt 1 of 1
[2024-07-08T05:25:48.585+0000] {taskinstance.py:2330} INFO - Executing <Task(PythonOperator): blunders_etl> on 2024-04-01 00:00:00+00:00
[2024-07-08T05:25:48.593+0000] {warnings.py:110} WARNING - /home/***/.local/lib/python3.12/site-packages/***/task/task_runner/standard_task_runner.py:61: DeprecationWarning: This process (pid=56776) is multi-threaded, use of fork() may lead to deadlocks in the child.
  pid = os.fork()

[2024-07-08T05:25:48.594+0000] {standard_task_runner.py:63} INFO - Started process 56778 to run task
[2024-07-08T05:25:48.594+0000] {standard_task_runner.py:90} INFO - Running: ['***', 'tasks', 'run', 'chess_etl', 'blunders_etl', 'scheduled__2024-04-01T00:00:00+00:00', '--job-id', '809', '--raw', '--subdir', 'DAGS_FOLDER/chess_dag.py', '--cfg-path', '/tmp/tmpltzgsfqz']
[2024-07-08T05:25:48.595+0000] {standard_task_runner.py:91} INFO - Job 809: Subtask blunders_etl
[2024-07-08T05:25:48.630+0000] {task_command.py:426} INFO - Running <TaskInstance: chess_etl.blunders_etl scheduled__2024-04-01T00:00:00+00:00 [running]> on host 6569f5155f0c
[2024-07-08T05:25:48.690+0000] {taskinstance.py:2648} INFO - Exporting env vars: AIRFLOW_CTX_DAG_OWNER='***' AIRFLOW_CTX_DAG_ID='chess_etl' AIRFLOW_CTX_TASK_ID='blunders_etl' AIRFLOW_CTX_EXECUTION_DATE='2024-04-01T00:00:00+00:00' AIRFLOW_CTX_TRY_NUMBER='1' AIRFLOW_CTX_DAG_RUN_ID='scheduled__2024-04-01T00:00:00+00:00'
[2024-07-08T05:25:48.691+0000] {taskinstance.py:430} INFO - ::endgroup::
[2024-07-08T05:25:48.692+0000] {warnings.py:110} WARNING - /home/***/.local/lib/python3.12/site-packages/***/utils/context.py:320: AirflowContextDeprecationWarning: Accessing 'execution_date' from the template is deprecated and will be removed in a future version. Please use 'data_interval_start' or 'logical_date' instead.
  warnings.warn(_create_deprecation_warning(k, replacements))

[2024-07-08T05:25:48.698+0000] {base.py:84} INFO - Using connection ID 'chess_project_s3' for task execution.
[2024-07-08T05:41:01.000+0000] {python.py:237} INFO - Done. Returned value was: None
[2024-07-08T05:41:01.001+0000] {taskinstance.py:441} INFO - ::group::Post task execution logs
[2024-07-08T05:41:01.010+0000] {taskinstance.py:1206} INFO - Marking task as SUCCESS. dag_id=chess_etl, task_id=blunders_etl, run_id=scheduled__2024-04-01T00:00:00+00:00, execution_date=20240401T000000, start_date=20240708T052548, end_date=20240708T054101
[2024-07-08T05:41:01.031+0000] {local_task_job_runner.py:240} INFO - Task exited with return code 0
[2024-07-08T05:41:01.048+0000] {taskinstance.py:3498} INFO - 1 downstream tasks scheduled from follow-on schedule check
[2024-07-08T05:41:01.049+0000] {local_task_job_runner.py:222} INFO - ::endgroup::
