[2024-06-04T00:44:53.580+0000] {local_task_job_runner.py:120} INFO - ::group::Pre task execution logs
[2024-06-04T00:44:53.594+0000] {taskinstance.py:2076} INFO - Dependencies all met for dep_context=non-requeueable deps ti=<TaskInstance: chess_etl.games_etl scheduled__2023-03-01T00:00:00+00:00 [queued]>
[2024-06-04T00:44:53.599+0000] {taskinstance.py:2076} INFO - Dependencies all met for dep_context=requeueable deps ti=<TaskInstance: chess_etl.games_etl scheduled__2023-03-01T00:00:00+00:00 [queued]>
[2024-06-04T00:44:53.600+0000] {taskinstance.py:2306} INFO - Starting attempt 1 of 1
[2024-06-04T00:44:53.608+0000] {taskinstance.py:2330} INFO - Executing <Task(PythonOperator): games_etl> on 2023-03-01 00:00:00+00:00
[2024-06-04T00:44:53.615+0000] {warnings.py:110} WARNING - /home/***/.local/lib/python3.12/site-packages/***/task/task_runner/standard_task_runner.py:61: DeprecationWarning: This process (pid=46431) is multi-threaded, use of fork() may lead to deadlocks in the child.
  pid = os.fork()

[2024-06-04T00:44:53.616+0000] {standard_task_runner.py:63} INFO - Started process 46433 to run task
[2024-06-04T00:44:53.617+0000] {standard_task_runner.py:90} INFO - Running: ['***', 'tasks', 'run', 'chess_etl', 'games_etl', 'scheduled__2023-03-01T00:00:00+00:00', '--job-id', '164', '--raw', '--subdir', 'DAGS_FOLDER/chess_dag.py', '--cfg-path', '/tmp/tmpe3pjsx0o']
[2024-06-04T00:44:53.618+0000] {standard_task_runner.py:91} INFO - Job 164: Subtask games_etl
[2024-06-04T00:44:53.649+0000] {task_command.py:426} INFO - Running <TaskInstance: chess_etl.games_etl scheduled__2023-03-01T00:00:00+00:00 [running]> on host f55fff24b127
[2024-06-04T00:44:53.715+0000] {taskinstance.py:2648} INFO - Exporting env vars: AIRFLOW_CTX_DAG_OWNER='***' AIRFLOW_CTX_DAG_ID='chess_etl' AIRFLOW_CTX_TASK_ID='games_etl' AIRFLOW_CTX_EXECUTION_DATE='2023-03-01T00:00:00+00:00' AIRFLOW_CTX_TRY_NUMBER='1' AIRFLOW_CTX_DAG_RUN_ID='scheduled__2023-03-01T00:00:00+00:00'
[2024-06-04T00:44:53.716+0000] {taskinstance.py:430} INFO - ::endgroup::
[2024-06-04T00:44:53.717+0000] {warnings.py:110} WARNING - /home/***/.local/lib/python3.12/site-packages/***/utils/context.py:320: AirflowContextDeprecationWarning: Accessing 'execution_date' from the template is deprecated and will be removed in a future version. Please use 'data_interval_start' or 'logical_date' instead.
  warnings.warn(_create_deprecation_warning(k, replacements))

[2024-06-04T00:44:54.318+0000] {base.py:84} INFO - Using connection ID 'chess_project_s3' for task execution.
[2024-06-04T00:44:55.002+0000] {python.py:237} INFO - Done. Returned value was: None
[2024-06-04T00:44:55.003+0000] {taskinstance.py:441} INFO - ::group::Post task execution logs
[2024-06-04T00:44:55.009+0000] {taskinstance.py:1206} INFO - Marking task as SUCCESS. dag_id=chess_etl, task_id=games_etl, run_id=scheduled__2023-03-01T00:00:00+00:00, execution_date=20230301T000000, start_date=20240604T004453, end_date=20240604T004455
[2024-06-04T00:44:55.034+0000] {local_task_job_runner.py:240} INFO - Task exited with return code 0
[2024-06-04T00:44:55.048+0000] {taskinstance.py:3498} INFO - 1 downstream tasks scheduled from follow-on schedule check
[2024-06-04T00:44:55.049+0000] {local_task_job_runner.py:222} INFO - ::endgroup::
[2024-06-08T22:34:21.664+0000] {local_task_job_runner.py:120} INFO - ::group::Pre task execution logs
[2024-06-08T22:34:21.684+0000] {taskinstance.py:2076} INFO - Dependencies all met for dep_context=non-requeueable deps ti=<TaskInstance: chess_etl.games_etl scheduled__2023-03-01T00:00:00+00:00 [queued]>
[2024-06-08T22:34:21.694+0000] {taskinstance.py:2076} INFO - Dependencies all met for dep_context=requeueable deps ti=<TaskInstance: chess_etl.games_etl scheduled__2023-03-01T00:00:00+00:00 [queued]>
[2024-06-08T22:34:21.694+0000] {taskinstance.py:2306} INFO - Starting attempt 1 of 1
[2024-06-08T22:34:21.707+0000] {taskinstance.py:2330} INFO - Executing <Task(PythonOperator): games_etl> on 2023-03-01 00:00:00+00:00
[2024-06-08T22:34:21.716+0000] {warnings.py:110} WARNING - /home/***/.local/lib/python3.12/site-packages/***/task/task_runner/standard_task_runner.py:61: DeprecationWarning: This process (pid=47107) is multi-threaded, use of fork() may lead to deadlocks in the child.
  pid = os.fork()

[2024-06-08T22:34:21.718+0000] {standard_task_runner.py:63} INFO - Started process 47109 to run task
[2024-06-08T22:34:21.718+0000] {standard_task_runner.py:90} INFO - Running: ['***', 'tasks', 'run', 'chess_etl', 'games_etl', 'scheduled__2023-03-01T00:00:00+00:00', '--job-id', '340', '--raw', '--subdir', 'DAGS_FOLDER/chess_dag.py', '--cfg-path', '/tmp/tmprudi2k7u']
[2024-06-08T22:34:21.720+0000] {standard_task_runner.py:91} INFO - Job 340: Subtask games_etl
[2024-06-08T22:34:21.764+0000] {task_command.py:426} INFO - Running <TaskInstance: chess_etl.games_etl scheduled__2023-03-01T00:00:00+00:00 [running]> on host bf0ade909435
[2024-06-08T22:34:21.853+0000] {taskinstance.py:2648} INFO - Exporting env vars: AIRFLOW_CTX_DAG_OWNER='***' AIRFLOW_CTX_DAG_ID='chess_etl' AIRFLOW_CTX_TASK_ID='games_etl' AIRFLOW_CTX_EXECUTION_DATE='2023-03-01T00:00:00+00:00' AIRFLOW_CTX_TRY_NUMBER='1' AIRFLOW_CTX_DAG_RUN_ID='scheduled__2023-03-01T00:00:00+00:00'
[2024-06-08T22:34:21.854+0000] {taskinstance.py:430} INFO - ::endgroup::
[2024-06-08T22:34:21.855+0000] {warnings.py:110} WARNING - /home/***/.local/lib/python3.12/site-packages/***/utils/context.py:320: AirflowContextDeprecationWarning: Accessing 'execution_date' from the template is deprecated and will be removed in a future version. Please use 'data_interval_start' or 'logical_date' instead.
  warnings.warn(_create_deprecation_warning(k, replacements))

[2024-06-08T22:34:22.417+0000] {base.py:84} INFO - Using connection ID 'chess_project_s3' for task execution.
[2024-06-08T22:34:23.121+0000] {python.py:237} INFO - Done. Returned value was: None
[2024-06-08T22:34:23.123+0000] {taskinstance.py:441} INFO - ::group::Post task execution logs
[2024-06-08T22:34:23.133+0000] {taskinstance.py:1206} INFO - Marking task as SUCCESS. dag_id=chess_etl, task_id=games_etl, run_id=scheduled__2023-03-01T00:00:00+00:00, execution_date=20230301T000000, start_date=20240608T223421, end_date=20240608T223423
[2024-06-08T22:34:23.177+0000] {local_task_job_runner.py:240} INFO - Task exited with return code 0
[2024-06-08T22:34:23.198+0000] {taskinstance.py:3498} INFO - 1 downstream tasks scheduled from follow-on schedule check
[2024-06-08T22:34:23.200+0000] {local_task_job_runner.py:222} INFO - ::endgroup::
[2024-07-08T04:05:17.446+0000] {local_task_job_runner.py:120} INFO - ::group::Pre task execution logs
[2024-07-08T04:05:17.460+0000] {taskinstance.py:2076} INFO - Dependencies all met for dep_context=non-requeueable deps ti=<TaskInstance: chess_etl.games_etl scheduled__2023-03-01T00:00:00+00:00 [queued]>
[2024-07-08T04:05:17.465+0000] {taskinstance.py:2076} INFO - Dependencies all met for dep_context=requeueable deps ti=<TaskInstance: chess_etl.games_etl scheduled__2023-03-01T00:00:00+00:00 [queued]>
[2024-07-08T04:05:17.465+0000] {taskinstance.py:2306} INFO - Starting attempt 1 of 1
[2024-07-08T04:05:17.474+0000] {taskinstance.py:2330} INFO - Executing <Task(PythonOperator): games_etl> on 2023-03-01 00:00:00+00:00
[2024-07-08T04:05:17.481+0000] {warnings.py:110} WARNING - /home/***/.local/lib/python3.12/site-packages/***/task/task_runner/standard_task_runner.py:61: DeprecationWarning: This process (pid=47815) is multi-threaded, use of fork() may lead to deadlocks in the child.
  pid = os.fork()

[2024-07-08T04:05:17.483+0000] {standard_task_runner.py:63} INFO - Started process 47817 to run task
[2024-07-08T04:05:17.483+0000] {standard_task_runner.py:90} INFO - Running: ['***', 'tasks', 'run', 'chess_etl', 'games_etl', 'scheduled__2023-03-01T00:00:00+00:00', '--job-id', '756', '--raw', '--subdir', 'DAGS_FOLDER/chess_dag.py', '--cfg-path', '/tmp/tmparxkjf5n']
[2024-07-08T04:05:17.484+0000] {standard_task_runner.py:91} INFO - Job 756: Subtask games_etl
[2024-07-08T04:05:17.519+0000] {task_command.py:426} INFO - Running <TaskInstance: chess_etl.games_etl scheduled__2023-03-01T00:00:00+00:00 [running]> on host 6569f5155f0c
[2024-07-08T04:05:17.582+0000] {taskinstance.py:2648} INFO - Exporting env vars: AIRFLOW_CTX_DAG_OWNER='***' AIRFLOW_CTX_DAG_ID='chess_etl' AIRFLOW_CTX_TASK_ID='games_etl' AIRFLOW_CTX_EXECUTION_DATE='2023-03-01T00:00:00+00:00' AIRFLOW_CTX_TRY_NUMBER='1' AIRFLOW_CTX_DAG_RUN_ID='scheduled__2023-03-01T00:00:00+00:00'
[2024-07-08T04:05:17.583+0000] {taskinstance.py:430} INFO - ::endgroup::
[2024-07-08T04:05:17.584+0000] {warnings.py:110} WARNING - /home/***/.local/lib/python3.12/site-packages/***/utils/context.py:320: AirflowContextDeprecationWarning: Accessing 'execution_date' from the template is deprecated and will be removed in a future version. Please use 'data_interval_start' or 'logical_date' instead.
  warnings.warn(_create_deprecation_warning(k, replacements))

[2024-07-08T04:05:18.155+0000] {base.py:84} INFO - Using connection ID 'chess_project_s3' for task execution.
[2024-07-08T04:05:18.866+0000] {python.py:237} INFO - Done. Returned value was: None
[2024-07-08T04:05:18.867+0000] {taskinstance.py:441} INFO - ::group::Post task execution logs
[2024-07-08T04:05:18.874+0000] {taskinstance.py:1206} INFO - Marking task as SUCCESS. dag_id=chess_etl, task_id=games_etl, run_id=scheduled__2023-03-01T00:00:00+00:00, execution_date=20230301T000000, start_date=20240708T040517, end_date=20240708T040518
[2024-07-08T04:05:18.901+0000] {local_task_job_runner.py:240} INFO - Task exited with return code 0
[2024-07-08T04:05:18.919+0000] {taskinstance.py:3498} INFO - 1 downstream tasks scheduled from follow-on schedule check
[2024-07-08T04:05:18.920+0000] {local_task_job_runner.py:222} INFO - ::endgroup::
