[2024-06-03T17:38:43.996+0000] {local_task_job_runner.py:120} INFO - ::group::Pre task execution logs
[2024-06-03T17:38:44.011+0000] {taskinstance.py:2076} INFO - Dependencies all met for dep_context=non-requeueable deps ti=<TaskInstance: chess_etl.games_etl scheduled__2020-05-01T00:00:00+00:00 [queued]>
[2024-06-03T17:38:44.017+0000] {taskinstance.py:2076} INFO - Dependencies all met for dep_context=requeueable deps ti=<TaskInstance: chess_etl.games_etl scheduled__2020-05-01T00:00:00+00:00 [queued]>
[2024-06-03T17:38:44.017+0000] {taskinstance.py:2306} INFO - Starting attempt 1 of 1
[2024-06-03T17:38:44.026+0000] {taskinstance.py:2330} INFO - Executing <Task(PythonOperator): games_etl> on 2020-05-01 00:00:00+00:00
[2024-06-03T17:38:44.030+0000] {warnings.py:110} WARNING - /home/***/.local/lib/python3.12/site-packages/***/task/task_runner/standard_task_runner.py:61: DeprecationWarning: This process (pid=164) is multi-threaded, use of fork() may lead to deadlocks in the child.
  pid = os.fork()

[2024-06-03T17:38:44.031+0000] {standard_task_runner.py:63} INFO - Started process 166 to run task
[2024-06-03T17:38:44.032+0000] {standard_task_runner.py:90} INFO - Running: ['***', 'tasks', 'run', 'chess_etl', 'games_etl', 'scheduled__2020-05-01T00:00:00+00:00', '--job-id', '37', '--raw', '--subdir', 'DAGS_FOLDER/chess_dag.py', '--cfg-path', '/tmp/tmpwrz3jk5x']
[2024-06-03T17:38:44.033+0000] {standard_task_runner.py:91} INFO - Job 37: Subtask games_etl
[2024-06-03T17:38:44.070+0000] {task_command.py:426} INFO - Running <TaskInstance: chess_etl.games_etl scheduled__2020-05-01T00:00:00+00:00 [running]> on host a5a4421409ea
[2024-06-03T17:38:44.141+0000] {taskinstance.py:2648} INFO - Exporting env vars: AIRFLOW_CTX_DAG_OWNER='***' AIRFLOW_CTX_DAG_ID='chess_etl' AIRFLOW_CTX_TASK_ID='games_etl' AIRFLOW_CTX_EXECUTION_DATE='2020-05-01T00:00:00+00:00' AIRFLOW_CTX_TRY_NUMBER='1' AIRFLOW_CTX_DAG_RUN_ID='scheduled__2020-05-01T00:00:00+00:00'
[2024-06-03T17:38:44.143+0000] {taskinstance.py:430} INFO - ::endgroup::
[2024-06-03T17:38:44.144+0000] {warnings.py:110} WARNING - /home/***/.local/lib/python3.12/site-packages/***/utils/context.py:320: AirflowContextDeprecationWarning: Accessing 'execution_date' from the template is deprecated and will be removed in a future version. Please use 'data_interval_start' or 'logical_date' instead.
  warnings.warn(_create_deprecation_warning(k, replacements))

[2024-06-03T17:38:47.111+0000] {taskinstance.py:441} INFO - ::group::Post task execution logs
[2024-06-03T17:38:47.118+0000] {taskinstance.py:2905} ERROR - Task failed with exception
Traceback (most recent call last):
  File "/home/airflow/.local/lib/python3.12/site-packages/airflow/models/taskinstance.py", line 465, in _execute_task
    result = _execute_callable(context=context, **execute_callable_kwargs)
             ^^^^^^^^^^^^^^^^^^^^^^^^^^^^^^^^^^^^^^^^^^^^^^^^^^^^^^^^^^^^^
  File "/home/airflow/.local/lib/python3.12/site-packages/airflow/models/taskinstance.py", line 432, in _execute_callable
    return execute_callable(context=context, **execute_callable_kwargs)
           ^^^^^^^^^^^^^^^^^^^^^^^^^^^^^^^^^^^^^^^^^^^^^^^^^^^^^^^^^^^^
  File "/home/airflow/.local/lib/python3.12/site-packages/airflow/models/baseoperator.py", line 400, in wrapper
    return func(self, *args, **kwargs)
           ^^^^^^^^^^^^^^^^^^^^^^^^^^^
  File "/home/airflow/.local/lib/python3.12/site-packages/airflow/operators/python.py", line 235, in execute
    return_value = self.execute_callable()
                   ^^^^^^^^^^^^^^^^^^^^^^^
  File "/home/airflow/.local/lib/python3.12/site-packages/airflow/operators/python.py", line 252, in execute_callable
    return self.python_callable(*self.op_args, **self.op_kwargs)
           ^^^^^^^^^^^^^^^^^^^^^^^^^^^^^^^^^^^^^^^^^^^^^^^^^^^^^
  File "/opt/airflow/dags/chess_dag.py", line 19, in games_etl_task
    return get_monthly_games(execution_date)
           ^^^^^^^^^^^^^^^^^^^^^^^^^^^^^^^^^
  File "/opt/airflow/dags/chess_etl_code.py", line 60, in get_monthly_games
    connection = BaseHook.get_connection('chess_project_s3')
                 ^^^^^^^^^^^^^^^^^^^^^^^^^^^^^^^^^^^^^^^^^^^
  File "/home/airflow/.local/lib/python3.12/site-packages/airflow/hooks/base.py", line 83, in get_connection
    conn = Connection.get_connection_from_secrets(conn_id)
           ^^^^^^^^^^^^^^^^^^^^^^^^^^^^^^^^^^^^^^^^^^^^^^^
  File "/home/airflow/.local/lib/python3.12/site-packages/airflow/models/connection.py", line 519, in get_connection_from_secrets
    raise AirflowNotFoundException(f"The conn_id `{conn_id}` isn't defined")
airflow.exceptions.AirflowNotFoundException: The conn_id `chess_project_s3` isn't defined
[2024-06-03T17:38:47.124+0000] {taskinstance.py:1206} INFO - Marking task as FAILED. dag_id=chess_etl, task_id=games_etl, run_id=scheduled__2020-05-01T00:00:00+00:00, execution_date=20200501T000000, start_date=20240603T173844, end_date=20240603T173847
[2024-06-03T17:38:47.134+0000] {standard_task_runner.py:110} ERROR - Failed to execute job 37 for task games_etl (The conn_id `chess_project_s3` isn't defined; 166)
[2024-06-03T17:38:47.174+0000] {local_task_job_runner.py:240} INFO - Task exited with return code 1
[2024-06-03T17:38:47.191+0000] {taskinstance.py:3498} INFO - 0 downstream tasks scheduled from follow-on schedule check
[2024-06-03T17:38:47.195+0000] {local_task_job_runner.py:222} INFO - ::endgroup::
[2024-06-03T17:45:53.456+0000] {local_task_job_runner.py:120} INFO - ::group::Pre task execution logs
[2024-06-03T17:45:53.475+0000] {taskinstance.py:2076} INFO - Dependencies all met for dep_context=non-requeueable deps ti=<TaskInstance: chess_etl.games_etl scheduled__2020-05-01T00:00:00+00:00 [queued]>
[2024-06-03T17:45:53.482+0000] {taskinstance.py:2076} INFO - Dependencies all met for dep_context=requeueable deps ti=<TaskInstance: chess_etl.games_etl scheduled__2020-05-01T00:00:00+00:00 [queued]>
[2024-06-03T17:45:53.483+0000] {taskinstance.py:2306} INFO - Starting attempt 1 of 1
[2024-06-03T17:45:53.494+0000] {taskinstance.py:2330} INFO - Executing <Task(PythonOperator): games_etl> on 2020-05-01 00:00:00+00:00
[2024-06-03T17:45:53.500+0000] {warnings.py:110} WARNING - /home/***/.local/lib/python3.12/site-packages/***/task/task_runner/standard_task_runner.py:61: DeprecationWarning: This process (pid=260) is multi-threaded, use of fork() may lead to deadlocks in the child.
  pid = os.fork()

[2024-06-03T17:45:53.502+0000] {standard_task_runner.py:63} INFO - Started process 262 to run task
[2024-06-03T17:45:53.501+0000] {standard_task_runner.py:90} INFO - Running: ['***', 'tasks', 'run', 'chess_etl', 'games_etl', 'scheduled__2020-05-01T00:00:00+00:00', '--job-id', '96', '--raw', '--subdir', 'DAGS_FOLDER/chess_dag.py', '--cfg-path', '/tmp/tmpnt6udl69']
[2024-06-03T17:45:53.502+0000] {standard_task_runner.py:91} INFO - Job 96: Subtask games_etl
[2024-06-03T17:45:53.537+0000] {task_command.py:426} INFO - Running <TaskInstance: chess_etl.games_etl scheduled__2020-05-01T00:00:00+00:00 [running]> on host f55fff24b127
[2024-06-03T17:45:53.606+0000] {taskinstance.py:2648} INFO - Exporting env vars: AIRFLOW_CTX_DAG_OWNER='***' AIRFLOW_CTX_DAG_ID='chess_etl' AIRFLOW_CTX_TASK_ID='games_etl' AIRFLOW_CTX_EXECUTION_DATE='2020-05-01T00:00:00+00:00' AIRFLOW_CTX_TRY_NUMBER='1' AIRFLOW_CTX_DAG_RUN_ID='scheduled__2020-05-01T00:00:00+00:00'
[2024-06-03T17:45:53.607+0000] {taskinstance.py:430} INFO - ::endgroup::
[2024-06-03T17:45:53.608+0000] {warnings.py:110} WARNING - /home/***/.local/lib/python3.12/site-packages/***/utils/context.py:320: AirflowContextDeprecationWarning: Accessing 'execution_date' from the template is deprecated and will be removed in a future version. Please use 'data_interval_start' or 'logical_date' instead.
  warnings.warn(_create_deprecation_warning(k, replacements))

[2024-06-03T17:45:53.910+0000] {base.py:84} INFO - Using connection ID 'chess_project_s3' for task execution.
[2024-06-03T17:45:55.092+0000] {python.py:237} INFO - Done. Returned value was: None
[2024-06-03T17:45:55.093+0000] {taskinstance.py:441} INFO - ::group::Post task execution logs
[2024-06-03T17:45:55.100+0000] {taskinstance.py:1206} INFO - Marking task as SUCCESS. dag_id=chess_etl, task_id=games_etl, run_id=scheduled__2020-05-01T00:00:00+00:00, execution_date=20200501T000000, start_date=20240603T174553, end_date=20240603T174555
[2024-06-03T17:45:55.119+0000] {local_task_job_runner.py:240} INFO - Task exited with return code 0
[2024-06-03T17:45:55.133+0000] {taskinstance.py:3498} INFO - 1 downstream tasks scheduled from follow-on schedule check
[2024-06-03T17:45:55.135+0000] {local_task_job_runner.py:222} INFO - ::endgroup::
[2024-06-08T14:11:28.323+0000] {local_task_job_runner.py:120} INFO - ::group::Pre task execution logs
[2024-06-08T14:11:28.340+0000] {taskinstance.py:2076} INFO - Dependencies all met for dep_context=non-requeueable deps ti=<TaskInstance: chess_etl.games_etl scheduled__2020-05-01T00:00:00+00:00 [queued]>
[2024-06-08T14:11:28.347+0000] {taskinstance.py:2076} INFO - Dependencies all met for dep_context=requeueable deps ti=<TaskInstance: chess_etl.games_etl scheduled__2020-05-01T00:00:00+00:00 [queued]>
[2024-06-08T14:11:28.348+0000] {taskinstance.py:2306} INFO - Starting attempt 1 of 1
[2024-06-08T14:11:28.360+0000] {taskinstance.py:2330} INFO - Executing <Task(PythonOperator): games_etl> on 2020-05-01 00:00:00+00:00
[2024-06-08T14:11:28.367+0000] {warnings.py:110} WARNING - /home/***/.local/lib/python3.12/site-packages/***/task/task_runner/standard_task_runner.py:61: DeprecationWarning: This process (pid=285) is multi-threaded, use of fork() may lead to deadlocks in the child.
  pid = os.fork()

[2024-06-08T14:11:28.369+0000] {standard_task_runner.py:63} INFO - Started process 294 to run task
[2024-06-08T14:11:28.369+0000] {standard_task_runner.py:90} INFO - Running: ['***', 'tasks', 'run', 'chess_etl', 'games_etl', 'scheduled__2020-05-01T00:00:00+00:00', '--job-id', '236', '--raw', '--subdir', 'DAGS_FOLDER/chess_dag.py', '--cfg-path', '/tmp/tmprfr462p3']
[2024-06-08T14:11:28.370+0000] {standard_task_runner.py:91} INFO - Job 236: Subtask games_etl
[2024-06-08T14:11:28.411+0000] {task_command.py:426} INFO - Running <TaskInstance: chess_etl.games_etl scheduled__2020-05-01T00:00:00+00:00 [running]> on host 3c9d89bfdaf1
[2024-06-08T14:11:28.479+0000] {taskinstance.py:2648} INFO - Exporting env vars: AIRFLOW_CTX_DAG_OWNER='***' AIRFLOW_CTX_DAG_ID='chess_etl' AIRFLOW_CTX_TASK_ID='games_etl' AIRFLOW_CTX_EXECUTION_DATE='2020-05-01T00:00:00+00:00' AIRFLOW_CTX_TRY_NUMBER='1' AIRFLOW_CTX_DAG_RUN_ID='scheduled__2020-05-01T00:00:00+00:00'
[2024-06-08T14:11:28.480+0000] {taskinstance.py:430} INFO - ::endgroup::
[2024-06-08T14:11:28.481+0000] {warnings.py:110} WARNING - /home/***/.local/lib/python3.12/site-packages/***/utils/context.py:320: AirflowContextDeprecationWarning: Accessing 'execution_date' from the template is deprecated and will be removed in a future version. Please use 'data_interval_start' or 'logical_date' instead.
  warnings.warn(_create_deprecation_warning(k, replacements))

[2024-06-08T14:11:31.233+0000] {base.py:84} INFO - Using connection ID 'chess_project_s3' for task execution.
[2024-06-08T14:11:32.439+0000] {python.py:237} INFO - Done. Returned value was: None
[2024-06-08T14:11:32.439+0000] {taskinstance.py:441} INFO - ::group::Post task execution logs
[2024-06-08T14:11:32.446+0000] {taskinstance.py:1206} INFO - Marking task as SUCCESS. dag_id=chess_etl, task_id=games_etl, run_id=scheduled__2020-05-01T00:00:00+00:00, execution_date=20200501T000000, start_date=20240608T141128, end_date=20240608T141132
[2024-06-08T14:11:32.473+0000] {local_task_job_runner.py:240} INFO - Task exited with return code 0
[2024-06-08T14:11:32.486+0000] {taskinstance.py:3498} INFO - 1 downstream tasks scheduled from follow-on schedule check
[2024-06-08T14:11:32.487+0000] {local_task_job_runner.py:222} INFO - ::endgroup::
[2024-06-08T14:52:55.139+0000] {local_task_job_runner.py:120} INFO - ::group::Pre task execution logs
[2024-06-08T14:52:55.155+0000] {taskinstance.py:2076} INFO - Dependencies all met for dep_context=non-requeueable deps ti=<TaskInstance: chess_etl.games_etl scheduled__2020-05-01T00:00:00+00:00 [queued]>
[2024-06-08T14:52:55.161+0000] {taskinstance.py:2076} INFO - Dependencies all met for dep_context=requeueable deps ti=<TaskInstance: chess_etl.games_etl scheduled__2020-05-01T00:00:00+00:00 [queued]>
[2024-06-08T14:52:55.161+0000] {taskinstance.py:2306} INFO - Starting attempt 1 of 1
[2024-06-08T14:52:55.172+0000] {taskinstance.py:2330} INFO - Executing <Task(PythonOperator): games_etl> on 2020-05-01 00:00:00+00:00
[2024-06-08T14:52:55.178+0000] {warnings.py:110} WARNING - /home/***/.local/lib/python3.12/site-packages/***/task/task_runner/standard_task_runner.py:61: DeprecationWarning: This process (pid=373) is multi-threaded, use of fork() may lead to deadlocks in the child.
  pid = os.fork()

[2024-06-08T14:52:55.179+0000] {standard_task_runner.py:63} INFO - Started process 375 to run task
[2024-06-08T14:52:55.179+0000] {standard_task_runner.py:90} INFO - Running: ['***', 'tasks', 'run', 'chess_etl', 'games_etl', 'scheduled__2020-05-01T00:00:00+00:00', '--job-id', '271', '--raw', '--subdir', 'DAGS_FOLDER/chess_dag.py', '--cfg-path', '/tmp/tmpq4w113q5']
[2024-06-08T14:52:55.180+0000] {standard_task_runner.py:91} INFO - Job 271: Subtask games_etl
[2024-06-08T14:52:55.213+0000] {task_command.py:426} INFO - Running <TaskInstance: chess_etl.games_etl scheduled__2020-05-01T00:00:00+00:00 [running]> on host bf0ade909435
[2024-06-08T14:52:55.276+0000] {taskinstance.py:2648} INFO - Exporting env vars: AIRFLOW_CTX_DAG_OWNER='***' AIRFLOW_CTX_DAG_ID='chess_etl' AIRFLOW_CTX_TASK_ID='games_etl' AIRFLOW_CTX_EXECUTION_DATE='2020-05-01T00:00:00+00:00' AIRFLOW_CTX_TRY_NUMBER='1' AIRFLOW_CTX_DAG_RUN_ID='scheduled__2020-05-01T00:00:00+00:00'
[2024-06-08T14:52:55.277+0000] {taskinstance.py:430} INFO - ::endgroup::
[2024-06-08T14:52:55.278+0000] {warnings.py:110} WARNING - /home/***/.local/lib/python3.12/site-packages/***/utils/context.py:320: AirflowContextDeprecationWarning: Accessing 'execution_date' from the template is deprecated and will be removed in a future version. Please use 'data_interval_start' or 'logical_date' instead.
  warnings.warn(_create_deprecation_warning(k, replacements))

[2024-06-08T14:52:55.567+0000] {base.py:84} INFO - Using connection ID 'chess_project_s3' for task execution.
[2024-06-08T14:52:56.770+0000] {python.py:237} INFO - Done. Returned value was: None
[2024-06-08T14:52:56.770+0000] {taskinstance.py:441} INFO - ::group::Post task execution logs
[2024-06-08T14:52:56.777+0000] {taskinstance.py:1206} INFO - Marking task as SUCCESS. dag_id=chess_etl, task_id=games_etl, run_id=scheduled__2020-05-01T00:00:00+00:00, execution_date=20200501T000000, start_date=20240608T145255, end_date=20240608T145256
[2024-06-08T14:52:56.798+0000] {local_task_job_runner.py:240} INFO - Task exited with return code 0
[2024-06-08T14:52:56.810+0000] {taskinstance.py:3498} INFO - 1 downstream tasks scheduled from follow-on schedule check
[2024-06-08T14:52:56.811+0000] {local_task_job_runner.py:222} INFO - ::endgroup::
[2024-07-07T21:21:08.496+0000] {local_task_job_runner.py:120} INFO - ::group::Pre task execution logs
[2024-07-07T21:21:08.516+0000] {taskinstance.py:2076} INFO - Dependencies all met for dep_context=non-requeueable deps ti=<TaskInstance: chess_etl.games_etl scheduled__2020-05-01T00:00:00+00:00 [queued]>
[2024-07-07T21:21:08.524+0000] {taskinstance.py:2076} INFO - Dependencies all met for dep_context=requeueable deps ti=<TaskInstance: chess_etl.games_etl scheduled__2020-05-01T00:00:00+00:00 [queued]>
[2024-07-07T21:21:08.525+0000] {taskinstance.py:2306} INFO - Starting attempt 1 of 1
[2024-07-07T21:21:08.537+0000] {taskinstance.py:2330} INFO - Executing <Task(PythonOperator): games_etl> on 2020-05-01 00:00:00+00:00
[2024-07-07T21:21:08.544+0000] {warnings.py:110} WARNING - /home/***/.local/lib/python3.12/site-packages/***/task/task_runner/standard_task_runner.py:61: DeprecationWarning: This process (pid=1474) is multi-threaded, use of fork() may lead to deadlocks in the child.
  pid = os.fork()

[2024-07-07T21:21:08.546+0000] {standard_task_runner.py:63} INFO - Started process 1478 to run task
[2024-07-07T21:21:08.546+0000] {standard_task_runner.py:90} INFO - Running: ['***', 'tasks', 'run', 'chess_etl', 'games_etl', 'scheduled__2020-05-01T00:00:00+00:00', '--job-id', '619', '--raw', '--subdir', 'DAGS_FOLDER/chess_dag.py', '--cfg-path', '/tmp/tmpy_6jb7d3']
[2024-07-07T21:21:08.547+0000] {standard_task_runner.py:91} INFO - Job 619: Subtask games_etl
[2024-07-07T21:21:08.584+0000] {task_command.py:426} INFO - Running <TaskInstance: chess_etl.games_etl scheduled__2020-05-01T00:00:00+00:00 [running]> on host 6569f5155f0c
[2024-07-07T21:21:08.643+0000] {taskinstance.py:2648} INFO - Exporting env vars: AIRFLOW_CTX_DAG_OWNER='***' AIRFLOW_CTX_DAG_ID='chess_etl' AIRFLOW_CTX_TASK_ID='games_etl' AIRFLOW_CTX_EXECUTION_DATE='2020-05-01T00:00:00+00:00' AIRFLOW_CTX_TRY_NUMBER='1' AIRFLOW_CTX_DAG_RUN_ID='scheduled__2020-05-01T00:00:00+00:00'
[2024-07-07T21:21:08.644+0000] {taskinstance.py:430} INFO - ::endgroup::
[2024-07-07T21:21:08.645+0000] {warnings.py:110} WARNING - /home/***/.local/lib/python3.12/site-packages/***/utils/context.py:320: AirflowContextDeprecationWarning: Accessing 'execution_date' from the template is deprecated and will be removed in a future version. Please use 'data_interval_start' or 'logical_date' instead.
  warnings.warn(_create_deprecation_warning(k, replacements))

[2024-07-07T21:21:11.148+0000] {base.py:84} INFO - Using connection ID 'chess_project_s3' for task execution.
[2024-07-07T21:21:12.297+0000] {python.py:237} INFO - Done. Returned value was: None
[2024-07-07T21:21:12.298+0000] {taskinstance.py:441} INFO - ::group::Post task execution logs
[2024-07-07T21:21:12.305+0000] {taskinstance.py:1206} INFO - Marking task as SUCCESS. dag_id=chess_etl, task_id=games_etl, run_id=scheduled__2020-05-01T00:00:00+00:00, execution_date=20200501T000000, start_date=20240707T212108, end_date=20240707T212112
[2024-07-07T21:21:12.330+0000] {local_task_job_runner.py:240} INFO - Task exited with return code 0
[2024-07-07T21:21:12.349+0000] {taskinstance.py:3498} INFO - 1 downstream tasks scheduled from follow-on schedule check
[2024-07-07T21:21:12.350+0000] {local_task_job_runner.py:222} INFO - ::endgroup::
