[2024-06-03T21:19:27.194+0000] {local_task_job_runner.py:120} INFO - ::group::Pre task execution logs
[2024-06-03T21:19:27.210+0000] {taskinstance.py:2076} INFO - Dependencies all met for dep_context=non-requeueable deps ti=<TaskInstance: chess_etl.blunders_etl scheduled__2021-02-01T00:00:00+00:00 [queued]>
[2024-06-03T21:19:27.216+0000] {taskinstance.py:2076} INFO - Dependencies all met for dep_context=requeueable deps ti=<TaskInstance: chess_etl.blunders_etl scheduled__2021-02-01T00:00:00+00:00 [queued]>
[2024-06-03T21:19:27.216+0000] {taskinstance.py:2306} INFO - Starting attempt 1 of 1
[2024-06-03T21:19:27.226+0000] {taskinstance.py:2330} INFO - Executing <Task(PythonOperator): blunders_etl> on 2021-02-01 00:00:00+00:00
[2024-06-03T21:19:27.233+0000] {warnings.py:110} WARNING - /home/***/.local/lib/python3.12/site-packages/***/task/task_runner/standard_task_runner.py:61: DeprecationWarning: This process (pid=23006) is multi-threaded, use of fork() may lead to deadlocks in the child.
  pid = os.fork()

[2024-06-03T21:19:27.235+0000] {standard_task_runner.py:63} INFO - Started process 23015 to run task
[2024-06-03T21:19:27.235+0000] {standard_task_runner.py:90} INFO - Running: ['***', 'tasks', 'run', 'chess_etl', 'blunders_etl', 'scheduled__2021-02-01T00:00:00+00:00', '--job-id', '115', '--raw', '--subdir', 'DAGS_FOLDER/chess_dag.py', '--cfg-path', '/tmp/tmpop9cwssm']
[2024-06-03T21:19:27.236+0000] {standard_task_runner.py:91} INFO - Job 115: Subtask blunders_etl
[2024-06-03T21:19:27.270+0000] {task_command.py:426} INFO - Running <TaskInstance: chess_etl.blunders_etl scheduled__2021-02-01T00:00:00+00:00 [running]> on host f55fff24b127
[2024-06-03T21:19:27.348+0000] {taskinstance.py:2648} INFO - Exporting env vars: AIRFLOW_CTX_DAG_OWNER='***' AIRFLOW_CTX_DAG_ID='chess_etl' AIRFLOW_CTX_TASK_ID='blunders_etl' AIRFLOW_CTX_EXECUTION_DATE='2021-02-01T00:00:00+00:00' AIRFLOW_CTX_TRY_NUMBER='1' AIRFLOW_CTX_DAG_RUN_ID='scheduled__2021-02-01T00:00:00+00:00'
[2024-06-03T21:19:27.349+0000] {taskinstance.py:430} INFO - ::endgroup::
[2024-06-03T21:19:27.350+0000] {warnings.py:110} WARNING - /home/***/.local/lib/python3.12/site-packages/***/utils/context.py:320: AirflowContextDeprecationWarning: Accessing 'execution_date' from the template is deprecated and will be removed in a future version. Please use 'data_interval_start' or 'logical_date' instead.
  warnings.warn(_create_deprecation_warning(k, replacements))

[2024-06-03T21:19:27.358+0000] {base.py:84} INFO - Using connection ID 'chess_project_s3' for task execution.
[2024-06-03T21:59:03.325+0000] {python.py:237} INFO - Done. Returned value was: None
[2024-06-03T21:59:03.325+0000] {taskinstance.py:441} INFO - ::group::Post task execution logs
[2024-06-03T21:59:03.334+0000] {taskinstance.py:1206} INFO - Marking task as SUCCESS. dag_id=chess_etl, task_id=blunders_etl, run_id=scheduled__2021-02-01T00:00:00+00:00, execution_date=20210201T000000, start_date=20240603T211927, end_date=20240603T215903
[2024-06-03T21:59:03.373+0000] {local_task_job_runner.py:240} INFO - Task exited with return code 0
[2024-06-03T21:59:03.384+0000] {taskinstance.py:3498} INFO - 0 downstream tasks scheduled from follow-on schedule check
[2024-06-03T21:59:03.385+0000] {local_task_job_runner.py:222} INFO - ::endgroup::
[2024-06-08T18:52:34.361+0000] {local_task_job_runner.py:120} INFO - ::group::Pre task execution logs
[2024-06-08T18:52:34.378+0000] {taskinstance.py:2076} INFO - Dependencies all met for dep_context=non-requeueable deps ti=<TaskInstance: chess_etl.blunders_etl scheduled__2021-02-01T00:00:00+00:00 [queued]>
[2024-06-08T18:52:34.384+0000] {taskinstance.py:2076} INFO - Dependencies all met for dep_context=requeueable deps ti=<TaskInstance: chess_etl.blunders_etl scheduled__2021-02-01T00:00:00+00:00 [queued]>
[2024-06-08T18:52:34.385+0000] {taskinstance.py:2306} INFO - Starting attempt 1 of 1
[2024-06-08T18:52:34.396+0000] {taskinstance.py:2330} INFO - Executing <Task(PythonOperator): blunders_etl> on 2021-02-01 00:00:00+00:00
[2024-06-08T18:52:34.404+0000] {warnings.py:110} WARNING - /home/***/.local/lib/python3.12/site-packages/***/task/task_runner/standard_task_runner.py:61: DeprecationWarning: This process (pid=24124) is multi-threaded, use of fork() may lead to deadlocks in the child.
  pid = os.fork()

[2024-06-08T18:52:34.405+0000] {standard_task_runner.py:63} INFO - Started process 24126 to run task
[2024-06-08T18:52:34.405+0000] {standard_task_runner.py:90} INFO - Running: ['***', 'tasks', 'run', 'chess_etl', 'blunders_etl', 'scheduled__2021-02-01T00:00:00+00:00', '--job-id', '291', '--raw', '--subdir', 'DAGS_FOLDER/chess_dag.py', '--cfg-path', '/tmp/tmp8pfh0c42']
[2024-06-08T18:52:34.406+0000] {standard_task_runner.py:91} INFO - Job 291: Subtask blunders_etl
[2024-06-08T18:52:34.440+0000] {task_command.py:426} INFO - Running <TaskInstance: chess_etl.blunders_etl scheduled__2021-02-01T00:00:00+00:00 [running]> on host bf0ade909435
[2024-06-08T18:52:34.504+0000] {taskinstance.py:2648} INFO - Exporting env vars: AIRFLOW_CTX_DAG_OWNER='***' AIRFLOW_CTX_DAG_ID='chess_etl' AIRFLOW_CTX_TASK_ID='blunders_etl' AIRFLOW_CTX_EXECUTION_DATE='2021-02-01T00:00:00+00:00' AIRFLOW_CTX_TRY_NUMBER='1' AIRFLOW_CTX_DAG_RUN_ID='scheduled__2021-02-01T00:00:00+00:00'
[2024-06-08T18:52:34.505+0000] {taskinstance.py:430} INFO - ::endgroup::
[2024-06-08T18:52:34.506+0000] {warnings.py:110} WARNING - /home/***/.local/lib/python3.12/site-packages/***/utils/context.py:320: AirflowContextDeprecationWarning: Accessing 'execution_date' from the template is deprecated and will be removed in a future version. Please use 'data_interval_start' or 'logical_date' instead.
  warnings.warn(_create_deprecation_warning(k, replacements))

[2024-06-08T18:52:34.513+0000] {base.py:84} INFO - Using connection ID 'chess_project_s3' for task execution.
[2024-06-08T19:31:57.952+0000] {python.py:237} INFO - Done. Returned value was: None
[2024-06-08T19:31:57.953+0000] {taskinstance.py:441} INFO - ::group::Post task execution logs
[2024-06-08T19:31:57.963+0000] {taskinstance.py:1206} INFO - Marking task as SUCCESS. dag_id=chess_etl, task_id=blunders_etl, run_id=scheduled__2021-02-01T00:00:00+00:00, execution_date=20210201T000000, start_date=20240608T185234, end_date=20240608T193157
[2024-06-08T19:31:58.010+0000] {local_task_job_runner.py:240} INFO - Task exited with return code 0
[2024-06-08T19:31:58.025+0000] {taskinstance.py:3498} INFO - 0 downstream tasks scheduled from follow-on schedule check
[2024-06-08T19:31:58.026+0000] {local_task_job_runner.py:222} INFO - ::endgroup::
[2024-07-08T00:46:08.091+0000] {local_task_job_runner.py:120} INFO - ::group::Pre task execution logs
[2024-07-08T00:46:08.104+0000] {taskinstance.py:2076} INFO - Dependencies all met for dep_context=non-requeueable deps ti=<TaskInstance: chess_etl.blunders_etl scheduled__2021-02-01T00:00:00+00:00 [queued]>
[2024-07-08T00:46:08.110+0000] {taskinstance.py:2076} INFO - Dependencies all met for dep_context=requeueable deps ti=<TaskInstance: chess_etl.blunders_etl scheduled__2021-02-01T00:00:00+00:00 [queued]>
[2024-07-08T00:46:08.110+0000] {taskinstance.py:2306} INFO - Starting attempt 1 of 1
[2024-07-08T00:46:08.118+0000] {taskinstance.py:2330} INFO - Executing <Task(PythonOperator): blunders_etl> on 2021-02-01 00:00:00+00:00
[2024-07-08T00:46:08.125+0000] {warnings.py:110} WARNING - /home/***/.local/lib/python3.12/site-packages/***/task/task_runner/standard_task_runner.py:61: DeprecationWarning: This process (pid=24238) is multi-threaded, use of fork() may lead to deadlocks in the child.
  pid = os.fork()

[2024-07-08T00:46:08.126+0000] {standard_task_runner.py:63} INFO - Started process 24240 to run task
[2024-07-08T00:46:08.126+0000] {standard_task_runner.py:90} INFO - Running: ['***', 'tasks', 'run', 'chess_etl', 'blunders_etl', 'scheduled__2021-02-01T00:00:00+00:00', '--job-id', '657', '--raw', '--subdir', 'DAGS_FOLDER/chess_dag.py', '--cfg-path', '/tmp/tmpxw8m8lo8']
[2024-07-08T00:46:08.127+0000] {standard_task_runner.py:91} INFO - Job 657: Subtask blunders_etl
[2024-07-08T00:46:08.161+0000] {task_command.py:426} INFO - Running <TaskInstance: chess_etl.blunders_etl scheduled__2021-02-01T00:00:00+00:00 [running]> on host 6569f5155f0c
[2024-07-08T00:46:08.224+0000] {taskinstance.py:2648} INFO - Exporting env vars: AIRFLOW_CTX_DAG_OWNER='***' AIRFLOW_CTX_DAG_ID='chess_etl' AIRFLOW_CTX_TASK_ID='blunders_etl' AIRFLOW_CTX_EXECUTION_DATE='2021-02-01T00:00:00+00:00' AIRFLOW_CTX_TRY_NUMBER='1' AIRFLOW_CTX_DAG_RUN_ID='scheduled__2021-02-01T00:00:00+00:00'
[2024-07-08T00:46:08.225+0000] {taskinstance.py:430} INFO - ::endgroup::
[2024-07-08T00:46:08.226+0000] {warnings.py:110} WARNING - /home/***/.local/lib/python3.12/site-packages/***/utils/context.py:320: AirflowContextDeprecationWarning: Accessing 'execution_date' from the template is deprecated and will be removed in a future version. Please use 'data_interval_start' or 'logical_date' instead.
  warnings.warn(_create_deprecation_warning(k, replacements))

[2024-07-08T00:46:08.232+0000] {base.py:84} INFO - Using connection ID 'chess_project_s3' for task execution.
[2024-07-08T01:23:51.472+0000] {python.py:237} INFO - Done. Returned value was: None
[2024-07-08T01:23:51.473+0000] {taskinstance.py:441} INFO - ::group::Post task execution logs
[2024-07-08T01:23:51.481+0000] {taskinstance.py:1206} INFO - Marking task as SUCCESS. dag_id=chess_etl, task_id=blunders_etl, run_id=scheduled__2021-02-01T00:00:00+00:00, execution_date=20210201T000000, start_date=20240708T004608, end_date=20240708T012351
[2024-07-08T01:23:51.522+0000] {local_task_job_runner.py:240} INFO - Task exited with return code 0
[2024-07-08T01:23:51.539+0000] {taskinstance.py:3498} INFO - 1 downstream tasks scheduled from follow-on schedule check
[2024-07-08T01:23:51.540+0000] {local_task_job_runner.py:222} INFO - ::endgroup::
