[2024-06-03T23:14:15.066+0000] {local_task_job_runner.py:120} INFO - ::group::Pre task execution logs
[2024-06-03T23:14:15.081+0000] {taskinstance.py:2076} INFO - Dependencies all met for dep_context=non-requeueable deps ti=<TaskInstance: chess_etl.blunders_etl scheduled__2022-07-01T00:00:00+00:00 [queued]>
[2024-06-03T23:14:15.087+0000] {taskinstance.py:2076} INFO - Dependencies all met for dep_context=requeueable deps ti=<TaskInstance: chess_etl.blunders_etl scheduled__2022-07-01T00:00:00+00:00 [queued]>
[2024-06-03T23:14:15.088+0000] {taskinstance.py:2306} INFO - Starting attempt 1 of 1
[2024-06-03T23:14:15.100+0000] {taskinstance.py:2330} INFO - Executing <Task(PythonOperator): blunders_etl> on 2022-07-01 00:00:00+00:00
[2024-06-03T23:14:15.107+0000] {warnings.py:110} WARNING - /home/***/.local/lib/python3.12/site-packages/***/task/task_runner/standard_task_runner.py:61: DeprecationWarning: This process (pid=35938) is multi-threaded, use of fork() may lead to deadlocks in the child.
  pid = os.fork()

[2024-06-03T23:14:15.109+0000] {standard_task_runner.py:63} INFO - Started process 35940 to run task
[2024-06-03T23:14:15.109+0000] {standard_task_runner.py:90} INFO - Running: ['***', 'tasks', 'run', 'chess_etl', 'blunders_etl', 'scheduled__2022-07-01T00:00:00+00:00', '--job-id', '149', '--raw', '--subdir', 'DAGS_FOLDER/chess_dag.py', '--cfg-path', '/tmp/tmpi8yodeur']
[2024-06-03T23:14:15.110+0000] {standard_task_runner.py:91} INFO - Job 149: Subtask blunders_etl
[2024-06-03T23:14:15.144+0000] {task_command.py:426} INFO - Running <TaskInstance: chess_etl.blunders_etl scheduled__2022-07-01T00:00:00+00:00 [running]> on host f55fff24b127
[2024-06-03T23:14:15.210+0000] {taskinstance.py:2648} INFO - Exporting env vars: AIRFLOW_CTX_DAG_OWNER='***' AIRFLOW_CTX_DAG_ID='chess_etl' AIRFLOW_CTX_TASK_ID='blunders_etl' AIRFLOW_CTX_EXECUTION_DATE='2022-07-01T00:00:00+00:00' AIRFLOW_CTX_TRY_NUMBER='1' AIRFLOW_CTX_DAG_RUN_ID='scheduled__2022-07-01T00:00:00+00:00'
[2024-06-03T23:14:15.211+0000] {taskinstance.py:430} INFO - ::endgroup::
[2024-06-03T23:14:15.212+0000] {warnings.py:110} WARNING - /home/***/.local/lib/python3.12/site-packages/***/utils/context.py:320: AirflowContextDeprecationWarning: Accessing 'execution_date' from the template is deprecated and will be removed in a future version. Please use 'data_interval_start' or 'logical_date' instead.
  warnings.warn(_create_deprecation_warning(k, replacements))

[2024-06-03T23:14:15.218+0000] {base.py:84} INFO - Using connection ID 'chess_project_s3' for task execution.
[2024-06-03T23:50:16.791+0000] {python.py:237} INFO - Done. Returned value was: None
[2024-06-03T23:50:16.792+0000] {taskinstance.py:441} INFO - ::group::Post task execution logs
[2024-06-03T23:50:16.802+0000] {taskinstance.py:1206} INFO - Marking task as SUCCESS. dag_id=chess_etl, task_id=blunders_etl, run_id=scheduled__2022-07-01T00:00:00+00:00, execution_date=20220701T000000, start_date=20240603T231415, end_date=20240603T235016
[2024-06-03T23:50:16.842+0000] {local_task_job_runner.py:240} INFO - Task exited with return code 0
[2024-06-03T23:50:16.858+0000] {taskinstance.py:3498} INFO - 0 downstream tasks scheduled from follow-on schedule check
[2024-06-03T23:50:16.859+0000] {local_task_job_runner.py:222} INFO - ::endgroup::
[2024-06-08T20:47:01.421+0000] {local_task_job_runner.py:120} INFO - ::group::Pre task execution logs
[2024-06-08T20:47:01.443+0000] {taskinstance.py:2076} INFO - Dependencies all met for dep_context=non-requeueable deps ti=<TaskInstance: chess_etl.blunders_etl scheduled__2022-07-01T00:00:00+00:00 [queued]>
[2024-06-08T20:47:01.452+0000] {taskinstance.py:2076} INFO - Dependencies all met for dep_context=requeueable deps ti=<TaskInstance: chess_etl.blunders_etl scheduled__2022-07-01T00:00:00+00:00 [queued]>
[2024-06-08T20:47:01.452+0000] {taskinstance.py:2306} INFO - Starting attempt 1 of 1
[2024-06-08T20:47:01.469+0000] {taskinstance.py:2330} INFO - Executing <Task(PythonOperator): blunders_etl> on 2022-07-01 00:00:00+00:00
[2024-06-08T20:47:01.480+0000] {warnings.py:110} WARNING - /home/***/.local/lib/python3.12/site-packages/***/task/task_runner/standard_task_runner.py:61: DeprecationWarning: This process (pid=36473) is multi-threaded, use of fork() may lead to deadlocks in the child.
  pid = os.fork()

[2024-06-08T20:47:01.482+0000] {standard_task_runner.py:63} INFO - Started process 36475 to run task
[2024-06-08T20:47:01.482+0000] {standard_task_runner.py:90} INFO - Running: ['***', 'tasks', 'run', 'chess_etl', 'blunders_etl', 'scheduled__2022-07-01T00:00:00+00:00', '--job-id', '325', '--raw', '--subdir', 'DAGS_FOLDER/chess_dag.py', '--cfg-path', '/tmp/tmpus1wb113']
[2024-06-08T20:47:01.483+0000] {standard_task_runner.py:91} INFO - Job 325: Subtask blunders_etl
[2024-06-08T20:47:01.531+0000] {task_command.py:426} INFO - Running <TaskInstance: chess_etl.blunders_etl scheduled__2022-07-01T00:00:00+00:00 [running]> on host bf0ade909435
[2024-06-08T20:47:01.619+0000] {taskinstance.py:2648} INFO - Exporting env vars: AIRFLOW_CTX_DAG_OWNER='***' AIRFLOW_CTX_DAG_ID='chess_etl' AIRFLOW_CTX_TASK_ID='blunders_etl' AIRFLOW_CTX_EXECUTION_DATE='2022-07-01T00:00:00+00:00' AIRFLOW_CTX_TRY_NUMBER='1' AIRFLOW_CTX_DAG_RUN_ID='scheduled__2022-07-01T00:00:00+00:00'
[2024-06-08T20:47:01.620+0000] {taskinstance.py:430} INFO - ::endgroup::
[2024-06-08T20:47:01.622+0000] {warnings.py:110} WARNING - /home/***/.local/lib/python3.12/site-packages/***/utils/context.py:320: AirflowContextDeprecationWarning: Accessing 'execution_date' from the template is deprecated and will be removed in a future version. Please use 'data_interval_start' or 'logical_date' instead.
  warnings.warn(_create_deprecation_warning(k, replacements))

[2024-06-08T20:47:01.631+0000] {base.py:84} INFO - Using connection ID 'chess_project_s3' for task execution.
[2024-06-08T21:28:36.792+0000] {python.py:237} INFO - Done. Returned value was: None
[2024-06-08T21:28:36.797+0000] {taskinstance.py:441} INFO - ::group::Post task execution logs
[2024-06-08T21:28:36.831+0000] {taskinstance.py:1206} INFO - Marking task as SUCCESS. dag_id=chess_etl, task_id=blunders_etl, run_id=scheduled__2022-07-01T00:00:00+00:00, execution_date=20220701T000000, start_date=20240608T204701, end_date=20240608T212836
[2024-06-08T21:28:36.886+0000] {local_task_job_runner.py:240} INFO - Task exited with return code 0
[2024-06-08T21:28:36.922+0000] {taskinstance.py:3498} INFO - 0 downstream tasks scheduled from follow-on schedule check
[2024-06-08T21:28:36.923+0000] {local_task_job_runner.py:222} INFO - ::endgroup::
[2024-07-08T02:37:03.542+0000] {local_task_job_runner.py:120} INFO - ::group::Pre task execution logs
[2024-07-08T02:37:03.556+0000] {taskinstance.py:2076} INFO - Dependencies all met for dep_context=non-requeueable deps ti=<TaskInstance: chess_etl.blunders_etl scheduled__2022-07-01T00:00:00+00:00 [queued]>
[2024-07-08T02:37:03.562+0000] {taskinstance.py:2076} INFO - Dependencies all met for dep_context=requeueable deps ti=<TaskInstance: chess_etl.blunders_etl scheduled__2022-07-01T00:00:00+00:00 [queued]>
[2024-07-08T02:37:03.562+0000] {taskinstance.py:2306} INFO - Starting attempt 1 of 1
[2024-07-08T02:37:03.571+0000] {taskinstance.py:2330} INFO - Executing <Task(PythonOperator): blunders_etl> on 2022-07-01 00:00:00+00:00
[2024-07-08T02:37:03.578+0000] {warnings.py:110} WARNING - /home/***/.local/lib/python3.12/site-packages/***/task/task_runner/standard_task_runner.py:61: DeprecationWarning: This process (pid=37330) is multi-threaded, use of fork() may lead to deadlocks in the child.
  pid = os.fork()

[2024-07-08T02:37:03.580+0000] {standard_task_runner.py:63} INFO - Started process 37332 to run task
[2024-07-08T02:37:03.580+0000] {standard_task_runner.py:90} INFO - Running: ['***', 'tasks', 'run', 'chess_etl', 'blunders_etl', 'scheduled__2022-07-01T00:00:00+00:00', '--job-id', '725', '--raw', '--subdir', 'DAGS_FOLDER/chess_dag.py', '--cfg-path', '/tmp/tmp_bhsz8g2']
[2024-07-08T02:37:03.581+0000] {standard_task_runner.py:91} INFO - Job 725: Subtask blunders_etl
[2024-07-08T02:37:03.616+0000] {task_command.py:426} INFO - Running <TaskInstance: chess_etl.blunders_etl scheduled__2022-07-01T00:00:00+00:00 [running]> on host 6569f5155f0c
[2024-07-08T02:37:03.682+0000] {taskinstance.py:2648} INFO - Exporting env vars: AIRFLOW_CTX_DAG_OWNER='***' AIRFLOW_CTX_DAG_ID='chess_etl' AIRFLOW_CTX_TASK_ID='blunders_etl' AIRFLOW_CTX_EXECUTION_DATE='2022-07-01T00:00:00+00:00' AIRFLOW_CTX_TRY_NUMBER='1' AIRFLOW_CTX_DAG_RUN_ID='scheduled__2022-07-01T00:00:00+00:00'
[2024-07-08T02:37:03.683+0000] {taskinstance.py:430} INFO - ::endgroup::
[2024-07-08T02:37:03.684+0000] {warnings.py:110} WARNING - /home/***/.local/lib/python3.12/site-packages/***/utils/context.py:320: AirflowContextDeprecationWarning: Accessing 'execution_date' from the template is deprecated and will be removed in a future version. Please use 'data_interval_start' or 'logical_date' instead.
  warnings.warn(_create_deprecation_warning(k, replacements))

[2024-07-08T02:37:03.691+0000] {base.py:84} INFO - Using connection ID 'chess_project_s3' for task execution.
[2024-07-08T03:11:16.180+0000] {python.py:237} INFO - Done. Returned value was: None
[2024-07-08T03:11:16.181+0000] {taskinstance.py:441} INFO - ::group::Post task execution logs
[2024-07-08T03:11:16.188+0000] {taskinstance.py:1206} INFO - Marking task as SUCCESS. dag_id=chess_etl, task_id=blunders_etl, run_id=scheduled__2022-07-01T00:00:00+00:00, execution_date=20220701T000000, start_date=20240708T023703, end_date=20240708T031116
[2024-07-08T03:11:16.231+0000] {local_task_job_runner.py:240} INFO - Task exited with return code 0
[2024-07-08T03:11:16.252+0000] {taskinstance.py:3498} INFO - 1 downstream tasks scheduled from follow-on schedule check
[2024-07-08T03:11:16.253+0000] {local_task_job_runner.py:222} INFO - ::endgroup::
