[2024-06-03T17:39:14.528+0000] {local_task_job_runner.py:120} INFO - ::group::Pre task execution logs
[2024-06-03T17:39:14.541+0000] {taskinstance.py:2076} INFO - Dependencies all met for dep_context=non-requeueable deps ti=<TaskInstance: chess_etl.games_etl scheduled__2021-06-01T00:00:00+00:00 [queued]>
[2024-06-03T17:39:14.546+0000] {taskinstance.py:2076} INFO - Dependencies all met for dep_context=requeueable deps ti=<TaskInstance: chess_etl.games_etl scheduled__2021-06-01T00:00:00+00:00 [queued]>
[2024-06-03T17:39:14.547+0000] {taskinstance.py:2306} INFO - Starting attempt 1 of 1
[2024-06-03T17:39:14.556+0000] {taskinstance.py:2330} INFO - Executing <Task(PythonOperator): games_etl> on 2021-06-01 00:00:00+00:00
[2024-06-03T17:39:14.560+0000] {warnings.py:110} WARNING - /home/***/.local/lib/python3.12/site-packages/***/task/task_runner/standard_task_runner.py:61: DeprecationWarning: This process (pid=211) is multi-threaded, use of fork() may lead to deadlocks in the child.
  pid = os.fork()

[2024-06-03T17:39:14.561+0000] {standard_task_runner.py:63} INFO - Started process 214 to run task
[2024-06-03T17:39:14.562+0000] {standard_task_runner.py:90} INFO - Running: ['***', 'tasks', 'run', 'chess_etl', 'games_etl', 'scheduled__2021-06-01T00:00:00+00:00', '--job-id', '51', '--raw', '--subdir', 'DAGS_FOLDER/chess_dag.py', '--cfg-path', '/tmp/tmp26cwa33c']
[2024-06-03T17:39:14.563+0000] {standard_task_runner.py:91} INFO - Job 51: Subtask games_etl
[2024-06-03T17:39:14.598+0000] {task_command.py:426} INFO - Running <TaskInstance: chess_etl.games_etl scheduled__2021-06-01T00:00:00+00:00 [running]> on host a5a4421409ea
[2024-06-03T17:39:14.656+0000] {taskinstance.py:2648} INFO - Exporting env vars: AIRFLOW_CTX_DAG_OWNER='***' AIRFLOW_CTX_DAG_ID='chess_etl' AIRFLOW_CTX_TASK_ID='games_etl' AIRFLOW_CTX_EXECUTION_DATE='2021-06-01T00:00:00+00:00' AIRFLOW_CTX_TRY_NUMBER='1' AIRFLOW_CTX_DAG_RUN_ID='scheduled__2021-06-01T00:00:00+00:00'
[2024-06-03T17:39:14.657+0000] {taskinstance.py:430} INFO - ::endgroup::
[2024-06-03T17:39:14.659+0000] {warnings.py:110} WARNING - /home/***/.local/lib/python3.12/site-packages/***/utils/context.py:320: AirflowContextDeprecationWarning: Accessing 'execution_date' from the template is deprecated and will be removed in a future version. Please use 'data_interval_start' or 'logical_date' instead.
  warnings.warn(_create_deprecation_warning(k, replacements))

[2024-06-03T17:39:15.063+0000] {taskinstance.py:441} INFO - ::group::Post task execution logs
[2024-06-03T17:39:15.069+0000] {taskinstance.py:2905} ERROR - Task failed with exception
Traceback (most recent call last):
  File "/home/airflow/.local/lib/python3.12/site-packages/airflow/models/taskinstance.py", line 465, in _execute_task
    result = _execute_callable(context=context, **execute_callable_kwargs)
             ^^^^^^^^^^^^^^^^^^^^^^^^^^^^^^^^^^^^^^^^^^^^^^^^^^^^^^^^^^^^^
  File "/home/airflow/.local/lib/python3.12/site-packages/airflow/models/taskinstance.py", line 432, in _execute_callable
    return execute_callable(context=context, **execute_callable_kwargs)
           ^^^^^^^^^^^^^^^^^^^^^^^^^^^^^^^^^^^^^^^^^^^^^^^^^^^^^^^^^^^^
  File "/home/airflow/.local/lib/python3.12/site-packages/airflow/models/baseoperator.py", line 400, in wrapper
    return func(self, *args, **kwargs)
           ^^^^^^^^^^^^^^^^^^^^^^^^^^^
  File "/home/airflow/.local/lib/python3.12/site-packages/airflow/operators/python.py", line 235, in execute
    return_value = self.execute_callable()
                   ^^^^^^^^^^^^^^^^^^^^^^^
  File "/home/airflow/.local/lib/python3.12/site-packages/airflow/operators/python.py", line 252, in execute_callable
    return self.python_callable(*self.op_args, **self.op_kwargs)
           ^^^^^^^^^^^^^^^^^^^^^^^^^^^^^^^^^^^^^^^^^^^^^^^^^^^^^
  File "/opt/airflow/dags/chess_dag.py", line 19, in games_etl_task
    return get_monthly_games(execution_date)
           ^^^^^^^^^^^^^^^^^^^^^^^^^^^^^^^^^
  File "/opt/airflow/dags/chess_etl_code.py", line 60, in get_monthly_games
    connection = BaseHook.get_connection('chess_project_s3')
                 ^^^^^^^^^^^^^^^^^^^^^^^^^^^^^^^^^^^^^^^^^^^
  File "/home/airflow/.local/lib/python3.12/site-packages/airflow/hooks/base.py", line 83, in get_connection
    conn = Connection.get_connection_from_secrets(conn_id)
           ^^^^^^^^^^^^^^^^^^^^^^^^^^^^^^^^^^^^^^^^^^^^^^^
  File "/home/airflow/.local/lib/python3.12/site-packages/airflow/models/connection.py", line 519, in get_connection_from_secrets
    raise AirflowNotFoundException(f"The conn_id `{conn_id}` isn't defined")
airflow.exceptions.AirflowNotFoundException: The conn_id `chess_project_s3` isn't defined
[2024-06-03T17:39:15.076+0000] {taskinstance.py:1206} INFO - Marking task as FAILED. dag_id=chess_etl, task_id=games_etl, run_id=scheduled__2021-06-01T00:00:00+00:00, execution_date=20210601T000000, start_date=20240603T173914, end_date=20240603T173915
[2024-06-03T17:39:15.085+0000] {standard_task_runner.py:110} ERROR - Failed to execute job 51 for task games_etl (The conn_id `chess_project_s3` isn't defined; 214)
[2024-06-03T17:39:15.096+0000] {local_task_job_runner.py:240} INFO - Task exited with return code 1
[2024-06-03T17:39:15.115+0000] {taskinstance.py:3498} INFO - 0 downstream tasks scheduled from follow-on schedule check
[2024-06-03T17:39:15.118+0000] {local_task_job_runner.py:222} INFO - ::endgroup::
[2024-06-03T22:06:54.867+0000] {local_task_job_runner.py:120} INFO - ::group::Pre task execution logs
[2024-06-03T22:06:54.882+0000] {taskinstance.py:2076} INFO - Dependencies all met for dep_context=non-requeueable deps ti=<TaskInstance: chess_etl.games_etl scheduled__2021-06-01T00:00:00+00:00 [queued]>
[2024-06-03T22:06:54.888+0000] {taskinstance.py:2076} INFO - Dependencies all met for dep_context=requeueable deps ti=<TaskInstance: chess_etl.games_etl scheduled__2021-06-01T00:00:00+00:00 [queued]>
[2024-06-03T22:06:54.889+0000] {taskinstance.py:2306} INFO - Starting attempt 1 of 1
[2024-06-03T22:06:54.897+0000] {taskinstance.py:2330} INFO - Executing <Task(PythonOperator): games_etl> on 2021-06-01 00:00:00+00:00
[2024-06-03T22:06:54.905+0000] {warnings.py:110} WARNING - /home/***/.local/lib/python3.12/site-packages/***/task/task_runner/standard_task_runner.py:61: DeprecationWarning: This process (pid=28283) is multi-threaded, use of fork() may lead to deadlocks in the child.
  pid = os.fork()

[2024-06-03T22:06:54.906+0000] {standard_task_runner.py:63} INFO - Started process 28285 to run task
[2024-06-03T22:06:54.907+0000] {standard_task_runner.py:90} INFO - Running: ['***', 'tasks', 'run', 'chess_etl', 'games_etl', 'scheduled__2021-06-01T00:00:00+00:00', '--job-id', '122', '--raw', '--subdir', 'DAGS_FOLDER/chess_dag.py', '--cfg-path', '/tmp/tmpo89k4axw']
[2024-06-03T22:06:54.908+0000] {standard_task_runner.py:91} INFO - Job 122: Subtask games_etl
[2024-06-03T22:06:54.946+0000] {task_command.py:426} INFO - Running <TaskInstance: chess_etl.games_etl scheduled__2021-06-01T00:00:00+00:00 [running]> on host f55fff24b127
[2024-06-03T22:06:55.010+0000] {taskinstance.py:2648} INFO - Exporting env vars: AIRFLOW_CTX_DAG_OWNER='***' AIRFLOW_CTX_DAG_ID='chess_etl' AIRFLOW_CTX_TASK_ID='games_etl' AIRFLOW_CTX_EXECUTION_DATE='2021-06-01T00:00:00+00:00' AIRFLOW_CTX_TRY_NUMBER='1' AIRFLOW_CTX_DAG_RUN_ID='scheduled__2021-06-01T00:00:00+00:00'
[2024-06-03T22:06:55.011+0000] {taskinstance.py:430} INFO - ::endgroup::
[2024-06-03T22:06:55.012+0000] {warnings.py:110} WARNING - /home/***/.local/lib/python3.12/site-packages/***/utils/context.py:320: AirflowContextDeprecationWarning: Accessing 'execution_date' from the template is deprecated and will be removed in a future version. Please use 'data_interval_start' or 'logical_date' instead.
  warnings.warn(_create_deprecation_warning(k, replacements))

[2024-06-03T22:06:55.416+0000] {base.py:84} INFO - Using connection ID 'chess_project_s3' for task execution.
[2024-06-03T22:06:55.996+0000] {python.py:237} INFO - Done. Returned value was: None
[2024-06-03T22:06:55.997+0000] {taskinstance.py:441} INFO - ::group::Post task execution logs
[2024-06-03T22:06:56.003+0000] {taskinstance.py:1206} INFO - Marking task as SUCCESS. dag_id=chess_etl, task_id=games_etl, run_id=scheduled__2021-06-01T00:00:00+00:00, execution_date=20210601T000000, start_date=20240603T220654, end_date=20240603T220656
[2024-06-03T22:06:56.042+0000] {local_task_job_runner.py:240} INFO - Task exited with return code 0
[2024-06-03T22:06:56.060+0000] {taskinstance.py:3498} INFO - 1 downstream tasks scheduled from follow-on schedule check
[2024-06-03T22:06:56.062+0000] {local_task_job_runner.py:222} INFO - ::endgroup::
[2024-06-08T19:32:02.747+0000] {local_task_job_runner.py:120} INFO - ::group::Pre task execution logs
[2024-06-08T19:32:02.761+0000] {taskinstance.py:2076} INFO - Dependencies all met for dep_context=non-requeueable deps ti=<TaskInstance: chess_etl.games_etl scheduled__2021-06-01T00:00:00+00:00 [queued]>
[2024-06-08T19:32:02.767+0000] {taskinstance.py:2076} INFO - Dependencies all met for dep_context=requeueable deps ti=<TaskInstance: chess_etl.games_etl scheduled__2021-06-01T00:00:00+00:00 [queued]>
[2024-06-08T19:32:02.767+0000] {taskinstance.py:2306} INFO - Starting attempt 1 of 1
[2024-06-08T19:32:02.776+0000] {taskinstance.py:2330} INFO - Executing <Task(PythonOperator): games_etl> on 2021-06-01 00:00:00+00:00
[2024-06-08T19:32:02.784+0000] {warnings.py:110} WARNING - /home/***/.local/lib/python3.12/site-packages/***/task/task_runner/standard_task_runner.py:61: DeprecationWarning: This process (pid=28584) is multi-threaded, use of fork() may lead to deadlocks in the child.
  pid = os.fork()

[2024-06-08T19:32:02.785+0000] {standard_task_runner.py:63} INFO - Started process 28586 to run task
[2024-06-08T19:32:02.785+0000] {standard_task_runner.py:90} INFO - Running: ['***', 'tasks', 'run', 'chess_etl', 'games_etl', 'scheduled__2021-06-01T00:00:00+00:00', '--job-id', '298', '--raw', '--subdir', 'DAGS_FOLDER/chess_dag.py', '--cfg-path', '/tmp/tmplihnnnie']
[2024-06-08T19:32:02.786+0000] {standard_task_runner.py:91} INFO - Job 298: Subtask games_etl
[2024-06-08T19:32:02.822+0000] {task_command.py:426} INFO - Running <TaskInstance: chess_etl.games_etl scheduled__2021-06-01T00:00:00+00:00 [running]> on host bf0ade909435
[2024-06-08T19:32:02.891+0000] {taskinstance.py:2648} INFO - Exporting env vars: AIRFLOW_CTX_DAG_OWNER='***' AIRFLOW_CTX_DAG_ID='chess_etl' AIRFLOW_CTX_TASK_ID='games_etl' AIRFLOW_CTX_EXECUTION_DATE='2021-06-01T00:00:00+00:00' AIRFLOW_CTX_TRY_NUMBER='1' AIRFLOW_CTX_DAG_RUN_ID='scheduled__2021-06-01T00:00:00+00:00'
[2024-06-08T19:32:02.893+0000] {taskinstance.py:430} INFO - ::endgroup::
[2024-06-08T19:32:02.893+0000] {warnings.py:110} WARNING - /home/***/.local/lib/python3.12/site-packages/***/utils/context.py:320: AirflowContextDeprecationWarning: Accessing 'execution_date' from the template is deprecated and will be removed in a future version. Please use 'data_interval_start' or 'logical_date' instead.
  warnings.warn(_create_deprecation_warning(k, replacements))

[2024-06-08T19:32:03.311+0000] {base.py:84} INFO - Using connection ID 'chess_project_s3' for task execution.
[2024-06-08T19:32:03.957+0000] {python.py:237} INFO - Done. Returned value was: None
[2024-06-08T19:32:03.958+0000] {taskinstance.py:441} INFO - ::group::Post task execution logs
[2024-06-08T19:32:03.965+0000] {taskinstance.py:1206} INFO - Marking task as SUCCESS. dag_id=chess_etl, task_id=games_etl, run_id=scheduled__2021-06-01T00:00:00+00:00, execution_date=20210601T000000, start_date=20240608T193202, end_date=20240608T193203
[2024-06-08T19:32:04.002+0000] {local_task_job_runner.py:240} INFO - Task exited with return code 0
[2024-06-08T19:32:04.018+0000] {taskinstance.py:3498} INFO - 1 downstream tasks scheduled from follow-on schedule check
[2024-06-08T19:32:04.019+0000] {local_task_job_runner.py:222} INFO - ::endgroup::
[2024-07-08T01:31:14.432+0000] {local_task_job_runner.py:120} INFO - ::group::Pre task execution logs
[2024-07-08T01:31:14.447+0000] {taskinstance.py:2076} INFO - Dependencies all met for dep_context=non-requeueable deps ti=<TaskInstance: chess_etl.games_etl scheduled__2021-06-01T00:00:00+00:00 [queued]>
[2024-07-08T01:31:14.452+0000] {taskinstance.py:2076} INFO - Dependencies all met for dep_context=requeueable deps ti=<TaskInstance: chess_etl.games_etl scheduled__2021-06-01T00:00:00+00:00 [queued]>
[2024-07-08T01:31:14.452+0000] {taskinstance.py:2306} INFO - Starting attempt 1 of 1
[2024-07-08T01:31:14.461+0000] {taskinstance.py:2330} INFO - Executing <Task(PythonOperator): games_etl> on 2021-06-01 00:00:00+00:00
[2024-07-08T01:31:14.469+0000] {warnings.py:110} WARNING - /home/***/.local/lib/python3.12/site-packages/***/task/task_runner/standard_task_runner.py:61: DeprecationWarning: This process (pid=29499) is multi-threaded, use of fork() may lead to deadlocks in the child.
  pid = os.fork()

[2024-07-08T01:31:14.470+0000] {standard_task_runner.py:63} INFO - Started process 29501 to run task
[2024-07-08T01:31:14.470+0000] {standard_task_runner.py:90} INFO - Running: ['***', 'tasks', 'run', 'chess_etl', 'games_etl', 'scheduled__2021-06-01T00:00:00+00:00', '--job-id', '672', '--raw', '--subdir', 'DAGS_FOLDER/chess_dag.py', '--cfg-path', '/tmp/tmpjhp381vn']
[2024-07-08T01:31:14.471+0000] {standard_task_runner.py:91} INFO - Job 672: Subtask games_etl
[2024-07-08T01:31:14.505+0000] {task_command.py:426} INFO - Running <TaskInstance: chess_etl.games_etl scheduled__2021-06-01T00:00:00+00:00 [running]> on host 6569f5155f0c
[2024-07-08T01:31:14.568+0000] {taskinstance.py:2648} INFO - Exporting env vars: AIRFLOW_CTX_DAG_OWNER='***' AIRFLOW_CTX_DAG_ID='chess_etl' AIRFLOW_CTX_TASK_ID='games_etl' AIRFLOW_CTX_EXECUTION_DATE='2021-06-01T00:00:00+00:00' AIRFLOW_CTX_TRY_NUMBER='1' AIRFLOW_CTX_DAG_RUN_ID='scheduled__2021-06-01T00:00:00+00:00'
[2024-07-08T01:31:14.569+0000] {taskinstance.py:430} INFO - ::endgroup::
[2024-07-08T01:31:14.570+0000] {warnings.py:110} WARNING - /home/***/.local/lib/python3.12/site-packages/***/utils/context.py:320: AirflowContextDeprecationWarning: Accessing 'execution_date' from the template is deprecated and will be removed in a future version. Please use 'data_interval_start' or 'logical_date' instead.
  warnings.warn(_create_deprecation_warning(k, replacements))

[2024-07-08T01:31:14.995+0000] {base.py:84} INFO - Using connection ID 'chess_project_s3' for task execution.
[2024-07-08T01:31:15.658+0000] {python.py:237} INFO - Done. Returned value was: None
[2024-07-08T01:31:15.659+0000] {taskinstance.py:441} INFO - ::group::Post task execution logs
[2024-07-08T01:31:15.667+0000] {taskinstance.py:1206} INFO - Marking task as SUCCESS. dag_id=chess_etl, task_id=games_etl, run_id=scheduled__2021-06-01T00:00:00+00:00, execution_date=20210601T000000, start_date=20240708T013114, end_date=20240708T013115
[2024-07-08T01:31:15.687+0000] {local_task_job_runner.py:240} INFO - Task exited with return code 0
[2024-07-08T01:31:15.707+0000] {taskinstance.py:3498} INFO - 1 downstream tasks scheduled from follow-on schedule check
[2024-07-08T01:31:15.708+0000] {local_task_job_runner.py:222} INFO - ::endgroup::
