[2024-06-03T23:14:11.016+0000] {local_task_job_runner.py:120} INFO - ::group::Pre task execution logs
[2024-06-03T23:14:11.032+0000] {taskinstance.py:2076} INFO - Dependencies all met for dep_context=non-requeueable deps ti=<TaskInstance: chess_etl.games_etl scheduled__2022-07-01T00:00:00+00:00 [queued]>
[2024-06-03T23:14:11.038+0000] {taskinstance.py:2076} INFO - Dependencies all met for dep_context=requeueable deps ti=<TaskInstance: chess_etl.games_etl scheduled__2022-07-01T00:00:00+00:00 [queued]>
[2024-06-03T23:14:11.038+0000] {taskinstance.py:2306} INFO - Starting attempt 1 of 1
[2024-06-03T23:14:11.048+0000] {taskinstance.py:2330} INFO - Executing <Task(PythonOperator): games_etl> on 2022-07-01 00:00:00+00:00
[2024-06-03T23:14:11.058+0000] {standard_task_runner.py:90} INFO - Running: ['***', 'tasks', 'run', 'chess_etl', 'games_etl', 'scheduled__2022-07-01T00:00:00+00:00', '--job-id', '148', '--raw', '--subdir', 'DAGS_FOLDER/chess_dag.py', '--cfg-path', '/tmp/tmpczmd78_8']
[2024-06-03T23:14:11.057+0000] {warnings.py:110} WARNING - /home/***/.local/lib/python3.12/site-packages/***/task/task_runner/standard_task_runner.py:61: DeprecationWarning: This process (pid=35933) is multi-threaded, use of fork() may lead to deadlocks in the child.
  pid = os.fork()

[2024-06-03T23:14:11.059+0000] {standard_task_runner.py:91} INFO - Job 148: Subtask games_etl
[2024-06-03T23:14:11.059+0000] {standard_task_runner.py:63} INFO - Started process 35935 to run task
[2024-06-03T23:14:11.096+0000] {task_command.py:426} INFO - Running <TaskInstance: chess_etl.games_etl scheduled__2022-07-01T00:00:00+00:00 [running]> on host f55fff24b127
[2024-06-03T23:14:11.171+0000] {taskinstance.py:2648} INFO - Exporting env vars: AIRFLOW_CTX_DAG_OWNER='***' AIRFLOW_CTX_DAG_ID='chess_etl' AIRFLOW_CTX_TASK_ID='games_etl' AIRFLOW_CTX_EXECUTION_DATE='2022-07-01T00:00:00+00:00' AIRFLOW_CTX_TRY_NUMBER='1' AIRFLOW_CTX_DAG_RUN_ID='scheduled__2022-07-01T00:00:00+00:00'
[2024-06-03T23:14:11.173+0000] {taskinstance.py:430} INFO - ::endgroup::
[2024-06-03T23:14:11.174+0000] {warnings.py:110} WARNING - /home/***/.local/lib/python3.12/site-packages/***/utils/context.py:320: AirflowContextDeprecationWarning: Accessing 'execution_date' from the template is deprecated and will be removed in a future version. Please use 'data_interval_start' or 'logical_date' instead.
  warnings.warn(_create_deprecation_warning(k, replacements))

[2024-06-03T23:14:12.382+0000] {base.py:84} INFO - Using connection ID 'chess_project_s3' for task execution.
[2024-06-03T23:14:13.215+0000] {python.py:237} INFO - Done. Returned value was: None
[2024-06-03T23:14:13.215+0000] {taskinstance.py:441} INFO - ::group::Post task execution logs
[2024-06-03T23:14:13.223+0000] {taskinstance.py:1206} INFO - Marking task as SUCCESS. dag_id=chess_etl, task_id=games_etl, run_id=scheduled__2022-07-01T00:00:00+00:00, execution_date=20220701T000000, start_date=20240603T231411, end_date=20240603T231413
[2024-06-03T23:14:13.278+0000] {local_task_job_runner.py:240} INFO - Task exited with return code 0
[2024-06-03T23:14:13.294+0000] {taskinstance.py:3498} INFO - 1 downstream tasks scheduled from follow-on schedule check
[2024-06-03T23:14:13.295+0000] {local_task_job_runner.py:222} INFO - ::endgroup::
[2024-06-08T20:46:57.212+0000] {local_task_job_runner.py:120} INFO - ::group::Pre task execution logs
[2024-06-08T20:46:57.233+0000] {taskinstance.py:2076} INFO - Dependencies all met for dep_context=non-requeueable deps ti=<TaskInstance: chess_etl.games_etl scheduled__2022-07-01T00:00:00+00:00 [queued]>
[2024-06-08T20:46:57.242+0000] {taskinstance.py:2076} INFO - Dependencies all met for dep_context=requeueable deps ti=<TaskInstance: chess_etl.games_etl scheduled__2022-07-01T00:00:00+00:00 [queued]>
[2024-06-08T20:46:57.242+0000] {taskinstance.py:2306} INFO - Starting attempt 1 of 1
[2024-06-08T20:46:57.259+0000] {taskinstance.py:2330} INFO - Executing <Task(PythonOperator): games_etl> on 2022-07-01 00:00:00+00:00
[2024-06-08T20:46:57.269+0000] {warnings.py:110} WARNING - /home/***/.local/lib/python3.12/site-packages/***/task/task_runner/standard_task_runner.py:61: DeprecationWarning: This process (pid=36460) is multi-threaded, use of fork() may lead to deadlocks in the child.
  pid = os.fork()

[2024-06-08T20:46:57.271+0000] {standard_task_runner.py:90} INFO - Running: ['***', 'tasks', 'run', 'chess_etl', 'games_etl', 'scheduled__2022-07-01T00:00:00+00:00', '--job-id', '324', '--raw', '--subdir', 'DAGS_FOLDER/chess_dag.py', '--cfg-path', '/tmp/tmpctz219ii']
[2024-06-08T20:46:57.271+0000] {standard_task_runner.py:63} INFO - Started process 36462 to run task
[2024-06-08T20:46:57.272+0000] {standard_task_runner.py:91} INFO - Job 324: Subtask games_etl
[2024-06-08T20:46:57.323+0000] {task_command.py:426} INFO - Running <TaskInstance: chess_etl.games_etl scheduled__2022-07-01T00:00:00+00:00 [running]> on host bf0ade909435
[2024-06-08T20:46:57.406+0000] {taskinstance.py:2648} INFO - Exporting env vars: AIRFLOW_CTX_DAG_OWNER='***' AIRFLOW_CTX_DAG_ID='chess_etl' AIRFLOW_CTX_TASK_ID='games_etl' AIRFLOW_CTX_EXECUTION_DATE='2022-07-01T00:00:00+00:00' AIRFLOW_CTX_TRY_NUMBER='1' AIRFLOW_CTX_DAG_RUN_ID='scheduled__2022-07-01T00:00:00+00:00'
[2024-06-08T20:46:57.407+0000] {taskinstance.py:430} INFO - ::endgroup::
[2024-06-08T20:46:57.409+0000] {warnings.py:110} WARNING - /home/***/.local/lib/python3.12/site-packages/***/utils/context.py:320: AirflowContextDeprecationWarning: Accessing 'execution_date' from the template is deprecated and will be removed in a future version. Please use 'data_interval_start' or 'logical_date' instead.
  warnings.warn(_create_deprecation_warning(k, replacements))

[2024-06-08T20:46:58.491+0000] {base.py:84} INFO - Using connection ID 'chess_project_s3' for task execution.
[2024-06-08T20:46:59.373+0000] {python.py:237} INFO - Done. Returned value was: None
[2024-06-08T20:46:59.373+0000] {taskinstance.py:441} INFO - ::group::Post task execution logs
[2024-06-08T20:46:59.384+0000] {taskinstance.py:1206} INFO - Marking task as SUCCESS. dag_id=chess_etl, task_id=games_etl, run_id=scheduled__2022-07-01T00:00:00+00:00, execution_date=20220701T000000, start_date=20240608T204657, end_date=20240608T204659
[2024-06-08T20:46:59.413+0000] {local_task_job_runner.py:240} INFO - Task exited with return code 0
[2024-06-08T20:46:59.432+0000] {taskinstance.py:3498} INFO - 1 downstream tasks scheduled from follow-on schedule check
[2024-06-08T20:46:59.434+0000] {local_task_job_runner.py:222} INFO - ::endgroup::
[2024-07-08T02:36:59.766+0000] {local_task_job_runner.py:120} INFO - ::group::Pre task execution logs
[2024-07-08T02:36:59.780+0000] {taskinstance.py:2076} INFO - Dependencies all met for dep_context=non-requeueable deps ti=<TaskInstance: chess_etl.games_etl scheduled__2022-07-01T00:00:00+00:00 [queued]>
[2024-07-08T02:36:59.786+0000] {taskinstance.py:2076} INFO - Dependencies all met for dep_context=requeueable deps ti=<TaskInstance: chess_etl.games_etl scheduled__2022-07-01T00:00:00+00:00 [queued]>
[2024-07-08T02:36:59.787+0000] {taskinstance.py:2306} INFO - Starting attempt 1 of 1
[2024-07-08T02:36:59.796+0000] {taskinstance.py:2330} INFO - Executing <Task(PythonOperator): games_etl> on 2022-07-01 00:00:00+00:00
[2024-07-08T02:36:59.804+0000] {warnings.py:110} WARNING - /home/***/.local/lib/python3.12/site-packages/***/task/task_runner/standard_task_runner.py:61: DeprecationWarning: This process (pid=37325) is multi-threaded, use of fork() may lead to deadlocks in the child.
  pid = os.fork()

[2024-07-08T02:36:59.805+0000] {standard_task_runner.py:63} INFO - Started process 37327 to run task
[2024-07-08T02:36:59.805+0000] {standard_task_runner.py:90} INFO - Running: ['***', 'tasks', 'run', 'chess_etl', 'games_etl', 'scheduled__2022-07-01T00:00:00+00:00', '--job-id', '724', '--raw', '--subdir', 'DAGS_FOLDER/chess_dag.py', '--cfg-path', '/tmp/tmpzprs5vsn']
[2024-07-08T02:36:59.806+0000] {standard_task_runner.py:91} INFO - Job 724: Subtask games_etl
[2024-07-08T02:36:59.840+0000] {task_command.py:426} INFO - Running <TaskInstance: chess_etl.games_etl scheduled__2022-07-01T00:00:00+00:00 [running]> on host 6569f5155f0c
[2024-07-08T02:36:59.904+0000] {taskinstance.py:2648} INFO - Exporting env vars: AIRFLOW_CTX_DAG_OWNER='***' AIRFLOW_CTX_DAG_ID='chess_etl' AIRFLOW_CTX_TASK_ID='games_etl' AIRFLOW_CTX_EXECUTION_DATE='2022-07-01T00:00:00+00:00' AIRFLOW_CTX_TRY_NUMBER='1' AIRFLOW_CTX_DAG_RUN_ID='scheduled__2022-07-01T00:00:00+00:00'
[2024-07-08T02:36:59.905+0000] {taskinstance.py:430} INFO - ::endgroup::
[2024-07-08T02:36:59.906+0000] {warnings.py:110} WARNING - /home/***/.local/lib/python3.12/site-packages/***/utils/context.py:320: AirflowContextDeprecationWarning: Accessing 'execution_date' from the template is deprecated and will be removed in a future version. Please use 'data_interval_start' or 'logical_date' instead.
  warnings.warn(_create_deprecation_warning(k, replacements))

[2024-07-08T02:37:00.998+0000] {base.py:84} INFO - Using connection ID 'chess_project_s3' for task execution.
[2024-07-08T02:37:01.826+0000] {python.py:237} INFO - Done. Returned value was: None
[2024-07-08T02:37:01.826+0000] {taskinstance.py:441} INFO - ::group::Post task execution logs
[2024-07-08T02:37:01.833+0000] {taskinstance.py:1206} INFO - Marking task as SUCCESS. dag_id=chess_etl, task_id=games_etl, run_id=scheduled__2022-07-01T00:00:00+00:00, execution_date=20220701T000000, start_date=20240708T023659, end_date=20240708T023701
[2024-07-08T02:37:01.865+0000] {local_task_job_runner.py:240} INFO - Task exited with return code 0
[2024-07-08T02:37:01.888+0000] {taskinstance.py:3498} INFO - 1 downstream tasks scheduled from follow-on schedule check
[2024-07-08T02:37:01.889+0000] {local_task_job_runner.py:222} INFO - ::endgroup::
