[2024-07-07T18:36:16.244+0000] {local_task_job_runner.py:120} INFO - ::group::Pre task execution logs
[2024-07-07T18:36:16.258+0000] {taskinstance.py:2076} INFO - Dependencies all met for dep_context=non-requeueable deps ti=<TaskInstance: chess_etl.redshift_game_load scheduled__2021-11-01T00:00:00+00:00 [queued]>
[2024-07-07T18:36:16.264+0000] {taskinstance.py:2076} INFO - Dependencies all met for dep_context=requeueable deps ti=<TaskInstance: chess_etl.redshift_game_load scheduled__2021-11-01T00:00:00+00:00 [queued]>
[2024-07-07T18:36:16.265+0000] {taskinstance.py:2306} INFO - Starting attempt 1 of 1
[2024-07-07T18:36:16.273+0000] {taskinstance.py:2330} INFO - Executing <Task(PythonOperator): redshift_game_load> on 2021-11-01 00:00:00+00:00
[2024-07-07T18:36:16.278+0000] {warnings.py:110} WARNING - /home/***/.local/lib/python3.12/site-packages/***/task/task_runner/standard_task_runner.py:61: DeprecationWarning: This process (pid=1448) is multi-threaded, use of fork() may lead to deadlocks in the child.
  pid = os.fork()

[2024-07-07T18:36:16.279+0000] {standard_task_runner.py:63} INFO - Started process 1451 to run task
[2024-07-07T18:36:16.279+0000] {standard_task_runner.py:90} INFO - Running: ['***', 'tasks', 'run', 'chess_etl', 'redshift_game_load', 'scheduled__2021-11-01T00:00:00+00:00', '--job-id', '446', '--pool', 'default_pool', '--raw', '--subdir', 'DAGS_FOLDER/chess_dag.py', '--cfg-path', '/tmp/tmpf8pl1eu8']
[2024-07-07T18:36:16.280+0000] {standard_task_runner.py:91} INFO - Job 446: Subtask redshift_game_load
[2024-07-07T18:36:16.311+0000] {task_command.py:426} INFO - Running <TaskInstance: chess_etl.redshift_game_load scheduled__2021-11-01T00:00:00+00:00 [running]> on host cb919e35e0e9
[2024-07-07T18:36:16.365+0000] {taskinstance.py:2648} INFO - Exporting env vars: AIRFLOW_CTX_DAG_OWNER='***' AIRFLOW_CTX_DAG_ID='chess_etl' AIRFLOW_CTX_TASK_ID='redshift_game_load' AIRFLOW_CTX_EXECUTION_DATE='2021-11-01T00:00:00+00:00' AIRFLOW_CTX_TRY_NUMBER='1' AIRFLOW_CTX_DAG_RUN_ID='scheduled__2021-11-01T00:00:00+00:00'
[2024-07-07T18:36:16.366+0000] {taskinstance.py:430} INFO - ::endgroup::
[2024-07-07T18:36:16.366+0000] {warnings.py:110} WARNING - /home/***/.local/lib/python3.12/site-packages/***/utils/context.py:320: AirflowContextDeprecationWarning: Accessing 'execution_date' from the template is deprecated and will be removed in a future version. Please use 'data_interval_start' or 'logical_date' instead.
  warnings.warn(_create_deprecation_warning(k, replacements))

[2024-07-07T18:36:16.372+0000] {base.py:84} INFO - Using connection ID 'chess_project_s3' for task execution.
[2024-07-07T18:36:17.143+0000] {base.py:84} INFO - Using connection ID 'chess_project_redshift' for task execution.
[2024-07-07T18:36:20.578+0000] {python.py:237} INFO - Done. Returned value was: None
[2024-07-07T18:36:20.579+0000] {taskinstance.py:441} INFO - ::group::Post task execution logs
[2024-07-07T18:36:20.585+0000] {taskinstance.py:1206} INFO - Marking task as SUCCESS. dag_id=chess_etl, task_id=redshift_game_load, run_id=scheduled__2021-11-01T00:00:00+00:00, execution_date=20211101T000000, start_date=20240707T183616, end_date=20240707T183620
[2024-07-07T18:36:20.626+0000] {local_task_job_runner.py:240} INFO - Task exited with return code 0
[2024-07-07T18:36:20.640+0000] {taskinstance.py:3498} INFO - 0 downstream tasks scheduled from follow-on schedule check
[2024-07-07T18:36:20.641+0000] {local_task_job_runner.py:222} INFO - ::endgroup::
[2024-07-08T01:48:29.297+0000] {local_task_job_runner.py:120} INFO - ::group::Pre task execution logs
[2024-07-08T01:48:29.311+0000] {taskinstance.py:2076} INFO - Dependencies all met for dep_context=non-requeueable deps ti=<TaskInstance: chess_etl.redshift_game_load scheduled__2021-11-01T00:00:00+00:00 [queued]>
[2024-07-08T01:48:29.318+0000] {taskinstance.py:2076} INFO - Dependencies all met for dep_context=requeueable deps ti=<TaskInstance: chess_etl.redshift_game_load scheduled__2021-11-01T00:00:00+00:00 [queued]>
[2024-07-08T01:48:29.318+0000] {taskinstance.py:2306} INFO - Starting attempt 1 of 1
[2024-07-08T01:48:29.327+0000] {taskinstance.py:2330} INFO - Executing <Task(PythonOperator): redshift_game_load> on 2021-11-01 00:00:00+00:00
[2024-07-08T01:48:29.334+0000] {warnings.py:110} WARNING - /home/***/.local/lib/python3.12/site-packages/***/task/task_runner/standard_task_runner.py:61: DeprecationWarning: This process (pid=31645) is multi-threaded, use of fork() may lead to deadlocks in the child.
  pid = os.fork()

[2024-07-08T01:48:29.335+0000] {standard_task_runner.py:63} INFO - Started process 31654 to run task
[2024-07-08T01:48:29.336+0000] {standard_task_runner.py:90} INFO - Running: ['***', 'tasks', 'run', 'chess_etl', 'redshift_game_load', 'scheduled__2021-11-01T00:00:00+00:00', '--job-id', '694', '--raw', '--subdir', 'DAGS_FOLDER/chess_dag.py', '--cfg-path', '/tmp/tmp52y844m3']
[2024-07-08T01:48:29.337+0000] {standard_task_runner.py:91} INFO - Job 694: Subtask redshift_game_load
[2024-07-08T01:48:29.369+0000] {task_command.py:426} INFO - Running <TaskInstance: chess_etl.redshift_game_load scheduled__2021-11-01T00:00:00+00:00 [running]> on host 6569f5155f0c
[2024-07-08T01:48:29.435+0000] {taskinstance.py:2648} INFO - Exporting env vars: AIRFLOW_CTX_DAG_OWNER='***' AIRFLOW_CTX_DAG_ID='chess_etl' AIRFLOW_CTX_TASK_ID='redshift_game_load' AIRFLOW_CTX_EXECUTION_DATE='2021-11-01T00:00:00+00:00' AIRFLOW_CTX_TRY_NUMBER='1' AIRFLOW_CTX_DAG_RUN_ID='scheduled__2021-11-01T00:00:00+00:00'
[2024-07-08T01:48:29.437+0000] {taskinstance.py:430} INFO - ::endgroup::
[2024-07-08T01:48:29.438+0000] {warnings.py:110} WARNING - /home/***/.local/lib/python3.12/site-packages/***/utils/context.py:320: AirflowContextDeprecationWarning: Accessing 'execution_date' from the template is deprecated and will be removed in a future version. Please use 'data_interval_start' or 'logical_date' instead.
  warnings.warn(_create_deprecation_warning(k, replacements))

[2024-07-08T01:48:29.444+0000] {base.py:84} INFO - Using connection ID 'chess_project_s3' for task execution.
[2024-07-08T01:48:30.413+0000] {base.py:84} INFO - Using connection ID 'chess_project_redshift' for task execution.
[2024-07-08T01:48:32.188+0000] {python.py:237} INFO - Done. Returned value was: None
[2024-07-08T01:48:32.188+0000] {taskinstance.py:441} INFO - ::group::Post task execution logs
[2024-07-08T01:48:32.194+0000] {taskinstance.py:1206} INFO - Marking task as SUCCESS. dag_id=chess_etl, task_id=redshift_game_load, run_id=scheduled__2021-11-01T00:00:00+00:00, execution_date=20211101T000000, start_date=20240708T014829, end_date=20240708T014832
[2024-07-08T01:48:32.236+0000] {local_task_job_runner.py:240} INFO - Task exited with return code 0
[2024-07-08T01:48:32.250+0000] {taskinstance.py:3498} INFO - 1 downstream tasks scheduled from follow-on schedule check
[2024-07-08T01:48:32.252+0000] {local_task_job_runner.py:222} INFO - ::endgroup::
