[2024-06-04T00:15:14.552+0000] {local_task_job_runner.py:120} INFO - ::group::Pre task execution logs
[2024-06-04T00:15:14.567+0000] {taskinstance.py:2076} INFO - Dependencies all met for dep_context=non-requeueable deps ti=<TaskInstance: chess_etl.games_etl scheduled__2023-01-01T00:00:00+00:00 [queued]>
[2024-06-04T00:15:14.573+0000] {taskinstance.py:2076} INFO - Dependencies all met for dep_context=requeueable deps ti=<TaskInstance: chess_etl.games_etl scheduled__2023-01-01T00:00:00+00:00 [queued]>
[2024-06-04T00:15:14.574+0000] {taskinstance.py:2306} INFO - Starting attempt 1 of 1
[2024-06-04T00:15:14.584+0000] {taskinstance.py:2330} INFO - Executing <Task(PythonOperator): games_etl> on 2023-01-01 00:00:00+00:00
[2024-06-04T00:15:14.591+0000] {warnings.py:110} WARNING - /home/***/.local/lib/python3.12/site-packages/***/task/task_runner/standard_task_runner.py:61: DeprecationWarning: This process (pid=42842) is multi-threaded, use of fork() may lead to deadlocks in the child.
  pid = os.fork()

[2024-06-04T00:15:14.592+0000] {standard_task_runner.py:63} INFO - Started process 42844 to run task
[2024-06-04T00:15:14.593+0000] {standard_task_runner.py:90} INFO - Running: ['***', 'tasks', 'run', 'chess_etl', 'games_etl', 'scheduled__2023-01-01T00:00:00+00:00', '--job-id', '160', '--raw', '--subdir', 'DAGS_FOLDER/chess_dag.py', '--cfg-path', '/tmp/tmp9gpx4gz8']
[2024-06-04T00:15:14.594+0000] {standard_task_runner.py:91} INFO - Job 160: Subtask games_etl
[2024-06-04T00:15:14.627+0000] {task_command.py:426} INFO - Running <TaskInstance: chess_etl.games_etl scheduled__2023-01-01T00:00:00+00:00 [running]> on host f55fff24b127
[2024-06-04T00:15:14.692+0000] {taskinstance.py:2648} INFO - Exporting env vars: AIRFLOW_CTX_DAG_OWNER='***' AIRFLOW_CTX_DAG_ID='chess_etl' AIRFLOW_CTX_TASK_ID='games_etl' AIRFLOW_CTX_EXECUTION_DATE='2023-01-01T00:00:00+00:00' AIRFLOW_CTX_TRY_NUMBER='1' AIRFLOW_CTX_DAG_RUN_ID='scheduled__2023-01-01T00:00:00+00:00'
[2024-06-04T00:15:14.693+0000] {taskinstance.py:430} INFO - ::endgroup::
[2024-06-04T00:15:14.694+0000] {warnings.py:110} WARNING - /home/***/.local/lib/python3.12/site-packages/***/utils/context.py:320: AirflowContextDeprecationWarning: Accessing 'execution_date' from the template is deprecated and will be removed in a future version. Please use 'data_interval_start' or 'logical_date' instead.
  warnings.warn(_create_deprecation_warning(k, replacements))

[2024-06-04T00:15:15.844+0000] {base.py:84} INFO - Using connection ID 'chess_project_s3' for task execution.
[2024-06-04T00:15:16.651+0000] {python.py:237} INFO - Done. Returned value was: None
[2024-06-04T00:15:16.652+0000] {taskinstance.py:441} INFO - ::group::Post task execution logs
[2024-06-04T00:15:16.659+0000] {taskinstance.py:1206} INFO - Marking task as SUCCESS. dag_id=chess_etl, task_id=games_etl, run_id=scheduled__2023-01-01T00:00:00+00:00, execution_date=20230101T000000, start_date=20240604T001514, end_date=20240604T001516
[2024-06-04T00:15:16.693+0000] {local_task_job_runner.py:240} INFO - Task exited with return code 0
[2024-06-04T00:15:16.710+0000] {taskinstance.py:3498} INFO - 1 downstream tasks scheduled from follow-on schedule check
[2024-06-04T00:15:16.712+0000] {local_task_job_runner.py:222} INFO - ::endgroup::
[2024-06-08T21:58:04.948+0000] {local_task_job_runner.py:120} INFO - ::group::Pre task execution logs
[2024-06-08T21:58:04.968+0000] {taskinstance.py:2076} INFO - Dependencies all met for dep_context=non-requeueable deps ti=<TaskInstance: chess_etl.games_etl scheduled__2023-01-01T00:00:00+00:00 [queued]>
[2024-06-08T21:58:04.978+0000] {taskinstance.py:2076} INFO - Dependencies all met for dep_context=requeueable deps ti=<TaskInstance: chess_etl.games_etl scheduled__2023-01-01T00:00:00+00:00 [queued]>
[2024-06-08T21:58:04.978+0000] {taskinstance.py:2306} INFO - Starting attempt 1 of 1
[2024-06-08T21:58:04.993+0000] {taskinstance.py:2330} INFO - Executing <Task(PythonOperator): games_etl> on 2023-01-01 00:00:00+00:00
[2024-06-08T21:58:05.003+0000] {warnings.py:110} WARNING - /home/***/.local/lib/python3.12/site-packages/***/task/task_runner/standard_task_runner.py:61: DeprecationWarning: This process (pid=43429) is multi-threaded, use of fork() may lead to deadlocks in the child.
  pid = os.fork()

[2024-06-08T21:58:05.004+0000] {standard_task_runner.py:63} INFO - Started process 43431 to run task
[2024-06-08T21:58:05.005+0000] {standard_task_runner.py:90} INFO - Running: ['***', 'tasks', 'run', 'chess_etl', 'games_etl', 'scheduled__2023-01-01T00:00:00+00:00', '--job-id', '336', '--raw', '--subdir', 'DAGS_FOLDER/chess_dag.py', '--cfg-path', '/tmp/tmpjxyfz1zo']
[2024-06-08T21:58:05.006+0000] {standard_task_runner.py:91} INFO - Job 336: Subtask games_etl
[2024-06-08T21:58:05.051+0000] {task_command.py:426} INFO - Running <TaskInstance: chess_etl.games_etl scheduled__2023-01-01T00:00:00+00:00 [running]> on host bf0ade909435
[2024-06-08T21:58:05.137+0000] {taskinstance.py:2648} INFO - Exporting env vars: AIRFLOW_CTX_DAG_OWNER='***' AIRFLOW_CTX_DAG_ID='chess_etl' AIRFLOW_CTX_TASK_ID='games_etl' AIRFLOW_CTX_EXECUTION_DATE='2023-01-01T00:00:00+00:00' AIRFLOW_CTX_TRY_NUMBER='1' AIRFLOW_CTX_DAG_RUN_ID='scheduled__2023-01-01T00:00:00+00:00'
[2024-06-08T21:58:05.139+0000] {taskinstance.py:430} INFO - ::endgroup::
[2024-06-08T21:58:05.140+0000] {warnings.py:110} WARNING - /home/***/.local/lib/python3.12/site-packages/***/utils/context.py:320: AirflowContextDeprecationWarning: Accessing 'execution_date' from the template is deprecated and will be removed in a future version. Please use 'data_interval_start' or 'logical_date' instead.
  warnings.warn(_create_deprecation_warning(k, replacements))

[2024-06-08T21:58:06.125+0000] {base.py:84} INFO - Using connection ID 'chess_project_s3' for task execution.
[2024-06-08T21:58:06.966+0000] {python.py:237} INFO - Done. Returned value was: None
[2024-06-08T21:58:06.967+0000] {taskinstance.py:441} INFO - ::group::Post task execution logs
[2024-06-08T21:58:06.976+0000] {taskinstance.py:1206} INFO - Marking task as SUCCESS. dag_id=chess_etl, task_id=games_etl, run_id=scheduled__2023-01-01T00:00:00+00:00, execution_date=20230101T000000, start_date=20240608T215804, end_date=20240608T215806
[2024-06-08T21:58:07.025+0000] {local_task_job_runner.py:240} INFO - Task exited with return code 0
[2024-06-08T21:58:07.043+0000] {taskinstance.py:3498} INFO - 1 downstream tasks scheduled from follow-on schedule check
[2024-06-08T21:58:07.045+0000] {local_task_job_runner.py:222} INFO - ::endgroup::
[2024-07-08T03:35:32.336+0000] {local_task_job_runner.py:120} INFO - ::group::Pre task execution logs
[2024-07-08T03:35:32.351+0000] {taskinstance.py:2076} INFO - Dependencies all met for dep_context=non-requeueable deps ti=<TaskInstance: chess_etl.games_etl scheduled__2023-01-01T00:00:00+00:00 [queued]>
[2024-07-08T03:35:32.356+0000] {taskinstance.py:2076} INFO - Dependencies all met for dep_context=requeueable deps ti=<TaskInstance: chess_etl.games_etl scheduled__2023-01-01T00:00:00+00:00 [queued]>
[2024-07-08T03:35:32.357+0000] {taskinstance.py:2306} INFO - Starting attempt 1 of 1
[2024-07-08T03:35:32.367+0000] {taskinstance.py:2330} INFO - Executing <Task(PythonOperator): games_etl> on 2023-01-01 00:00:00+00:00
[2024-07-08T03:35:32.374+0000] {warnings.py:110} WARNING - /home/***/.local/lib/python3.12/site-packages/***/task/task_runner/standard_task_runner.py:61: DeprecationWarning: This process (pid=44195) is multi-threaded, use of fork() may lead to deadlocks in the child.
  pid = os.fork()

[2024-07-08T03:35:32.376+0000] {standard_task_runner.py:63} INFO - Started process 44204 to run task
[2024-07-08T03:35:32.376+0000] {standard_task_runner.py:90} INFO - Running: ['***', 'tasks', 'run', 'chess_etl', 'games_etl', 'scheduled__2023-01-01T00:00:00+00:00', '--job-id', '748', '--raw', '--subdir', 'DAGS_FOLDER/chess_dag.py', '--cfg-path', '/tmp/tmpg94yyh3p']
[2024-07-08T03:35:32.377+0000] {standard_task_runner.py:91} INFO - Job 748: Subtask games_etl
[2024-07-08T03:35:32.413+0000] {task_command.py:426} INFO - Running <TaskInstance: chess_etl.games_etl scheduled__2023-01-01T00:00:00+00:00 [running]> on host 6569f5155f0c
[2024-07-08T03:35:32.478+0000] {taskinstance.py:2648} INFO - Exporting env vars: AIRFLOW_CTX_DAG_OWNER='***' AIRFLOW_CTX_DAG_ID='chess_etl' AIRFLOW_CTX_TASK_ID='games_etl' AIRFLOW_CTX_EXECUTION_DATE='2023-01-01T00:00:00+00:00' AIRFLOW_CTX_TRY_NUMBER='1' AIRFLOW_CTX_DAG_RUN_ID='scheduled__2023-01-01T00:00:00+00:00'
[2024-07-08T03:35:32.479+0000] {taskinstance.py:430} INFO - ::endgroup::
[2024-07-08T03:35:32.480+0000] {warnings.py:110} WARNING - /home/***/.local/lib/python3.12/site-packages/***/utils/context.py:320: AirflowContextDeprecationWarning: Accessing 'execution_date' from the template is deprecated and will be removed in a future version. Please use 'data_interval_start' or 'logical_date' instead.
  warnings.warn(_create_deprecation_warning(k, replacements))

[2024-07-08T03:35:33.689+0000] {base.py:84} INFO - Using connection ID 'chess_project_s3' for task execution.
[2024-07-08T03:35:34.495+0000] {python.py:237} INFO - Done. Returned value was: None
[2024-07-08T03:35:34.495+0000] {taskinstance.py:441} INFO - ::group::Post task execution logs
[2024-07-08T03:35:34.502+0000] {taskinstance.py:1206} INFO - Marking task as SUCCESS. dag_id=chess_etl, task_id=games_etl, run_id=scheduled__2023-01-01T00:00:00+00:00, execution_date=20230101T000000, start_date=20240708T033532, end_date=20240708T033534
[2024-07-08T03:35:34.555+0000] {local_task_job_runner.py:240} INFO - Task exited with return code 0
[2024-07-08T03:35:34.574+0000] {taskinstance.py:3498} INFO - 1 downstream tasks scheduled from follow-on schedule check
[2024-07-08T03:35:34.575+0000] {local_task_job_runner.py:222} INFO - ::endgroup::
