[2024-07-07T18:09:42.577+0000] {local_task_job_runner.py:120} INFO - ::group::Pre task execution logs
[2024-07-07T18:09:42.591+0000] {taskinstance.py:2076} INFO - Dependencies all met for dep_context=non-requeueable deps ti=<TaskInstance: chess_etl.redshift_move_load scheduled__2019-04-01T00:00:00+00:00 [queued]>
[2024-07-07T18:09:42.598+0000] {taskinstance.py:2076} INFO - Dependencies all met for dep_context=requeueable deps ti=<TaskInstance: chess_etl.redshift_move_load scheduled__2019-04-01T00:00:00+00:00 [queued]>
[2024-07-07T18:09:42.599+0000] {taskinstance.py:2306} INFO - Starting attempt 1 of 1
[2024-07-07T18:09:42.607+0000] {taskinstance.py:2330} INFO - Executing <Task(PythonOperator): redshift_move_load> on 2019-04-01 00:00:00+00:00
[2024-07-07T18:09:42.612+0000] {warnings.py:110} WARNING - /home/***/.local/lib/python3.12/site-packages/***/task/task_runner/standard_task_runner.py:61: DeprecationWarning: This process (pid=897) is multi-threaded, use of fork() may lead to deadlocks in the child.
  pid = os.fork()

[2024-07-07T18:09:42.613+0000] {standard_task_runner.py:63} INFO - Started process 902 to run task
[2024-07-07T18:09:42.614+0000] {standard_task_runner.py:90} INFO - Running: ['***', 'tasks', 'run', 'chess_etl', 'redshift_move_load', 'scheduled__2019-04-01T00:00:00+00:00', '--job-id', '400', '--pool', 'default_pool', '--raw', '--subdir', 'DAGS_FOLDER/chess_dag.py', '--cfg-path', '/tmp/tmpotc6_kvi']
[2024-07-07T18:09:42.614+0000] {standard_task_runner.py:91} INFO - Job 400: Subtask redshift_move_load
[2024-07-07T18:09:42.646+0000] {task_command.py:426} INFO - Running <TaskInstance: chess_etl.redshift_move_load scheduled__2019-04-01T00:00:00+00:00 [running]> on host cb919e35e0e9
[2024-07-07T18:09:42.705+0000] {taskinstance.py:2648} INFO - Exporting env vars: AIRFLOW_CTX_DAG_OWNER='***' AIRFLOW_CTX_DAG_ID='chess_etl' AIRFLOW_CTX_TASK_ID='redshift_move_load' AIRFLOW_CTX_EXECUTION_DATE='2019-04-01T00:00:00+00:00' AIRFLOW_CTX_TRY_NUMBER='1' AIRFLOW_CTX_DAG_RUN_ID='scheduled__2019-04-01T00:00:00+00:00'
[2024-07-07T18:09:42.706+0000] {taskinstance.py:430} INFO - ::endgroup::
[2024-07-07T18:09:42.706+0000] {warnings.py:110} WARNING - /home/***/.local/lib/python3.12/site-packages/***/utils/context.py:320: AirflowContextDeprecationWarning: Accessing 'execution_date' from the template is deprecated and will be removed in a future version. Please use 'data_interval_start' or 'logical_date' instead.
  warnings.warn(_create_deprecation_warning(k, replacements))

[2024-07-07T18:09:42.712+0000] {base.py:84} INFO - Using connection ID 'chess_project_s3' for task execution.
[2024-07-07T18:09:43.651+0000] {logging_mixin.py:188} INFO - No games for period 2019_04
[2024-07-07T18:09:43.652+0000] {python.py:237} INFO - Done. Returned value was: None
[2024-07-07T18:09:43.652+0000] {taskinstance.py:441} INFO - ::group::Post task execution logs
[2024-07-07T18:09:43.657+0000] {taskinstance.py:1206} INFO - Marking task as SUCCESS. dag_id=chess_etl, task_id=redshift_move_load, run_id=scheduled__2019-04-01T00:00:00+00:00, execution_date=20190401T000000, start_date=20240707T180942, end_date=20240707T180943
[2024-07-07T18:09:43.669+0000] {local_task_job_runner.py:240} INFO - Task exited with return code 0
[2024-07-07T18:09:43.680+0000] {taskinstance.py:3498} INFO - 0 downstream tasks scheduled from follow-on schedule check
[2024-07-07T18:09:43.681+0000] {local_task_job_runner.py:222} INFO - ::endgroup::
[2024-07-07T21:20:10.546+0000] {local_task_job_runner.py:120} INFO - ::group::Pre task execution logs
[2024-07-07T21:20:10.562+0000] {taskinstance.py:2076} INFO - Dependencies all met for dep_context=non-requeueable deps ti=<TaskInstance: chess_etl.redshift_move_load scheduled__2019-04-01T00:00:00+00:00 [queued]>
[2024-07-07T21:20:10.568+0000] {taskinstance.py:2076} INFO - Dependencies all met for dep_context=requeueable deps ti=<TaskInstance: chess_etl.redshift_move_load scheduled__2019-04-01T00:00:00+00:00 [queued]>
[2024-07-07T21:20:10.568+0000] {taskinstance.py:2306} INFO - Starting attempt 1 of 1
[2024-07-07T21:20:10.577+0000] {taskinstance.py:2330} INFO - Executing <Task(PythonOperator): redshift_move_load> on 2019-04-01 00:00:00+00:00
[2024-07-07T21:20:10.583+0000] {warnings.py:110} WARNING - /home/***/.local/lib/python3.12/site-packages/***/task/task_runner/standard_task_runner.py:61: DeprecationWarning: This process (pid=1265) is multi-threaded, use of fork() may lead to deadlocks in the child.
  pid = os.fork()

[2024-07-07T21:20:10.584+0000] {standard_task_runner.py:63} INFO - Started process 1269 to run task
[2024-07-07T21:20:10.584+0000] {standard_task_runner.py:90} INFO - Running: ['***', 'tasks', 'run', 'chess_etl', 'redshift_move_load', 'scheduled__2019-04-01T00:00:00+00:00', '--job-id', '576', '--raw', '--subdir', 'DAGS_FOLDER/chess_dag.py', '--cfg-path', '/tmp/tmpqnrx1czg']
[2024-07-07T21:20:10.585+0000] {standard_task_runner.py:91} INFO - Job 576: Subtask redshift_move_load
[2024-07-07T21:20:10.623+0000] {task_command.py:426} INFO - Running <TaskInstance: chess_etl.redshift_move_load scheduled__2019-04-01T00:00:00+00:00 [running]> on host 6569f5155f0c
[2024-07-07T21:20:10.685+0000] {taskinstance.py:2648} INFO - Exporting env vars: AIRFLOW_CTX_DAG_OWNER='***' AIRFLOW_CTX_DAG_ID='chess_etl' AIRFLOW_CTX_TASK_ID='redshift_move_load' AIRFLOW_CTX_EXECUTION_DATE='2019-04-01T00:00:00+00:00' AIRFLOW_CTX_TRY_NUMBER='1' AIRFLOW_CTX_DAG_RUN_ID='scheduled__2019-04-01T00:00:00+00:00'
[2024-07-07T21:20:10.687+0000] {taskinstance.py:430} INFO - ::endgroup::
[2024-07-07T21:20:10.688+0000] {warnings.py:110} WARNING - /home/***/.local/lib/python3.12/site-packages/***/utils/context.py:320: AirflowContextDeprecationWarning: Accessing 'execution_date' from the template is deprecated and will be removed in a future version. Please use 'data_interval_start' or 'logical_date' instead.
  warnings.warn(_create_deprecation_warning(k, replacements))

[2024-07-07T21:20:10.695+0000] {base.py:84} INFO - Using connection ID 'chess_project_s3' for task execution.
[2024-07-07T21:20:11.518+0000] {logging_mixin.py:188} INFO - No games for period 2019_04
[2024-07-07T21:20:11.518+0000] {python.py:237} INFO - Done. Returned value was: None
[2024-07-07T21:20:11.519+0000] {taskinstance.py:441} INFO - ::group::Post task execution logs
[2024-07-07T21:20:11.526+0000] {taskinstance.py:1206} INFO - Marking task as SUCCESS. dag_id=chess_etl, task_id=redshift_move_load, run_id=scheduled__2019-04-01T00:00:00+00:00, execution_date=20190401T000000, start_date=20240707T212010, end_date=20240707T212011
[2024-07-07T21:20:11.560+0000] {local_task_job_runner.py:240} INFO - Task exited with return code 0
[2024-07-07T21:20:11.581+0000] {taskinstance.py:3498} INFO - 0 downstream tasks scheduled from follow-on schedule check
[2024-07-07T21:20:11.582+0000] {local_task_job_runner.py:222} INFO - ::endgroup::
