[2024-07-07T18:13:30.074+0000] {local_task_job_runner.py:120} INFO - ::group::Pre task execution logs
[2024-07-07T18:13:30.091+0000] {taskinstance.py:2076} INFO - Dependencies all met for dep_context=non-requeueable deps ti=<TaskInstance: chess_etl.redshift_game_load scheduled__2020-06-01T00:00:00+00:00 [queued]>
[2024-07-07T18:13:30.097+0000] {taskinstance.py:2076} INFO - Dependencies all met for dep_context=requeueable deps ti=<TaskInstance: chess_etl.redshift_game_load scheduled__2020-06-01T00:00:00+00:00 [queued]>
[2024-07-07T18:13:30.098+0000] {taskinstance.py:2306} INFO - Starting attempt 1 of 1
[2024-07-07T18:13:30.107+0000] {taskinstance.py:2330} INFO - Executing <Task(PythonOperator): redshift_game_load> on 2020-06-01 00:00:00+00:00
[2024-07-07T18:13:30.111+0000] {warnings.py:110} WARNING - /home/***/.local/lib/python3.12/site-packages/***/task/task_runner/standard_task_runner.py:61: DeprecationWarning: This process (pid=1063) is multi-threaded, use of fork() may lead to deadlocks in the child.
  pid = os.fork()

[2024-07-07T18:13:30.112+0000] {standard_task_runner.py:63} INFO - Started process 1068 to run task
[2024-07-07T18:13:30.113+0000] {standard_task_runner.py:90} INFO - Running: ['***', 'tasks', 'run', 'chess_etl', 'redshift_game_load', 'scheduled__2020-06-01T00:00:00+00:00', '--job-id', '424', '--pool', 'default_pool', '--raw', '--subdir', 'DAGS_FOLDER/chess_dag.py', '--cfg-path', '/tmp/tmpqj3dk7di']
[2024-07-07T18:13:30.114+0000] {standard_task_runner.py:91} INFO - Job 424: Subtask redshift_game_load
[2024-07-07T18:13:30.146+0000] {task_command.py:426} INFO - Running <TaskInstance: chess_etl.redshift_game_load scheduled__2020-06-01T00:00:00+00:00 [running]> on host cb919e35e0e9
[2024-07-07T18:13:30.206+0000] {taskinstance.py:2648} INFO - Exporting env vars: AIRFLOW_CTX_DAG_OWNER='***' AIRFLOW_CTX_DAG_ID='chess_etl' AIRFLOW_CTX_TASK_ID='redshift_game_load' AIRFLOW_CTX_EXECUTION_DATE='2020-06-01T00:00:00+00:00' AIRFLOW_CTX_TRY_NUMBER='1' AIRFLOW_CTX_DAG_RUN_ID='scheduled__2020-06-01T00:00:00+00:00'
[2024-07-07T18:13:30.207+0000] {taskinstance.py:430} INFO - ::endgroup::
[2024-07-07T18:13:30.208+0000] {warnings.py:110} WARNING - /home/***/.local/lib/python3.12/site-packages/***/utils/context.py:320: AirflowContextDeprecationWarning: Accessing 'execution_date' from the template is deprecated and will be removed in a future version. Please use 'data_interval_start' or 'logical_date' instead.
  warnings.warn(_create_deprecation_warning(k, replacements))

[2024-07-07T18:13:30.214+0000] {base.py:84} INFO - Using connection ID 'chess_project_s3' for task execution.
[2024-07-07T18:13:30.976+0000] {base.py:84} INFO - Using connection ID 'chess_project_redshift' for task execution.
[2024-07-07T18:14:00.380+0000] {python.py:237} INFO - Done. Returned value was: None
[2024-07-07T18:14:00.381+0000] {taskinstance.py:441} INFO - ::group::Post task execution logs
[2024-07-07T18:14:00.387+0000] {taskinstance.py:1206} INFO - Marking task as SUCCESS. dag_id=chess_etl, task_id=redshift_game_load, run_id=scheduled__2020-06-01T00:00:00+00:00, execution_date=20200601T000000, start_date=20240707T181330, end_date=20240707T181400
[2024-07-07T18:14:00.412+0000] {local_task_job_runner.py:240} INFO - Task exited with return code 0
[2024-07-07T18:14:00.422+0000] {taskinstance.py:3498} INFO - 0 downstream tasks scheduled from follow-on schedule check
[2024-07-07T18:14:00.423+0000] {local_task_job_runner.py:222} INFO - ::endgroup::
[2024-07-07T23:53:35.788+0000] {local_task_job_runner.py:120} INFO - ::group::Pre task execution logs
[2024-07-07T23:53:35.802+0000] {taskinstance.py:2076} INFO - Dependencies all met for dep_context=non-requeueable deps ti=<TaskInstance: chess_etl.redshift_game_load scheduled__2020-06-01T00:00:00+00:00 [queued]>
[2024-07-07T23:53:35.807+0000] {taskinstance.py:2076} INFO - Dependencies all met for dep_context=requeueable deps ti=<TaskInstance: chess_etl.redshift_game_load scheduled__2020-06-01T00:00:00+00:00 [queued]>
[2024-07-07T23:53:35.808+0000] {taskinstance.py:2306} INFO - Starting attempt 1 of 1
[2024-07-07T23:53:35.819+0000] {taskinstance.py:2330} INFO - Executing <Task(PythonOperator): redshift_game_load> on 2020-06-01 00:00:00+00:00
[2024-07-07T23:53:35.827+0000] {warnings.py:110} WARNING - /home/***/.local/lib/python3.12/site-packages/***/task/task_runner/standard_task_runner.py:61: DeprecationWarning: This process (pid=17808) is multi-threaded, use of fork() may lead to deadlocks in the child.
  pid = os.fork()

[2024-07-07T23:53:35.828+0000] {standard_task_runner.py:63} INFO - Started process 17810 to run task
[2024-07-07T23:53:35.828+0000] {standard_task_runner.py:90} INFO - Running: ['***', 'tasks', 'run', 'chess_etl', 'redshift_game_load', 'scheduled__2020-06-01T00:00:00+00:00', '--job-id', '634', '--raw', '--subdir', 'DAGS_FOLDER/chess_dag.py', '--cfg-path', '/tmp/tmpe8tzhr5r']
[2024-07-07T23:53:35.829+0000] {standard_task_runner.py:91} INFO - Job 634: Subtask redshift_game_load
[2024-07-07T23:53:35.866+0000] {task_command.py:426} INFO - Running <TaskInstance: chess_etl.redshift_game_load scheduled__2020-06-01T00:00:00+00:00 [running]> on host 6569f5155f0c
[2024-07-07T23:53:35.933+0000] {taskinstance.py:2648} INFO - Exporting env vars: AIRFLOW_CTX_DAG_OWNER='***' AIRFLOW_CTX_DAG_ID='chess_etl' AIRFLOW_CTX_TASK_ID='redshift_game_load' AIRFLOW_CTX_EXECUTION_DATE='2020-06-01T00:00:00+00:00' AIRFLOW_CTX_TRY_NUMBER='1' AIRFLOW_CTX_DAG_RUN_ID='scheduled__2020-06-01T00:00:00+00:00'
[2024-07-07T23:53:35.934+0000] {taskinstance.py:430} INFO - ::endgroup::
[2024-07-07T23:53:35.935+0000] {warnings.py:110} WARNING - /home/***/.local/lib/python3.12/site-packages/***/utils/context.py:320: AirflowContextDeprecationWarning: Accessing 'execution_date' from the template is deprecated and will be removed in a future version. Please use 'data_interval_start' or 'logical_date' instead.
  warnings.warn(_create_deprecation_warning(k, replacements))

[2024-07-07T23:53:35.941+0000] {base.py:84} INFO - Using connection ID 'chess_project_s3' for task execution.
[2024-07-07T23:53:36.663+0000] {base.py:84} INFO - Using connection ID 'chess_project_redshift' for task execution.
[2024-07-07T23:53:38.577+0000] {python.py:237} INFO - Done. Returned value was: None
[2024-07-07T23:53:38.577+0000] {taskinstance.py:441} INFO - ::group::Post task execution logs
[2024-07-07T23:53:38.585+0000] {taskinstance.py:1206} INFO - Marking task as SUCCESS. dag_id=chess_etl, task_id=redshift_game_load, run_id=scheduled__2020-06-01T00:00:00+00:00, execution_date=20200601T000000, start_date=20240707T235335, end_date=20240707T235338
[2024-07-07T23:53:38.608+0000] {local_task_job_runner.py:240} INFO - Task exited with return code 0
[2024-07-07T23:53:38.626+0000] {taskinstance.py:3498} INFO - 1 downstream tasks scheduled from follow-on schedule check
[2024-07-07T23:53:38.627+0000] {local_task_job_runner.py:222} INFO - ::endgroup::
