[2024-06-03T17:38:53.546+0000] {local_task_job_runner.py:120} INFO - ::group::Pre task execution logs
[2024-06-03T17:38:53.561+0000] {taskinstance.py:2076} INFO - Dependencies all met for dep_context=non-requeueable deps ti=<TaskInstance: chess_etl.games_etl scheduled__2020-08-01T00:00:00+00:00 [queued]>
[2024-06-03T17:38:53.566+0000] {taskinstance.py:2076} INFO - Dependencies all met for dep_context=requeueable deps ti=<TaskInstance: chess_etl.games_etl scheduled__2020-08-01T00:00:00+00:00 [queued]>
[2024-06-03T17:38:53.567+0000] {taskinstance.py:2306} INFO - Starting attempt 1 of 1
[2024-06-03T17:38:53.577+0000] {taskinstance.py:2330} INFO - Executing <Task(PythonOperator): games_etl> on 2020-08-01 00:00:00+00:00
[2024-06-03T17:38:53.582+0000] {warnings.py:110} WARNING - /home/***/.local/lib/python3.12/site-packages/***/task/task_runner/standard_task_runner.py:61: DeprecationWarning: This process (pid=173) is multi-threaded, use of fork() may lead to deadlocks in the child.
  pid = os.fork()

[2024-06-03T17:38:53.584+0000] {standard_task_runner.py:63} INFO - Started process 177 to run task
[2024-06-03T17:38:53.584+0000] {standard_task_runner.py:90} INFO - Running: ['***', 'tasks', 'run', 'chess_etl', 'games_etl', 'scheduled__2020-08-01T00:00:00+00:00', '--job-id', '40', '--raw', '--subdir', 'DAGS_FOLDER/chess_dag.py', '--cfg-path', '/tmp/tmpvbnwdwkg']
[2024-06-03T17:38:53.585+0000] {standard_task_runner.py:91} INFO - Job 40: Subtask games_etl
[2024-06-03T17:38:53.629+0000] {task_command.py:426} INFO - Running <TaskInstance: chess_etl.games_etl scheduled__2020-08-01T00:00:00+00:00 [running]> on host a5a4421409ea
[2024-06-03T17:38:53.685+0000] {taskinstance.py:2648} INFO - Exporting env vars: AIRFLOW_CTX_DAG_OWNER='***' AIRFLOW_CTX_DAG_ID='chess_etl' AIRFLOW_CTX_TASK_ID='games_etl' AIRFLOW_CTX_EXECUTION_DATE='2020-08-01T00:00:00+00:00' AIRFLOW_CTX_TRY_NUMBER='1' AIRFLOW_CTX_DAG_RUN_ID='scheduled__2020-08-01T00:00:00+00:00'
[2024-06-03T17:38:53.686+0000] {taskinstance.py:430} INFO - ::endgroup::
[2024-06-03T17:38:53.686+0000] {warnings.py:110} WARNING - /home/***/.local/lib/python3.12/site-packages/***/utils/context.py:320: AirflowContextDeprecationWarning: Accessing 'execution_date' from the template is deprecated and will be removed in a future version. Please use 'data_interval_start' or 'logical_date' instead.
  warnings.warn(_create_deprecation_warning(k, replacements))

[2024-06-03T17:38:54.561+0000] {taskinstance.py:441} INFO - ::group::Post task execution logs
[2024-06-03T17:38:54.566+0000] {taskinstance.py:2905} ERROR - Task failed with exception
Traceback (most recent call last):
  File "/home/airflow/.local/lib/python3.12/site-packages/airflow/models/taskinstance.py", line 465, in _execute_task
    result = _execute_callable(context=context, **execute_callable_kwargs)
             ^^^^^^^^^^^^^^^^^^^^^^^^^^^^^^^^^^^^^^^^^^^^^^^^^^^^^^^^^^^^^
  File "/home/airflow/.local/lib/python3.12/site-packages/airflow/models/taskinstance.py", line 432, in _execute_callable
    return execute_callable(context=context, **execute_callable_kwargs)
           ^^^^^^^^^^^^^^^^^^^^^^^^^^^^^^^^^^^^^^^^^^^^^^^^^^^^^^^^^^^^
  File "/home/airflow/.local/lib/python3.12/site-packages/airflow/models/baseoperator.py", line 400, in wrapper
    return func(self, *args, **kwargs)
           ^^^^^^^^^^^^^^^^^^^^^^^^^^^
  File "/home/airflow/.local/lib/python3.12/site-packages/airflow/operators/python.py", line 235, in execute
    return_value = self.execute_callable()
                   ^^^^^^^^^^^^^^^^^^^^^^^
  File "/home/airflow/.local/lib/python3.12/site-packages/airflow/operators/python.py", line 252, in execute_callable
    return self.python_callable(*self.op_args, **self.op_kwargs)
           ^^^^^^^^^^^^^^^^^^^^^^^^^^^^^^^^^^^^^^^^^^^^^^^^^^^^^
  File "/opt/airflow/dags/chess_dag.py", line 19, in games_etl_task
    return get_monthly_games(execution_date)
           ^^^^^^^^^^^^^^^^^^^^^^^^^^^^^^^^^
  File "/opt/airflow/dags/chess_etl_code.py", line 60, in get_monthly_games
    connection = BaseHook.get_connection('chess_project_s3')
                 ^^^^^^^^^^^^^^^^^^^^^^^^^^^^^^^^^^^^^^^^^^^
  File "/home/airflow/.local/lib/python3.12/site-packages/airflow/hooks/base.py", line 83, in get_connection
    conn = Connection.get_connection_from_secrets(conn_id)
           ^^^^^^^^^^^^^^^^^^^^^^^^^^^^^^^^^^^^^^^^^^^^^^^
  File "/home/airflow/.local/lib/python3.12/site-packages/airflow/models/connection.py", line 519, in get_connection_from_secrets
    raise AirflowNotFoundException(f"The conn_id `{conn_id}` isn't defined")
airflow.exceptions.AirflowNotFoundException: The conn_id `chess_project_s3` isn't defined
[2024-06-03T17:38:54.572+0000] {taskinstance.py:1206} INFO - Marking task as FAILED. dag_id=chess_etl, task_id=games_etl, run_id=scheduled__2020-08-01T00:00:00+00:00, execution_date=20200801T000000, start_date=20240603T173853, end_date=20240603T173854
[2024-06-03T17:38:54.579+0000] {standard_task_runner.py:110} ERROR - Failed to execute job 40 for task games_etl (The conn_id `chess_project_s3` isn't defined; 177)
[2024-06-03T17:38:54.600+0000] {local_task_job_runner.py:240} INFO - Task exited with return code 1
[2024-06-03T17:38:54.615+0000] {taskinstance.py:3498} INFO - 0 downstream tasks scheduled from follow-on schedule check
[2024-06-03T17:38:54.618+0000] {local_task_job_runner.py:222} INFO - ::endgroup::
[2024-06-03T20:09:27.724+0000] {local_task_job_runner.py:120} INFO - ::group::Pre task execution logs
[2024-06-03T20:09:27.746+0000] {taskinstance.py:2076} INFO - Dependencies all met for dep_context=non-requeueable deps ti=<TaskInstance: chess_etl.games_etl scheduled__2020-08-01T00:00:00+00:00 [queued]>
[2024-06-03T20:09:27.754+0000] {taskinstance.py:2076} INFO - Dependencies all met for dep_context=requeueable deps ti=<TaskInstance: chess_etl.games_etl scheduled__2020-08-01T00:00:00+00:00 [queued]>
[2024-06-03T20:09:27.755+0000] {taskinstance.py:2306} INFO - Starting attempt 1 of 1
[2024-06-03T20:09:27.768+0000] {taskinstance.py:2330} INFO - Executing <Task(PythonOperator): games_etl> on 2020-08-01 00:00:00+00:00
[2024-06-03T20:09:27.778+0000] {warnings.py:110} WARNING - /home/***/.local/lib/python3.12/site-packages/***/task/task_runner/standard_task_runner.py:61: DeprecationWarning: This process (pid=15338) is multi-threaded, use of fork() may lead to deadlocks in the child.
  pid = os.fork()

[2024-06-03T20:09:27.780+0000] {standard_task_runner.py:63} INFO - Started process 15340 to run task
[2024-06-03T20:09:27.780+0000] {standard_task_runner.py:90} INFO - Running: ['***', 'tasks', 'run', 'chess_etl', 'games_etl', 'scheduled__2020-08-01T00:00:00+00:00', '--job-id', '102', '--raw', '--subdir', 'DAGS_FOLDER/chess_dag.py', '--cfg-path', '/tmp/tmp4u0fydj2']
[2024-06-03T20:09:27.781+0000] {standard_task_runner.py:91} INFO - Job 102: Subtask games_etl
[2024-06-03T20:09:27.828+0000] {task_command.py:426} INFO - Running <TaskInstance: chess_etl.games_etl scheduled__2020-08-01T00:00:00+00:00 [running]> on host f55fff24b127
[2024-06-03T20:09:27.913+0000] {taskinstance.py:2648} INFO - Exporting env vars: AIRFLOW_CTX_DAG_OWNER='***' AIRFLOW_CTX_DAG_ID='chess_etl' AIRFLOW_CTX_TASK_ID='games_etl' AIRFLOW_CTX_EXECUTION_DATE='2020-08-01T00:00:00+00:00' AIRFLOW_CTX_TRY_NUMBER='1' AIRFLOW_CTX_DAG_RUN_ID='scheduled__2020-08-01T00:00:00+00:00'
[2024-06-03T20:09:27.915+0000] {taskinstance.py:430} INFO - ::endgroup::
[2024-06-03T20:09:27.916+0000] {warnings.py:110} WARNING - /home/***/.local/lib/python3.12/site-packages/***/utils/context.py:320: AirflowContextDeprecationWarning: Accessing 'execution_date' from the template is deprecated and will be removed in a future version. Please use 'data_interval_start' or 'logical_date' instead.
  warnings.warn(_create_deprecation_warning(k, replacements))

[2024-06-03T20:09:28.844+0000] {base.py:84} INFO - Using connection ID 'chess_project_s3' for task execution.
[2024-06-03T20:09:29.625+0000] {python.py:237} INFO - Done. Returned value was: None
[2024-06-03T20:09:29.626+0000] {taskinstance.py:441} INFO - ::group::Post task execution logs
[2024-06-03T20:09:29.634+0000] {taskinstance.py:1206} INFO - Marking task as SUCCESS. dag_id=chess_etl, task_id=games_etl, run_id=scheduled__2020-08-01T00:00:00+00:00, execution_date=20200801T000000, start_date=20240603T200927, end_date=20240603T200929
[2024-06-03T20:09:29.680+0000] {local_task_job_runner.py:240} INFO - Task exited with return code 0
[2024-06-03T20:09:29.699+0000] {taskinstance.py:3498} INFO - 1 downstream tasks scheduled from follow-on schedule check
[2024-06-03T20:09:29.701+0000] {local_task_job_runner.py:222} INFO - ::endgroup::
[2024-06-08T16:53:37.648+0000] {local_task_job_runner.py:120} INFO - ::group::Pre task execution logs
[2024-06-08T16:53:37.664+0000] {taskinstance.py:2076} INFO - Dependencies all met for dep_context=non-requeueable deps ti=<TaskInstance: chess_etl.games_etl scheduled__2020-08-01T00:00:00+00:00 [queued]>
[2024-06-08T16:53:37.670+0000] {taskinstance.py:2076} INFO - Dependencies all met for dep_context=requeueable deps ti=<TaskInstance: chess_etl.games_etl scheduled__2020-08-01T00:00:00+00:00 [queued]>
[2024-06-08T16:53:37.671+0000] {taskinstance.py:2306} INFO - Starting attempt 1 of 1
[2024-06-08T16:53:37.681+0000] {taskinstance.py:2330} INFO - Executing <Task(PythonOperator): games_etl> on 2020-08-01 00:00:00+00:00
[2024-06-08T16:53:37.688+0000] {warnings.py:110} WARNING - /home/***/.local/lib/python3.12/site-packages/***/task/task_runner/standard_task_runner.py:61: DeprecationWarning: This process (pid=11753) is multi-threaded, use of fork() may lead to deadlocks in the child.
  pid = os.fork()

[2024-06-08T16:53:37.690+0000] {standard_task_runner.py:63} INFO - Started process 11755 to run task
[2024-06-08T16:53:37.690+0000] {standard_task_runner.py:90} INFO - Running: ['***', 'tasks', 'run', 'chess_etl', 'games_etl', 'scheduled__2020-08-01T00:00:00+00:00', '--job-id', '278', '--raw', '--subdir', 'DAGS_FOLDER/chess_dag.py', '--cfg-path', '/tmp/tmpcx1vxczw']
[2024-06-08T16:53:37.691+0000] {standard_task_runner.py:91} INFO - Job 278: Subtask games_etl
[2024-06-08T16:53:37.723+0000] {task_command.py:426} INFO - Running <TaskInstance: chess_etl.games_etl scheduled__2020-08-01T00:00:00+00:00 [running]> on host bf0ade909435
[2024-06-08T16:53:37.783+0000] {taskinstance.py:2648} INFO - Exporting env vars: AIRFLOW_CTX_DAG_OWNER='***' AIRFLOW_CTX_DAG_ID='chess_etl' AIRFLOW_CTX_TASK_ID='games_etl' AIRFLOW_CTX_EXECUTION_DATE='2020-08-01T00:00:00+00:00' AIRFLOW_CTX_TRY_NUMBER='1' AIRFLOW_CTX_DAG_RUN_ID='scheduled__2020-08-01T00:00:00+00:00'
[2024-06-08T16:53:37.784+0000] {taskinstance.py:430} INFO - ::endgroup::
[2024-06-08T16:53:37.785+0000] {warnings.py:110} WARNING - /home/***/.local/lib/python3.12/site-packages/***/utils/context.py:320: AirflowContextDeprecationWarning: Accessing 'execution_date' from the template is deprecated and will be removed in a future version. Please use 'data_interval_start' or 'logical_date' instead.
  warnings.warn(_create_deprecation_warning(k, replacements))

[2024-06-08T16:53:38.649+0000] {base.py:84} INFO - Using connection ID 'chess_project_s3' for task execution.
[2024-06-08T16:53:39.423+0000] {python.py:237} INFO - Done. Returned value was: None
[2024-06-08T16:53:39.424+0000] {taskinstance.py:441} INFO - ::group::Post task execution logs
[2024-06-08T16:53:39.431+0000] {taskinstance.py:1206} INFO - Marking task as SUCCESS. dag_id=chess_etl, task_id=games_etl, run_id=scheduled__2020-08-01T00:00:00+00:00, execution_date=20200801T000000, start_date=20240608T165337, end_date=20240608T165339
[2024-06-08T16:53:39.468+0000] {local_task_job_runner.py:240} INFO - Task exited with return code 0
[2024-06-08T16:53:39.482+0000] {taskinstance.py:3498} INFO - 1 downstream tasks scheduled from follow-on schedule check
[2024-06-08T16:53:39.483+0000] {local_task_job_runner.py:222} INFO - ::endgroup::
[2024-07-07T23:42:19.120+0000] {local_task_job_runner.py:120} INFO - ::group::Pre task execution logs
[2024-07-07T23:42:19.135+0000] {taskinstance.py:2076} INFO - Dependencies all met for dep_context=non-requeueable deps ti=<TaskInstance: chess_etl.games_etl scheduled__2020-08-01T00:00:00+00:00 [queued]>
[2024-07-07T23:42:19.141+0000] {taskinstance.py:2076} INFO - Dependencies all met for dep_context=requeueable deps ti=<TaskInstance: chess_etl.games_etl scheduled__2020-08-01T00:00:00+00:00 [queued]>
[2024-07-07T23:42:19.141+0000] {taskinstance.py:2306} INFO - Starting attempt 1 of 1
[2024-07-07T23:42:19.151+0000] {taskinstance.py:2330} INFO - Executing <Task(PythonOperator): games_etl> on 2020-08-01 00:00:00+00:00
[2024-07-07T23:42:19.158+0000] {warnings.py:110} WARNING - /home/***/.local/lib/python3.12/site-packages/***/task/task_runner/standard_task_runner.py:61: DeprecationWarning: This process (pid=16579) is multi-threaded, use of fork() may lead to deadlocks in the child.
  pid = os.fork()

[2024-07-07T23:42:19.160+0000] {standard_task_runner.py:63} INFO - Started process 16581 to run task
[2024-07-07T23:42:19.159+0000] {standard_task_runner.py:90} INFO - Running: ['***', 'tasks', 'run', 'chess_etl', 'games_etl', 'scheduled__2020-08-01T00:00:00+00:00', '--job-id', '632', '--raw', '--subdir', 'DAGS_FOLDER/chess_dag.py', '--cfg-path', '/tmp/tmpnjhm4e8x']
[2024-07-07T23:42:19.160+0000] {standard_task_runner.py:91} INFO - Job 632: Subtask games_etl
[2024-07-07T23:42:19.194+0000] {task_command.py:426} INFO - Running <TaskInstance: chess_etl.games_etl scheduled__2020-08-01T00:00:00+00:00 [running]> on host 6569f5155f0c
[2024-07-07T23:42:19.255+0000] {taskinstance.py:2648} INFO - Exporting env vars: AIRFLOW_CTX_DAG_OWNER='***' AIRFLOW_CTX_DAG_ID='chess_etl' AIRFLOW_CTX_TASK_ID='games_etl' AIRFLOW_CTX_EXECUTION_DATE='2020-08-01T00:00:00+00:00' AIRFLOW_CTX_TRY_NUMBER='1' AIRFLOW_CTX_DAG_RUN_ID='scheduled__2020-08-01T00:00:00+00:00'
[2024-07-07T23:42:19.256+0000] {taskinstance.py:430} INFO - ::endgroup::
[2024-07-07T23:42:19.257+0000] {warnings.py:110} WARNING - /home/***/.local/lib/python3.12/site-packages/***/utils/context.py:320: AirflowContextDeprecationWarning: Accessing 'execution_date' from the template is deprecated and will be removed in a future version. Please use 'data_interval_start' or 'logical_date' instead.
  warnings.warn(_create_deprecation_warning(k, replacements))

[2024-07-07T23:42:20.106+0000] {base.py:84} INFO - Using connection ID 'chess_project_s3' for task execution.
[2024-07-07T23:42:20.857+0000] {python.py:237} INFO - Done. Returned value was: None
[2024-07-07T23:42:20.858+0000] {taskinstance.py:441} INFO - ::group::Post task execution logs
[2024-07-07T23:42:20.864+0000] {taskinstance.py:1206} INFO - Marking task as SUCCESS. dag_id=chess_etl, task_id=games_etl, run_id=scheduled__2020-08-01T00:00:00+00:00, execution_date=20200801T000000, start_date=20240707T234219, end_date=20240707T234220
[2024-07-07T23:42:20.897+0000] {local_task_job_runner.py:240} INFO - Task exited with return code 0
[2024-07-07T23:42:20.914+0000] {taskinstance.py:3498} INFO - 1 downstream tasks scheduled from follow-on schedule check
[2024-07-07T23:42:20.915+0000] {local_task_job_runner.py:222} INFO - ::endgroup::
