[2024-06-03T17:38:38.583+0000] {local_task_job_runner.py:120} INFO - ::group::Pre task execution logs
[2024-06-03T17:38:38.598+0000] {taskinstance.py:2076} INFO - Dependencies all met for dep_context=non-requeueable deps ti=<TaskInstance: chess_etl.games_etl scheduled__2020-03-01T00:00:00+00:00 [queued]>
[2024-06-03T17:38:38.603+0000] {taskinstance.py:2076} INFO - Dependencies all met for dep_context=requeueable deps ti=<TaskInstance: chess_etl.games_etl scheduled__2020-03-01T00:00:00+00:00 [queued]>
[2024-06-03T17:38:38.604+0000] {taskinstance.py:2306} INFO - Starting attempt 1 of 1
[2024-06-03T17:38:38.612+0000] {taskinstance.py:2330} INFO - Executing <Task(PythonOperator): games_etl> on 2020-03-01 00:00:00+00:00
[2024-06-03T17:38:38.618+0000] {warnings.py:110} WARNING - /home/***/.local/lib/python3.12/site-packages/***/task/task_runner/standard_task_runner.py:61: DeprecationWarning: This process (pid=150) is multi-threaded, use of fork() may lead to deadlocks in the child.
  pid = os.fork()

[2024-06-03T17:38:38.619+0000] {standard_task_runner.py:63} INFO - Started process 154 to run task
[2024-06-03T17:38:38.619+0000] {standard_task_runner.py:90} INFO - Running: ['***', 'tasks', 'run', 'chess_etl', 'games_etl', 'scheduled__2020-03-01T00:00:00+00:00', '--job-id', '33', '--raw', '--subdir', 'DAGS_FOLDER/chess_dag.py', '--cfg-path', '/tmp/tmpsvkxhebp']
[2024-06-03T17:38:38.620+0000] {standard_task_runner.py:91} INFO - Job 33: Subtask games_etl
[2024-06-03T17:38:38.657+0000] {task_command.py:426} INFO - Running <TaskInstance: chess_etl.games_etl scheduled__2020-03-01T00:00:00+00:00 [running]> on host a5a4421409ea
[2024-06-03T17:38:38.712+0000] {taskinstance.py:2648} INFO - Exporting env vars: AIRFLOW_CTX_DAG_OWNER='***' AIRFLOW_CTX_DAG_ID='chess_etl' AIRFLOW_CTX_TASK_ID='games_etl' AIRFLOW_CTX_EXECUTION_DATE='2020-03-01T00:00:00+00:00' AIRFLOW_CTX_TRY_NUMBER='1' AIRFLOW_CTX_DAG_RUN_ID='scheduled__2020-03-01T00:00:00+00:00'
[2024-06-03T17:38:38.713+0000] {taskinstance.py:430} INFO - ::endgroup::
[2024-06-03T17:38:38.714+0000] {warnings.py:110} WARNING - /home/***/.local/lib/python3.12/site-packages/***/utils/context.py:320: AirflowContextDeprecationWarning: Accessing 'execution_date' from the template is deprecated and will be removed in a future version. Please use 'data_interval_start' or 'logical_date' instead.
  warnings.warn(_create_deprecation_warning(k, replacements))

[2024-06-03T17:38:38.939+0000] {python.py:237} INFO - Done. Returned value was: None
[2024-06-03T17:38:38.940+0000] {taskinstance.py:441} INFO - ::group::Post task execution logs
[2024-06-03T17:38:38.947+0000] {taskinstance.py:1206} INFO - Marking task as SUCCESS. dag_id=chess_etl, task_id=games_etl, run_id=scheduled__2020-03-01T00:00:00+00:00, execution_date=20200301T000000, start_date=20240603T173838, end_date=20240603T173838
[2024-06-03T17:38:38.993+0000] {local_task_job_runner.py:240} INFO - Task exited with return code 0
[2024-06-03T17:38:39.008+0000] {taskinstance.py:3498} INFO - 1 downstream tasks scheduled from follow-on schedule check
[2024-06-03T17:38:39.009+0000] {local_task_job_runner.py:222} INFO - ::endgroup::
[2024-06-03T17:45:31.126+0000] {local_task_job_runner.py:120} INFO - ::group::Pre task execution logs
[2024-06-03T17:45:31.141+0000] {taskinstance.py:2076} INFO - Dependencies all met for dep_context=non-requeueable deps ti=<TaskInstance: chess_etl.games_etl scheduled__2020-03-01T00:00:00+00:00 [queued]>
[2024-06-03T17:45:31.146+0000] {taskinstance.py:2076} INFO - Dependencies all met for dep_context=requeueable deps ti=<TaskInstance: chess_etl.games_etl scheduled__2020-03-01T00:00:00+00:00 [queued]>
[2024-06-03T17:45:31.147+0000] {taskinstance.py:2306} INFO - Starting attempt 1 of 1
[2024-06-03T17:45:31.155+0000] {taskinstance.py:2330} INFO - Executing <Task(PythonOperator): games_etl> on 2020-03-01 00:00:00+00:00
[2024-06-03T17:45:31.161+0000] {warnings.py:110} WARNING - /home/***/.local/lib/python3.12/site-packages/***/task/task_runner/standard_task_runner.py:61: DeprecationWarning: This process (pid=219) is multi-threaded, use of fork() may lead to deadlocks in the child.
  pid = os.fork()

[2024-06-03T17:45:31.162+0000] {standard_task_runner.py:63} INFO - Started process 221 to run task
[2024-06-03T17:45:31.163+0000] {standard_task_runner.py:90} INFO - Running: ['***', 'tasks', 'run', 'chess_etl', 'games_etl', 'scheduled__2020-03-01T00:00:00+00:00', '--job-id', '92', '--raw', '--subdir', 'DAGS_FOLDER/chess_dag.py', '--cfg-path', '/tmp/tmpbcgc7wie']
[2024-06-03T17:45:31.163+0000] {standard_task_runner.py:91} INFO - Job 92: Subtask games_etl
[2024-06-03T17:45:31.196+0000] {task_command.py:426} INFO - Running <TaskInstance: chess_etl.games_etl scheduled__2020-03-01T00:00:00+00:00 [running]> on host f55fff24b127
[2024-06-03T17:45:31.259+0000] {taskinstance.py:2648} INFO - Exporting env vars: AIRFLOW_CTX_DAG_OWNER='***' AIRFLOW_CTX_DAG_ID='chess_etl' AIRFLOW_CTX_TASK_ID='games_etl' AIRFLOW_CTX_EXECUTION_DATE='2020-03-01T00:00:00+00:00' AIRFLOW_CTX_TRY_NUMBER='1' AIRFLOW_CTX_DAG_RUN_ID='scheduled__2020-03-01T00:00:00+00:00'
[2024-06-03T17:45:31.260+0000] {taskinstance.py:430} INFO - ::endgroup::
[2024-06-03T17:45:31.261+0000] {warnings.py:110} WARNING - /home/***/.local/lib/python3.12/site-packages/***/utils/context.py:320: AirflowContextDeprecationWarning: Accessing 'execution_date' from the template is deprecated and will be removed in a future version. Please use 'data_interval_start' or 'logical_date' instead.
  warnings.warn(_create_deprecation_warning(k, replacements))

[2024-06-03T17:45:31.512+0000] {python.py:237} INFO - Done. Returned value was: None
[2024-06-03T17:45:31.513+0000] {taskinstance.py:441} INFO - ::group::Post task execution logs
[2024-06-03T17:45:31.519+0000] {taskinstance.py:1206} INFO - Marking task as SUCCESS. dag_id=chess_etl, task_id=games_etl, run_id=scheduled__2020-03-01T00:00:00+00:00, execution_date=20200301T000000, start_date=20240603T174531, end_date=20240603T174531
[2024-06-03T17:45:31.536+0000] {local_task_job_runner.py:240} INFO - Task exited with return code 0
[2024-06-03T17:45:31.552+0000] {taskinstance.py:3498} INFO - 1 downstream tasks scheduled from follow-on schedule check
[2024-06-03T17:45:31.553+0000] {local_task_job_runner.py:222} INFO - ::endgroup::
[2024-06-08T14:10:59.127+0000] {local_task_job_runner.py:120} INFO - ::group::Pre task execution logs
[2024-06-08T14:10:59.141+0000] {taskinstance.py:2076} INFO - Dependencies all met for dep_context=non-requeueable deps ti=<TaskInstance: chess_etl.games_etl scheduled__2020-03-01T00:00:00+00:00 [queued]>
[2024-06-08T14:10:59.146+0000] {taskinstance.py:2076} INFO - Dependencies all met for dep_context=requeueable deps ti=<TaskInstance: chess_etl.games_etl scheduled__2020-03-01T00:00:00+00:00 [queued]>
[2024-06-08T14:10:59.147+0000] {taskinstance.py:2306} INFO - Starting attempt 1 of 1
[2024-06-08T14:10:59.158+0000] {taskinstance.py:2330} INFO - Executing <Task(PythonOperator): games_etl> on 2020-03-01 00:00:00+00:00
[2024-06-08T14:10:59.163+0000] {warnings.py:110} WARNING - /home/***/.local/lib/python3.12/site-packages/***/task/task_runner/standard_task_runner.py:61: DeprecationWarning: This process (pid=235) is multi-threaded, use of fork() may lead to deadlocks in the child.
  pid = os.fork()

[2024-06-08T14:10:59.164+0000] {standard_task_runner.py:63} INFO - Started process 237 to run task
[2024-06-08T14:10:59.165+0000] {standard_task_runner.py:90} INFO - Running: ['***', 'tasks', 'run', 'chess_etl', 'games_etl', 'scheduled__2020-03-01T00:00:00+00:00', '--job-id', '232', '--raw', '--subdir', 'DAGS_FOLDER/chess_dag.py', '--cfg-path', '/tmp/tmpudnkn_yz']
[2024-06-08T14:10:59.165+0000] {standard_task_runner.py:91} INFO - Job 232: Subtask games_etl
[2024-06-08T14:10:59.197+0000] {task_command.py:426} INFO - Running <TaskInstance: chess_etl.games_etl scheduled__2020-03-01T00:00:00+00:00 [running]> on host 3c9d89bfdaf1
[2024-06-08T14:10:59.254+0000] {taskinstance.py:2648} INFO - Exporting env vars: AIRFLOW_CTX_DAG_OWNER='***' AIRFLOW_CTX_DAG_ID='chess_etl' AIRFLOW_CTX_TASK_ID='games_etl' AIRFLOW_CTX_EXECUTION_DATE='2020-03-01T00:00:00+00:00' AIRFLOW_CTX_TRY_NUMBER='1' AIRFLOW_CTX_DAG_RUN_ID='scheduled__2020-03-01T00:00:00+00:00'
[2024-06-08T14:10:59.255+0000] {taskinstance.py:430} INFO - ::endgroup::
[2024-06-08T14:10:59.256+0000] {warnings.py:110} WARNING - /home/***/.local/lib/python3.12/site-packages/***/utils/context.py:320: AirflowContextDeprecationWarning: Accessing 'execution_date' from the template is deprecated and will be removed in a future version. Please use 'data_interval_start' or 'logical_date' instead.
  warnings.warn(_create_deprecation_warning(k, replacements))

[2024-06-08T14:10:59.520+0000] {python.py:237} INFO - Done. Returned value was: None
[2024-06-08T14:10:59.521+0000] {taskinstance.py:441} INFO - ::group::Post task execution logs
[2024-06-08T14:10:59.528+0000] {taskinstance.py:1206} INFO - Marking task as SUCCESS. dag_id=chess_etl, task_id=games_etl, run_id=scheduled__2020-03-01T00:00:00+00:00, execution_date=20200301T000000, start_date=20240608T141059, end_date=20240608T141059
[2024-06-08T14:10:59.579+0000] {local_task_job_runner.py:240} INFO - Task exited with return code 0
[2024-06-08T14:10:59.594+0000] {taskinstance.py:3498} INFO - 1 downstream tasks scheduled from follow-on schedule check
[2024-06-08T14:10:59.596+0000] {local_task_job_runner.py:222} INFO - ::endgroup::
[2024-06-08T14:52:27.182+0000] {local_task_job_runner.py:120} INFO - ::group::Pre task execution logs
[2024-06-08T14:52:27.197+0000] {taskinstance.py:2076} INFO - Dependencies all met for dep_context=non-requeueable deps ti=<TaskInstance: chess_etl.games_etl scheduled__2020-03-01T00:00:00+00:00 [queued]>
[2024-06-08T14:52:27.204+0000] {taskinstance.py:2076} INFO - Dependencies all met for dep_context=requeueable deps ti=<TaskInstance: chess_etl.games_etl scheduled__2020-03-01T00:00:00+00:00 [queued]>
[2024-06-08T14:52:27.205+0000] {taskinstance.py:2306} INFO - Starting attempt 1 of 1
[2024-06-08T14:52:27.217+0000] {taskinstance.py:2330} INFO - Executing <Task(PythonOperator): games_etl> on 2020-03-01 00:00:00+00:00
[2024-06-08T14:52:27.224+0000] {warnings.py:110} WARNING - /home/***/.local/lib/python3.12/site-packages/***/task/task_runner/standard_task_runner.py:61: DeprecationWarning: This process (pid=345) is multi-threaded, use of fork() may lead to deadlocks in the child.
  pid = os.fork()

[2024-06-08T14:52:27.226+0000] {standard_task_runner.py:63} INFO - Started process 347 to run task
[2024-06-08T14:52:27.226+0000] {standard_task_runner.py:90} INFO - Running: ['***', 'tasks', 'run', 'chess_etl', 'games_etl', 'scheduled__2020-03-01T00:00:00+00:00', '--job-id', '268', '--raw', '--subdir', 'DAGS_FOLDER/chess_dag.py', '--cfg-path', '/tmp/tmpkyev4kui']
[2024-06-08T14:52:27.227+0000] {standard_task_runner.py:91} INFO - Job 268: Subtask games_etl
[2024-06-08T14:52:27.259+0000] {task_command.py:426} INFO - Running <TaskInstance: chess_etl.games_etl scheduled__2020-03-01T00:00:00+00:00 [running]> on host bf0ade909435
[2024-06-08T14:52:27.318+0000] {taskinstance.py:2648} INFO - Exporting env vars: AIRFLOW_CTX_DAG_OWNER='***' AIRFLOW_CTX_DAG_ID='chess_etl' AIRFLOW_CTX_TASK_ID='games_etl' AIRFLOW_CTX_EXECUTION_DATE='2020-03-01T00:00:00+00:00' AIRFLOW_CTX_TRY_NUMBER='1' AIRFLOW_CTX_DAG_RUN_ID='scheduled__2020-03-01T00:00:00+00:00'
[2024-06-08T14:52:27.319+0000] {taskinstance.py:430} INFO - ::endgroup::
[2024-06-08T14:52:27.320+0000] {warnings.py:110} WARNING - /home/***/.local/lib/python3.12/site-packages/***/utils/context.py:320: AirflowContextDeprecationWarning: Accessing 'execution_date' from the template is deprecated and will be removed in a future version. Please use 'data_interval_start' or 'logical_date' instead.
  warnings.warn(_create_deprecation_warning(k, replacements))

[2024-06-08T14:52:27.557+0000] {python.py:237} INFO - Done. Returned value was: None
[2024-06-08T14:52:27.558+0000] {taskinstance.py:441} INFO - ::group::Post task execution logs
[2024-06-08T14:52:27.564+0000] {taskinstance.py:1206} INFO - Marking task as SUCCESS. dag_id=chess_etl, task_id=games_etl, run_id=scheduled__2020-03-01T00:00:00+00:00, execution_date=20200301T000000, start_date=20240608T145227, end_date=20240608T145227
[2024-06-08T14:52:27.600+0000] {local_task_job_runner.py:240} INFO - Task exited with return code 0
[2024-06-08T14:52:27.615+0000] {taskinstance.py:3498} INFO - 1 downstream tasks scheduled from follow-on schedule check
[2024-06-08T14:52:27.616+0000] {local_task_job_runner.py:222} INFO - ::endgroup::
[2024-07-07T21:20:56.923+0000] {local_task_job_runner.py:120} INFO - ::group::Pre task execution logs
[2024-07-07T21:20:56.936+0000] {taskinstance.py:2076} INFO - Dependencies all met for dep_context=non-requeueable deps ti=<TaskInstance: chess_etl.games_etl scheduled__2020-03-01T00:00:00+00:00 [queued]>
[2024-07-07T21:20:56.942+0000] {taskinstance.py:2076} INFO - Dependencies all met for dep_context=requeueable deps ti=<TaskInstance: chess_etl.games_etl scheduled__2020-03-01T00:00:00+00:00 [queued]>
[2024-07-07T21:20:56.942+0000] {taskinstance.py:2306} INFO - Starting attempt 1 of 1
[2024-07-07T21:20:56.953+0000] {taskinstance.py:2330} INFO - Executing <Task(PythonOperator): games_etl> on 2020-03-01 00:00:00+00:00
[2024-07-07T21:20:56.958+0000] {warnings.py:110} WARNING - /home/***/.local/lib/python3.12/site-packages/***/task/task_runner/standard_task_runner.py:61: DeprecationWarning: This process (pid=1434) is multi-threaded, use of fork() may lead to deadlocks in the child.
  pid = os.fork()

[2024-07-07T21:20:56.959+0000] {standard_task_runner.py:63} INFO - Started process 1436 to run task
[2024-07-07T21:20:56.959+0000] {standard_task_runner.py:90} INFO - Running: ['***', 'tasks', 'run', 'chess_etl', 'games_etl', 'scheduled__2020-03-01T00:00:00+00:00', '--job-id', '612', '--raw', '--subdir', 'DAGS_FOLDER/chess_dag.py', '--cfg-path', '/tmp/tmpjx8sdgd5']
[2024-07-07T21:20:56.960+0000] {standard_task_runner.py:91} INFO - Job 612: Subtask games_etl
[2024-07-07T21:20:56.990+0000] {task_command.py:426} INFO - Running <TaskInstance: chess_etl.games_etl scheduled__2020-03-01T00:00:00+00:00 [running]> on host 6569f5155f0c
[2024-07-07T21:20:57.046+0000] {taskinstance.py:2648} INFO - Exporting env vars: AIRFLOW_CTX_DAG_OWNER='***' AIRFLOW_CTX_DAG_ID='chess_etl' AIRFLOW_CTX_TASK_ID='games_etl' AIRFLOW_CTX_EXECUTION_DATE='2020-03-01T00:00:00+00:00' AIRFLOW_CTX_TRY_NUMBER='1' AIRFLOW_CTX_DAG_RUN_ID='scheduled__2020-03-01T00:00:00+00:00'
[2024-07-07T21:20:57.047+0000] {taskinstance.py:430} INFO - ::endgroup::
[2024-07-07T21:20:57.048+0000] {warnings.py:110} WARNING - /home/***/.local/lib/python3.12/site-packages/***/utils/context.py:320: AirflowContextDeprecationWarning: Accessing 'execution_date' from the template is deprecated and will be removed in a future version. Please use 'data_interval_start' or 'logical_date' instead.
  warnings.warn(_create_deprecation_warning(k, replacements))

[2024-07-07T21:20:57.284+0000] {python.py:237} INFO - Done. Returned value was: None
[2024-07-07T21:20:57.285+0000] {taskinstance.py:441} INFO - ::group::Post task execution logs
[2024-07-07T21:20:57.291+0000] {taskinstance.py:1206} INFO - Marking task as SUCCESS. dag_id=chess_etl, task_id=games_etl, run_id=scheduled__2020-03-01T00:00:00+00:00, execution_date=20200301T000000, start_date=20240707T212056, end_date=20240707T212057
[2024-07-07T21:20:57.333+0000] {local_task_job_runner.py:240} INFO - Task exited with return code 0
[2024-07-07T21:20:57.353+0000] {taskinstance.py:3498} INFO - 1 downstream tasks scheduled from follow-on schedule check
[2024-07-07T21:20:57.354+0000] {local_task_job_runner.py:222} INFO - ::endgroup::
