[2024-06-04T00:15:18.495+0000] {local_task_job_runner.py:120} INFO - ::group::Pre task execution logs
[2024-06-04T00:15:18.509+0000] {taskinstance.py:2076} INFO - Dependencies all met for dep_context=non-requeueable deps ti=<TaskInstance: chess_etl.blunders_etl scheduled__2023-01-01T00:00:00+00:00 [queued]>
[2024-06-04T00:15:18.515+0000] {taskinstance.py:2076} INFO - Dependencies all met for dep_context=requeueable deps ti=<TaskInstance: chess_etl.blunders_etl scheduled__2023-01-01T00:00:00+00:00 [queued]>
[2024-06-04T00:15:18.516+0000] {taskinstance.py:2306} INFO - Starting attempt 1 of 1
[2024-06-04T00:15:18.527+0000] {taskinstance.py:2330} INFO - Executing <Task(PythonOperator): blunders_etl> on 2023-01-01 00:00:00+00:00
[2024-06-04T00:15:18.534+0000] {warnings.py:110} WARNING - /home/***/.local/lib/python3.12/site-packages/***/task/task_runner/standard_task_runner.py:61: DeprecationWarning: This process (pid=42851) is multi-threaded, use of fork() may lead to deadlocks in the child.
  pid = os.fork()

[2024-06-04T00:15:18.536+0000] {standard_task_runner.py:63} INFO - Started process 42857 to run task
[2024-06-04T00:15:18.536+0000] {standard_task_runner.py:90} INFO - Running: ['***', 'tasks', 'run', 'chess_etl', 'blunders_etl', 'scheduled__2023-01-01T00:00:00+00:00', '--job-id', '161', '--raw', '--subdir', 'DAGS_FOLDER/chess_dag.py', '--cfg-path', '/tmp/tmpaef3cj64']
[2024-06-04T00:15:18.537+0000] {standard_task_runner.py:91} INFO - Job 161: Subtask blunders_etl
[2024-06-04T00:15:18.569+0000] {task_command.py:426} INFO - Running <TaskInstance: chess_etl.blunders_etl scheduled__2023-01-01T00:00:00+00:00 [running]> on host f55fff24b127
[2024-06-04T00:15:18.631+0000] {taskinstance.py:2648} INFO - Exporting env vars: AIRFLOW_CTX_DAG_OWNER='***' AIRFLOW_CTX_DAG_ID='chess_etl' AIRFLOW_CTX_TASK_ID='blunders_etl' AIRFLOW_CTX_EXECUTION_DATE='2023-01-01T00:00:00+00:00' AIRFLOW_CTX_TRY_NUMBER='1' AIRFLOW_CTX_DAG_RUN_ID='scheduled__2023-01-01T00:00:00+00:00'
[2024-06-04T00:15:18.633+0000] {taskinstance.py:430} INFO - ::endgroup::
[2024-06-04T00:15:18.634+0000] {warnings.py:110} WARNING - /home/***/.local/lib/python3.12/site-packages/***/utils/context.py:320: AirflowContextDeprecationWarning: Accessing 'execution_date' from the template is deprecated and will be removed in a future version. Please use 'data_interval_start' or 'logical_date' instead.
  warnings.warn(_create_deprecation_warning(k, replacements))

[2024-06-04T00:15:18.640+0000] {base.py:84} INFO - Using connection ID 'chess_project_s3' for task execution.
[2024-06-04T00:44:50.857+0000] {python.py:237} INFO - Done. Returned value was: None
[2024-06-04T00:44:50.858+0000] {taskinstance.py:441} INFO - ::group::Post task execution logs
[2024-06-04T00:44:50.867+0000] {taskinstance.py:1206} INFO - Marking task as SUCCESS. dag_id=chess_etl, task_id=blunders_etl, run_id=scheduled__2023-01-01T00:00:00+00:00, execution_date=20230101T000000, start_date=20240604T001518, end_date=20240604T004450
[2024-06-04T00:44:50.920+0000] {local_task_job_runner.py:240} INFO - Task exited with return code 0
[2024-06-04T00:44:50.932+0000] {taskinstance.py:3498} INFO - 0 downstream tasks scheduled from follow-on schedule check
[2024-06-04T00:44:50.934+0000] {local_task_job_runner.py:222} INFO - ::endgroup::
[2024-06-08T21:58:09.384+0000] {local_task_job_runner.py:120} INFO - ::group::Pre task execution logs
[2024-06-08T21:58:09.409+0000] {taskinstance.py:2076} INFO - Dependencies all met for dep_context=non-requeueable deps ti=<TaskInstance: chess_etl.blunders_etl scheduled__2023-01-01T00:00:00+00:00 [queued]>
[2024-06-08T21:58:09.420+0000] {taskinstance.py:2076} INFO - Dependencies all met for dep_context=requeueable deps ti=<TaskInstance: chess_etl.blunders_etl scheduled__2023-01-01T00:00:00+00:00 [queued]>
[2024-06-08T21:58:09.420+0000] {taskinstance.py:2306} INFO - Starting attempt 1 of 1
[2024-06-08T21:58:09.437+0000] {taskinstance.py:2330} INFO - Executing <Task(PythonOperator): blunders_etl> on 2023-01-01 00:00:00+00:00
[2024-06-08T21:58:09.446+0000] {warnings.py:110} WARNING - /home/***/.local/lib/python3.12/site-packages/***/task/task_runner/standard_task_runner.py:61: DeprecationWarning: This process (pid=43441) is multi-threaded, use of fork() may lead to deadlocks in the child.
  pid = os.fork()

[2024-06-08T21:58:09.448+0000] {standard_task_runner.py:63} INFO - Started process 43443 to run task
[2024-06-08T21:58:09.448+0000] {standard_task_runner.py:90} INFO - Running: ['***', 'tasks', 'run', 'chess_etl', 'blunders_etl', 'scheduled__2023-01-01T00:00:00+00:00', '--job-id', '337', '--raw', '--subdir', 'DAGS_FOLDER/chess_dag.py', '--cfg-path', '/tmp/tmpicp1ng3f']
[2024-06-08T21:58:09.450+0000] {standard_task_runner.py:91} INFO - Job 337: Subtask blunders_etl
[2024-06-08T21:58:09.501+0000] {task_command.py:426} INFO - Running <TaskInstance: chess_etl.blunders_etl scheduled__2023-01-01T00:00:00+00:00 [running]> on host bf0ade909435
[2024-06-08T21:58:09.594+0000] {taskinstance.py:2648} INFO - Exporting env vars: AIRFLOW_CTX_DAG_OWNER='***' AIRFLOW_CTX_DAG_ID='chess_etl' AIRFLOW_CTX_TASK_ID='blunders_etl' AIRFLOW_CTX_EXECUTION_DATE='2023-01-01T00:00:00+00:00' AIRFLOW_CTX_TRY_NUMBER='1' AIRFLOW_CTX_DAG_RUN_ID='scheduled__2023-01-01T00:00:00+00:00'
[2024-06-08T21:58:09.596+0000] {taskinstance.py:430} INFO - ::endgroup::
[2024-06-08T21:58:09.597+0000] {warnings.py:110} WARNING - /home/***/.local/lib/python3.12/site-packages/***/utils/context.py:320: AirflowContextDeprecationWarning: Accessing 'execution_date' from the template is deprecated and will be removed in a future version. Please use 'data_interval_start' or 'logical_date' instead.
  warnings.warn(_create_deprecation_warning(k, replacements))

[2024-06-08T21:58:09.606+0000] {base.py:84} INFO - Using connection ID 'chess_project_s3' for task execution.
[2024-06-08T22:34:17.794+0000] {python.py:237} INFO - Done. Returned value was: None
[2024-06-08T22:34:17.798+0000] {taskinstance.py:441} INFO - ::group::Post task execution logs
[2024-06-08T22:34:17.828+0000] {taskinstance.py:1206} INFO - Marking task as SUCCESS. dag_id=chess_etl, task_id=blunders_etl, run_id=scheduled__2023-01-01T00:00:00+00:00, execution_date=20230101T000000, start_date=20240608T215809, end_date=20240608T223417
[2024-06-08T22:34:17.893+0000] {local_task_job_runner.py:240} INFO - Task exited with return code 0
[2024-06-08T22:34:17.923+0000] {taskinstance.py:3498} INFO - 0 downstream tasks scheduled from follow-on schedule check
[2024-06-08T22:34:17.926+0000] {local_task_job_runner.py:222} INFO - ::endgroup::
[2024-07-08T03:35:36.329+0000] {local_task_job_runner.py:120} INFO - ::group::Pre task execution logs
[2024-07-08T03:35:36.344+0000] {taskinstance.py:2076} INFO - Dependencies all met for dep_context=non-requeueable deps ti=<TaskInstance: chess_etl.blunders_etl scheduled__2023-01-01T00:00:00+00:00 [queued]>
[2024-07-08T03:35:36.351+0000] {taskinstance.py:2076} INFO - Dependencies all met for dep_context=requeueable deps ti=<TaskInstance: chess_etl.blunders_etl scheduled__2023-01-01T00:00:00+00:00 [queued]>
[2024-07-08T03:35:36.352+0000] {taskinstance.py:2306} INFO - Starting attempt 1 of 1
[2024-07-08T03:35:36.363+0000] {taskinstance.py:2330} INFO - Executing <Task(PythonOperator): blunders_etl> on 2023-01-01 00:00:00+00:00
[2024-07-08T03:35:36.370+0000] {warnings.py:110} WARNING - /home/***/.local/lib/python3.12/site-packages/***/task/task_runner/standard_task_runner.py:61: DeprecationWarning: This process (pid=44215) is multi-threaded, use of fork() may lead to deadlocks in the child.
  pid = os.fork()

[2024-07-08T03:35:36.372+0000] {standard_task_runner.py:63} INFO - Started process 44217 to run task
[2024-07-08T03:35:36.372+0000] {standard_task_runner.py:90} INFO - Running: ['***', 'tasks', 'run', 'chess_etl', 'blunders_etl', 'scheduled__2023-01-01T00:00:00+00:00', '--job-id', '749', '--raw', '--subdir', 'DAGS_FOLDER/chess_dag.py', '--cfg-path', '/tmp/tmpbcxcpljw']
[2024-07-08T03:35:36.373+0000] {standard_task_runner.py:91} INFO - Job 749: Subtask blunders_etl
[2024-07-08T03:35:36.411+0000] {task_command.py:426} INFO - Running <TaskInstance: chess_etl.blunders_etl scheduled__2023-01-01T00:00:00+00:00 [running]> on host 6569f5155f0c
[2024-07-08T03:35:36.470+0000] {taskinstance.py:2648} INFO - Exporting env vars: AIRFLOW_CTX_DAG_OWNER='***' AIRFLOW_CTX_DAG_ID='chess_etl' AIRFLOW_CTX_TASK_ID='blunders_etl' AIRFLOW_CTX_EXECUTION_DATE='2023-01-01T00:00:00+00:00' AIRFLOW_CTX_TRY_NUMBER='1' AIRFLOW_CTX_DAG_RUN_ID='scheduled__2023-01-01T00:00:00+00:00'
[2024-07-08T03:35:36.472+0000] {taskinstance.py:430} INFO - ::endgroup::
[2024-07-08T03:35:36.472+0000] {warnings.py:110} WARNING - /home/***/.local/lib/python3.12/site-packages/***/utils/context.py:320: AirflowContextDeprecationWarning: Accessing 'execution_date' from the template is deprecated and will be removed in a future version. Please use 'data_interval_start' or 'logical_date' instead.
  warnings.warn(_create_deprecation_warning(k, replacements))

[2024-07-08T03:35:36.479+0000] {base.py:84} INFO - Using connection ID 'chess_project_s3' for task execution.
[2024-07-08T04:05:05.208+0000] {python.py:237} INFO - Done. Returned value was: None
[2024-07-08T04:05:05.209+0000] {taskinstance.py:441} INFO - ::group::Post task execution logs
[2024-07-08T04:05:05.217+0000] {taskinstance.py:1206} INFO - Marking task as SUCCESS. dag_id=chess_etl, task_id=blunders_etl, run_id=scheduled__2023-01-01T00:00:00+00:00, execution_date=20230101T000000, start_date=20240708T033536, end_date=20240708T040505
[2024-07-08T04:05:05.267+0000] {local_task_job_runner.py:240} INFO - Task exited with return code 0
[2024-07-08T04:05:05.287+0000] {taskinstance.py:3498} INFO - 1 downstream tasks scheduled from follow-on schedule check
[2024-07-08T04:05:05.288+0000] {local_task_job_runner.py:222} INFO - ::endgroup::
