[2024-07-07T18:36:16.253+0000] {local_task_job_runner.py:120} INFO - ::group::Pre task execution logs
[2024-07-07T18:36:16.267+0000] {taskinstance.py:2076} INFO - Dependencies all met for dep_context=non-requeueable deps ti=<TaskInstance: chess_etl.redshift_game_load scheduled__2021-12-01T00:00:00+00:00 [queued]>
[2024-07-07T18:36:16.273+0000] {taskinstance.py:2076} INFO - Dependencies all met for dep_context=requeueable deps ti=<TaskInstance: chess_etl.redshift_game_load scheduled__2021-12-01T00:00:00+00:00 [queued]>
[2024-07-07T18:36:16.274+0000] {taskinstance.py:2306} INFO - Starting attempt 1 of 1
[2024-07-07T18:36:16.283+0000] {taskinstance.py:2330} INFO - Executing <Task(PythonOperator): redshift_game_load> on 2021-12-01 00:00:00+00:00
[2024-07-07T18:36:16.288+0000] {warnings.py:110} WARNING - /home/***/.local/lib/python3.12/site-packages/***/task/task_runner/standard_task_runner.py:61: DeprecationWarning: This process (pid=1447) is multi-threaded, use of fork() may lead to deadlocks in the child.
  pid = os.fork()

[2024-07-07T18:36:16.289+0000] {standard_task_runner.py:63} INFO - Started process 1452 to run task
[2024-07-07T18:36:16.289+0000] {standard_task_runner.py:90} INFO - Running: ['***', 'tasks', 'run', 'chess_etl', 'redshift_game_load', 'scheduled__2021-12-01T00:00:00+00:00', '--job-id', '447', '--pool', 'default_pool', '--raw', '--subdir', 'DAGS_FOLDER/chess_dag.py', '--cfg-path', '/tmp/tmpdw1_jq7f']
[2024-07-07T18:36:16.290+0000] {standard_task_runner.py:91} INFO - Job 447: Subtask redshift_game_load
[2024-07-07T18:36:16.319+0000] {task_command.py:426} INFO - Running <TaskInstance: chess_etl.redshift_game_load scheduled__2021-12-01T00:00:00+00:00 [running]> on host cb919e35e0e9
[2024-07-07T18:36:16.372+0000] {taskinstance.py:2648} INFO - Exporting env vars: AIRFLOW_CTX_DAG_OWNER='***' AIRFLOW_CTX_DAG_ID='chess_etl' AIRFLOW_CTX_TASK_ID='redshift_game_load' AIRFLOW_CTX_EXECUTION_DATE='2021-12-01T00:00:00+00:00' AIRFLOW_CTX_TRY_NUMBER='1' AIRFLOW_CTX_DAG_RUN_ID='scheduled__2021-12-01T00:00:00+00:00'
[2024-07-07T18:36:16.373+0000] {taskinstance.py:430} INFO - ::endgroup::
[2024-07-07T18:36:16.374+0000] {warnings.py:110} WARNING - /home/***/.local/lib/python3.12/site-packages/***/utils/context.py:320: AirflowContextDeprecationWarning: Accessing 'execution_date' from the template is deprecated and will be removed in a future version. Please use 'data_interval_start' or 'logical_date' instead.
  warnings.warn(_create_deprecation_warning(k, replacements))

[2024-07-07T18:36:16.379+0000] {base.py:84} INFO - Using connection ID 'chess_project_s3' for task execution.
[2024-07-07T18:36:17.148+0000] {base.py:84} INFO - Using connection ID 'chess_project_redshift' for task execution.
[2024-07-07T18:36:19.292+0000] {python.py:237} INFO - Done. Returned value was: None
[2024-07-07T18:36:19.293+0000] {taskinstance.py:441} INFO - ::group::Post task execution logs
[2024-07-07T18:36:19.299+0000] {taskinstance.py:1206} INFO - Marking task as SUCCESS. dag_id=chess_etl, task_id=redshift_game_load, run_id=scheduled__2021-12-01T00:00:00+00:00, execution_date=20211201T000000, start_date=20240707T183616, end_date=20240707T183619
[2024-07-07T18:36:19.352+0000] {local_task_job_runner.py:240} INFO - Task exited with return code 0
[2024-07-07T18:36:19.364+0000] {taskinstance.py:3498} INFO - 0 downstream tasks scheduled from follow-on schedule check
[2024-07-07T18:36:19.366+0000] {local_task_job_runner.py:222} INFO - ::endgroup::
[2024-07-08T01:58:29.305+0000] {local_task_job_runner.py:120} INFO - ::group::Pre task execution logs
[2024-07-08T01:58:29.319+0000] {taskinstance.py:2076} INFO - Dependencies all met for dep_context=non-requeueable deps ti=<TaskInstance: chess_etl.redshift_game_load scheduled__2021-12-01T00:00:00+00:00 [queued]>
[2024-07-08T01:58:29.324+0000] {taskinstance.py:2076} INFO - Dependencies all met for dep_context=requeueable deps ti=<TaskInstance: chess_etl.redshift_game_load scheduled__2021-12-01T00:00:00+00:00 [queued]>
[2024-07-08T01:58:29.325+0000] {taskinstance.py:2306} INFO - Starting attempt 1 of 1
[2024-07-08T01:58:29.333+0000] {taskinstance.py:2330} INFO - Executing <Task(PythonOperator): redshift_game_load> on 2021-12-01 00:00:00+00:00
[2024-07-08T01:58:29.340+0000] {warnings.py:110} WARNING - /home/***/.local/lib/python3.12/site-packages/***/task/task_runner/standard_task_runner.py:61: DeprecationWarning: This process (pid=32806) is multi-threaded, use of fork() may lead to deadlocks in the child.
  pid = os.fork()

[2024-07-08T01:58:29.341+0000] {standard_task_runner.py:63} INFO - Started process 32808 to run task
[2024-07-08T01:58:29.342+0000] {standard_task_runner.py:90} INFO - Running: ['***', 'tasks', 'run', 'chess_etl', 'redshift_game_load', 'scheduled__2021-12-01T00:00:00+00:00', '--job-id', '706', '--raw', '--subdir', 'DAGS_FOLDER/chess_dag.py', '--cfg-path', '/tmp/tmpo6n663ck']
[2024-07-08T01:58:29.342+0000] {standard_task_runner.py:91} INFO - Job 706: Subtask redshift_game_load
[2024-07-08T01:58:29.375+0000] {task_command.py:426} INFO - Running <TaskInstance: chess_etl.redshift_game_load scheduled__2021-12-01T00:00:00+00:00 [running]> on host 6569f5155f0c
[2024-07-08T01:58:29.439+0000] {taskinstance.py:2648} INFO - Exporting env vars: AIRFLOW_CTX_DAG_OWNER='***' AIRFLOW_CTX_DAG_ID='chess_etl' AIRFLOW_CTX_TASK_ID='redshift_game_load' AIRFLOW_CTX_EXECUTION_DATE='2021-12-01T00:00:00+00:00' AIRFLOW_CTX_TRY_NUMBER='1' AIRFLOW_CTX_DAG_RUN_ID='scheduled__2021-12-01T00:00:00+00:00'
[2024-07-08T01:58:29.440+0000] {taskinstance.py:430} INFO - ::endgroup::
[2024-07-08T01:58:29.441+0000] {warnings.py:110} WARNING - /home/***/.local/lib/python3.12/site-packages/***/utils/context.py:320: AirflowContextDeprecationWarning: Accessing 'execution_date' from the template is deprecated and will be removed in a future version. Please use 'data_interval_start' or 'logical_date' instead.
  warnings.warn(_create_deprecation_warning(k, replacements))

[2024-07-08T01:58:29.448+0000] {base.py:84} INFO - Using connection ID 'chess_project_s3' for task execution.
[2024-07-08T01:58:30.266+0000] {base.py:84} INFO - Using connection ID 'chess_project_redshift' for task execution.
[2024-07-08T01:58:33.028+0000] {python.py:237} INFO - Done. Returned value was: None
[2024-07-08T01:58:33.028+0000] {taskinstance.py:441} INFO - ::group::Post task execution logs
[2024-07-08T01:58:33.035+0000] {taskinstance.py:1206} INFO - Marking task as SUCCESS. dag_id=chess_etl, task_id=redshift_game_load, run_id=scheduled__2021-12-01T00:00:00+00:00, execution_date=20211201T000000, start_date=20240708T015829, end_date=20240708T015833
[2024-07-08T01:58:33.085+0000] {local_task_job_runner.py:240} INFO - Task exited with return code 0
[2024-07-08T01:58:33.099+0000] {taskinstance.py:3498} INFO - 1 downstream tasks scheduled from follow-on schedule check
[2024-07-08T01:58:33.101+0000] {local_task_job_runner.py:222} INFO - ::endgroup::
