[2024-07-07T18:37:01.314+0000] {local_task_job_runner.py:120} INFO - ::group::Pre task execution logs
[2024-07-07T18:37:01.327+0000] {taskinstance.py:2076} INFO - Dependencies all met for dep_context=non-requeueable deps ti=<TaskInstance: chess_etl.redshift_game_load scheduled__2022-06-01T00:00:00+00:00 [queued]>
[2024-07-07T18:37:01.333+0000] {taskinstance.py:2076} INFO - Dependencies all met for dep_context=requeueable deps ti=<TaskInstance: chess_etl.redshift_game_load scheduled__2022-06-01T00:00:00+00:00 [queued]>
[2024-07-07T18:37:01.333+0000] {taskinstance.py:2306} INFO - Starting attempt 1 of 1
[2024-07-07T18:37:01.342+0000] {taskinstance.py:2330} INFO - Executing <Task(PythonOperator): redshift_game_load> on 2022-06-01 00:00:00+00:00
[2024-07-07T18:37:01.347+0000] {warnings.py:110} WARNING - /home/***/.local/lib/python3.12/site-packages/***/task/task_runner/standard_task_runner.py:61: DeprecationWarning: This process (pid=1492) is multi-threaded, use of fork() may lead to deadlocks in the child.
  pid = os.fork()

[2024-07-07T18:37:01.348+0000] {standard_task_runner.py:63} INFO - Started process 1497 to run task
[2024-07-07T18:37:01.348+0000] {standard_task_runner.py:90} INFO - Running: ['***', 'tasks', 'run', 'chess_etl', 'redshift_game_load', 'scheduled__2022-06-01T00:00:00+00:00', '--job-id', '453', '--pool', 'default_pool', '--raw', '--subdir', 'DAGS_FOLDER/chess_dag.py', '--cfg-path', '/tmp/tmpjxdd88m7']
[2024-07-07T18:37:01.349+0000] {standard_task_runner.py:91} INFO - Job 453: Subtask redshift_game_load
[2024-07-07T18:37:01.382+0000] {task_command.py:426} INFO - Running <TaskInstance: chess_etl.redshift_game_load scheduled__2022-06-01T00:00:00+00:00 [running]> on host cb919e35e0e9
[2024-07-07T18:37:01.442+0000] {taskinstance.py:2648} INFO - Exporting env vars: AIRFLOW_CTX_DAG_OWNER='***' AIRFLOW_CTX_DAG_ID='chess_etl' AIRFLOW_CTX_TASK_ID='redshift_game_load' AIRFLOW_CTX_EXECUTION_DATE='2022-06-01T00:00:00+00:00' AIRFLOW_CTX_TRY_NUMBER='1' AIRFLOW_CTX_DAG_RUN_ID='scheduled__2022-06-01T00:00:00+00:00'
[2024-07-07T18:37:01.443+0000] {taskinstance.py:430} INFO - ::endgroup::
[2024-07-07T18:37:01.444+0000] {warnings.py:110} WARNING - /home/***/.local/lib/python3.12/site-packages/***/utils/context.py:320: AirflowContextDeprecationWarning: Accessing 'execution_date' from the template is deprecated and will be removed in a future version. Please use 'data_interval_start' or 'logical_date' instead.
  warnings.warn(_create_deprecation_warning(k, replacements))

[2024-07-07T18:37:01.451+0000] {base.py:84} INFO - Using connection ID 'chess_project_s3' for task execution.
[2024-07-07T18:37:02.231+0000] {base.py:84} INFO - Using connection ID 'chess_project_redshift' for task execution.
[2024-07-07T18:37:04.324+0000] {python.py:237} INFO - Done. Returned value was: None
[2024-07-07T18:37:04.325+0000] {taskinstance.py:441} INFO - ::group::Post task execution logs
[2024-07-07T18:37:04.331+0000] {taskinstance.py:1206} INFO - Marking task as SUCCESS. dag_id=chess_etl, task_id=redshift_game_load, run_id=scheduled__2022-06-01T00:00:00+00:00, execution_date=20220601T000000, start_date=20240707T183701, end_date=20240707T183704
[2024-07-07T18:37:04.367+0000] {local_task_job_runner.py:240} INFO - Task exited with return code 0
[2024-07-07T18:37:04.379+0000] {taskinstance.py:3498} INFO - 0 downstream tasks scheduled from follow-on schedule check
[2024-07-07T18:37:04.380+0000] {local_task_job_runner.py:222} INFO - ::endgroup::
[2024-07-08T02:36:49.434+0000] {local_task_job_runner.py:120} INFO - ::group::Pre task execution logs
[2024-07-08T02:36:49.448+0000] {taskinstance.py:2076} INFO - Dependencies all met for dep_context=non-requeueable deps ti=<TaskInstance: chess_etl.redshift_game_load scheduled__2022-06-01T00:00:00+00:00 [queued]>
[2024-07-08T02:36:49.454+0000] {taskinstance.py:2076} INFO - Dependencies all met for dep_context=requeueable deps ti=<TaskInstance: chess_etl.redshift_game_load scheduled__2022-06-01T00:00:00+00:00 [queued]>
[2024-07-08T02:36:49.454+0000] {taskinstance.py:2306} INFO - Starting attempt 1 of 1
[2024-07-08T02:36:49.463+0000] {taskinstance.py:2330} INFO - Executing <Task(PythonOperator): redshift_game_load> on 2022-06-01 00:00:00+00:00
[2024-07-08T02:36:49.470+0000] {warnings.py:110} WARNING - /home/***/.local/lib/python3.12/site-packages/***/task/task_runner/standard_task_runner.py:61: DeprecationWarning: This process (pid=37315) is multi-threaded, use of fork() may lead to deadlocks in the child.
  pid = os.fork()

[2024-07-08T02:36:49.472+0000] {standard_task_runner.py:63} INFO - Started process 37317 to run task
[2024-07-08T02:36:49.472+0000] {standard_task_runner.py:90} INFO - Running: ['***', 'tasks', 'run', 'chess_etl', 'redshift_game_load', 'scheduled__2022-06-01T00:00:00+00:00', '--job-id', '722', '--raw', '--subdir', 'DAGS_FOLDER/chess_dag.py', '--cfg-path', '/tmp/tmphwxrz292']
[2024-07-08T02:36:49.473+0000] {standard_task_runner.py:91} INFO - Job 722: Subtask redshift_game_load
[2024-07-08T02:36:49.507+0000] {task_command.py:426} INFO - Running <TaskInstance: chess_etl.redshift_game_load scheduled__2022-06-01T00:00:00+00:00 [running]> on host 6569f5155f0c
[2024-07-08T02:36:49.567+0000] {taskinstance.py:2648} INFO - Exporting env vars: AIRFLOW_CTX_DAG_OWNER='***' AIRFLOW_CTX_DAG_ID='chess_etl' AIRFLOW_CTX_TASK_ID='redshift_game_load' AIRFLOW_CTX_EXECUTION_DATE='2022-06-01T00:00:00+00:00' AIRFLOW_CTX_TRY_NUMBER='1' AIRFLOW_CTX_DAG_RUN_ID='scheduled__2022-06-01T00:00:00+00:00'
[2024-07-08T02:36:49.568+0000] {taskinstance.py:430} INFO - ::endgroup::
[2024-07-08T02:36:49.569+0000] {warnings.py:110} WARNING - /home/***/.local/lib/python3.12/site-packages/***/utils/context.py:320: AirflowContextDeprecationWarning: Accessing 'execution_date' from the template is deprecated and will be removed in a future version. Please use 'data_interval_start' or 'logical_date' instead.
  warnings.warn(_create_deprecation_warning(k, replacements))

[2024-07-08T02:36:49.575+0000] {base.py:84} INFO - Using connection ID 'chess_project_s3' for task execution.
[2024-07-08T02:36:50.342+0000] {base.py:84} INFO - Using connection ID 'chess_project_redshift' for task execution.
[2024-07-08T02:36:52.225+0000] {python.py:237} INFO - Done. Returned value was: None
[2024-07-08T02:36:52.226+0000] {taskinstance.py:441} INFO - ::group::Post task execution logs
[2024-07-08T02:36:52.235+0000] {taskinstance.py:1206} INFO - Marking task as SUCCESS. dag_id=chess_etl, task_id=redshift_game_load, run_id=scheduled__2022-06-01T00:00:00+00:00, execution_date=20220601T000000, start_date=20240708T023649, end_date=20240708T023652
[2024-07-08T02:36:52.292+0000] {local_task_job_runner.py:240} INFO - Task exited with return code 0
[2024-07-08T02:36:52.311+0000] {taskinstance.py:3498} INFO - 1 downstream tasks scheduled from follow-on schedule check
[2024-07-08T02:36:52.312+0000] {local_task_job_runner.py:222} INFO - ::endgroup::
