[2024-07-07T17:28:12.586+0000] {local_task_job_runner.py:120} INFO - ::group::Pre task execution logs
[2024-07-07T17:28:12.602+0000] {taskinstance.py:2076} INFO - Dependencies all met for dep_context=non-requeueable deps ti=<TaskInstance: chess_etl.blunders_etl scheduled__2024-06-01T00:00:00+00:00 [queued]>
[2024-07-07T17:28:12.609+0000] {taskinstance.py:2076} INFO - Dependencies all met for dep_context=requeueable deps ti=<TaskInstance: chess_etl.blunders_etl scheduled__2024-06-01T00:00:00+00:00 [queued]>
[2024-07-07T17:28:12.610+0000] {taskinstance.py:2306} INFO - Starting attempt 1 of 1
[2024-07-07T17:28:12.621+0000] {taskinstance.py:2330} INFO - Executing <Task(PythonOperator): blunders_etl> on 2024-06-01 00:00:00+00:00
[2024-07-07T17:28:12.625+0000] {warnings.py:110} WARNING - /home/***/.local/lib/python3.12/site-packages/***/task/task_runner/standard_task_runner.py:61: DeprecationWarning: This process (pid=57) is multi-threaded, use of fork() may lead to deadlocks in the child.
  pid = os.fork()

[2024-07-07T17:28:12.626+0000] {standard_task_runner.py:63} INFO - Started process 59 to run task
[2024-07-07T17:28:12.626+0000] {standard_task_runner.py:90} INFO - Running: ['***', 'tasks', 'run', 'chess_etl', 'blunders_etl', 'scheduled__2024-06-01T00:00:00+00:00', '--job-id', '373', '--raw', '--subdir', 'DAGS_FOLDER/chess_dag.py', '--cfg-path', '/tmp/tmp2qfuvvzl']
[2024-07-07T17:28:12.627+0000] {standard_task_runner.py:91} INFO - Job 373: Subtask blunders_etl
[2024-07-07T17:28:12.659+0000] {task_command.py:426} INFO - Running <TaskInstance: chess_etl.blunders_etl scheduled__2024-06-01T00:00:00+00:00 [running]> on host cb919e35e0e9
[2024-07-07T17:28:12.714+0000] {taskinstance.py:2648} INFO - Exporting env vars: AIRFLOW_CTX_DAG_OWNER='***' AIRFLOW_CTX_DAG_ID='chess_etl' AIRFLOW_CTX_TASK_ID='blunders_etl' AIRFLOW_CTX_EXECUTION_DATE='2024-06-01T00:00:00+00:00' AIRFLOW_CTX_TRY_NUMBER='1' AIRFLOW_CTX_DAG_RUN_ID='scheduled__2024-06-01T00:00:00+00:00'
[2024-07-07T17:28:12.715+0000] {taskinstance.py:430} INFO - ::endgroup::
[2024-07-07T17:28:12.716+0000] {warnings.py:110} WARNING - /home/***/.local/lib/python3.12/site-packages/***/utils/context.py:320: AirflowContextDeprecationWarning: Accessing 'execution_date' from the template is deprecated and will be removed in a future version. Please use 'data_interval_start' or 'logical_date' instead.
  warnings.warn(_create_deprecation_warning(k, replacements))

[2024-07-07T17:28:12.721+0000] {base.py:84} INFO - Using connection ID 'chess_project_s3' for task execution.
[2024-07-07T17:31:54.070+0000] {python.py:237} INFO - Done. Returned value was: None
[2024-07-07T17:31:54.070+0000] {taskinstance.py:441} INFO - ::group::Post task execution logs
[2024-07-07T17:31:54.077+0000] {taskinstance.py:1206} INFO - Marking task as SUCCESS. dag_id=chess_etl, task_id=blunders_etl, run_id=scheduled__2024-06-01T00:00:00+00:00, execution_date=20240601T000000, start_date=20240707T172812, end_date=20240707T173154
[2024-07-07T17:31:54.103+0000] {local_task_job_runner.py:240} INFO - Task exited with return code 0
[2024-07-07T17:31:54.113+0000] {taskinstance.py:3498} INFO - 0 downstream tasks scheduled from follow-on schedule check
[2024-07-07T17:31:54.114+0000] {local_task_job_runner.py:222} INFO - ::endgroup::
[2024-07-08T05:41:15.238+0000] {local_task_job_runner.py:120} INFO - ::group::Pre task execution logs
[2024-07-08T05:41:15.255+0000] {taskinstance.py:2076} INFO - Dependencies all met for dep_context=non-requeueable deps ti=<TaskInstance: chess_etl.blunders_etl scheduled__2024-06-01T00:00:00+00:00 [queued]>
[2024-07-08T05:41:15.262+0000] {taskinstance.py:2076} INFO - Dependencies all met for dep_context=requeueable deps ti=<TaskInstance: chess_etl.blunders_etl scheduled__2024-06-01T00:00:00+00:00 [queued]>
[2024-07-08T05:41:15.262+0000] {taskinstance.py:2306} INFO - Starting attempt 1 of 1
[2024-07-08T05:41:15.273+0000] {taskinstance.py:2330} INFO - Executing <Task(PythonOperator): blunders_etl> on 2024-06-01 00:00:00+00:00
[2024-07-08T05:41:15.281+0000] {warnings.py:110} WARNING - /home/***/.local/lib/python3.12/site-packages/***/task/task_runner/standard_task_runner.py:61: DeprecationWarning: This process (pid=58523) is multi-threaded, use of fork() may lead to deadlocks in the child.
  pid = os.fork()

[2024-07-08T05:41:15.283+0000] {standard_task_runner.py:63} INFO - Started process 58525 to run task
[2024-07-08T05:41:15.283+0000] {standard_task_runner.py:90} INFO - Running: ['***', 'tasks', 'run', 'chess_etl', 'blunders_etl', 'scheduled__2024-06-01T00:00:00+00:00', '--job-id', '817', '--raw', '--subdir', 'DAGS_FOLDER/chess_dag.py', '--cfg-path', '/tmp/tmpjjmz6btb']
[2024-07-08T05:41:15.284+0000] {standard_task_runner.py:91} INFO - Job 817: Subtask blunders_etl
[2024-07-08T05:41:15.320+0000] {task_command.py:426} INFO - Running <TaskInstance: chess_etl.blunders_etl scheduled__2024-06-01T00:00:00+00:00 [running]> on host 6569f5155f0c
[2024-07-08T05:41:15.377+0000] {taskinstance.py:2648} INFO - Exporting env vars: AIRFLOW_CTX_DAG_OWNER='***' AIRFLOW_CTX_DAG_ID='chess_etl' AIRFLOW_CTX_TASK_ID='blunders_etl' AIRFLOW_CTX_EXECUTION_DATE='2024-06-01T00:00:00+00:00' AIRFLOW_CTX_TRY_NUMBER='1' AIRFLOW_CTX_DAG_RUN_ID='scheduled__2024-06-01T00:00:00+00:00'
[2024-07-08T05:41:15.379+0000] {taskinstance.py:430} INFO - ::endgroup::
[2024-07-08T05:41:15.379+0000] {warnings.py:110} WARNING - /home/***/.local/lib/python3.12/site-packages/***/utils/context.py:320: AirflowContextDeprecationWarning: Accessing 'execution_date' from the template is deprecated and will be removed in a future version. Please use 'data_interval_start' or 'logical_date' instead.
  warnings.warn(_create_deprecation_warning(k, replacements))

[2024-07-08T05:41:15.385+0000] {base.py:84} INFO - Using connection ID 'chess_project_s3' for task execution.
[2024-07-08T05:45:15.496+0000] {python.py:237} INFO - Done. Returned value was: None
[2024-07-08T05:45:15.496+0000] {taskinstance.py:441} INFO - ::group::Post task execution logs
[2024-07-08T05:45:15.503+0000] {taskinstance.py:1206} INFO - Marking task as SUCCESS. dag_id=chess_etl, task_id=blunders_etl, run_id=scheduled__2024-06-01T00:00:00+00:00, execution_date=20240601T000000, start_date=20240708T054115, end_date=20240708T054515
[2024-07-08T05:45:15.530+0000] {local_task_job_runner.py:240} INFO - Task exited with return code 0
[2024-07-08T05:45:15.546+0000] {taskinstance.py:3498} INFO - 1 downstream tasks scheduled from follow-on schedule check
[2024-07-08T05:45:15.547+0000] {local_task_job_runner.py:222} INFO - ::endgroup::
