[2024-07-07T18:10:57.563+0000] {local_task_job_runner.py:120} INFO - ::group::Pre task execution logs
[2024-07-07T18:10:57.579+0000] {taskinstance.py:2076} INFO - Dependencies all met for dep_context=non-requeueable deps ti=<TaskInstance: chess_etl.redshift_game_load scheduled__2019-10-01T00:00:00+00:00 [queued]>
[2024-07-07T18:10:57.586+0000] {taskinstance.py:2076} INFO - Dependencies all met for dep_context=requeueable deps ti=<TaskInstance: chess_etl.redshift_game_load scheduled__2019-10-01T00:00:00+00:00 [queued]>
[2024-07-07T18:10:57.586+0000] {taskinstance.py:2306} INFO - Starting attempt 1 of 1
[2024-07-07T18:10:57.594+0000] {taskinstance.py:2330} INFO - Executing <Task(PythonOperator): redshift_game_load> on 2019-10-01 00:00:00+00:00
[2024-07-07T18:10:57.600+0000] {warnings.py:110} WARNING - /home/***/.local/lib/python3.12/site-packages/***/task/task_runner/standard_task_runner.py:61: DeprecationWarning: This process (pid=968) is multi-threaded, use of fork() may lead to deadlocks in the child.
  pid = os.fork()

[2024-07-07T18:10:57.601+0000] {standard_task_runner.py:63} INFO - Started process 973 to run task
[2024-07-07T18:10:57.601+0000] {standard_task_runner.py:90} INFO - Running: ['***', 'tasks', 'run', 'chess_etl', 'redshift_game_load', 'scheduled__2019-10-01T00:00:00+00:00', '--job-id', '411', '--pool', 'default_pool', '--raw', '--subdir', 'DAGS_FOLDER/chess_dag.py', '--cfg-path', '/tmp/tmpv6nog_h1']
[2024-07-07T18:10:57.602+0000] {standard_task_runner.py:91} INFO - Job 411: Subtask redshift_game_load
[2024-07-07T18:10:57.636+0000] {task_command.py:426} INFO - Running <TaskInstance: chess_etl.redshift_game_load scheduled__2019-10-01T00:00:00+00:00 [running]> on host cb919e35e0e9
[2024-07-07T18:10:57.695+0000] {taskinstance.py:2648} INFO - Exporting env vars: AIRFLOW_CTX_DAG_OWNER='***' AIRFLOW_CTX_DAG_ID='chess_etl' AIRFLOW_CTX_TASK_ID='redshift_game_load' AIRFLOW_CTX_EXECUTION_DATE='2019-10-01T00:00:00+00:00' AIRFLOW_CTX_TRY_NUMBER='1' AIRFLOW_CTX_DAG_RUN_ID='scheduled__2019-10-01T00:00:00+00:00'
[2024-07-07T18:10:57.696+0000] {taskinstance.py:430} INFO - ::endgroup::
[2024-07-07T18:10:57.697+0000] {warnings.py:110} WARNING - /home/***/.local/lib/python3.12/site-packages/***/utils/context.py:320: AirflowContextDeprecationWarning: Accessing 'execution_date' from the template is deprecated and will be removed in a future version. Please use 'data_interval_start' or 'logical_date' instead.
  warnings.warn(_create_deprecation_warning(k, replacements))

[2024-07-07T18:10:57.705+0000] {base.py:84} INFO - Using connection ID 'chess_project_s3' for task execution.
[2024-07-07T18:10:58.544+0000] {logging_mixin.py:188} INFO - No games for period 2019_10
[2024-07-07T18:10:58.545+0000] {python.py:237} INFO - Done. Returned value was: None
[2024-07-07T18:10:58.545+0000] {taskinstance.py:441} INFO - ::group::Post task execution logs
[2024-07-07T18:10:58.550+0000] {taskinstance.py:1206} INFO - Marking task as SUCCESS. dag_id=chess_etl, task_id=redshift_game_load, run_id=scheduled__2019-10-01T00:00:00+00:00, execution_date=20191001T000000, start_date=20240707T181057, end_date=20240707T181058
[2024-07-07T18:10:58.576+0000] {local_task_job_runner.py:240} INFO - Task exited with return code 0
[2024-07-07T18:10:58.591+0000] {taskinstance.py:3498} INFO - 1 downstream tasks scheduled from follow-on schedule check
[2024-07-07T18:10:58.592+0000] {local_task_job_runner.py:222} INFO - ::endgroup::
[2024-07-07T21:20:38.566+0000] {local_task_job_runner.py:120} INFO - ::group::Pre task execution logs
[2024-07-07T21:20:38.580+0000] {taskinstance.py:2076} INFO - Dependencies all met for dep_context=non-requeueable deps ti=<TaskInstance: chess_etl.redshift_game_load scheduled__2019-10-01T00:00:00+00:00 [queued]>
[2024-07-07T21:20:38.585+0000] {taskinstance.py:2076} INFO - Dependencies all met for dep_context=requeueable deps ti=<TaskInstance: chess_etl.redshift_game_load scheduled__2019-10-01T00:00:00+00:00 [queued]>
[2024-07-07T21:20:38.585+0000] {taskinstance.py:2306} INFO - Starting attempt 1 of 1
[2024-07-07T21:20:38.593+0000] {taskinstance.py:2330} INFO - Executing <Task(PythonOperator): redshift_game_load> on 2019-10-01 00:00:00+00:00
[2024-07-07T21:20:38.598+0000] {warnings.py:110} WARNING - /home/***/.local/lib/python3.12/site-packages/***/task/task_runner/standard_task_runner.py:61: DeprecationWarning: This process (pid=1367) is multi-threaded, use of fork() may lead to deadlocks in the child.
  pid = os.fork()

[2024-07-07T21:20:38.599+0000] {standard_task_runner.py:63} INFO - Started process 1372 to run task
[2024-07-07T21:20:38.599+0000] {standard_task_runner.py:90} INFO - Running: ['***', 'tasks', 'run', 'chess_etl', 'redshift_game_load', 'scheduled__2019-10-01T00:00:00+00:00', '--job-id', '598', '--raw', '--subdir', 'DAGS_FOLDER/chess_dag.py', '--cfg-path', '/tmp/tmpwca5xltr']
[2024-07-07T21:20:38.600+0000] {standard_task_runner.py:91} INFO - Job 598: Subtask redshift_game_load
[2024-07-07T21:20:38.632+0000] {task_command.py:426} INFO - Running <TaskInstance: chess_etl.redshift_game_load scheduled__2019-10-01T00:00:00+00:00 [running]> on host 6569f5155f0c
[2024-07-07T21:20:38.683+0000] {taskinstance.py:2648} INFO - Exporting env vars: AIRFLOW_CTX_DAG_OWNER='***' AIRFLOW_CTX_DAG_ID='chess_etl' AIRFLOW_CTX_TASK_ID='redshift_game_load' AIRFLOW_CTX_EXECUTION_DATE='2019-10-01T00:00:00+00:00' AIRFLOW_CTX_TRY_NUMBER='1' AIRFLOW_CTX_DAG_RUN_ID='scheduled__2019-10-01T00:00:00+00:00'
[2024-07-07T21:20:38.684+0000] {taskinstance.py:430} INFO - ::endgroup::
[2024-07-07T21:20:38.685+0000] {warnings.py:110} WARNING - /home/***/.local/lib/python3.12/site-packages/***/utils/context.py:320: AirflowContextDeprecationWarning: Accessing 'execution_date' from the template is deprecated and will be removed in a future version. Please use 'data_interval_start' or 'logical_date' instead.
  warnings.warn(_create_deprecation_warning(k, replacements))

[2024-07-07T21:20:38.690+0000] {base.py:84} INFO - Using connection ID 'chess_project_s3' for task execution.
[2024-07-07T21:20:39.597+0000] {logging_mixin.py:188} INFO - No games for period 2019_10
[2024-07-07T21:20:39.598+0000] {python.py:237} INFO - Done. Returned value was: None
[2024-07-07T21:20:39.598+0000] {taskinstance.py:441} INFO - ::group::Post task execution logs
[2024-07-07T21:20:39.604+0000] {taskinstance.py:1206} INFO - Marking task as SUCCESS. dag_id=chess_etl, task_id=redshift_game_load, run_id=scheduled__2019-10-01T00:00:00+00:00, execution_date=20191001T000000, start_date=20240707T212038, end_date=20240707T212039
[2024-07-07T21:20:39.655+0000] {local_task_job_runner.py:240} INFO - Task exited with return code 0
[2024-07-07T21:20:39.668+0000] {taskinstance.py:3498} INFO - 1 downstream tasks scheduled from follow-on schedule check
[2024-07-07T21:20:39.669+0000] {local_task_job_runner.py:222} INFO - ::endgroup::
