[2024-06-04T01:19:12.715+0000] {local_task_job_runner.py:120} INFO - ::group::Pre task execution logs
[2024-06-04T01:19:12.732+0000] {taskinstance.py:2076} INFO - Dependencies all met for dep_context=non-requeueable deps ti=<TaskInstance: chess_etl.games_etl scheduled__2023-07-01T00:00:00+00:00 [queued]>
[2024-06-04T01:19:12.738+0000] {taskinstance.py:2076} INFO - Dependencies all met for dep_context=requeueable deps ti=<TaskInstance: chess_etl.games_etl scheduled__2023-07-01T00:00:00+00:00 [queued]>
[2024-06-04T01:19:12.738+0000] {taskinstance.py:2306} INFO - Starting attempt 1 of 1
[2024-06-04T01:19:12.747+0000] {taskinstance.py:2330} INFO - Executing <Task(PythonOperator): games_etl> on 2023-07-01 00:00:00+00:00
[2024-06-04T01:19:12.754+0000] {warnings.py:110} WARNING - /home/***/.local/lib/python3.12/site-packages/***/task/task_runner/standard_task_runner.py:61: DeprecationWarning: This process (pid=50301) is multi-threaded, use of fork() may lead to deadlocks in the child.
  pid = os.fork()

[2024-06-04T01:19:12.756+0000] {standard_task_runner.py:63} INFO - Started process 50303 to run task
[2024-06-04T01:19:12.755+0000] {standard_task_runner.py:90} INFO - Running: ['***', 'tasks', 'run', 'chess_etl', 'games_etl', 'scheduled__2023-07-01T00:00:00+00:00', '--job-id', '172', '--raw', '--subdir', 'DAGS_FOLDER/chess_dag.py', '--cfg-path', '/tmp/tmp0wq4dwcl']
[2024-06-04T01:19:12.756+0000] {standard_task_runner.py:91} INFO - Job 172: Subtask games_etl
[2024-06-04T01:19:12.792+0000] {task_command.py:426} INFO - Running <TaskInstance: chess_etl.games_etl scheduled__2023-07-01T00:00:00+00:00 [running]> on host f55fff24b127
[2024-06-04T01:19:12.862+0000] {taskinstance.py:2648} INFO - Exporting env vars: AIRFLOW_CTX_DAG_OWNER='***' AIRFLOW_CTX_DAG_ID='chess_etl' AIRFLOW_CTX_TASK_ID='games_etl' AIRFLOW_CTX_EXECUTION_DATE='2023-07-01T00:00:00+00:00' AIRFLOW_CTX_TRY_NUMBER='1' AIRFLOW_CTX_DAG_RUN_ID='scheduled__2023-07-01T00:00:00+00:00'
[2024-06-04T01:19:12.863+0000] {taskinstance.py:430} INFO - ::endgroup::
[2024-06-04T01:19:12.864+0000] {warnings.py:110} WARNING - /home/***/.local/lib/python3.12/site-packages/***/utils/context.py:320: AirflowContextDeprecationWarning: Accessing 'execution_date' from the template is deprecated and will be removed in a future version. Please use 'data_interval_start' or 'logical_date' instead.
  warnings.warn(_create_deprecation_warning(k, replacements))

[2024-06-04T01:19:13.571+0000] {base.py:84} INFO - Using connection ID 'chess_project_s3' for task execution.
[2024-06-04T01:19:14.377+0000] {python.py:237} INFO - Done. Returned value was: None
[2024-06-04T01:19:14.378+0000] {taskinstance.py:441} INFO - ::group::Post task execution logs
[2024-06-04T01:19:14.384+0000] {taskinstance.py:1206} INFO - Marking task as SUCCESS. dag_id=chess_etl, task_id=games_etl, run_id=scheduled__2023-07-01T00:00:00+00:00, execution_date=20230701T000000, start_date=20240604T011912, end_date=20240604T011914
[2024-06-04T01:19:14.413+0000] {local_task_job_runner.py:240} INFO - Task exited with return code 0
[2024-06-04T01:19:14.428+0000] {taskinstance.py:3498} INFO - 1 downstream tasks scheduled from follow-on schedule check
[2024-06-04T01:19:14.429+0000] {local_task_job_runner.py:222} INFO - ::endgroup::
[2024-06-08T23:11:35.968+0000] {local_task_job_runner.py:120} INFO - ::group::Pre task execution logs
[2024-06-08T23:11:35.982+0000] {taskinstance.py:2076} INFO - Dependencies all met for dep_context=non-requeueable deps ti=<TaskInstance: chess_etl.games_etl scheduled__2023-07-01T00:00:00+00:00 [queued]>
[2024-06-08T23:11:35.987+0000] {taskinstance.py:2076} INFO - Dependencies all met for dep_context=requeueable deps ti=<TaskInstance: chess_etl.games_etl scheduled__2023-07-01T00:00:00+00:00 [queued]>
[2024-06-08T23:11:35.988+0000] {taskinstance.py:2306} INFO - Starting attempt 1 of 1
[2024-06-08T23:11:35.998+0000] {taskinstance.py:2330} INFO - Executing <Task(PythonOperator): games_etl> on 2023-07-01 00:00:00+00:00
[2024-06-08T23:11:36.005+0000] {warnings.py:110} WARNING - /home/***/.local/lib/python3.12/site-packages/***/task/task_runner/standard_task_runner.py:61: DeprecationWarning: This process (pid=50991) is multi-threaded, use of fork() may lead to deadlocks in the child.
  pid = os.fork()

[2024-06-08T23:11:36.007+0000] {standard_task_runner.py:63} INFO - Started process 50993 to run task
[2024-06-08T23:11:36.006+0000] {standard_task_runner.py:90} INFO - Running: ['***', 'tasks', 'run', 'chess_etl', 'games_etl', 'scheduled__2023-07-01T00:00:00+00:00', '--job-id', '348', '--raw', '--subdir', 'DAGS_FOLDER/chess_dag.py', '--cfg-path', '/tmp/tmpe23pda2h']
[2024-06-08T23:11:36.007+0000] {standard_task_runner.py:91} INFO - Job 348: Subtask games_etl
[2024-06-08T23:11:36.041+0000] {task_command.py:426} INFO - Running <TaskInstance: chess_etl.games_etl scheduled__2023-07-01T00:00:00+00:00 [running]> on host bf0ade909435
[2024-06-08T23:11:36.108+0000] {taskinstance.py:2648} INFO - Exporting env vars: AIRFLOW_CTX_DAG_OWNER='***' AIRFLOW_CTX_DAG_ID='chess_etl' AIRFLOW_CTX_TASK_ID='games_etl' AIRFLOW_CTX_EXECUTION_DATE='2023-07-01T00:00:00+00:00' AIRFLOW_CTX_TRY_NUMBER='1' AIRFLOW_CTX_DAG_RUN_ID='scheduled__2023-07-01T00:00:00+00:00'
[2024-06-08T23:11:36.109+0000] {taskinstance.py:430} INFO - ::endgroup::
[2024-06-08T23:11:36.110+0000] {warnings.py:110} WARNING - /home/***/.local/lib/python3.12/site-packages/***/utils/context.py:320: AirflowContextDeprecationWarning: Accessing 'execution_date' from the template is deprecated and will be removed in a future version. Please use 'data_interval_start' or 'logical_date' instead.
  warnings.warn(_create_deprecation_warning(k, replacements))

[2024-06-08T23:11:36.761+0000] {base.py:84} INFO - Using connection ID 'chess_project_s3' for task execution.
[2024-06-08T23:11:37.415+0000] {python.py:237} INFO - Done. Returned value was: None
[2024-06-08T23:11:37.415+0000] {taskinstance.py:441} INFO - ::group::Post task execution logs
[2024-06-08T23:11:37.422+0000] {taskinstance.py:1206} INFO - Marking task as SUCCESS. dag_id=chess_etl, task_id=games_etl, run_id=scheduled__2023-07-01T00:00:00+00:00, execution_date=20230701T000000, start_date=20240608T231135, end_date=20240608T231137
[2024-06-08T23:11:37.464+0000] {local_task_job_runner.py:240} INFO - Task exited with return code 0
[2024-06-08T23:11:37.478+0000] {taskinstance.py:3498} INFO - 1 downstream tasks scheduled from follow-on schedule check
[2024-06-08T23:11:37.479+0000] {local_task_job_runner.py:222} INFO - ::endgroup::
[2024-07-08T04:40:02.664+0000] {local_task_job_runner.py:120} INFO - ::group::Pre task execution logs
[2024-07-08T04:40:02.678+0000] {taskinstance.py:2076} INFO - Dependencies all met for dep_context=non-requeueable deps ti=<TaskInstance: chess_etl.games_etl scheduled__2023-07-01T00:00:00+00:00 [queued]>
[2024-07-08T04:40:02.684+0000] {taskinstance.py:2076} INFO - Dependencies all met for dep_context=requeueable deps ti=<TaskInstance: chess_etl.games_etl scheduled__2023-07-01T00:00:00+00:00 [queued]>
[2024-07-08T04:40:02.685+0000] {taskinstance.py:2306} INFO - Starting attempt 1 of 1
[2024-07-08T04:40:02.693+0000] {taskinstance.py:2330} INFO - Executing <Task(PythonOperator): games_etl> on 2023-07-01 00:00:00+00:00
[2024-07-08T04:40:02.700+0000] {warnings.py:110} WARNING - /home/***/.local/lib/python3.12/site-packages/***/task/task_runner/standard_task_runner.py:61: DeprecationWarning: This process (pid=51769) is multi-threaded, use of fork() may lead to deadlocks in the child.
  pid = os.fork()

[2024-07-08T04:40:02.701+0000] {standard_task_runner.py:63} INFO - Started process 51771 to run task
[2024-07-08T04:40:02.701+0000] {standard_task_runner.py:90} INFO - Running: ['***', 'tasks', 'run', 'chess_etl', 'games_etl', 'scheduled__2023-07-01T00:00:00+00:00', '--job-id', '772', '--raw', '--subdir', 'DAGS_FOLDER/chess_dag.py', '--cfg-path', '/tmp/tmplvw6jsdi']
[2024-07-08T04:40:02.702+0000] {standard_task_runner.py:91} INFO - Job 772: Subtask games_etl
[2024-07-08T04:40:02.737+0000] {task_command.py:426} INFO - Running <TaskInstance: chess_etl.games_etl scheduled__2023-07-01T00:00:00+00:00 [running]> on host 6569f5155f0c
[2024-07-08T04:40:02.796+0000] {taskinstance.py:2648} INFO - Exporting env vars: AIRFLOW_CTX_DAG_OWNER='***' AIRFLOW_CTX_DAG_ID='chess_etl' AIRFLOW_CTX_TASK_ID='games_etl' AIRFLOW_CTX_EXECUTION_DATE='2023-07-01T00:00:00+00:00' AIRFLOW_CTX_TRY_NUMBER='1' AIRFLOW_CTX_DAG_RUN_ID='scheduled__2023-07-01T00:00:00+00:00'
[2024-07-08T04:40:02.797+0000] {taskinstance.py:430} INFO - ::endgroup::
[2024-07-08T04:40:02.797+0000] {warnings.py:110} WARNING - /home/***/.local/lib/python3.12/site-packages/***/utils/context.py:320: AirflowContextDeprecationWarning: Accessing 'execution_date' from the template is deprecated and will be removed in a future version. Please use 'data_interval_start' or 'logical_date' instead.
  warnings.warn(_create_deprecation_warning(k, replacements))

[2024-07-08T04:40:03.548+0000] {base.py:84} INFO - Using connection ID 'chess_project_s3' for task execution.
[2024-07-08T04:40:04.305+0000] {python.py:237} INFO - Done. Returned value was: None
[2024-07-08T04:40:04.305+0000] {taskinstance.py:441} INFO - ::group::Post task execution logs
[2024-07-08T04:40:04.313+0000] {taskinstance.py:1206} INFO - Marking task as SUCCESS. dag_id=chess_etl, task_id=games_etl, run_id=scheduled__2023-07-01T00:00:00+00:00, execution_date=20230701T000000, start_date=20240708T044002, end_date=20240708T044004
[2024-07-08T04:40:04.359+0000] {local_task_job_runner.py:240} INFO - Task exited with return code 0
[2024-07-08T04:40:04.378+0000] {taskinstance.py:3498} INFO - 1 downstream tasks scheduled from follow-on schedule check
[2024-07-08T04:40:04.379+0000] {local_task_job_runner.py:222} INFO - ::endgroup::
