[2024-07-07T18:36:06.321+0000] {local_task_job_runner.py:120} INFO - ::group::Pre task execution logs
[2024-07-07T18:36:06.337+0000] {taskinstance.py:2076} INFO - Dependencies all met for dep_context=non-requeueable deps ti=<TaskInstance: chess_etl.redshift_game_load scheduled__2021-10-01T00:00:00+00:00 [queued]>
[2024-07-07T18:36:06.344+0000] {taskinstance.py:2076} INFO - Dependencies all met for dep_context=requeueable deps ti=<TaskInstance: chess_etl.redshift_game_load scheduled__2021-10-01T00:00:00+00:00 [queued]>
[2024-07-07T18:36:06.345+0000] {taskinstance.py:2306} INFO - Starting attempt 1 of 1
[2024-07-07T18:36:06.355+0000] {taskinstance.py:2330} INFO - Executing <Task(PythonOperator): redshift_game_load> on 2021-10-01 00:00:00+00:00
[2024-07-07T18:36:06.360+0000] {warnings.py:110} WARNING - /home/***/.local/lib/python3.12/site-packages/***/task/task_runner/standard_task_runner.py:61: DeprecationWarning: This process (pid=1437) is multi-threaded, use of fork() may lead to deadlocks in the child.
  pid = os.fork()

[2024-07-07T18:36:06.362+0000] {standard_task_runner.py:90} INFO - Running: ['***', 'tasks', 'run', 'chess_etl', 'redshift_game_load', 'scheduled__2021-10-01T00:00:00+00:00', '--job-id', '445', '--pool', 'default_pool', '--raw', '--subdir', 'DAGS_FOLDER/chess_dag.py', '--cfg-path', '/tmp/tmp6ajgq6ti']
[2024-07-07T18:36:06.362+0000] {standard_task_runner.py:63} INFO - Started process 1442 to run task
[2024-07-07T18:36:06.363+0000] {standard_task_runner.py:91} INFO - Job 445: Subtask redshift_game_load
[2024-07-07T18:36:06.394+0000] {task_command.py:426} INFO - Running <TaskInstance: chess_etl.redshift_game_load scheduled__2021-10-01T00:00:00+00:00 [running]> on host cb919e35e0e9
[2024-07-07T18:36:06.458+0000] {taskinstance.py:2648} INFO - Exporting env vars: AIRFLOW_CTX_DAG_OWNER='***' AIRFLOW_CTX_DAG_ID='chess_etl' AIRFLOW_CTX_TASK_ID='redshift_game_load' AIRFLOW_CTX_EXECUTION_DATE='2021-10-01T00:00:00+00:00' AIRFLOW_CTX_TRY_NUMBER='1' AIRFLOW_CTX_DAG_RUN_ID='scheduled__2021-10-01T00:00:00+00:00'
[2024-07-07T18:36:06.459+0000] {taskinstance.py:430} INFO - ::endgroup::
[2024-07-07T18:36:06.460+0000] {warnings.py:110} WARNING - /home/***/.local/lib/python3.12/site-packages/***/utils/context.py:320: AirflowContextDeprecationWarning: Accessing 'execution_date' from the template is deprecated and will be removed in a future version. Please use 'data_interval_start' or 'logical_date' instead.
  warnings.warn(_create_deprecation_warning(k, replacements))

[2024-07-07T18:36:06.466+0000] {base.py:84} INFO - Using connection ID 'chess_project_s3' for task execution.
[2024-07-07T18:36:07.516+0000] {logging_mixin.py:188} INFO - No games for period 2021_10
[2024-07-07T18:36:07.516+0000] {python.py:237} INFO - Done. Returned value was: None
[2024-07-07T18:36:07.517+0000] {taskinstance.py:441} INFO - ::group::Post task execution logs
[2024-07-07T18:36:07.522+0000] {taskinstance.py:1206} INFO - Marking task as SUCCESS. dag_id=chess_etl, task_id=redshift_game_load, run_id=scheduled__2021-10-01T00:00:00+00:00, execution_date=20211001T000000, start_date=20240707T183606, end_date=20240707T183607
[2024-07-07T18:36:07.539+0000] {local_task_job_runner.py:240} INFO - Task exited with return code 0
[2024-07-07T18:36:07.552+0000] {taskinstance.py:3498} INFO - 0 downstream tasks scheduled from follow-on schedule check
[2024-07-07T18:36:07.553+0000] {local_task_job_runner.py:222} INFO - ::endgroup::
[2024-07-08T01:44:59.895+0000] {local_task_job_runner.py:120} INFO - ::group::Pre task execution logs
[2024-07-08T01:44:59.909+0000] {taskinstance.py:2076} INFO - Dependencies all met for dep_context=non-requeueable deps ti=<TaskInstance: chess_etl.redshift_game_load scheduled__2021-10-01T00:00:00+00:00 [queued]>
[2024-07-08T01:44:59.915+0000] {taskinstance.py:2076} INFO - Dependencies all met for dep_context=requeueable deps ti=<TaskInstance: chess_etl.redshift_game_load scheduled__2021-10-01T00:00:00+00:00 [queued]>
[2024-07-08T01:44:59.915+0000] {taskinstance.py:2306} INFO - Starting attempt 1 of 1
[2024-07-08T01:44:59.923+0000] {taskinstance.py:2330} INFO - Executing <Task(PythonOperator): redshift_game_load> on 2021-10-01 00:00:00+00:00
[2024-07-08T01:44:59.930+0000] {warnings.py:110} WARNING - /home/***/.local/lib/python3.12/site-packages/***/task/task_runner/standard_task_runner.py:61: DeprecationWarning: This process (pid=31223) is multi-threaded, use of fork() may lead to deadlocks in the child.
  pid = os.fork()

[2024-07-08T01:44:59.931+0000] {standard_task_runner.py:63} INFO - Started process 31226 to run task
[2024-07-08T01:44:59.932+0000] {standard_task_runner.py:90} INFO - Running: ['***', 'tasks', 'run', 'chess_etl', 'redshift_game_load', 'scheduled__2021-10-01T00:00:00+00:00', '--job-id', '690', '--raw', '--subdir', 'DAGS_FOLDER/chess_dag.py', '--cfg-path', '/tmp/tmpeuac4nlv']
[2024-07-08T01:44:59.933+0000] {standard_task_runner.py:91} INFO - Job 690: Subtask redshift_game_load
[2024-07-08T01:44:59.966+0000] {task_command.py:426} INFO - Running <TaskInstance: chess_etl.redshift_game_load scheduled__2021-10-01T00:00:00+00:00 [running]> on host 6569f5155f0c
[2024-07-08T01:45:00.035+0000] {taskinstance.py:2648} INFO - Exporting env vars: AIRFLOW_CTX_DAG_OWNER='***' AIRFLOW_CTX_DAG_ID='chess_etl' AIRFLOW_CTX_TASK_ID='redshift_game_load' AIRFLOW_CTX_EXECUTION_DATE='2021-10-01T00:00:00+00:00' AIRFLOW_CTX_TRY_NUMBER='1' AIRFLOW_CTX_DAG_RUN_ID='scheduled__2021-10-01T00:00:00+00:00'
[2024-07-08T01:45:00.036+0000] {taskinstance.py:430} INFO - ::endgroup::
[2024-07-08T01:45:00.037+0000] {warnings.py:110} WARNING - /home/***/.local/lib/python3.12/site-packages/***/utils/context.py:320: AirflowContextDeprecationWarning: Accessing 'execution_date' from the template is deprecated and will be removed in a future version. Please use 'data_interval_start' or 'logical_date' instead.
  warnings.warn(_create_deprecation_warning(k, replacements))

[2024-07-08T01:45:00.043+0000] {base.py:84} INFO - Using connection ID 'chess_project_s3' for task execution.
[2024-07-08T01:45:00.923+0000] {logging_mixin.py:188} INFO - No games for period 2021_10
[2024-07-08T01:45:00.924+0000] {python.py:237} INFO - Done. Returned value was: None
[2024-07-08T01:45:00.924+0000] {taskinstance.py:441} INFO - ::group::Post task execution logs
[2024-07-08T01:45:00.931+0000] {taskinstance.py:1206} INFO - Marking task as SUCCESS. dag_id=chess_etl, task_id=redshift_game_load, run_id=scheduled__2021-10-01T00:00:00+00:00, execution_date=20211001T000000, start_date=20240708T014459, end_date=20240708T014500
[2024-07-08T01:45:00.947+0000] {local_task_job_runner.py:240} INFO - Task exited with return code 0
[2024-07-08T01:45:00.962+0000] {taskinstance.py:3498} INFO - 1 downstream tasks scheduled from follow-on schedule check
[2024-07-08T01:45:00.963+0000] {local_task_job_runner.py:222} INFO - ::endgroup::
