[2024-06-03T20:39:55.083+0000] {local_task_job_runner.py:120} INFO - ::group::Pre task execution logs
[2024-06-03T20:39:55.097+0000] {taskinstance.py:2076} INFO - Dependencies all met for dep_context=non-requeueable deps ti=<TaskInstance: chess_etl.blunders_etl scheduled__2020-11-01T00:00:00+00:00 [queued]>
[2024-06-03T20:39:55.102+0000] {taskinstance.py:2076} INFO - Dependencies all met for dep_context=requeueable deps ti=<TaskInstance: chess_etl.blunders_etl scheduled__2020-11-01T00:00:00+00:00 [queued]>
[2024-06-03T20:39:55.103+0000] {taskinstance.py:2306} INFO - Starting attempt 1 of 1
[2024-06-03T20:39:55.113+0000] {taskinstance.py:2330} INFO - Executing <Task(PythonOperator): blunders_etl> on 2020-11-01 00:00:00+00:00
[2024-06-03T20:39:55.121+0000] {warnings.py:110} WARNING - /home/***/.local/lib/python3.12/site-packages/***/task/task_runner/standard_task_runner.py:61: DeprecationWarning: This process (pid=18453) is multi-threaded, use of fork() may lead to deadlocks in the child.
  pid = os.fork()

[2024-06-03T20:39:55.122+0000] {standard_task_runner.py:63} INFO - Started process 18455 to run task
[2024-06-03T20:39:55.123+0000] {standard_task_runner.py:90} INFO - Running: ['***', 'tasks', 'run', 'chess_etl', 'blunders_etl', 'scheduled__2020-11-01T00:00:00+00:00', '--job-id', '109', '--raw', '--subdir', 'DAGS_FOLDER/chess_dag.py', '--cfg-path', '/tmp/tmp3xeuji_4']
[2024-06-03T20:39:55.124+0000] {standard_task_runner.py:91} INFO - Job 109: Subtask blunders_etl
[2024-06-03T20:39:55.163+0000] {task_command.py:426} INFO - Running <TaskInstance: chess_etl.blunders_etl scheduled__2020-11-01T00:00:00+00:00 [running]> on host f55fff24b127
[2024-06-03T20:39:55.241+0000] {taskinstance.py:2648} INFO - Exporting env vars: AIRFLOW_CTX_DAG_OWNER='***' AIRFLOW_CTX_DAG_ID='chess_etl' AIRFLOW_CTX_TASK_ID='blunders_etl' AIRFLOW_CTX_EXECUTION_DATE='2020-11-01T00:00:00+00:00' AIRFLOW_CTX_TRY_NUMBER='1' AIRFLOW_CTX_DAG_RUN_ID='scheduled__2020-11-01T00:00:00+00:00'
[2024-06-03T20:39:55.242+0000] {taskinstance.py:430} INFO - ::endgroup::
[2024-06-03T20:39:55.243+0000] {warnings.py:110} WARNING - /home/***/.local/lib/python3.12/site-packages/***/utils/context.py:320: AirflowContextDeprecationWarning: Accessing 'execution_date' from the template is deprecated and will be removed in a future version. Please use 'data_interval_start' or 'logical_date' instead.
  warnings.warn(_create_deprecation_warning(k, replacements))

[2024-06-03T20:39:55.253+0000] {base.py:84} INFO - Using connection ID 'chess_project_s3' for task execution.
[2024-06-03T20:47:13.124+0000] {python.py:237} INFO - Done. Returned value was: None
[2024-06-03T20:47:13.125+0000] {taskinstance.py:441} INFO - ::group::Post task execution logs
[2024-06-03T20:47:13.134+0000] {taskinstance.py:1206} INFO - Marking task as SUCCESS. dag_id=chess_etl, task_id=blunders_etl, run_id=scheduled__2020-11-01T00:00:00+00:00, execution_date=20201101T000000, start_date=20240603T203955, end_date=20240603T204713
[2024-06-03T20:47:13.180+0000] {local_task_job_runner.py:240} INFO - Task exited with return code 0
[2024-06-03T20:47:13.193+0000] {taskinstance.py:3498} INFO - 0 downstream tasks scheduled from follow-on schedule check
[2024-06-03T20:47:13.195+0000] {local_task_job_runner.py:222} INFO - ::endgroup::
[2024-06-08T18:07:57.050+0000] {local_task_job_runner.py:120} INFO - ::group::Pre task execution logs
[2024-06-08T18:07:57.069+0000] {taskinstance.py:2076} INFO - Dependencies all met for dep_context=non-requeueable deps ti=<TaskInstance: chess_etl.blunders_etl scheduled__2020-11-01T00:00:00+00:00 [queued]>
[2024-06-08T18:07:57.079+0000] {taskinstance.py:2076} INFO - Dependencies all met for dep_context=requeueable deps ti=<TaskInstance: chess_etl.blunders_etl scheduled__2020-11-01T00:00:00+00:00 [queued]>
[2024-06-08T18:07:57.080+0000] {taskinstance.py:2306} INFO - Starting attempt 1 of 1
[2024-06-08T18:07:57.094+0000] {taskinstance.py:2330} INFO - Executing <Task(PythonOperator): blunders_etl> on 2020-11-01 00:00:00+00:00
[2024-06-08T18:07:57.102+0000] {warnings.py:110} WARNING - /home/***/.local/lib/python3.12/site-packages/***/task/task_runner/standard_task_runner.py:61: DeprecationWarning: This process (pid=19708) is multi-threaded, use of fork() may lead to deadlocks in the child.
  pid = os.fork()

[2024-06-08T18:07:57.104+0000] {standard_task_runner.py:63} INFO - Started process 19710 to run task
[2024-06-08T18:07:57.104+0000] {standard_task_runner.py:90} INFO - Running: ['***', 'tasks', 'run', 'chess_etl', 'blunders_etl', 'scheduled__2020-11-01T00:00:00+00:00', '--job-id', '285', '--raw', '--subdir', 'DAGS_FOLDER/chess_dag.py', '--cfg-path', '/tmp/tmpikkqh2z_']
[2024-06-08T18:07:57.106+0000] {standard_task_runner.py:91} INFO - Job 285: Subtask blunders_etl
[2024-06-08T18:07:57.148+0000] {task_command.py:426} INFO - Running <TaskInstance: chess_etl.blunders_etl scheduled__2020-11-01T00:00:00+00:00 [running]> on host bf0ade909435
[2024-06-08T18:07:57.230+0000] {taskinstance.py:2648} INFO - Exporting env vars: AIRFLOW_CTX_DAG_OWNER='***' AIRFLOW_CTX_DAG_ID='chess_etl' AIRFLOW_CTX_TASK_ID='blunders_etl' AIRFLOW_CTX_EXECUTION_DATE='2020-11-01T00:00:00+00:00' AIRFLOW_CTX_TRY_NUMBER='1' AIRFLOW_CTX_DAG_RUN_ID='scheduled__2020-11-01T00:00:00+00:00'
[2024-06-08T18:07:57.231+0000] {taskinstance.py:430} INFO - ::endgroup::
[2024-06-08T18:07:57.232+0000] {warnings.py:110} WARNING - /home/***/.local/lib/python3.12/site-packages/***/utils/context.py:320: AirflowContextDeprecationWarning: Accessing 'execution_date' from the template is deprecated and will be removed in a future version. Please use 'data_interval_start' or 'logical_date' instead.
  warnings.warn(_create_deprecation_warning(k, replacements))

[2024-06-08T18:07:57.242+0000] {base.py:84} INFO - Using connection ID 'chess_project_s3' for task execution.
[2024-06-08T18:16:28.827+0000] {python.py:237} INFO - Done. Returned value was: None
[2024-06-08T18:16:28.828+0000] {taskinstance.py:441} INFO - ::group::Post task execution logs
[2024-06-08T18:16:28.838+0000] {taskinstance.py:1206} INFO - Marking task as SUCCESS. dag_id=chess_etl, task_id=blunders_etl, run_id=scheduled__2020-11-01T00:00:00+00:00, execution_date=20201101T000000, start_date=20240608T180757, end_date=20240608T181628
[2024-06-08T18:16:28.900+0000] {local_task_job_runner.py:240} INFO - Task exited with return code 0
[2024-06-08T18:16:28.915+0000] {taskinstance.py:3498} INFO - 0 downstream tasks scheduled from follow-on schedule check
[2024-06-08T18:16:28.917+0000] {local_task_job_runner.py:222} INFO - ::endgroup::
[2024-07-08T00:08:39.280+0000] {local_task_job_runner.py:120} INFO - ::group::Pre task execution logs
[2024-07-08T00:08:39.295+0000] {taskinstance.py:2076} INFO - Dependencies all met for dep_context=non-requeueable deps ti=<TaskInstance: chess_etl.blunders_etl scheduled__2020-11-01T00:00:00+00:00 [queued]>
[2024-07-08T00:08:39.300+0000] {taskinstance.py:2076} INFO - Dependencies all met for dep_context=requeueable deps ti=<TaskInstance: chess_etl.blunders_etl scheduled__2020-11-01T00:00:00+00:00 [queued]>
[2024-07-08T00:08:39.301+0000] {taskinstance.py:2306} INFO - Starting attempt 1 of 1
[2024-07-08T00:08:39.311+0000] {taskinstance.py:2330} INFO - Executing <Task(PythonOperator): blunders_etl> on 2020-11-01 00:00:00+00:00
[2024-07-08T00:08:39.319+0000] {warnings.py:110} WARNING - /home/***/.local/lib/python3.12/site-packages/***/task/task_runner/standard_task_runner.py:61: DeprecationWarning: This process (pid=19667) is multi-threaded, use of fork() may lead to deadlocks in the child.
  pid = os.fork()

[2024-07-08T00:08:39.320+0000] {standard_task_runner.py:63} INFO - Started process 19677 to run task
[2024-07-08T00:08:39.320+0000] {standard_task_runner.py:90} INFO - Running: ['***', 'tasks', 'run', 'chess_etl', 'blunders_etl', 'scheduled__2020-11-01T00:00:00+00:00', '--job-id', '645', '--raw', '--subdir', 'DAGS_FOLDER/chess_dag.py', '--cfg-path', '/tmp/tmpyrmvqlg_']
[2024-07-08T00:08:39.321+0000] {standard_task_runner.py:91} INFO - Job 645: Subtask blunders_etl
[2024-07-08T00:08:39.354+0000] {task_command.py:426} INFO - Running <TaskInstance: chess_etl.blunders_etl scheduled__2020-11-01T00:00:00+00:00 [running]> on host 6569f5155f0c
[2024-07-08T00:08:39.421+0000] {taskinstance.py:2648} INFO - Exporting env vars: AIRFLOW_CTX_DAG_OWNER='***' AIRFLOW_CTX_DAG_ID='chess_etl' AIRFLOW_CTX_TASK_ID='blunders_etl' AIRFLOW_CTX_EXECUTION_DATE='2020-11-01T00:00:00+00:00' AIRFLOW_CTX_TRY_NUMBER='1' AIRFLOW_CTX_DAG_RUN_ID='scheduled__2020-11-01T00:00:00+00:00'
[2024-07-08T00:08:39.422+0000] {taskinstance.py:430} INFO - ::endgroup::
[2024-07-08T00:08:39.423+0000] {warnings.py:110} WARNING - /home/***/.local/lib/python3.12/site-packages/***/utils/context.py:320: AirflowContextDeprecationWarning: Accessing 'execution_date' from the template is deprecated and will be removed in a future version. Please use 'data_interval_start' or 'logical_date' instead.
  warnings.warn(_create_deprecation_warning(k, replacements))

[2024-07-08T00:08:39.428+0000] {base.py:84} INFO - Using connection ID 'chess_project_s3' for task execution.
[2024-07-08T00:15:34.091+0000] {python.py:237} INFO - Done. Returned value was: None
[2024-07-08T00:15:34.092+0000] {taskinstance.py:441} INFO - ::group::Post task execution logs
[2024-07-08T00:15:34.098+0000] {taskinstance.py:1206} INFO - Marking task as SUCCESS. dag_id=chess_etl, task_id=blunders_etl, run_id=scheduled__2020-11-01T00:00:00+00:00, execution_date=20201101T000000, start_date=20240708T000839, end_date=20240708T001534
[2024-07-08T00:15:34.130+0000] {local_task_job_runner.py:240} INFO - Task exited with return code 0
[2024-07-08T00:15:34.147+0000] {taskinstance.py:3498} INFO - 1 downstream tasks scheduled from follow-on schedule check
[2024-07-08T00:15:34.148+0000] {local_task_job_runner.py:222} INFO - ::endgroup::
