[2024-06-03T22:06:57.862+0000] {local_task_job_runner.py:120} INFO - ::group::Pre task execution logs
[2024-06-03T22:06:57.881+0000] {taskinstance.py:2076} INFO - Dependencies all met for dep_context=non-requeueable deps ti=<TaskInstance: chess_etl.blunders_etl scheduled__2021-06-01T00:00:00+00:00 [queued]>
[2024-06-03T22:06:57.889+0000] {taskinstance.py:2076} INFO - Dependencies all met for dep_context=requeueable deps ti=<TaskInstance: chess_etl.blunders_etl scheduled__2021-06-01T00:00:00+00:00 [queued]>
[2024-06-03T22:06:57.890+0000] {taskinstance.py:2306} INFO - Starting attempt 1 of 1
[2024-06-03T22:06:57.900+0000] {taskinstance.py:2330} INFO - Executing <Task(PythonOperator): blunders_etl> on 2021-06-01 00:00:00+00:00
[2024-06-03T22:06:57.907+0000] {warnings.py:110} WARNING - /home/***/.local/lib/python3.12/site-packages/***/task/task_runner/standard_task_runner.py:61: DeprecationWarning: This process (pid=28288) is multi-threaded, use of fork() may lead to deadlocks in the child.
  pid = os.fork()

[2024-06-03T22:06:57.909+0000] {standard_task_runner.py:63} INFO - Started process 28290 to run task
[2024-06-03T22:06:57.909+0000] {standard_task_runner.py:90} INFO - Running: ['***', 'tasks', 'run', 'chess_etl', 'blunders_etl', 'scheduled__2021-06-01T00:00:00+00:00', '--job-id', '123', '--raw', '--subdir', 'DAGS_FOLDER/chess_dag.py', '--cfg-path', '/tmp/tmpueix3j68']
[2024-06-03T22:06:57.910+0000] {standard_task_runner.py:91} INFO - Job 123: Subtask blunders_etl
[2024-06-03T22:06:57.944+0000] {task_command.py:426} INFO - Running <TaskInstance: chess_etl.blunders_etl scheduled__2021-06-01T00:00:00+00:00 [running]> on host f55fff24b127
[2024-06-03T22:06:58.012+0000] {taskinstance.py:2648} INFO - Exporting env vars: AIRFLOW_CTX_DAG_OWNER='***' AIRFLOW_CTX_DAG_ID='chess_etl' AIRFLOW_CTX_TASK_ID='blunders_etl' AIRFLOW_CTX_EXECUTION_DATE='2021-06-01T00:00:00+00:00' AIRFLOW_CTX_TRY_NUMBER='1' AIRFLOW_CTX_DAG_RUN_ID='scheduled__2021-06-01T00:00:00+00:00'
[2024-06-03T22:06:58.013+0000] {taskinstance.py:430} INFO - ::endgroup::
[2024-06-03T22:06:58.014+0000] {warnings.py:110} WARNING - /home/***/.local/lib/python3.12/site-packages/***/utils/context.py:320: AirflowContextDeprecationWarning: Accessing 'execution_date' from the template is deprecated and will be removed in a future version. Please use 'data_interval_start' or 'logical_date' instead.
  warnings.warn(_create_deprecation_warning(k, replacements))

[2024-06-03T22:06:58.022+0000] {base.py:84} INFO - Using connection ID 'chess_project_s3' for task execution.
[2024-06-03T22:12:02.835+0000] {python.py:237} INFO - Done. Returned value was: None
[2024-06-03T22:12:02.836+0000] {taskinstance.py:441} INFO - ::group::Post task execution logs
[2024-06-03T22:12:02.845+0000] {taskinstance.py:1206} INFO - Marking task as SUCCESS. dag_id=chess_etl, task_id=blunders_etl, run_id=scheduled__2021-06-01T00:00:00+00:00, execution_date=20210601T000000, start_date=20240603T220657, end_date=20240603T221202
[2024-06-03T22:12:02.871+0000] {local_task_job_runner.py:240} INFO - Task exited with return code 0
[2024-06-03T22:12:02.884+0000] {taskinstance.py:3498} INFO - 0 downstream tasks scheduled from follow-on schedule check
[2024-06-03T22:12:02.885+0000] {local_task_job_runner.py:222} INFO - ::endgroup::
[2024-06-08T19:32:05.911+0000] {local_task_job_runner.py:120} INFO - ::group::Pre task execution logs
[2024-06-08T19:32:05.925+0000] {taskinstance.py:2076} INFO - Dependencies all met for dep_context=non-requeueable deps ti=<TaskInstance: chess_etl.blunders_etl scheduled__2021-06-01T00:00:00+00:00 [queued]>
[2024-06-08T19:32:05.933+0000] {taskinstance.py:2076} INFO - Dependencies all met for dep_context=requeueable deps ti=<TaskInstance: chess_etl.blunders_etl scheduled__2021-06-01T00:00:00+00:00 [queued]>
[2024-06-08T19:32:05.934+0000] {taskinstance.py:2306} INFO - Starting attempt 1 of 1
[2024-06-08T19:32:05.948+0000] {taskinstance.py:2330} INFO - Executing <Task(PythonOperator): blunders_etl> on 2021-06-01 00:00:00+00:00
[2024-06-08T19:32:05.956+0000] {warnings.py:110} WARNING - /home/***/.local/lib/python3.12/site-packages/***/task/task_runner/standard_task_runner.py:61: DeprecationWarning: This process (pid=28589) is multi-threaded, use of fork() may lead to deadlocks in the child.
  pid = os.fork()

[2024-06-08T19:32:05.958+0000] {standard_task_runner.py:63} INFO - Started process 28599 to run task
[2024-06-08T19:32:05.958+0000] {standard_task_runner.py:90} INFO - Running: ['***', 'tasks', 'run', 'chess_etl', 'blunders_etl', 'scheduled__2021-06-01T00:00:00+00:00', '--job-id', '299', '--raw', '--subdir', 'DAGS_FOLDER/chess_dag.py', '--cfg-path', '/tmp/tmp6t_ssr_h']
[2024-06-08T19:32:05.959+0000] {standard_task_runner.py:91} INFO - Job 299: Subtask blunders_etl
[2024-06-08T19:32:05.992+0000] {task_command.py:426} INFO - Running <TaskInstance: chess_etl.blunders_etl scheduled__2021-06-01T00:00:00+00:00 [running]> on host bf0ade909435
[2024-06-08T19:32:06.055+0000] {taskinstance.py:2648} INFO - Exporting env vars: AIRFLOW_CTX_DAG_OWNER='***' AIRFLOW_CTX_DAG_ID='chess_etl' AIRFLOW_CTX_TASK_ID='blunders_etl' AIRFLOW_CTX_EXECUTION_DATE='2021-06-01T00:00:00+00:00' AIRFLOW_CTX_TRY_NUMBER='1' AIRFLOW_CTX_DAG_RUN_ID='scheduled__2021-06-01T00:00:00+00:00'
[2024-06-08T19:32:06.056+0000] {taskinstance.py:430} INFO - ::endgroup::
[2024-06-08T19:32:06.057+0000] {warnings.py:110} WARNING - /home/***/.local/lib/python3.12/site-packages/***/utils/context.py:320: AirflowContextDeprecationWarning: Accessing 'execution_date' from the template is deprecated and will be removed in a future version. Please use 'data_interval_start' or 'logical_date' instead.
  warnings.warn(_create_deprecation_warning(k, replacements))

[2024-06-08T19:32:06.065+0000] {base.py:84} INFO - Using connection ID 'chess_project_s3' for task execution.
[2024-06-08T19:36:56.454+0000] {python.py:237} INFO - Done. Returned value was: None
[2024-06-08T19:36:56.458+0000] {taskinstance.py:441} INFO - ::group::Post task execution logs
[2024-06-08T19:36:56.466+0000] {taskinstance.py:1206} INFO - Marking task as SUCCESS. dag_id=chess_etl, task_id=blunders_etl, run_id=scheduled__2021-06-01T00:00:00+00:00, execution_date=20210601T000000, start_date=20240608T193205, end_date=20240608T193656
[2024-06-08T19:36:56.501+0000] {local_task_job_runner.py:240} INFO - Task exited with return code 0
[2024-06-08T19:36:56.512+0000] {taskinstance.py:3498} INFO - 0 downstream tasks scheduled from follow-on schedule check
[2024-06-08T19:36:56.513+0000] {local_task_job_runner.py:222} INFO - ::endgroup::
[2024-07-08T01:31:17.107+0000] {local_task_job_runner.py:120} INFO - ::group::Pre task execution logs
[2024-07-08T01:31:17.121+0000] {taskinstance.py:2076} INFO - Dependencies all met for dep_context=non-requeueable deps ti=<TaskInstance: chess_etl.blunders_etl scheduled__2021-06-01T00:00:00+00:00 [queued]>
[2024-07-08T01:31:17.127+0000] {taskinstance.py:2076} INFO - Dependencies all met for dep_context=requeueable deps ti=<TaskInstance: chess_etl.blunders_etl scheduled__2021-06-01T00:00:00+00:00 [queued]>
[2024-07-08T01:31:17.127+0000] {taskinstance.py:2306} INFO - Starting attempt 1 of 1
[2024-07-08T01:31:17.137+0000] {taskinstance.py:2330} INFO - Executing <Task(PythonOperator): blunders_etl> on 2021-06-01 00:00:00+00:00
[2024-07-08T01:31:17.144+0000] {warnings.py:110} WARNING - /home/***/.local/lib/python3.12/site-packages/***/task/task_runner/standard_task_runner.py:61: DeprecationWarning: This process (pid=29504) is multi-threaded, use of fork() may lead to deadlocks in the child.
  pid = os.fork()

[2024-07-08T01:31:17.145+0000] {standard_task_runner.py:63} INFO - Started process 29506 to run task
[2024-07-08T01:31:17.145+0000] {standard_task_runner.py:90} INFO - Running: ['***', 'tasks', 'run', 'chess_etl', 'blunders_etl', 'scheduled__2021-06-01T00:00:00+00:00', '--job-id', '673', '--raw', '--subdir', 'DAGS_FOLDER/chess_dag.py', '--cfg-path', '/tmp/tmpa4mp75ie']
[2024-07-08T01:31:17.146+0000] {standard_task_runner.py:91} INFO - Job 673: Subtask blunders_etl
[2024-07-08T01:31:17.182+0000] {task_command.py:426} INFO - Running <TaskInstance: chess_etl.blunders_etl scheduled__2021-06-01T00:00:00+00:00 [running]> on host 6569f5155f0c
[2024-07-08T01:31:17.246+0000] {taskinstance.py:2648} INFO - Exporting env vars: AIRFLOW_CTX_DAG_OWNER='***' AIRFLOW_CTX_DAG_ID='chess_etl' AIRFLOW_CTX_TASK_ID='blunders_etl' AIRFLOW_CTX_EXECUTION_DATE='2021-06-01T00:00:00+00:00' AIRFLOW_CTX_TRY_NUMBER='1' AIRFLOW_CTX_DAG_RUN_ID='scheduled__2021-06-01T00:00:00+00:00'
[2024-07-08T01:31:17.247+0000] {taskinstance.py:430} INFO - ::endgroup::
[2024-07-08T01:31:17.248+0000] {warnings.py:110} WARNING - /home/***/.local/lib/python3.12/site-packages/***/utils/context.py:320: AirflowContextDeprecationWarning: Accessing 'execution_date' from the template is deprecated and will be removed in a future version. Please use 'data_interval_start' or 'logical_date' instead.
  warnings.warn(_create_deprecation_warning(k, replacements))

[2024-07-08T01:31:17.254+0000] {base.py:84} INFO - Using connection ID 'chess_project_s3' for task execution.
[2024-07-08T01:36:05.514+0000] {python.py:237} INFO - Done. Returned value was: None
[2024-07-08T01:36:05.515+0000] {taskinstance.py:441} INFO - ::group::Post task execution logs
[2024-07-08T01:36:05.521+0000] {taskinstance.py:1206} INFO - Marking task as SUCCESS. dag_id=chess_etl, task_id=blunders_etl, run_id=scheduled__2021-06-01T00:00:00+00:00, execution_date=20210601T000000, start_date=20240708T013117, end_date=20240708T013605
[2024-07-08T01:36:05.549+0000] {local_task_job_runner.py:240} INFO - Task exited with return code 0
[2024-07-08T01:36:05.564+0000] {taskinstance.py:3498} INFO - 1 downstream tasks scheduled from follow-on schedule check
[2024-07-08T01:36:05.566+0000] {local_task_job_runner.py:222} INFO - ::endgroup::
