[2024-06-04T02:04:33.910+0000] {local_task_job_runner.py:120} INFO - ::group::Pre task execution logs
[2024-06-04T02:04:33.924+0000] {taskinstance.py:2076} INFO - Dependencies all met for dep_context=non-requeueable deps ti=<TaskInstance: chess_etl.games_etl scheduled__2024-04-01T00:00:00+00:00 [queued]>
[2024-06-04T02:04:33.930+0000] {taskinstance.py:2076} INFO - Dependencies all met for dep_context=requeueable deps ti=<TaskInstance: chess_etl.games_etl scheduled__2024-04-01T00:00:00+00:00 [queued]>
[2024-06-04T02:04:33.931+0000] {taskinstance.py:2306} INFO - Starting attempt 1 of 1
[2024-06-04T02:04:33.939+0000] {taskinstance.py:2330} INFO - Executing <Task(PythonOperator): games_etl> on 2024-04-01 00:00:00+00:00
[2024-06-04T02:04:33.946+0000] {warnings.py:110} WARNING - /home/***/.local/lib/python3.12/site-packages/***/task/task_runner/standard_task_runner.py:61: DeprecationWarning: This process (pid=55204) is multi-threaded, use of fork() may lead to deadlocks in the child.
  pid = os.fork()

[2024-06-04T02:04:33.947+0000] {standard_task_runner.py:63} INFO - Started process 55214 to run task
[2024-06-04T02:04:33.948+0000] {standard_task_runner.py:90} INFO - Running: ['***', 'tasks', 'run', 'chess_etl', 'games_etl', 'scheduled__2024-04-01T00:00:00+00:00', '--job-id', '190', '--raw', '--subdir', 'DAGS_FOLDER/chess_dag.py', '--cfg-path', '/tmp/tmpzb7v6vpj']
[2024-06-04T02:04:33.949+0000] {standard_task_runner.py:91} INFO - Job 190: Subtask games_etl
[2024-06-04T02:04:33.981+0000] {task_command.py:426} INFO - Running <TaskInstance: chess_etl.games_etl scheduled__2024-04-01T00:00:00+00:00 [running]> on host f55fff24b127
[2024-06-04T02:04:34.048+0000] {taskinstance.py:2648} INFO - Exporting env vars: AIRFLOW_CTX_DAG_OWNER='***' AIRFLOW_CTX_DAG_ID='chess_etl' AIRFLOW_CTX_TASK_ID='games_etl' AIRFLOW_CTX_EXECUTION_DATE='2024-04-01T00:00:00+00:00' AIRFLOW_CTX_TRY_NUMBER='1' AIRFLOW_CTX_DAG_RUN_ID='scheduled__2024-04-01T00:00:00+00:00'
[2024-06-04T02:04:34.049+0000] {taskinstance.py:430} INFO - ::endgroup::
[2024-06-04T02:04:34.050+0000] {warnings.py:110} WARNING - /home/***/.local/lib/python3.12/site-packages/***/utils/context.py:320: AirflowContextDeprecationWarning: Accessing 'execution_date' from the template is deprecated and will be removed in a future version. Please use 'data_interval_start' or 'logical_date' instead.
  warnings.warn(_create_deprecation_warning(k, replacements))

[2024-06-04T02:04:34.662+0000] {base.py:84} INFO - Using connection ID 'chess_project_s3' for task execution.
[2024-06-04T02:04:35.339+0000] {python.py:237} INFO - Done. Returned value was: None
[2024-06-04T02:04:35.339+0000] {taskinstance.py:441} INFO - ::group::Post task execution logs
[2024-06-04T02:04:35.347+0000] {taskinstance.py:1206} INFO - Marking task as SUCCESS. dag_id=chess_etl, task_id=games_etl, run_id=scheduled__2024-04-01T00:00:00+00:00, execution_date=20240401T000000, start_date=20240604T020433, end_date=20240604T020435
[2024-06-04T02:04:35.405+0000] {local_task_job_runner.py:240} INFO - Task exited with return code 0
[2024-06-04T02:04:35.422+0000] {taskinstance.py:3498} INFO - 1 downstream tasks scheduled from follow-on schedule check
[2024-06-04T02:04:35.424+0000] {local_task_job_runner.py:222} INFO - ::endgroup::
[2024-06-08T23:58:06.806+0000] {local_task_job_runner.py:120} INFO - ::group::Pre task execution logs
[2024-06-08T23:58:06.888+0000] {taskinstance.py:2076} INFO - Dependencies all met for dep_context=non-requeueable deps ti=<TaskInstance: chess_etl.games_etl scheduled__2024-04-01T00:00:00+00:00 [queued]>
[2024-06-08T23:58:06.895+0000] {taskinstance.py:2076} INFO - Dependencies all met for dep_context=requeueable deps ti=<TaskInstance: chess_etl.games_etl scheduled__2024-04-01T00:00:00+00:00 [queued]>
[2024-06-08T23:58:06.896+0000] {taskinstance.py:2306} INFO - Starting attempt 1 of 1
[2024-06-08T23:58:06.906+0000] {taskinstance.py:2330} INFO - Executing <Task(PythonOperator): games_etl> on 2024-04-01 00:00:00+00:00
[2024-06-08T23:58:06.913+0000] {warnings.py:110} WARNING - /home/***/.local/lib/python3.12/site-packages/***/task/task_runner/standard_task_runner.py:61: DeprecationWarning: This process (pid=55927) is multi-threaded, use of fork() may lead to deadlocks in the child.
  pid = os.fork()

[2024-06-08T23:58:06.915+0000] {standard_task_runner.py:90} INFO - Running: ['***', 'tasks', 'run', 'chess_etl', 'games_etl', 'scheduled__2024-04-01T00:00:00+00:00', '--job-id', '366', '--raw', '--subdir', 'DAGS_FOLDER/chess_dag.py', '--cfg-path', '/tmp/tmp5194xgoc']
[2024-06-08T23:58:06.985+0000] {standard_task_runner.py:63} INFO - Started process 55936 to run task
[2024-06-08T23:58:06.985+0000] {standard_task_runner.py:91} INFO - Job 366: Subtask games_etl
[2024-06-08T23:58:07.098+0000] {task_command.py:426} INFO - Running <TaskInstance: chess_etl.games_etl scheduled__2024-04-01T00:00:00+00:00 [running]> on host bf0ade909435
[2024-06-08T23:58:07.498+0000] {taskinstance.py:2648} INFO - Exporting env vars: AIRFLOW_CTX_DAG_OWNER='***' AIRFLOW_CTX_DAG_ID='chess_etl' AIRFLOW_CTX_TASK_ID='games_etl' AIRFLOW_CTX_EXECUTION_DATE='2024-04-01T00:00:00+00:00' AIRFLOW_CTX_TRY_NUMBER='1' AIRFLOW_CTX_DAG_RUN_ID='scheduled__2024-04-01T00:00:00+00:00'
[2024-06-08T23:58:07.500+0000] {taskinstance.py:430} INFO - ::endgroup::
[2024-06-08T23:58:07.501+0000] {warnings.py:110} WARNING - /home/***/.local/lib/python3.12/site-packages/***/utils/context.py:320: AirflowContextDeprecationWarning: Accessing 'execution_date' from the template is deprecated and will be removed in a future version. Please use 'data_interval_start' or 'logical_date' instead.
  warnings.warn(_create_deprecation_warning(k, replacements))

[2024-06-08T23:58:08.308+0000] {base.py:84} INFO - Using connection ID 'chess_project_s3' for task execution.
[2024-06-08T23:58:09.563+0000] {python.py:237} INFO - Done. Returned value was: None
[2024-06-08T23:58:09.564+0000] {taskinstance.py:441} INFO - ::group::Post task execution logs
[2024-06-08T23:58:09.570+0000] {taskinstance.py:1206} INFO - Marking task as SUCCESS. dag_id=chess_etl, task_id=games_etl, run_id=scheduled__2024-04-01T00:00:00+00:00, execution_date=20240401T000000, start_date=20240608T235806, end_date=20240608T235809
[2024-06-08T23:58:09.613+0000] {local_task_job_runner.py:240} INFO - Task exited with return code 0
[2024-06-08T23:58:09.668+0000] {local_task_job_runner.py:222} INFO - ::endgroup::
[2024-07-08T05:25:45.367+0000] {local_task_job_runner.py:120} INFO - ::group::Pre task execution logs
[2024-07-08T05:25:45.384+0000] {taskinstance.py:2076} INFO - Dependencies all met for dep_context=non-requeueable deps ti=<TaskInstance: chess_etl.games_etl scheduled__2024-04-01T00:00:00+00:00 [queued]>
[2024-07-08T05:25:45.391+0000] {taskinstance.py:2076} INFO - Dependencies all met for dep_context=requeueable deps ti=<TaskInstance: chess_etl.games_etl scheduled__2024-04-01T00:00:00+00:00 [queued]>
[2024-07-08T05:25:45.392+0000] {taskinstance.py:2306} INFO - Starting attempt 1 of 1
[2024-07-08T05:25:45.404+0000] {taskinstance.py:2330} INFO - Executing <Task(PythonOperator): games_etl> on 2024-04-01 00:00:00+00:00
[2024-07-08T05:25:45.412+0000] {warnings.py:110} WARNING - /home/***/.local/lib/python3.12/site-packages/***/task/task_runner/standard_task_runner.py:61: DeprecationWarning: This process (pid=56763) is multi-threaded, use of fork() may lead to deadlocks in the child.
  pid = os.fork()

[2024-07-08T05:25:45.413+0000] {standard_task_runner.py:63} INFO - Started process 56765 to run task
[2024-07-08T05:25:45.414+0000] {standard_task_runner.py:90} INFO - Running: ['***', 'tasks', 'run', 'chess_etl', 'games_etl', 'scheduled__2024-04-01T00:00:00+00:00', '--job-id', '808', '--raw', '--subdir', 'DAGS_FOLDER/chess_dag.py', '--cfg-path', '/tmp/tmpv9ihi33a']
[2024-07-08T05:25:45.415+0000] {standard_task_runner.py:91} INFO - Job 808: Subtask games_etl
[2024-07-08T05:25:45.450+0000] {task_command.py:426} INFO - Running <TaskInstance: chess_etl.games_etl scheduled__2024-04-01T00:00:00+00:00 [running]> on host 6569f5155f0c
[2024-07-08T05:25:45.522+0000] {taskinstance.py:2648} INFO - Exporting env vars: AIRFLOW_CTX_DAG_OWNER='***' AIRFLOW_CTX_DAG_ID='chess_etl' AIRFLOW_CTX_TASK_ID='games_etl' AIRFLOW_CTX_EXECUTION_DATE='2024-04-01T00:00:00+00:00' AIRFLOW_CTX_TRY_NUMBER='1' AIRFLOW_CTX_DAG_RUN_ID='scheduled__2024-04-01T00:00:00+00:00'
[2024-07-08T05:25:45.523+0000] {taskinstance.py:430} INFO - ::endgroup::
[2024-07-08T05:25:45.524+0000] {warnings.py:110} WARNING - /home/***/.local/lib/python3.12/site-packages/***/utils/context.py:320: AirflowContextDeprecationWarning: Accessing 'execution_date' from the template is deprecated and will be removed in a future version. Please use 'data_interval_start' or 'logical_date' instead.
  warnings.warn(_create_deprecation_warning(k, replacements))

[2024-07-08T05:25:46.121+0000] {base.py:84} INFO - Using connection ID 'chess_project_s3' for task execution.
[2024-07-08T05:25:46.814+0000] {python.py:237} INFO - Done. Returned value was: None
[2024-07-08T05:25:46.815+0000] {taskinstance.py:441} INFO - ::group::Post task execution logs
[2024-07-08T05:25:46.822+0000] {taskinstance.py:1206} INFO - Marking task as SUCCESS. dag_id=chess_etl, task_id=games_etl, run_id=scheduled__2024-04-01T00:00:00+00:00, execution_date=20240401T000000, start_date=20240708T052545, end_date=20240708T052546
[2024-07-08T05:25:46.870+0000] {local_task_job_runner.py:240} INFO - Task exited with return code 0
[2024-07-08T05:25:46.892+0000] {taskinstance.py:3498} INFO - 1 downstream tasks scheduled from follow-on schedule check
[2024-07-08T05:25:46.894+0000] {local_task_job_runner.py:222} INFO - ::endgroup::
