[2024-07-07T18:37:01.314+0000] {local_task_job_runner.py:120} INFO - ::group::Pre task execution logs
[2024-07-07T18:37:01.327+0000] {taskinstance.py:2076} INFO - Dependencies all met for dep_context=non-requeueable deps ti=<TaskInstance: chess_etl.redshift_game_load scheduled__2022-05-01T00:00:00+00:00 [queued]>
[2024-07-07T18:37:01.333+0000] {taskinstance.py:2076} INFO - Dependencies all met for dep_context=requeueable deps ti=<TaskInstance: chess_etl.redshift_game_load scheduled__2022-05-01T00:00:00+00:00 [queued]>
[2024-07-07T18:37:01.333+0000] {taskinstance.py:2306} INFO - Starting attempt 1 of 1
[2024-07-07T18:37:01.342+0000] {taskinstance.py:2330} INFO - Executing <Task(PythonOperator): redshift_game_load> on 2022-05-01 00:00:00+00:00
[2024-07-07T18:37:01.346+0000] {warnings.py:110} WARNING - /home/***/.local/lib/python3.12/site-packages/***/task/task_runner/standard_task_runner.py:61: DeprecationWarning: This process (pid=1493) is multi-threaded, use of fork() may lead to deadlocks in the child.
  pid = os.fork()

[2024-07-07T18:37:01.347+0000] {standard_task_runner.py:63} INFO - Started process 1496 to run task
[2024-07-07T18:37:01.348+0000] {standard_task_runner.py:90} INFO - Running: ['***', 'tasks', 'run', 'chess_etl', 'redshift_game_load', 'scheduled__2022-05-01T00:00:00+00:00', '--job-id', '452', '--pool', 'default_pool', '--raw', '--subdir', 'DAGS_FOLDER/chess_dag.py', '--cfg-path', '/tmp/tmpn1xm3z6n']
[2024-07-07T18:37:01.349+0000] {standard_task_runner.py:91} INFO - Job 452: Subtask redshift_game_load
[2024-07-07T18:37:01.382+0000] {task_command.py:426} INFO - Running <TaskInstance: chess_etl.redshift_game_load scheduled__2022-05-01T00:00:00+00:00 [running]> on host cb919e35e0e9
[2024-07-07T18:37:01.442+0000] {taskinstance.py:2648} INFO - Exporting env vars: AIRFLOW_CTX_DAG_OWNER='***' AIRFLOW_CTX_DAG_ID='chess_etl' AIRFLOW_CTX_TASK_ID='redshift_game_load' AIRFLOW_CTX_EXECUTION_DATE='2022-05-01T00:00:00+00:00' AIRFLOW_CTX_TRY_NUMBER='1' AIRFLOW_CTX_DAG_RUN_ID='scheduled__2022-05-01T00:00:00+00:00'
[2024-07-07T18:37:01.443+0000] {taskinstance.py:430} INFO - ::endgroup::
[2024-07-07T18:37:01.444+0000] {warnings.py:110} WARNING - /home/***/.local/lib/python3.12/site-packages/***/utils/context.py:320: AirflowContextDeprecationWarning: Accessing 'execution_date' from the template is deprecated and will be removed in a future version. Please use 'data_interval_start' or 'logical_date' instead.
  warnings.warn(_create_deprecation_warning(k, replacements))

[2024-07-07T18:37:01.451+0000] {base.py:84} INFO - Using connection ID 'chess_project_s3' for task execution.
[2024-07-07T18:37:02.241+0000] {base.py:84} INFO - Using connection ID 'chess_project_redshift' for task execution.
[2024-07-07T18:37:05.679+0000] {python.py:237} INFO - Done. Returned value was: None
[2024-07-07T18:37:05.679+0000] {taskinstance.py:441} INFO - ::group::Post task execution logs
[2024-07-07T18:37:05.685+0000] {taskinstance.py:1206} INFO - Marking task as SUCCESS. dag_id=chess_etl, task_id=redshift_game_load, run_id=scheduled__2022-05-01T00:00:00+00:00, execution_date=20220501T000000, start_date=20240707T183701, end_date=20240707T183705
[2024-07-07T18:37:05.731+0000] {local_task_job_runner.py:240} INFO - Task exited with return code 0
[2024-07-07T18:37:05.746+0000] {taskinstance.py:3498} INFO - 0 downstream tasks scheduled from follow-on schedule check
[2024-07-07T18:37:05.747+0000] {local_task_job_runner.py:222} INFO - ::endgroup::
[2024-07-08T02:57:02.457+0000] {local_task_job_runner.py:120} INFO - ::group::Pre task execution logs
[2024-07-08T02:57:02.473+0000] {taskinstance.py:2076} INFO - Dependencies all met for dep_context=non-requeueable deps ti=<TaskInstance: chess_etl.redshift_game_load scheduled__2022-05-01T00:00:00+00:00 [queued]>
[2024-07-08T02:57:02.478+0000] {taskinstance.py:2076} INFO - Dependencies all met for dep_context=requeueable deps ti=<TaskInstance: chess_etl.redshift_game_load scheduled__2022-05-01T00:00:00+00:00 [queued]>
[2024-07-08T02:57:02.479+0000] {taskinstance.py:2306} INFO - Starting attempt 1 of 1
[2024-07-08T02:57:02.493+0000] {taskinstance.py:2330} INFO - Executing <Task(PythonOperator): redshift_game_load> on 2022-05-01 00:00:00+00:00
[2024-07-08T02:57:02.501+0000] {warnings.py:110} WARNING - /home/***/.local/lib/python3.12/site-packages/***/task/task_runner/standard_task_runner.py:61: DeprecationWarning: This process (pid=39653) is multi-threaded, use of fork() may lead to deadlocks in the child.
  pid = os.fork()

[2024-07-08T02:57:02.502+0000] {standard_task_runner.py:63} INFO - Started process 39655 to run task
[2024-07-08T02:57:02.502+0000] {standard_task_runner.py:90} INFO - Running: ['***', 'tasks', 'run', 'chess_etl', 'redshift_game_load', 'scheduled__2022-05-01T00:00:00+00:00', '--job-id', '726', '--raw', '--subdir', 'DAGS_FOLDER/chess_dag.py', '--cfg-path', '/tmp/tmpkqt8r20x']
[2024-07-08T02:57:02.503+0000] {standard_task_runner.py:91} INFO - Job 726: Subtask redshift_game_load
[2024-07-08T02:57:02.544+0000] {task_command.py:426} INFO - Running <TaskInstance: chess_etl.redshift_game_load scheduled__2022-05-01T00:00:00+00:00 [running]> on host 6569f5155f0c
[2024-07-08T02:57:02.610+0000] {taskinstance.py:2648} INFO - Exporting env vars: AIRFLOW_CTX_DAG_OWNER='***' AIRFLOW_CTX_DAG_ID='chess_etl' AIRFLOW_CTX_TASK_ID='redshift_game_load' AIRFLOW_CTX_EXECUTION_DATE='2022-05-01T00:00:00+00:00' AIRFLOW_CTX_TRY_NUMBER='1' AIRFLOW_CTX_DAG_RUN_ID='scheduled__2022-05-01T00:00:00+00:00'
[2024-07-08T02:57:02.611+0000] {taskinstance.py:430} INFO - ::endgroup::
[2024-07-08T02:57:02.612+0000] {warnings.py:110} WARNING - /home/***/.local/lib/python3.12/site-packages/***/utils/context.py:320: AirflowContextDeprecationWarning: Accessing 'execution_date' from the template is deprecated and will be removed in a future version. Please use 'data_interval_start' or 'logical_date' instead.
  warnings.warn(_create_deprecation_warning(k, replacements))

[2024-07-08T02:57:02.619+0000] {base.py:84} INFO - Using connection ID 'chess_project_s3' for task execution.
[2024-07-08T02:57:03.386+0000] {base.py:84} INFO - Using connection ID 'chess_project_redshift' for task execution.
[2024-07-08T02:57:05.350+0000] {python.py:237} INFO - Done. Returned value was: None
[2024-07-08T02:57:05.350+0000] {taskinstance.py:441} INFO - ::group::Post task execution logs
[2024-07-08T02:57:05.357+0000] {taskinstance.py:1206} INFO - Marking task as SUCCESS. dag_id=chess_etl, task_id=redshift_game_load, run_id=scheduled__2022-05-01T00:00:00+00:00, execution_date=20220501T000000, start_date=20240708T025702, end_date=20240708T025705
[2024-07-08T02:57:05.405+0000] {local_task_job_runner.py:240} INFO - Task exited with return code 0
[2024-07-08T02:57:05.420+0000] {taskinstance.py:3498} INFO - 1 downstream tasks scheduled from follow-on schedule check
[2024-07-08T02:57:05.421+0000] {local_task_job_runner.py:222} INFO - ::endgroup::
