[2024-06-04T00:03:54.129+0000] {local_task_job_runner.py:120} INFO - ::group::Pre task execution logs
[2024-06-04T00:03:54.143+0000] {taskinstance.py:2076} INFO - Dependencies all met for dep_context=non-requeueable deps ti=<TaskInstance: chess_etl.blunders_etl scheduled__2022-11-01T00:00:00+00:00 [queued]>
[2024-06-04T00:03:54.149+0000] {taskinstance.py:2076} INFO - Dependencies all met for dep_context=requeueable deps ti=<TaskInstance: chess_etl.blunders_etl scheduled__2022-11-01T00:00:00+00:00 [queued]>
[2024-06-04T00:03:54.150+0000] {taskinstance.py:2306} INFO - Starting attempt 1 of 1
[2024-06-04T00:03:54.159+0000] {taskinstance.py:2330} INFO - Executing <Task(PythonOperator): blunders_etl> on 2022-11-01 00:00:00+00:00
[2024-06-04T00:03:54.167+0000] {warnings.py:110} WARNING - /home/***/.local/lib/python3.12/site-packages/***/task/task_runner/standard_task_runner.py:61: DeprecationWarning: This process (pid=41432) is multi-threaded, use of fork() may lead to deadlocks in the child.
  pid = os.fork()

[2024-06-04T00:03:54.168+0000] {standard_task_runner.py:63} INFO - Started process 41442 to run task
[2024-06-04T00:03:54.168+0000] {standard_task_runner.py:90} INFO - Running: ['***', 'tasks', 'run', 'chess_etl', 'blunders_etl', 'scheduled__2022-11-01T00:00:00+00:00', '--job-id', '157', '--raw', '--subdir', 'DAGS_FOLDER/chess_dag.py', '--cfg-path', '/tmp/tmp74ol3_aa']
[2024-06-04T00:03:54.169+0000] {standard_task_runner.py:91} INFO - Job 157: Subtask blunders_etl
[2024-06-04T00:03:54.208+0000] {task_command.py:426} INFO - Running <TaskInstance: chess_etl.blunders_etl scheduled__2022-11-01T00:00:00+00:00 [running]> on host f55fff24b127
[2024-06-04T00:03:54.273+0000] {taskinstance.py:2648} INFO - Exporting env vars: AIRFLOW_CTX_DAG_OWNER='***' AIRFLOW_CTX_DAG_ID='chess_etl' AIRFLOW_CTX_TASK_ID='blunders_etl' AIRFLOW_CTX_EXECUTION_DATE='2022-11-01T00:00:00+00:00' AIRFLOW_CTX_TRY_NUMBER='1' AIRFLOW_CTX_DAG_RUN_ID='scheduled__2022-11-01T00:00:00+00:00'
[2024-06-04T00:03:54.274+0000] {taskinstance.py:430} INFO - ::endgroup::
[2024-06-04T00:03:54.275+0000] {warnings.py:110} WARNING - /home/***/.local/lib/python3.12/site-packages/***/utils/context.py:320: AirflowContextDeprecationWarning: Accessing 'execution_date' from the template is deprecated and will be removed in a future version. Please use 'data_interval_start' or 'logical_date' instead.
  warnings.warn(_create_deprecation_warning(k, replacements))

[2024-06-04T00:03:54.282+0000] {base.py:84} INFO - Using connection ID 'chess_project_s3' for task execution.
[2024-06-04T00:15:11.295+0000] {python.py:237} INFO - Done. Returned value was: None
[2024-06-04T00:15:11.296+0000] {taskinstance.py:441} INFO - ::group::Post task execution logs
[2024-06-04T00:15:11.305+0000] {taskinstance.py:1206} INFO - Marking task as SUCCESS. dag_id=chess_etl, task_id=blunders_etl, run_id=scheduled__2022-11-01T00:00:00+00:00, execution_date=20221101T000000, start_date=20240604T000354, end_date=20240604T001511
[2024-06-04T00:15:11.337+0000] {local_task_job_runner.py:240} INFO - Task exited with return code 0
[2024-06-04T00:15:11.348+0000] {taskinstance.py:3498} INFO - 0 downstream tasks scheduled from follow-on schedule check
[2024-06-04T00:15:11.349+0000] {local_task_job_runner.py:222} INFO - ::endgroup::
[2024-06-08T21:43:33.141+0000] {local_task_job_runner.py:120} INFO - ::group::Pre task execution logs
[2024-06-08T21:43:33.160+0000] {taskinstance.py:2076} INFO - Dependencies all met for dep_context=non-requeueable deps ti=<TaskInstance: chess_etl.blunders_etl scheduled__2022-11-01T00:00:00+00:00 [queued]>
[2024-06-08T21:43:33.171+0000] {taskinstance.py:2076} INFO - Dependencies all met for dep_context=requeueable deps ti=<TaskInstance: chess_etl.blunders_etl scheduled__2022-11-01T00:00:00+00:00 [queued]>
[2024-06-08T21:43:33.171+0000] {taskinstance.py:2306} INFO - Starting attempt 1 of 1
[2024-06-08T21:43:33.188+0000] {taskinstance.py:2330} INFO - Executing <Task(PythonOperator): blunders_etl> on 2022-11-01 00:00:00+00:00
[2024-06-08T21:43:33.196+0000] {warnings.py:110} WARNING - /home/***/.local/lib/python3.12/site-packages/***/task/task_runner/standard_task_runner.py:61: DeprecationWarning: This process (pid=41919) is multi-threaded, use of fork() may lead to deadlocks in the child.
  pid = os.fork()

[2024-06-08T21:43:33.198+0000] {standard_task_runner.py:63} INFO - Started process 41921 to run task
[2024-06-08T21:43:33.198+0000] {standard_task_runner.py:90} INFO - Running: ['***', 'tasks', 'run', 'chess_etl', 'blunders_etl', 'scheduled__2022-11-01T00:00:00+00:00', '--job-id', '333', '--raw', '--subdir', 'DAGS_FOLDER/chess_dag.py', '--cfg-path', '/tmp/tmp71y2a00c']
[2024-06-08T21:43:33.199+0000] {standard_task_runner.py:91} INFO - Job 333: Subtask blunders_etl
[2024-06-08T21:43:33.246+0000] {task_command.py:426} INFO - Running <TaskInstance: chess_etl.blunders_etl scheduled__2022-11-01T00:00:00+00:00 [running]> on host bf0ade909435
[2024-06-08T21:43:33.327+0000] {taskinstance.py:2648} INFO - Exporting env vars: AIRFLOW_CTX_DAG_OWNER='***' AIRFLOW_CTX_DAG_ID='chess_etl' AIRFLOW_CTX_TASK_ID='blunders_etl' AIRFLOW_CTX_EXECUTION_DATE='2022-11-01T00:00:00+00:00' AIRFLOW_CTX_TRY_NUMBER='1' AIRFLOW_CTX_DAG_RUN_ID='scheduled__2022-11-01T00:00:00+00:00'
[2024-06-08T21:43:33.328+0000] {taskinstance.py:430} INFO - ::endgroup::
[2024-06-08T21:43:33.329+0000] {warnings.py:110} WARNING - /home/***/.local/lib/python3.12/site-packages/***/utils/context.py:320: AirflowContextDeprecationWarning: Accessing 'execution_date' from the template is deprecated and will be removed in a future version. Please use 'data_interval_start' or 'logical_date' instead.
  warnings.warn(_create_deprecation_warning(k, replacements))

[2024-06-08T21:43:33.338+0000] {base.py:84} INFO - Using connection ID 'chess_project_s3' for task execution.
[2024-06-08T21:57:11.056+0000] {python.py:237} INFO - Done. Returned value was: None
[2024-06-08T21:57:11.057+0000] {taskinstance.py:441} INFO - ::group::Post task execution logs
[2024-06-08T21:57:11.067+0000] {taskinstance.py:1206} INFO - Marking task as SUCCESS. dag_id=chess_etl, task_id=blunders_etl, run_id=scheduled__2022-11-01T00:00:00+00:00, execution_date=20221101T000000, start_date=20240608T214333, end_date=20240608T215711
[2024-06-08T21:57:11.126+0000] {local_task_job_runner.py:240} INFO - Task exited with return code 0
[2024-06-08T21:57:11.140+0000] {taskinstance.py:3498} INFO - 0 downstream tasks scheduled from follow-on schedule check
[2024-06-08T21:57:11.142+0000] {local_task_job_runner.py:222} INFO - ::endgroup::
[2024-07-08T03:24:15.826+0000] {local_task_job_runner.py:120} INFO - ::group::Pre task execution logs
[2024-07-08T03:24:15.845+0000] {taskinstance.py:2076} INFO - Dependencies all met for dep_context=non-requeueable deps ti=<TaskInstance: chess_etl.blunders_etl scheduled__2022-11-01T00:00:00+00:00 [queued]>
[2024-07-08T03:24:15.853+0000] {taskinstance.py:2076} INFO - Dependencies all met for dep_context=requeueable deps ti=<TaskInstance: chess_etl.blunders_etl scheduled__2022-11-01T00:00:00+00:00 [queued]>
[2024-07-08T03:24:15.854+0000] {taskinstance.py:2306} INFO - Starting attempt 1 of 1
[2024-07-08T03:24:15.866+0000] {taskinstance.py:2330} INFO - Executing <Task(PythonOperator): blunders_etl> on 2022-11-01 00:00:00+00:00
[2024-07-08T03:24:15.874+0000] {warnings.py:110} WARNING - /home/***/.local/lib/python3.12/site-packages/***/task/task_runner/standard_task_runner.py:61: DeprecationWarning: This process (pid=42772) is multi-threaded, use of fork() may lead to deadlocks in the child.
  pid = os.fork()

[2024-07-08T03:24:15.876+0000] {standard_task_runner.py:63} INFO - Started process 42774 to run task
[2024-07-08T03:24:15.876+0000] {standard_task_runner.py:90} INFO - Running: ['***', 'tasks', 'run', 'chess_etl', 'blunders_etl', 'scheduled__2022-11-01T00:00:00+00:00', '--job-id', '741', '--raw', '--subdir', 'DAGS_FOLDER/chess_dag.py', '--cfg-path', '/tmp/tmp528o06ii']
[2024-07-08T03:24:15.877+0000] {standard_task_runner.py:91} INFO - Job 741: Subtask blunders_etl
[2024-07-08T03:24:15.914+0000] {task_command.py:426} INFO - Running <TaskInstance: chess_etl.blunders_etl scheduled__2022-11-01T00:00:00+00:00 [running]> on host 6569f5155f0c
[2024-07-08T03:24:15.977+0000] {taskinstance.py:2648} INFO - Exporting env vars: AIRFLOW_CTX_DAG_OWNER='***' AIRFLOW_CTX_DAG_ID='chess_etl' AIRFLOW_CTX_TASK_ID='blunders_etl' AIRFLOW_CTX_EXECUTION_DATE='2022-11-01T00:00:00+00:00' AIRFLOW_CTX_TRY_NUMBER='1' AIRFLOW_CTX_DAG_RUN_ID='scheduled__2022-11-01T00:00:00+00:00'
[2024-07-08T03:24:15.978+0000] {taskinstance.py:430} INFO - ::endgroup::
[2024-07-08T03:24:15.979+0000] {warnings.py:110} WARNING - /home/***/.local/lib/python3.12/site-packages/***/utils/context.py:320: AirflowContextDeprecationWarning: Accessing 'execution_date' from the template is deprecated and will be removed in a future version. Please use 'data_interval_start' or 'logical_date' instead.
  warnings.warn(_create_deprecation_warning(k, replacements))

[2024-07-08T03:24:15.985+0000] {base.py:84} INFO - Using connection ID 'chess_project_s3' for task execution.
[2024-07-08T03:35:20.340+0000] {python.py:237} INFO - Done. Returned value was: None
[2024-07-08T03:35:20.341+0000] {taskinstance.py:441} INFO - ::group::Post task execution logs
[2024-07-08T03:35:20.350+0000] {taskinstance.py:1206} INFO - Marking task as SUCCESS. dag_id=chess_etl, task_id=blunders_etl, run_id=scheduled__2022-11-01T00:00:00+00:00, execution_date=20221101T000000, start_date=20240708T032415, end_date=20240708T033520
[2024-07-08T03:35:20.399+0000] {local_task_job_runner.py:240} INFO - Task exited with return code 0
[2024-07-08T03:35:20.414+0000] {taskinstance.py:3498} INFO - 1 downstream tasks scheduled from follow-on schedule check
[2024-07-08T03:35:20.415+0000] {local_task_job_runner.py:222} INFO - ::endgroup::
