[2024-06-03T17:39:07.621+0000] {local_task_job_runner.py:120} INFO - ::group::Pre task execution logs
[2024-06-03T17:39:07.636+0000] {taskinstance.py:2076} INFO - Dependencies all met for dep_context=non-requeueable deps ti=<TaskInstance: chess_etl.games_etl scheduled__2021-02-01T00:00:00+00:00 [queued]>
[2024-06-03T17:39:07.642+0000] {taskinstance.py:2076} INFO - Dependencies all met for dep_context=requeueable deps ti=<TaskInstance: chess_etl.games_etl scheduled__2021-02-01T00:00:00+00:00 [queued]>
[2024-06-03T17:39:07.642+0000] {taskinstance.py:2306} INFO - Starting attempt 1 of 1
[2024-06-03T17:39:07.651+0000] {taskinstance.py:2330} INFO - Executing <Task(PythonOperator): games_etl> on 2021-02-01 00:00:00+00:00
[2024-06-03T17:39:07.657+0000] {warnings.py:110} WARNING - /home/***/.local/lib/python3.12/site-packages/***/task/task_runner/standard_task_runner.py:61: DeprecationWarning: This process (pid=197) is multi-threaded, use of fork() may lead to deadlocks in the child.
  pid = os.fork()

[2024-06-03T17:39:07.658+0000] {standard_task_runner.py:63} INFO - Started process 201 to run task
[2024-06-03T17:39:07.658+0000] {standard_task_runner.py:90} INFO - Running: ['***', 'tasks', 'run', 'chess_etl', 'games_etl', 'scheduled__2021-02-01T00:00:00+00:00', '--job-id', '46', '--raw', '--subdir', 'DAGS_FOLDER/chess_dag.py', '--cfg-path', '/tmp/tmpi2gg3f9_']
[2024-06-03T17:39:07.659+0000] {standard_task_runner.py:91} INFO - Job 46: Subtask games_etl
[2024-06-03T17:39:07.696+0000] {task_command.py:426} INFO - Running <TaskInstance: chess_etl.games_etl scheduled__2021-02-01T00:00:00+00:00 [running]> on host a5a4421409ea
[2024-06-03T17:39:07.752+0000] {taskinstance.py:2648} INFO - Exporting env vars: AIRFLOW_CTX_DAG_OWNER='***' AIRFLOW_CTX_DAG_ID='chess_etl' AIRFLOW_CTX_TASK_ID='games_etl' AIRFLOW_CTX_EXECUTION_DATE='2021-02-01T00:00:00+00:00' AIRFLOW_CTX_TRY_NUMBER='1' AIRFLOW_CTX_DAG_RUN_ID='scheduled__2021-02-01T00:00:00+00:00'
[2024-06-03T17:39:07.753+0000] {taskinstance.py:430} INFO - ::endgroup::
[2024-06-03T17:39:07.753+0000] {warnings.py:110} WARNING - /home/***/.local/lib/python3.12/site-packages/***/utils/context.py:320: AirflowContextDeprecationWarning: Accessing 'execution_date' from the template is deprecated and will be removed in a future version. Please use 'data_interval_start' or 'logical_date' instead.
  warnings.warn(_create_deprecation_warning(k, replacements))

[2024-06-03T17:39:09.010+0000] {taskinstance.py:441} INFO - ::group::Post task execution logs
[2024-06-03T17:39:09.015+0000] {taskinstance.py:2905} ERROR - Task failed with exception
Traceback (most recent call last):
  File "/home/airflow/.local/lib/python3.12/site-packages/airflow/models/taskinstance.py", line 465, in _execute_task
    result = _execute_callable(context=context, **execute_callable_kwargs)
             ^^^^^^^^^^^^^^^^^^^^^^^^^^^^^^^^^^^^^^^^^^^^^^^^^^^^^^^^^^^^^
  File "/home/airflow/.local/lib/python3.12/site-packages/airflow/models/taskinstance.py", line 432, in _execute_callable
    return execute_callable(context=context, **execute_callable_kwargs)
           ^^^^^^^^^^^^^^^^^^^^^^^^^^^^^^^^^^^^^^^^^^^^^^^^^^^^^^^^^^^^
  File "/home/airflow/.local/lib/python3.12/site-packages/airflow/models/baseoperator.py", line 400, in wrapper
    return func(self, *args, **kwargs)
           ^^^^^^^^^^^^^^^^^^^^^^^^^^^
  File "/home/airflow/.local/lib/python3.12/site-packages/airflow/operators/python.py", line 235, in execute
    return_value = self.execute_callable()
                   ^^^^^^^^^^^^^^^^^^^^^^^
  File "/home/airflow/.local/lib/python3.12/site-packages/airflow/operators/python.py", line 252, in execute_callable
    return self.python_callable(*self.op_args, **self.op_kwargs)
           ^^^^^^^^^^^^^^^^^^^^^^^^^^^^^^^^^^^^^^^^^^^^^^^^^^^^^
  File "/opt/airflow/dags/chess_dag.py", line 19, in games_etl_task
    return get_monthly_games(execution_date)
           ^^^^^^^^^^^^^^^^^^^^^^^^^^^^^^^^^
  File "/opt/airflow/dags/chess_etl_code.py", line 60, in get_monthly_games
    connection = BaseHook.get_connection('chess_project_s3')
                 ^^^^^^^^^^^^^^^^^^^^^^^^^^^^^^^^^^^^^^^^^^^
  File "/home/airflow/.local/lib/python3.12/site-packages/airflow/hooks/base.py", line 83, in get_connection
    conn = Connection.get_connection_from_secrets(conn_id)
           ^^^^^^^^^^^^^^^^^^^^^^^^^^^^^^^^^^^^^^^^^^^^^^^
  File "/home/airflow/.local/lib/python3.12/site-packages/airflow/models/connection.py", line 519, in get_connection_from_secrets
    raise AirflowNotFoundException(f"The conn_id `{conn_id}` isn't defined")
airflow.exceptions.AirflowNotFoundException: The conn_id `chess_project_s3` isn't defined
[2024-06-03T17:39:09.020+0000] {taskinstance.py:1206} INFO - Marking task as FAILED. dag_id=chess_etl, task_id=games_etl, run_id=scheduled__2021-02-01T00:00:00+00:00, execution_date=20210201T000000, start_date=20240603T173907, end_date=20240603T173909
[2024-06-03T17:39:09.028+0000] {standard_task_runner.py:110} ERROR - Failed to execute job 46 for task games_etl (The conn_id `chess_project_s3` isn't defined; 201)
[2024-06-03T17:39:09.035+0000] {local_task_job_runner.py:240} INFO - Task exited with return code 1
[2024-06-03T17:39:09.050+0000] {taskinstance.py:3498} INFO - 0 downstream tasks scheduled from follow-on schedule check
[2024-06-03T17:39:09.052+0000] {local_task_job_runner.py:222} INFO - ::endgroup::
[2024-06-03T21:19:23.312+0000] {local_task_job_runner.py:120} INFO - ::group::Pre task execution logs
[2024-06-03T21:19:23.330+0000] {taskinstance.py:2076} INFO - Dependencies all met for dep_context=non-requeueable deps ti=<TaskInstance: chess_etl.games_etl scheduled__2021-02-01T00:00:00+00:00 [queued]>
[2024-06-03T21:19:23.336+0000] {taskinstance.py:2076} INFO - Dependencies all met for dep_context=requeueable deps ti=<TaskInstance: chess_etl.games_etl scheduled__2021-02-01T00:00:00+00:00 [queued]>
[2024-06-03T21:19:23.336+0000] {taskinstance.py:2306} INFO - Starting attempt 1 of 1
[2024-06-03T21:19:23.350+0000] {taskinstance.py:2330} INFO - Executing <Task(PythonOperator): games_etl> on 2021-02-01 00:00:00+00:00
[2024-06-03T21:19:23.360+0000] {warnings.py:110} WARNING - /home/***/.local/lib/python3.12/site-packages/***/task/task_runner/standard_task_runner.py:61: DeprecationWarning: This process (pid=23001) is multi-threaded, use of fork() may lead to deadlocks in the child.
  pid = os.fork()

[2024-06-03T21:19:23.362+0000] {standard_task_runner.py:63} INFO - Started process 23003 to run task
[2024-06-03T21:19:23.361+0000] {standard_task_runner.py:90} INFO - Running: ['***', 'tasks', 'run', 'chess_etl', 'games_etl', 'scheduled__2021-02-01T00:00:00+00:00', '--job-id', '114', '--raw', '--subdir', 'DAGS_FOLDER/chess_dag.py', '--cfg-path', '/tmp/tmp8dt3863r']
[2024-06-03T21:19:23.362+0000] {standard_task_runner.py:91} INFO - Job 114: Subtask games_etl
[2024-06-03T21:19:23.401+0000] {task_command.py:426} INFO - Running <TaskInstance: chess_etl.games_etl scheduled__2021-02-01T00:00:00+00:00 [running]> on host f55fff24b127
[2024-06-03T21:19:23.481+0000] {taskinstance.py:2648} INFO - Exporting env vars: AIRFLOW_CTX_DAG_OWNER='***' AIRFLOW_CTX_DAG_ID='chess_etl' AIRFLOW_CTX_TASK_ID='games_etl' AIRFLOW_CTX_EXECUTION_DATE='2021-02-01T00:00:00+00:00' AIRFLOW_CTX_TRY_NUMBER='1' AIRFLOW_CTX_DAG_RUN_ID='scheduled__2021-02-01T00:00:00+00:00'
[2024-06-03T21:19:23.482+0000] {taskinstance.py:430} INFO - ::endgroup::
[2024-06-03T21:19:23.483+0000] {warnings.py:110} WARNING - /home/***/.local/lib/python3.12/site-packages/***/utils/context.py:320: AirflowContextDeprecationWarning: Accessing 'execution_date' from the template is deprecated and will be removed in a future version. Please use 'data_interval_start' or 'logical_date' instead.
  warnings.warn(_create_deprecation_warning(k, replacements))

[2024-06-03T21:19:24.837+0000] {base.py:84} INFO - Using connection ID 'chess_project_s3' for task execution.
[2024-06-03T21:19:25.634+0000] {python.py:237} INFO - Done. Returned value was: None
[2024-06-03T21:19:25.635+0000] {taskinstance.py:441} INFO - ::group::Post task execution logs
[2024-06-03T21:19:25.641+0000] {taskinstance.py:1206} INFO - Marking task as SUCCESS. dag_id=chess_etl, task_id=games_etl, run_id=scheduled__2021-02-01T00:00:00+00:00, execution_date=20210201T000000, start_date=20240603T211923, end_date=20240603T211925
[2024-06-03T21:19:25.662+0000] {local_task_job_runner.py:240} INFO - Task exited with return code 0
[2024-06-03T21:19:25.676+0000] {taskinstance.py:3498} INFO - 1 downstream tasks scheduled from follow-on schedule check
[2024-06-03T21:19:25.678+0000] {local_task_job_runner.py:222} INFO - ::endgroup::
[2024-06-08T18:52:30.380+0000] {local_task_job_runner.py:120} INFO - ::group::Pre task execution logs
[2024-06-08T18:52:30.395+0000] {taskinstance.py:2076} INFO - Dependencies all met for dep_context=non-requeueable deps ti=<TaskInstance: chess_etl.games_etl scheduled__2021-02-01T00:00:00+00:00 [queued]>
[2024-06-08T18:52:30.401+0000] {taskinstance.py:2076} INFO - Dependencies all met for dep_context=requeueable deps ti=<TaskInstance: chess_etl.games_etl scheduled__2021-02-01T00:00:00+00:00 [queued]>
[2024-06-08T18:52:30.402+0000] {taskinstance.py:2306} INFO - Starting attempt 1 of 1
[2024-06-08T18:52:30.413+0000] {taskinstance.py:2330} INFO - Executing <Task(PythonOperator): games_etl> on 2021-02-01 00:00:00+00:00
[2024-06-08T18:52:30.420+0000] {warnings.py:110} WARNING - /home/***/.local/lib/python3.12/site-packages/***/task/task_runner/standard_task_runner.py:61: DeprecationWarning: This process (pid=24111) is multi-threaded, use of fork() may lead to deadlocks in the child.
  pid = os.fork()

[2024-06-08T18:52:30.422+0000] {standard_task_runner.py:63} INFO - Started process 24113 to run task
[2024-06-08T18:52:30.422+0000] {standard_task_runner.py:90} INFO - Running: ['***', 'tasks', 'run', 'chess_etl', 'games_etl', 'scheduled__2021-02-01T00:00:00+00:00', '--job-id', '290', '--raw', '--subdir', 'DAGS_FOLDER/chess_dag.py', '--cfg-path', '/tmp/tmpe6heebiv']
[2024-06-08T18:52:30.423+0000] {standard_task_runner.py:91} INFO - Job 290: Subtask games_etl
[2024-06-08T18:52:30.457+0000] {task_command.py:426} INFO - Running <TaskInstance: chess_etl.games_etl scheduled__2021-02-01T00:00:00+00:00 [running]> on host bf0ade909435
[2024-06-08T18:52:30.537+0000] {taskinstance.py:2648} INFO - Exporting env vars: AIRFLOW_CTX_DAG_OWNER='***' AIRFLOW_CTX_DAG_ID='chess_etl' AIRFLOW_CTX_TASK_ID='games_etl' AIRFLOW_CTX_EXECUTION_DATE='2021-02-01T00:00:00+00:00' AIRFLOW_CTX_TRY_NUMBER='1' AIRFLOW_CTX_DAG_RUN_ID='scheduled__2021-02-01T00:00:00+00:00'
[2024-06-08T18:52:30.539+0000] {taskinstance.py:430} INFO - ::endgroup::
[2024-06-08T18:52:30.540+0000] {warnings.py:110} WARNING - /home/***/.local/lib/python3.12/site-packages/***/utils/context.py:320: AirflowContextDeprecationWarning: Accessing 'execution_date' from the template is deprecated and will be removed in a future version. Please use 'data_interval_start' or 'logical_date' instead.
  warnings.warn(_create_deprecation_warning(k, replacements))

[2024-06-08T18:52:31.894+0000] {base.py:84} INFO - Using connection ID 'chess_project_s3' for task execution.
[2024-06-08T18:52:32.734+0000] {python.py:237} INFO - Done. Returned value was: None
[2024-06-08T18:52:32.735+0000] {taskinstance.py:441} INFO - ::group::Post task execution logs
[2024-06-08T18:52:32.742+0000] {taskinstance.py:1206} INFO - Marking task as SUCCESS. dag_id=chess_etl, task_id=games_etl, run_id=scheduled__2021-02-01T00:00:00+00:00, execution_date=20210201T000000, start_date=20240608T185230, end_date=20240608T185232
[2024-06-08T18:52:32.762+0000] {local_task_job_runner.py:240} INFO - Task exited with return code 0
[2024-06-08T18:52:32.777+0000] {taskinstance.py:3498} INFO - 1 downstream tasks scheduled from follow-on schedule check
[2024-06-08T18:52:32.779+0000] {local_task_job_runner.py:222} INFO - ::endgroup::
[2024-07-08T00:46:04.184+0000] {local_task_job_runner.py:120} INFO - ::group::Pre task execution logs
[2024-07-08T00:46:04.197+0000] {taskinstance.py:2076} INFO - Dependencies all met for dep_context=non-requeueable deps ti=<TaskInstance: chess_etl.games_etl scheduled__2021-02-01T00:00:00+00:00 [queued]>
[2024-07-08T00:46:04.202+0000] {taskinstance.py:2076} INFO - Dependencies all met for dep_context=requeueable deps ti=<TaskInstance: chess_etl.games_etl scheduled__2021-02-01T00:00:00+00:00 [queued]>
[2024-07-08T00:46:04.203+0000] {taskinstance.py:2306} INFO - Starting attempt 1 of 1
[2024-07-08T00:46:04.212+0000] {taskinstance.py:2330} INFO - Executing <Task(PythonOperator): games_etl> on 2021-02-01 00:00:00+00:00
[2024-07-08T00:46:04.219+0000] {warnings.py:110} WARNING - /home/***/.local/lib/python3.12/site-packages/***/task/task_runner/standard_task_runner.py:61: DeprecationWarning: This process (pid=24225) is multi-threaded, use of fork() may lead to deadlocks in the child.
  pid = os.fork()

[2024-07-08T00:46:04.221+0000] {standard_task_runner.py:63} INFO - Started process 24227 to run task
[2024-07-08T00:46:04.221+0000] {standard_task_runner.py:90} INFO - Running: ['***', 'tasks', 'run', 'chess_etl', 'games_etl', 'scheduled__2021-02-01T00:00:00+00:00', '--job-id', '656', '--raw', '--subdir', 'DAGS_FOLDER/chess_dag.py', '--cfg-path', '/tmp/tmpq_l_ptxt']
[2024-07-08T00:46:04.222+0000] {standard_task_runner.py:91} INFO - Job 656: Subtask games_etl
[2024-07-08T00:46:04.255+0000] {task_command.py:426} INFO - Running <TaskInstance: chess_etl.games_etl scheduled__2021-02-01T00:00:00+00:00 [running]> on host 6569f5155f0c
[2024-07-08T00:46:04.312+0000] {taskinstance.py:2648} INFO - Exporting env vars: AIRFLOW_CTX_DAG_OWNER='***' AIRFLOW_CTX_DAG_ID='chess_etl' AIRFLOW_CTX_TASK_ID='games_etl' AIRFLOW_CTX_EXECUTION_DATE='2021-02-01T00:00:00+00:00' AIRFLOW_CTX_TRY_NUMBER='1' AIRFLOW_CTX_DAG_RUN_ID='scheduled__2021-02-01T00:00:00+00:00'
[2024-07-08T00:46:04.313+0000] {taskinstance.py:430} INFO - ::endgroup::
[2024-07-08T00:46:04.314+0000] {warnings.py:110} WARNING - /home/***/.local/lib/python3.12/site-packages/***/utils/context.py:320: AirflowContextDeprecationWarning: Accessing 'execution_date' from the template is deprecated and will be removed in a future version. Please use 'data_interval_start' or 'logical_date' instead.
  warnings.warn(_create_deprecation_warning(k, replacements))

[2024-07-08T00:46:05.555+0000] {base.py:84} INFO - Using connection ID 'chess_project_s3' for task execution.
[2024-07-08T00:46:06.433+0000] {python.py:237} INFO - Done. Returned value was: None
[2024-07-08T00:46:06.434+0000] {taskinstance.py:441} INFO - ::group::Post task execution logs
[2024-07-08T00:46:06.441+0000] {taskinstance.py:1206} INFO - Marking task as SUCCESS. dag_id=chess_etl, task_id=games_etl, run_id=scheduled__2021-02-01T00:00:00+00:00, execution_date=20210201T000000, start_date=20240708T004604, end_date=20240708T004606
[2024-07-08T00:46:06.480+0000] {local_task_job_runner.py:240} INFO - Task exited with return code 0
[2024-07-08T00:46:06.497+0000] {taskinstance.py:3498} INFO - 1 downstream tasks scheduled from follow-on schedule check
[2024-07-08T00:46:06.499+0000] {local_task_job_runner.py:222} INFO - ::endgroup::
