[2024-06-03T20:33:18.818+0000] {local_task_job_runner.py:120} INFO - ::group::Pre task execution logs
[2024-06-03T20:33:18.835+0000] {taskinstance.py:2076} INFO - Dependencies all met for dep_context=non-requeueable deps ti=<TaskInstance: chess_etl.blunders_etl scheduled__2020-10-01T00:00:00+00:00 [queued]>
[2024-06-03T20:33:18.843+0000] {taskinstance.py:2076} INFO - Dependencies all met for dep_context=requeueable deps ti=<TaskInstance: chess_etl.blunders_etl scheduled__2020-10-01T00:00:00+00:00 [queued]>
[2024-06-03T20:33:18.844+0000] {taskinstance.py:2306} INFO - Starting attempt 1 of 1
[2024-06-03T20:33:18.855+0000] {taskinstance.py:2330} INFO - Executing <Task(PythonOperator): blunders_etl> on 2020-10-01 00:00:00+00:00
[2024-06-03T20:33:18.864+0000] {warnings.py:110} WARNING - /home/***/.local/lib/python3.12/site-packages/***/task/task_runner/standard_task_runner.py:61: DeprecationWarning: This process (pid=17687) is multi-threaded, use of fork() may lead to deadlocks in the child.
  pid = os.fork()

[2024-06-03T20:33:18.865+0000] {standard_task_runner.py:63} INFO - Started process 17697 to run task
[2024-06-03T20:33:18.865+0000] {standard_task_runner.py:90} INFO - Running: ['***', 'tasks', 'run', 'chess_etl', 'blunders_etl', 'scheduled__2020-10-01T00:00:00+00:00', '--job-id', '107', '--raw', '--subdir', 'DAGS_FOLDER/chess_dag.py', '--cfg-path', '/tmp/tmpv5sj7_gc']
[2024-06-03T20:33:18.866+0000] {standard_task_runner.py:91} INFO - Job 107: Subtask blunders_etl
[2024-06-03T20:33:18.905+0000] {task_command.py:426} INFO - Running <TaskInstance: chess_etl.blunders_etl scheduled__2020-10-01T00:00:00+00:00 [running]> on host f55fff24b127
[2024-06-03T20:33:18.979+0000] {taskinstance.py:2648} INFO - Exporting env vars: AIRFLOW_CTX_DAG_OWNER='***' AIRFLOW_CTX_DAG_ID='chess_etl' AIRFLOW_CTX_TASK_ID='blunders_etl' AIRFLOW_CTX_EXECUTION_DATE='2020-10-01T00:00:00+00:00' AIRFLOW_CTX_TRY_NUMBER='1' AIRFLOW_CTX_DAG_RUN_ID='scheduled__2020-10-01T00:00:00+00:00'
[2024-06-03T20:33:18.981+0000] {taskinstance.py:430} INFO - ::endgroup::
[2024-06-03T20:33:18.982+0000] {warnings.py:110} WARNING - /home/***/.local/lib/python3.12/site-packages/***/utils/context.py:320: AirflowContextDeprecationWarning: Accessing 'execution_date' from the template is deprecated and will be removed in a future version. Please use 'data_interval_start' or 'logical_date' instead.
  warnings.warn(_create_deprecation_warning(k, replacements))

[2024-06-03T20:33:18.991+0000] {base.py:84} INFO - Using connection ID 'chess_project_s3' for task execution.
[2024-06-03T20:39:49.064+0000] {python.py:237} INFO - Done. Returned value was: None
[2024-06-03T20:39:49.065+0000] {taskinstance.py:441} INFO - ::group::Post task execution logs
[2024-06-03T20:39:49.073+0000] {taskinstance.py:1206} INFO - Marking task as SUCCESS. dag_id=chess_etl, task_id=blunders_etl, run_id=scheduled__2020-10-01T00:00:00+00:00, execution_date=20201001T000000, start_date=20240603T203318, end_date=20240603T203949
[2024-06-03T20:39:49.130+0000] {local_task_job_runner.py:240} INFO - Task exited with return code 0
[2024-06-03T20:39:49.142+0000] {taskinstance.py:3498} INFO - 0 downstream tasks scheduled from follow-on schedule check
[2024-06-03T20:39:49.143+0000] {local_task_job_runner.py:222} INFO - ::endgroup::
[2024-06-08T18:00:20.623+0000] {local_task_job_runner.py:120} INFO - ::group::Pre task execution logs
[2024-06-08T18:00:20.642+0000] {taskinstance.py:2076} INFO - Dependencies all met for dep_context=non-requeueable deps ti=<TaskInstance: chess_etl.blunders_etl scheduled__2020-10-01T00:00:00+00:00 [queued]>
[2024-06-08T18:00:20.650+0000] {taskinstance.py:2076} INFO - Dependencies all met for dep_context=requeueable deps ti=<TaskInstance: chess_etl.blunders_etl scheduled__2020-10-01T00:00:00+00:00 [queued]>
[2024-06-08T18:00:20.651+0000] {taskinstance.py:2306} INFO - Starting attempt 1 of 1
[2024-06-08T18:00:20.665+0000] {taskinstance.py:2330} INFO - Executing <Task(PythonOperator): blunders_etl> on 2020-10-01 00:00:00+00:00
[2024-06-08T18:00:20.673+0000] {warnings.py:110} WARNING - /home/***/.local/lib/python3.12/site-packages/***/task/task_runner/standard_task_runner.py:61: DeprecationWarning: This process (pid=18950) is multi-threaded, use of fork() may lead to deadlocks in the child.
  pid = os.fork()

[2024-06-08T18:00:20.675+0000] {standard_task_runner.py:63} INFO - Started process 18952 to run task
[2024-06-08T18:00:20.674+0000] {standard_task_runner.py:90} INFO - Running: ['***', 'tasks', 'run', 'chess_etl', 'blunders_etl', 'scheduled__2020-10-01T00:00:00+00:00', '--job-id', '283', '--raw', '--subdir', 'DAGS_FOLDER/chess_dag.py', '--cfg-path', '/tmp/tmp179xpe1g']
[2024-06-08T18:00:20.676+0000] {standard_task_runner.py:91} INFO - Job 283: Subtask blunders_etl
[2024-06-08T18:00:20.716+0000] {task_command.py:426} INFO - Running <TaskInstance: chess_etl.blunders_etl scheduled__2020-10-01T00:00:00+00:00 [running]> on host bf0ade909435
[2024-06-08T18:00:20.798+0000] {taskinstance.py:2648} INFO - Exporting env vars: AIRFLOW_CTX_DAG_OWNER='***' AIRFLOW_CTX_DAG_ID='chess_etl' AIRFLOW_CTX_TASK_ID='blunders_etl' AIRFLOW_CTX_EXECUTION_DATE='2020-10-01T00:00:00+00:00' AIRFLOW_CTX_TRY_NUMBER='1' AIRFLOW_CTX_DAG_RUN_ID='scheduled__2020-10-01T00:00:00+00:00'
[2024-06-08T18:00:20.799+0000] {taskinstance.py:430} INFO - ::endgroup::
[2024-06-08T18:00:20.800+0000] {warnings.py:110} WARNING - /home/***/.local/lib/python3.12/site-packages/***/utils/context.py:320: AirflowContextDeprecationWarning: Accessing 'execution_date' from the template is deprecated and will be removed in a future version. Please use 'data_interval_start' or 'logical_date' instead.
  warnings.warn(_create_deprecation_warning(k, replacements))

[2024-06-08T18:00:20.809+0000] {base.py:84} INFO - Using connection ID 'chess_project_s3' for task execution.
[2024-06-08T18:07:50.728+0000] {python.py:237} INFO - Done. Returned value was: None
[2024-06-08T18:07:50.728+0000] {taskinstance.py:441} INFO - ::group::Post task execution logs
[2024-06-08T18:07:50.738+0000] {taskinstance.py:1206} INFO - Marking task as SUCCESS. dag_id=chess_etl, task_id=blunders_etl, run_id=scheduled__2020-10-01T00:00:00+00:00, execution_date=20201001T000000, start_date=20240608T180020, end_date=20240608T180750
[2024-06-08T18:07:50.795+0000] {local_task_job_runner.py:240} INFO - Task exited with return code 0
[2024-06-08T18:07:50.811+0000] {taskinstance.py:3498} INFO - 0 downstream tasks scheduled from follow-on schedule check
[2024-06-08T18:07:50.812+0000] {local_task_job_runner.py:222} INFO - ::endgroup::
[2024-07-08T00:02:17.152+0000] {local_task_job_runner.py:120} INFO - ::group::Pre task execution logs
[2024-07-08T00:02:17.166+0000] {taskinstance.py:2076} INFO - Dependencies all met for dep_context=non-requeueable deps ti=<TaskInstance: chess_etl.blunders_etl scheduled__2020-10-01T00:00:00+00:00 [queued]>
[2024-07-08T00:02:17.172+0000] {taskinstance.py:2076} INFO - Dependencies all met for dep_context=requeueable deps ti=<TaskInstance: chess_etl.blunders_etl scheduled__2020-10-01T00:00:00+00:00 [queued]>
[2024-07-08T00:02:17.172+0000] {taskinstance.py:2306} INFO - Starting attempt 1 of 1
[2024-07-08T00:02:17.180+0000] {taskinstance.py:2330} INFO - Executing <Task(PythonOperator): blunders_etl> on 2020-10-01 00:00:00+00:00
[2024-07-08T00:02:17.187+0000] {warnings.py:110} WARNING - /home/***/.local/lib/python3.12/site-packages/***/task/task_runner/standard_task_runner.py:61: DeprecationWarning: This process (pid=18883) is multi-threaded, use of fork() may lead to deadlocks in the child.
  pid = os.fork()

[2024-07-08T00:02:17.189+0000] {standard_task_runner.py:63} INFO - Started process 18893 to run task
[2024-07-08T00:02:17.189+0000] {standard_task_runner.py:90} INFO - Running: ['***', 'tasks', 'run', 'chess_etl', 'blunders_etl', 'scheduled__2020-10-01T00:00:00+00:00', '--job-id', '641', '--raw', '--subdir', 'DAGS_FOLDER/chess_dag.py', '--cfg-path', '/tmp/tmptbw3ym1l']
[2024-07-08T00:02:17.190+0000] {standard_task_runner.py:91} INFO - Job 641: Subtask blunders_etl
[2024-07-08T00:02:17.223+0000] {task_command.py:426} INFO - Running <TaskInstance: chess_etl.blunders_etl scheduled__2020-10-01T00:00:00+00:00 [running]> on host 6569f5155f0c
[2024-07-08T00:02:17.285+0000] {taskinstance.py:2648} INFO - Exporting env vars: AIRFLOW_CTX_DAG_OWNER='***' AIRFLOW_CTX_DAG_ID='chess_etl' AIRFLOW_CTX_TASK_ID='blunders_etl' AIRFLOW_CTX_EXECUTION_DATE='2020-10-01T00:00:00+00:00' AIRFLOW_CTX_TRY_NUMBER='1' AIRFLOW_CTX_DAG_RUN_ID='scheduled__2020-10-01T00:00:00+00:00'
[2024-07-08T00:02:17.286+0000] {taskinstance.py:430} INFO - ::endgroup::
[2024-07-08T00:02:17.287+0000] {warnings.py:110} WARNING - /home/***/.local/lib/python3.12/site-packages/***/utils/context.py:320: AirflowContextDeprecationWarning: Accessing 'execution_date' from the template is deprecated and will be removed in a future version. Please use 'data_interval_start' or 'logical_date' instead.
  warnings.warn(_create_deprecation_warning(k, replacements))

[2024-07-08T00:02:17.292+0000] {base.py:84} INFO - Using connection ID 'chess_project_s3' for task execution.
[2024-07-08T00:08:26.318+0000] {python.py:237} INFO - Done. Returned value was: None
[2024-07-08T00:08:26.318+0000] {taskinstance.py:441} INFO - ::group::Post task execution logs
[2024-07-08T00:08:26.325+0000] {taskinstance.py:1206} INFO - Marking task as SUCCESS. dag_id=chess_etl, task_id=blunders_etl, run_id=scheduled__2020-10-01T00:00:00+00:00, execution_date=20201001T000000, start_date=20240708T000217, end_date=20240708T000826
[2024-07-08T00:08:26.380+0000] {local_task_job_runner.py:240} INFO - Task exited with return code 0
[2024-07-08T00:08:26.399+0000] {taskinstance.py:3498} INFO - 1 downstream tasks scheduled from follow-on schedule check
[2024-07-08T00:08:26.400+0000] {local_task_job_runner.py:222} INFO - ::endgroup::
