[2024-06-04T01:47:38.445+0000] {local_task_job_runner.py:120} INFO - ::group::Pre task execution logs
[2024-06-04T01:47:38.458+0000] {taskinstance.py:2076} INFO - Dependencies all met for dep_context=non-requeueable deps ti=<TaskInstance: chess_etl.games_etl scheduled__2023-10-01T00:00:00+00:00 [queued]>
[2024-06-04T01:47:38.463+0000] {taskinstance.py:2076} INFO - Dependencies all met for dep_context=requeueable deps ti=<TaskInstance: chess_etl.games_etl scheduled__2023-10-01T00:00:00+00:00 [queued]>
[2024-06-04T01:47:38.464+0000] {taskinstance.py:2306} INFO - Starting attempt 1 of 1
[2024-06-04T01:47:38.473+0000] {taskinstance.py:2330} INFO - Executing <Task(PythonOperator): games_etl> on 2023-10-01 00:00:00+00:00
[2024-06-04T01:47:38.481+0000] {warnings.py:110} WARNING - /home/***/.local/lib/python3.12/site-packages/***/task/task_runner/standard_task_runner.py:61: DeprecationWarning: This process (pid=53320) is multi-threaded, use of fork() may lead to deadlocks in the child.
  pid = os.fork()

[2024-06-04T01:47:38.482+0000] {standard_task_runner.py:63} INFO - Started process 53322 to run task
[2024-06-04T01:47:38.482+0000] {standard_task_runner.py:90} INFO - Running: ['***', 'tasks', 'run', 'chess_etl', 'games_etl', 'scheduled__2023-10-01T00:00:00+00:00', '--job-id', '178', '--raw', '--subdir', 'DAGS_FOLDER/chess_dag.py', '--cfg-path', '/tmp/tmpzi95174b']
[2024-06-04T01:47:38.483+0000] {standard_task_runner.py:91} INFO - Job 178: Subtask games_etl
[2024-06-04T01:47:38.516+0000] {task_command.py:426} INFO - Running <TaskInstance: chess_etl.games_etl scheduled__2023-10-01T00:00:00+00:00 [running]> on host f55fff24b127
[2024-06-04T01:47:38.582+0000] {taskinstance.py:2648} INFO - Exporting env vars: AIRFLOW_CTX_DAG_OWNER='***' AIRFLOW_CTX_DAG_ID='chess_etl' AIRFLOW_CTX_TASK_ID='games_etl' AIRFLOW_CTX_EXECUTION_DATE='2023-10-01T00:00:00+00:00' AIRFLOW_CTX_TRY_NUMBER='1' AIRFLOW_CTX_DAG_RUN_ID='scheduled__2023-10-01T00:00:00+00:00'
[2024-06-04T01:47:38.584+0000] {taskinstance.py:430} INFO - ::endgroup::
[2024-06-04T01:47:38.585+0000] {warnings.py:110} WARNING - /home/***/.local/lib/python3.12/site-packages/***/utils/context.py:320: AirflowContextDeprecationWarning: Accessing 'execution_date' from the template is deprecated and will be removed in a future version. Please use 'data_interval_start' or 'logical_date' instead.
  warnings.warn(_create_deprecation_warning(k, replacements))

[2024-06-04T01:47:38.937+0000] {base.py:84} INFO - Using connection ID 'chess_project_s3' for task execution.
[2024-06-04T01:47:39.434+0000] {python.py:237} INFO - Done. Returned value was: None
[2024-06-04T01:47:39.434+0000] {taskinstance.py:441} INFO - ::group::Post task execution logs
[2024-06-04T01:47:39.441+0000] {taskinstance.py:1206} INFO - Marking task as SUCCESS. dag_id=chess_etl, task_id=games_etl, run_id=scheduled__2023-10-01T00:00:00+00:00, execution_date=20231001T000000, start_date=20240604T014738, end_date=20240604T014739
[2024-06-04T01:47:39.458+0000] {local_task_job_runner.py:240} INFO - Task exited with return code 0
[2024-06-04T01:47:39.472+0000] {taskinstance.py:3498} INFO - 1 downstream tasks scheduled from follow-on schedule check
[2024-06-04T01:47:39.473+0000] {local_task_job_runner.py:222} INFO - ::endgroup::
[2024-06-08T23:40:30.753+0000] {local_task_job_runner.py:120} INFO - ::group::Pre task execution logs
[2024-06-08T23:40:30.771+0000] {taskinstance.py:2076} INFO - Dependencies all met for dep_context=non-requeueable deps ti=<TaskInstance: chess_etl.games_etl scheduled__2023-10-01T00:00:00+00:00 [queued]>
[2024-06-08T23:40:30.776+0000] {taskinstance.py:2076} INFO - Dependencies all met for dep_context=requeueable deps ti=<TaskInstance: chess_etl.games_etl scheduled__2023-10-01T00:00:00+00:00 [queued]>
[2024-06-08T23:40:30.777+0000] {taskinstance.py:2306} INFO - Starting attempt 1 of 1
[2024-06-08T23:40:30.790+0000] {taskinstance.py:2330} INFO - Executing <Task(PythonOperator): games_etl> on 2023-10-01 00:00:00+00:00
[2024-06-08T23:40:30.797+0000] {warnings.py:110} WARNING - /home/***/.local/lib/python3.12/site-packages/***/task/task_runner/standard_task_runner.py:61: DeprecationWarning: This process (pid=54008) is multi-threaded, use of fork() may lead to deadlocks in the child.
  pid = os.fork()

[2024-06-08T23:40:30.798+0000] {standard_task_runner.py:63} INFO - Started process 54018 to run task
[2024-06-08T23:40:30.798+0000] {standard_task_runner.py:90} INFO - Running: ['***', 'tasks', 'run', 'chess_etl', 'games_etl', 'scheduled__2023-10-01T00:00:00+00:00', '--job-id', '354', '--raw', '--subdir', 'DAGS_FOLDER/chess_dag.py', '--cfg-path', '/tmp/tmph9n39dam']
[2024-06-08T23:40:30.799+0000] {standard_task_runner.py:91} INFO - Job 354: Subtask games_etl
[2024-06-08T23:40:30.833+0000] {task_command.py:426} INFO - Running <TaskInstance: chess_etl.games_etl scheduled__2023-10-01T00:00:00+00:00 [running]> on host bf0ade909435
[2024-06-08T23:40:30.895+0000] {taskinstance.py:2648} INFO - Exporting env vars: AIRFLOW_CTX_DAG_OWNER='***' AIRFLOW_CTX_DAG_ID='chess_etl' AIRFLOW_CTX_TASK_ID='games_etl' AIRFLOW_CTX_EXECUTION_DATE='2023-10-01T00:00:00+00:00' AIRFLOW_CTX_TRY_NUMBER='1' AIRFLOW_CTX_DAG_RUN_ID='scheduled__2023-10-01T00:00:00+00:00'
[2024-06-08T23:40:30.896+0000] {taskinstance.py:430} INFO - ::endgroup::
[2024-06-08T23:40:30.897+0000] {warnings.py:110} WARNING - /home/***/.local/lib/python3.12/site-packages/***/utils/context.py:320: AirflowContextDeprecationWarning: Accessing 'execution_date' from the template is deprecated and will be removed in a future version. Please use 'data_interval_start' or 'logical_date' instead.
  warnings.warn(_create_deprecation_warning(k, replacements))

[2024-06-08T23:40:31.207+0000] {base.py:84} INFO - Using connection ID 'chess_project_s3' for task execution.
[2024-06-08T23:40:31.683+0000] {python.py:237} INFO - Done. Returned value was: None
[2024-06-08T23:40:31.685+0000] {taskinstance.py:441} INFO - ::group::Post task execution logs
[2024-06-08T23:40:31.691+0000] {taskinstance.py:1206} INFO - Marking task as SUCCESS. dag_id=chess_etl, task_id=games_etl, run_id=scheduled__2023-10-01T00:00:00+00:00, execution_date=20231001T000000, start_date=20240608T234030, end_date=20240608T234031
[2024-06-08T23:40:31.734+0000] {local_task_job_runner.py:240} INFO - Task exited with return code 0
[2024-06-08T23:40:31.748+0000] {taskinstance.py:3498} INFO - 1 downstream tasks scheduled from follow-on schedule check
[2024-06-08T23:40:31.749+0000] {local_task_job_runner.py:222} INFO - ::endgroup::
[2024-07-08T05:08:39.413+0000] {local_task_job_runner.py:120} INFO - ::group::Pre task execution logs
[2024-07-08T05:08:39.429+0000] {taskinstance.py:2076} INFO - Dependencies all met for dep_context=non-requeueable deps ti=<TaskInstance: chess_etl.games_etl scheduled__2023-10-01T00:00:00+00:00 [queued]>
[2024-07-08T05:08:39.434+0000] {taskinstance.py:2076} INFO - Dependencies all met for dep_context=requeueable deps ti=<TaskInstance: chess_etl.games_etl scheduled__2023-10-01T00:00:00+00:00 [queued]>
[2024-07-08T05:08:39.434+0000] {taskinstance.py:2306} INFO - Starting attempt 1 of 1
[2024-07-08T05:08:39.444+0000] {taskinstance.py:2330} INFO - Executing <Task(PythonOperator): games_etl> on 2023-10-01 00:00:00+00:00
[2024-07-08T05:08:39.452+0000] {warnings.py:110} WARNING - /home/***/.local/lib/python3.12/site-packages/***/task/task_runner/standard_task_runner.py:61: DeprecationWarning: This process (pid=54819) is multi-threaded, use of fork() may lead to deadlocks in the child.
  pid = os.fork()

[2024-07-08T05:08:39.452+0000] {standard_task_runner.py:90} INFO - Running: ['***', 'tasks', 'run', 'chess_etl', 'games_etl', 'scheduled__2023-10-01T00:00:00+00:00', '--job-id', '784', '--raw', '--subdir', 'DAGS_FOLDER/chess_dag.py', '--cfg-path', '/tmp/tmp45w2fie3']
[2024-07-08T05:08:39.454+0000] {standard_task_runner.py:63} INFO - Started process 54821 to run task
[2024-07-08T05:08:39.454+0000] {standard_task_runner.py:91} INFO - Job 784: Subtask games_etl
[2024-07-08T05:08:39.490+0000] {task_command.py:426} INFO - Running <TaskInstance: chess_etl.games_etl scheduled__2023-10-01T00:00:00+00:00 [running]> on host 6569f5155f0c
[2024-07-08T05:08:39.556+0000] {taskinstance.py:2648} INFO - Exporting env vars: AIRFLOW_CTX_DAG_OWNER='***' AIRFLOW_CTX_DAG_ID='chess_etl' AIRFLOW_CTX_TASK_ID='games_etl' AIRFLOW_CTX_EXECUTION_DATE='2023-10-01T00:00:00+00:00' AIRFLOW_CTX_TRY_NUMBER='1' AIRFLOW_CTX_DAG_RUN_ID='scheduled__2023-10-01T00:00:00+00:00'
[2024-07-08T05:08:39.557+0000] {taskinstance.py:430} INFO - ::endgroup::
[2024-07-08T05:08:39.558+0000] {warnings.py:110} WARNING - /home/***/.local/lib/python3.12/site-packages/***/utils/context.py:320: AirflowContextDeprecationWarning: Accessing 'execution_date' from the template is deprecated and will be removed in a future version. Please use 'data_interval_start' or 'logical_date' instead.
  warnings.warn(_create_deprecation_warning(k, replacements))

[2024-07-08T05:08:39.893+0000] {base.py:84} INFO - Using connection ID 'chess_project_s3' for task execution.
[2024-07-08T05:08:40.461+0000] {python.py:237} INFO - Done. Returned value was: None
[2024-07-08T05:08:40.462+0000] {taskinstance.py:441} INFO - ::group::Post task execution logs
[2024-07-08T05:08:40.468+0000] {taskinstance.py:1206} INFO - Marking task as SUCCESS. dag_id=chess_etl, task_id=games_etl, run_id=scheduled__2023-10-01T00:00:00+00:00, execution_date=20231001T000000, start_date=20240708T050839, end_date=20240708T050840
[2024-07-08T05:08:40.510+0000] {local_task_job_runner.py:240} INFO - Task exited with return code 0
[2024-07-08T05:08:40.529+0000] {taskinstance.py:3498} INFO - 1 downstream tasks scheduled from follow-on schedule check
[2024-07-08T05:08:40.531+0000] {local_task_job_runner.py:222} INFO - ::endgroup::
