[2024-07-07T18:38:46.309+0000] {local_task_job_runner.py:120} INFO - ::group::Pre task execution logs
[2024-07-07T18:38:46.324+0000] {taskinstance.py:2076} INFO - Dependencies all met for dep_context=non-requeueable deps ti=<TaskInstance: chess_etl.redshift_game_load scheduled__2023-08-01T00:00:00+00:00 [queued]>
[2024-07-07T18:38:46.329+0000] {taskinstance.py:2076} INFO - Dependencies all met for dep_context=requeueable deps ti=<TaskInstance: chess_etl.redshift_game_load scheduled__2023-08-01T00:00:00+00:00 [queued]>
[2024-07-07T18:38:46.330+0000] {taskinstance.py:2306} INFO - Starting attempt 1 of 1
[2024-07-07T18:38:46.338+0000] {taskinstance.py:2330} INFO - Executing <Task(PythonOperator): redshift_game_load> on 2023-08-01 00:00:00+00:00
[2024-07-07T18:38:46.344+0000] {warnings.py:110} WARNING - /home/***/.local/lib/python3.12/site-packages/***/task/task_runner/standard_task_runner.py:61: DeprecationWarning: This process (pid=1584) is multi-threaded, use of fork() may lead to deadlocks in the child.
  pid = os.fork()

[2024-07-07T18:38:46.346+0000] {standard_task_runner.py:63} INFO - Started process 1589 to run task
[2024-07-07T18:38:46.345+0000] {standard_task_runner.py:90} INFO - Running: ['***', 'tasks', 'run', 'chess_etl', 'redshift_game_load', 'scheduled__2023-08-01T00:00:00+00:00', '--job-id', '467', '--pool', 'default_pool', '--raw', '--subdir', 'DAGS_FOLDER/chess_dag.py', '--cfg-path', '/tmp/tmp9_0fcbn4']
[2024-07-07T18:38:46.346+0000] {standard_task_runner.py:91} INFO - Job 467: Subtask redshift_game_load
[2024-07-07T18:38:46.376+0000] {task_command.py:426} INFO - Running <TaskInstance: chess_etl.redshift_game_load scheduled__2023-08-01T00:00:00+00:00 [running]> on host cb919e35e0e9
[2024-07-07T18:38:46.430+0000] {taskinstance.py:2648} INFO - Exporting env vars: AIRFLOW_CTX_DAG_OWNER='***' AIRFLOW_CTX_DAG_ID='chess_etl' AIRFLOW_CTX_TASK_ID='redshift_game_load' AIRFLOW_CTX_EXECUTION_DATE='2023-08-01T00:00:00+00:00' AIRFLOW_CTX_TRY_NUMBER='1' AIRFLOW_CTX_DAG_RUN_ID='scheduled__2023-08-01T00:00:00+00:00'
[2024-07-07T18:38:46.431+0000] {taskinstance.py:430} INFO - ::endgroup::
[2024-07-07T18:38:46.432+0000] {warnings.py:110} WARNING - /home/***/.local/lib/python3.12/site-packages/***/utils/context.py:320: AirflowContextDeprecationWarning: Accessing 'execution_date' from the template is deprecated and will be removed in a future version. Please use 'data_interval_start' or 'logical_date' instead.
  warnings.warn(_create_deprecation_warning(k, replacements))

[2024-07-07T18:38:46.437+0000] {base.py:84} INFO - Using connection ID 'chess_project_s3' for task execution.
[2024-07-07T18:38:47.244+0000] {base.py:84} INFO - Using connection ID 'chess_project_redshift' for task execution.
[2024-07-07T18:38:50.553+0000] {python.py:237} INFO - Done. Returned value was: None
[2024-07-07T18:38:50.553+0000] {taskinstance.py:441} INFO - ::group::Post task execution logs
[2024-07-07T18:38:50.559+0000] {taskinstance.py:1206} INFO - Marking task as SUCCESS. dag_id=chess_etl, task_id=redshift_game_load, run_id=scheduled__2023-08-01T00:00:00+00:00, execution_date=20230801T000000, start_date=20240707T183846, end_date=20240707T183850
[2024-07-07T18:38:50.575+0000] {local_task_job_runner.py:240} INFO - Task exited with return code 0
[2024-07-07T18:38:50.586+0000] {taskinstance.py:3498} INFO - 0 downstream tasks scheduled from follow-on schedule check
[2024-07-07T18:38:50.587+0000] {local_task_job_runner.py:222} INFO - ::endgroup::
[2024-07-08T05:14:36.725+0000] {local_task_job_runner.py:120} INFO - ::group::Pre task execution logs
[2024-07-08T05:14:36.739+0000] {taskinstance.py:2076} INFO - Dependencies all met for dep_context=non-requeueable deps ti=<TaskInstance: chess_etl.redshift_game_load scheduled__2023-08-01T00:00:00+00:00 [queued]>
[2024-07-08T05:14:36.744+0000] {taskinstance.py:2076} INFO - Dependencies all met for dep_context=requeueable deps ti=<TaskInstance: chess_etl.redshift_game_load scheduled__2023-08-01T00:00:00+00:00 [queued]>
[2024-07-08T05:14:36.744+0000] {taskinstance.py:2306} INFO - Starting attempt 1 of 1
[2024-07-08T05:14:36.753+0000] {taskinstance.py:2330} INFO - Executing <Task(PythonOperator): redshift_game_load> on 2023-08-01 00:00:00+00:00
[2024-07-08T05:14:36.761+0000] {warnings.py:110} WARNING - /home/***/.local/lib/python3.12/site-packages/***/task/task_runner/standard_task_runner.py:61: DeprecationWarning: This process (pid=55494) is multi-threaded, use of fork() may lead to deadlocks in the child.
  pid = os.fork()

[2024-07-08T05:14:36.762+0000] {standard_task_runner.py:63} INFO - Started process 55496 to run task
[2024-07-08T05:14:36.762+0000] {standard_task_runner.py:90} INFO - Running: ['***', 'tasks', 'run', 'chess_etl', 'redshift_game_load', 'scheduled__2023-08-01T00:00:00+00:00', '--job-id', '790', '--raw', '--subdir', 'DAGS_FOLDER/chess_dag.py', '--cfg-path', '/tmp/tmpk1dl_wzw']
[2024-07-08T05:14:36.763+0000] {standard_task_runner.py:91} INFO - Job 790: Subtask redshift_game_load
[2024-07-08T05:14:36.796+0000] {task_command.py:426} INFO - Running <TaskInstance: chess_etl.redshift_game_load scheduled__2023-08-01T00:00:00+00:00 [running]> on host 6569f5155f0c
[2024-07-08T05:14:36.858+0000] {taskinstance.py:2648} INFO - Exporting env vars: AIRFLOW_CTX_DAG_OWNER='***' AIRFLOW_CTX_DAG_ID='chess_etl' AIRFLOW_CTX_TASK_ID='redshift_game_load' AIRFLOW_CTX_EXECUTION_DATE='2023-08-01T00:00:00+00:00' AIRFLOW_CTX_TRY_NUMBER='1' AIRFLOW_CTX_DAG_RUN_ID='scheduled__2023-08-01T00:00:00+00:00'
[2024-07-08T05:14:36.859+0000] {taskinstance.py:430} INFO - ::endgroup::
[2024-07-08T05:14:36.860+0000] {warnings.py:110} WARNING - /home/***/.local/lib/python3.12/site-packages/***/utils/context.py:320: AirflowContextDeprecationWarning: Accessing 'execution_date' from the template is deprecated and will be removed in a future version. Please use 'data_interval_start' or 'logical_date' instead.
  warnings.warn(_create_deprecation_warning(k, replacements))

[2024-07-08T05:14:36.866+0000] {base.py:84} INFO - Using connection ID 'chess_project_s3' for task execution.
[2024-07-08T05:14:37.672+0000] {base.py:84} INFO - Using connection ID 'chess_project_redshift' for task execution.
[2024-07-08T05:14:40.383+0000] {python.py:237} INFO - Done. Returned value was: None
[2024-07-08T05:14:40.383+0000] {taskinstance.py:441} INFO - ::group::Post task execution logs
[2024-07-08T05:14:40.390+0000] {taskinstance.py:1206} INFO - Marking task as SUCCESS. dag_id=chess_etl, task_id=redshift_game_load, run_id=scheduled__2023-08-01T00:00:00+00:00, execution_date=20230801T000000, start_date=20240708T051436, end_date=20240708T051440
[2024-07-08T05:14:40.426+0000] {local_task_job_runner.py:240} INFO - Task exited with return code 0
[2024-07-08T05:14:40.445+0000] {taskinstance.py:3498} INFO - 1 downstream tasks scheduled from follow-on schedule check
[2024-07-08T05:14:40.447+0000] {local_task_job_runner.py:222} INFO - ::endgroup::
