[2024-07-07T18:10:47.536+0000] {local_task_job_runner.py:120} INFO - ::group::Pre task execution logs
[2024-07-07T18:10:47.553+0000] {taskinstance.py:2076} INFO - Dependencies all met for dep_context=non-requeueable deps ti=<TaskInstance: chess_etl.redshift_move_load scheduled__2019-08-01T00:00:00+00:00 [queued]>
[2024-07-07T18:10:47.562+0000] {taskinstance.py:2076} INFO - Dependencies all met for dep_context=requeueable deps ti=<TaskInstance: chess_etl.redshift_move_load scheduled__2019-08-01T00:00:00+00:00 [queued]>
[2024-07-07T18:10:47.563+0000] {taskinstance.py:2306} INFO - Starting attempt 1 of 1
[2024-07-07T18:10:47.572+0000] {taskinstance.py:2330} INFO - Executing <Task(PythonOperator): redshift_move_load> on 2019-08-01 00:00:00+00:00
[2024-07-07T18:10:47.577+0000] {warnings.py:110} WARNING - /home/***/.local/lib/python3.12/site-packages/***/task/task_runner/standard_task_runner.py:61: DeprecationWarning: This process (pid=952) is multi-threaded, use of fork() may lead to deadlocks in the child.
  pid = os.fork()

[2024-07-07T18:10:47.578+0000] {standard_task_runner.py:63} INFO - Started process 955 to run task
[2024-07-07T18:10:47.578+0000] {standard_task_runner.py:90} INFO - Running: ['***', 'tasks', 'run', 'chess_etl', 'redshift_move_load', 'scheduled__2019-08-01T00:00:00+00:00', '--job-id', '408', '--pool', 'default_pool', '--raw', '--subdir', 'DAGS_FOLDER/chess_dag.py', '--cfg-path', '/tmp/tmp4kalxj9_']
[2024-07-07T18:10:47.579+0000] {standard_task_runner.py:91} INFO - Job 408: Subtask redshift_move_load
[2024-07-07T18:10:47.613+0000] {task_command.py:426} INFO - Running <TaskInstance: chess_etl.redshift_move_load scheduled__2019-08-01T00:00:00+00:00 [running]> on host cb919e35e0e9
[2024-07-07T18:10:47.673+0000] {taskinstance.py:2648} INFO - Exporting env vars: AIRFLOW_CTX_DAG_OWNER='***' AIRFLOW_CTX_DAG_ID='chess_etl' AIRFLOW_CTX_TASK_ID='redshift_move_load' AIRFLOW_CTX_EXECUTION_DATE='2019-08-01T00:00:00+00:00' AIRFLOW_CTX_TRY_NUMBER='1' AIRFLOW_CTX_DAG_RUN_ID='scheduled__2019-08-01T00:00:00+00:00'
[2024-07-07T18:10:47.674+0000] {taskinstance.py:430} INFO - ::endgroup::
[2024-07-07T18:10:47.675+0000] {warnings.py:110} WARNING - /home/***/.local/lib/python3.12/site-packages/***/utils/context.py:320: AirflowContextDeprecationWarning: Accessing 'execution_date' from the template is deprecated and will be removed in a future version. Please use 'data_interval_start' or 'logical_date' instead.
  warnings.warn(_create_deprecation_warning(k, replacements))

[2024-07-07T18:10:47.680+0000] {base.py:84} INFO - Using connection ID 'chess_project_s3' for task execution.
[2024-07-07T18:10:48.640+0000] {logging_mixin.py:188} INFO - No games for period 2019_08
[2024-07-07T18:10:48.641+0000] {python.py:237} INFO - Done. Returned value was: None
[2024-07-07T18:10:48.641+0000] {taskinstance.py:441} INFO - ::group::Post task execution logs
[2024-07-07T18:10:48.647+0000] {taskinstance.py:1206} INFO - Marking task as SUCCESS. dag_id=chess_etl, task_id=redshift_move_load, run_id=scheduled__2019-08-01T00:00:00+00:00, execution_date=20190801T000000, start_date=20240707T181047, end_date=20240707T181048
[2024-07-07T18:10:48.674+0000] {local_task_job_runner.py:240} INFO - Task exited with return code 0
[2024-07-07T18:10:48.684+0000] {taskinstance.py:3498} INFO - 0 downstream tasks scheduled from follow-on schedule check
[2024-07-07T18:10:48.686+0000] {local_task_job_runner.py:222} INFO - ::endgroup::
[2024-07-07T21:20:31.742+0000] {local_task_job_runner.py:120} INFO - ::group::Pre task execution logs
[2024-07-07T21:20:31.757+0000] {taskinstance.py:2076} INFO - Dependencies all met for dep_context=non-requeueable deps ti=<TaskInstance: chess_etl.redshift_move_load scheduled__2019-08-01T00:00:00+00:00 [queued]>
[2024-07-07T21:20:31.762+0000] {taskinstance.py:2076} INFO - Dependencies all met for dep_context=requeueable deps ti=<TaskInstance: chess_etl.redshift_move_load scheduled__2019-08-01T00:00:00+00:00 [queued]>
[2024-07-07T21:20:31.762+0000] {taskinstance.py:2306} INFO - Starting attempt 1 of 1
[2024-07-07T21:20:31.770+0000] {taskinstance.py:2330} INFO - Executing <Task(PythonOperator): redshift_move_load> on 2019-08-01 00:00:00+00:00
[2024-07-07T21:20:31.776+0000] {warnings.py:110} WARNING - /home/***/.local/lib/python3.12/site-packages/***/task/task_runner/standard_task_runner.py:61: DeprecationWarning: This process (pid=1341) is multi-threaded, use of fork() may lead to deadlocks in the child.
  pid = os.fork()

[2024-07-07T21:20:31.777+0000] {standard_task_runner.py:63} INFO - Started process 1351 to run task
[2024-07-07T21:20:31.777+0000] {standard_task_runner.py:90} INFO - Running: ['***', 'tasks', 'run', 'chess_etl', 'redshift_move_load', 'scheduled__2019-08-01T00:00:00+00:00', '--job-id', '593', '--raw', '--subdir', 'DAGS_FOLDER/chess_dag.py', '--cfg-path', '/tmp/tmps5zumjn4']
[2024-07-07T21:20:31.779+0000] {standard_task_runner.py:91} INFO - Job 593: Subtask redshift_move_load
[2024-07-07T21:20:31.810+0000] {task_command.py:426} INFO - Running <TaskInstance: chess_etl.redshift_move_load scheduled__2019-08-01T00:00:00+00:00 [running]> on host 6569f5155f0c
[2024-07-07T21:20:31.869+0000] {taskinstance.py:2648} INFO - Exporting env vars: AIRFLOW_CTX_DAG_OWNER='***' AIRFLOW_CTX_DAG_ID='chess_etl' AIRFLOW_CTX_TASK_ID='redshift_move_load' AIRFLOW_CTX_EXECUTION_DATE='2019-08-01T00:00:00+00:00' AIRFLOW_CTX_TRY_NUMBER='1' AIRFLOW_CTX_DAG_RUN_ID='scheduled__2019-08-01T00:00:00+00:00'
[2024-07-07T21:20:31.870+0000] {taskinstance.py:430} INFO - ::endgroup::
[2024-07-07T21:20:31.871+0000] {warnings.py:110} WARNING - /home/***/.local/lib/python3.12/site-packages/***/utils/context.py:320: AirflowContextDeprecationWarning: Accessing 'execution_date' from the template is deprecated and will be removed in a future version. Please use 'data_interval_start' or 'logical_date' instead.
  warnings.warn(_create_deprecation_warning(k, replacements))

[2024-07-07T21:20:31.877+0000] {base.py:84} INFO - Using connection ID 'chess_project_s3' for task execution.
[2024-07-07T21:20:32.818+0000] {logging_mixin.py:188} INFO - No games for period 2019_08
[2024-07-07T21:20:32.818+0000] {python.py:237} INFO - Done. Returned value was: None
[2024-07-07T21:20:32.818+0000] {taskinstance.py:441} INFO - ::group::Post task execution logs
[2024-07-07T21:20:32.824+0000] {taskinstance.py:1206} INFO - Marking task as SUCCESS. dag_id=chess_etl, task_id=redshift_move_load, run_id=scheduled__2019-08-01T00:00:00+00:00, execution_date=20190801T000000, start_date=20240707T212031, end_date=20240707T212032
[2024-07-07T21:20:32.873+0000] {local_task_job_runner.py:240} INFO - Task exited with return code 0
[2024-07-07T21:20:32.884+0000] {taskinstance.py:3498} INFO - 0 downstream tasks scheduled from follow-on schedule check
[2024-07-07T21:20:32.885+0000] {local_task_job_runner.py:222} INFO - ::endgroup::
