[2024-07-07T19:02:09.416+0000] {local_task_job_runner.py:120} INFO - ::group::Pre task execution logs
[2024-07-07T19:02:09.433+0000] {taskinstance.py:2076} INFO - Dependencies all met for dep_context=non-requeueable deps ti=<TaskInstance: chess_etl.games_etl backfill__2019-02-01T00:00:00+00:00 [queued]>
[2024-07-07T19:02:09.440+0000] {taskinstance.py:2076} INFO - Dependencies all met for dep_context=requeueable deps ti=<TaskInstance: chess_etl.games_etl backfill__2019-02-01T00:00:00+00:00 [queued]>
[2024-07-07T19:02:09.440+0000] {taskinstance.py:2306} INFO - Starting attempt 1 of 1
[2024-07-07T19:02:09.450+0000] {taskinstance.py:2330} INFO - Executing <Task(PythonOperator): games_etl> on 2019-02-01 00:00:00+00:00
[2024-07-07T19:02:09.456+0000] {warnings.py:110} WARNING - /home/***/.local/lib/python3.12/site-packages/***/task/task_runner/standard_task_runner.py:61: DeprecationWarning: This process (pid=70) is multi-threaded, use of fork() may lead to deadlocks in the child.
  pid = os.fork()

[2024-07-07T19:02:09.458+0000] {standard_task_runner.py:63} INFO - Started process 82 to run task
[2024-07-07T19:02:09.459+0000] {standard_task_runner.py:90} INFO - Running: ['***', 'tasks', 'run', 'chess_etl', 'games_etl', 'backfill__2019-02-01T00:00:00+00:00', '--job-id', '488', '--pool', 'default_pool', '--raw', '--subdir', 'DAGS_FOLDER/chess_dag.py', '--cfg-path', '/tmp/tmp4tbperkp']
[2024-07-07T19:02:09.460+0000] {standard_task_runner.py:91} INFO - Job 488: Subtask games_etl
[2024-07-07T19:02:09.502+0000] {task_command.py:426} INFO - Running <TaskInstance: chess_etl.games_etl backfill__2019-02-01T00:00:00+00:00 [running]> on host 1c777a41c043
[2024-07-07T19:02:09.562+0000] {taskinstance.py:2648} INFO - Exporting env vars: AIRFLOW_CTX_DAG_OWNER='***' AIRFLOW_CTX_DAG_ID='chess_etl' AIRFLOW_CTX_TASK_ID='games_etl' AIRFLOW_CTX_EXECUTION_DATE='2019-02-01T00:00:00+00:00' AIRFLOW_CTX_TRY_NUMBER='1' AIRFLOW_CTX_DAG_RUN_ID='backfill__2019-02-01T00:00:00+00:00'
[2024-07-07T19:02:09.563+0000] {taskinstance.py:430} INFO - ::endgroup::
[2024-07-07T19:02:09.564+0000] {warnings.py:110} WARNING - /home/***/.local/lib/python3.12/site-packages/***/utils/context.py:320: AirflowContextDeprecationWarning: Accessing 'execution_date' from the template is deprecated and will be removed in a future version. Please use 'data_interval_start' or 'logical_date' instead.
  warnings.warn(_create_deprecation_warning(k, replacements))

[2024-07-07T19:02:09.849+0000] {python.py:237} INFO - Done. Returned value was: None
[2024-07-07T19:02:09.850+0000] {taskinstance.py:441} INFO - ::group::Post task execution logs
[2024-07-07T19:02:09.858+0000] {taskinstance.py:1206} INFO - Marking task as SUCCESS. dag_id=chess_etl, task_id=games_etl, run_id=backfill__2019-02-01T00:00:00+00:00, execution_date=20190201T000000, start_date=20240707T190209, end_date=20240707T190209
[2024-07-07T19:02:09.872+0000] {local_task_job_runner.py:240} INFO - Task exited with return code 0
[2024-07-07T19:02:09.885+0000] {taskinstance.py:3498} INFO - 1 downstream tasks scheduled from follow-on schedule check
[2024-07-07T19:02:09.887+0000] {local_task_job_runner.py:222} INFO - ::endgroup::
[2024-07-07T20:29:38.427+0000] {local_task_job_runner.py:120} INFO - ::group::Pre task execution logs
[2024-07-07T20:29:38.442+0000] {taskinstance.py:2076} INFO - Dependencies all met for dep_context=non-requeueable deps ti=<TaskInstance: chess_etl.games_etl backfill__2019-02-01T00:00:00+00:00 [queued]>
[2024-07-07T20:29:38.448+0000] {taskinstance.py:2076} INFO - Dependencies all met for dep_context=requeueable deps ti=<TaskInstance: chess_etl.games_etl backfill__2019-02-01T00:00:00+00:00 [queued]>
[2024-07-07T20:29:38.448+0000] {taskinstance.py:2306} INFO - Starting attempt 1 of 1
[2024-07-07T20:29:38.457+0000] {taskinstance.py:2330} INFO - Executing <Task(PythonOperator): games_etl> on 2019-02-01 00:00:00+00:00
[2024-07-07T20:29:38.461+0000] {warnings.py:110} WARNING - /home/***/.local/lib/python3.12/site-packages/***/task/task_runner/standard_task_runner.py:61: DeprecationWarning: This process (pid=67) is multi-threaded, use of fork() may lead to deadlocks in the child.
  pid = os.fork()

[2024-07-07T20:29:38.463+0000] {standard_task_runner.py:63} INFO - Started process 71 to run task
[2024-07-07T20:29:38.463+0000] {standard_task_runner.py:90} INFO - Running: ['***', 'tasks', 'run', 'chess_etl', 'games_etl', 'backfill__2019-02-01T00:00:00+00:00', '--job-id', '500', '--pool', 'default_pool', '--raw', '--subdir', 'DAGS_FOLDER/chess_dag.py', '--cfg-path', '/tmp/tmp620447kg']
[2024-07-07T20:29:38.464+0000] {standard_task_runner.py:91} INFO - Job 500: Subtask games_etl
[2024-07-07T20:29:38.501+0000] {task_command.py:426} INFO - Running <TaskInstance: chess_etl.games_etl backfill__2019-02-01T00:00:00+00:00 [running]> on host 6569f5155f0c
[2024-07-07T20:29:38.562+0000] {taskinstance.py:2648} INFO - Exporting env vars: AIRFLOW_CTX_DAG_OWNER='***' AIRFLOW_CTX_DAG_ID='chess_etl' AIRFLOW_CTX_TASK_ID='games_etl' AIRFLOW_CTX_EXECUTION_DATE='2019-02-01T00:00:00+00:00' AIRFLOW_CTX_TRY_NUMBER='1' AIRFLOW_CTX_DAG_RUN_ID='backfill__2019-02-01T00:00:00+00:00'
[2024-07-07T20:29:38.563+0000] {taskinstance.py:430} INFO - ::endgroup::
[2024-07-07T20:29:38.564+0000] {warnings.py:110} WARNING - /home/***/.local/lib/python3.12/site-packages/***/utils/context.py:320: AirflowContextDeprecationWarning: Accessing 'execution_date' from the template is deprecated and will be removed in a future version. Please use 'data_interval_start' or 'logical_date' instead.
  warnings.warn(_create_deprecation_warning(k, replacements))

[2024-07-07T20:29:38.817+0000] {python.py:237} INFO - Done. Returned value was: None
[2024-07-07T20:29:38.818+0000] {taskinstance.py:441} INFO - ::group::Post task execution logs
[2024-07-07T20:29:38.824+0000] {taskinstance.py:1206} INFO - Marking task as SUCCESS. dag_id=chess_etl, task_id=games_etl, run_id=backfill__2019-02-01T00:00:00+00:00, execution_date=20190201T000000, start_date=20240707T202938, end_date=20240707T202938
[2024-07-07T20:29:38.877+0000] {local_task_job_runner.py:240} INFO - Task exited with return code 0
[2024-07-07T20:29:38.891+0000] {taskinstance.py:3498} INFO - 1 downstream tasks scheduled from follow-on schedule check
[2024-07-07T20:29:38.892+0000] {local_task_job_runner.py:222} INFO - ::endgroup::
