[2024-06-03T17:39:07.714+0000] {local_task_job_runner.py:120} INFO - ::group::Pre task execution logs
[2024-06-03T17:39:07.728+0000] {taskinstance.py:2076} INFO - Dependencies all met for dep_context=non-requeueable deps ti=<TaskInstance: chess_etl.games_etl scheduled__2021-03-01T00:00:00+00:00 [queued]>
[2024-06-03T17:39:07.734+0000] {taskinstance.py:2076} INFO - Dependencies all met for dep_context=requeueable deps ti=<TaskInstance: chess_etl.games_etl scheduled__2021-03-01T00:00:00+00:00 [queued]>
[2024-06-03T17:39:07.734+0000] {taskinstance.py:2306} INFO - Starting attempt 1 of 1
[2024-06-03T17:39:07.743+0000] {taskinstance.py:2330} INFO - Executing <Task(PythonOperator): games_etl> on 2021-03-01 00:00:00+00:00
[2024-06-03T17:39:07.749+0000] {warnings.py:110} WARNING - /home/***/.local/lib/python3.12/site-packages/***/task/task_runner/standard_task_runner.py:61: DeprecationWarning: This process (pid=198) is multi-threaded, use of fork() may lead to deadlocks in the child.
  pid = os.fork()

[2024-06-03T17:39:07.750+0000] {standard_task_runner.py:63} INFO - Started process 202 to run task
[2024-06-03T17:39:07.750+0000] {standard_task_runner.py:90} INFO - Running: ['***', 'tasks', 'run', 'chess_etl', 'games_etl', 'scheduled__2021-03-01T00:00:00+00:00', '--job-id', '47', '--raw', '--subdir', 'DAGS_FOLDER/chess_dag.py', '--cfg-path', '/tmp/tmp2_q25lth']
[2024-06-03T17:39:07.751+0000] {standard_task_runner.py:91} INFO - Job 47: Subtask games_etl
[2024-06-03T17:39:07.784+0000] {task_command.py:426} INFO - Running <TaskInstance: chess_etl.games_etl scheduled__2021-03-01T00:00:00+00:00 [running]> on host a5a4421409ea
[2024-06-03T17:39:07.844+0000] {taskinstance.py:2648} INFO - Exporting env vars: AIRFLOW_CTX_DAG_OWNER='***' AIRFLOW_CTX_DAG_ID='chess_etl' AIRFLOW_CTX_TASK_ID='games_etl' AIRFLOW_CTX_EXECUTION_DATE='2021-03-01T00:00:00+00:00' AIRFLOW_CTX_TRY_NUMBER='1' AIRFLOW_CTX_DAG_RUN_ID='scheduled__2021-03-01T00:00:00+00:00'
[2024-06-03T17:39:07.845+0000] {taskinstance.py:430} INFO - ::endgroup::
[2024-06-03T17:39:07.845+0000] {warnings.py:110} WARNING - /home/***/.local/lib/python3.12/site-packages/***/utils/context.py:320: AirflowContextDeprecationWarning: Accessing 'execution_date' from the template is deprecated and will be removed in a future version. Please use 'data_interval_start' or 'logical_date' instead.
  warnings.warn(_create_deprecation_warning(k, replacements))

[2024-06-03T17:39:08.507+0000] {taskinstance.py:441} INFO - ::group::Post task execution logs
[2024-06-03T17:39:08.512+0000] {taskinstance.py:2905} ERROR - Task failed with exception
Traceback (most recent call last):
  File "/home/airflow/.local/lib/python3.12/site-packages/airflow/models/taskinstance.py", line 465, in _execute_task
    result = _execute_callable(context=context, **execute_callable_kwargs)
             ^^^^^^^^^^^^^^^^^^^^^^^^^^^^^^^^^^^^^^^^^^^^^^^^^^^^^^^^^^^^^
  File "/home/airflow/.local/lib/python3.12/site-packages/airflow/models/taskinstance.py", line 432, in _execute_callable
    return execute_callable(context=context, **execute_callable_kwargs)
           ^^^^^^^^^^^^^^^^^^^^^^^^^^^^^^^^^^^^^^^^^^^^^^^^^^^^^^^^^^^^
  File "/home/airflow/.local/lib/python3.12/site-packages/airflow/models/baseoperator.py", line 400, in wrapper
    return func(self, *args, **kwargs)
           ^^^^^^^^^^^^^^^^^^^^^^^^^^^
  File "/home/airflow/.local/lib/python3.12/site-packages/airflow/operators/python.py", line 235, in execute
    return_value = self.execute_callable()
                   ^^^^^^^^^^^^^^^^^^^^^^^
  File "/home/airflow/.local/lib/python3.12/site-packages/airflow/operators/python.py", line 252, in execute_callable
    return self.python_callable(*self.op_args, **self.op_kwargs)
           ^^^^^^^^^^^^^^^^^^^^^^^^^^^^^^^^^^^^^^^^^^^^^^^^^^^^^
  File "/opt/airflow/dags/chess_dag.py", line 19, in games_etl_task
    return get_monthly_games(execution_date)
           ^^^^^^^^^^^^^^^^^^^^^^^^^^^^^^^^^
  File "/opt/airflow/dags/chess_etl_code.py", line 60, in get_monthly_games
    connection = BaseHook.get_connection('chess_project_s3')
                 ^^^^^^^^^^^^^^^^^^^^^^^^^^^^^^^^^^^^^^^^^^^
  File "/home/airflow/.local/lib/python3.12/site-packages/airflow/hooks/base.py", line 83, in get_connection
    conn = Connection.get_connection_from_secrets(conn_id)
           ^^^^^^^^^^^^^^^^^^^^^^^^^^^^^^^^^^^^^^^^^^^^^^^
  File "/home/airflow/.local/lib/python3.12/site-packages/airflow/models/connection.py", line 519, in get_connection_from_secrets
    raise AirflowNotFoundException(f"The conn_id `{conn_id}` isn't defined")
airflow.exceptions.AirflowNotFoundException: The conn_id `chess_project_s3` isn't defined
[2024-06-03T17:39:08.518+0000] {taskinstance.py:1206} INFO - Marking task as FAILED. dag_id=chess_etl, task_id=games_etl, run_id=scheduled__2021-03-01T00:00:00+00:00, execution_date=20210301T000000, start_date=20240603T173907, end_date=20240603T173908
[2024-06-03T17:39:08.525+0000] {standard_task_runner.py:110} ERROR - Failed to execute job 47 for task games_etl (The conn_id `chess_project_s3` isn't defined; 202)
[2024-06-03T17:39:08.565+0000] {local_task_job_runner.py:240} INFO - Task exited with return code 1
[2024-06-03T17:39:08.578+0000] {taskinstance.py:3498} INFO - 0 downstream tasks scheduled from follow-on schedule check
[2024-06-03T17:39:08.581+0000] {local_task_job_runner.py:222} INFO - ::endgroup::
[2024-06-03T21:53:07.571+0000] {local_task_job_runner.py:120} INFO - ::group::Pre task execution logs
[2024-06-03T21:53:07.586+0000] {taskinstance.py:2076} INFO - Dependencies all met for dep_context=non-requeueable deps ti=<TaskInstance: chess_etl.games_etl scheduled__2021-03-01T00:00:00+00:00 [queued]>
[2024-06-03T21:53:07.591+0000] {taskinstance.py:2076} INFO - Dependencies all met for dep_context=requeueable deps ti=<TaskInstance: chess_etl.games_etl scheduled__2021-03-01T00:00:00+00:00 [queued]>
[2024-06-03T21:53:07.592+0000] {taskinstance.py:2306} INFO - Starting attempt 1 of 1
[2024-06-03T21:53:07.603+0000] {taskinstance.py:2330} INFO - Executing <Task(PythonOperator): games_etl> on 2021-03-01 00:00:00+00:00
[2024-06-03T21:53:07.611+0000] {warnings.py:110} WARNING - /home/***/.local/lib/python3.12/site-packages/***/task/task_runner/standard_task_runner.py:61: DeprecationWarning: This process (pid=26822) is multi-threaded, use of fork() may lead to deadlocks in the child.
  pid = os.fork()

[2024-06-03T21:53:07.612+0000] {standard_task_runner.py:90} INFO - Running: ['***', 'tasks', 'run', 'chess_etl', 'games_etl', 'scheduled__2021-03-01T00:00:00+00:00', '--job-id', '116', '--raw', '--subdir', 'DAGS_FOLDER/chess_dag.py', '--cfg-path', '/tmp/tmpi0gi7g1f']
[2024-06-03T21:53:07.612+0000] {standard_task_runner.py:63} INFO - Started process 26832 to run task
[2024-06-03T21:53:07.613+0000] {standard_task_runner.py:91} INFO - Job 116: Subtask games_etl
[2024-06-03T21:53:07.644+0000] {task_command.py:426} INFO - Running <TaskInstance: chess_etl.games_etl scheduled__2021-03-01T00:00:00+00:00 [running]> on host f55fff24b127
[2024-06-03T21:53:07.719+0000] {taskinstance.py:2648} INFO - Exporting env vars: AIRFLOW_CTX_DAG_OWNER='***' AIRFLOW_CTX_DAG_ID='chess_etl' AIRFLOW_CTX_TASK_ID='games_etl' AIRFLOW_CTX_EXECUTION_DATE='2021-03-01T00:00:00+00:00' AIRFLOW_CTX_TRY_NUMBER='1' AIRFLOW_CTX_DAG_RUN_ID='scheduled__2021-03-01T00:00:00+00:00'
[2024-06-03T21:53:07.720+0000] {taskinstance.py:430} INFO - ::endgroup::
[2024-06-03T21:53:07.721+0000] {warnings.py:110} WARNING - /home/***/.local/lib/python3.12/site-packages/***/utils/context.py:320: AirflowContextDeprecationWarning: Accessing 'execution_date' from the template is deprecated and will be removed in a future version. Please use 'data_interval_start' or 'logical_date' instead.
  warnings.warn(_create_deprecation_warning(k, replacements))

[2024-06-03T21:53:08.337+0000] {base.py:84} INFO - Using connection ID 'chess_project_s3' for task execution.
[2024-06-03T21:53:09.086+0000] {python.py:237} INFO - Done. Returned value was: None
[2024-06-03T21:53:09.086+0000] {taskinstance.py:441} INFO - ::group::Post task execution logs
[2024-06-03T21:53:09.094+0000] {taskinstance.py:1206} INFO - Marking task as SUCCESS. dag_id=chess_etl, task_id=games_etl, run_id=scheduled__2021-03-01T00:00:00+00:00, execution_date=20210301T000000, start_date=20240603T215307, end_date=20240603T215309
[2024-06-03T21:53:09.150+0000] {local_task_job_runner.py:240} INFO - Task exited with return code 0
[2024-06-03T21:53:09.166+0000] {taskinstance.py:3498} INFO - 1 downstream tasks scheduled from follow-on schedule check
[2024-06-03T21:53:09.167+0000] {local_task_job_runner.py:222} INFO - ::endgroup::
[2024-06-08T19:12:37.887+0000] {local_task_job_runner.py:120} INFO - ::group::Pre task execution logs
[2024-06-08T19:12:37.901+0000] {taskinstance.py:2076} INFO - Dependencies all met for dep_context=non-requeueable deps ti=<TaskInstance: chess_etl.games_etl scheduled__2021-03-01T00:00:00+00:00 [queued]>
[2024-06-08T19:12:37.907+0000] {taskinstance.py:2076} INFO - Dependencies all met for dep_context=requeueable deps ti=<TaskInstance: chess_etl.games_etl scheduled__2021-03-01T00:00:00+00:00 [queued]>
[2024-06-08T19:12:37.907+0000] {taskinstance.py:2306} INFO - Starting attempt 1 of 1
[2024-06-08T19:12:37.918+0000] {taskinstance.py:2330} INFO - Executing <Task(PythonOperator): games_etl> on 2021-03-01 00:00:00+00:00
[2024-06-08T19:12:37.925+0000] {warnings.py:110} WARNING - /home/***/.local/lib/python3.12/site-packages/***/task/task_runner/standard_task_runner.py:61: DeprecationWarning: This process (pid=26437) is multi-threaded, use of fork() may lead to deadlocks in the child.
  pid = os.fork()

[2024-06-08T19:12:37.927+0000] {standard_task_runner.py:63} INFO - Started process 26447 to run task
[2024-06-08T19:12:37.927+0000] {standard_task_runner.py:90} INFO - Running: ['***', 'tasks', 'run', 'chess_etl', 'games_etl', 'scheduled__2021-03-01T00:00:00+00:00', '--job-id', '292', '--raw', '--subdir', 'DAGS_FOLDER/chess_dag.py', '--cfg-path', '/tmp/tmpb13ols_x']
[2024-06-08T19:12:37.928+0000] {standard_task_runner.py:91} INFO - Job 292: Subtask games_etl
[2024-06-08T19:12:37.966+0000] {task_command.py:426} INFO - Running <TaskInstance: chess_etl.games_etl scheduled__2021-03-01T00:00:00+00:00 [running]> on host bf0ade909435
[2024-06-08T19:12:38.032+0000] {taskinstance.py:2648} INFO - Exporting env vars: AIRFLOW_CTX_DAG_OWNER='***' AIRFLOW_CTX_DAG_ID='chess_etl' AIRFLOW_CTX_TASK_ID='games_etl' AIRFLOW_CTX_EXECUTION_DATE='2021-03-01T00:00:00+00:00' AIRFLOW_CTX_TRY_NUMBER='1' AIRFLOW_CTX_DAG_RUN_ID='scheduled__2021-03-01T00:00:00+00:00'
[2024-06-08T19:12:38.034+0000] {taskinstance.py:430} INFO - ::endgroup::
[2024-06-08T19:12:38.035+0000] {warnings.py:110} WARNING - /home/***/.local/lib/python3.12/site-packages/***/utils/context.py:320: AirflowContextDeprecationWarning: Accessing 'execution_date' from the template is deprecated and will be removed in a future version. Please use 'data_interval_start' or 'logical_date' instead.
  warnings.warn(_create_deprecation_warning(k, replacements))

[2024-06-08T19:12:38.674+0000] {base.py:84} INFO - Using connection ID 'chess_project_s3' for task execution.
[2024-06-08T19:12:39.398+0000] {python.py:237} INFO - Done. Returned value was: None
[2024-06-08T19:12:39.399+0000] {taskinstance.py:441} INFO - ::group::Post task execution logs
[2024-06-08T19:12:39.407+0000] {taskinstance.py:1206} INFO - Marking task as SUCCESS. dag_id=chess_etl, task_id=games_etl, run_id=scheduled__2021-03-01T00:00:00+00:00, execution_date=20210301T000000, start_date=20240608T191237, end_date=20240608T191239
[2024-06-08T19:12:39.464+0000] {local_task_job_runner.py:240} INFO - Task exited with return code 0
[2024-06-08T19:12:39.485+0000] {taskinstance.py:3498} INFO - 1 downstream tasks scheduled from follow-on schedule check
[2024-06-08T19:12:39.487+0000] {local_task_job_runner.py:222} INFO - ::endgroup::
[2024-07-08T01:18:11.991+0000] {local_task_job_runner.py:120} INFO - ::group::Pre task execution logs
[2024-07-08T01:18:12.008+0000] {taskinstance.py:2076} INFO - Dependencies all met for dep_context=non-requeueable deps ti=<TaskInstance: chess_etl.games_etl scheduled__2021-03-01T00:00:00+00:00 [queued]>
[2024-07-08T01:18:12.015+0000] {taskinstance.py:2076} INFO - Dependencies all met for dep_context=requeueable deps ti=<TaskInstance: chess_etl.games_etl scheduled__2021-03-01T00:00:00+00:00 [queued]>
[2024-07-08T01:18:12.016+0000] {taskinstance.py:2306} INFO - Starting attempt 1 of 1
[2024-07-08T01:18:12.026+0000] {taskinstance.py:2330} INFO - Executing <Task(PythonOperator): games_etl> on 2021-03-01 00:00:00+00:00
[2024-07-08T01:18:12.034+0000] {warnings.py:110} WARNING - /home/***/.local/lib/python3.12/site-packages/***/task/task_runner/standard_task_runner.py:61: DeprecationWarning: This process (pid=28038) is multi-threaded, use of fork() may lead to deadlocks in the child.
  pid = os.fork()

[2024-07-08T01:18:12.036+0000] {standard_task_runner.py:63} INFO - Started process 28040 to run task
[2024-07-08T01:18:12.036+0000] {standard_task_runner.py:90} INFO - Running: ['***', 'tasks', 'run', 'chess_etl', 'games_etl', 'scheduled__2021-03-01T00:00:00+00:00', '--job-id', '660', '--raw', '--subdir', 'DAGS_FOLDER/chess_dag.py', '--cfg-path', '/tmp/tmp8gqrgb_w']
[2024-07-08T01:18:12.037+0000] {standard_task_runner.py:91} INFO - Job 660: Subtask games_etl
[2024-07-08T01:18:12.073+0000] {task_command.py:426} INFO - Running <TaskInstance: chess_etl.games_etl scheduled__2021-03-01T00:00:00+00:00 [running]> on host 6569f5155f0c
[2024-07-08T01:18:12.139+0000] {taskinstance.py:2648} INFO - Exporting env vars: AIRFLOW_CTX_DAG_OWNER='***' AIRFLOW_CTX_DAG_ID='chess_etl' AIRFLOW_CTX_TASK_ID='games_etl' AIRFLOW_CTX_EXECUTION_DATE='2021-03-01T00:00:00+00:00' AIRFLOW_CTX_TRY_NUMBER='1' AIRFLOW_CTX_DAG_RUN_ID='scheduled__2021-03-01T00:00:00+00:00'
[2024-07-08T01:18:12.140+0000] {taskinstance.py:430} INFO - ::endgroup::
[2024-07-08T01:18:12.141+0000] {warnings.py:110} WARNING - /home/***/.local/lib/python3.12/site-packages/***/utils/context.py:320: AirflowContextDeprecationWarning: Accessing 'execution_date' from the template is deprecated and will be removed in a future version. Please use 'data_interval_start' or 'logical_date' instead.
  warnings.warn(_create_deprecation_warning(k, replacements))

[2024-07-08T01:18:12.761+0000] {base.py:84} INFO - Using connection ID 'chess_project_s3' for task execution.
[2024-07-08T01:18:13.440+0000] {python.py:237} INFO - Done. Returned value was: None
[2024-07-08T01:18:13.441+0000] {taskinstance.py:441} INFO - ::group::Post task execution logs
[2024-07-08T01:18:13.448+0000] {taskinstance.py:1206} INFO - Marking task as SUCCESS. dag_id=chess_etl, task_id=games_etl, run_id=scheduled__2021-03-01T00:00:00+00:00, execution_date=20210301T000000, start_date=20240708T011812, end_date=20240708T011813
[2024-07-08T01:18:13.493+0000] {local_task_job_runner.py:240} INFO - Task exited with return code 0
[2024-07-08T01:18:13.512+0000] {taskinstance.py:3498} INFO - 1 downstream tasks scheduled from follow-on schedule check
[2024-07-08T01:18:13.513+0000] {local_task_job_runner.py:222} INFO - ::endgroup::
