[2024-07-07T18:10:37.677+0000] {local_task_job_runner.py:120} INFO - ::group::Pre task execution logs
[2024-07-07T18:10:37.693+0000] {taskinstance.py:2076} INFO - Dependencies all met for dep_context=non-requeueable deps ti=<TaskInstance: chess_etl.redshift_game_load scheduled__2019-07-01T00:00:00+00:00 [queued]>
[2024-07-07T18:10:37.701+0000] {taskinstance.py:2076} INFO - Dependencies all met for dep_context=requeueable deps ti=<TaskInstance: chess_etl.redshift_game_load scheduled__2019-07-01T00:00:00+00:00 [queued]>
[2024-07-07T18:10:37.702+0000] {taskinstance.py:2306} INFO - Starting attempt 1 of 1
[2024-07-07T18:10:37.712+0000] {taskinstance.py:2330} INFO - Executing <Task(PythonOperator): redshift_game_load> on 2019-07-01 00:00:00+00:00
[2024-07-07T18:10:37.717+0000] {warnings.py:110} WARNING - /home/***/.local/lib/python3.12/site-packages/***/task/task_runner/standard_task_runner.py:61: DeprecationWarning: This process (pid=942) is multi-threaded, use of fork() may lead to deadlocks in the child.
  pid = os.fork()

[2024-07-07T18:10:37.719+0000] {standard_task_runner.py:63} INFO - Started process 946 to run task
[2024-07-07T18:10:37.719+0000] {standard_task_runner.py:90} INFO - Running: ['***', 'tasks', 'run', 'chess_etl', 'redshift_game_load', 'scheduled__2019-07-01T00:00:00+00:00', '--job-id', '407', '--pool', 'default_pool', '--raw', '--subdir', 'DAGS_FOLDER/chess_dag.py', '--cfg-path', '/tmp/tmpvpd_toub']
[2024-07-07T18:10:37.720+0000] {standard_task_runner.py:91} INFO - Job 407: Subtask redshift_game_load
[2024-07-07T18:10:37.753+0000] {task_command.py:426} INFO - Running <TaskInstance: chess_etl.redshift_game_load scheduled__2019-07-01T00:00:00+00:00 [running]> on host cb919e35e0e9
[2024-07-07T18:10:37.812+0000] {taskinstance.py:2648} INFO - Exporting env vars: AIRFLOW_CTX_DAG_OWNER='***' AIRFLOW_CTX_DAG_ID='chess_etl' AIRFLOW_CTX_TASK_ID='redshift_game_load' AIRFLOW_CTX_EXECUTION_DATE='2019-07-01T00:00:00+00:00' AIRFLOW_CTX_TRY_NUMBER='1' AIRFLOW_CTX_DAG_RUN_ID='scheduled__2019-07-01T00:00:00+00:00'
[2024-07-07T18:10:37.813+0000] {taskinstance.py:430} INFO - ::endgroup::
[2024-07-07T18:10:37.813+0000] {warnings.py:110} WARNING - /home/***/.local/lib/python3.12/site-packages/***/utils/context.py:320: AirflowContextDeprecationWarning: Accessing 'execution_date' from the template is deprecated and will be removed in a future version. Please use 'data_interval_start' or 'logical_date' instead.
  warnings.warn(_create_deprecation_warning(k, replacements))

[2024-07-07T18:10:37.820+0000] {base.py:84} INFO - Using connection ID 'chess_project_s3' for task execution.
[2024-07-07T18:10:38.786+0000] {logging_mixin.py:188} INFO - No games for period 2019_07
[2024-07-07T18:10:38.787+0000] {python.py:237} INFO - Done. Returned value was: None
[2024-07-07T18:10:38.787+0000] {taskinstance.py:441} INFO - ::group::Post task execution logs
[2024-07-07T18:10:38.796+0000] {taskinstance.py:1206} INFO - Marking task as SUCCESS. dag_id=chess_etl, task_id=redshift_game_load, run_id=scheduled__2019-07-01T00:00:00+00:00, execution_date=20190701T000000, start_date=20240707T181037, end_date=20240707T181038
[2024-07-07T18:10:38.814+0000] {local_task_job_runner.py:240} INFO - Task exited with return code 0
[2024-07-07T18:10:38.833+0000] {taskinstance.py:3498} INFO - 1 downstream tasks scheduled from follow-on schedule check
[2024-07-07T18:10:38.834+0000] {local_task_job_runner.py:222} INFO - ::endgroup::
[2024-07-07T21:20:18.198+0000] {local_task_job_runner.py:120} INFO - ::group::Pre task execution logs
[2024-07-07T21:20:18.212+0000] {taskinstance.py:2076} INFO - Dependencies all met for dep_context=non-requeueable deps ti=<TaskInstance: chess_etl.redshift_game_load scheduled__2019-07-01T00:00:00+00:00 [queued]>
[2024-07-07T21:20:18.218+0000] {taskinstance.py:2076} INFO - Dependencies all met for dep_context=requeueable deps ti=<TaskInstance: chess_etl.redshift_game_load scheduled__2019-07-01T00:00:00+00:00 [queued]>
[2024-07-07T21:20:18.218+0000] {taskinstance.py:2306} INFO - Starting attempt 1 of 1
[2024-07-07T21:20:18.228+0000] {taskinstance.py:2330} INFO - Executing <Task(PythonOperator): redshift_game_load> on 2019-07-01 00:00:00+00:00
[2024-07-07T21:20:18.234+0000] {warnings.py:110} WARNING - /home/***/.local/lib/python3.12/site-packages/***/task/task_runner/standard_task_runner.py:61: DeprecationWarning: This process (pid=1292) is multi-threaded, use of fork() may lead to deadlocks in the child.
  pid = os.fork()

[2024-07-07T21:20:18.235+0000] {standard_task_runner.py:63} INFO - Started process 1295 to run task
[2024-07-07T21:20:18.235+0000] {standard_task_runner.py:90} INFO - Running: ['***', 'tasks', 'run', 'chess_etl', 'redshift_game_load', 'scheduled__2019-07-01T00:00:00+00:00', '--job-id', '582', '--raw', '--subdir', 'DAGS_FOLDER/chess_dag.py', '--cfg-path', '/tmp/tmp8gsbz3ch']
[2024-07-07T21:20:18.236+0000] {standard_task_runner.py:91} INFO - Job 582: Subtask redshift_game_load
[2024-07-07T21:20:18.272+0000] {task_command.py:426} INFO - Running <TaskInstance: chess_etl.redshift_game_load scheduled__2019-07-01T00:00:00+00:00 [running]> on host 6569f5155f0c
[2024-07-07T21:20:18.336+0000] {taskinstance.py:2648} INFO - Exporting env vars: AIRFLOW_CTX_DAG_OWNER='***' AIRFLOW_CTX_DAG_ID='chess_etl' AIRFLOW_CTX_TASK_ID='redshift_game_load' AIRFLOW_CTX_EXECUTION_DATE='2019-07-01T00:00:00+00:00' AIRFLOW_CTX_TRY_NUMBER='1' AIRFLOW_CTX_DAG_RUN_ID='scheduled__2019-07-01T00:00:00+00:00'
[2024-07-07T21:20:18.337+0000] {taskinstance.py:430} INFO - ::endgroup::
[2024-07-07T21:20:18.338+0000] {warnings.py:110} WARNING - /home/***/.local/lib/python3.12/site-packages/***/utils/context.py:320: AirflowContextDeprecationWarning: Accessing 'execution_date' from the template is deprecated and will be removed in a future version. Please use 'data_interval_start' or 'logical_date' instead.
  warnings.warn(_create_deprecation_warning(k, replacements))

[2024-07-07T21:20:18.345+0000] {base.py:84} INFO - Using connection ID 'chess_project_s3' for task execution.
[2024-07-07T21:20:19.175+0000] {logging_mixin.py:188} INFO - No games for period 2019_07
[2024-07-07T21:20:19.175+0000] {python.py:237} INFO - Done. Returned value was: None
[2024-07-07T21:20:19.176+0000] {taskinstance.py:441} INFO - ::group::Post task execution logs
[2024-07-07T21:20:19.182+0000] {taskinstance.py:1206} INFO - Marking task as SUCCESS. dag_id=chess_etl, task_id=redshift_game_load, run_id=scheduled__2019-07-01T00:00:00+00:00, execution_date=20190701T000000, start_date=20240707T212018, end_date=20240707T212019
[2024-07-07T21:20:19.211+0000] {local_task_job_runner.py:240} INFO - Task exited with return code 0
[2024-07-07T21:20:19.227+0000] {taskinstance.py:3498} INFO - 1 downstream tasks scheduled from follow-on schedule check
[2024-07-07T21:20:19.228+0000] {local_task_job_runner.py:222} INFO - ::endgroup::
