[2024-06-04T01:48:28.635+0000] {local_task_job_runner.py:120} INFO - ::group::Pre task execution logs
[2024-06-04T01:48:28.651+0000] {taskinstance.py:2076} INFO - Dependencies all met for dep_context=non-requeueable deps ti=<TaskInstance: chess_etl.games_etl scheduled__2023-11-01T00:00:00+00:00 [queued]>
[2024-06-04T01:48:28.656+0000] {taskinstance.py:2076} INFO - Dependencies all met for dep_context=requeueable deps ti=<TaskInstance: chess_etl.games_etl scheduled__2023-11-01T00:00:00+00:00 [queued]>
[2024-06-04T01:48:28.656+0000] {taskinstance.py:2306} INFO - Starting attempt 1 of 1
[2024-06-04T01:48:28.665+0000] {taskinstance.py:2330} INFO - Executing <Task(PythonOperator): games_etl> on 2023-11-01 00:00:00+00:00
[2024-06-04T01:48:28.672+0000] {warnings.py:110} WARNING - /home/***/.local/lib/python3.12/site-packages/***/task/task_runner/standard_task_runner.py:61: DeprecationWarning: This process (pid=53424) is multi-threaded, use of fork() may lead to deadlocks in the child.
  pid = os.fork()

[2024-06-04T01:48:28.674+0000] {standard_task_runner.py:63} INFO - Started process 53426 to run task
[2024-06-04T01:48:28.674+0000] {standard_task_runner.py:90} INFO - Running: ['***', 'tasks', 'run', 'chess_etl', 'games_etl', 'scheduled__2023-11-01T00:00:00+00:00', '--job-id', '180', '--raw', '--subdir', 'DAGS_FOLDER/chess_dag.py', '--cfg-path', '/tmp/tmpwyvgutki']
[2024-06-04T01:48:28.675+0000] {standard_task_runner.py:91} INFO - Job 180: Subtask games_etl
[2024-06-04T01:48:28.709+0000] {task_command.py:426} INFO - Running <TaskInstance: chess_etl.games_etl scheduled__2023-11-01T00:00:00+00:00 [running]> on host f55fff24b127
[2024-06-04T01:48:28.777+0000] {taskinstance.py:2648} INFO - Exporting env vars: AIRFLOW_CTX_DAG_OWNER='***' AIRFLOW_CTX_DAG_ID='chess_etl' AIRFLOW_CTX_TASK_ID='games_etl' AIRFLOW_CTX_EXECUTION_DATE='2023-11-01T00:00:00+00:00' AIRFLOW_CTX_TRY_NUMBER='1' AIRFLOW_CTX_DAG_RUN_ID='scheduled__2023-11-01T00:00:00+00:00'
[2024-06-04T01:48:28.779+0000] {taskinstance.py:430} INFO - ::endgroup::
[2024-06-04T01:48:28.780+0000] {warnings.py:110} WARNING - /home/***/.local/lib/python3.12/site-packages/***/utils/context.py:320: AirflowContextDeprecationWarning: Accessing 'execution_date' from the template is deprecated and will be removed in a future version. Please use 'data_interval_start' or 'logical_date' instead.
  warnings.warn(_create_deprecation_warning(k, replacements))

[2024-06-04T01:48:29.256+0000] {base.py:84} INFO - Using connection ID 'chess_project_s3' for task execution.
[2024-06-04T01:48:29.854+0000] {python.py:237} INFO - Done. Returned value was: None
[2024-06-04T01:48:29.855+0000] {taskinstance.py:441} INFO - ::group::Post task execution logs
[2024-06-04T01:48:29.863+0000] {taskinstance.py:1206} INFO - Marking task as SUCCESS. dag_id=chess_etl, task_id=games_etl, run_id=scheduled__2023-11-01T00:00:00+00:00, execution_date=20231101T000000, start_date=20240604T014828, end_date=20240604T014829
[2024-06-04T01:48:29.891+0000] {local_task_job_runner.py:240} INFO - Task exited with return code 0
[2024-06-04T01:48:29.906+0000] {taskinstance.py:3498} INFO - 1 downstream tasks scheduled from follow-on schedule check
[2024-06-04T01:48:29.908+0000] {local_task_job_runner.py:222} INFO - ::endgroup::
[2024-06-08T23:41:21.131+0000] {local_task_job_runner.py:120} INFO - ::group::Pre task execution logs
[2024-06-08T23:41:21.148+0000] {taskinstance.py:2076} INFO - Dependencies all met for dep_context=non-requeueable deps ti=<TaskInstance: chess_etl.games_etl scheduled__2023-11-01T00:00:00+00:00 [queued]>
[2024-06-08T23:41:21.155+0000] {taskinstance.py:2076} INFO - Dependencies all met for dep_context=requeueable deps ti=<TaskInstance: chess_etl.games_etl scheduled__2023-11-01T00:00:00+00:00 [queued]>
[2024-06-08T23:41:21.155+0000] {taskinstance.py:2306} INFO - Starting attempt 1 of 1
[2024-06-08T23:41:21.166+0000] {taskinstance.py:2330} INFO - Executing <Task(PythonOperator): games_etl> on 2023-11-01 00:00:00+00:00
[2024-06-08T23:41:21.173+0000] {warnings.py:110} WARNING - /home/***/.local/lib/python3.12/site-packages/***/task/task_runner/standard_task_runner.py:61: DeprecationWarning: This process (pid=54121) is multi-threaded, use of fork() may lead to deadlocks in the child.
  pid = os.fork()

[2024-06-08T23:41:21.175+0000] {standard_task_runner.py:63} INFO - Started process 54123 to run task
[2024-06-08T23:41:21.175+0000] {standard_task_runner.py:90} INFO - Running: ['***', 'tasks', 'run', 'chess_etl', 'games_etl', 'scheduled__2023-11-01T00:00:00+00:00', '--job-id', '356', '--raw', '--subdir', 'DAGS_FOLDER/chess_dag.py', '--cfg-path', '/tmp/tmp29ow18x2']
[2024-06-08T23:41:21.176+0000] {standard_task_runner.py:91} INFO - Job 356: Subtask games_etl
[2024-06-08T23:41:21.216+0000] {task_command.py:426} INFO - Running <TaskInstance: chess_etl.games_etl scheduled__2023-11-01T00:00:00+00:00 [running]> on host bf0ade909435
[2024-06-08T23:41:21.288+0000] {taskinstance.py:2648} INFO - Exporting env vars: AIRFLOW_CTX_DAG_OWNER='***' AIRFLOW_CTX_DAG_ID='chess_etl' AIRFLOW_CTX_TASK_ID='games_etl' AIRFLOW_CTX_EXECUTION_DATE='2023-11-01T00:00:00+00:00' AIRFLOW_CTX_TRY_NUMBER='1' AIRFLOW_CTX_DAG_RUN_ID='scheduled__2023-11-01T00:00:00+00:00'
[2024-06-08T23:41:21.289+0000] {taskinstance.py:430} INFO - ::endgroup::
[2024-06-08T23:41:21.290+0000] {warnings.py:110} WARNING - /home/***/.local/lib/python3.12/site-packages/***/utils/context.py:320: AirflowContextDeprecationWarning: Accessing 'execution_date' from the template is deprecated and will be removed in a future version. Please use 'data_interval_start' or 'logical_date' instead.
  warnings.warn(_create_deprecation_warning(k, replacements))

[2024-06-08T23:41:21.728+0000] {base.py:84} INFO - Using connection ID 'chess_project_s3' for task execution.
[2024-06-08T23:41:22.342+0000] {python.py:237} INFO - Done. Returned value was: None
[2024-06-08T23:41:22.343+0000] {taskinstance.py:441} INFO - ::group::Post task execution logs
[2024-06-08T23:41:22.349+0000] {taskinstance.py:1206} INFO - Marking task as SUCCESS. dag_id=chess_etl, task_id=games_etl, run_id=scheduled__2023-11-01T00:00:00+00:00, execution_date=20231101T000000, start_date=20240608T234121, end_date=20240608T234122
[2024-06-08T23:41:22.391+0000] {local_task_job_runner.py:240} INFO - Task exited with return code 0
[2024-06-08T23:41:22.397+0000] {local_task_job_runner.py:222} INFO - ::endgroup::
[2024-07-08T05:09:37.705+0000] {local_task_job_runner.py:120} INFO - ::group::Pre task execution logs
[2024-07-08T05:09:37.719+0000] {taskinstance.py:2076} INFO - Dependencies all met for dep_context=non-requeueable deps ti=<TaskInstance: chess_etl.games_etl scheduled__2023-11-01T00:00:00+00:00 [queued]>
[2024-07-08T05:09:37.725+0000] {taskinstance.py:2076} INFO - Dependencies all met for dep_context=requeueable deps ti=<TaskInstance: chess_etl.games_etl scheduled__2023-11-01T00:00:00+00:00 [queued]>
[2024-07-08T05:09:37.725+0000] {taskinstance.py:2306} INFO - Starting attempt 1 of 1
[2024-07-08T05:09:37.734+0000] {taskinstance.py:2330} INFO - Executing <Task(PythonOperator): games_etl> on 2023-11-01 00:00:00+00:00
[2024-07-08T05:09:37.741+0000] {warnings.py:110} WARNING - /home/***/.local/lib/python3.12/site-packages/***/task/task_runner/standard_task_runner.py:61: DeprecationWarning: This process (pid=54957) is multi-threaded, use of fork() may lead to deadlocks in the child.
  pid = os.fork()

[2024-07-08T05:09:37.742+0000] {standard_task_runner.py:63} INFO - Started process 54959 to run task
[2024-07-08T05:09:37.743+0000] {standard_task_runner.py:90} INFO - Running: ['***', 'tasks', 'run', 'chess_etl', 'games_etl', 'scheduled__2023-11-01T00:00:00+00:00', '--job-id', '788', '--raw', '--subdir', 'DAGS_FOLDER/chess_dag.py', '--cfg-path', '/tmp/tmppvwwggp0']
[2024-07-08T05:09:37.743+0000] {standard_task_runner.py:91} INFO - Job 788: Subtask games_etl
[2024-07-08T05:09:37.775+0000] {task_command.py:426} INFO - Running <TaskInstance: chess_etl.games_etl scheduled__2023-11-01T00:00:00+00:00 [running]> on host 6569f5155f0c
[2024-07-08T05:09:37.834+0000] {taskinstance.py:2648} INFO - Exporting env vars: AIRFLOW_CTX_DAG_OWNER='***' AIRFLOW_CTX_DAG_ID='chess_etl' AIRFLOW_CTX_TASK_ID='games_etl' AIRFLOW_CTX_EXECUTION_DATE='2023-11-01T00:00:00+00:00' AIRFLOW_CTX_TRY_NUMBER='1' AIRFLOW_CTX_DAG_RUN_ID='scheduled__2023-11-01T00:00:00+00:00'
[2024-07-08T05:09:37.835+0000] {taskinstance.py:430} INFO - ::endgroup::
[2024-07-08T05:09:37.836+0000] {warnings.py:110} WARNING - /home/***/.local/lib/python3.12/site-packages/***/utils/context.py:320: AirflowContextDeprecationWarning: Accessing 'execution_date' from the template is deprecated and will be removed in a future version. Please use 'data_interval_start' or 'logical_date' instead.
  warnings.warn(_create_deprecation_warning(k, replacements))

[2024-07-08T05:09:38.264+0000] {base.py:84} INFO - Using connection ID 'chess_project_s3' for task execution.
[2024-07-08T05:09:38.899+0000] {python.py:237} INFO - Done. Returned value was: None
[2024-07-08T05:09:38.900+0000] {taskinstance.py:441} INFO - ::group::Post task execution logs
[2024-07-08T05:09:38.909+0000] {taskinstance.py:1206} INFO - Marking task as SUCCESS. dag_id=chess_etl, task_id=games_etl, run_id=scheduled__2023-11-01T00:00:00+00:00, execution_date=20231101T000000, start_date=20240708T050937, end_date=20240708T050938
[2024-07-08T05:09:38.959+0000] {local_task_job_runner.py:240} INFO - Task exited with return code 0
[2024-07-08T05:09:38.984+0000] {taskinstance.py:3498} INFO - 1 downstream tasks scheduled from follow-on schedule check
[2024-07-08T05:09:38.985+0000] {local_task_job_runner.py:222} INFO - ::endgroup::
