[2024-06-04T00:03:50.939+0000] {local_task_job_runner.py:120} INFO - ::group::Pre task execution logs
[2024-06-04T00:03:50.953+0000] {taskinstance.py:2076} INFO - Dependencies all met for dep_context=non-requeueable deps ti=<TaskInstance: chess_etl.games_etl scheduled__2022-11-01T00:00:00+00:00 [queued]>
[2024-06-04T00:03:50.959+0000] {taskinstance.py:2076} INFO - Dependencies all met for dep_context=requeueable deps ti=<TaskInstance: chess_etl.games_etl scheduled__2022-11-01T00:00:00+00:00 [queued]>
[2024-06-04T00:03:50.960+0000] {taskinstance.py:2306} INFO - Starting attempt 1 of 1
[2024-06-04T00:03:50.971+0000] {taskinstance.py:2330} INFO - Executing <Task(PythonOperator): games_etl> on 2022-11-01 00:00:00+00:00
[2024-06-04T00:03:50.978+0000] {warnings.py:110} WARNING - /home/***/.local/lib/python3.12/site-packages/***/task/task_runner/standard_task_runner.py:61: DeprecationWarning: This process (pid=41427) is multi-threaded, use of fork() may lead to deadlocks in the child.
  pid = os.fork()

[2024-06-04T00:03:50.980+0000] {standard_task_runner.py:63} INFO - Started process 41429 to run task
[2024-06-04T00:03:50.980+0000] {standard_task_runner.py:90} INFO - Running: ['***', 'tasks', 'run', 'chess_etl', 'games_etl', 'scheduled__2022-11-01T00:00:00+00:00', '--job-id', '156', '--raw', '--subdir', 'DAGS_FOLDER/chess_dag.py', '--cfg-path', '/tmp/tmppomx4fm6']
[2024-06-04T00:03:50.981+0000] {standard_task_runner.py:91} INFO - Job 156: Subtask games_etl
[2024-06-04T00:03:51.015+0000] {task_command.py:426} INFO - Running <TaskInstance: chess_etl.games_etl scheduled__2022-11-01T00:00:00+00:00 [running]> on host f55fff24b127
[2024-06-04T00:03:51.077+0000] {taskinstance.py:2648} INFO - Exporting env vars: AIRFLOW_CTX_DAG_OWNER='***' AIRFLOW_CTX_DAG_ID='chess_etl' AIRFLOW_CTX_TASK_ID='games_etl' AIRFLOW_CTX_EXECUTION_DATE='2022-11-01T00:00:00+00:00' AIRFLOW_CTX_TRY_NUMBER='1' AIRFLOW_CTX_DAG_RUN_ID='scheduled__2022-11-01T00:00:00+00:00'
[2024-06-04T00:03:51.079+0000] {taskinstance.py:430} INFO - ::endgroup::
[2024-06-04T00:03:51.079+0000] {warnings.py:110} WARNING - /home/***/.local/lib/python3.12/site-packages/***/utils/context.py:320: AirflowContextDeprecationWarning: Accessing 'execution_date' from the template is deprecated and will be removed in a future version. Please use 'data_interval_start' or 'logical_date' instead.
  warnings.warn(_create_deprecation_warning(k, replacements))

[2024-06-04T00:03:51.996+0000] {base.py:84} INFO - Using connection ID 'chess_project_s3' for task execution.
[2024-06-04T00:03:52.677+0000] {python.py:237} INFO - Done. Returned value was: None
[2024-06-04T00:03:52.678+0000] {taskinstance.py:441} INFO - ::group::Post task execution logs
[2024-06-04T00:03:52.685+0000] {taskinstance.py:1206} INFO - Marking task as SUCCESS. dag_id=chess_etl, task_id=games_etl, run_id=scheduled__2022-11-01T00:00:00+00:00, execution_date=20221101T000000, start_date=20240604T000350, end_date=20240604T000352
[2024-06-04T00:03:52.719+0000] {local_task_job_runner.py:240} INFO - Task exited with return code 0
[2024-06-04T00:03:52.733+0000] {taskinstance.py:3498} INFO - 1 downstream tasks scheduled from follow-on schedule check
[2024-06-04T00:03:52.734+0000] {local_task_job_runner.py:222} INFO - ::endgroup::
[2024-06-08T21:43:29.413+0000] {local_task_job_runner.py:120} INFO - ::group::Pre task execution logs
[2024-06-08T21:43:29.434+0000] {taskinstance.py:2076} INFO - Dependencies all met for dep_context=non-requeueable deps ti=<TaskInstance: chess_etl.games_etl scheduled__2022-11-01T00:00:00+00:00 [queued]>
[2024-06-08T21:43:29.443+0000] {taskinstance.py:2076} INFO - Dependencies all met for dep_context=requeueable deps ti=<TaskInstance: chess_etl.games_etl scheduled__2022-11-01T00:00:00+00:00 [queued]>
[2024-06-08T21:43:29.444+0000] {taskinstance.py:2306} INFO - Starting attempt 1 of 1
[2024-06-08T21:43:29.457+0000] {taskinstance.py:2330} INFO - Executing <Task(PythonOperator): games_etl> on 2022-11-01 00:00:00+00:00
[2024-06-08T21:43:29.466+0000] {warnings.py:110} WARNING - /home/***/.local/lib/python3.12/site-packages/***/task/task_runner/standard_task_runner.py:61: DeprecationWarning: This process (pid=41914) is multi-threaded, use of fork() may lead to deadlocks in the child.
  pid = os.fork()

[2024-06-08T21:43:29.468+0000] {standard_task_runner.py:63} INFO - Started process 41916 to run task
[2024-06-08T21:43:29.468+0000] {standard_task_runner.py:90} INFO - Running: ['***', 'tasks', 'run', 'chess_etl', 'games_etl', 'scheduled__2022-11-01T00:00:00+00:00', '--job-id', '332', '--raw', '--subdir', 'DAGS_FOLDER/chess_dag.py', '--cfg-path', '/tmp/tmp9h3ejpe6']
[2024-06-08T21:43:29.469+0000] {standard_task_runner.py:91} INFO - Job 332: Subtask games_etl
[2024-06-08T21:43:29.514+0000] {task_command.py:426} INFO - Running <TaskInstance: chess_etl.games_etl scheduled__2022-11-01T00:00:00+00:00 [running]> on host bf0ade909435
[2024-06-08T21:43:29.597+0000] {taskinstance.py:2648} INFO - Exporting env vars: AIRFLOW_CTX_DAG_OWNER='***' AIRFLOW_CTX_DAG_ID='chess_etl' AIRFLOW_CTX_TASK_ID='games_etl' AIRFLOW_CTX_EXECUTION_DATE='2022-11-01T00:00:00+00:00' AIRFLOW_CTX_TRY_NUMBER='1' AIRFLOW_CTX_DAG_RUN_ID='scheduled__2022-11-01T00:00:00+00:00'
[2024-06-08T21:43:29.599+0000] {taskinstance.py:430} INFO - ::endgroup::
[2024-06-08T21:43:29.600+0000] {warnings.py:110} WARNING - /home/***/.local/lib/python3.12/site-packages/***/utils/context.py:320: AirflowContextDeprecationWarning: Accessing 'execution_date' from the template is deprecated and will be removed in a future version. Please use 'data_interval_start' or 'logical_date' instead.
  warnings.warn(_create_deprecation_warning(k, replacements))

[2024-06-08T21:43:30.261+0000] {base.py:84} INFO - Using connection ID 'chess_project_s3' for task execution.
[2024-06-08T21:43:31.377+0000] {python.py:237} INFO - Done. Returned value was: None
[2024-06-08T21:43:31.378+0000] {taskinstance.py:441} INFO - ::group::Post task execution logs
[2024-06-08T21:43:31.388+0000] {taskinstance.py:1206} INFO - Marking task as SUCCESS. dag_id=chess_etl, task_id=games_etl, run_id=scheduled__2022-11-01T00:00:00+00:00, execution_date=20221101T000000, start_date=20240608T214329, end_date=20240608T214331
[2024-06-08T21:43:31.448+0000] {local_task_job_runner.py:240} INFO - Task exited with return code 0
[2024-06-08T21:43:31.466+0000] {taskinstance.py:3498} INFO - 1 downstream tasks scheduled from follow-on schedule check
[2024-06-08T21:43:31.467+0000] {local_task_job_runner.py:222} INFO - ::endgroup::
[2024-07-08T03:24:12.790+0000] {local_task_job_runner.py:120} INFO - ::group::Pre task execution logs
[2024-07-08T03:24:12.804+0000] {taskinstance.py:2076} INFO - Dependencies all met for dep_context=non-requeueable deps ti=<TaskInstance: chess_etl.games_etl scheduled__2022-11-01T00:00:00+00:00 [queued]>
[2024-07-08T03:24:12.810+0000] {taskinstance.py:2076} INFO - Dependencies all met for dep_context=requeueable deps ti=<TaskInstance: chess_etl.games_etl scheduled__2022-11-01T00:00:00+00:00 [queued]>
[2024-07-08T03:24:12.810+0000] {taskinstance.py:2306} INFO - Starting attempt 1 of 1
[2024-07-08T03:24:12.818+0000] {taskinstance.py:2330} INFO - Executing <Task(PythonOperator): games_etl> on 2022-11-01 00:00:00+00:00
[2024-07-08T03:24:12.825+0000] {warnings.py:110} WARNING - /home/***/.local/lib/python3.12/site-packages/***/task/task_runner/standard_task_runner.py:61: DeprecationWarning: This process (pid=42767) is multi-threaded, use of fork() may lead to deadlocks in the child.
  pid = os.fork()

[2024-07-08T03:24:12.827+0000] {standard_task_runner.py:63} INFO - Started process 42769 to run task
[2024-07-08T03:24:12.827+0000] {standard_task_runner.py:90} INFO - Running: ['***', 'tasks', 'run', 'chess_etl', 'games_etl', 'scheduled__2022-11-01T00:00:00+00:00', '--job-id', '740', '--raw', '--subdir', 'DAGS_FOLDER/chess_dag.py', '--cfg-path', '/tmp/tmpmkpc3y_h']
[2024-07-08T03:24:12.828+0000] {standard_task_runner.py:91} INFO - Job 740: Subtask games_etl
[2024-07-08T03:24:12.860+0000] {task_command.py:426} INFO - Running <TaskInstance: chess_etl.games_etl scheduled__2022-11-01T00:00:00+00:00 [running]> on host 6569f5155f0c
[2024-07-08T03:24:12.920+0000] {taskinstance.py:2648} INFO - Exporting env vars: AIRFLOW_CTX_DAG_OWNER='***' AIRFLOW_CTX_DAG_ID='chess_etl' AIRFLOW_CTX_TASK_ID='games_etl' AIRFLOW_CTX_EXECUTION_DATE='2022-11-01T00:00:00+00:00' AIRFLOW_CTX_TRY_NUMBER='1' AIRFLOW_CTX_DAG_RUN_ID='scheduled__2022-11-01T00:00:00+00:00'
[2024-07-08T03:24:12.921+0000] {taskinstance.py:430} INFO - ::endgroup::
[2024-07-08T03:24:12.922+0000] {warnings.py:110} WARNING - /home/***/.local/lib/python3.12/site-packages/***/utils/context.py:320: AirflowContextDeprecationWarning: Accessing 'execution_date' from the template is deprecated and will be removed in a future version. Please use 'data_interval_start' or 'logical_date' instead.
  warnings.warn(_create_deprecation_warning(k, replacements))

[2024-07-08T03:24:13.487+0000] {base.py:84} INFO - Using connection ID 'chess_project_s3' for task execution.
[2024-07-08T03:24:14.179+0000] {python.py:237} INFO - Done. Returned value was: None
[2024-07-08T03:24:14.180+0000] {taskinstance.py:441} INFO - ::group::Post task execution logs
[2024-07-08T03:24:14.187+0000] {taskinstance.py:1206} INFO - Marking task as SUCCESS. dag_id=chess_etl, task_id=games_etl, run_id=scheduled__2022-11-01T00:00:00+00:00, execution_date=20221101T000000, start_date=20240708T032412, end_date=20240708T032414
[2024-07-08T03:24:14.244+0000] {local_task_job_runner.py:240} INFO - Task exited with return code 0
[2024-07-08T03:24:14.266+0000] {taskinstance.py:3498} INFO - 1 downstream tasks scheduled from follow-on schedule check
[2024-07-08T03:24:14.268+0000] {local_task_job_runner.py:222} INFO - ::endgroup::
