[2024-07-07T18:11:17.472+0000] {local_task_job_runner.py:120} INFO - ::group::Pre task execution logs
[2024-07-07T18:11:17.487+0000] {taskinstance.py:2076} INFO - Dependencies all met for dep_context=non-requeueable deps ti=<TaskInstance: chess_etl.redshift_game_load scheduled__2019-12-01T00:00:00+00:00 [queued]>
[2024-07-07T18:11:17.493+0000] {taskinstance.py:2076} INFO - Dependencies all met for dep_context=requeueable deps ti=<TaskInstance: chess_etl.redshift_game_load scheduled__2019-12-01T00:00:00+00:00 [queued]>
[2024-07-07T18:11:17.493+0000] {taskinstance.py:2306} INFO - Starting attempt 1 of 1
[2024-07-07T18:11:17.504+0000] {taskinstance.py:2330} INFO - Executing <Task(PythonOperator): redshift_game_load> on 2019-12-01 00:00:00+00:00
[2024-07-07T18:11:17.508+0000] {warnings.py:110} WARNING - /home/***/.local/lib/python3.12/site-packages/***/task/task_runner/standard_task_runner.py:61: DeprecationWarning: This process (pid=989) is multi-threaded, use of fork() may lead to deadlocks in the child.
  pid = os.fork()

[2024-07-07T18:11:17.510+0000] {standard_task_runner.py:63} INFO - Started process 992 to run task
[2024-07-07T18:11:17.510+0000] {standard_task_runner.py:90} INFO - Running: ['***', 'tasks', 'run', 'chess_etl', 'redshift_game_load', 'scheduled__2019-12-01T00:00:00+00:00', '--job-id', '414', '--pool', 'default_pool', '--raw', '--subdir', 'DAGS_FOLDER/chess_dag.py', '--cfg-path', '/tmp/tmpdihbnlqk']
[2024-07-07T18:11:17.511+0000] {standard_task_runner.py:91} INFO - Job 414: Subtask redshift_game_load
[2024-07-07T18:11:17.546+0000] {task_command.py:426} INFO - Running <TaskInstance: chess_etl.redshift_game_load scheduled__2019-12-01T00:00:00+00:00 [running]> on host cb919e35e0e9
[2024-07-07T18:11:17.614+0000] {taskinstance.py:2648} INFO - Exporting env vars: AIRFLOW_CTX_DAG_OWNER='***' AIRFLOW_CTX_DAG_ID='chess_etl' AIRFLOW_CTX_TASK_ID='redshift_game_load' AIRFLOW_CTX_EXECUTION_DATE='2019-12-01T00:00:00+00:00' AIRFLOW_CTX_TRY_NUMBER='1' AIRFLOW_CTX_DAG_RUN_ID='scheduled__2019-12-01T00:00:00+00:00'
[2024-07-07T18:11:17.615+0000] {taskinstance.py:430} INFO - ::endgroup::
[2024-07-07T18:11:17.616+0000] {warnings.py:110} WARNING - /home/***/.local/lib/python3.12/site-packages/***/utils/context.py:320: AirflowContextDeprecationWarning: Accessing 'execution_date' from the template is deprecated and will be removed in a future version. Please use 'data_interval_start' or 'logical_date' instead.
  warnings.warn(_create_deprecation_warning(k, replacements))

[2024-07-07T18:11:17.622+0000] {base.py:84} INFO - Using connection ID 'chess_project_s3' for task execution.
[2024-07-07T18:11:18.596+0000] {logging_mixin.py:188} INFO - No games for period 2019_12
[2024-07-07T18:11:18.599+0000] {python.py:237} INFO - Done. Returned value was: None
[2024-07-07T18:11:18.600+0000] {taskinstance.py:441} INFO - ::group::Post task execution logs
[2024-07-07T18:11:18.606+0000] {taskinstance.py:1206} INFO - Marking task as SUCCESS. dag_id=chess_etl, task_id=redshift_game_load, run_id=scheduled__2019-12-01T00:00:00+00:00, execution_date=20191201T000000, start_date=20240707T181117, end_date=20240707T181118
[2024-07-07T18:11:18.646+0000] {local_task_job_runner.py:240} INFO - Task exited with return code 0
[2024-07-07T18:11:18.661+0000] {taskinstance.py:3498} INFO - 1 downstream tasks scheduled from follow-on schedule check
[2024-07-07T18:11:18.662+0000] {local_task_job_runner.py:222} INFO - ::endgroup::
[2024-07-07T21:20:48.424+0000] {local_task_job_runner.py:120} INFO - ::group::Pre task execution logs
[2024-07-07T21:20:48.439+0000] {taskinstance.py:2076} INFO - Dependencies all met for dep_context=non-requeueable deps ti=<TaskInstance: chess_etl.redshift_game_load scheduled__2019-12-01T00:00:00+00:00 [queued]>
[2024-07-07T21:20:48.445+0000] {taskinstance.py:2076} INFO - Dependencies all met for dep_context=requeueable deps ti=<TaskInstance: chess_etl.redshift_game_load scheduled__2019-12-01T00:00:00+00:00 [queued]>
[2024-07-07T21:20:48.445+0000] {taskinstance.py:2306} INFO - Starting attempt 1 of 1
[2024-07-07T21:20:48.454+0000] {taskinstance.py:2330} INFO - Executing <Task(PythonOperator): redshift_game_load> on 2019-12-01 00:00:00+00:00
[2024-07-07T21:20:48.462+0000] {warnings.py:110} WARNING - /home/***/.local/lib/python3.12/site-packages/***/task/task_runner/standard_task_runner.py:61: DeprecationWarning: This process (pid=1401) is multi-threaded, use of fork() may lead to deadlocks in the child.
  pid = os.fork()

[2024-07-07T21:20:48.463+0000] {standard_task_runner.py:90} INFO - Running: ['***', 'tasks', 'run', 'chess_etl', 'redshift_game_load', 'scheduled__2019-12-01T00:00:00+00:00', '--job-id', '605', '--raw', '--subdir', 'DAGS_FOLDER/chess_dag.py', '--cfg-path', '/tmp/tmpl0ugwiod']
[2024-07-07T21:20:48.464+0000] {standard_task_runner.py:63} INFO - Started process 1405 to run task
[2024-07-07T21:20:48.464+0000] {standard_task_runner.py:91} INFO - Job 605: Subtask redshift_game_load
[2024-07-07T21:20:48.500+0000] {task_command.py:426} INFO - Running <TaskInstance: chess_etl.redshift_game_load scheduled__2019-12-01T00:00:00+00:00 [running]> on host 6569f5155f0c
[2024-07-07T21:20:48.566+0000] {taskinstance.py:2648} INFO - Exporting env vars: AIRFLOW_CTX_DAG_OWNER='***' AIRFLOW_CTX_DAG_ID='chess_etl' AIRFLOW_CTX_TASK_ID='redshift_game_load' AIRFLOW_CTX_EXECUTION_DATE='2019-12-01T00:00:00+00:00' AIRFLOW_CTX_TRY_NUMBER='1' AIRFLOW_CTX_DAG_RUN_ID='scheduled__2019-12-01T00:00:00+00:00'
[2024-07-07T21:20:48.567+0000] {taskinstance.py:430} INFO - ::endgroup::
[2024-07-07T21:20:48.568+0000] {warnings.py:110} WARNING - /home/***/.local/lib/python3.12/site-packages/***/utils/context.py:320: AirflowContextDeprecationWarning: Accessing 'execution_date' from the template is deprecated and will be removed in a future version. Please use 'data_interval_start' or 'logical_date' instead.
  warnings.warn(_create_deprecation_warning(k, replacements))

[2024-07-07T21:20:48.573+0000] {base.py:84} INFO - Using connection ID 'chess_project_s3' for task execution.
[2024-07-07T21:20:49.545+0000] {logging_mixin.py:188} INFO - No games for period 2019_12
[2024-07-07T21:20:49.546+0000] {python.py:237} INFO - Done. Returned value was: None
[2024-07-07T21:20:49.546+0000] {taskinstance.py:441} INFO - ::group::Post task execution logs
[2024-07-07T21:20:49.553+0000] {taskinstance.py:1206} INFO - Marking task as SUCCESS. dag_id=chess_etl, task_id=redshift_game_load, run_id=scheduled__2019-12-01T00:00:00+00:00, execution_date=20191201T000000, start_date=20240707T212048, end_date=20240707T212049
[2024-07-07T21:20:49.601+0000] {local_task_job_runner.py:240} INFO - Task exited with return code 0
[2024-07-07T21:20:49.617+0000] {taskinstance.py:3498} INFO - 1 downstream tasks scheduled from follow-on schedule check
[2024-07-07T21:20:49.618+0000] {local_task_job_runner.py:222} INFO - ::endgroup::
