[2024-06-03T22:45:58.498+0000] {local_task_job_runner.py:120} INFO - ::group::Pre task execution logs
[2024-06-03T22:45:58.511+0000] {taskinstance.py:2076} INFO - Dependencies all met for dep_context=non-requeueable deps ti=<TaskInstance: chess_etl.blunders_etl scheduled__2022-04-01T00:00:00+00:00 [queued]>
[2024-06-03T22:45:58.518+0000] {taskinstance.py:2076} INFO - Dependencies all met for dep_context=requeueable deps ti=<TaskInstance: chess_etl.blunders_etl scheduled__2022-04-01T00:00:00+00:00 [queued]>
[2024-06-03T22:45:58.518+0000] {taskinstance.py:2306} INFO - Starting attempt 1 of 1
[2024-06-03T22:45:58.527+0000] {taskinstance.py:2330} INFO - Executing <Task(PythonOperator): blunders_etl> on 2022-04-01 00:00:00+00:00
[2024-06-03T22:45:58.534+0000] {warnings.py:110} WARNING - /home/***/.local/lib/python3.12/site-packages/***/task/task_runner/standard_task_runner.py:61: DeprecationWarning: This process (pid=32665) is multi-threaded, use of fork() may lead to deadlocks in the child.
  pid = os.fork()

[2024-06-03T22:45:58.536+0000] {standard_task_runner.py:63} INFO - Started process 32667 to run task
[2024-06-03T22:45:58.536+0000] {standard_task_runner.py:90} INFO - Running: ['***', 'tasks', 'run', 'chess_etl', 'blunders_etl', 'scheduled__2022-04-01T00:00:00+00:00', '--job-id', '143', '--raw', '--subdir', 'DAGS_FOLDER/chess_dag.py', '--cfg-path', '/tmp/tmp75us2fiy']
[2024-06-03T22:45:58.537+0000] {standard_task_runner.py:91} INFO - Job 143: Subtask blunders_etl
[2024-06-03T22:45:58.570+0000] {task_command.py:426} INFO - Running <TaskInstance: chess_etl.blunders_etl scheduled__2022-04-01T00:00:00+00:00 [running]> on host f55fff24b127
[2024-06-03T22:45:58.634+0000] {taskinstance.py:2648} INFO - Exporting env vars: AIRFLOW_CTX_DAG_OWNER='***' AIRFLOW_CTX_DAG_ID='chess_etl' AIRFLOW_CTX_TASK_ID='blunders_etl' AIRFLOW_CTX_EXECUTION_DATE='2022-04-01T00:00:00+00:00' AIRFLOW_CTX_TRY_NUMBER='1' AIRFLOW_CTX_DAG_RUN_ID='scheduled__2022-04-01T00:00:00+00:00'
[2024-06-03T22:45:58.636+0000] {taskinstance.py:430} INFO - ::endgroup::
[2024-06-03T22:45:58.637+0000] {warnings.py:110} WARNING - /home/***/.local/lib/python3.12/site-packages/***/utils/context.py:320: AirflowContextDeprecationWarning: Accessing 'execution_date' from the template is deprecated and will be removed in a future version. Please use 'data_interval_start' or 'logical_date' instead.
  warnings.warn(_create_deprecation_warning(k, replacements))

[2024-06-03T22:45:58.643+0000] {base.py:84} INFO - Using connection ID 'chess_project_s3' for task execution.
[2024-06-03T22:47:43.609+0000] {python.py:237} INFO - Done. Returned value was: None
[2024-06-03T22:47:43.609+0000] {taskinstance.py:441} INFO - ::group::Post task execution logs
[2024-06-03T22:47:43.616+0000] {taskinstance.py:1206} INFO - Marking task as SUCCESS. dag_id=chess_etl, task_id=blunders_etl, run_id=scheduled__2022-04-01T00:00:00+00:00, execution_date=20220401T000000, start_date=20240603T224558, end_date=20240603T224743
[2024-06-03T22:47:43.663+0000] {local_task_job_runner.py:240} INFO - Task exited with return code 0
[2024-06-03T22:47:43.674+0000] {taskinstance.py:3498} INFO - 0 downstream tasks scheduled from follow-on schedule check
[2024-06-03T22:47:43.675+0000] {local_task_job_runner.py:222} INFO - ::endgroup::
[2024-06-08T20:12:48.153+0000] {local_task_job_runner.py:120} INFO - ::group::Pre task execution logs
[2024-06-08T20:12:48.174+0000] {taskinstance.py:2076} INFO - Dependencies all met for dep_context=non-requeueable deps ti=<TaskInstance: chess_etl.blunders_etl scheduled__2022-04-01T00:00:00+00:00 [queued]>
[2024-06-08T20:12:48.183+0000] {taskinstance.py:2076} INFO - Dependencies all met for dep_context=requeueable deps ti=<TaskInstance: chess_etl.blunders_etl scheduled__2022-04-01T00:00:00+00:00 [queued]>
[2024-06-08T20:12:48.184+0000] {taskinstance.py:2306} INFO - Starting attempt 1 of 1
[2024-06-08T20:12:48.199+0000] {taskinstance.py:2330} INFO - Executing <Task(PythonOperator): blunders_etl> on 2022-04-01 00:00:00+00:00
[2024-06-08T20:12:48.208+0000] {warnings.py:110} WARNING - /home/***/.local/lib/python3.12/site-packages/***/task/task_runner/standard_task_runner.py:61: DeprecationWarning: This process (pid=33126) is multi-threaded, use of fork() may lead to deadlocks in the child.
  pid = os.fork()

[2024-06-08T20:12:48.210+0000] {standard_task_runner.py:63} INFO - Started process 33128 to run task
[2024-06-08T20:12:48.210+0000] {standard_task_runner.py:90} INFO - Running: ['***', 'tasks', 'run', 'chess_etl', 'blunders_etl', 'scheduled__2022-04-01T00:00:00+00:00', '--job-id', '319', '--raw', '--subdir', 'DAGS_FOLDER/chess_dag.py', '--cfg-path', '/tmp/tmpcum6nu9y']
[2024-06-08T20:12:48.211+0000] {standard_task_runner.py:91} INFO - Job 319: Subtask blunders_etl
[2024-06-08T20:12:48.254+0000] {task_command.py:426} INFO - Running <TaskInstance: chess_etl.blunders_etl scheduled__2022-04-01T00:00:00+00:00 [running]> on host bf0ade909435
[2024-06-08T20:12:48.341+0000] {taskinstance.py:2648} INFO - Exporting env vars: AIRFLOW_CTX_DAG_OWNER='***' AIRFLOW_CTX_DAG_ID='chess_etl' AIRFLOW_CTX_TASK_ID='blunders_etl' AIRFLOW_CTX_EXECUTION_DATE='2022-04-01T00:00:00+00:00' AIRFLOW_CTX_TRY_NUMBER='1' AIRFLOW_CTX_DAG_RUN_ID='scheduled__2022-04-01T00:00:00+00:00'
[2024-06-08T20:12:48.343+0000] {taskinstance.py:430} INFO - ::endgroup::
[2024-06-08T20:12:48.344+0000] {warnings.py:110} WARNING - /home/***/.local/lib/python3.12/site-packages/***/utils/context.py:320: AirflowContextDeprecationWarning: Accessing 'execution_date' from the template is deprecated and will be removed in a future version. Please use 'data_interval_start' or 'logical_date' instead.
  warnings.warn(_create_deprecation_warning(k, replacements))

[2024-06-08T20:12:48.353+0000] {base.py:84} INFO - Using connection ID 'chess_project_s3' for task execution.
[2024-06-08T20:14:54.665+0000] {python.py:237} INFO - Done. Returned value was: None
[2024-06-08T20:14:54.666+0000] {taskinstance.py:441} INFO - ::group::Post task execution logs
[2024-06-08T20:14:54.676+0000] {taskinstance.py:1206} INFO - Marking task as SUCCESS. dag_id=chess_etl, task_id=blunders_etl, run_id=scheduled__2022-04-01T00:00:00+00:00, execution_date=20220401T000000, start_date=20240608T201248, end_date=20240608T201454
[2024-06-08T20:14:54.708+0000] {local_task_job_runner.py:240} INFO - Task exited with return code 0
[2024-06-08T20:14:54.722+0000] {taskinstance.py:3498} INFO - 0 downstream tasks scheduled from follow-on schedule check
[2024-06-08T20:14:54.724+0000] {local_task_job_runner.py:222} INFO - ::endgroup::
[2024-07-08T02:09:29.855+0000] {local_task_job_runner.py:120} INFO - ::group::Pre task execution logs
[2024-07-08T02:09:29.870+0000] {taskinstance.py:2076} INFO - Dependencies all met for dep_context=non-requeueable deps ti=<TaskInstance: chess_etl.blunders_etl scheduled__2022-04-01T00:00:00+00:00 [queued]>
[2024-07-08T02:09:29.876+0000] {taskinstance.py:2076} INFO - Dependencies all met for dep_context=requeueable deps ti=<TaskInstance: chess_etl.blunders_etl scheduled__2022-04-01T00:00:00+00:00 [queued]>
[2024-07-08T02:09:29.876+0000] {taskinstance.py:2306} INFO - Starting attempt 1 of 1
[2024-07-08T02:09:29.884+0000] {taskinstance.py:2330} INFO - Executing <Task(PythonOperator): blunders_etl> on 2022-04-01 00:00:00+00:00
[2024-07-08T02:09:29.891+0000] {warnings.py:110} WARNING - /home/***/.local/lib/python3.12/site-packages/***/task/task_runner/standard_task_runner.py:61: DeprecationWarning: This process (pid=34039) is multi-threaded, use of fork() may lead to deadlocks in the child.
  pid = os.fork()

[2024-07-08T02:09:29.893+0000] {standard_task_runner.py:63} INFO - Started process 34041 to run task
[2024-07-08T02:09:29.893+0000] {standard_task_runner.py:90} INFO - Running: ['***', 'tasks', 'run', 'chess_etl', 'blunders_etl', 'scheduled__2022-04-01T00:00:00+00:00', '--job-id', '713', '--raw', '--subdir', 'DAGS_FOLDER/chess_dag.py', '--cfg-path', '/tmp/tmpj3tc41dx']
[2024-07-08T02:09:29.894+0000] {standard_task_runner.py:91} INFO - Job 713: Subtask blunders_etl
[2024-07-08T02:09:29.926+0000] {task_command.py:426} INFO - Running <TaskInstance: chess_etl.blunders_etl scheduled__2022-04-01T00:00:00+00:00 [running]> on host 6569f5155f0c
[2024-07-08T02:09:29.993+0000] {taskinstance.py:2648} INFO - Exporting env vars: AIRFLOW_CTX_DAG_OWNER='***' AIRFLOW_CTX_DAG_ID='chess_etl' AIRFLOW_CTX_TASK_ID='blunders_etl' AIRFLOW_CTX_EXECUTION_DATE='2022-04-01T00:00:00+00:00' AIRFLOW_CTX_TRY_NUMBER='1' AIRFLOW_CTX_DAG_RUN_ID='scheduled__2022-04-01T00:00:00+00:00'
[2024-07-08T02:09:29.995+0000] {taskinstance.py:430} INFO - ::endgroup::
[2024-07-08T02:09:29.996+0000] {warnings.py:110} WARNING - /home/***/.local/lib/python3.12/site-packages/***/utils/context.py:320: AirflowContextDeprecationWarning: Accessing 'execution_date' from the template is deprecated and will be removed in a future version. Please use 'data_interval_start' or 'logical_date' instead.
  warnings.warn(_create_deprecation_warning(k, replacements))

[2024-07-08T02:09:30.003+0000] {base.py:84} INFO - Using connection ID 'chess_project_s3' for task execution.
[2024-07-08T02:11:11.268+0000] {python.py:237} INFO - Done. Returned value was: None
[2024-07-08T02:11:11.268+0000] {taskinstance.py:441} INFO - ::group::Post task execution logs
[2024-07-08T02:11:11.276+0000] {taskinstance.py:1206} INFO - Marking task as SUCCESS. dag_id=chess_etl, task_id=blunders_etl, run_id=scheduled__2022-04-01T00:00:00+00:00, execution_date=20220401T000000, start_date=20240708T020929, end_date=20240708T021111
[2024-07-08T02:11:11.318+0000] {local_task_job_runner.py:240} INFO - Task exited with return code 0
[2024-07-08T02:11:11.335+0000] {taskinstance.py:3498} INFO - 1 downstream tasks scheduled from follow-on schedule check
[2024-07-08T02:11:11.336+0000] {local_task_job_runner.py:222} INFO - ::endgroup::
