[2024-06-03T17:39:17.796+0000] {local_task_job_runner.py:120} INFO - ::group::Pre task execution logs
[2024-06-03T17:39:17.814+0000] {taskinstance.py:2076} INFO - Dependencies all met for dep_context=non-requeueable deps ti=<TaskInstance: chess_etl.games_etl scheduled__2021-07-01T00:00:00+00:00 [queued]>
[2024-06-03T17:39:17.820+0000] {taskinstance.py:2076} INFO - Dependencies all met for dep_context=requeueable deps ti=<TaskInstance: chess_etl.games_etl scheduled__2021-07-01T00:00:00+00:00 [queued]>
[2024-06-03T17:39:17.821+0000] {taskinstance.py:2306} INFO - Starting attempt 1 of 1
[2024-06-03T17:39:17.830+0000] {taskinstance.py:2330} INFO - Executing <Task(PythonOperator): games_etl> on 2021-07-01 00:00:00+00:00
[2024-06-03T17:39:17.835+0000] {warnings.py:110} WARNING - /home/***/.local/lib/python3.12/site-packages/***/task/task_runner/standard_task_runner.py:61: DeprecationWarning: This process (pid=215) is multi-threaded, use of fork() may lead to deadlocks in the child.
  pid = os.fork()

[2024-06-03T17:39:17.836+0000] {standard_task_runner.py:63} INFO - Started process 219 to run task
[2024-06-03T17:39:17.836+0000] {standard_task_runner.py:90} INFO - Running: ['***', 'tasks', 'run', 'chess_etl', 'games_etl', 'scheduled__2021-07-01T00:00:00+00:00', '--job-id', '52', '--raw', '--subdir', 'DAGS_FOLDER/chess_dag.py', '--cfg-path', '/tmp/tmpytbgsmxo']
[2024-06-03T17:39:17.837+0000] {standard_task_runner.py:91} INFO - Job 52: Subtask games_etl
[2024-06-03T17:39:17.875+0000] {task_command.py:426} INFO - Running <TaskInstance: chess_etl.games_etl scheduled__2021-07-01T00:00:00+00:00 [running]> on host a5a4421409ea
[2024-06-03T17:39:17.943+0000] {taskinstance.py:2648} INFO - Exporting env vars: AIRFLOW_CTX_DAG_OWNER='***' AIRFLOW_CTX_DAG_ID='chess_etl' AIRFLOW_CTX_TASK_ID='games_etl' AIRFLOW_CTX_EXECUTION_DATE='2021-07-01T00:00:00+00:00' AIRFLOW_CTX_TRY_NUMBER='1' AIRFLOW_CTX_DAG_RUN_ID='scheduled__2021-07-01T00:00:00+00:00'
[2024-06-03T17:39:17.945+0000] {taskinstance.py:430} INFO - ::endgroup::
[2024-06-03T17:39:17.946+0000] {warnings.py:110} WARNING - /home/***/.local/lib/python3.12/site-packages/***/utils/context.py:320: AirflowContextDeprecationWarning: Accessing 'execution_date' from the template is deprecated and will be removed in a future version. Please use 'data_interval_start' or 'logical_date' instead.
  warnings.warn(_create_deprecation_warning(k, replacements))

[2024-06-03T17:39:18.653+0000] {taskinstance.py:441} INFO - ::group::Post task execution logs
[2024-06-03T17:39:18.658+0000] {taskinstance.py:2905} ERROR - Task failed with exception
Traceback (most recent call last):
  File "/home/airflow/.local/lib/python3.12/site-packages/airflow/models/taskinstance.py", line 465, in _execute_task
    result = _execute_callable(context=context, **execute_callable_kwargs)
             ^^^^^^^^^^^^^^^^^^^^^^^^^^^^^^^^^^^^^^^^^^^^^^^^^^^^^^^^^^^^^
  File "/home/airflow/.local/lib/python3.12/site-packages/airflow/models/taskinstance.py", line 432, in _execute_callable
    return execute_callable(context=context, **execute_callable_kwargs)
           ^^^^^^^^^^^^^^^^^^^^^^^^^^^^^^^^^^^^^^^^^^^^^^^^^^^^^^^^^^^^
  File "/home/airflow/.local/lib/python3.12/site-packages/airflow/models/baseoperator.py", line 400, in wrapper
    return func(self, *args, **kwargs)
           ^^^^^^^^^^^^^^^^^^^^^^^^^^^
  File "/home/airflow/.local/lib/python3.12/site-packages/airflow/operators/python.py", line 235, in execute
    return_value = self.execute_callable()
                   ^^^^^^^^^^^^^^^^^^^^^^^
  File "/home/airflow/.local/lib/python3.12/site-packages/airflow/operators/python.py", line 252, in execute_callable
    return self.python_callable(*self.op_args, **self.op_kwargs)
           ^^^^^^^^^^^^^^^^^^^^^^^^^^^^^^^^^^^^^^^^^^^^^^^^^^^^^
  File "/opt/airflow/dags/chess_dag.py", line 19, in games_etl_task
    return get_monthly_games(execution_date)
           ^^^^^^^^^^^^^^^^^^^^^^^^^^^^^^^^^
  File "/opt/airflow/dags/chess_etl_code.py", line 60, in get_monthly_games
    connection = BaseHook.get_connection('chess_project_s3')
                 ^^^^^^^^^^^^^^^^^^^^^^^^^^^^^^^^^^^^^^^^^^^
  File "/home/airflow/.local/lib/python3.12/site-packages/airflow/hooks/base.py", line 83, in get_connection
    conn = Connection.get_connection_from_secrets(conn_id)
           ^^^^^^^^^^^^^^^^^^^^^^^^^^^^^^^^^^^^^^^^^^^^^^^
  File "/home/airflow/.local/lib/python3.12/site-packages/airflow/models/connection.py", line 519, in get_connection_from_secrets
    raise AirflowNotFoundException(f"The conn_id `{conn_id}` isn't defined")
airflow.exceptions.AirflowNotFoundException: The conn_id `chess_project_s3` isn't defined
[2024-06-03T17:39:18.665+0000] {taskinstance.py:1206} INFO - Marking task as FAILED. dag_id=chess_etl, task_id=games_etl, run_id=scheduled__2021-07-01T00:00:00+00:00, execution_date=20210701T000000, start_date=20240603T173917, end_date=20240603T173918
[2024-06-03T17:39:18.674+0000] {standard_task_runner.py:110} ERROR - Failed to execute job 52 for task games_etl (The conn_id `chess_project_s3` isn't defined; 219)
[2024-06-03T17:39:18.691+0000] {local_task_job_runner.py:240} INFO - Task exited with return code 1
[2024-06-03T17:39:18.705+0000] {taskinstance.py:3498} INFO - 0 downstream tasks scheduled from follow-on schedule check
[2024-06-03T17:39:18.708+0000] {local_task_job_runner.py:222} INFO - ::endgroup::
[2024-06-03T22:12:05.139+0000] {local_task_job_runner.py:120} INFO - ::group::Pre task execution logs
[2024-06-03T22:12:05.156+0000] {taskinstance.py:2076} INFO - Dependencies all met for dep_context=non-requeueable deps ti=<TaskInstance: chess_etl.games_etl scheduled__2021-07-01T00:00:00+00:00 [queued]>
[2024-06-03T22:12:05.162+0000] {taskinstance.py:2076} INFO - Dependencies all met for dep_context=requeueable deps ti=<TaskInstance: chess_etl.games_etl scheduled__2021-07-01T00:00:00+00:00 [queued]>
[2024-06-03T22:12:05.162+0000] {taskinstance.py:2306} INFO - Starting attempt 1 of 1
[2024-06-03T22:12:05.172+0000] {taskinstance.py:2330} INFO - Executing <Task(PythonOperator): games_etl> on 2021-07-01 00:00:00+00:00
[2024-06-03T22:12:05.181+0000] {warnings.py:110} WARNING - /home/***/.local/lib/python3.12/site-packages/***/task/task_runner/standard_task_runner.py:61: DeprecationWarning: This process (pid=28908) is multi-threaded, use of fork() may lead to deadlocks in the child.
  pid = os.fork()

[2024-06-03T22:12:05.183+0000] {standard_task_runner.py:63} INFO - Started process 28910 to run task
[2024-06-03T22:12:05.182+0000] {standard_task_runner.py:90} INFO - Running: ['***', 'tasks', 'run', 'chess_etl', 'games_etl', 'scheduled__2021-07-01T00:00:00+00:00', '--job-id', '124', '--raw', '--subdir', 'DAGS_FOLDER/chess_dag.py', '--cfg-path', '/tmp/tmp8wq3iss0']
[2024-06-03T22:12:05.183+0000] {standard_task_runner.py:91} INFO - Job 124: Subtask games_etl
[2024-06-03T22:12:05.223+0000] {task_command.py:426} INFO - Running <TaskInstance: chess_etl.games_etl scheduled__2021-07-01T00:00:00+00:00 [running]> on host f55fff24b127
[2024-06-03T22:12:05.293+0000] {taskinstance.py:2648} INFO - Exporting env vars: AIRFLOW_CTX_DAG_OWNER='***' AIRFLOW_CTX_DAG_ID='chess_etl' AIRFLOW_CTX_TASK_ID='games_etl' AIRFLOW_CTX_EXECUTION_DATE='2021-07-01T00:00:00+00:00' AIRFLOW_CTX_TRY_NUMBER='1' AIRFLOW_CTX_DAG_RUN_ID='scheduled__2021-07-01T00:00:00+00:00'
[2024-06-03T22:12:05.295+0000] {taskinstance.py:430} INFO - ::endgroup::
[2024-06-03T22:12:05.295+0000] {warnings.py:110} WARNING - /home/***/.local/lib/python3.12/site-packages/***/utils/context.py:320: AirflowContextDeprecationWarning: Accessing 'execution_date' from the template is deprecated and will be removed in a future version. Please use 'data_interval_start' or 'logical_date' instead.
  warnings.warn(_create_deprecation_warning(k, replacements))

[2024-06-03T22:12:06.069+0000] {base.py:84} INFO - Using connection ID 'chess_project_s3' for task execution.
[2024-06-03T22:12:07.298+0000] {python.py:237} INFO - Done. Returned value was: None
[2024-06-03T22:12:07.298+0000] {taskinstance.py:441} INFO - ::group::Post task execution logs
[2024-06-03T22:12:07.305+0000] {taskinstance.py:1206} INFO - Marking task as SUCCESS. dag_id=chess_etl, task_id=games_etl, run_id=scheduled__2021-07-01T00:00:00+00:00, execution_date=20210701T000000, start_date=20240603T221205, end_date=20240603T221207
[2024-06-03T22:12:07.322+0000] {local_task_job_runner.py:240} INFO - Task exited with return code 0
[2024-06-03T22:12:07.337+0000] {taskinstance.py:3498} INFO - 1 downstream tasks scheduled from follow-on schedule check
[2024-06-03T22:12:07.339+0000] {local_task_job_runner.py:222} INFO - ::endgroup::
[2024-06-08T19:36:59.622+0000] {local_task_job_runner.py:120} INFO - ::group::Pre task execution logs
[2024-06-08T19:36:59.638+0000] {taskinstance.py:2076} INFO - Dependencies all met for dep_context=non-requeueable deps ti=<TaskInstance: chess_etl.games_etl scheduled__2021-07-01T00:00:00+00:00 [queued]>
[2024-06-08T19:36:59.643+0000] {taskinstance.py:2076} INFO - Dependencies all met for dep_context=requeueable deps ti=<TaskInstance: chess_etl.games_etl scheduled__2021-07-01T00:00:00+00:00 [queued]>
[2024-06-08T19:36:59.644+0000] {taskinstance.py:2306} INFO - Starting attempt 1 of 1
[2024-06-08T19:36:59.656+0000] {taskinstance.py:2330} INFO - Executing <Task(PythonOperator): games_etl> on 2021-07-01 00:00:00+00:00
[2024-06-08T19:36:59.663+0000] {warnings.py:110} WARNING - /home/***/.local/lib/python3.12/site-packages/***/task/task_runner/standard_task_runner.py:61: DeprecationWarning: This process (pid=29193) is multi-threaded, use of fork() may lead to deadlocks in the child.
  pid = os.fork()

[2024-06-08T19:36:59.664+0000] {standard_task_runner.py:63} INFO - Started process 29195 to run task
[2024-06-08T19:36:59.665+0000] {standard_task_runner.py:90} INFO - Running: ['***', 'tasks', 'run', 'chess_etl', 'games_etl', 'scheduled__2021-07-01T00:00:00+00:00', '--job-id', '300', '--raw', '--subdir', 'DAGS_FOLDER/chess_dag.py', '--cfg-path', '/tmp/tmp8zl4j95v']
[2024-06-08T19:36:59.666+0000] {standard_task_runner.py:91} INFO - Job 300: Subtask games_etl
[2024-06-08T19:36:59.701+0000] {task_command.py:426} INFO - Running <TaskInstance: chess_etl.games_etl scheduled__2021-07-01T00:00:00+00:00 [running]> on host bf0ade909435
[2024-06-08T19:36:59.769+0000] {taskinstance.py:2648} INFO - Exporting env vars: AIRFLOW_CTX_DAG_OWNER='***' AIRFLOW_CTX_DAG_ID='chess_etl' AIRFLOW_CTX_TASK_ID='games_etl' AIRFLOW_CTX_EXECUTION_DATE='2021-07-01T00:00:00+00:00' AIRFLOW_CTX_TRY_NUMBER='1' AIRFLOW_CTX_DAG_RUN_ID='scheduled__2021-07-01T00:00:00+00:00'
[2024-06-08T19:36:59.771+0000] {taskinstance.py:430} INFO - ::endgroup::
[2024-06-08T19:36:59.772+0000] {warnings.py:110} WARNING - /home/***/.local/lib/python3.12/site-packages/***/utils/context.py:320: AirflowContextDeprecationWarning: Accessing 'execution_date' from the template is deprecated and will be removed in a future version. Please use 'data_interval_start' or 'logical_date' instead.
  warnings.warn(_create_deprecation_warning(k, replacements))

[2024-06-08T19:37:00.475+0000] {base.py:84} INFO - Using connection ID 'chess_project_s3' for task execution.
[2024-06-08T19:37:01.230+0000] {python.py:237} INFO - Done. Returned value was: None
[2024-06-08T19:37:01.231+0000] {taskinstance.py:441} INFO - ::group::Post task execution logs
[2024-06-08T19:37:01.237+0000] {taskinstance.py:1206} INFO - Marking task as SUCCESS. dag_id=chess_etl, task_id=games_etl, run_id=scheduled__2021-07-01T00:00:00+00:00, execution_date=20210701T000000, start_date=20240608T193659, end_date=20240608T193701
[2024-06-08T19:37:01.282+0000] {local_task_job_runner.py:240} INFO - Task exited with return code 0
[2024-06-08T19:37:01.298+0000] {taskinstance.py:3498} INFO - 1 downstream tasks scheduled from follow-on schedule check
[2024-06-08T19:37:01.300+0000] {local_task_job_runner.py:222} INFO - ::endgroup::
[2024-07-08T01:36:17.402+0000] {local_task_job_runner.py:120} INFO - ::group::Pre task execution logs
[2024-07-08T01:36:17.415+0000] {taskinstance.py:2076} INFO - Dependencies all met for dep_context=non-requeueable deps ti=<TaskInstance: chess_etl.games_etl scheduled__2021-07-01T00:00:00+00:00 [queued]>
[2024-07-08T01:36:17.420+0000] {taskinstance.py:2076} INFO - Dependencies all met for dep_context=requeueable deps ti=<TaskInstance: chess_etl.games_etl scheduled__2021-07-01T00:00:00+00:00 [queued]>
[2024-07-08T01:36:17.421+0000] {taskinstance.py:2306} INFO - Starting attempt 1 of 1
[2024-07-08T01:36:17.429+0000] {taskinstance.py:2330} INFO - Executing <Task(PythonOperator): games_etl> on 2021-07-01 00:00:00+00:00
[2024-07-08T01:36:17.436+0000] {warnings.py:110} WARNING - /home/***/.local/lib/python3.12/site-packages/***/task/task_runner/standard_task_runner.py:61: DeprecationWarning: This process (pid=30157) is multi-threaded, use of fork() may lead to deadlocks in the child.
  pid = os.fork()

[2024-07-08T01:36:17.437+0000] {standard_task_runner.py:63} INFO - Started process 30159 to run task
[2024-07-08T01:36:17.437+0000] {standard_task_runner.py:90} INFO - Running: ['***', 'tasks', 'run', 'chess_etl', 'games_etl', 'scheduled__2021-07-01T00:00:00+00:00', '--job-id', '676', '--raw', '--subdir', 'DAGS_FOLDER/chess_dag.py', '--cfg-path', '/tmp/tmp2ygfn6gh']
[2024-07-08T01:36:17.438+0000] {standard_task_runner.py:91} INFO - Job 676: Subtask games_etl
[2024-07-08T01:36:17.469+0000] {task_command.py:426} INFO - Running <TaskInstance: chess_etl.games_etl scheduled__2021-07-01T00:00:00+00:00 [running]> on host 6569f5155f0c
[2024-07-08T01:36:17.529+0000] {taskinstance.py:2648} INFO - Exporting env vars: AIRFLOW_CTX_DAG_OWNER='***' AIRFLOW_CTX_DAG_ID='chess_etl' AIRFLOW_CTX_TASK_ID='games_etl' AIRFLOW_CTX_EXECUTION_DATE='2021-07-01T00:00:00+00:00' AIRFLOW_CTX_TRY_NUMBER='1' AIRFLOW_CTX_DAG_RUN_ID='scheduled__2021-07-01T00:00:00+00:00'
[2024-07-08T01:36:17.530+0000] {taskinstance.py:430} INFO - ::endgroup::
[2024-07-08T01:36:17.531+0000] {warnings.py:110} WARNING - /home/***/.local/lib/python3.12/site-packages/***/utils/context.py:320: AirflowContextDeprecationWarning: Accessing 'execution_date' from the template is deprecated and will be removed in a future version. Please use 'data_interval_start' or 'logical_date' instead.
  warnings.warn(_create_deprecation_warning(k, replacements))

[2024-07-08T01:36:18.255+0000] {base.py:84} INFO - Using connection ID 'chess_project_s3' for task execution.
[2024-07-08T01:36:18.927+0000] {python.py:237} INFO - Done. Returned value was: None
[2024-07-08T01:36:18.927+0000] {taskinstance.py:441} INFO - ::group::Post task execution logs
[2024-07-08T01:36:18.935+0000] {taskinstance.py:1206} INFO - Marking task as SUCCESS. dag_id=chess_etl, task_id=games_etl, run_id=scheduled__2021-07-01T00:00:00+00:00, execution_date=20210701T000000, start_date=20240708T013617, end_date=20240708T013618
[2024-07-08T01:36:18.974+0000] {local_task_job_runner.py:240} INFO - Task exited with return code 0
[2024-07-08T01:36:18.993+0000] {taskinstance.py:3498} INFO - 1 downstream tasks scheduled from follow-on schedule check
[2024-07-08T01:36:18.994+0000] {local_task_job_runner.py:222} INFO - ::endgroup::
