[2024-06-03T17:39:22.898+0000] {local_task_job_runner.py:120} INFO - ::group::Pre task execution logs
[2024-06-03T17:39:22.913+0000] {taskinstance.py:2076} INFO - Dependencies all met for dep_context=non-requeueable deps ti=<TaskInstance: chess_etl.games_etl scheduled__2021-10-01T00:00:00+00:00 [queued]>
[2024-06-03T17:39:22.918+0000] {taskinstance.py:2076} INFO - Dependencies all met for dep_context=requeueable deps ti=<TaskInstance: chess_etl.games_etl scheduled__2021-10-01T00:00:00+00:00 [queued]>
[2024-06-03T17:39:22.919+0000] {taskinstance.py:2306} INFO - Starting attempt 1 of 1
[2024-06-03T17:39:22.928+0000] {taskinstance.py:2330} INFO - Executing <Task(PythonOperator): games_etl> on 2021-10-01 00:00:00+00:00
[2024-06-03T17:39:22.933+0000] {warnings.py:110} WARNING - /home/***/.local/lib/python3.12/site-packages/***/task/task_runner/standard_task_runner.py:61: DeprecationWarning: This process (pid=224) is multi-threaded, use of fork() may lead to deadlocks in the child.
  pid = os.fork()

[2024-06-03T17:39:22.935+0000] {standard_task_runner.py:63} INFO - Started process 229 to run task
[2024-06-03T17:39:22.936+0000] {standard_task_runner.py:90} INFO - Running: ['***', 'tasks', 'run', 'chess_etl', 'games_etl', 'scheduled__2021-10-01T00:00:00+00:00', '--job-id', '56', '--raw', '--subdir', 'DAGS_FOLDER/chess_dag.py', '--cfg-path', '/tmp/tmptib5ut8r']
[2024-06-03T17:39:22.937+0000] {standard_task_runner.py:91} INFO - Job 56: Subtask games_etl
[2024-06-03T17:39:22.972+0000] {task_command.py:426} INFO - Running <TaskInstance: chess_etl.games_etl scheduled__2021-10-01T00:00:00+00:00 [running]> on host a5a4421409ea
[2024-06-03T17:39:23.036+0000] {taskinstance.py:2648} INFO - Exporting env vars: AIRFLOW_CTX_DAG_OWNER='***' AIRFLOW_CTX_DAG_ID='chess_etl' AIRFLOW_CTX_TASK_ID='games_etl' AIRFLOW_CTX_EXECUTION_DATE='2021-10-01T00:00:00+00:00' AIRFLOW_CTX_TRY_NUMBER='1' AIRFLOW_CTX_DAG_RUN_ID='scheduled__2021-10-01T00:00:00+00:00'
[2024-06-03T17:39:23.037+0000] {taskinstance.py:430} INFO - ::endgroup::
[2024-06-03T17:39:23.038+0000] {warnings.py:110} WARNING - /home/***/.local/lib/python3.12/site-packages/***/utils/context.py:320: AirflowContextDeprecationWarning: Accessing 'execution_date' from the template is deprecated and will be removed in a future version. Please use 'data_interval_start' or 'logical_date' instead.
  warnings.warn(_create_deprecation_warning(k, replacements))

[2024-06-03T17:39:23.306+0000] {python.py:237} INFO - Done. Returned value was: None
[2024-06-03T17:39:23.307+0000] {taskinstance.py:441} INFO - ::group::Post task execution logs
[2024-06-03T17:39:23.314+0000] {taskinstance.py:1206} INFO - Marking task as SUCCESS. dag_id=chess_etl, task_id=games_etl, run_id=scheduled__2021-10-01T00:00:00+00:00, execution_date=20211001T000000, start_date=20240603T173922, end_date=20240603T173923
[2024-06-03T17:39:23.349+0000] {local_task_job_runner.py:240} INFO - Task exited with return code 0
[2024-06-03T17:39:23.362+0000] {taskinstance.py:3498} INFO - 1 downstream tasks scheduled from follow-on schedule check
[2024-06-03T17:39:23.363+0000] {local_task_job_runner.py:222} INFO - ::endgroup::
[2024-06-03T22:20:54.128+0000] {local_task_job_runner.py:120} INFO - ::group::Pre task execution logs
[2024-06-03T22:20:54.143+0000] {taskinstance.py:2076} INFO - Dependencies all met for dep_context=non-requeueable deps ti=<TaskInstance: chess_etl.games_etl scheduled__2021-10-01T00:00:00+00:00 [queued]>
[2024-06-03T22:20:54.148+0000] {taskinstance.py:2076} INFO - Dependencies all met for dep_context=requeueable deps ti=<TaskInstance: chess_etl.games_etl scheduled__2021-10-01T00:00:00+00:00 [queued]>
[2024-06-03T22:20:54.148+0000] {taskinstance.py:2306} INFO - Starting attempt 1 of 1
[2024-06-03T22:20:54.159+0000] {taskinstance.py:2330} INFO - Executing <Task(PythonOperator): games_etl> on 2021-10-01 00:00:00+00:00
[2024-06-03T22:20:54.167+0000] {warnings.py:110} WARNING - /home/***/.local/lib/python3.12/site-packages/***/task/task_runner/standard_task_runner.py:61: DeprecationWarning: This process (pid=29927) is multi-threaded, use of fork() may lead to deadlocks in the child.
  pid = os.fork()

[2024-06-03T22:20:54.169+0000] {standard_task_runner.py:63} INFO - Started process 29929 to run task
[2024-06-03T22:20:54.168+0000] {standard_task_runner.py:90} INFO - Running: ['***', 'tasks', 'run', 'chess_etl', 'games_etl', 'scheduled__2021-10-01T00:00:00+00:00', '--job-id', '130', '--raw', '--subdir', 'DAGS_FOLDER/chess_dag.py', '--cfg-path', '/tmp/tmpasemuk7n']
[2024-06-03T22:20:54.169+0000] {standard_task_runner.py:91} INFO - Job 130: Subtask games_etl
[2024-06-03T22:20:54.207+0000] {task_command.py:426} INFO - Running <TaskInstance: chess_etl.games_etl scheduled__2021-10-01T00:00:00+00:00 [running]> on host f55fff24b127
[2024-06-03T22:20:54.273+0000] {taskinstance.py:2648} INFO - Exporting env vars: AIRFLOW_CTX_DAG_OWNER='***' AIRFLOW_CTX_DAG_ID='chess_etl' AIRFLOW_CTX_TASK_ID='games_etl' AIRFLOW_CTX_EXECUTION_DATE='2021-10-01T00:00:00+00:00' AIRFLOW_CTX_TRY_NUMBER='1' AIRFLOW_CTX_DAG_RUN_ID='scheduled__2021-10-01T00:00:00+00:00'
[2024-06-03T22:20:54.275+0000] {taskinstance.py:430} INFO - ::endgroup::
[2024-06-03T22:20:54.276+0000] {warnings.py:110} WARNING - /home/***/.local/lib/python3.12/site-packages/***/utils/context.py:320: AirflowContextDeprecationWarning: Accessing 'execution_date' from the template is deprecated and will be removed in a future version. Please use 'data_interval_start' or 'logical_date' instead.
  warnings.warn(_create_deprecation_warning(k, replacements))

[2024-06-03T22:20:54.531+0000] {python.py:237} INFO - Done. Returned value was: None
[2024-06-03T22:20:54.532+0000] {taskinstance.py:441} INFO - ::group::Post task execution logs
[2024-06-03T22:20:54.541+0000] {taskinstance.py:1206} INFO - Marking task as SUCCESS. dag_id=chess_etl, task_id=games_etl, run_id=scheduled__2021-10-01T00:00:00+00:00, execution_date=20211001T000000, start_date=20240603T222054, end_date=20240603T222054
[2024-06-03T22:20:54.583+0000] {local_task_job_runner.py:240} INFO - Task exited with return code 0
[2024-06-03T22:20:54.603+0000] {taskinstance.py:3498} INFO - 1 downstream tasks scheduled from follow-on schedule check
[2024-06-03T22:20:54.605+0000] {local_task_job_runner.py:222} INFO - ::endgroup::
[2024-06-08T19:46:43.531+0000] {local_task_job_runner.py:120} INFO - ::group::Pre task execution logs
[2024-06-08T19:46:43.546+0000] {taskinstance.py:2076} INFO - Dependencies all met for dep_context=non-requeueable deps ti=<TaskInstance: chess_etl.games_etl scheduled__2021-10-01T00:00:00+00:00 [queued]>
[2024-06-08T19:46:43.552+0000] {taskinstance.py:2076} INFO - Dependencies all met for dep_context=requeueable deps ti=<TaskInstance: chess_etl.games_etl scheduled__2021-10-01T00:00:00+00:00 [queued]>
[2024-06-08T19:46:43.552+0000] {taskinstance.py:2306} INFO - Starting attempt 1 of 1
[2024-06-08T19:46:43.563+0000] {taskinstance.py:2330} INFO - Executing <Task(PythonOperator): games_etl> on 2021-10-01 00:00:00+00:00
[2024-06-08T19:46:43.570+0000] {warnings.py:110} WARNING - /home/***/.local/lib/python3.12/site-packages/***/task/task_runner/standard_task_runner.py:61: DeprecationWarning: This process (pid=30356) is multi-threaded, use of fork() may lead to deadlocks in the child.
  pid = os.fork()

[2024-06-08T19:46:43.572+0000] {standard_task_runner.py:63} INFO - Started process 30366 to run task
[2024-06-08T19:46:43.572+0000] {standard_task_runner.py:90} INFO - Running: ['***', 'tasks', 'run', 'chess_etl', 'games_etl', 'scheduled__2021-10-01T00:00:00+00:00', '--job-id', '306', '--raw', '--subdir', 'DAGS_FOLDER/chess_dag.py', '--cfg-path', '/tmp/tmpe83vb3su']
[2024-06-08T19:46:43.573+0000] {standard_task_runner.py:91} INFO - Job 306: Subtask games_etl
[2024-06-08T19:46:43.606+0000] {task_command.py:426} INFO - Running <TaskInstance: chess_etl.games_etl scheduled__2021-10-01T00:00:00+00:00 [running]> on host bf0ade909435
[2024-06-08T19:46:43.667+0000] {taskinstance.py:2648} INFO - Exporting env vars: AIRFLOW_CTX_DAG_OWNER='***' AIRFLOW_CTX_DAG_ID='chess_etl' AIRFLOW_CTX_TASK_ID='games_etl' AIRFLOW_CTX_EXECUTION_DATE='2021-10-01T00:00:00+00:00' AIRFLOW_CTX_TRY_NUMBER='1' AIRFLOW_CTX_DAG_RUN_ID='scheduled__2021-10-01T00:00:00+00:00'
[2024-06-08T19:46:43.668+0000] {taskinstance.py:430} INFO - ::endgroup::
[2024-06-08T19:46:43.669+0000] {warnings.py:110} WARNING - /home/***/.local/lib/python3.12/site-packages/***/utils/context.py:320: AirflowContextDeprecationWarning: Accessing 'execution_date' from the template is deprecated and will be removed in a future version. Please use 'data_interval_start' or 'logical_date' instead.
  warnings.warn(_create_deprecation_warning(k, replacements))

[2024-06-08T19:46:44.017+0000] {python.py:237} INFO - Done. Returned value was: None
[2024-06-08T19:46:44.018+0000] {taskinstance.py:441} INFO - ::group::Post task execution logs
[2024-06-08T19:46:44.024+0000] {taskinstance.py:1206} INFO - Marking task as SUCCESS. dag_id=chess_etl, task_id=games_etl, run_id=scheduled__2021-10-01T00:00:00+00:00, execution_date=20211001T000000, start_date=20240608T194643, end_date=20240608T194644
[2024-06-08T19:46:44.066+0000] {local_task_job_runner.py:240} INFO - Task exited with return code 0
[2024-06-08T19:46:44.080+0000] {taskinstance.py:3498} INFO - 1 downstream tasks scheduled from follow-on schedule check
[2024-06-08T19:46:44.081+0000] {local_task_job_runner.py:222} INFO - ::endgroup::
[2024-07-08T01:44:55.091+0000] {local_task_job_runner.py:120} INFO - ::group::Pre task execution logs
[2024-07-08T01:44:55.105+0000] {taskinstance.py:2076} INFO - Dependencies all met for dep_context=non-requeueable deps ti=<TaskInstance: chess_etl.games_etl scheduled__2021-10-01T00:00:00+00:00 [queued]>
[2024-07-08T01:44:55.110+0000] {taskinstance.py:2076} INFO - Dependencies all met for dep_context=requeueable deps ti=<TaskInstance: chess_etl.games_etl scheduled__2021-10-01T00:00:00+00:00 [queued]>
[2024-07-08T01:44:55.111+0000] {taskinstance.py:2306} INFO - Starting attempt 1 of 1
[2024-07-08T01:44:55.120+0000] {taskinstance.py:2330} INFO - Executing <Task(PythonOperator): games_etl> on 2021-10-01 00:00:00+00:00
[2024-07-08T01:44:55.128+0000] {warnings.py:110} WARNING - /home/***/.local/lib/python3.12/site-packages/***/task/task_runner/standard_task_runner.py:61: DeprecationWarning: This process (pid=31215) is multi-threaded, use of fork() may lead to deadlocks in the child.
  pid = os.fork()

[2024-07-08T01:44:55.130+0000] {standard_task_runner.py:63} INFO - Started process 31217 to run task
[2024-07-08T01:44:55.129+0000] {standard_task_runner.py:90} INFO - Running: ['***', 'tasks', 'run', 'chess_etl', 'games_etl', 'scheduled__2021-10-01T00:00:00+00:00', '--job-id', '688', '--raw', '--subdir', 'DAGS_FOLDER/chess_dag.py', '--cfg-path', '/tmp/tmpl4ir4n3h']
[2024-07-08T01:44:55.130+0000] {standard_task_runner.py:91} INFO - Job 688: Subtask games_etl
[2024-07-08T01:44:55.169+0000] {task_command.py:426} INFO - Running <TaskInstance: chess_etl.games_etl scheduled__2021-10-01T00:00:00+00:00 [running]> on host 6569f5155f0c
[2024-07-08T01:44:55.239+0000] {taskinstance.py:2648} INFO - Exporting env vars: AIRFLOW_CTX_DAG_OWNER='***' AIRFLOW_CTX_DAG_ID='chess_etl' AIRFLOW_CTX_TASK_ID='games_etl' AIRFLOW_CTX_EXECUTION_DATE='2021-10-01T00:00:00+00:00' AIRFLOW_CTX_TRY_NUMBER='1' AIRFLOW_CTX_DAG_RUN_ID='scheduled__2021-10-01T00:00:00+00:00'
[2024-07-08T01:44:55.241+0000] {taskinstance.py:430} INFO - ::endgroup::
[2024-07-08T01:44:55.242+0000] {warnings.py:110} WARNING - /home/***/.local/lib/python3.12/site-packages/***/utils/context.py:320: AirflowContextDeprecationWarning: Accessing 'execution_date' from the template is deprecated and will be removed in a future version. Please use 'data_interval_start' or 'logical_date' instead.
  warnings.warn(_create_deprecation_warning(k, replacements))

[2024-07-08T01:44:55.500+0000] {python.py:237} INFO - Done. Returned value was: None
[2024-07-08T01:44:55.502+0000] {taskinstance.py:441} INFO - ::group::Post task execution logs
[2024-07-08T01:44:55.510+0000] {taskinstance.py:1206} INFO - Marking task as SUCCESS. dag_id=chess_etl, task_id=games_etl, run_id=scheduled__2021-10-01T00:00:00+00:00, execution_date=20211001T000000, start_date=20240708T014455, end_date=20240708T014455
[2024-07-08T01:44:55.544+0000] {local_task_job_runner.py:240} INFO - Task exited with return code 0
[2024-07-08T01:44:55.563+0000] {taskinstance.py:3498} INFO - 1 downstream tasks scheduled from follow-on schedule check
[2024-07-08T01:44:55.565+0000] {local_task_job_runner.py:222} INFO - ::endgroup::
