[2024-06-03T17:39:02.589+0000] {local_task_job_runner.py:120} INFO - ::group::Pre task execution logs
[2024-06-03T17:39:02.604+0000] {taskinstance.py:2076} INFO - Dependencies all met for dep_context=non-requeueable deps ti=<TaskInstance: chess_etl.games_etl scheduled__2021-01-01T00:00:00+00:00 [queued]>
[2024-06-03T17:39:02.609+0000] {taskinstance.py:2076} INFO - Dependencies all met for dep_context=requeueable deps ti=<TaskInstance: chess_etl.games_etl scheduled__2021-01-01T00:00:00+00:00 [queued]>
[2024-06-03T17:39:02.610+0000] {taskinstance.py:2306} INFO - Starting attempt 1 of 1
[2024-06-03T17:39:02.619+0000] {taskinstance.py:2330} INFO - Executing <Task(PythonOperator): games_etl> on 2021-01-01 00:00:00+00:00
[2024-06-03T17:39:02.624+0000] {warnings.py:110} WARNING - /home/***/.local/lib/python3.12/site-packages/***/task/task_runner/standard_task_runner.py:61: DeprecationWarning: This process (pid=186) is multi-threaded, use of fork() may lead to deadlocks in the child.
  pid = os.fork()

[2024-06-03T17:39:02.626+0000] {standard_task_runner.py:63} INFO - Started process 190 to run task
[2024-06-03T17:39:02.626+0000] {standard_task_runner.py:90} INFO - Running: ['***', 'tasks', 'run', 'chess_etl', 'games_etl', 'scheduled__2021-01-01T00:00:00+00:00', '--job-id', '45', '--raw', '--subdir', 'DAGS_FOLDER/chess_dag.py', '--cfg-path', '/tmp/tmp2rtpwb8o']
[2024-06-03T17:39:02.627+0000] {standard_task_runner.py:91} INFO - Job 45: Subtask games_etl
[2024-06-03T17:39:02.658+0000] {task_command.py:426} INFO - Running <TaskInstance: chess_etl.games_etl scheduled__2021-01-01T00:00:00+00:00 [running]> on host a5a4421409ea
[2024-06-03T17:39:02.717+0000] {taskinstance.py:2648} INFO - Exporting env vars: AIRFLOW_CTX_DAG_OWNER='***' AIRFLOW_CTX_DAG_ID='chess_etl' AIRFLOW_CTX_TASK_ID='games_etl' AIRFLOW_CTX_EXECUTION_DATE='2021-01-01T00:00:00+00:00' AIRFLOW_CTX_TRY_NUMBER='1' AIRFLOW_CTX_DAG_RUN_ID='scheduled__2021-01-01T00:00:00+00:00'
[2024-06-03T17:39:02.719+0000] {taskinstance.py:430} INFO - ::endgroup::
[2024-06-03T17:39:02.720+0000] {warnings.py:110} WARNING - /home/***/.local/lib/python3.12/site-packages/***/utils/context.py:320: AirflowContextDeprecationWarning: Accessing 'execution_date' from the template is deprecated and will be removed in a future version. Please use 'data_interval_start' or 'logical_date' instead.
  warnings.warn(_create_deprecation_warning(k, replacements))

[2024-06-03T17:39:04.042+0000] {taskinstance.py:441} INFO - ::group::Post task execution logs
[2024-06-03T17:39:04.049+0000] {taskinstance.py:2905} ERROR - Task failed with exception
Traceback (most recent call last):
  File "/home/airflow/.local/lib/python3.12/site-packages/airflow/models/taskinstance.py", line 465, in _execute_task
    result = _execute_callable(context=context, **execute_callable_kwargs)
             ^^^^^^^^^^^^^^^^^^^^^^^^^^^^^^^^^^^^^^^^^^^^^^^^^^^^^^^^^^^^^
  File "/home/airflow/.local/lib/python3.12/site-packages/airflow/models/taskinstance.py", line 432, in _execute_callable
    return execute_callable(context=context, **execute_callable_kwargs)
           ^^^^^^^^^^^^^^^^^^^^^^^^^^^^^^^^^^^^^^^^^^^^^^^^^^^^^^^^^^^^
  File "/home/airflow/.local/lib/python3.12/site-packages/airflow/models/baseoperator.py", line 400, in wrapper
    return func(self, *args, **kwargs)
           ^^^^^^^^^^^^^^^^^^^^^^^^^^^
  File "/home/airflow/.local/lib/python3.12/site-packages/airflow/operators/python.py", line 235, in execute
    return_value = self.execute_callable()
                   ^^^^^^^^^^^^^^^^^^^^^^^
  File "/home/airflow/.local/lib/python3.12/site-packages/airflow/operators/python.py", line 252, in execute_callable
    return self.python_callable(*self.op_args, **self.op_kwargs)
           ^^^^^^^^^^^^^^^^^^^^^^^^^^^^^^^^^^^^^^^^^^^^^^^^^^^^^
  File "/opt/airflow/dags/chess_dag.py", line 19, in games_etl_task
    return get_monthly_games(execution_date)
           ^^^^^^^^^^^^^^^^^^^^^^^^^^^^^^^^^
  File "/opt/airflow/dags/chess_etl_code.py", line 60, in get_monthly_games
    connection = BaseHook.get_connection('chess_project_s3')
                 ^^^^^^^^^^^^^^^^^^^^^^^^^^^^^^^^^^^^^^^^^^^
  File "/home/airflow/.local/lib/python3.12/site-packages/airflow/hooks/base.py", line 83, in get_connection
    conn = Connection.get_connection_from_secrets(conn_id)
           ^^^^^^^^^^^^^^^^^^^^^^^^^^^^^^^^^^^^^^^^^^^^^^^
  File "/home/airflow/.local/lib/python3.12/site-packages/airflow/models/connection.py", line 519, in get_connection_from_secrets
    raise AirflowNotFoundException(f"The conn_id `{conn_id}` isn't defined")
airflow.exceptions.AirflowNotFoundException: The conn_id `chess_project_s3` isn't defined
[2024-06-03T17:39:04.056+0000] {taskinstance.py:1206} INFO - Marking task as FAILED. dag_id=chess_etl, task_id=games_etl, run_id=scheduled__2021-01-01T00:00:00+00:00, execution_date=20210101T000000, start_date=20240603T173902, end_date=20240603T173904
[2024-06-03T17:39:04.065+0000] {standard_task_runner.py:110} ERROR - Failed to execute job 45 for task games_etl (The conn_id `chess_project_s3` isn't defined; 190)
[2024-06-03T17:39:04.083+0000] {local_task_job_runner.py:240} INFO - Task exited with return code 1
[2024-06-03T17:39:04.101+0000] {taskinstance.py:3498} INFO - 0 downstream tasks scheduled from follow-on schedule check
[2024-06-03T17:39:04.104+0000] {local_task_job_runner.py:222} INFO - ::endgroup::
[2024-06-03T21:09:55.952+0000] {local_task_job_runner.py:120} INFO - ::group::Pre task execution logs
[2024-06-03T21:09:55.969+0000] {taskinstance.py:2076} INFO - Dependencies all met for dep_context=non-requeueable deps ti=<TaskInstance: chess_etl.games_etl scheduled__2021-01-01T00:00:00+00:00 [queued]>
[2024-06-03T21:09:55.977+0000] {taskinstance.py:2076} INFO - Dependencies all met for dep_context=requeueable deps ti=<TaskInstance: chess_etl.games_etl scheduled__2021-01-01T00:00:00+00:00 [queued]>
[2024-06-03T21:09:55.977+0000] {taskinstance.py:2306} INFO - Starting attempt 1 of 1
[2024-06-03T21:09:55.988+0000] {taskinstance.py:2330} INFO - Executing <Task(PythonOperator): games_etl> on 2021-01-01 00:00:00+00:00
[2024-06-03T21:09:55.994+0000] {warnings.py:110} WARNING - /home/***/.local/lib/python3.12/site-packages/***/task/task_runner/standard_task_runner.py:61: DeprecationWarning: This process (pid=21927) is multi-threaded, use of fork() may lead to deadlocks in the child.
  pid = os.fork()

[2024-06-03T21:09:55.997+0000] {standard_task_runner.py:63} INFO - Started process 21937 to run task
[2024-06-03T21:09:55.997+0000] {standard_task_runner.py:90} INFO - Running: ['***', 'tasks', 'run', 'chess_etl', 'games_etl', 'scheduled__2021-01-01T00:00:00+00:00', '--job-id', '112', '--raw', '--subdir', 'DAGS_FOLDER/chess_dag.py', '--cfg-path', '/tmp/tmprmn_klm2']
[2024-06-03T21:09:55.998+0000] {standard_task_runner.py:91} INFO - Job 112: Subtask games_etl
[2024-06-03T21:09:56.057+0000] {task_command.py:426} INFO - Running <TaskInstance: chess_etl.games_etl scheduled__2021-01-01T00:00:00+00:00 [running]> on host f55fff24b127
[2024-06-03T21:09:56.144+0000] {taskinstance.py:2648} INFO - Exporting env vars: AIRFLOW_CTX_DAG_OWNER='***' AIRFLOW_CTX_DAG_ID='chess_etl' AIRFLOW_CTX_TASK_ID='games_etl' AIRFLOW_CTX_EXECUTION_DATE='2021-01-01T00:00:00+00:00' AIRFLOW_CTX_TRY_NUMBER='1' AIRFLOW_CTX_DAG_RUN_ID='scheduled__2021-01-01T00:00:00+00:00'
[2024-06-03T21:09:56.145+0000] {taskinstance.py:430} INFO - ::endgroup::
[2024-06-03T21:09:56.147+0000] {warnings.py:110} WARNING - /home/***/.local/lib/python3.12/site-packages/***/utils/context.py:320: AirflowContextDeprecationWarning: Accessing 'execution_date' from the template is deprecated and will be removed in a future version. Please use 'data_interval_start' or 'logical_date' instead.
  warnings.warn(_create_deprecation_warning(k, replacements))

[2024-06-03T21:09:57.549+0000] {base.py:84} INFO - Using connection ID 'chess_project_s3' for task execution.
[2024-06-03T21:09:58.390+0000] {python.py:237} INFO - Done. Returned value was: None
[2024-06-03T21:09:58.391+0000] {taskinstance.py:441} INFO - ::group::Post task execution logs
[2024-06-03T21:09:58.402+0000] {taskinstance.py:1206} INFO - Marking task as SUCCESS. dag_id=chess_etl, task_id=games_etl, run_id=scheduled__2021-01-01T00:00:00+00:00, execution_date=20210101T000000, start_date=20240603T210955, end_date=20240603T210958
[2024-06-03T21:09:58.459+0000] {local_task_job_runner.py:240} INFO - Task exited with return code 0
[2024-06-03T21:09:58.478+0000] {taskinstance.py:3498} INFO - 1 downstream tasks scheduled from follow-on schedule check
[2024-06-03T21:09:58.480+0000] {local_task_job_runner.py:222} INFO - ::endgroup::
[2024-06-08T18:26:37.393+0000] {local_task_job_runner.py:120} INFO - ::group::Pre task execution logs
[2024-06-08T18:26:37.411+0000] {taskinstance.py:2076} INFO - Dependencies all met for dep_context=non-requeueable deps ti=<TaskInstance: chess_etl.games_etl scheduled__2021-01-01T00:00:00+00:00 [queued]>
[2024-06-08T18:26:37.420+0000] {taskinstance.py:2076} INFO - Dependencies all met for dep_context=requeueable deps ti=<TaskInstance: chess_etl.games_etl scheduled__2021-01-01T00:00:00+00:00 [queued]>
[2024-06-08T18:26:37.421+0000] {taskinstance.py:2306} INFO - Starting attempt 1 of 1
[2024-06-08T18:26:37.436+0000] {taskinstance.py:2330} INFO - Executing <Task(PythonOperator): games_etl> on 2021-01-01 00:00:00+00:00
[2024-06-08T18:26:37.445+0000] {warnings.py:110} WARNING - /home/***/.local/lib/python3.12/site-packages/***/task/task_runner/standard_task_runner.py:61: DeprecationWarning: This process (pid=21411) is multi-threaded, use of fork() may lead to deadlocks in the child.
  pid = os.fork()

[2024-06-08T18:26:37.447+0000] {standard_task_runner.py:63} INFO - Started process 21413 to run task
[2024-06-08T18:26:37.447+0000] {standard_task_runner.py:90} INFO - Running: ['***', 'tasks', 'run', 'chess_etl', 'games_etl', 'scheduled__2021-01-01T00:00:00+00:00', '--job-id', '288', '--raw', '--subdir', 'DAGS_FOLDER/chess_dag.py', '--cfg-path', '/tmp/tmpjwo28kpc']
[2024-06-08T18:26:37.449+0000] {standard_task_runner.py:91} INFO - Job 288: Subtask games_etl
[2024-06-08T18:26:37.495+0000] {task_command.py:426} INFO - Running <TaskInstance: chess_etl.games_etl scheduled__2021-01-01T00:00:00+00:00 [running]> on host bf0ade909435
[2024-06-08T18:26:37.583+0000] {taskinstance.py:2648} INFO - Exporting env vars: AIRFLOW_CTX_DAG_OWNER='***' AIRFLOW_CTX_DAG_ID='chess_etl' AIRFLOW_CTX_TASK_ID='games_etl' AIRFLOW_CTX_EXECUTION_DATE='2021-01-01T00:00:00+00:00' AIRFLOW_CTX_TRY_NUMBER='1' AIRFLOW_CTX_DAG_RUN_ID='scheduled__2021-01-01T00:00:00+00:00'
[2024-06-08T18:26:37.585+0000] {taskinstance.py:430} INFO - ::endgroup::
[2024-06-08T18:26:37.587+0000] {warnings.py:110} WARNING - /home/***/.local/lib/python3.12/site-packages/***/utils/context.py:320: AirflowContextDeprecationWarning: Accessing 'execution_date' from the template is deprecated and will be removed in a future version. Please use 'data_interval_start' or 'logical_date' instead.
  warnings.warn(_create_deprecation_warning(k, replacements))

[2024-06-08T18:26:39.018+0000] {base.py:84} INFO - Using connection ID 'chess_project_s3' for task execution.
[2024-06-08T18:26:39.917+0000] {python.py:237} INFO - Done. Returned value was: None
[2024-06-08T18:26:39.918+0000] {taskinstance.py:441} INFO - ::group::Post task execution logs
[2024-06-08T18:26:39.927+0000] {taskinstance.py:1206} INFO - Marking task as SUCCESS. dag_id=chess_etl, task_id=games_etl, run_id=scheduled__2021-01-01T00:00:00+00:00, execution_date=20210101T000000, start_date=20240608T182637, end_date=20240608T182639
[2024-06-08T18:26:39.949+0000] {local_task_job_runner.py:240} INFO - Task exited with return code 0
[2024-06-08T18:26:39.970+0000] {taskinstance.py:3498} INFO - 1 downstream tasks scheduled from follow-on schedule check
[2024-06-08T18:26:39.972+0000] {local_task_job_runner.py:222} INFO - ::endgroup::
[2024-07-08T00:37:09.781+0000] {local_task_job_runner.py:120} INFO - ::group::Pre task execution logs
[2024-07-08T00:37:09.799+0000] {taskinstance.py:2076} INFO - Dependencies all met for dep_context=non-requeueable deps ti=<TaskInstance: chess_etl.games_etl scheduled__2021-01-01T00:00:00+00:00 [queued]>
[2024-07-08T00:37:09.805+0000] {taskinstance.py:2076} INFO - Dependencies all met for dep_context=requeueable deps ti=<TaskInstance: chess_etl.games_etl scheduled__2021-01-01T00:00:00+00:00 [queued]>
[2024-07-08T00:37:09.805+0000] {taskinstance.py:2306} INFO - Starting attempt 1 of 1
[2024-07-08T00:37:09.814+0000] {taskinstance.py:2330} INFO - Executing <Task(PythonOperator): games_etl> on 2021-01-01 00:00:00+00:00
[2024-07-08T00:37:09.821+0000] {warnings.py:110} WARNING - /home/***/.local/lib/python3.12/site-packages/***/task/task_runner/standard_task_runner.py:61: DeprecationWarning: This process (pid=23148) is multi-threaded, use of fork() may lead to deadlocks in the child.
  pid = os.fork()

[2024-07-08T00:37:09.823+0000] {standard_task_runner.py:63} INFO - Started process 23150 to run task
[2024-07-08T00:37:09.823+0000] {standard_task_runner.py:90} INFO - Running: ['***', 'tasks', 'run', 'chess_etl', 'games_etl', 'scheduled__2021-01-01T00:00:00+00:00', '--job-id', '652', '--raw', '--subdir', 'DAGS_FOLDER/chess_dag.py', '--cfg-path', '/tmp/tmp2s30ctwy']
[2024-07-08T00:37:09.824+0000] {standard_task_runner.py:91} INFO - Job 652: Subtask games_etl
[2024-07-08T00:37:09.857+0000] {task_command.py:426} INFO - Running <TaskInstance: chess_etl.games_etl scheduled__2021-01-01T00:00:00+00:00 [running]> on host 6569f5155f0c
[2024-07-08T00:37:09.915+0000] {taskinstance.py:2648} INFO - Exporting env vars: AIRFLOW_CTX_DAG_OWNER='***' AIRFLOW_CTX_DAG_ID='chess_etl' AIRFLOW_CTX_TASK_ID='games_etl' AIRFLOW_CTX_EXECUTION_DATE='2021-01-01T00:00:00+00:00' AIRFLOW_CTX_TRY_NUMBER='1' AIRFLOW_CTX_DAG_RUN_ID='scheduled__2021-01-01T00:00:00+00:00'
[2024-07-08T00:37:09.916+0000] {taskinstance.py:430} INFO - ::endgroup::
[2024-07-08T00:37:09.917+0000] {warnings.py:110} WARNING - /home/***/.local/lib/python3.12/site-packages/***/utils/context.py:320: AirflowContextDeprecationWarning: Accessing 'execution_date' from the template is deprecated and will be removed in a future version. Please use 'data_interval_start' or 'logical_date' instead.
  warnings.warn(_create_deprecation_warning(k, replacements))

[2024-07-08T00:37:11.260+0000] {base.py:84} INFO - Using connection ID 'chess_project_s3' for task execution.
[2024-07-08T00:37:12.080+0000] {python.py:237} INFO - Done. Returned value was: None
[2024-07-08T00:37:12.081+0000] {taskinstance.py:441} INFO - ::group::Post task execution logs
[2024-07-08T00:37:12.089+0000] {taskinstance.py:1206} INFO - Marking task as SUCCESS. dag_id=chess_etl, task_id=games_etl, run_id=scheduled__2021-01-01T00:00:00+00:00, execution_date=20210101T000000, start_date=20240708T003709, end_date=20240708T003712
[2024-07-08T00:37:12.123+0000] {local_task_job_runner.py:240} INFO - Task exited with return code 0
[2024-07-08T00:37:12.140+0000] {taskinstance.py:3498} INFO - 1 downstream tasks scheduled from follow-on schedule check
[2024-07-08T00:37:12.141+0000] {local_task_job_runner.py:222} INFO - ::endgroup::
