[2024-07-07T18:38:01.359+0000] {local_task_job_runner.py:120} INFO - ::group::Pre task execution logs
[2024-07-07T18:38:01.373+0000] {taskinstance.py:2076} INFO - Dependencies all met for dep_context=non-requeueable deps ti=<TaskInstance: chess_etl.redshift_game_load scheduled__2023-01-01T00:00:00+00:00 [queued]>
[2024-07-07T18:38:01.378+0000] {taskinstance.py:2076} INFO - Dependencies all met for dep_context=requeueable deps ti=<TaskInstance: chess_etl.redshift_game_load scheduled__2023-01-01T00:00:00+00:00 [queued]>
[2024-07-07T18:38:01.379+0000] {taskinstance.py:2306} INFO - Starting attempt 1 of 1
[2024-07-07T18:38:01.387+0000] {taskinstance.py:2330} INFO - Executing <Task(PythonOperator): redshift_game_load> on 2023-01-01 00:00:00+00:00
[2024-07-07T18:38:01.392+0000] {warnings.py:110} WARNING - /home/***/.local/lib/python3.12/site-packages/***/task/task_runner/standard_task_runner.py:61: DeprecationWarning: This process (pid=1547) is multi-threaded, use of fork() may lead to deadlocks in the child.
  pid = os.fork()

[2024-07-07T18:38:01.393+0000] {standard_task_runner.py:63} INFO - Started process 1552 to run task
[2024-07-07T18:38:01.393+0000] {standard_task_runner.py:90} INFO - Running: ['***', 'tasks', 'run', 'chess_etl', 'redshift_game_load', 'scheduled__2023-01-01T00:00:00+00:00', '--job-id', '461', '--pool', 'default_pool', '--raw', '--subdir', 'DAGS_FOLDER/chess_dag.py', '--cfg-path', '/tmp/tmpbvapiab1']
[2024-07-07T18:38:01.394+0000] {standard_task_runner.py:91} INFO - Job 461: Subtask redshift_game_load
[2024-07-07T18:38:01.426+0000] {task_command.py:426} INFO - Running <TaskInstance: chess_etl.redshift_game_load scheduled__2023-01-01T00:00:00+00:00 [running]> on host cb919e35e0e9
[2024-07-07T18:38:01.484+0000] {taskinstance.py:2648} INFO - Exporting env vars: AIRFLOW_CTX_DAG_OWNER='***' AIRFLOW_CTX_DAG_ID='chess_etl' AIRFLOW_CTX_TASK_ID='redshift_game_load' AIRFLOW_CTX_EXECUTION_DATE='2023-01-01T00:00:00+00:00' AIRFLOW_CTX_TRY_NUMBER='1' AIRFLOW_CTX_DAG_RUN_ID='scheduled__2023-01-01T00:00:00+00:00'
[2024-07-07T18:38:01.485+0000] {taskinstance.py:430} INFO - ::endgroup::
[2024-07-07T18:38:01.486+0000] {warnings.py:110} WARNING - /home/***/.local/lib/python3.12/site-packages/***/utils/context.py:320: AirflowContextDeprecationWarning: Accessing 'execution_date' from the template is deprecated and will be removed in a future version. Please use 'data_interval_start' or 'logical_date' instead.
  warnings.warn(_create_deprecation_warning(k, replacements))

[2024-07-07T18:38:01.491+0000] {base.py:84} INFO - Using connection ID 'chess_project_s3' for task execution.
[2024-07-07T18:38:02.245+0000] {base.py:84} INFO - Using connection ID 'chess_project_redshift' for task execution.
[2024-07-07T18:38:06.238+0000] {python.py:237} INFO - Done. Returned value was: None
[2024-07-07T18:38:06.239+0000] {taskinstance.py:441} INFO - ::group::Post task execution logs
[2024-07-07T18:38:06.245+0000] {taskinstance.py:1206} INFO - Marking task as SUCCESS. dag_id=chess_etl, task_id=redshift_game_load, run_id=scheduled__2023-01-01T00:00:00+00:00, execution_date=20230101T000000, start_date=20240707T183801, end_date=20240707T183806
[2024-07-07T18:38:06.265+0000] {local_task_job_runner.py:240} INFO - Task exited with return code 0
[2024-07-07T18:38:06.276+0000] {taskinstance.py:3498} INFO - 0 downstream tasks scheduled from follow-on schedule check
[2024-07-07T18:38:06.277+0000] {local_task_job_runner.py:222} INFO - ::endgroup::
[2024-07-08T04:05:06.380+0000] {local_task_job_runner.py:120} INFO - ::group::Pre task execution logs
[2024-07-08T04:05:06.395+0000] {taskinstance.py:2076} INFO - Dependencies all met for dep_context=non-requeueable deps ti=<TaskInstance: chess_etl.redshift_game_load scheduled__2023-01-01T00:00:00+00:00 [queued]>
[2024-07-08T04:05:06.400+0000] {taskinstance.py:2076} INFO - Dependencies all met for dep_context=requeueable deps ti=<TaskInstance: chess_etl.redshift_game_load scheduled__2023-01-01T00:00:00+00:00 [queued]>
[2024-07-08T04:05:06.400+0000] {taskinstance.py:2306} INFO - Starting attempt 1 of 1
[2024-07-08T04:05:06.410+0000] {taskinstance.py:2330} INFO - Executing <Task(PythonOperator): redshift_game_load> on 2023-01-01 00:00:00+00:00
[2024-07-08T04:05:06.418+0000] {warnings.py:110} WARNING - /home/***/.local/lib/python3.12/site-packages/***/task/task_runner/standard_task_runner.py:61: DeprecationWarning: This process (pid=47797) is multi-threaded, use of fork() may lead to deadlocks in the child.
  pid = os.fork()

[2024-07-08T04:05:06.419+0000] {standard_task_runner.py:63} INFO - Started process 47799 to run task
[2024-07-08T04:05:06.419+0000] {standard_task_runner.py:90} INFO - Running: ['***', 'tasks', 'run', 'chess_etl', 'redshift_game_load', 'scheduled__2023-01-01T00:00:00+00:00', '--job-id', '754', '--raw', '--subdir', 'DAGS_FOLDER/chess_dag.py', '--cfg-path', '/tmp/tmp9fvzuspu']
[2024-07-08T04:05:06.420+0000] {standard_task_runner.py:91} INFO - Job 754: Subtask redshift_game_load
[2024-07-08T04:05:06.456+0000] {task_command.py:426} INFO - Running <TaskInstance: chess_etl.redshift_game_load scheduled__2023-01-01T00:00:00+00:00 [running]> on host 6569f5155f0c
[2024-07-08T04:05:06.516+0000] {taskinstance.py:2648} INFO - Exporting env vars: AIRFLOW_CTX_DAG_OWNER='***' AIRFLOW_CTX_DAG_ID='chess_etl' AIRFLOW_CTX_TASK_ID='redshift_game_load' AIRFLOW_CTX_EXECUTION_DATE='2023-01-01T00:00:00+00:00' AIRFLOW_CTX_TRY_NUMBER='1' AIRFLOW_CTX_DAG_RUN_ID='scheduled__2023-01-01T00:00:00+00:00'
[2024-07-08T04:05:06.517+0000] {taskinstance.py:430} INFO - ::endgroup::
[2024-07-08T04:05:06.518+0000] {warnings.py:110} WARNING - /home/***/.local/lib/python3.12/site-packages/***/utils/context.py:320: AirflowContextDeprecationWarning: Accessing 'execution_date' from the template is deprecated and will be removed in a future version. Please use 'data_interval_start' or 'logical_date' instead.
  warnings.warn(_create_deprecation_warning(k, replacements))

[2024-07-08T04:05:06.524+0000] {base.py:84} INFO - Using connection ID 'chess_project_s3' for task execution.
[2024-07-08T04:05:07.342+0000] {base.py:84} INFO - Using connection ID 'chess_project_redshift' for task execution.
[2024-07-08T04:05:09.229+0000] {python.py:237} INFO - Done. Returned value was: None
[2024-07-08T04:05:09.230+0000] {taskinstance.py:441} INFO - ::group::Post task execution logs
[2024-07-08T04:05:09.236+0000] {taskinstance.py:1206} INFO - Marking task as SUCCESS. dag_id=chess_etl, task_id=redshift_game_load, run_id=scheduled__2023-01-01T00:00:00+00:00, execution_date=20230101T000000, start_date=20240708T040506, end_date=20240708T040509
[2024-07-08T04:05:09.280+0000] {local_task_job_runner.py:240} INFO - Task exited with return code 0
[2024-07-08T04:05:09.299+0000] {taskinstance.py:3498} INFO - 1 downstream tasks scheduled from follow-on schedule check
[2024-07-08T04:05:09.300+0000] {local_task_job_runner.py:222} INFO - ::endgroup::
