[2024-07-07T18:35:51.360+0000] {local_task_job_runner.py:120} INFO - ::group::Pre task execution logs
[2024-07-07T18:35:51.373+0000] {taskinstance.py:2076} INFO - Dependencies all met for dep_context=non-requeueable deps ti=<TaskInstance: chess_etl.redshift_game_load scheduled__2021-08-01T00:00:00+00:00 [queued]>
[2024-07-07T18:35:51.379+0000] {taskinstance.py:2076} INFO - Dependencies all met for dep_context=requeueable deps ti=<TaskInstance: chess_etl.redshift_game_load scheduled__2021-08-01T00:00:00+00:00 [queued]>
[2024-07-07T18:35:51.379+0000] {taskinstance.py:2306} INFO - Starting attempt 1 of 1
[2024-07-07T18:35:51.388+0000] {taskinstance.py:2330} INFO - Executing <Task(PythonOperator): redshift_game_load> on 2021-08-01 00:00:00+00:00
[2024-07-07T18:35:51.392+0000] {warnings.py:110} WARNING - /home/***/.local/lib/python3.12/site-packages/***/task/task_runner/standard_task_runner.py:61: DeprecationWarning: This process (pid=1428) is multi-threaded, use of fork() may lead to deadlocks in the child.
  pid = os.fork()

[2024-07-07T18:35:51.394+0000] {standard_task_runner.py:63} INFO - Started process 1432 to run task
[2024-07-07T18:35:51.394+0000] {standard_task_runner.py:90} INFO - Running: ['***', 'tasks', 'run', 'chess_etl', 'redshift_game_load', 'scheduled__2021-08-01T00:00:00+00:00', '--job-id', '443', '--pool', 'default_pool', '--raw', '--subdir', 'DAGS_FOLDER/chess_dag.py', '--cfg-path', '/tmp/tmpk5hb6ggs']
[2024-07-07T18:35:51.395+0000] {standard_task_runner.py:91} INFO - Job 443: Subtask redshift_game_load
[2024-07-07T18:35:51.429+0000] {task_command.py:426} INFO - Running <TaskInstance: chess_etl.redshift_game_load scheduled__2021-08-01T00:00:00+00:00 [running]> on host cb919e35e0e9
[2024-07-07T18:35:51.486+0000] {taskinstance.py:2648} INFO - Exporting env vars: AIRFLOW_CTX_DAG_OWNER='***' AIRFLOW_CTX_DAG_ID='chess_etl' AIRFLOW_CTX_TASK_ID='redshift_game_load' AIRFLOW_CTX_EXECUTION_DATE='2021-08-01T00:00:00+00:00' AIRFLOW_CTX_TRY_NUMBER='1' AIRFLOW_CTX_DAG_RUN_ID='scheduled__2021-08-01T00:00:00+00:00'
[2024-07-07T18:35:51.487+0000] {taskinstance.py:430} INFO - ::endgroup::
[2024-07-07T18:35:51.488+0000] {warnings.py:110} WARNING - /home/***/.local/lib/python3.12/site-packages/***/utils/context.py:320: AirflowContextDeprecationWarning: Accessing 'execution_date' from the template is deprecated and will be removed in a future version. Please use 'data_interval_start' or 'logical_date' instead.
  warnings.warn(_create_deprecation_warning(k, replacements))

[2024-07-07T18:35:51.493+0000] {base.py:84} INFO - Using connection ID 'chess_project_s3' for task execution.
[2024-07-07T18:35:52.252+0000] {base.py:84} INFO - Using connection ID 'chess_project_redshift' for task execution.
[2024-07-07T18:35:55.803+0000] {python.py:237} INFO - Done. Returned value was: None
[2024-07-07T18:35:55.804+0000] {taskinstance.py:441} INFO - ::group::Post task execution logs
[2024-07-07T18:35:55.810+0000] {taskinstance.py:1206} INFO - Marking task as SUCCESS. dag_id=chess_etl, task_id=redshift_game_load, run_id=scheduled__2021-08-01T00:00:00+00:00, execution_date=20210801T000000, start_date=20240707T183551, end_date=20240707T183555
[2024-07-07T18:35:55.859+0000] {local_task_job_runner.py:240} INFO - Task exited with return code 0
[2024-07-07T18:35:55.872+0000] {taskinstance.py:3498} INFO - 0 downstream tasks scheduled from follow-on schedule check
[2024-07-07T18:35:55.873+0000] {local_task_job_runner.py:222} INFO - ::endgroup::
[2024-07-08T01:44:34.911+0000] {local_task_job_runner.py:120} INFO - ::group::Pre task execution logs
[2024-07-08T01:44:34.924+0000] {taskinstance.py:2076} INFO - Dependencies all met for dep_context=non-requeueable deps ti=<TaskInstance: chess_etl.redshift_game_load scheduled__2021-08-01T00:00:00+00:00 [queued]>
[2024-07-08T01:44:34.929+0000] {taskinstance.py:2076} INFO - Dependencies all met for dep_context=requeueable deps ti=<TaskInstance: chess_etl.redshift_game_load scheduled__2021-08-01T00:00:00+00:00 [queued]>
[2024-07-08T01:44:34.929+0000] {taskinstance.py:2306} INFO - Starting attempt 1 of 1
[2024-07-08T01:44:34.938+0000] {taskinstance.py:2330} INFO - Executing <Task(PythonOperator): redshift_game_load> on 2021-08-01 00:00:00+00:00
[2024-07-08T01:44:34.945+0000] {warnings.py:110} WARNING - /home/***/.local/lib/python3.12/site-packages/***/task/task_runner/standard_task_runner.py:61: DeprecationWarning: This process (pid=31164) is multi-threaded, use of fork() may lead to deadlocks in the child.
  pid = os.fork()

[2024-07-08T01:44:34.947+0000] {standard_task_runner.py:63} INFO - Started process 31166 to run task
[2024-07-08T01:44:34.947+0000] {standard_task_runner.py:90} INFO - Running: ['***', 'tasks', 'run', 'chess_etl', 'redshift_game_load', 'scheduled__2021-08-01T00:00:00+00:00', '--job-id', '682', '--raw', '--subdir', 'DAGS_FOLDER/chess_dag.py', '--cfg-path', '/tmp/tmprbm__cyi']
[2024-07-08T01:44:34.948+0000] {standard_task_runner.py:91} INFO - Job 682: Subtask redshift_game_load
[2024-07-08T01:44:34.983+0000] {task_command.py:426} INFO - Running <TaskInstance: chess_etl.redshift_game_load scheduled__2021-08-01T00:00:00+00:00 [running]> on host 6569f5155f0c
[2024-07-08T01:44:35.048+0000] {taskinstance.py:2648} INFO - Exporting env vars: AIRFLOW_CTX_DAG_OWNER='***' AIRFLOW_CTX_DAG_ID='chess_etl' AIRFLOW_CTX_TASK_ID='redshift_game_load' AIRFLOW_CTX_EXECUTION_DATE='2021-08-01T00:00:00+00:00' AIRFLOW_CTX_TRY_NUMBER='1' AIRFLOW_CTX_DAG_RUN_ID='scheduled__2021-08-01T00:00:00+00:00'
[2024-07-08T01:44:35.049+0000] {taskinstance.py:430} INFO - ::endgroup::
[2024-07-08T01:44:35.050+0000] {warnings.py:110} WARNING - /home/***/.local/lib/python3.12/site-packages/***/utils/context.py:320: AirflowContextDeprecationWarning: Accessing 'execution_date' from the template is deprecated and will be removed in a future version. Please use 'data_interval_start' or 'logical_date' instead.
  warnings.warn(_create_deprecation_warning(k, replacements))

[2024-07-08T01:44:35.056+0000] {base.py:84} INFO - Using connection ID 'chess_project_s3' for task execution.
[2024-07-08T01:44:35.848+0000] {base.py:84} INFO - Using connection ID 'chess_project_redshift' for task execution.
[2024-07-08T01:44:37.642+0000] {python.py:237} INFO - Done. Returned value was: None
[2024-07-08T01:44:37.643+0000] {taskinstance.py:441} INFO - ::group::Post task execution logs
[2024-07-08T01:44:37.649+0000] {taskinstance.py:1206} INFO - Marking task as SUCCESS. dag_id=chess_etl, task_id=redshift_game_load, run_id=scheduled__2021-08-01T00:00:00+00:00, execution_date=20210801T000000, start_date=20240708T014434, end_date=20240708T014437
[2024-07-08T01:44:37.692+0000] {local_task_job_runner.py:240} INFO - Task exited with return code 0
[2024-07-08T01:44:37.709+0000] {taskinstance.py:3498} INFO - 1 downstream tasks scheduled from follow-on schedule check
[2024-07-08T01:44:37.710+0000] {local_task_job_runner.py:222} INFO - ::endgroup::
