[2024-06-03T20:23:26.201+0000] {local_task_job_runner.py:120} INFO - ::group::Pre task execution logs
[2024-06-03T20:23:26.221+0000] {taskinstance.py:2076} INFO - Dependencies all met for dep_context=non-requeueable deps ti=<TaskInstance: chess_etl.blunders_etl scheduled__2020-09-01T00:00:00+00:00 [queued]>
[2024-06-03T20:23:26.228+0000] {taskinstance.py:2076} INFO - Dependencies all met for dep_context=requeueable deps ti=<TaskInstance: chess_etl.blunders_etl scheduled__2020-09-01T00:00:00+00:00 [queued]>
[2024-06-03T20:23:26.229+0000] {taskinstance.py:2306} INFO - Starting attempt 1 of 1
[2024-06-03T20:23:26.242+0000] {taskinstance.py:2330} INFO - Executing <Task(PythonOperator): blunders_etl> on 2020-09-01 00:00:00+00:00
[2024-06-03T20:23:26.248+0000] {warnings.py:110} WARNING - /home/***/.local/lib/python3.12/site-packages/***/task/task_runner/standard_task_runner.py:61: DeprecationWarning: This process (pid=16630) is multi-threaded, use of fork() may lead to deadlocks in the child.
  pid = os.fork()

[2024-06-03T20:23:26.250+0000] {standard_task_runner.py:63} INFO - Started process 16632 to run task
[2024-06-03T20:23:26.250+0000] {standard_task_runner.py:90} INFO - Running: ['***', 'tasks', 'run', 'chess_etl', 'blunders_etl', 'scheduled__2020-09-01T00:00:00+00:00', '--job-id', '105', '--raw', '--subdir', 'DAGS_FOLDER/chess_dag.py', '--cfg-path', '/tmp/tmpoi_travn']
[2024-06-03T20:23:26.252+0000] {standard_task_runner.py:91} INFO - Job 105: Subtask blunders_etl
[2024-06-03T20:23:26.296+0000] {task_command.py:426} INFO - Running <TaskInstance: chess_etl.blunders_etl scheduled__2020-09-01T00:00:00+00:00 [running]> on host f55fff24b127
[2024-06-03T20:23:26.378+0000] {taskinstance.py:2648} INFO - Exporting env vars: AIRFLOW_CTX_DAG_OWNER='***' AIRFLOW_CTX_DAG_ID='chess_etl' AIRFLOW_CTX_TASK_ID='blunders_etl' AIRFLOW_CTX_EXECUTION_DATE='2020-09-01T00:00:00+00:00' AIRFLOW_CTX_TRY_NUMBER='1' AIRFLOW_CTX_DAG_RUN_ID='scheduled__2020-09-01T00:00:00+00:00'
[2024-06-03T20:23:26.379+0000] {taskinstance.py:430} INFO - ::endgroup::
[2024-06-03T20:23:26.380+0000] {warnings.py:110} WARNING - /home/***/.local/lib/python3.12/site-packages/***/utils/context.py:320: AirflowContextDeprecationWarning: Accessing 'execution_date' from the template is deprecated and will be removed in a future version. Please use 'data_interval_start' or 'logical_date' instead.
  warnings.warn(_create_deprecation_warning(k, replacements))

[2024-06-03T20:23:26.388+0000] {base.py:84} INFO - Using connection ID 'chess_project_s3' for task execution.
[2024-06-03T21:09:52.221+0000] {python.py:237} INFO - Done. Returned value was: None
[2024-06-03T21:09:52.225+0000] {taskinstance.py:441} INFO - ::group::Post task execution logs
[2024-06-03T21:09:52.256+0000] {taskinstance.py:1206} INFO - Marking task as SUCCESS. dag_id=chess_etl, task_id=blunders_etl, run_id=scheduled__2020-09-01T00:00:00+00:00, execution_date=20200901T000000, start_date=20240603T202326, end_date=20240603T210952
[2024-06-03T21:09:52.320+0000] {local_task_job_runner.py:240} INFO - Task exited with return code 0
[2024-06-03T21:09:52.346+0000] {taskinstance.py:3498} INFO - 0 downstream tasks scheduled from follow-on schedule check
[2024-06-03T21:09:52.348+0000] {local_task_job_runner.py:222} INFO - ::endgroup::
[2024-06-08T17:14:26.242+0000] {local_task_job_runner.py:120} INFO - ::group::Pre task execution logs
[2024-06-08T17:14:26.260+0000] {taskinstance.py:2076} INFO - Dependencies all met for dep_context=non-requeueable deps ti=<TaskInstance: chess_etl.blunders_etl scheduled__2020-09-01T00:00:00+00:00 [queued]>
[2024-06-08T17:14:26.269+0000] {taskinstance.py:2076} INFO - Dependencies all met for dep_context=requeueable deps ti=<TaskInstance: chess_etl.blunders_etl scheduled__2020-09-01T00:00:00+00:00 [queued]>
[2024-06-08T17:14:26.269+0000] {taskinstance.py:2306} INFO - Starting attempt 1 of 1
[2024-06-08T17:14:26.281+0000] {taskinstance.py:2330} INFO - Executing <Task(PythonOperator): blunders_etl> on 2020-09-01 00:00:00+00:00
[2024-06-08T17:14:26.290+0000] {warnings.py:110} WARNING - /home/***/.local/lib/python3.12/site-packages/***/task/task_runner/standard_task_runner.py:61: DeprecationWarning: This process (pid=14084) is multi-threaded, use of fork() may lead to deadlocks in the child.
  pid = os.fork()

[2024-06-08T17:14:26.292+0000] {standard_task_runner.py:90} INFO - Running: ['***', 'tasks', 'run', 'chess_etl', 'blunders_etl', 'scheduled__2020-09-01T00:00:00+00:00', '--job-id', '281', '--raw', '--subdir', 'DAGS_FOLDER/chess_dag.py', '--cfg-path', '/tmp/tmp8y9_blap']
[2024-06-08T17:14:26.292+0000] {standard_task_runner.py:63} INFO - Started process 14086 to run task
[2024-06-08T17:14:26.293+0000] {standard_task_runner.py:91} INFO - Job 281: Subtask blunders_etl
[2024-06-08T17:14:26.332+0000] {task_command.py:426} INFO - Running <TaskInstance: chess_etl.blunders_etl scheduled__2020-09-01T00:00:00+00:00 [running]> on host bf0ade909435
[2024-06-08T17:14:26.400+0000] {taskinstance.py:2648} INFO - Exporting env vars: AIRFLOW_CTX_DAG_OWNER='***' AIRFLOW_CTX_DAG_ID='chess_etl' AIRFLOW_CTX_TASK_ID='blunders_etl' AIRFLOW_CTX_EXECUTION_DATE='2020-09-01T00:00:00+00:00' AIRFLOW_CTX_TRY_NUMBER='1' AIRFLOW_CTX_DAG_RUN_ID='scheduled__2020-09-01T00:00:00+00:00'
[2024-06-08T17:14:26.402+0000] {taskinstance.py:430} INFO - ::endgroup::
[2024-06-08T17:14:26.403+0000] {warnings.py:110} WARNING - /home/***/.local/lib/python3.12/site-packages/***/utils/context.py:320: AirflowContextDeprecationWarning: Accessing 'execution_date' from the template is deprecated and will be removed in a future version. Please use 'data_interval_start' or 'logical_date' instead.
  warnings.warn(_create_deprecation_warning(k, replacements))

[2024-06-08T17:14:26.411+0000] {base.py:84} INFO - Using connection ID 'chess_project_s3' for task execution.
[2024-06-08T18:00:13.777+0000] {python.py:237} INFO - Done. Returned value was: None
[2024-06-08T18:00:13.783+0000] {taskinstance.py:441} INFO - ::group::Post task execution logs
[2024-06-08T18:00:13.814+0000] {taskinstance.py:1206} INFO - Marking task as SUCCESS. dag_id=chess_etl, task_id=blunders_etl, run_id=scheduled__2020-09-01T00:00:00+00:00, execution_date=20200901T000000, start_date=20240608T171426, end_date=20240608T180013
[2024-06-08T18:00:13.890+0000] {local_task_job_runner.py:240} INFO - Task exited with return code 0
[2024-06-08T18:00:13.921+0000] {taskinstance.py:3498} INFO - 0 downstream tasks scheduled from follow-on schedule check
[2024-06-08T18:00:13.922+0000] {local_task_job_runner.py:222} INFO - ::endgroup::
[2024-07-07T23:54:08.658+0000] {local_task_job_runner.py:120} INFO - ::group::Pre task execution logs
[2024-07-07T23:54:08.675+0000] {taskinstance.py:2076} INFO - Dependencies all met for dep_context=non-requeueable deps ti=<TaskInstance: chess_etl.blunders_etl scheduled__2020-09-01T00:00:00+00:00 [queued]>
[2024-07-07T23:54:08.682+0000] {taskinstance.py:2076} INFO - Dependencies all met for dep_context=requeueable deps ti=<TaskInstance: chess_etl.blunders_etl scheduled__2020-09-01T00:00:00+00:00 [queued]>
[2024-07-07T23:54:08.682+0000] {taskinstance.py:2306} INFO - Starting attempt 1 of 1
[2024-07-07T23:54:08.694+0000] {taskinstance.py:2330} INFO - Executing <Task(PythonOperator): blunders_etl> on 2020-09-01 00:00:00+00:00
[2024-07-07T23:54:08.702+0000] {warnings.py:110} WARNING - /home/***/.local/lib/python3.12/site-packages/***/task/task_runner/standard_task_runner.py:61: DeprecationWarning: This process (pid=17854) is multi-threaded, use of fork() may lead to deadlocks in the child.
  pid = os.fork()

[2024-07-07T23:54:08.704+0000] {standard_task_runner.py:63} INFO - Started process 17856 to run task
[2024-07-07T23:54:08.704+0000] {standard_task_runner.py:90} INFO - Running: ['***', 'tasks', 'run', 'chess_etl', 'blunders_etl', 'scheduled__2020-09-01T00:00:00+00:00', '--job-id', '637', '--raw', '--subdir', 'DAGS_FOLDER/chess_dag.py', '--cfg-path', '/tmp/tmppz5uhfre']
[2024-07-07T23:54:08.705+0000] {standard_task_runner.py:91} INFO - Job 637: Subtask blunders_etl
[2024-07-07T23:54:08.747+0000] {task_command.py:426} INFO - Running <TaskInstance: chess_etl.blunders_etl scheduled__2020-09-01T00:00:00+00:00 [running]> on host 6569f5155f0c
[2024-07-07T23:54:08.813+0000] {taskinstance.py:2648} INFO - Exporting env vars: AIRFLOW_CTX_DAG_OWNER='***' AIRFLOW_CTX_DAG_ID='chess_etl' AIRFLOW_CTX_TASK_ID='blunders_etl' AIRFLOW_CTX_EXECUTION_DATE='2020-09-01T00:00:00+00:00' AIRFLOW_CTX_TRY_NUMBER='1' AIRFLOW_CTX_DAG_RUN_ID='scheduled__2020-09-01T00:00:00+00:00'
[2024-07-07T23:54:08.814+0000] {taskinstance.py:430} INFO - ::endgroup::
[2024-07-07T23:54:08.815+0000] {warnings.py:110} WARNING - /home/***/.local/lib/python3.12/site-packages/***/utils/context.py:320: AirflowContextDeprecationWarning: Accessing 'execution_date' from the template is deprecated and will be removed in a future version. Please use 'data_interval_start' or 'logical_date' instead.
  warnings.warn(_create_deprecation_warning(k, replacements))

[2024-07-07T23:54:08.821+0000] {base.py:84} INFO - Using connection ID 'chess_project_s3' for task execution.
[2024-07-08T00:36:56.235+0000] {python.py:237} INFO - Done. Returned value was: None
[2024-07-08T00:36:56.235+0000] {taskinstance.py:441} INFO - ::group::Post task execution logs
[2024-07-08T00:36:56.244+0000] {taskinstance.py:1206} INFO - Marking task as SUCCESS. dag_id=chess_etl, task_id=blunders_etl, run_id=scheduled__2020-09-01T00:00:00+00:00, execution_date=20200901T000000, start_date=20240707T235408, end_date=20240708T003656
[2024-07-08T00:36:56.302+0000] {local_task_job_runner.py:240} INFO - Task exited with return code 0
[2024-07-08T00:36:56.321+0000] {taskinstance.py:3498} INFO - 1 downstream tasks scheduled from follow-on schedule check
[2024-07-08T00:36:56.322+0000] {local_task_job_runner.py:222} INFO - ::endgroup::
