[2024-06-03T17:38:32.264+0000] {local_task_job_runner.py:120} INFO - ::group::Pre task execution logs
[2024-06-03T17:38:32.279+0000] {taskinstance.py:2076} INFO - Dependencies all met for dep_context=non-requeueable deps ti=<TaskInstance: chess_etl.games_etl scheduled__2020-01-01T00:00:00+00:00 [queued]>
[2024-06-03T17:38:32.284+0000] {taskinstance.py:2076} INFO - Dependencies all met for dep_context=requeueable deps ti=<TaskInstance: chess_etl.games_etl scheduled__2020-01-01T00:00:00+00:00 [queued]>
[2024-06-03T17:38:32.285+0000] {taskinstance.py:2306} INFO - Starting attempt 1 of 1
[2024-06-03T17:38:32.293+0000] {taskinstance.py:2330} INFO - Executing <Task(PythonOperator): games_etl> on 2020-01-01 00:00:00+00:00
[2024-06-03T17:38:32.298+0000] {warnings.py:110} WARNING - /home/***/.local/lib/python3.12/site-packages/***/task/task_runner/standard_task_runner.py:61: DeprecationWarning: This process (pid=131) is multi-threaded, use of fork() may lead to deadlocks in the child.
  pid = os.fork()

[2024-06-03T17:38:32.299+0000] {standard_task_runner.py:63} INFO - Started process 135 to run task
[2024-06-03T17:38:32.300+0000] {standard_task_runner.py:90} INFO - Running: ['***', 'tasks', 'run', 'chess_etl', 'games_etl', 'scheduled__2020-01-01T00:00:00+00:00', '--job-id', '29', '--raw', '--subdir', 'DAGS_FOLDER/chess_dag.py', '--cfg-path', '/tmp/tmpqcyqa03m']
[2024-06-03T17:38:32.301+0000] {standard_task_runner.py:91} INFO - Job 29: Subtask games_etl
[2024-06-03T17:38:32.331+0000] {task_command.py:426} INFO - Running <TaskInstance: chess_etl.games_etl scheduled__2020-01-01T00:00:00+00:00 [running]> on host a5a4421409ea
[2024-06-03T17:38:32.384+0000] {taskinstance.py:2648} INFO - Exporting env vars: AIRFLOW_CTX_DAG_OWNER='***' AIRFLOW_CTX_DAG_ID='chess_etl' AIRFLOW_CTX_TASK_ID='games_etl' AIRFLOW_CTX_EXECUTION_DATE='2020-01-01T00:00:00+00:00' AIRFLOW_CTX_TRY_NUMBER='1' AIRFLOW_CTX_DAG_RUN_ID='scheduled__2020-01-01T00:00:00+00:00'
[2024-06-03T17:38:32.385+0000] {taskinstance.py:430} INFO - ::endgroup::
[2024-06-03T17:38:32.386+0000] {warnings.py:110} WARNING - /home/***/.local/lib/python3.12/site-packages/***/utils/context.py:320: AirflowContextDeprecationWarning: Accessing 'execution_date' from the template is deprecated and will be removed in a future version. Please use 'data_interval_start' or 'logical_date' instead.
  warnings.warn(_create_deprecation_warning(k, replacements))

[2024-06-03T17:38:32.617+0000] {python.py:237} INFO - Done. Returned value was: None
[2024-06-03T17:38:32.618+0000] {taskinstance.py:441} INFO - ::group::Post task execution logs
[2024-06-03T17:38:32.625+0000] {taskinstance.py:1206} INFO - Marking task as SUCCESS. dag_id=chess_etl, task_id=games_etl, run_id=scheduled__2020-01-01T00:00:00+00:00, execution_date=20200101T000000, start_date=20240603T173832, end_date=20240603T173832
[2024-06-03T17:38:32.673+0000] {local_task_job_runner.py:240} INFO - Task exited with return code 0
[2024-06-03T17:38:32.687+0000] {taskinstance.py:3498} INFO - 1 downstream tasks scheduled from follow-on schedule check
[2024-06-03T17:38:32.689+0000] {local_task_job_runner.py:222} INFO - ::endgroup::
[2024-06-03T17:45:21.067+0000] {local_task_job_runner.py:120} INFO - ::group::Pre task execution logs
[2024-06-03T17:45:21.082+0000] {taskinstance.py:2076} INFO - Dependencies all met for dep_context=non-requeueable deps ti=<TaskInstance: chess_etl.games_etl scheduled__2020-01-01T00:00:00+00:00 [queued]>
[2024-06-03T17:45:21.088+0000] {taskinstance.py:2076} INFO - Dependencies all met for dep_context=requeueable deps ti=<TaskInstance: chess_etl.games_etl scheduled__2020-01-01T00:00:00+00:00 [queued]>
[2024-06-03T17:45:21.089+0000] {taskinstance.py:2306} INFO - Starting attempt 1 of 1
[2024-06-03T17:45:21.098+0000] {taskinstance.py:2330} INFO - Executing <Task(PythonOperator): games_etl> on 2020-01-01 00:00:00+00:00
[2024-06-03T17:45:21.104+0000] {warnings.py:110} WARNING - /home/***/.local/lib/python3.12/site-packages/***/task/task_runner/standard_task_runner.py:61: DeprecationWarning: This process (pid=195) is multi-threaded, use of fork() may lead to deadlocks in the child.
  pid = os.fork()

[2024-06-03T17:45:21.106+0000] {standard_task_runner.py:63} INFO - Started process 197 to run task
[2024-06-03T17:45:21.106+0000] {standard_task_runner.py:90} INFO - Running: ['***', 'tasks', 'run', 'chess_etl', 'games_etl', 'scheduled__2020-01-01T00:00:00+00:00', '--job-id', '88', '--raw', '--subdir', 'DAGS_FOLDER/chess_dag.py', '--cfg-path', '/tmp/tmpmxenq0o0']
[2024-06-03T17:45:21.107+0000] {standard_task_runner.py:91} INFO - Job 88: Subtask games_etl
[2024-06-03T17:45:21.140+0000] {task_command.py:426} INFO - Running <TaskInstance: chess_etl.games_etl scheduled__2020-01-01T00:00:00+00:00 [running]> on host f55fff24b127
[2024-06-03T17:45:21.207+0000] {taskinstance.py:2648} INFO - Exporting env vars: AIRFLOW_CTX_DAG_OWNER='***' AIRFLOW_CTX_DAG_ID='chess_etl' AIRFLOW_CTX_TASK_ID='games_etl' AIRFLOW_CTX_EXECUTION_DATE='2020-01-01T00:00:00+00:00' AIRFLOW_CTX_TRY_NUMBER='1' AIRFLOW_CTX_DAG_RUN_ID='scheduled__2020-01-01T00:00:00+00:00'
[2024-06-03T17:45:21.208+0000] {taskinstance.py:430} INFO - ::endgroup::
[2024-06-03T17:45:21.209+0000] {warnings.py:110} WARNING - /home/***/.local/lib/python3.12/site-packages/***/utils/context.py:320: AirflowContextDeprecationWarning: Accessing 'execution_date' from the template is deprecated and will be removed in a future version. Please use 'data_interval_start' or 'logical_date' instead.
  warnings.warn(_create_deprecation_warning(k, replacements))

[2024-06-03T17:45:21.442+0000] {python.py:237} INFO - Done. Returned value was: None
[2024-06-03T17:45:21.443+0000] {taskinstance.py:441} INFO - ::group::Post task execution logs
[2024-06-03T17:45:21.449+0000] {taskinstance.py:1206} INFO - Marking task as SUCCESS. dag_id=chess_etl, task_id=games_etl, run_id=scheduled__2020-01-01T00:00:00+00:00, execution_date=20200101T000000, start_date=20240603T174521, end_date=20240603T174521
[2024-06-03T17:45:21.479+0000] {local_task_job_runner.py:240} INFO - Task exited with return code 0
[2024-06-03T17:45:21.493+0000] {taskinstance.py:3498} INFO - 1 downstream tasks scheduled from follow-on schedule check
[2024-06-03T17:45:21.494+0000] {local_task_job_runner.py:222} INFO - ::endgroup::
[2024-06-08T14:10:49.851+0000] {local_task_job_runner.py:120} INFO - ::group::Pre task execution logs
[2024-06-08T14:10:49.867+0000] {taskinstance.py:2076} INFO - Dependencies all met for dep_context=non-requeueable deps ti=<TaskInstance: chess_etl.games_etl scheduled__2020-01-01T00:00:00+00:00 [queued]>
[2024-06-08T14:10:49.874+0000] {taskinstance.py:2076} INFO - Dependencies all met for dep_context=requeueable deps ti=<TaskInstance: chess_etl.games_etl scheduled__2020-01-01T00:00:00+00:00 [queued]>
[2024-06-08T14:10:49.875+0000] {taskinstance.py:2306} INFO - Starting attempt 1 of 1
[2024-06-08T14:10:49.886+0000] {taskinstance.py:2330} INFO - Executing <Task(PythonOperator): games_etl> on 2020-01-01 00:00:00+00:00
[2024-06-08T14:10:49.892+0000] {warnings.py:110} WARNING - /home/***/.local/lib/python3.12/site-packages/***/task/task_runner/standard_task_runner.py:61: DeprecationWarning: This process (pid=211) is multi-threaded, use of fork() may lead to deadlocks in the child.
  pid = os.fork()

[2024-06-08T14:10:49.894+0000] {standard_task_runner.py:63} INFO - Started process 213 to run task
[2024-06-08T14:10:49.894+0000] {standard_task_runner.py:90} INFO - Running: ['***', 'tasks', 'run', 'chess_etl', 'games_etl', 'scheduled__2020-01-01T00:00:00+00:00', '--job-id', '228', '--raw', '--subdir', 'DAGS_FOLDER/chess_dag.py', '--cfg-path', '/tmp/tmp8b09s5f5']
[2024-06-08T14:10:49.895+0000] {standard_task_runner.py:91} INFO - Job 228: Subtask games_etl
[2024-06-08T14:10:49.934+0000] {task_command.py:426} INFO - Running <TaskInstance: chess_etl.games_etl scheduled__2020-01-01T00:00:00+00:00 [running]> on host 3c9d89bfdaf1
[2024-06-08T14:10:49.998+0000] {taskinstance.py:2648} INFO - Exporting env vars: AIRFLOW_CTX_DAG_OWNER='***' AIRFLOW_CTX_DAG_ID='chess_etl' AIRFLOW_CTX_TASK_ID='games_etl' AIRFLOW_CTX_EXECUTION_DATE='2020-01-01T00:00:00+00:00' AIRFLOW_CTX_TRY_NUMBER='1' AIRFLOW_CTX_DAG_RUN_ID='scheduled__2020-01-01T00:00:00+00:00'
[2024-06-08T14:10:49.999+0000] {taskinstance.py:430} INFO - ::endgroup::
[2024-06-08T14:10:50.000+0000] {warnings.py:110} WARNING - /home/***/.local/lib/python3.12/site-packages/***/utils/context.py:320: AirflowContextDeprecationWarning: Accessing 'execution_date' from the template is deprecated and will be removed in a future version. Please use 'data_interval_start' or 'logical_date' instead.
  warnings.warn(_create_deprecation_warning(k, replacements))

[2024-06-08T14:10:50.293+0000] {python.py:237} INFO - Done. Returned value was: None
[2024-06-08T14:10:50.294+0000] {taskinstance.py:441} INFO - ::group::Post task execution logs
[2024-06-08T14:10:50.302+0000] {taskinstance.py:1206} INFO - Marking task as SUCCESS. dag_id=chess_etl, task_id=games_etl, run_id=scheduled__2020-01-01T00:00:00+00:00, execution_date=20200101T000000, start_date=20240608T141049, end_date=20240608T141050
[2024-06-08T14:10:50.348+0000] {local_task_job_runner.py:240} INFO - Task exited with return code 0
[2024-06-08T14:10:50.362+0000] {taskinstance.py:3498} INFO - 1 downstream tasks scheduled from follow-on schedule check
[2024-06-08T14:10:50.364+0000] {local_task_job_runner.py:222} INFO - ::endgroup::
[2024-06-08T14:52:17.074+0000] {local_task_job_runner.py:120} INFO - ::group::Pre task execution logs
[2024-06-08T14:52:17.088+0000] {taskinstance.py:2076} INFO - Dependencies all met for dep_context=non-requeueable deps ti=<TaskInstance: chess_etl.games_etl scheduled__2020-01-01T00:00:00+00:00 [queued]>
[2024-06-08T14:52:17.094+0000] {taskinstance.py:2076} INFO - Dependencies all met for dep_context=requeueable deps ti=<TaskInstance: chess_etl.games_etl scheduled__2020-01-01T00:00:00+00:00 [queued]>
[2024-06-08T14:52:17.095+0000] {taskinstance.py:2306} INFO - Starting attempt 1 of 1
[2024-06-08T14:52:17.105+0000] {taskinstance.py:2330} INFO - Executing <Task(PythonOperator): games_etl> on 2020-01-01 00:00:00+00:00
[2024-06-08T14:52:17.112+0000] {warnings.py:110} WARNING - /home/***/.local/lib/python3.12/site-packages/***/task/task_runner/standard_task_runner.py:61: DeprecationWarning: This process (pid=321) is multi-threaded, use of fork() may lead to deadlocks in the child.
  pid = os.fork()

[2024-06-08T14:52:17.113+0000] {standard_task_runner.py:63} INFO - Started process 323 to run task
[2024-06-08T14:52:17.113+0000] {standard_task_runner.py:90} INFO - Running: ['***', 'tasks', 'run', 'chess_etl', 'games_etl', 'scheduled__2020-01-01T00:00:00+00:00', '--job-id', '264', '--raw', '--subdir', 'DAGS_FOLDER/chess_dag.py', '--cfg-path', '/tmp/tmplojen3vu']
[2024-06-08T14:52:17.114+0000] {standard_task_runner.py:91} INFO - Job 264: Subtask games_etl
[2024-06-08T14:52:17.152+0000] {task_command.py:426} INFO - Running <TaskInstance: chess_etl.games_etl scheduled__2020-01-01T00:00:00+00:00 [running]> on host bf0ade909435
[2024-06-08T14:52:17.223+0000] {taskinstance.py:2648} INFO - Exporting env vars: AIRFLOW_CTX_DAG_OWNER='***' AIRFLOW_CTX_DAG_ID='chess_etl' AIRFLOW_CTX_TASK_ID='games_etl' AIRFLOW_CTX_EXECUTION_DATE='2020-01-01T00:00:00+00:00' AIRFLOW_CTX_TRY_NUMBER='1' AIRFLOW_CTX_DAG_RUN_ID='scheduled__2020-01-01T00:00:00+00:00'
[2024-06-08T14:52:17.225+0000] {taskinstance.py:430} INFO - ::endgroup::
[2024-06-08T14:52:17.225+0000] {warnings.py:110} WARNING - /home/***/.local/lib/python3.12/site-packages/***/utils/context.py:320: AirflowContextDeprecationWarning: Accessing 'execution_date' from the template is deprecated and will be removed in a future version. Please use 'data_interval_start' or 'logical_date' instead.
  warnings.warn(_create_deprecation_warning(k, replacements))

[2024-06-08T14:52:17.442+0000] {python.py:237} INFO - Done. Returned value was: None
[2024-06-08T14:52:17.443+0000] {taskinstance.py:441} INFO - ::group::Post task execution logs
[2024-06-08T14:52:17.450+0000] {taskinstance.py:1206} INFO - Marking task as SUCCESS. dag_id=chess_etl, task_id=games_etl, run_id=scheduled__2020-01-01T00:00:00+00:00, execution_date=20200101T000000, start_date=20240608T145217, end_date=20240608T145217
[2024-06-08T14:52:17.487+0000] {local_task_job_runner.py:240} INFO - Task exited with return code 0
[2024-06-08T14:52:17.501+0000] {taskinstance.py:3498} INFO - 1 downstream tasks scheduled from follow-on schedule check
[2024-06-08T14:52:17.503+0000] {local_task_job_runner.py:222} INFO - ::endgroup::
[2024-07-07T21:20:47.225+0000] {local_task_job_runner.py:120} INFO - ::group::Pre task execution logs
[2024-07-07T21:20:47.240+0000] {taskinstance.py:2076} INFO - Dependencies all met for dep_context=non-requeueable deps ti=<TaskInstance: chess_etl.games_etl scheduled__2020-01-01T00:00:00+00:00 [queued]>
[2024-07-07T21:20:47.245+0000] {taskinstance.py:2076} INFO - Dependencies all met for dep_context=requeueable deps ti=<TaskInstance: chess_etl.games_etl scheduled__2020-01-01T00:00:00+00:00 [queued]>
[2024-07-07T21:20:47.245+0000] {taskinstance.py:2306} INFO - Starting attempt 1 of 1
[2024-07-07T21:20:47.254+0000] {taskinstance.py:2330} INFO - Executing <Task(PythonOperator): games_etl> on 2020-01-01 00:00:00+00:00
[2024-07-07T21:20:47.259+0000] {warnings.py:110} WARNING - /home/***/.local/lib/python3.12/site-packages/***/task/task_runner/standard_task_runner.py:61: DeprecationWarning: This process (pid=1398) is multi-threaded, use of fork() may lead to deadlocks in the child.
  pid = os.fork()

[2024-07-07T21:20:47.261+0000] {standard_task_runner.py:63} INFO - Started process 1400 to run task
[2024-07-07T21:20:47.261+0000] {standard_task_runner.py:90} INFO - Running: ['***', 'tasks', 'run', 'chess_etl', 'games_etl', 'scheduled__2020-01-01T00:00:00+00:00', '--job-id', '604', '--raw', '--subdir', 'DAGS_FOLDER/chess_dag.py', '--cfg-path', '/tmp/tmpjlaq77ch']
[2024-07-07T21:20:47.262+0000] {standard_task_runner.py:91} INFO - Job 604: Subtask games_etl
[2024-07-07T21:20:47.296+0000] {task_command.py:426} INFO - Running <TaskInstance: chess_etl.games_etl scheduled__2020-01-01T00:00:00+00:00 [running]> on host 6569f5155f0c
[2024-07-07T21:20:47.352+0000] {taskinstance.py:2648} INFO - Exporting env vars: AIRFLOW_CTX_DAG_OWNER='***' AIRFLOW_CTX_DAG_ID='chess_etl' AIRFLOW_CTX_TASK_ID='games_etl' AIRFLOW_CTX_EXECUTION_DATE='2020-01-01T00:00:00+00:00' AIRFLOW_CTX_TRY_NUMBER='1' AIRFLOW_CTX_DAG_RUN_ID='scheduled__2020-01-01T00:00:00+00:00'
[2024-07-07T21:20:47.353+0000] {taskinstance.py:430} INFO - ::endgroup::
[2024-07-07T21:20:47.353+0000] {warnings.py:110} WARNING - /home/***/.local/lib/python3.12/site-packages/***/utils/context.py:320: AirflowContextDeprecationWarning: Accessing 'execution_date' from the template is deprecated and will be removed in a future version. Please use 'data_interval_start' or 'logical_date' instead.
  warnings.warn(_create_deprecation_warning(k, replacements))

[2024-07-07T21:20:47.568+0000] {python.py:237} INFO - Done. Returned value was: None
[2024-07-07T21:20:47.569+0000] {taskinstance.py:441} INFO - ::group::Post task execution logs
[2024-07-07T21:20:47.577+0000] {taskinstance.py:1206} INFO - Marking task as SUCCESS. dag_id=chess_etl, task_id=games_etl, run_id=scheduled__2020-01-01T00:00:00+00:00, execution_date=20200101T000000, start_date=20240707T212047, end_date=20240707T212047
[2024-07-07T21:20:47.595+0000] {local_task_job_runner.py:240} INFO - Task exited with return code 0
[2024-07-07T21:20:47.617+0000] {taskinstance.py:3498} INFO - 1 downstream tasks scheduled from follow-on schedule check
[2024-07-07T21:20:47.618+0000] {local_task_job_runner.py:222} INFO - ::endgroup::
