[2024-06-03T17:38:47.441+0000] {local_task_job_runner.py:120} INFO - ::group::Pre task execution logs
[2024-06-03T17:38:47.457+0000] {taskinstance.py:2076} INFO - Dependencies all met for dep_context=non-requeueable deps ti=<TaskInstance: chess_etl.games_etl scheduled__2020-06-01T00:00:00+00:00 [queued]>
[2024-06-03T17:38:47.464+0000] {taskinstance.py:2076} INFO - Dependencies all met for dep_context=requeueable deps ti=<TaskInstance: chess_etl.games_etl scheduled__2020-06-01T00:00:00+00:00 [queued]>
[2024-06-03T17:38:47.464+0000] {taskinstance.py:2306} INFO - Starting attempt 1 of 1
[2024-06-03T17:38:47.474+0000] {taskinstance.py:2330} INFO - Executing <Task(PythonOperator): games_etl> on 2020-06-01 00:00:00+00:00
[2024-06-03T17:38:47.479+0000] {warnings.py:110} WARNING - /home/***/.local/lib/python3.12/site-packages/***/task/task_runner/standard_task_runner.py:61: DeprecationWarning: This process (pid=167) is multi-threaded, use of fork() may lead to deadlocks in the child.
  pid = os.fork()

[2024-06-03T17:38:47.480+0000] {standard_task_runner.py:63} INFO - Started process 169 to run task
[2024-06-03T17:38:47.481+0000] {standard_task_runner.py:90} INFO - Running: ['***', 'tasks', 'run', 'chess_etl', 'games_etl', 'scheduled__2020-06-01T00:00:00+00:00', '--job-id', '38', '--raw', '--subdir', 'DAGS_FOLDER/chess_dag.py', '--cfg-path', '/tmp/tmpvnf7bdhg']
[2024-06-03T17:38:47.481+0000] {standard_task_runner.py:91} INFO - Job 38: Subtask games_etl
[2024-06-03T17:38:47.521+0000] {task_command.py:426} INFO - Running <TaskInstance: chess_etl.games_etl scheduled__2020-06-01T00:00:00+00:00 [running]> on host a5a4421409ea
[2024-06-03T17:38:47.596+0000] {taskinstance.py:2648} INFO - Exporting env vars: AIRFLOW_CTX_DAG_OWNER='***' AIRFLOW_CTX_DAG_ID='chess_etl' AIRFLOW_CTX_TASK_ID='games_etl' AIRFLOW_CTX_EXECUTION_DATE='2020-06-01T00:00:00+00:00' AIRFLOW_CTX_TRY_NUMBER='1' AIRFLOW_CTX_DAG_RUN_ID='scheduled__2020-06-01T00:00:00+00:00'
[2024-06-03T17:38:47.597+0000] {taskinstance.py:430} INFO - ::endgroup::
[2024-06-03T17:38:47.598+0000] {warnings.py:110} WARNING - /home/***/.local/lib/python3.12/site-packages/***/utils/context.py:320: AirflowContextDeprecationWarning: Accessing 'execution_date' from the template is deprecated and will be removed in a future version. Please use 'data_interval_start' or 'logical_date' instead.
  warnings.warn(_create_deprecation_warning(k, replacements))

[2024-06-03T17:38:50.264+0000] {taskinstance.py:441} INFO - ::group::Post task execution logs
[2024-06-03T17:38:50.271+0000] {taskinstance.py:2905} ERROR - Task failed with exception
Traceback (most recent call last):
  File "/home/airflow/.local/lib/python3.12/site-packages/airflow/models/taskinstance.py", line 465, in _execute_task
    result = _execute_callable(context=context, **execute_callable_kwargs)
             ^^^^^^^^^^^^^^^^^^^^^^^^^^^^^^^^^^^^^^^^^^^^^^^^^^^^^^^^^^^^^
  File "/home/airflow/.local/lib/python3.12/site-packages/airflow/models/taskinstance.py", line 432, in _execute_callable
    return execute_callable(context=context, **execute_callable_kwargs)
           ^^^^^^^^^^^^^^^^^^^^^^^^^^^^^^^^^^^^^^^^^^^^^^^^^^^^^^^^^^^^
  File "/home/airflow/.local/lib/python3.12/site-packages/airflow/models/baseoperator.py", line 400, in wrapper
    return func(self, *args, **kwargs)
           ^^^^^^^^^^^^^^^^^^^^^^^^^^^
  File "/home/airflow/.local/lib/python3.12/site-packages/airflow/operators/python.py", line 235, in execute
    return_value = self.execute_callable()
                   ^^^^^^^^^^^^^^^^^^^^^^^
  File "/home/airflow/.local/lib/python3.12/site-packages/airflow/operators/python.py", line 252, in execute_callable
    return self.python_callable(*self.op_args, **self.op_kwargs)
           ^^^^^^^^^^^^^^^^^^^^^^^^^^^^^^^^^^^^^^^^^^^^^^^^^^^^^
  File "/opt/airflow/dags/chess_dag.py", line 19, in games_etl_task
    return get_monthly_games(execution_date)
           ^^^^^^^^^^^^^^^^^^^^^^^^^^^^^^^^^
  File "/opt/airflow/dags/chess_etl_code.py", line 60, in get_monthly_games
    connection = BaseHook.get_connection('chess_project_s3')
                 ^^^^^^^^^^^^^^^^^^^^^^^^^^^^^^^^^^^^^^^^^^^
  File "/home/airflow/.local/lib/python3.12/site-packages/airflow/hooks/base.py", line 83, in get_connection
    conn = Connection.get_connection_from_secrets(conn_id)
           ^^^^^^^^^^^^^^^^^^^^^^^^^^^^^^^^^^^^^^^^^^^^^^^
  File "/home/airflow/.local/lib/python3.12/site-packages/airflow/models/connection.py", line 519, in get_connection_from_secrets
    raise AirflowNotFoundException(f"The conn_id `{conn_id}` isn't defined")
airflow.exceptions.AirflowNotFoundException: The conn_id `chess_project_s3` isn't defined
[2024-06-03T17:38:50.278+0000] {taskinstance.py:1206} INFO - Marking task as FAILED. dag_id=chess_etl, task_id=games_etl, run_id=scheduled__2020-06-01T00:00:00+00:00, execution_date=20200601T000000, start_date=20240603T173847, end_date=20240603T173850
[2024-06-03T17:38:50.288+0000] {standard_task_runner.py:110} ERROR - Failed to execute job 38 for task games_etl (The conn_id `chess_project_s3` isn't defined; 169)
[2024-06-03T17:38:50.301+0000] {local_task_job_runner.py:240} INFO - Task exited with return code 1
[2024-06-03T17:38:50.319+0000] {taskinstance.py:3498} INFO - 0 downstream tasks scheduled from follow-on schedule check
[2024-06-03T17:38:50.322+0000] {local_task_job_runner.py:222} INFO - ::endgroup::
[2024-06-03T18:35:11.573+0000] {local_task_job_runner.py:120} INFO - ::group::Pre task execution logs
[2024-06-03T18:35:11.587+0000] {taskinstance.py:2076} INFO - Dependencies all met for dep_context=non-requeueable deps ti=<TaskInstance: chess_etl.games_etl scheduled__2020-06-01T00:00:00+00:00 [queued]>
[2024-06-03T18:35:11.592+0000] {taskinstance.py:2076} INFO - Dependencies all met for dep_context=requeueable deps ti=<TaskInstance: chess_etl.games_etl scheduled__2020-06-01T00:00:00+00:00 [queued]>
[2024-06-03T18:35:11.593+0000] {taskinstance.py:2306} INFO - Starting attempt 1 of 1
[2024-06-03T18:35:11.601+0000] {taskinstance.py:2330} INFO - Executing <Task(PythonOperator): games_etl> on 2020-06-01 00:00:00+00:00
[2024-06-03T18:35:11.607+0000] {warnings.py:110} WARNING - /home/***/.local/lib/python3.12/site-packages/***/task/task_runner/standard_task_runner.py:61: DeprecationWarning: This process (pid=5876) is multi-threaded, use of fork() may lead to deadlocks in the child.
  pid = os.fork()

[2024-06-03T18:35:11.608+0000] {standard_task_runner.py:63} INFO - Started process 5878 to run task
[2024-06-03T18:35:11.609+0000] {standard_task_runner.py:90} INFO - Running: ['***', 'tasks', 'run', 'chess_etl', 'games_etl', 'scheduled__2020-06-01T00:00:00+00:00', '--job-id', '98', '--raw', '--subdir', 'DAGS_FOLDER/chess_dag.py', '--cfg-path', '/tmp/tmprgorbde_']
[2024-06-03T18:35:11.610+0000] {standard_task_runner.py:91} INFO - Job 98: Subtask games_etl
[2024-06-03T18:35:11.644+0000] {task_command.py:426} INFO - Running <TaskInstance: chess_etl.games_etl scheduled__2020-06-01T00:00:00+00:00 [running]> on host f55fff24b127
[2024-06-03T18:35:11.707+0000] {taskinstance.py:2648} INFO - Exporting env vars: AIRFLOW_CTX_DAG_OWNER='***' AIRFLOW_CTX_DAG_ID='chess_etl' AIRFLOW_CTX_TASK_ID='games_etl' AIRFLOW_CTX_EXECUTION_DATE='2020-06-01T00:00:00+00:00' AIRFLOW_CTX_TRY_NUMBER='1' AIRFLOW_CTX_DAG_RUN_ID='scheduled__2020-06-01T00:00:00+00:00'
[2024-06-03T18:35:11.709+0000] {taskinstance.py:430} INFO - ::endgroup::
[2024-06-03T18:35:11.710+0000] {warnings.py:110} WARNING - /home/***/.local/lib/python3.12/site-packages/***/utils/context.py:320: AirflowContextDeprecationWarning: Accessing 'execution_date' from the template is deprecated and will be removed in a future version. Please use 'data_interval_start' or 'logical_date' instead.
  warnings.warn(_create_deprecation_warning(k, replacements))

[2024-06-03T18:35:12.009+0000] {base.py:84} INFO - Using connection ID 'chess_project_s3' for task execution.
[2024-06-03T18:35:13.229+0000] {python.py:237} INFO - Done. Returned value was: None
[2024-06-03T18:35:13.230+0000] {taskinstance.py:441} INFO - ::group::Post task execution logs
[2024-06-03T18:35:13.238+0000] {taskinstance.py:1206} INFO - Marking task as SUCCESS. dag_id=chess_etl, task_id=games_etl, run_id=scheduled__2020-06-01T00:00:00+00:00, execution_date=20200601T000000, start_date=20240603T183511, end_date=20240603T183513
[2024-06-03T18:35:13.266+0000] {local_task_job_runner.py:240} INFO - Task exited with return code 0
[2024-06-03T18:35:13.280+0000] {taskinstance.py:3498} INFO - 1 downstream tasks scheduled from follow-on schedule check
[2024-06-03T18:35:13.281+0000] {local_task_job_runner.py:222} INFO - ::endgroup::
[2024-06-08T15:03:07.673+0000] {local_task_job_runner.py:120} INFO - ::group::Pre task execution logs
[2024-06-08T15:03:07.688+0000] {taskinstance.py:2076} INFO - Dependencies all met for dep_context=non-requeueable deps ti=<TaskInstance: chess_etl.games_etl scheduled__2020-06-01T00:00:00+00:00 [queued]>
[2024-06-08T15:03:07.694+0000] {taskinstance.py:2076} INFO - Dependencies all met for dep_context=requeueable deps ti=<TaskInstance: chess_etl.games_etl scheduled__2020-06-01T00:00:00+00:00 [queued]>
[2024-06-08T15:03:07.694+0000] {taskinstance.py:2306} INFO - Starting attempt 1 of 1
[2024-06-08T15:03:07.705+0000] {taskinstance.py:2330} INFO - Executing <Task(PythonOperator): games_etl> on 2020-06-01 00:00:00+00:00
[2024-06-08T15:03:07.709+0000] {warnings.py:110} WARNING - /home/***/.local/lib/python3.12/site-packages/***/task/task_runner/standard_task_runner.py:61: DeprecationWarning: This process (pid=519) is multi-threaded, use of fork() may lead to deadlocks in the child.
  pid = os.fork()

[2024-06-08T15:03:07.710+0000] {standard_task_runner.py:63} INFO - Started process 523 to run task
[2024-06-08T15:03:07.710+0000] {standard_task_runner.py:90} INFO - Running: ['***', 'tasks', 'run', 'chess_etl', 'games_etl', 'scheduled__2020-06-01T00:00:00+00:00', '--job-id', '272', '--raw', '--subdir', 'DAGS_FOLDER/chess_dag.py', '--cfg-path', '/tmp/tmpecw5w_60']
[2024-06-08T15:03:07.711+0000] {standard_task_runner.py:91} INFO - Job 272: Subtask games_etl
[2024-06-08T15:03:07.745+0000] {task_command.py:426} INFO - Running <TaskInstance: chess_etl.games_etl scheduled__2020-06-01T00:00:00+00:00 [running]> on host bf0ade909435
[2024-06-08T15:03:07.807+0000] {taskinstance.py:2648} INFO - Exporting env vars: AIRFLOW_CTX_DAG_OWNER='***' AIRFLOW_CTX_DAG_ID='chess_etl' AIRFLOW_CTX_TASK_ID='games_etl' AIRFLOW_CTX_EXECUTION_DATE='2020-06-01T00:00:00+00:00' AIRFLOW_CTX_TRY_NUMBER='1' AIRFLOW_CTX_DAG_RUN_ID='scheduled__2020-06-01T00:00:00+00:00'
[2024-06-08T15:03:07.808+0000] {taskinstance.py:430} INFO - ::endgroup::
[2024-06-08T15:03:07.809+0000] {warnings.py:110} WARNING - /home/***/.local/lib/python3.12/site-packages/***/utils/context.py:320: AirflowContextDeprecationWarning: Accessing 'execution_date' from the template is deprecated and will be removed in a future version. Please use 'data_interval_start' or 'logical_date' instead.
  warnings.warn(_create_deprecation_warning(k, replacements))

[2024-06-08T15:03:10.601+0000] {base.py:84} INFO - Using connection ID 'chess_project_s3' for task execution.
[2024-06-08T15:03:11.694+0000] {python.py:237} INFO - Done. Returned value was: None
[2024-06-08T15:03:11.694+0000] {taskinstance.py:441} INFO - ::group::Post task execution logs
[2024-06-08T15:03:11.702+0000] {taskinstance.py:1206} INFO - Marking task as SUCCESS. dag_id=chess_etl, task_id=games_etl, run_id=scheduled__2020-06-01T00:00:00+00:00, execution_date=20200601T000000, start_date=20240608T150307, end_date=20240608T150311
[2024-06-08T15:03:11.733+0000] {local_task_job_runner.py:240} INFO - Task exited with return code 0
[2024-06-08T15:03:11.747+0000] {taskinstance.py:3498} INFO - 1 downstream tasks scheduled from follow-on schedule check
[2024-06-08T15:03:11.748+0000] {local_task_job_runner.py:222} INFO - ::endgroup::
[2024-07-07T22:11:41.325+0000] {local_task_job_runner.py:120} INFO - ::group::Pre task execution logs
[2024-07-07T22:11:41.339+0000] {taskinstance.py:2076} INFO - Dependencies all met for dep_context=non-requeueable deps ti=<TaskInstance: chess_etl.games_etl scheduled__2020-06-01T00:00:00+00:00 [queued]>
[2024-07-07T22:11:41.345+0000] {taskinstance.py:2076} INFO - Dependencies all met for dep_context=requeueable deps ti=<TaskInstance: chess_etl.games_etl scheduled__2020-06-01T00:00:00+00:00 [queued]>
[2024-07-07T22:11:41.346+0000] {taskinstance.py:2306} INFO - Starting attempt 1 of 1
[2024-07-07T22:11:41.355+0000] {taskinstance.py:2330} INFO - Executing <Task(PythonOperator): games_etl> on 2020-06-01 00:00:00+00:00
[2024-07-07T22:11:41.362+0000] {warnings.py:110} WARNING - /home/***/.local/lib/python3.12/site-packages/***/task/task_runner/standard_task_runner.py:61: DeprecationWarning: This process (pid=7169) is multi-threaded, use of fork() may lead to deadlocks in the child.
  pid = os.fork()

[2024-07-07T22:11:41.364+0000] {standard_task_runner.py:63} INFO - Started process 7171 to run task
[2024-07-07T22:11:41.364+0000] {standard_task_runner.py:90} INFO - Running: ['***', 'tasks', 'run', 'chess_etl', 'games_etl', 'scheduled__2020-06-01T00:00:00+00:00', '--job-id', '624', '--raw', '--subdir', 'DAGS_FOLDER/chess_dag.py', '--cfg-path', '/tmp/tmpx0rfv597']
[2024-07-07T22:11:41.366+0000] {standard_task_runner.py:91} INFO - Job 624: Subtask games_etl
[2024-07-07T22:11:41.406+0000] {task_command.py:426} INFO - Running <TaskInstance: chess_etl.games_etl scheduled__2020-06-01T00:00:00+00:00 [running]> on host 6569f5155f0c
[2024-07-07T22:11:41.469+0000] {taskinstance.py:2648} INFO - Exporting env vars: AIRFLOW_CTX_DAG_OWNER='***' AIRFLOW_CTX_DAG_ID='chess_etl' AIRFLOW_CTX_TASK_ID='games_etl' AIRFLOW_CTX_EXECUTION_DATE='2020-06-01T00:00:00+00:00' AIRFLOW_CTX_TRY_NUMBER='1' AIRFLOW_CTX_DAG_RUN_ID='scheduled__2020-06-01T00:00:00+00:00'
[2024-07-07T22:11:41.470+0000] {taskinstance.py:430} INFO - ::endgroup::
[2024-07-07T22:11:41.471+0000] {warnings.py:110} WARNING - /home/***/.local/lib/python3.12/site-packages/***/utils/context.py:320: AirflowContextDeprecationWarning: Accessing 'execution_date' from the template is deprecated and will be removed in a future version. Please use 'data_interval_start' or 'logical_date' instead.
  warnings.warn(_create_deprecation_warning(k, replacements))

[2024-07-07T22:11:44.859+0000] {base.py:84} INFO - Using connection ID 'chess_project_s3' for task execution.
[2024-07-07T22:11:46.112+0000] {python.py:237} INFO - Done. Returned value was: None
[2024-07-07T22:11:46.112+0000] {taskinstance.py:441} INFO - ::group::Post task execution logs
[2024-07-07T22:11:46.119+0000] {taskinstance.py:1206} INFO - Marking task as SUCCESS. dag_id=chess_etl, task_id=games_etl, run_id=scheduled__2020-06-01T00:00:00+00:00, execution_date=20200601T000000, start_date=20240707T221141, end_date=20240707T221146
[2024-07-07T22:11:46.151+0000] {local_task_job_runner.py:240} INFO - Task exited with return code 0
[2024-07-07T22:11:46.171+0000] {taskinstance.py:3498} INFO - 1 downstream tasks scheduled from follow-on schedule check
[2024-07-07T22:11:46.174+0000] {local_task_job_runner.py:222} INFO - ::endgroup::
