[2024-07-07T18:36:46.265+0000] {local_task_job_runner.py:120} INFO - ::group::Pre task execution logs
[2024-07-07T18:36:46.278+0000] {taskinstance.py:2076} INFO - Dependencies all met for dep_context=non-requeueable deps ti=<TaskInstance: chess_etl.redshift_game_load scheduled__2022-03-01T00:00:00+00:00 [queued]>
[2024-07-07T18:36:46.286+0000] {taskinstance.py:2076} INFO - Dependencies all met for dep_context=requeueable deps ti=<TaskInstance: chess_etl.redshift_game_load scheduled__2022-03-01T00:00:00+00:00 [queued]>
[2024-07-07T18:36:46.286+0000] {taskinstance.py:2306} INFO - Starting attempt 1 of 1
[2024-07-07T18:36:46.296+0000] {taskinstance.py:2330} INFO - Executing <Task(PythonOperator): redshift_game_load> on 2022-03-01 00:00:00+00:00
[2024-07-07T18:36:46.300+0000] {warnings.py:110} WARNING - /home/***/.local/lib/python3.12/site-packages/***/task/task_runner/standard_task_runner.py:61: DeprecationWarning: This process (pid=1476) is multi-threaded, use of fork() may lead to deadlocks in the child.
  pid = os.fork()

[2024-07-07T18:36:46.301+0000] {standard_task_runner.py:63} INFO - Started process 1479 to run task
[2024-07-07T18:36:46.302+0000] {standard_task_runner.py:90} INFO - Running: ['***', 'tasks', 'run', 'chess_etl', 'redshift_game_load', 'scheduled__2022-03-01T00:00:00+00:00', '--job-id', '450', '--pool', 'default_pool', '--raw', '--subdir', 'DAGS_FOLDER/chess_dag.py', '--cfg-path', '/tmp/tmpi2y5ehif']
[2024-07-07T18:36:46.302+0000] {standard_task_runner.py:91} INFO - Job 450: Subtask redshift_game_load
[2024-07-07T18:36:46.333+0000] {task_command.py:426} INFO - Running <TaskInstance: chess_etl.redshift_game_load scheduled__2022-03-01T00:00:00+00:00 [running]> on host cb919e35e0e9
[2024-07-07T18:36:46.392+0000] {taskinstance.py:2648} INFO - Exporting env vars: AIRFLOW_CTX_DAG_OWNER='***' AIRFLOW_CTX_DAG_ID='chess_etl' AIRFLOW_CTX_TASK_ID='redshift_game_load' AIRFLOW_CTX_EXECUTION_DATE='2022-03-01T00:00:00+00:00' AIRFLOW_CTX_TRY_NUMBER='1' AIRFLOW_CTX_DAG_RUN_ID='scheduled__2022-03-01T00:00:00+00:00'
[2024-07-07T18:36:46.393+0000] {taskinstance.py:430} INFO - ::endgroup::
[2024-07-07T18:36:46.394+0000] {warnings.py:110} WARNING - /home/***/.local/lib/python3.12/site-packages/***/utils/context.py:320: AirflowContextDeprecationWarning: Accessing 'execution_date' from the template is deprecated and will be removed in a future version. Please use 'data_interval_start' or 'logical_date' instead.
  warnings.warn(_create_deprecation_warning(k, replacements))

[2024-07-07T18:36:46.399+0000] {base.py:84} INFO - Using connection ID 'chess_project_s3' for task execution.
[2024-07-07T18:36:47.144+0000] {base.py:84} INFO - Using connection ID 'chess_project_redshift' for task execution.
[2024-07-07T18:36:50.854+0000] {python.py:237} INFO - Done. Returned value was: None
[2024-07-07T18:36:50.855+0000] {taskinstance.py:441} INFO - ::group::Post task execution logs
[2024-07-07T18:36:50.861+0000] {taskinstance.py:1206} INFO - Marking task as SUCCESS. dag_id=chess_etl, task_id=redshift_game_load, run_id=scheduled__2022-03-01T00:00:00+00:00, execution_date=20220301T000000, start_date=20240707T183646, end_date=20240707T183650
[2024-07-07T18:36:50.887+0000] {local_task_job_runner.py:240} INFO - Task exited with return code 0
[2024-07-07T18:36:50.898+0000] {taskinstance.py:3498} INFO - 0 downstream tasks scheduled from follow-on schedule check
[2024-07-07T18:36:50.900+0000] {local_task_job_runner.py:222} INFO - ::endgroup::
[2024-07-08T02:09:16.738+0000] {local_task_job_runner.py:120} INFO - ::group::Pre task execution logs
[2024-07-08T02:09:16.754+0000] {taskinstance.py:2076} INFO - Dependencies all met for dep_context=non-requeueable deps ti=<TaskInstance: chess_etl.redshift_game_load scheduled__2022-03-01T00:00:00+00:00 [queued]>
[2024-07-08T02:09:16.759+0000] {taskinstance.py:2076} INFO - Dependencies all met for dep_context=requeueable deps ti=<TaskInstance: chess_etl.redshift_game_load scheduled__2022-03-01T00:00:00+00:00 [queued]>
[2024-07-08T02:09:16.759+0000] {taskinstance.py:2306} INFO - Starting attempt 1 of 1
[2024-07-08T02:09:16.768+0000] {taskinstance.py:2330} INFO - Executing <Task(PythonOperator): redshift_game_load> on 2022-03-01 00:00:00+00:00
[2024-07-08T02:09:16.775+0000] {warnings.py:110} WARNING - /home/***/.local/lib/python3.12/site-packages/***/task/task_runner/standard_task_runner.py:61: DeprecationWarning: This process (pid=34009) is multi-threaded, use of fork() may lead to deadlocks in the child.
  pid = os.fork()

[2024-07-08T02:09:16.777+0000] {standard_task_runner.py:63} INFO - Started process 34011 to run task
[2024-07-08T02:09:16.777+0000] {standard_task_runner.py:90} INFO - Running: ['***', 'tasks', 'run', 'chess_etl', 'redshift_game_load', 'scheduled__2022-03-01T00:00:00+00:00', '--job-id', '710', '--raw', '--subdir', 'DAGS_FOLDER/chess_dag.py', '--cfg-path', '/tmp/tmpecr6_sqg']
[2024-07-08T02:09:16.777+0000] {standard_task_runner.py:91} INFO - Job 710: Subtask redshift_game_load
[2024-07-08T02:09:16.812+0000] {task_command.py:426} INFO - Running <TaskInstance: chess_etl.redshift_game_load scheduled__2022-03-01T00:00:00+00:00 [running]> on host 6569f5155f0c
[2024-07-08T02:09:16.886+0000] {taskinstance.py:2648} INFO - Exporting env vars: AIRFLOW_CTX_DAG_OWNER='***' AIRFLOW_CTX_DAG_ID='chess_etl' AIRFLOW_CTX_TASK_ID='redshift_game_load' AIRFLOW_CTX_EXECUTION_DATE='2022-03-01T00:00:00+00:00' AIRFLOW_CTX_TRY_NUMBER='1' AIRFLOW_CTX_DAG_RUN_ID='scheduled__2022-03-01T00:00:00+00:00'
[2024-07-08T02:09:16.888+0000] {taskinstance.py:430} INFO - ::endgroup::
[2024-07-08T02:09:16.889+0000] {warnings.py:110} WARNING - /home/***/.local/lib/python3.12/site-packages/***/utils/context.py:320: AirflowContextDeprecationWarning: Accessing 'execution_date' from the template is deprecated and will be removed in a future version. Please use 'data_interval_start' or 'logical_date' instead.
  warnings.warn(_create_deprecation_warning(k, replacements))

[2024-07-08T02:09:16.896+0000] {base.py:84} INFO - Using connection ID 'chess_project_s3' for task execution.
[2024-07-08T02:09:17.697+0000] {base.py:84} INFO - Using connection ID 'chess_project_redshift' for task execution.
[2024-07-08T02:09:19.543+0000] {python.py:237} INFO - Done. Returned value was: None
[2024-07-08T02:09:19.544+0000] {taskinstance.py:441} INFO - ::group::Post task execution logs
[2024-07-08T02:09:19.549+0000] {taskinstance.py:1206} INFO - Marking task as SUCCESS. dag_id=chess_etl, task_id=redshift_game_load, run_id=scheduled__2022-03-01T00:00:00+00:00, execution_date=20220301T000000, start_date=20240708T020916, end_date=20240708T020919
[2024-07-08T02:09:19.597+0000] {local_task_job_runner.py:240} INFO - Task exited with return code 0
[2024-07-08T02:09:19.614+0000] {taskinstance.py:3498} INFO - 1 downstream tasks scheduled from follow-on schedule check
[2024-07-08T02:09:19.615+0000] {local_task_job_runner.py:222} INFO - ::endgroup::
