[2024-07-07T18:21:29.987+0000] {local_task_job_runner.py:120} INFO - ::group::Pre task execution logs
[2024-07-07T18:21:30.002+0000] {taskinstance.py:2076} INFO - Dependencies all met for dep_context=non-requeueable deps ti=<TaskInstance: chess_etl.redshift_game_load scheduled__2020-09-01T00:00:00+00:00 [queued]>
[2024-07-07T18:21:30.008+0000] {taskinstance.py:2076} INFO - Dependencies all met for dep_context=requeueable deps ti=<TaskInstance: chess_etl.redshift_game_load scheduled__2020-09-01T00:00:00+00:00 [queued]>
[2024-07-07T18:21:30.008+0000] {taskinstance.py:2306} INFO - Starting attempt 1 of 1
[2024-07-07T18:21:30.017+0000] {taskinstance.py:2330} INFO - Executing <Task(PythonOperator): redshift_game_load> on 2020-09-01 00:00:00+00:00
[2024-07-07T18:21:30.021+0000] {warnings.py:110} WARNING - /home/***/.local/lib/python3.12/site-packages/***/task/task_runner/standard_task_runner.py:61: DeprecationWarning: This process (pid=1188) is multi-threaded, use of fork() may lead to deadlocks in the child.
  pid = os.fork()

[2024-07-07T18:21:30.023+0000] {standard_task_runner.py:63} INFO - Started process 1192 to run task
[2024-07-07T18:21:30.023+0000] {standard_task_runner.py:90} INFO - Running: ['***', 'tasks', 'run', 'chess_etl', 'redshift_game_load', 'scheduled__2020-09-01T00:00:00+00:00', '--job-id', '430', '--pool', 'default_pool', '--raw', '--subdir', 'DAGS_FOLDER/chess_dag.py', '--cfg-path', '/tmp/tmpo6skrdpv']
[2024-07-07T18:21:30.024+0000] {standard_task_runner.py:91} INFO - Job 430: Subtask redshift_game_load
[2024-07-07T18:21:30.061+0000] {task_command.py:426} INFO - Running <TaskInstance: chess_etl.redshift_game_load scheduled__2020-09-01T00:00:00+00:00 [running]> on host cb919e35e0e9
[2024-07-07T18:21:30.120+0000] {taskinstance.py:2648} INFO - Exporting env vars: AIRFLOW_CTX_DAG_OWNER='***' AIRFLOW_CTX_DAG_ID='chess_etl' AIRFLOW_CTX_TASK_ID='redshift_game_load' AIRFLOW_CTX_EXECUTION_DATE='2020-09-01T00:00:00+00:00' AIRFLOW_CTX_TRY_NUMBER='1' AIRFLOW_CTX_DAG_RUN_ID='scheduled__2020-09-01T00:00:00+00:00'
[2024-07-07T18:21:30.121+0000] {taskinstance.py:430} INFO - ::endgroup::
[2024-07-07T18:21:30.122+0000] {warnings.py:110} WARNING - /home/***/.local/lib/python3.12/site-packages/***/utils/context.py:320: AirflowContextDeprecationWarning: Accessing 'execution_date' from the template is deprecated and will be removed in a future version. Please use 'data_interval_start' or 'logical_date' instead.
  warnings.warn(_create_deprecation_warning(k, replacements))

[2024-07-07T18:21:30.128+0000] {base.py:84} INFO - Using connection ID 'chess_project_s3' for task execution.
[2024-07-07T18:21:30.942+0000] {base.py:84} INFO - Using connection ID 'chess_project_redshift' for task execution.
[2024-07-07T18:21:33.241+0000] {python.py:237} INFO - Done. Returned value was: None
[2024-07-07T18:21:33.242+0000] {taskinstance.py:441} INFO - ::group::Post task execution logs
[2024-07-07T18:21:33.247+0000] {taskinstance.py:1206} INFO - Marking task as SUCCESS. dag_id=chess_etl, task_id=redshift_game_load, run_id=scheduled__2020-09-01T00:00:00+00:00, execution_date=20200901T000000, start_date=20240707T182130, end_date=20240707T182133
[2024-07-07T18:21:33.285+0000] {local_task_job_runner.py:240} INFO - Task exited with return code 0
[2024-07-07T18:21:33.296+0000] {taskinstance.py:3498} INFO - 0 downstream tasks scheduled from follow-on schedule check
[2024-07-07T18:21:33.297+0000] {local_task_job_runner.py:222} INFO - ::endgroup::
[2024-07-08T00:36:57.768+0000] {local_task_job_runner.py:120} INFO - ::group::Pre task execution logs
[2024-07-08T00:36:57.783+0000] {taskinstance.py:2076} INFO - Dependencies all met for dep_context=non-requeueable deps ti=<TaskInstance: chess_etl.redshift_game_load scheduled__2020-09-01T00:00:00+00:00 [queued]>
[2024-07-08T00:36:57.788+0000] {taskinstance.py:2076} INFO - Dependencies all met for dep_context=requeueable deps ti=<TaskInstance: chess_etl.redshift_game_load scheduled__2020-09-01T00:00:00+00:00 [queued]>
[2024-07-08T00:36:57.789+0000] {taskinstance.py:2306} INFO - Starting attempt 1 of 1
[2024-07-08T00:36:57.797+0000] {taskinstance.py:2330} INFO - Executing <Task(PythonOperator): redshift_game_load> on 2020-09-01 00:00:00+00:00
[2024-07-08T00:36:57.804+0000] {warnings.py:110} WARNING - /home/***/.local/lib/python3.12/site-packages/***/task/task_runner/standard_task_runner.py:61: DeprecationWarning: This process (pid=23122) is multi-threaded, use of fork() may lead to deadlocks in the child.
  pid = os.fork()

[2024-07-08T00:36:57.805+0000] {standard_task_runner.py:63} INFO - Started process 23124 to run task
[2024-07-08T00:36:57.805+0000] {standard_task_runner.py:90} INFO - Running: ['***', 'tasks', 'run', 'chess_etl', 'redshift_game_load', 'scheduled__2020-09-01T00:00:00+00:00', '--job-id', '650', '--raw', '--subdir', 'DAGS_FOLDER/chess_dag.py', '--cfg-path', '/tmp/tmp6kozo6lf']
[2024-07-08T00:36:57.806+0000] {standard_task_runner.py:91} INFO - Job 650: Subtask redshift_game_load
[2024-07-08T00:36:57.843+0000] {task_command.py:426} INFO - Running <TaskInstance: chess_etl.redshift_game_load scheduled__2020-09-01T00:00:00+00:00 [running]> on host 6569f5155f0c
[2024-07-08T00:36:57.900+0000] {taskinstance.py:2648} INFO - Exporting env vars: AIRFLOW_CTX_DAG_OWNER='***' AIRFLOW_CTX_DAG_ID='chess_etl' AIRFLOW_CTX_TASK_ID='redshift_game_load' AIRFLOW_CTX_EXECUTION_DATE='2020-09-01T00:00:00+00:00' AIRFLOW_CTX_TRY_NUMBER='1' AIRFLOW_CTX_DAG_RUN_ID='scheduled__2020-09-01T00:00:00+00:00'
[2024-07-08T00:36:57.902+0000] {taskinstance.py:430} INFO - ::endgroup::
[2024-07-08T00:36:57.902+0000] {warnings.py:110} WARNING - /home/***/.local/lib/python3.12/site-packages/***/utils/context.py:320: AirflowContextDeprecationWarning: Accessing 'execution_date' from the template is deprecated and will be removed in a future version. Please use 'data_interval_start' or 'logical_date' instead.
  warnings.warn(_create_deprecation_warning(k, replacements))

[2024-07-08T00:36:57.909+0000] {base.py:84} INFO - Using connection ID 'chess_project_s3' for task execution.
[2024-07-08T00:36:58.598+0000] {base.py:84} INFO - Using connection ID 'chess_project_redshift' for task execution.
[2024-07-08T00:37:00.459+0000] {python.py:237} INFO - Done. Returned value was: None
[2024-07-08T00:37:00.460+0000] {taskinstance.py:441} INFO - ::group::Post task execution logs
[2024-07-08T00:37:00.467+0000] {taskinstance.py:1206} INFO - Marking task as SUCCESS. dag_id=chess_etl, task_id=redshift_game_load, run_id=scheduled__2020-09-01T00:00:00+00:00, execution_date=20200901T000000, start_date=20240708T003657, end_date=20240708T003700
[2024-07-08T00:37:00.505+0000] {local_task_job_runner.py:240} INFO - Task exited with return code 0
[2024-07-08T00:37:00.520+0000] {taskinstance.py:3498} INFO - 1 downstream tasks scheduled from follow-on schedule check
[2024-07-08T00:37:00.521+0000] {local_task_job_runner.py:222} INFO - ::endgroup::
