[2024-07-07T18:38:46.279+0000] {local_task_job_runner.py:120} INFO - ::group::Pre task execution logs
[2024-07-07T18:38:46.292+0000] {taskinstance.py:2076} INFO - Dependencies all met for dep_context=non-requeueable deps ti=<TaskInstance: chess_etl.redshift_game_load scheduled__2023-07-01T00:00:00+00:00 [queued]>
[2024-07-07T18:38:46.297+0000] {taskinstance.py:2076} INFO - Dependencies all met for dep_context=requeueable deps ti=<TaskInstance: chess_etl.redshift_game_load scheduled__2023-07-01T00:00:00+00:00 [queued]>
[2024-07-07T18:38:46.298+0000] {taskinstance.py:2306} INFO - Starting attempt 1 of 1
[2024-07-07T18:38:46.307+0000] {taskinstance.py:2330} INFO - Executing <Task(PythonOperator): redshift_game_load> on 2023-07-01 00:00:00+00:00
[2024-07-07T18:38:46.311+0000] {warnings.py:110} WARNING - /home/***/.local/lib/python3.12/site-packages/***/task/task_runner/standard_task_runner.py:61: DeprecationWarning: This process (pid=1585) is multi-threaded, use of fork() may lead to deadlocks in the child.
  pid = os.fork()

[2024-07-07T18:38:46.312+0000] {standard_task_runner.py:63} INFO - Started process 1588 to run task
[2024-07-07T18:38:46.313+0000] {standard_task_runner.py:90} INFO - Running: ['***', 'tasks', 'run', 'chess_etl', 'redshift_game_load', 'scheduled__2023-07-01T00:00:00+00:00', '--job-id', '466', '--pool', 'default_pool', '--raw', '--subdir', 'DAGS_FOLDER/chess_dag.py', '--cfg-path', '/tmp/tmpfzgk1brx']
[2024-07-07T18:38:46.314+0000] {standard_task_runner.py:91} INFO - Job 466: Subtask redshift_game_load
[2024-07-07T18:38:46.345+0000] {task_command.py:426} INFO - Running <TaskInstance: chess_etl.redshift_game_load scheduled__2023-07-01T00:00:00+00:00 [running]> on host cb919e35e0e9
[2024-07-07T18:38:46.398+0000] {taskinstance.py:2648} INFO - Exporting env vars: AIRFLOW_CTX_DAG_OWNER='***' AIRFLOW_CTX_DAG_ID='chess_etl' AIRFLOW_CTX_TASK_ID='redshift_game_load' AIRFLOW_CTX_EXECUTION_DATE='2023-07-01T00:00:00+00:00' AIRFLOW_CTX_TRY_NUMBER='1' AIRFLOW_CTX_DAG_RUN_ID='scheduled__2023-07-01T00:00:00+00:00'
[2024-07-07T18:38:46.399+0000] {taskinstance.py:430} INFO - ::endgroup::
[2024-07-07T18:38:46.400+0000] {warnings.py:110} WARNING - /home/***/.local/lib/python3.12/site-packages/***/utils/context.py:320: AirflowContextDeprecationWarning: Accessing 'execution_date' from the template is deprecated and will be removed in a future version. Please use 'data_interval_start' or 'logical_date' instead.
  warnings.warn(_create_deprecation_warning(k, replacements))

[2024-07-07T18:38:46.405+0000] {base.py:84} INFO - Using connection ID 'chess_project_s3' for task execution.
[2024-07-07T18:38:47.240+0000] {base.py:84} INFO - Using connection ID 'chess_project_redshift' for task execution.
[2024-07-07T18:38:49.225+0000] {python.py:237} INFO - Done. Returned value was: None
[2024-07-07T18:38:49.226+0000] {taskinstance.py:441} INFO - ::group::Post task execution logs
[2024-07-07T18:38:49.232+0000] {taskinstance.py:1206} INFO - Marking task as SUCCESS. dag_id=chess_etl, task_id=redshift_game_load, run_id=scheduled__2023-07-01T00:00:00+00:00, execution_date=20230701T000000, start_date=20240707T183846, end_date=20240707T183849
[2024-07-07T18:38:49.255+0000] {local_task_job_runner.py:240} INFO - Task exited with return code 0
[2024-07-07T18:38:49.269+0000] {taskinstance.py:3498} INFO - 0 downstream tasks scheduled from follow-on schedule check
[2024-07-07T18:38:49.270+0000] {local_task_job_runner.py:222} INFO - ::endgroup::
[2024-07-08T04:55:55.969+0000] {local_task_job_runner.py:120} INFO - ::group::Pre task execution logs
[2024-07-08T04:55:55.984+0000] {taskinstance.py:2076} INFO - Dependencies all met for dep_context=non-requeueable deps ti=<TaskInstance: chess_etl.redshift_game_load scheduled__2023-07-01T00:00:00+00:00 [queued]>
[2024-07-08T04:55:55.990+0000] {taskinstance.py:2076} INFO - Dependencies all met for dep_context=requeueable deps ti=<TaskInstance: chess_etl.redshift_game_load scheduled__2023-07-01T00:00:00+00:00 [queued]>
[2024-07-08T04:55:55.991+0000] {taskinstance.py:2306} INFO - Starting attempt 1 of 1
[2024-07-08T04:55:56.001+0000] {taskinstance.py:2330} INFO - Executing <Task(PythonOperator): redshift_game_load> on 2023-07-01 00:00:00+00:00
[2024-07-08T04:55:56.010+0000] {warnings.py:110} WARNING - /home/***/.local/lib/python3.12/site-packages/***/task/task_runner/standard_task_runner.py:61: DeprecationWarning: This process (pid=53444) is multi-threaded, use of fork() may lead to deadlocks in the child.
  pid = os.fork()

[2024-07-08T04:55:56.012+0000] {standard_task_runner.py:63} INFO - Started process 53446 to run task
[2024-07-08T04:55:56.012+0000] {standard_task_runner.py:90} INFO - Running: ['***', 'tasks', 'run', 'chess_etl', 'redshift_game_load', 'scheduled__2023-07-01T00:00:00+00:00', '--job-id', '778', '--raw', '--subdir', 'DAGS_FOLDER/chess_dag.py', '--cfg-path', '/tmp/tmpv8a_j0v8']
[2024-07-08T04:55:56.013+0000] {standard_task_runner.py:91} INFO - Job 778: Subtask redshift_game_load
[2024-07-08T04:55:56.051+0000] {task_command.py:426} INFO - Running <TaskInstance: chess_etl.redshift_game_load scheduled__2023-07-01T00:00:00+00:00 [running]> on host 6569f5155f0c
[2024-07-08T04:55:56.125+0000] {taskinstance.py:2648} INFO - Exporting env vars: AIRFLOW_CTX_DAG_OWNER='***' AIRFLOW_CTX_DAG_ID='chess_etl' AIRFLOW_CTX_TASK_ID='redshift_game_load' AIRFLOW_CTX_EXECUTION_DATE='2023-07-01T00:00:00+00:00' AIRFLOW_CTX_TRY_NUMBER='1' AIRFLOW_CTX_DAG_RUN_ID='scheduled__2023-07-01T00:00:00+00:00'
[2024-07-08T04:55:56.126+0000] {taskinstance.py:430} INFO - ::endgroup::
[2024-07-08T04:55:56.127+0000] {warnings.py:110} WARNING - /home/***/.local/lib/python3.12/site-packages/***/utils/context.py:320: AirflowContextDeprecationWarning: Accessing 'execution_date' from the template is deprecated and will be removed in a future version. Please use 'data_interval_start' or 'logical_date' instead.
  warnings.warn(_create_deprecation_warning(k, replacements))

[2024-07-08T04:55:56.134+0000] {base.py:84} INFO - Using connection ID 'chess_project_s3' for task execution.
[2024-07-08T04:55:56.933+0000] {base.py:84} INFO - Using connection ID 'chess_project_redshift' for task execution.
[2024-07-08T04:55:58.735+0000] {python.py:237} INFO - Done. Returned value was: None
[2024-07-08T04:55:58.736+0000] {taskinstance.py:441} INFO - ::group::Post task execution logs
[2024-07-08T04:55:58.745+0000] {taskinstance.py:1206} INFO - Marking task as SUCCESS. dag_id=chess_etl, task_id=redshift_game_load, run_id=scheduled__2023-07-01T00:00:00+00:00, execution_date=20230701T000000, start_date=20240708T045555, end_date=20240708T045558
[2024-07-08T04:55:58.801+0000] {local_task_job_runner.py:240} INFO - Task exited with return code 0
[2024-07-08T04:55:58.817+0000] {taskinstance.py:3498} INFO - 1 downstream tasks scheduled from follow-on schedule check
[2024-07-08T04:55:58.818+0000] {local_task_job_runner.py:222} INFO - ::endgroup::
