[2024-06-04T00:56:51.890+0000] {local_task_job_runner.py:120} INFO - ::group::Pre task execution logs
[2024-06-04T00:56:51.906+0000] {taskinstance.py:2076} INFO - Dependencies all met for dep_context=non-requeueable deps ti=<TaskInstance: chess_etl.blunders_etl scheduled__2023-04-01T00:00:00+00:00 [queued]>
[2024-06-04T00:56:51.911+0000] {taskinstance.py:2076} INFO - Dependencies all met for dep_context=requeueable deps ti=<TaskInstance: chess_etl.blunders_etl scheduled__2023-04-01T00:00:00+00:00 [queued]>
[2024-06-04T00:56:51.912+0000] {taskinstance.py:2306} INFO - Starting attempt 1 of 1
[2024-06-04T00:56:51.920+0000] {taskinstance.py:2330} INFO - Executing <Task(PythonOperator): blunders_etl> on 2023-04-01 00:00:00+00:00
[2024-06-04T00:56:51.928+0000] {warnings.py:110} WARNING - /home/***/.local/lib/python3.12/site-packages/***/task/task_runner/standard_task_runner.py:61: DeprecationWarning: This process (pid=47856) is multi-threaded, use of fork() may lead to deadlocks in the child.
  pid = os.fork()

[2024-06-04T00:56:51.929+0000] {standard_task_runner.py:63} INFO - Started process 47858 to run task
[2024-06-04T00:56:51.929+0000] {standard_task_runner.py:90} INFO - Running: ['***', 'tasks', 'run', 'chess_etl', 'blunders_etl', 'scheduled__2023-04-01T00:00:00+00:00', '--job-id', '167', '--raw', '--subdir', 'DAGS_FOLDER/chess_dag.py', '--cfg-path', '/tmp/tmpz6xjh_i2']
[2024-06-04T00:56:51.930+0000] {standard_task_runner.py:91} INFO - Job 167: Subtask blunders_etl
[2024-06-04T00:56:51.965+0000] {task_command.py:426} INFO - Running <TaskInstance: chess_etl.blunders_etl scheduled__2023-04-01T00:00:00+00:00 [running]> on host f55fff24b127
[2024-06-04T00:56:52.033+0000] {taskinstance.py:2648} INFO - Exporting env vars: AIRFLOW_CTX_DAG_OWNER='***' AIRFLOW_CTX_DAG_ID='chess_etl' AIRFLOW_CTX_TASK_ID='blunders_etl' AIRFLOW_CTX_EXECUTION_DATE='2023-04-01T00:00:00+00:00' AIRFLOW_CTX_TRY_NUMBER='1' AIRFLOW_CTX_DAG_RUN_ID='scheduled__2023-04-01T00:00:00+00:00'
[2024-06-04T00:56:52.034+0000] {taskinstance.py:430} INFO - ::endgroup::
[2024-06-04T00:56:52.035+0000] {warnings.py:110} WARNING - /home/***/.local/lib/python3.12/site-packages/***/utils/context.py:320: AirflowContextDeprecationWarning: Accessing 'execution_date' from the template is deprecated and will be removed in a future version. Please use 'data_interval_start' or 'logical_date' instead.
  warnings.warn(_create_deprecation_warning(k, replacements))

[2024-06-04T00:56:52.040+0000] {base.py:84} INFO - Using connection ID 'chess_project_s3' for task execution.
[2024-06-04T01:08:54.162+0000] {python.py:237} INFO - Done. Returned value was: None
[2024-06-04T01:08:54.162+0000] {taskinstance.py:441} INFO - ::group::Post task execution logs
[2024-06-04T01:08:54.169+0000] {taskinstance.py:1206} INFO - Marking task as SUCCESS. dag_id=chess_etl, task_id=blunders_etl, run_id=scheduled__2023-04-01T00:00:00+00:00, execution_date=20230401T000000, start_date=20240604T005651, end_date=20240604T010854
[2024-06-04T01:08:54.224+0000] {local_task_job_runner.py:240} INFO - Task exited with return code 0
[2024-06-04T01:08:54.236+0000] {taskinstance.py:3498} INFO - 0 downstream tasks scheduled from follow-on schedule check
[2024-06-04T01:08:54.237+0000] {local_task_job_runner.py:222} INFO - ::endgroup::
[2024-06-08T22:48:48.072+0000] {local_task_job_runner.py:120} INFO - ::group::Pre task execution logs
[2024-06-08T22:48:48.088+0000] {taskinstance.py:2076} INFO - Dependencies all met for dep_context=non-requeueable deps ti=<TaskInstance: chess_etl.blunders_etl scheduled__2023-04-01T00:00:00+00:00 [queued]>
[2024-06-08T22:48:48.094+0000] {taskinstance.py:2076} INFO - Dependencies all met for dep_context=requeueable deps ti=<TaskInstance: chess_etl.blunders_etl scheduled__2023-04-01T00:00:00+00:00 [queued]>
[2024-06-08T22:48:48.094+0000] {taskinstance.py:2306} INFO - Starting attempt 1 of 1
[2024-06-08T22:48:48.103+0000] {taskinstance.py:2330} INFO - Executing <Task(PythonOperator): blunders_etl> on 2023-04-01 00:00:00+00:00
[2024-06-08T22:48:48.110+0000] {warnings.py:110} WARNING - /home/***/.local/lib/python3.12/site-packages/***/task/task_runner/standard_task_runner.py:61: DeprecationWarning: This process (pid=48553) is multi-threaded, use of fork() may lead to deadlocks in the child.
  pid = os.fork()

[2024-06-08T22:48:48.112+0000] {standard_task_runner.py:63} INFO - Started process 48555 to run task
[2024-06-08T22:48:48.112+0000] {standard_task_runner.py:90} INFO - Running: ['***', 'tasks', 'run', 'chess_etl', 'blunders_etl', 'scheduled__2023-04-01T00:00:00+00:00', '--job-id', '343', '--raw', '--subdir', 'DAGS_FOLDER/chess_dag.py', '--cfg-path', '/tmp/tmpvz1sgvei']
[2024-06-08T22:48:48.114+0000] {standard_task_runner.py:91} INFO - Job 343: Subtask blunders_etl
[2024-06-08T22:48:48.153+0000] {task_command.py:426} INFO - Running <TaskInstance: chess_etl.blunders_etl scheduled__2023-04-01T00:00:00+00:00 [running]> on host bf0ade909435
[2024-06-08T22:48:48.251+0000] {taskinstance.py:2648} INFO - Exporting env vars: AIRFLOW_CTX_DAG_OWNER='***' AIRFLOW_CTX_DAG_ID='chess_etl' AIRFLOW_CTX_TASK_ID='blunders_etl' AIRFLOW_CTX_EXECUTION_DATE='2023-04-01T00:00:00+00:00' AIRFLOW_CTX_TRY_NUMBER='1' AIRFLOW_CTX_DAG_RUN_ID='scheduled__2023-04-01T00:00:00+00:00'
[2024-06-08T22:48:48.253+0000] {taskinstance.py:430} INFO - ::endgroup::
[2024-06-08T22:48:48.255+0000] {warnings.py:110} WARNING - /home/***/.local/lib/python3.12/site-packages/***/utils/context.py:320: AirflowContextDeprecationWarning: Accessing 'execution_date' from the template is deprecated and will be removed in a future version. Please use 'data_interval_start' or 'logical_date' instead.
  warnings.warn(_create_deprecation_warning(k, replacements))

[2024-06-08T22:48:48.266+0000] {base.py:84} INFO - Using connection ID 'chess_project_s3' for task execution.
[2024-06-08T23:01:14.257+0000] {python.py:237} INFO - Done. Returned value was: None
[2024-06-08T23:01:14.258+0000] {taskinstance.py:441} INFO - ::group::Post task execution logs
[2024-06-08T23:01:14.268+0000] {taskinstance.py:1206} INFO - Marking task as SUCCESS. dag_id=chess_etl, task_id=blunders_etl, run_id=scheduled__2023-04-01T00:00:00+00:00, execution_date=20230401T000000, start_date=20240608T224848, end_date=20240608T230114
[2024-06-08T23:01:14.301+0000] {local_task_job_runner.py:240} INFO - Task exited with return code 0
[2024-06-08T23:01:14.318+0000] {taskinstance.py:3498} INFO - 0 downstream tasks scheduled from follow-on schedule check
[2024-06-08T23:01:14.320+0000] {local_task_job_runner.py:222} INFO - ::endgroup::
[2024-07-08T04:17:21.578+0000] {local_task_job_runner.py:120} INFO - ::group::Pre task execution logs
[2024-07-08T04:17:21.591+0000] {taskinstance.py:2076} INFO - Dependencies all met for dep_context=non-requeueable deps ti=<TaskInstance: chess_etl.blunders_etl scheduled__2023-04-01T00:00:00+00:00 [queued]>
[2024-07-08T04:17:21.596+0000] {taskinstance.py:2076} INFO - Dependencies all met for dep_context=requeueable deps ti=<TaskInstance: chess_etl.blunders_etl scheduled__2023-04-01T00:00:00+00:00 [queued]>
[2024-07-08T04:17:21.597+0000] {taskinstance.py:2306} INFO - Starting attempt 1 of 1
[2024-07-08T04:17:21.605+0000] {taskinstance.py:2330} INFO - Executing <Task(PythonOperator): blunders_etl> on 2023-04-01 00:00:00+00:00
[2024-07-08T04:17:21.613+0000] {warnings.py:110} WARNING - /home/***/.local/lib/python3.12/site-packages/***/task/task_runner/standard_task_runner.py:61: DeprecationWarning: This process (pid=49267) is multi-threaded, use of fork() may lead to deadlocks in the child.
  pid = os.fork()

[2024-07-08T04:17:21.614+0000] {standard_task_runner.py:63} INFO - Started process 49269 to run task
[2024-07-08T04:17:21.614+0000] {standard_task_runner.py:90} INFO - Running: ['***', 'tasks', 'run', 'chess_etl', 'blunders_etl', 'scheduled__2023-04-01T00:00:00+00:00', '--job-id', '761', '--raw', '--subdir', 'DAGS_FOLDER/chess_dag.py', '--cfg-path', '/tmp/tmp6hn6n185']
[2024-07-08T04:17:21.615+0000] {standard_task_runner.py:91} INFO - Job 761: Subtask blunders_etl
[2024-07-08T04:17:21.648+0000] {task_command.py:426} INFO - Running <TaskInstance: chess_etl.blunders_etl scheduled__2023-04-01T00:00:00+00:00 [running]> on host 6569f5155f0c
[2024-07-08T04:17:21.709+0000] {taskinstance.py:2648} INFO - Exporting env vars: AIRFLOW_CTX_DAG_OWNER='***' AIRFLOW_CTX_DAG_ID='chess_etl' AIRFLOW_CTX_TASK_ID='blunders_etl' AIRFLOW_CTX_EXECUTION_DATE='2023-04-01T00:00:00+00:00' AIRFLOW_CTX_TRY_NUMBER='1' AIRFLOW_CTX_DAG_RUN_ID='scheduled__2023-04-01T00:00:00+00:00'
[2024-07-08T04:17:21.710+0000] {taskinstance.py:430} INFO - ::endgroup::
[2024-07-08T04:17:21.711+0000] {warnings.py:110} WARNING - /home/***/.local/lib/python3.12/site-packages/***/utils/context.py:320: AirflowContextDeprecationWarning: Accessing 'execution_date' from the template is deprecated and will be removed in a future version. Please use 'data_interval_start' or 'logical_date' instead.
  warnings.warn(_create_deprecation_warning(k, replacements))

[2024-07-08T04:17:21.716+0000] {base.py:84} INFO - Using connection ID 'chess_project_s3' for task execution.
[2024-07-08T04:29:19.353+0000] {python.py:237} INFO - Done. Returned value was: None
[2024-07-08T04:29:19.353+0000] {taskinstance.py:441} INFO - ::group::Post task execution logs
[2024-07-08T04:29:19.361+0000] {taskinstance.py:1206} INFO - Marking task as SUCCESS. dag_id=chess_etl, task_id=blunders_etl, run_id=scheduled__2023-04-01T00:00:00+00:00, execution_date=20230401T000000, start_date=20240708T041721, end_date=20240708T042919
[2024-07-08T04:29:19.386+0000] {local_task_job_runner.py:240} INFO - Task exited with return code 0
[2024-07-08T04:29:19.404+0000] {taskinstance.py:3498} INFO - 1 downstream tasks scheduled from follow-on schedule check
[2024-07-08T04:29:19.405+0000] {local_task_job_runner.py:222} INFO - ::endgroup::
