[2024-07-07T18:40:01.376+0000] {local_task_job_runner.py:120} INFO - ::group::Pre task execution logs
[2024-07-07T18:40:01.390+0000] {taskinstance.py:2076} INFO - Dependencies all met for dep_context=non-requeueable deps ti=<TaskInstance: chess_etl.redshift_game_load scheduled__2024-05-01T00:00:00+00:00 [queued]>
[2024-07-07T18:40:01.396+0000] {taskinstance.py:2076} INFO - Dependencies all met for dep_context=requeueable deps ti=<TaskInstance: chess_etl.redshift_game_load scheduled__2024-05-01T00:00:00+00:00 [queued]>
[2024-07-07T18:40:01.397+0000] {taskinstance.py:2306} INFO - Starting attempt 1 of 1
[2024-07-07T18:40:01.406+0000] {taskinstance.py:2330} INFO - Executing <Task(PythonOperator): redshift_game_load> on 2024-05-01 00:00:00+00:00
[2024-07-07T18:40:01.411+0000] {warnings.py:110} WARNING - /home/***/.local/lib/python3.12/site-packages/***/task/task_runner/standard_task_runner.py:61: DeprecationWarning: This process (pid=1649) is multi-threaded, use of fork() may lead to deadlocks in the child.
  pid = os.fork()

[2024-07-07T18:40:01.412+0000] {standard_task_runner.py:63} INFO - Started process 1653 to run task
[2024-07-07T18:40:01.412+0000] {standard_task_runner.py:90} INFO - Running: ['***', 'tasks', 'run', 'chess_etl', 'redshift_game_load', 'scheduled__2024-05-01T00:00:00+00:00', '--job-id', '477', '--pool', 'default_pool', '--raw', '--subdir', 'DAGS_FOLDER/chess_dag.py', '--cfg-path', '/tmp/tmp3yv0k4tv']
[2024-07-07T18:40:01.413+0000] {standard_task_runner.py:91} INFO - Job 477: Subtask redshift_game_load
[2024-07-07T18:40:01.444+0000] {task_command.py:426} INFO - Running <TaskInstance: chess_etl.redshift_game_load scheduled__2024-05-01T00:00:00+00:00 [running]> on host cb919e35e0e9
[2024-07-07T18:40:01.506+0000] {taskinstance.py:2648} INFO - Exporting env vars: AIRFLOW_CTX_DAG_OWNER='***' AIRFLOW_CTX_DAG_ID='chess_etl' AIRFLOW_CTX_TASK_ID='redshift_game_load' AIRFLOW_CTX_EXECUTION_DATE='2024-05-01T00:00:00+00:00' AIRFLOW_CTX_TRY_NUMBER='1' AIRFLOW_CTX_DAG_RUN_ID='scheduled__2024-05-01T00:00:00+00:00'
[2024-07-07T18:40:01.507+0000] {taskinstance.py:430} INFO - ::endgroup::
[2024-07-07T18:40:01.508+0000] {warnings.py:110} WARNING - /home/***/.local/lib/python3.12/site-packages/***/utils/context.py:320: AirflowContextDeprecationWarning: Accessing 'execution_date' from the template is deprecated and will be removed in a future version. Please use 'data_interval_start' or 'logical_date' instead.
  warnings.warn(_create_deprecation_warning(k, replacements))

[2024-07-07T18:40:01.516+0000] {base.py:84} INFO - Using connection ID 'chess_project_s3' for task execution.
[2024-07-07T18:40:02.256+0000] {base.py:84} INFO - Using connection ID 'chess_project_redshift' for task execution.
[2024-07-07T18:40:04.669+0000] {python.py:237} INFO - Done. Returned value was: None
[2024-07-07T18:40:04.670+0000] {taskinstance.py:441} INFO - ::group::Post task execution logs
[2024-07-07T18:40:04.676+0000] {taskinstance.py:1206} INFO - Marking task as SUCCESS. dag_id=chess_etl, task_id=redshift_game_load, run_id=scheduled__2024-05-01T00:00:00+00:00, execution_date=20240501T000000, start_date=20240707T184001, end_date=20240707T184004
[2024-07-07T18:40:04.713+0000] {local_task_job_runner.py:240} INFO - Task exited with return code 0
[2024-07-07T18:40:04.726+0000] {taskinstance.py:3498} INFO - 0 downstream tasks scheduled from follow-on schedule check
[2024-07-07T18:40:04.727+0000] {local_task_job_runner.py:222} INFO - ::endgroup::
[2024-07-08T06:05:12.482+0000] {local_task_job_runner.py:120} INFO - ::group::Pre task execution logs
[2024-07-08T06:05:12.495+0000] {taskinstance.py:2076} INFO - Dependencies all met for dep_context=non-requeueable deps ti=<TaskInstance: chess_etl.redshift_game_load scheduled__2024-05-01T00:00:00+00:00 [queued]>
[2024-07-08T06:05:12.501+0000] {taskinstance.py:2076} INFO - Dependencies all met for dep_context=requeueable deps ti=<TaskInstance: chess_etl.redshift_game_load scheduled__2024-05-01T00:00:00+00:00 [queued]>
[2024-07-08T06:05:12.501+0000] {taskinstance.py:2306} INFO - Starting attempt 1 of 1
[2024-07-08T06:05:12.511+0000] {taskinstance.py:2330} INFO - Executing <Task(PythonOperator): redshift_game_load> on 2024-05-01 00:00:00+00:00
[2024-07-08T06:05:12.518+0000] {warnings.py:110} WARNING - /home/***/.local/lib/python3.12/site-packages/***/task/task_runner/standard_task_runner.py:61: DeprecationWarning: This process (pid=60191) is multi-threaded, use of fork() may lead to deadlocks in the child.
  pid = os.fork()

[2024-07-08T06:05:12.519+0000] {standard_task_runner.py:90} INFO - Running: ['***', 'tasks', 'run', 'chess_etl', 'redshift_game_load', 'scheduled__2024-05-01T00:00:00+00:00', '--job-id', '820', '--raw', '--subdir', 'DAGS_FOLDER/chess_dag.py', '--cfg-path', '/tmp/tmp26iqg2l4']
[2024-07-08T06:05:12.520+0000] {standard_task_runner.py:63} INFO - Started process 60193 to run task
[2024-07-08T06:05:12.520+0000] {standard_task_runner.py:91} INFO - Job 820: Subtask redshift_game_load
[2024-07-08T06:05:12.554+0000] {task_command.py:426} INFO - Running <TaskInstance: chess_etl.redshift_game_load scheduled__2024-05-01T00:00:00+00:00 [running]> on host 6569f5155f0c
[2024-07-08T06:05:12.607+0000] {taskinstance.py:2648} INFO - Exporting env vars: AIRFLOW_CTX_DAG_OWNER='***' AIRFLOW_CTX_DAG_ID='chess_etl' AIRFLOW_CTX_TASK_ID='redshift_game_load' AIRFLOW_CTX_EXECUTION_DATE='2024-05-01T00:00:00+00:00' AIRFLOW_CTX_TRY_NUMBER='1' AIRFLOW_CTX_DAG_RUN_ID='scheduled__2024-05-01T00:00:00+00:00'
[2024-07-08T06:05:12.609+0000] {taskinstance.py:430} INFO - ::endgroup::
[2024-07-08T06:05:12.610+0000] {warnings.py:110} WARNING - /home/***/.local/lib/python3.12/site-packages/***/utils/context.py:320: AirflowContextDeprecationWarning: Accessing 'execution_date' from the template is deprecated and will be removed in a future version. Please use 'data_interval_start' or 'logical_date' instead.
  warnings.warn(_create_deprecation_warning(k, replacements))

[2024-07-08T06:05:12.616+0000] {base.py:84} INFO - Using connection ID 'chess_project_s3' for task execution.
[2024-07-08T06:05:13.431+0000] {base.py:84} INFO - Using connection ID 'chess_project_redshift' for task execution.
[2024-07-08T06:05:15.279+0000] {python.py:237} INFO - Done. Returned value was: None
[2024-07-08T06:05:15.280+0000] {taskinstance.py:441} INFO - ::group::Post task execution logs
[2024-07-08T06:05:15.286+0000] {taskinstance.py:1206} INFO - Marking task as SUCCESS. dag_id=chess_etl, task_id=redshift_game_load, run_id=scheduled__2024-05-01T00:00:00+00:00, execution_date=20240501T000000, start_date=20240708T060512, end_date=20240708T060515
[2024-07-08T06:05:15.341+0000] {local_task_job_runner.py:240} INFO - Task exited with return code 0
[2024-07-08T06:05:15.354+0000] {taskinstance.py:3498} INFO - 1 downstream tasks scheduled from follow-on schedule check
[2024-07-08T06:05:15.355+0000] {local_task_job_runner.py:222} INFO - ::endgroup::
