[2024-06-03T17:38:38.511+0000] {local_task_job_runner.py:120} INFO - ::group::Pre task execution logs
[2024-06-03T17:38:38.528+0000] {taskinstance.py:2076} INFO - Dependencies all met for dep_context=non-requeueable deps ti=<TaskInstance: chess_etl.games_etl scheduled__2020-02-01T00:00:00+00:00 [queued]>
[2024-06-03T17:38:38.534+0000] {taskinstance.py:2076} INFO - Dependencies all met for dep_context=requeueable deps ti=<TaskInstance: chess_etl.games_etl scheduled__2020-02-01T00:00:00+00:00 [queued]>
[2024-06-03T17:38:38.534+0000] {taskinstance.py:2306} INFO - Starting attempt 1 of 1
[2024-06-03T17:38:38.545+0000] {taskinstance.py:2330} INFO - Executing <Task(PythonOperator): games_etl> on 2020-02-01 00:00:00+00:00
[2024-06-03T17:38:38.550+0000] {warnings.py:110} WARNING - /home/***/.local/lib/python3.12/site-packages/***/task/task_runner/standard_task_runner.py:61: DeprecationWarning: This process (pid=149) is multi-threaded, use of fork() may lead to deadlocks in the child.
  pid = os.fork()

[2024-06-03T17:38:38.552+0000] {standard_task_runner.py:63} INFO - Started process 153 to run task
[2024-06-03T17:38:38.552+0000] {standard_task_runner.py:90} INFO - Running: ['***', 'tasks', 'run', 'chess_etl', 'games_etl', 'scheduled__2020-02-01T00:00:00+00:00', '--job-id', '32', '--raw', '--subdir', 'DAGS_FOLDER/chess_dag.py', '--cfg-path', '/tmp/tmp77izaziw']
[2024-06-03T17:38:38.553+0000] {standard_task_runner.py:91} INFO - Job 32: Subtask games_etl
[2024-06-03T17:38:38.586+0000] {task_command.py:426} INFO - Running <TaskInstance: chess_etl.games_etl scheduled__2020-02-01T00:00:00+00:00 [running]> on host a5a4421409ea
[2024-06-03T17:38:38.646+0000] {taskinstance.py:2648} INFO - Exporting env vars: AIRFLOW_CTX_DAG_OWNER='***' AIRFLOW_CTX_DAG_ID='chess_etl' AIRFLOW_CTX_TASK_ID='games_etl' AIRFLOW_CTX_EXECUTION_DATE='2020-02-01T00:00:00+00:00' AIRFLOW_CTX_TRY_NUMBER='1' AIRFLOW_CTX_DAG_RUN_ID='scheduled__2020-02-01T00:00:00+00:00'
[2024-06-03T17:38:38.647+0000] {taskinstance.py:430} INFO - ::endgroup::
[2024-06-03T17:38:38.648+0000] {warnings.py:110} WARNING - /home/***/.local/lib/python3.12/site-packages/***/utils/context.py:320: AirflowContextDeprecationWarning: Accessing 'execution_date' from the template is deprecated and will be removed in a future version. Please use 'data_interval_start' or 'logical_date' instead.
  warnings.warn(_create_deprecation_warning(k, replacements))

[2024-06-03T17:38:38.929+0000] {python.py:237} INFO - Done. Returned value was: None
[2024-06-03T17:38:38.929+0000] {taskinstance.py:441} INFO - ::group::Post task execution logs
[2024-06-03T17:38:38.935+0000] {taskinstance.py:1206} INFO - Marking task as SUCCESS. dag_id=chess_etl, task_id=games_etl, run_id=scheduled__2020-02-01T00:00:00+00:00, execution_date=20200201T000000, start_date=20240603T173838, end_date=20240603T173838
[2024-06-03T17:38:38.966+0000] {local_task_job_runner.py:240} INFO - Task exited with return code 0
[2024-06-03T17:38:38.979+0000] {taskinstance.py:3498} INFO - 1 downstream tasks scheduled from follow-on schedule check
[2024-06-03T17:38:38.980+0000] {local_task_job_runner.py:222} INFO - ::endgroup::
[2024-06-03T17:45:26.087+0000] {local_task_job_runner.py:120} INFO - ::group::Pre task execution logs
[2024-06-03T17:45:26.101+0000] {taskinstance.py:2076} INFO - Dependencies all met for dep_context=non-requeueable deps ti=<TaskInstance: chess_etl.games_etl scheduled__2020-02-01T00:00:00+00:00 [queued]>
[2024-06-03T17:45:26.105+0000] {taskinstance.py:2076} INFO - Dependencies all met for dep_context=requeueable deps ti=<TaskInstance: chess_etl.games_etl scheduled__2020-02-01T00:00:00+00:00 [queued]>
[2024-06-03T17:45:26.106+0000] {taskinstance.py:2306} INFO - Starting attempt 1 of 1
[2024-06-03T17:45:26.114+0000] {taskinstance.py:2330} INFO - Executing <Task(PythonOperator): games_etl> on 2020-02-01 00:00:00+00:00
[2024-06-03T17:45:26.119+0000] {warnings.py:110} WARNING - /home/***/.local/lib/python3.12/site-packages/***/task/task_runner/standard_task_runner.py:61: DeprecationWarning: This process (pid=203) is multi-threaded, use of fork() may lead to deadlocks in the child.
  pid = os.fork()

[2024-06-03T17:45:26.120+0000] {standard_task_runner.py:63} INFO - Started process 205 to run task
[2024-06-03T17:45:26.120+0000] {standard_task_runner.py:90} INFO - Running: ['***', 'tasks', 'run', 'chess_etl', 'games_etl', 'scheduled__2020-02-01T00:00:00+00:00', '--job-id', '90', '--raw', '--subdir', 'DAGS_FOLDER/chess_dag.py', '--cfg-path', '/tmp/tmpdw3frriu']
[2024-06-03T17:45:26.121+0000] {standard_task_runner.py:91} INFO - Job 90: Subtask games_etl
[2024-06-03T17:45:26.153+0000] {task_command.py:426} INFO - Running <TaskInstance: chess_etl.games_etl scheduled__2020-02-01T00:00:00+00:00 [running]> on host f55fff24b127
[2024-06-03T17:45:26.213+0000] {taskinstance.py:2648} INFO - Exporting env vars: AIRFLOW_CTX_DAG_OWNER='***' AIRFLOW_CTX_DAG_ID='chess_etl' AIRFLOW_CTX_TASK_ID='games_etl' AIRFLOW_CTX_EXECUTION_DATE='2020-02-01T00:00:00+00:00' AIRFLOW_CTX_TRY_NUMBER='1' AIRFLOW_CTX_DAG_RUN_ID='scheduled__2020-02-01T00:00:00+00:00'
[2024-06-03T17:45:26.215+0000] {taskinstance.py:430} INFO - ::endgroup::
[2024-06-03T17:45:26.216+0000] {warnings.py:110} WARNING - /home/***/.local/lib/python3.12/site-packages/***/utils/context.py:320: AirflowContextDeprecationWarning: Accessing 'execution_date' from the template is deprecated and will be removed in a future version. Please use 'data_interval_start' or 'logical_date' instead.
  warnings.warn(_create_deprecation_warning(k, replacements))

[2024-06-03T17:45:26.490+0000] {python.py:237} INFO - Done. Returned value was: None
[2024-06-03T17:45:26.491+0000] {taskinstance.py:441} INFO - ::group::Post task execution logs
[2024-06-03T17:45:26.497+0000] {taskinstance.py:1206} INFO - Marking task as SUCCESS. dag_id=chess_etl, task_id=games_etl, run_id=scheduled__2020-02-01T00:00:00+00:00, execution_date=20200201T000000, start_date=20240603T174526, end_date=20240603T174526
[2024-06-03T17:45:26.533+0000] {local_task_job_runner.py:240} INFO - Task exited with return code 0
[2024-06-03T17:45:26.548+0000] {taskinstance.py:3498} INFO - 1 downstream tasks scheduled from follow-on schedule check
[2024-06-03T17:45:26.549+0000] {local_task_job_runner.py:222} INFO - ::endgroup::
[2024-06-08T14:10:54.122+0000] {local_task_job_runner.py:120} INFO - ::group::Pre task execution logs
[2024-06-08T14:10:54.136+0000] {taskinstance.py:2076} INFO - Dependencies all met for dep_context=non-requeueable deps ti=<TaskInstance: chess_etl.games_etl scheduled__2020-02-01T00:00:00+00:00 [queued]>
[2024-06-08T14:10:54.141+0000] {taskinstance.py:2076} INFO - Dependencies all met for dep_context=requeueable deps ti=<TaskInstance: chess_etl.games_etl scheduled__2020-02-01T00:00:00+00:00 [queued]>
[2024-06-08T14:10:54.142+0000] {taskinstance.py:2306} INFO - Starting attempt 1 of 1
[2024-06-08T14:10:54.153+0000] {taskinstance.py:2330} INFO - Executing <Task(PythonOperator): games_etl> on 2020-02-01 00:00:00+00:00
[2024-06-08T14:10:54.158+0000] {warnings.py:110} WARNING - /home/***/.local/lib/python3.12/site-packages/***/task/task_runner/standard_task_runner.py:61: DeprecationWarning: This process (pid=219) is multi-threaded, use of fork() may lead to deadlocks in the child.
  pid = os.fork()

[2024-06-08T14:10:54.159+0000] {standard_task_runner.py:90} INFO - Running: ['***', 'tasks', 'run', 'chess_etl', 'games_etl', 'scheduled__2020-02-01T00:00:00+00:00', '--job-id', '230', '--raw', '--subdir', 'DAGS_FOLDER/chess_dag.py', '--cfg-path', '/tmp/tmpfahepaoy']
[2024-06-08T14:10:54.160+0000] {standard_task_runner.py:63} INFO - Started process 221 to run task
[2024-06-08T14:10:54.160+0000] {standard_task_runner.py:91} INFO - Job 230: Subtask games_etl
[2024-06-08T14:10:54.190+0000] {task_command.py:426} INFO - Running <TaskInstance: chess_etl.games_etl scheduled__2020-02-01T00:00:00+00:00 [running]> on host 3c9d89bfdaf1
[2024-06-08T14:10:54.246+0000] {taskinstance.py:2648} INFO - Exporting env vars: AIRFLOW_CTX_DAG_OWNER='***' AIRFLOW_CTX_DAG_ID='chess_etl' AIRFLOW_CTX_TASK_ID='games_etl' AIRFLOW_CTX_EXECUTION_DATE='2020-02-01T00:00:00+00:00' AIRFLOW_CTX_TRY_NUMBER='1' AIRFLOW_CTX_DAG_RUN_ID='scheduled__2020-02-01T00:00:00+00:00'
[2024-06-08T14:10:54.247+0000] {taskinstance.py:430} INFO - ::endgroup::
[2024-06-08T14:10:54.248+0000] {warnings.py:110} WARNING - /home/***/.local/lib/python3.12/site-packages/***/utils/context.py:320: AirflowContextDeprecationWarning: Accessing 'execution_date' from the template is deprecated and will be removed in a future version. Please use 'data_interval_start' or 'logical_date' instead.
  warnings.warn(_create_deprecation_warning(k, replacements))

[2024-06-08T14:10:54.502+0000] {python.py:237} INFO - Done. Returned value was: None
[2024-06-08T14:10:54.503+0000] {taskinstance.py:441} INFO - ::group::Post task execution logs
[2024-06-08T14:10:54.509+0000] {taskinstance.py:1206} INFO - Marking task as SUCCESS. dag_id=chess_etl, task_id=games_etl, run_id=scheduled__2020-02-01T00:00:00+00:00, execution_date=20200201T000000, start_date=20240608T141054, end_date=20240608T141054
[2024-06-08T14:10:54.534+0000] {local_task_job_runner.py:240} INFO - Task exited with return code 0
[2024-06-08T14:10:54.548+0000] {taskinstance.py:3498} INFO - 1 downstream tasks scheduled from follow-on schedule check
[2024-06-08T14:10:54.549+0000] {local_task_job_runner.py:222} INFO - ::endgroup::
[2024-06-08T14:52:22.496+0000] {local_task_job_runner.py:120} INFO - ::group::Pre task execution logs
[2024-06-08T14:52:22.512+0000] {taskinstance.py:2076} INFO - Dependencies all met for dep_context=non-requeueable deps ti=<TaskInstance: chess_etl.games_etl scheduled__2020-02-01T00:00:00+00:00 [queued]>
[2024-06-08T14:52:22.519+0000] {taskinstance.py:2076} INFO - Dependencies all met for dep_context=requeueable deps ti=<TaskInstance: chess_etl.games_etl scheduled__2020-02-01T00:00:00+00:00 [queued]>
[2024-06-08T14:52:22.519+0000] {taskinstance.py:2306} INFO - Starting attempt 1 of 1
[2024-06-08T14:52:22.530+0000] {taskinstance.py:2330} INFO - Executing <Task(PythonOperator): games_etl> on 2020-02-01 00:00:00+00:00
[2024-06-08T14:52:22.535+0000] {warnings.py:110} WARNING - /home/***/.local/lib/python3.12/site-packages/***/task/task_runner/standard_task_runner.py:61: DeprecationWarning: This process (pid=329) is multi-threaded, use of fork() may lead to deadlocks in the child.
  pid = os.fork()

[2024-06-08T14:52:22.537+0000] {standard_task_runner.py:63} INFO - Started process 331 to run task
[2024-06-08T14:52:22.536+0000] {standard_task_runner.py:90} INFO - Running: ['***', 'tasks', 'run', 'chess_etl', 'games_etl', 'scheduled__2020-02-01T00:00:00+00:00', '--job-id', '266', '--raw', '--subdir', 'DAGS_FOLDER/chess_dag.py', '--cfg-path', '/tmp/tmpjrq44r3k']
[2024-06-08T14:52:22.537+0000] {standard_task_runner.py:91} INFO - Job 266: Subtask games_etl
[2024-06-08T14:52:22.567+0000] {task_command.py:426} INFO - Running <TaskInstance: chess_etl.games_etl scheduled__2020-02-01T00:00:00+00:00 [running]> on host bf0ade909435
[2024-06-08T14:52:22.627+0000] {taskinstance.py:2648} INFO - Exporting env vars: AIRFLOW_CTX_DAG_OWNER='***' AIRFLOW_CTX_DAG_ID='chess_etl' AIRFLOW_CTX_TASK_ID='games_etl' AIRFLOW_CTX_EXECUTION_DATE='2020-02-01T00:00:00+00:00' AIRFLOW_CTX_TRY_NUMBER='1' AIRFLOW_CTX_DAG_RUN_ID='scheduled__2020-02-01T00:00:00+00:00'
[2024-06-08T14:52:22.628+0000] {taskinstance.py:430} INFO - ::endgroup::
[2024-06-08T14:52:22.629+0000] {warnings.py:110} WARNING - /home/***/.local/lib/python3.12/site-packages/***/utils/context.py:320: AirflowContextDeprecationWarning: Accessing 'execution_date' from the template is deprecated and will be removed in a future version. Please use 'data_interval_start' or 'logical_date' instead.
  warnings.warn(_create_deprecation_warning(k, replacements))

[2024-06-08T14:52:22.874+0000] {python.py:237} INFO - Done. Returned value was: None
[2024-06-08T14:52:22.876+0000] {taskinstance.py:441} INFO - ::group::Post task execution logs
[2024-06-08T14:52:22.885+0000] {taskinstance.py:1206} INFO - Marking task as SUCCESS. dag_id=chess_etl, task_id=games_etl, run_id=scheduled__2020-02-01T00:00:00+00:00, execution_date=20200201T000000, start_date=20240608T145222, end_date=20240608T145222
[2024-06-08T14:52:22.911+0000] {local_task_job_runner.py:240} INFO - Task exited with return code 0
[2024-06-08T14:52:22.924+0000] {taskinstance.py:3498} INFO - 1 downstream tasks scheduled from follow-on schedule check
[2024-06-08T14:52:22.925+0000] {local_task_job_runner.py:222} INFO - ::endgroup::
[2024-07-07T21:20:53.838+0000] {local_task_job_runner.py:120} INFO - ::group::Pre task execution logs
[2024-07-07T21:20:53.853+0000] {taskinstance.py:2076} INFO - Dependencies all met for dep_context=non-requeueable deps ti=<TaskInstance: chess_etl.games_etl scheduled__2020-02-01T00:00:00+00:00 [queued]>
[2024-07-07T21:20:53.858+0000] {taskinstance.py:2076} INFO - Dependencies all met for dep_context=requeueable deps ti=<TaskInstance: chess_etl.games_etl scheduled__2020-02-01T00:00:00+00:00 [queued]>
[2024-07-07T21:20:53.858+0000] {taskinstance.py:2306} INFO - Starting attempt 1 of 1
[2024-07-07T21:20:53.868+0000] {taskinstance.py:2330} INFO - Executing <Task(PythonOperator): games_etl> on 2020-02-01 00:00:00+00:00
[2024-07-07T21:20:53.873+0000] {warnings.py:110} WARNING - /home/***/.local/lib/python3.12/site-packages/***/task/task_runner/standard_task_runner.py:61: DeprecationWarning: This process (pid=1423) is multi-threaded, use of fork() may lead to deadlocks in the child.
  pid = os.fork()

[2024-07-07T21:20:53.874+0000] {standard_task_runner.py:63} INFO - Started process 1428 to run task
[2024-07-07T21:20:53.874+0000] {standard_task_runner.py:90} INFO - Running: ['***', 'tasks', 'run', 'chess_etl', 'games_etl', 'scheduled__2020-02-01T00:00:00+00:00', '--job-id', '610', '--raw', '--subdir', 'DAGS_FOLDER/chess_dag.py', '--cfg-path', '/tmp/tmp093xp3ao']
[2024-07-07T21:20:53.875+0000] {standard_task_runner.py:91} INFO - Job 610: Subtask games_etl
[2024-07-07T21:20:53.905+0000] {task_command.py:426} INFO - Running <TaskInstance: chess_etl.games_etl scheduled__2020-02-01T00:00:00+00:00 [running]> on host 6569f5155f0c
[2024-07-07T21:20:53.957+0000] {taskinstance.py:2648} INFO - Exporting env vars: AIRFLOW_CTX_DAG_OWNER='***' AIRFLOW_CTX_DAG_ID='chess_etl' AIRFLOW_CTX_TASK_ID='games_etl' AIRFLOW_CTX_EXECUTION_DATE='2020-02-01T00:00:00+00:00' AIRFLOW_CTX_TRY_NUMBER='1' AIRFLOW_CTX_DAG_RUN_ID='scheduled__2020-02-01T00:00:00+00:00'
[2024-07-07T21:20:53.958+0000] {taskinstance.py:430} INFO - ::endgroup::
[2024-07-07T21:20:53.959+0000] {warnings.py:110} WARNING - /home/***/.local/lib/python3.12/site-packages/***/utils/context.py:320: AirflowContextDeprecationWarning: Accessing 'execution_date' from the template is deprecated and will be removed in a future version. Please use 'data_interval_start' or 'logical_date' instead.
  warnings.warn(_create_deprecation_warning(k, replacements))

[2024-07-07T21:20:54.217+0000] {python.py:237} INFO - Done. Returned value was: None
[2024-07-07T21:20:54.218+0000] {taskinstance.py:441} INFO - ::group::Post task execution logs
[2024-07-07T21:20:54.224+0000] {taskinstance.py:1206} INFO - Marking task as SUCCESS. dag_id=chess_etl, task_id=games_etl, run_id=scheduled__2020-02-01T00:00:00+00:00, execution_date=20200201T000000, start_date=20240707T212053, end_date=20240707T212054
[2024-07-07T21:20:54.248+0000] {local_task_job_runner.py:240} INFO - Task exited with return code 0
[2024-07-07T21:20:54.265+0000] {taskinstance.py:3498} INFO - 1 downstream tasks scheduled from follow-on schedule check
[2024-07-07T21:20:54.267+0000] {local_task_job_runner.py:222} INFO - ::endgroup::
