[2024-06-04T01:54:16.768+0000] {local_task_job_runner.py:120} INFO - ::group::Pre task execution logs
[2024-06-04T01:54:16.782+0000] {taskinstance.py:2076} INFO - Dependencies all met for dep_context=non-requeueable deps ti=<TaskInstance: chess_etl.blunders_etl scheduled__2023-12-01T00:00:00+00:00 [queued]>
[2024-06-04T01:54:16.787+0000] {taskinstance.py:2076} INFO - Dependencies all met for dep_context=requeueable deps ti=<TaskInstance: chess_etl.blunders_etl scheduled__2023-12-01T00:00:00+00:00 [queued]>
[2024-06-04T01:54:16.788+0000] {taskinstance.py:2306} INFO - Starting attempt 1 of 1
[2024-06-04T01:54:16.797+0000] {taskinstance.py:2330} INFO - Executing <Task(PythonOperator): blunders_etl> on 2023-12-01 00:00:00+00:00
[2024-06-04T01:54:16.804+0000] {warnings.py:110} WARNING - /home/***/.local/lib/python3.12/site-packages/***/task/task_runner/standard_task_runner.py:61: DeprecationWarning: This process (pid=54037) is multi-threaded, use of fork() may lead to deadlocks in the child.
  pid = os.fork()

[2024-06-04T01:54:16.805+0000] {standard_task_runner.py:63} INFO - Started process 54039 to run task
[2024-06-04T01:54:16.806+0000] {standard_task_runner.py:90} INFO - Running: ['***', 'tasks', 'run', 'chess_etl', 'blunders_etl', 'scheduled__2023-12-01T00:00:00+00:00', '--job-id', '183', '--raw', '--subdir', 'DAGS_FOLDER/chess_dag.py', '--cfg-path', '/tmp/tmpjqgd0ivz']
[2024-06-04T01:54:16.807+0000] {standard_task_runner.py:91} INFO - Job 183: Subtask blunders_etl
[2024-06-04T01:54:16.842+0000] {task_command.py:426} INFO - Running <TaskInstance: chess_etl.blunders_etl scheduled__2023-12-01T00:00:00+00:00 [running]> on host f55fff24b127
[2024-06-04T01:54:16.907+0000] {taskinstance.py:2648} INFO - Exporting env vars: AIRFLOW_CTX_DAG_OWNER='***' AIRFLOW_CTX_DAG_ID='chess_etl' AIRFLOW_CTX_TASK_ID='blunders_etl' AIRFLOW_CTX_EXECUTION_DATE='2023-12-01T00:00:00+00:00' AIRFLOW_CTX_TRY_NUMBER='1' AIRFLOW_CTX_DAG_RUN_ID='scheduled__2023-12-01T00:00:00+00:00'
[2024-06-04T01:54:16.909+0000] {taskinstance.py:430} INFO - ::endgroup::
[2024-06-04T01:54:16.910+0000] {warnings.py:110} WARNING - /home/***/.local/lib/python3.12/site-packages/***/utils/context.py:320: AirflowContextDeprecationWarning: Accessing 'execution_date' from the template is deprecated and will be removed in a future version. Please use 'data_interval_start' or 'logical_date' instead.
  warnings.warn(_create_deprecation_warning(k, replacements))

[2024-06-04T01:54:16.918+0000] {base.py:84} INFO - Using connection ID 'chess_project_s3' for task execution.
[2024-06-04T02:04:28.900+0000] {python.py:237} INFO - Done. Returned value was: None
[2024-06-04T02:04:28.900+0000] {taskinstance.py:441} INFO - ::group::Post task execution logs
[2024-06-04T02:04:28.907+0000] {taskinstance.py:1206} INFO - Marking task as SUCCESS. dag_id=chess_etl, task_id=blunders_etl, run_id=scheduled__2023-12-01T00:00:00+00:00, execution_date=20231201T000000, start_date=20240604T015416, end_date=20240604T020428
[2024-06-04T02:04:28.953+0000] {local_task_job_runner.py:240} INFO - Task exited with return code 0
[2024-06-04T02:04:28.965+0000] {taskinstance.py:3498} INFO - 0 downstream tasks scheduled from follow-on schedule check
[2024-06-04T02:04:28.966+0000] {local_task_job_runner.py:222} INFO - ::endgroup::
[2024-06-08T23:47:31.028+0000] {local_task_job_runner.py:120} INFO - ::group::Pre task execution logs
[2024-06-08T23:47:31.047+0000] {taskinstance.py:2076} INFO - Dependencies all met for dep_context=non-requeueable deps ti=<TaskInstance: chess_etl.blunders_etl scheduled__2023-12-01T00:00:00+00:00 [queued]>
[2024-06-08T23:47:31.055+0000] {taskinstance.py:2076} INFO - Dependencies all met for dep_context=requeueable deps ti=<TaskInstance: chess_etl.blunders_etl scheduled__2023-12-01T00:00:00+00:00 [queued]>
[2024-06-08T23:47:31.056+0000] {taskinstance.py:2306} INFO - Starting attempt 1 of 1
[2024-06-08T23:47:31.068+0000] {taskinstance.py:2330} INFO - Executing <Task(PythonOperator): blunders_etl> on 2023-12-01 00:00:00+00:00
[2024-06-08T23:47:31.076+0000] {warnings.py:110} WARNING - /home/***/.local/lib/python3.12/site-packages/***/task/task_runner/standard_task_runner.py:61: DeprecationWarning: This process (pid=54756) is multi-threaded, use of fork() may lead to deadlocks in the child.
  pid = os.fork()

[2024-06-08T23:47:31.078+0000] {standard_task_runner.py:90} INFO - Running: ['***', 'tasks', 'run', 'chess_etl', 'blunders_etl', 'scheduled__2023-12-01T00:00:00+00:00', '--job-id', '359', '--raw', '--subdir', 'DAGS_FOLDER/chess_dag.py', '--cfg-path', '/tmp/tmpao2p22bx']
[2024-06-08T23:47:31.078+0000] {standard_task_runner.py:63} INFO - Started process 54758 to run task
[2024-06-08T23:47:31.079+0000] {standard_task_runner.py:91} INFO - Job 359: Subtask blunders_etl
[2024-06-08T23:47:31.115+0000] {task_command.py:426} INFO - Running <TaskInstance: chess_etl.blunders_etl scheduled__2023-12-01T00:00:00+00:00 [running]> on host bf0ade909435
[2024-06-08T23:47:31.180+0000] {taskinstance.py:2648} INFO - Exporting env vars: AIRFLOW_CTX_DAG_OWNER='***' AIRFLOW_CTX_DAG_ID='chess_etl' AIRFLOW_CTX_TASK_ID='blunders_etl' AIRFLOW_CTX_EXECUTION_DATE='2023-12-01T00:00:00+00:00' AIRFLOW_CTX_TRY_NUMBER='1' AIRFLOW_CTX_DAG_RUN_ID='scheduled__2023-12-01T00:00:00+00:00'
[2024-06-08T23:47:31.181+0000] {taskinstance.py:430} INFO - ::endgroup::
[2024-06-08T23:47:31.182+0000] {warnings.py:110} WARNING - /home/***/.local/lib/python3.12/site-packages/***/utils/context.py:320: AirflowContextDeprecationWarning: Accessing 'execution_date' from the template is deprecated and will be removed in a future version. Please use 'data_interval_start' or 'logical_date' instead.
  warnings.warn(_create_deprecation_warning(k, replacements))

[2024-06-08T23:47:31.189+0000] {base.py:84} INFO - Using connection ID 'chess_project_s3' for task execution.
[2024-06-08T23:57:59.820+0000] {python.py:237} INFO - Done. Returned value was: None
[2024-06-08T23:57:59.820+0000] {taskinstance.py:441} INFO - ::group::Post task execution logs
[2024-06-08T23:57:59.829+0000] {taskinstance.py:1206} INFO - Marking task as SUCCESS. dag_id=chess_etl, task_id=blunders_etl, run_id=scheduled__2023-12-01T00:00:00+00:00, execution_date=20231201T000000, start_date=20240608T234731, end_date=20240608T235759
[2024-06-08T23:57:59.865+0000] {local_task_job_runner.py:240} INFO - Task exited with return code 0
[2024-06-08T23:57:59.876+0000] {taskinstance.py:3498} INFO - 0 downstream tasks scheduled from follow-on schedule check
[2024-06-08T23:57:59.878+0000] {local_task_job_runner.py:222} INFO - ::endgroup::
[2024-07-08T05:14:51.855+0000] {local_task_job_runner.py:120} INFO - ::group::Pre task execution logs
[2024-07-08T05:14:51.869+0000] {taskinstance.py:2076} INFO - Dependencies all met for dep_context=non-requeueable deps ti=<TaskInstance: chess_etl.blunders_etl scheduled__2023-12-01T00:00:00+00:00 [queued]>
[2024-07-08T05:14:51.875+0000] {taskinstance.py:2076} INFO - Dependencies all met for dep_context=requeueable deps ti=<TaskInstance: chess_etl.blunders_etl scheduled__2023-12-01T00:00:00+00:00 [queued]>
[2024-07-08T05:14:51.875+0000] {taskinstance.py:2306} INFO - Starting attempt 1 of 1
[2024-07-08T05:14:51.884+0000] {taskinstance.py:2330} INFO - Executing <Task(PythonOperator): blunders_etl> on 2023-12-01 00:00:00+00:00
[2024-07-08T05:14:51.891+0000] {warnings.py:110} WARNING - /home/***/.local/lib/python3.12/site-packages/***/task/task_runner/standard_task_runner.py:61: DeprecationWarning: This process (pid=55524) is multi-threaded, use of fork() may lead to deadlocks in the child.
  pid = os.fork()

[2024-07-08T05:14:51.892+0000] {standard_task_runner.py:63} INFO - Started process 55526 to run task
[2024-07-08T05:14:51.892+0000] {standard_task_runner.py:90} INFO - Running: ['***', 'tasks', 'run', 'chess_etl', 'blunders_etl', 'scheduled__2023-12-01T00:00:00+00:00', '--job-id', '793', '--raw', '--subdir', 'DAGS_FOLDER/chess_dag.py', '--cfg-path', '/tmp/tmprcklduu2']
[2024-07-08T05:14:51.893+0000] {standard_task_runner.py:91} INFO - Job 793: Subtask blunders_etl
[2024-07-08T05:14:51.929+0000] {task_command.py:426} INFO - Running <TaskInstance: chess_etl.blunders_etl scheduled__2023-12-01T00:00:00+00:00 [running]> on host 6569f5155f0c
[2024-07-08T05:14:52.005+0000] {taskinstance.py:2648} INFO - Exporting env vars: AIRFLOW_CTX_DAG_OWNER='***' AIRFLOW_CTX_DAG_ID='chess_etl' AIRFLOW_CTX_TASK_ID='blunders_etl' AIRFLOW_CTX_EXECUTION_DATE='2023-12-01T00:00:00+00:00' AIRFLOW_CTX_TRY_NUMBER='1' AIRFLOW_CTX_DAG_RUN_ID='scheduled__2023-12-01T00:00:00+00:00'
[2024-07-08T05:14:52.006+0000] {taskinstance.py:430} INFO - ::endgroup::
[2024-07-08T05:14:52.007+0000] {warnings.py:110} WARNING - /home/***/.local/lib/python3.12/site-packages/***/utils/context.py:320: AirflowContextDeprecationWarning: Accessing 'execution_date' from the template is deprecated and will be removed in a future version. Please use 'data_interval_start' or 'logical_date' instead.
  warnings.warn(_create_deprecation_warning(k, replacements))

[2024-07-08T05:14:52.015+0000] {base.py:84} INFO - Using connection ID 'chess_project_s3' for task execution.
[2024-07-08T05:24:59.537+0000] {python.py:237} INFO - Done. Returned value was: None
[2024-07-08T05:24:59.538+0000] {taskinstance.py:441} INFO - ::group::Post task execution logs
[2024-07-08T05:24:59.545+0000] {taskinstance.py:1206} INFO - Marking task as SUCCESS. dag_id=chess_etl, task_id=blunders_etl, run_id=scheduled__2023-12-01T00:00:00+00:00, execution_date=20231201T000000, start_date=20240708T051451, end_date=20240708T052459
[2024-07-08T05:24:59.599+0000] {local_task_job_runner.py:240} INFO - Task exited with return code 0
[2024-07-08T05:24:59.623+0000] {taskinstance.py:3498} INFO - 1 downstream tasks scheduled from follow-on schedule check
[2024-07-08T05:24:59.625+0000] {local_task_job_runner.py:222} INFO - ::endgroup::
