[2024-06-03T23:50:23.142+0000] {local_task_job_runner.py:120} INFO - ::group::Pre task execution logs
[2024-06-03T23:50:23.160+0000] {taskinstance.py:2076} INFO - Dependencies all met for dep_context=non-requeueable deps ti=<TaskInstance: chess_etl.blunders_etl scheduled__2022-09-01T00:00:00+00:00 [queued]>
[2024-06-03T23:50:23.166+0000] {taskinstance.py:2076} INFO - Dependencies all met for dep_context=requeueable deps ti=<TaskInstance: chess_etl.blunders_etl scheduled__2022-09-01T00:00:00+00:00 [queued]>
[2024-06-03T23:50:23.167+0000] {taskinstance.py:2306} INFO - Starting attempt 1 of 1
[2024-06-03T23:50:23.176+0000] {taskinstance.py:2330} INFO - Executing <Task(PythonOperator): blunders_etl> on 2022-09-01 00:00:00+00:00
[2024-06-03T23:50:23.183+0000] {warnings.py:110} WARNING - /home/***/.local/lib/python3.12/site-packages/***/task/task_runner/standard_task_runner.py:61: DeprecationWarning: This process (pid=39901) is multi-threaded, use of fork() may lead to deadlocks in the child.
  pid = os.fork()

[2024-06-03T23:50:23.185+0000] {standard_task_runner.py:63} INFO - Started process 39903 to run task
[2024-06-03T23:50:23.185+0000] {standard_task_runner.py:90} INFO - Running: ['***', 'tasks', 'run', 'chess_etl', 'blunders_etl', 'scheduled__2022-09-01T00:00:00+00:00', '--job-id', '153', '--raw', '--subdir', 'DAGS_FOLDER/chess_dag.py', '--cfg-path', '/tmp/tmps752raz1']
[2024-06-03T23:50:23.185+0000] {standard_task_runner.py:91} INFO - Job 153: Subtask blunders_etl
[2024-06-03T23:50:23.218+0000] {task_command.py:426} INFO - Running <TaskInstance: chess_etl.blunders_etl scheduled__2022-09-01T00:00:00+00:00 [running]> on host f55fff24b127
[2024-06-03T23:50:23.283+0000] {taskinstance.py:2648} INFO - Exporting env vars: AIRFLOW_CTX_DAG_OWNER='***' AIRFLOW_CTX_DAG_ID='chess_etl' AIRFLOW_CTX_TASK_ID='blunders_etl' AIRFLOW_CTX_EXECUTION_DATE='2022-09-01T00:00:00+00:00' AIRFLOW_CTX_TRY_NUMBER='1' AIRFLOW_CTX_DAG_RUN_ID='scheduled__2022-09-01T00:00:00+00:00'
[2024-06-03T23:50:23.284+0000] {taskinstance.py:430} INFO - ::endgroup::
[2024-06-03T23:50:23.285+0000] {warnings.py:110} WARNING - /home/***/.local/lib/python3.12/site-packages/***/utils/context.py:320: AirflowContextDeprecationWarning: Accessing 'execution_date' from the template is deprecated and will be removed in a future version. Please use 'data_interval_start' or 'logical_date' instead.
  warnings.warn(_create_deprecation_warning(k, replacements))

[2024-06-03T23:50:23.290+0000] {base.py:84} INFO - Using connection ID 'chess_project_s3' for task execution.
[2024-06-04T00:03:47.230+0000] {python.py:237} INFO - Done. Returned value was: None
[2024-06-04T00:03:47.231+0000] {taskinstance.py:441} INFO - ::group::Post task execution logs
[2024-06-04T00:03:47.241+0000] {taskinstance.py:1206} INFO - Marking task as SUCCESS. dag_id=chess_etl, task_id=blunders_etl, run_id=scheduled__2022-09-01T00:00:00+00:00, execution_date=20220901T000000, start_date=20240603T235023, end_date=20240604T000347
[2024-06-04T00:03:47.267+0000] {local_task_job_runner.py:240} INFO - Task exited with return code 0
[2024-06-04T00:03:47.279+0000] {taskinstance.py:3498} INFO - 0 downstream tasks scheduled from follow-on schedule check
[2024-06-04T00:03:47.280+0000] {local_task_job_runner.py:222} INFO - ::endgroup::
[2024-06-08T21:27:02.786+0000] {local_task_job_runner.py:120} INFO - ::group::Pre task execution logs
[2024-06-08T21:27:02.810+0000] {taskinstance.py:2076} INFO - Dependencies all met for dep_context=non-requeueable deps ti=<TaskInstance: chess_etl.blunders_etl scheduled__2022-09-01T00:00:00+00:00 [queued]>
[2024-06-08T21:27:02.821+0000] {taskinstance.py:2076} INFO - Dependencies all met for dep_context=requeueable deps ti=<TaskInstance: chess_etl.blunders_etl scheduled__2022-09-01T00:00:00+00:00 [queued]>
[2024-06-08T21:27:02.822+0000] {taskinstance.py:2306} INFO - Starting attempt 1 of 1
[2024-06-08T21:27:02.839+0000] {taskinstance.py:2330} INFO - Executing <Task(PythonOperator): blunders_etl> on 2022-09-01 00:00:00+00:00
[2024-06-08T21:27:02.853+0000] {warnings.py:110} WARNING - /home/***/.local/lib/python3.12/site-packages/***/task/task_runner/standard_task_runner.py:61: DeprecationWarning: This process (pid=40346) is multi-threaded, use of fork() may lead to deadlocks in the child.
  pid = os.fork()

[2024-06-08T21:27:02.855+0000] {standard_task_runner.py:63} INFO - Started process 40355 to run task
[2024-06-08T21:27:02.855+0000] {standard_task_runner.py:90} INFO - Running: ['***', 'tasks', 'run', 'chess_etl', 'blunders_etl', 'scheduled__2022-09-01T00:00:00+00:00', '--job-id', '329', '--raw', '--subdir', 'DAGS_FOLDER/chess_dag.py', '--cfg-path', '/tmp/tmpihgqh3vq']
[2024-06-08T21:27:02.856+0000] {standard_task_runner.py:91} INFO - Job 329: Subtask blunders_etl
[2024-06-08T21:27:02.906+0000] {task_command.py:426} INFO - Running <TaskInstance: chess_etl.blunders_etl scheduled__2022-09-01T00:00:00+00:00 [running]> on host bf0ade909435
[2024-06-08T21:27:03.005+0000] {taskinstance.py:2648} INFO - Exporting env vars: AIRFLOW_CTX_DAG_OWNER='***' AIRFLOW_CTX_DAG_ID='chess_etl' AIRFLOW_CTX_TASK_ID='blunders_etl' AIRFLOW_CTX_EXECUTION_DATE='2022-09-01T00:00:00+00:00' AIRFLOW_CTX_TRY_NUMBER='1' AIRFLOW_CTX_DAG_RUN_ID='scheduled__2022-09-01T00:00:00+00:00'
[2024-06-08T21:27:03.007+0000] {taskinstance.py:430} INFO - ::endgroup::
[2024-06-08T21:27:03.008+0000] {warnings.py:110} WARNING - /home/***/.local/lib/python3.12/site-packages/***/utils/context.py:320: AirflowContextDeprecationWarning: Accessing 'execution_date' from the template is deprecated and will be removed in a future version. Please use 'data_interval_start' or 'logical_date' instead.
  warnings.warn(_create_deprecation_warning(k, replacements))

[2024-06-08T21:27:03.018+0000] {base.py:84} INFO - Using connection ID 'chess_project_s3' for task execution.
[2024-06-08T21:43:26.822+0000] {python.py:237} INFO - Done. Returned value was: None
[2024-06-08T21:43:26.823+0000] {taskinstance.py:441} INFO - ::group::Post task execution logs
[2024-06-08T21:43:26.832+0000] {taskinstance.py:1206} INFO - Marking task as SUCCESS. dag_id=chess_etl, task_id=blunders_etl, run_id=scheduled__2022-09-01T00:00:00+00:00, execution_date=20220901T000000, start_date=20240608T212702, end_date=20240608T214326
[2024-06-08T21:43:26.880+0000] {local_task_job_runner.py:240} INFO - Task exited with return code 0
[2024-06-08T21:43:26.894+0000] {taskinstance.py:3498} INFO - 0 downstream tasks scheduled from follow-on schedule check
[2024-06-08T21:43:26.896+0000] {local_task_job_runner.py:222} INFO - ::endgroup::
[2024-07-08T03:10:51.766+0000] {local_task_job_runner.py:120} INFO - ::group::Pre task execution logs
[2024-07-08T03:10:51.782+0000] {taskinstance.py:2076} INFO - Dependencies all met for dep_context=non-requeueable deps ti=<TaskInstance: chess_etl.blunders_etl scheduled__2022-09-01T00:00:00+00:00 [queued]>
[2024-07-08T03:10:51.787+0000] {taskinstance.py:2076} INFO - Dependencies all met for dep_context=requeueable deps ti=<TaskInstance: chess_etl.blunders_etl scheduled__2022-09-01T00:00:00+00:00 [queued]>
[2024-07-08T03:10:51.788+0000] {taskinstance.py:2306} INFO - Starting attempt 1 of 1
[2024-07-08T03:10:51.798+0000] {taskinstance.py:2330} INFO - Executing <Task(PythonOperator): blunders_etl> on 2022-09-01 00:00:00+00:00
[2024-07-08T03:10:51.806+0000] {warnings.py:110} WARNING - /home/***/.local/lib/python3.12/site-packages/***/task/task_runner/standard_task_runner.py:61: DeprecationWarning: This process (pid=41215) is multi-threaded, use of fork() may lead to deadlocks in the child.
  pid = os.fork()

[2024-07-08T03:10:51.807+0000] {standard_task_runner.py:63} INFO - Started process 41224 to run task
[2024-07-08T03:10:51.807+0000] {standard_task_runner.py:90} INFO - Running: ['***', 'tasks', 'run', 'chess_etl', 'blunders_etl', 'scheduled__2022-09-01T00:00:00+00:00', '--job-id', '733', '--raw', '--subdir', 'DAGS_FOLDER/chess_dag.py', '--cfg-path', '/tmp/tmp1p97fota']
[2024-07-08T03:10:51.808+0000] {standard_task_runner.py:91} INFO - Job 733: Subtask blunders_etl
[2024-07-08T03:10:51.841+0000] {task_command.py:426} INFO - Running <TaskInstance: chess_etl.blunders_etl scheduled__2022-09-01T00:00:00+00:00 [running]> on host 6569f5155f0c
[2024-07-08T03:10:51.900+0000] {taskinstance.py:2648} INFO - Exporting env vars: AIRFLOW_CTX_DAG_OWNER='***' AIRFLOW_CTX_DAG_ID='chess_etl' AIRFLOW_CTX_TASK_ID='blunders_etl' AIRFLOW_CTX_EXECUTION_DATE='2022-09-01T00:00:00+00:00' AIRFLOW_CTX_TRY_NUMBER='1' AIRFLOW_CTX_DAG_RUN_ID='scheduled__2022-09-01T00:00:00+00:00'
[2024-07-08T03:10:51.901+0000] {taskinstance.py:430} INFO - ::endgroup::
[2024-07-08T03:10:51.902+0000] {warnings.py:110} WARNING - /home/***/.local/lib/python3.12/site-packages/***/utils/context.py:320: AirflowContextDeprecationWarning: Accessing 'execution_date' from the template is deprecated and will be removed in a future version. Please use 'data_interval_start' or 'logical_date' instead.
  warnings.warn(_create_deprecation_warning(k, replacements))

[2024-07-08T03:10:51.907+0000] {base.py:84} INFO - Using connection ID 'chess_project_s3' for task execution.
[2024-07-08T03:23:59.632+0000] {python.py:237} INFO - Done. Returned value was: None
[2024-07-08T03:23:59.633+0000] {taskinstance.py:441} INFO - ::group::Post task execution logs
[2024-07-08T03:23:59.641+0000] {taskinstance.py:1206} INFO - Marking task as SUCCESS. dag_id=chess_etl, task_id=blunders_etl, run_id=scheduled__2022-09-01T00:00:00+00:00, execution_date=20220901T000000, start_date=20240708T031051, end_date=20240708T032359
[2024-07-08T03:23:59.696+0000] {local_task_job_runner.py:240} INFO - Task exited with return code 0
[2024-07-08T03:23:59.713+0000] {taskinstance.py:3498} INFO - 1 downstream tasks scheduled from follow-on schedule check
[2024-07-08T03:23:59.715+0000] {local_task_job_runner.py:222} INFO - ::endgroup::
