[2024-07-07T18:35:31.276+0000] {local_task_job_runner.py:120} INFO - ::group::Pre task execution logs
[2024-07-07T18:35:31.290+0000] {taskinstance.py:2076} INFO - Dependencies all met for dep_context=non-requeueable deps ti=<TaskInstance: chess_etl.redshift_game_load scheduled__2021-05-01T00:00:00+00:00 [queued]>
[2024-07-07T18:35:31.296+0000] {taskinstance.py:2076} INFO - Dependencies all met for dep_context=requeueable deps ti=<TaskInstance: chess_etl.redshift_game_load scheduled__2021-05-01T00:00:00+00:00 [queued]>
[2024-07-07T18:35:31.297+0000] {taskinstance.py:2306} INFO - Starting attempt 1 of 1
[2024-07-07T18:35:31.305+0000] {taskinstance.py:2330} INFO - Executing <Task(PythonOperator): redshift_game_load> on 2021-05-01 00:00:00+00:00
[2024-07-07T18:35:31.310+0000] {warnings.py:110} WARNING - /home/***/.local/lib/python3.12/site-packages/***/task/task_runner/standard_task_runner.py:61: DeprecationWarning: This process (pid=1410) is multi-threaded, use of fork() may lead to deadlocks in the child.
  pid = os.fork()

[2024-07-07T18:35:31.311+0000] {standard_task_runner.py:63} INFO - Started process 1414 to run task
[2024-07-07T18:35:31.312+0000] {standard_task_runner.py:90} INFO - Running: ['***', 'tasks', 'run', 'chess_etl', 'redshift_game_load', 'scheduled__2021-05-01T00:00:00+00:00', '--job-id', '440', '--pool', 'default_pool', '--raw', '--subdir', 'DAGS_FOLDER/chess_dag.py', '--cfg-path', '/tmp/tmpio_mzfs3']
[2024-07-07T18:35:31.313+0000] {standard_task_runner.py:91} INFO - Job 440: Subtask redshift_game_load
[2024-07-07T18:35:31.344+0000] {task_command.py:426} INFO - Running <TaskInstance: chess_etl.redshift_game_load scheduled__2021-05-01T00:00:00+00:00 [running]> on host cb919e35e0e9
[2024-07-07T18:35:31.402+0000] {taskinstance.py:2648} INFO - Exporting env vars: AIRFLOW_CTX_DAG_OWNER='***' AIRFLOW_CTX_DAG_ID='chess_etl' AIRFLOW_CTX_TASK_ID='redshift_game_load' AIRFLOW_CTX_EXECUTION_DATE='2021-05-01T00:00:00+00:00' AIRFLOW_CTX_TRY_NUMBER='1' AIRFLOW_CTX_DAG_RUN_ID='scheduled__2021-05-01T00:00:00+00:00'
[2024-07-07T18:35:31.403+0000] {taskinstance.py:430} INFO - ::endgroup::
[2024-07-07T18:35:31.404+0000] {warnings.py:110} WARNING - /home/***/.local/lib/python3.12/site-packages/***/utils/context.py:320: AirflowContextDeprecationWarning: Accessing 'execution_date' from the template is deprecated and will be removed in a future version. Please use 'data_interval_start' or 'logical_date' instead.
  warnings.warn(_create_deprecation_warning(k, replacements))

[2024-07-07T18:35:31.409+0000] {base.py:84} INFO - Using connection ID 'chess_project_s3' for task execution.
[2024-07-07T18:35:32.190+0000] {base.py:84} INFO - Using connection ID 'chess_project_redshift' for task execution.
[2024-07-07T18:35:45.243+0000] {python.py:237} INFO - Done. Returned value was: None
[2024-07-07T18:35:45.244+0000] {taskinstance.py:441} INFO - ::group::Post task execution logs
[2024-07-07T18:35:45.250+0000] {taskinstance.py:1206} INFO - Marking task as SUCCESS. dag_id=chess_etl, task_id=redshift_game_load, run_id=scheduled__2021-05-01T00:00:00+00:00, execution_date=20210501T000000, start_date=20240707T183531, end_date=20240707T183545
[2024-07-07T18:35:45.271+0000] {local_task_job_runner.py:240} INFO - Task exited with return code 0
[2024-07-07T18:35:45.281+0000] {taskinstance.py:3498} INFO - 0 downstream tasks scheduled from follow-on schedule check
[2024-07-07T18:35:45.282+0000] {local_task_job_runner.py:222} INFO - ::endgroup::
[2024-07-08T01:41:17.850+0000] {local_task_job_runner.py:120} INFO - ::group::Pre task execution logs
[2024-07-08T01:41:17.867+0000] {taskinstance.py:2076} INFO - Dependencies all met for dep_context=non-requeueable deps ti=<TaskInstance: chess_etl.redshift_game_load scheduled__2021-05-01T00:00:00+00:00 [queued]>
[2024-07-08T01:41:17.874+0000] {taskinstance.py:2076} INFO - Dependencies all met for dep_context=requeueable deps ti=<TaskInstance: chess_etl.redshift_game_load scheduled__2021-05-01T00:00:00+00:00 [queued]>
[2024-07-08T01:41:17.875+0000] {taskinstance.py:2306} INFO - Starting attempt 1 of 1
[2024-07-08T01:41:17.884+0000] {taskinstance.py:2330} INFO - Executing <Task(PythonOperator): redshift_game_load> on 2021-05-01 00:00:00+00:00
[2024-07-08T01:41:17.892+0000] {warnings.py:110} WARNING - /home/***/.local/lib/python3.12/site-packages/***/task/task_runner/standard_task_runner.py:61: DeprecationWarning: This process (pid=30790) is multi-threaded, use of fork() may lead to deadlocks in the child.
  pid = os.fork()

[2024-07-08T01:41:17.893+0000] {standard_task_runner.py:63} INFO - Started process 30792 to run task
[2024-07-08T01:41:17.893+0000] {standard_task_runner.py:90} INFO - Running: ['***', 'tasks', 'run', 'chess_etl', 'redshift_game_load', 'scheduled__2021-05-01T00:00:00+00:00', '--job-id', '678', '--raw', '--subdir', 'DAGS_FOLDER/chess_dag.py', '--cfg-path', '/tmp/tmpmc1lk4sh']
[2024-07-08T01:41:17.894+0000] {standard_task_runner.py:91} INFO - Job 678: Subtask redshift_game_load
[2024-07-08T01:41:17.927+0000] {task_command.py:426} INFO - Running <TaskInstance: chess_etl.redshift_game_load scheduled__2021-05-01T00:00:00+00:00 [running]> on host 6569f5155f0c
[2024-07-08T01:41:17.986+0000] {taskinstance.py:2648} INFO - Exporting env vars: AIRFLOW_CTX_DAG_OWNER='***' AIRFLOW_CTX_DAG_ID='chess_etl' AIRFLOW_CTX_TASK_ID='redshift_game_load' AIRFLOW_CTX_EXECUTION_DATE='2021-05-01T00:00:00+00:00' AIRFLOW_CTX_TRY_NUMBER='1' AIRFLOW_CTX_DAG_RUN_ID='scheduled__2021-05-01T00:00:00+00:00'
[2024-07-08T01:41:17.987+0000] {taskinstance.py:430} INFO - ::endgroup::
[2024-07-08T01:41:17.988+0000] {warnings.py:110} WARNING - /home/***/.local/lib/python3.12/site-packages/***/utils/context.py:320: AirflowContextDeprecationWarning: Accessing 'execution_date' from the template is deprecated and will be removed in a future version. Please use 'data_interval_start' or 'logical_date' instead.
  warnings.warn(_create_deprecation_warning(k, replacements))

[2024-07-08T01:41:17.993+0000] {base.py:84} INFO - Using connection ID 'chess_project_s3' for task execution.
[2024-07-08T01:41:18.870+0000] {base.py:84} INFO - Using connection ID 'chess_project_redshift' for task execution.
[2024-07-08T01:41:20.688+0000] {python.py:237} INFO - Done. Returned value was: None
[2024-07-08T01:41:20.689+0000] {taskinstance.py:441} INFO - ::group::Post task execution logs
[2024-07-08T01:41:20.697+0000] {taskinstance.py:1206} INFO - Marking task as SUCCESS. dag_id=chess_etl, task_id=redshift_game_load, run_id=scheduled__2021-05-01T00:00:00+00:00, execution_date=20210501T000000, start_date=20240708T014117, end_date=20240708T014120
[2024-07-08T01:41:20.753+0000] {local_task_job_runner.py:240} INFO - Task exited with return code 0
[2024-07-08T01:41:20.769+0000] {taskinstance.py:3498} INFO - 1 downstream tasks scheduled from follow-on schedule check
[2024-07-08T01:41:20.770+0000] {local_task_job_runner.py:222} INFO - ::endgroup::
