[2024-06-04T00:56:48.710+0000] {local_task_job_runner.py:120} INFO - ::group::Pre task execution logs
[2024-06-04T00:56:48.727+0000] {taskinstance.py:2076} INFO - Dependencies all met for dep_context=non-requeueable deps ti=<TaskInstance: chess_etl.games_etl scheduled__2023-04-01T00:00:00+00:00 [queued]>
[2024-06-04T00:56:48.733+0000] {taskinstance.py:2076} INFO - Dependencies all met for dep_context=requeueable deps ti=<TaskInstance: chess_etl.games_etl scheduled__2023-04-01T00:00:00+00:00 [queued]>
[2024-06-04T00:56:48.733+0000] {taskinstance.py:2306} INFO - Starting attempt 1 of 1
[2024-06-04T00:56:48.743+0000] {taskinstance.py:2330} INFO - Executing <Task(PythonOperator): games_etl> on 2023-04-01 00:00:00+00:00
[2024-06-04T00:56:48.750+0000] {warnings.py:110} WARNING - /home/***/.local/lib/python3.12/site-packages/***/task/task_runner/standard_task_runner.py:61: DeprecationWarning: This process (pid=47851) is multi-threaded, use of fork() may lead to deadlocks in the child.
  pid = os.fork()

[2024-06-04T00:56:48.752+0000] {standard_task_runner.py:63} INFO - Started process 47853 to run task
[2024-06-04T00:56:48.752+0000] {standard_task_runner.py:90} INFO - Running: ['***', 'tasks', 'run', 'chess_etl', 'games_etl', 'scheduled__2023-04-01T00:00:00+00:00', '--job-id', '166', '--raw', '--subdir', 'DAGS_FOLDER/chess_dag.py', '--cfg-path', '/tmp/tmpp64eyfsu']
[2024-06-04T00:56:48.753+0000] {standard_task_runner.py:91} INFO - Job 166: Subtask games_etl
[2024-06-04T00:56:48.786+0000] {task_command.py:426} INFO - Running <TaskInstance: chess_etl.games_etl scheduled__2023-04-01T00:00:00+00:00 [running]> on host f55fff24b127
[2024-06-04T00:56:48.852+0000] {taskinstance.py:2648} INFO - Exporting env vars: AIRFLOW_CTX_DAG_OWNER='***' AIRFLOW_CTX_DAG_ID='chess_etl' AIRFLOW_CTX_TASK_ID='games_etl' AIRFLOW_CTX_EXECUTION_DATE='2023-04-01T00:00:00+00:00' AIRFLOW_CTX_TRY_NUMBER='1' AIRFLOW_CTX_DAG_RUN_ID='scheduled__2023-04-01T00:00:00+00:00'
[2024-06-04T00:56:48.853+0000] {taskinstance.py:430} INFO - ::endgroup::
[2024-06-04T00:56:48.854+0000] {warnings.py:110} WARNING - /home/***/.local/lib/python3.12/site-packages/***/utils/context.py:320: AirflowContextDeprecationWarning: Accessing 'execution_date' from the template is deprecated and will be removed in a future version. Please use 'data_interval_start' or 'logical_date' instead.
  warnings.warn(_create_deprecation_warning(k, replacements))

[2024-06-04T00:56:49.706+0000] {logging_mixin.py:188} INFO - Unable to parse: ['[Event "Live Chess"]', '[Site "Chess.com"]', '[Date "2023.04.24"]', '[Round "-"]', '[White "willlt001"]', '[Black "SonGokou30"]', '[Result "1-0"]', '[CurrentPosition "rnbqkbnr/pppppppp/8/8/8/8/PPPPPPPP/RNBQKBNR w KQkq -"]', '[Timezone "UTC"]', '[UTCDate "2023.04.24"]', '[UTCTime "12:06:30"]', '[WhiteElo "1380"]', '[BlackElo "1684"]', '[TimeControl "600"]', '[Termination "willlt001 won by resignation"]', '[StartTime "12:06:30"]', '[EndDate "2023.04.24"]', '[EndTime "12:06:30"]', '[Link "https://www.chess.com/game/live/76077077777"]', '', '1-0', '']
[2024-06-04T00:56:49.714+0000] {base.py:84} INFO - Using connection ID 'chess_project_s3' for task execution.
[2024-06-04T00:56:50.387+0000] {python.py:237} INFO - Done. Returned value was: None
[2024-06-04T00:56:50.388+0000] {taskinstance.py:441} INFO - ::group::Post task execution logs
[2024-06-04T00:56:50.395+0000] {taskinstance.py:1206} INFO - Marking task as SUCCESS. dag_id=chess_etl, task_id=games_etl, run_id=scheduled__2023-04-01T00:00:00+00:00, execution_date=20230401T000000, start_date=20240604T005648, end_date=20240604T005650
[2024-06-04T00:56:50.449+0000] {local_task_job_runner.py:240} INFO - Task exited with return code 0
[2024-06-04T00:56:50.466+0000] {taskinstance.py:3498} INFO - 1 downstream tasks scheduled from follow-on schedule check
[2024-06-04T00:56:50.467+0000] {local_task_job_runner.py:222} INFO - ::endgroup::
[2024-06-08T22:48:45.545+0000] {local_task_job_runner.py:120} INFO - ::group::Pre task execution logs
[2024-06-08T22:48:45.563+0000] {taskinstance.py:2076} INFO - Dependencies all met for dep_context=non-requeueable deps ti=<TaskInstance: chess_etl.games_etl scheduled__2023-04-01T00:00:00+00:00 [queued]>
[2024-06-08T22:48:45.569+0000] {taskinstance.py:2076} INFO - Dependencies all met for dep_context=requeueable deps ti=<TaskInstance: chess_etl.games_etl scheduled__2023-04-01T00:00:00+00:00 [queued]>
[2024-06-08T22:48:45.569+0000] {taskinstance.py:2306} INFO - Starting attempt 1 of 1
[2024-06-08T22:48:45.581+0000] {taskinstance.py:2330} INFO - Executing <Task(PythonOperator): games_etl> on 2023-04-01 00:00:00+00:00
[2024-06-08T22:48:45.589+0000] {warnings.py:110} WARNING - /home/***/.local/lib/python3.12/site-packages/***/task/task_runner/standard_task_runner.py:61: DeprecationWarning: This process (pid=48548) is multi-threaded, use of fork() may lead to deadlocks in the child.
  pid = os.fork()

[2024-06-08T22:48:45.591+0000] {standard_task_runner.py:63} INFO - Started process 48550 to run task
[2024-06-08T22:48:45.591+0000] {standard_task_runner.py:90} INFO - Running: ['***', 'tasks', 'run', 'chess_etl', 'games_etl', 'scheduled__2023-04-01T00:00:00+00:00', '--job-id', '342', '--raw', '--subdir', 'DAGS_FOLDER/chess_dag.py', '--cfg-path', '/tmp/tmpeuwibxu7']
[2024-06-08T22:48:45.592+0000] {standard_task_runner.py:91} INFO - Job 342: Subtask games_etl
[2024-06-08T22:48:45.631+0000] {task_command.py:426} INFO - Running <TaskInstance: chess_etl.games_etl scheduled__2023-04-01T00:00:00+00:00 [running]> on host bf0ade909435
[2024-06-08T22:48:45.703+0000] {taskinstance.py:2648} INFO - Exporting env vars: AIRFLOW_CTX_DAG_OWNER='***' AIRFLOW_CTX_DAG_ID='chess_etl' AIRFLOW_CTX_TASK_ID='games_etl' AIRFLOW_CTX_EXECUTION_DATE='2023-04-01T00:00:00+00:00' AIRFLOW_CTX_TRY_NUMBER='1' AIRFLOW_CTX_DAG_RUN_ID='scheduled__2023-04-01T00:00:00+00:00'
[2024-06-08T22:48:45.705+0000] {taskinstance.py:430} INFO - ::endgroup::
[2024-06-08T22:48:45.706+0000] {warnings.py:110} WARNING - /home/***/.local/lib/python3.12/site-packages/***/utils/context.py:320: AirflowContextDeprecationWarning: Accessing 'execution_date' from the template is deprecated and will be removed in a future version. Please use 'data_interval_start' or 'logical_date' instead.
  warnings.warn(_create_deprecation_warning(k, replacements))

[2024-06-08T22:48:46.242+0000] {logging_mixin.py:188} INFO - Unable to parse: ['[Event "Live Chess"]', '[Site "Chess.com"]', '[Date "2023.04.24"]', '[Round "-"]', '[White "willlt001"]', '[Black "SonGokou30"]', '[Result "1-0"]', '[CurrentPosition "rnbqkbnr/pppppppp/8/8/8/8/PPPPPPPP/RNBQKBNR w KQkq -"]', '[Timezone "UTC"]', '[UTCDate "2023.04.24"]', '[UTCTime "12:06:30"]', '[WhiteElo "1380"]', '[BlackElo "1684"]', '[TimeControl "600"]', '[Termination "willlt001 won by resignation"]', '[StartTime "12:06:30"]', '[EndDate "2023.04.24"]', '[EndTime "12:06:30"]', '[Link "https://www.chess.com/game/live/76077077777"]', '', '1-0', '']
[2024-06-08T22:48:46.253+0000] {base.py:84} INFO - Using connection ID 'chess_project_s3' for task execution.
[2024-06-08T22:48:46.950+0000] {python.py:237} INFO - Done. Returned value was: None
[2024-06-08T22:48:46.951+0000] {taskinstance.py:441} INFO - ::group::Post task execution logs
[2024-06-08T22:48:46.960+0000] {taskinstance.py:1206} INFO - Marking task as SUCCESS. dag_id=chess_etl, task_id=games_etl, run_id=scheduled__2023-04-01T00:00:00+00:00, execution_date=20230401T000000, start_date=20240608T224845, end_date=20240608T224846
[2024-06-08T22:48:47.008+0000] {local_task_job_runner.py:240} INFO - Task exited with return code 0
[2024-06-08T22:48:47.023+0000] {taskinstance.py:3498} INFO - 1 downstream tasks scheduled from follow-on schedule check
[2024-06-08T22:48:47.024+0000] {local_task_job_runner.py:222} INFO - ::endgroup::
[2024-07-08T04:17:18.643+0000] {local_task_job_runner.py:120} INFO - ::group::Pre task execution logs
[2024-07-08T04:17:18.659+0000] {taskinstance.py:2076} INFO - Dependencies all met for dep_context=non-requeueable deps ti=<TaskInstance: chess_etl.games_etl scheduled__2023-04-01T00:00:00+00:00 [queued]>
[2024-07-08T04:17:18.665+0000] {taskinstance.py:2076} INFO - Dependencies all met for dep_context=requeueable deps ti=<TaskInstance: chess_etl.games_etl scheduled__2023-04-01T00:00:00+00:00 [queued]>
[2024-07-08T04:17:18.665+0000] {taskinstance.py:2306} INFO - Starting attempt 1 of 1
[2024-07-08T04:17:18.677+0000] {taskinstance.py:2330} INFO - Executing <Task(PythonOperator): games_etl> on 2023-04-01 00:00:00+00:00
[2024-07-08T04:17:18.685+0000] {warnings.py:110} WARNING - /home/***/.local/lib/python3.12/site-packages/***/task/task_runner/standard_task_runner.py:61: DeprecationWarning: This process (pid=49254) is multi-threaded, use of fork() may lead to deadlocks in the child.
  pid = os.fork()

[2024-07-08T04:17:18.686+0000] {standard_task_runner.py:63} INFO - Started process 49256 to run task
[2024-07-08T04:17:18.686+0000] {standard_task_runner.py:90} INFO - Running: ['***', 'tasks', 'run', 'chess_etl', 'games_etl', 'scheduled__2023-04-01T00:00:00+00:00', '--job-id', '760', '--raw', '--subdir', 'DAGS_FOLDER/chess_dag.py', '--cfg-path', '/tmp/tmpkmx0khgv']
[2024-07-08T04:17:18.687+0000] {standard_task_runner.py:91} INFO - Job 760: Subtask games_etl
[2024-07-08T04:17:18.719+0000] {task_command.py:426} INFO - Running <TaskInstance: chess_etl.games_etl scheduled__2023-04-01T00:00:00+00:00 [running]> on host 6569f5155f0c
[2024-07-08T04:17:18.783+0000] {taskinstance.py:2648} INFO - Exporting env vars: AIRFLOW_CTX_DAG_OWNER='***' AIRFLOW_CTX_DAG_ID='chess_etl' AIRFLOW_CTX_TASK_ID='games_etl' AIRFLOW_CTX_EXECUTION_DATE='2023-04-01T00:00:00+00:00' AIRFLOW_CTX_TRY_NUMBER='1' AIRFLOW_CTX_DAG_RUN_ID='scheduled__2023-04-01T00:00:00+00:00'
[2024-07-08T04:17:18.784+0000] {taskinstance.py:430} INFO - ::endgroup::
[2024-07-08T04:17:18.785+0000] {warnings.py:110} WARNING - /home/***/.local/lib/python3.12/site-packages/***/utils/context.py:320: AirflowContextDeprecationWarning: Accessing 'execution_date' from the template is deprecated and will be removed in a future version. Please use 'data_interval_start' or 'logical_date' instead.
  warnings.warn(_create_deprecation_warning(k, replacements))

[2024-07-08T04:17:19.708+0000] {logging_mixin.py:188} INFO - Unable to parse: ['[Event "Live Chess"]', '[Site "Chess.com"]', '[Date "2023.04.24"]', '[Round "-"]', '[White "willlt001"]', '[Black "SonGokou30"]', '[Result "1-0"]', '[CurrentPosition "rnbqkbnr/pppppppp/8/8/8/8/PPPPPPPP/RNBQKBNR w KQkq -"]', '[Timezone "UTC"]', '[UTCDate "2023.04.24"]', '[UTCTime "12:06:30"]', '[WhiteElo "1380"]', '[BlackElo "1684"]', '[TimeControl "600"]', '[Termination "willlt001 won by resignation"]', '[StartTime "12:06:30"]', '[EndDate "2023.04.24"]', '[EndTime "12:06:30"]', '[Link "https://www.chess.com/game/live/76077077777"]', '', '1-0', '']
[2024-07-08T04:17:19.716+0000] {base.py:84} INFO - Using connection ID 'chess_project_s3' for task execution.
[2024-07-08T04:17:20.413+0000] {python.py:237} INFO - Done. Returned value was: None
[2024-07-08T04:17:20.414+0000] {taskinstance.py:441} INFO - ::group::Post task execution logs
[2024-07-08T04:17:20.420+0000] {taskinstance.py:1206} INFO - Marking task as SUCCESS. dag_id=chess_etl, task_id=games_etl, run_id=scheduled__2023-04-01T00:00:00+00:00, execution_date=20230401T000000, start_date=20240708T041718, end_date=20240708T041720
[2024-07-08T04:17:20.463+0000] {local_task_job_runner.py:240} INFO - Task exited with return code 0
[2024-07-08T04:17:20.482+0000] {taskinstance.py:3498} INFO - 1 downstream tasks scheduled from follow-on schedule check
[2024-07-08T04:17:20.483+0000] {local_task_job_runner.py:222} INFO - ::endgroup::
