[2024-07-07T18:11:07.621+0000] {local_task_job_runner.py:120} INFO - ::group::Pre task execution logs
[2024-07-07T18:11:07.638+0000] {taskinstance.py:2076} INFO - Dependencies all met for dep_context=non-requeueable deps ti=<TaskInstance: chess_etl.redshift_move_load scheduled__2019-09-01T00:00:00+00:00 [queued]>
[2024-07-07T18:11:07.646+0000] {taskinstance.py:2076} INFO - Dependencies all met for dep_context=requeueable deps ti=<TaskInstance: chess_etl.redshift_move_load scheduled__2019-09-01T00:00:00+00:00 [queued]>
[2024-07-07T18:11:07.646+0000] {taskinstance.py:2306} INFO - Starting attempt 1 of 1
[2024-07-07T18:11:07.656+0000] {taskinstance.py:2330} INFO - Executing <Task(PythonOperator): redshift_move_load> on 2019-09-01 00:00:00+00:00
[2024-07-07T18:11:07.661+0000] {warnings.py:110} WARNING - /home/***/.local/lib/python3.12/site-packages/***/task/task_runner/standard_task_runner.py:61: DeprecationWarning: This process (pid=978) is multi-threaded, use of fork() may lead to deadlocks in the child.
  pid = os.fork()

[2024-07-07T18:11:07.663+0000] {standard_task_runner.py:63} INFO - Started process 982 to run task
[2024-07-07T18:11:07.663+0000] {standard_task_runner.py:90} INFO - Running: ['***', 'tasks', 'run', 'chess_etl', 'redshift_move_load', 'scheduled__2019-09-01T00:00:00+00:00', '--job-id', '412', '--pool', 'default_pool', '--raw', '--subdir', 'DAGS_FOLDER/chess_dag.py', '--cfg-path', '/tmp/tmpzmd1b177']
[2024-07-07T18:11:07.664+0000] {standard_task_runner.py:91} INFO - Job 412: Subtask redshift_move_load
[2024-07-07T18:11:07.699+0000] {task_command.py:426} INFO - Running <TaskInstance: chess_etl.redshift_move_load scheduled__2019-09-01T00:00:00+00:00 [running]> on host cb919e35e0e9
[2024-07-07T18:11:07.762+0000] {taskinstance.py:2648} INFO - Exporting env vars: AIRFLOW_CTX_DAG_OWNER='***' AIRFLOW_CTX_DAG_ID='chess_etl' AIRFLOW_CTX_TASK_ID='redshift_move_load' AIRFLOW_CTX_EXECUTION_DATE='2019-09-01T00:00:00+00:00' AIRFLOW_CTX_TRY_NUMBER='1' AIRFLOW_CTX_DAG_RUN_ID='scheduled__2019-09-01T00:00:00+00:00'
[2024-07-07T18:11:07.763+0000] {taskinstance.py:430} INFO - ::endgroup::
[2024-07-07T18:11:07.764+0000] {warnings.py:110} WARNING - /home/***/.local/lib/python3.12/site-packages/***/utils/context.py:320: AirflowContextDeprecationWarning: Accessing 'execution_date' from the template is deprecated and will be removed in a future version. Please use 'data_interval_start' or 'logical_date' instead.
  warnings.warn(_create_deprecation_warning(k, replacements))

[2024-07-07T18:11:07.770+0000] {base.py:84} INFO - Using connection ID 'chess_project_s3' for task execution.
[2024-07-07T18:11:08.631+0000] {logging_mixin.py:188} INFO - No games for period 2019_09
[2024-07-07T18:11:08.632+0000] {python.py:237} INFO - Done. Returned value was: None
[2024-07-07T18:11:08.632+0000] {taskinstance.py:441} INFO - ::group::Post task execution logs
[2024-07-07T18:11:08.638+0000] {taskinstance.py:1206} INFO - Marking task as SUCCESS. dag_id=chess_etl, task_id=redshift_move_load, run_id=scheduled__2019-09-01T00:00:00+00:00, execution_date=20190901T000000, start_date=20240707T181107, end_date=20240707T181108
[2024-07-07T18:11:08.678+0000] {local_task_job_runner.py:240} INFO - Task exited with return code 0
[2024-07-07T18:11:08.692+0000] {taskinstance.py:3498} INFO - 0 downstream tasks scheduled from follow-on schedule check
[2024-07-07T18:11:08.693+0000] {local_task_job_runner.py:222} INFO - ::endgroup::
[2024-07-07T21:20:30.566+0000] {local_task_job_runner.py:120} INFO - ::group::Pre task execution logs
[2024-07-07T21:20:30.581+0000] {taskinstance.py:2076} INFO - Dependencies all met for dep_context=non-requeueable deps ti=<TaskInstance: chess_etl.redshift_move_load scheduled__2019-09-01T00:00:00+00:00 [queued]>
[2024-07-07T21:20:30.587+0000] {taskinstance.py:2076} INFO - Dependencies all met for dep_context=requeueable deps ti=<TaskInstance: chess_etl.redshift_move_load scheduled__2019-09-01T00:00:00+00:00 [queued]>
[2024-07-07T21:20:30.587+0000] {taskinstance.py:2306} INFO - Starting attempt 1 of 1
[2024-07-07T21:20:30.597+0000] {taskinstance.py:2330} INFO - Executing <Task(PythonOperator): redshift_move_load> on 2019-09-01 00:00:00+00:00
[2024-07-07T21:20:30.604+0000] {warnings.py:110} WARNING - /home/***/.local/lib/python3.12/site-packages/***/task/task_runner/standard_task_runner.py:61: DeprecationWarning: This process (pid=1337) is multi-threaded, use of fork() may lead to deadlocks in the child.
  pid = os.fork()

[2024-07-07T21:20:30.606+0000] {standard_task_runner.py:63} INFO - Started process 1339 to run task
[2024-07-07T21:20:30.606+0000] {standard_task_runner.py:90} INFO - Running: ['***', 'tasks', 'run', 'chess_etl', 'redshift_move_load', 'scheduled__2019-09-01T00:00:00+00:00', '--job-id', '592', '--raw', '--subdir', 'DAGS_FOLDER/chess_dag.py', '--cfg-path', '/tmp/tmpxaqafpl5']
[2024-07-07T21:20:30.607+0000] {standard_task_runner.py:91} INFO - Job 592: Subtask redshift_move_load
[2024-07-07T21:20:30.643+0000] {task_command.py:426} INFO - Running <TaskInstance: chess_etl.redshift_move_load scheduled__2019-09-01T00:00:00+00:00 [running]> on host 6569f5155f0c
[2024-07-07T21:20:30.715+0000] {taskinstance.py:2648} INFO - Exporting env vars: AIRFLOW_CTX_DAG_OWNER='***' AIRFLOW_CTX_DAG_ID='chess_etl' AIRFLOW_CTX_TASK_ID='redshift_move_load' AIRFLOW_CTX_EXECUTION_DATE='2019-09-01T00:00:00+00:00' AIRFLOW_CTX_TRY_NUMBER='1' AIRFLOW_CTX_DAG_RUN_ID='scheduled__2019-09-01T00:00:00+00:00'
[2024-07-07T21:20:30.717+0000] {taskinstance.py:430} INFO - ::endgroup::
[2024-07-07T21:20:30.718+0000] {warnings.py:110} WARNING - /home/***/.local/lib/python3.12/site-packages/***/utils/context.py:320: AirflowContextDeprecationWarning: Accessing 'execution_date' from the template is deprecated and will be removed in a future version. Please use 'data_interval_start' or 'logical_date' instead.
  warnings.warn(_create_deprecation_warning(k, replacements))

[2024-07-07T21:20:30.725+0000] {base.py:84} INFO - Using connection ID 'chess_project_s3' for task execution.
[2024-07-07T21:20:31.679+0000] {logging_mixin.py:188} INFO - No games for period 2019_09
[2024-07-07T21:20:31.680+0000] {python.py:237} INFO - Done. Returned value was: None
[2024-07-07T21:20:31.680+0000] {taskinstance.py:441} INFO - ::group::Post task execution logs
[2024-07-07T21:20:31.687+0000] {taskinstance.py:1206} INFO - Marking task as SUCCESS. dag_id=chess_etl, task_id=redshift_move_load, run_id=scheduled__2019-09-01T00:00:00+00:00, execution_date=20190901T000000, start_date=20240707T212030, end_date=20240707T212031
[2024-07-07T21:20:31.702+0000] {local_task_job_runner.py:240} INFO - Task exited with return code 0
[2024-07-07T21:20:31.715+0000] {taskinstance.py:3498} INFO - 0 downstream tasks scheduled from follow-on schedule check
[2024-07-07T21:20:31.717+0000] {local_task_job_runner.py:222} INFO - ::endgroup::
