[2024-07-07T18:37:31.332+0000] {local_task_job_runner.py:120} INFO - ::group::Pre task execution logs
[2024-07-07T18:37:31.345+0000] {taskinstance.py:2076} INFO - Dependencies all met for dep_context=non-requeueable deps ti=<TaskInstance: chess_etl.redshift_game_load scheduled__2022-09-01T00:00:00+00:00 [queued]>
[2024-07-07T18:37:31.350+0000] {taskinstance.py:2076} INFO - Dependencies all met for dep_context=requeueable deps ti=<TaskInstance: chess_etl.redshift_game_load scheduled__2022-09-01T00:00:00+00:00 [queued]>
[2024-07-07T18:37:31.350+0000] {taskinstance.py:2306} INFO - Starting attempt 1 of 1
[2024-07-07T18:37:31.359+0000] {taskinstance.py:2330} INFO - Executing <Task(PythonOperator): redshift_game_load> on 2022-09-01 00:00:00+00:00
[2024-07-07T18:37:31.363+0000] {warnings.py:110} WARNING - /home/***/.local/lib/python3.12/site-packages/***/task/task_runner/standard_task_runner.py:61: DeprecationWarning: This process (pid=1520) is multi-threaded, use of fork() may lead to deadlocks in the child.
  pid = os.fork()

[2024-07-07T18:37:31.364+0000] {standard_task_runner.py:63} INFO - Started process 1524 to run task
[2024-07-07T18:37:31.365+0000] {standard_task_runner.py:90} INFO - Running: ['***', 'tasks', 'run', 'chess_etl', 'redshift_game_load', 'scheduled__2022-09-01T00:00:00+00:00', '--job-id', '457', '--pool', 'default_pool', '--raw', '--subdir', 'DAGS_FOLDER/chess_dag.py', '--cfg-path', '/tmp/tmpddxx1l9k']
[2024-07-07T18:37:31.365+0000] {standard_task_runner.py:91} INFO - Job 457: Subtask redshift_game_load
[2024-07-07T18:37:31.395+0000] {task_command.py:426} INFO - Running <TaskInstance: chess_etl.redshift_game_load scheduled__2022-09-01T00:00:00+00:00 [running]> on host cb919e35e0e9
[2024-07-07T18:37:31.454+0000] {taskinstance.py:2648} INFO - Exporting env vars: AIRFLOW_CTX_DAG_OWNER='***' AIRFLOW_CTX_DAG_ID='chess_etl' AIRFLOW_CTX_TASK_ID='redshift_game_load' AIRFLOW_CTX_EXECUTION_DATE='2022-09-01T00:00:00+00:00' AIRFLOW_CTX_TRY_NUMBER='1' AIRFLOW_CTX_DAG_RUN_ID='scheduled__2022-09-01T00:00:00+00:00'
[2024-07-07T18:37:31.455+0000] {taskinstance.py:430} INFO - ::endgroup::
[2024-07-07T18:37:31.456+0000] {warnings.py:110} WARNING - /home/***/.local/lib/python3.12/site-packages/***/utils/context.py:320: AirflowContextDeprecationWarning: Accessing 'execution_date' from the template is deprecated and will be removed in a future version. Please use 'data_interval_start' or 'logical_date' instead.
  warnings.warn(_create_deprecation_warning(k, replacements))

[2024-07-07T18:37:31.463+0000] {base.py:84} INFO - Using connection ID 'chess_project_s3' for task execution.
[2024-07-07T18:37:32.227+0000] {base.py:84} INFO - Using connection ID 'chess_project_redshift' for task execution.
[2024-07-07T18:37:35.959+0000] {python.py:237} INFO - Done. Returned value was: None
[2024-07-07T18:37:35.960+0000] {taskinstance.py:441} INFO - ::group::Post task execution logs
[2024-07-07T18:37:35.965+0000] {taskinstance.py:1206} INFO - Marking task as SUCCESS. dag_id=chess_etl, task_id=redshift_game_load, run_id=scheduled__2022-09-01T00:00:00+00:00, execution_date=20220901T000000, start_date=20240707T183731, end_date=20240707T183735
[2024-07-07T18:37:35.995+0000] {local_task_job_runner.py:240} INFO - Task exited with return code 0
[2024-07-07T18:37:36.006+0000] {taskinstance.py:3498} INFO - 0 downstream tasks scheduled from follow-on schedule check
[2024-07-07T18:37:36.008+0000] {local_task_job_runner.py:222} INFO - ::endgroup::
[2024-07-08T03:24:01.628+0000] {local_task_job_runner.py:120} INFO - ::group::Pre task execution logs
[2024-07-08T03:24:01.644+0000] {taskinstance.py:2076} INFO - Dependencies all met for dep_context=non-requeueable deps ti=<TaskInstance: chess_etl.redshift_game_load scheduled__2022-09-01T00:00:00+00:00 [queued]>
[2024-07-08T03:24:01.650+0000] {taskinstance.py:2076} INFO - Dependencies all met for dep_context=requeueable deps ti=<TaskInstance: chess_etl.redshift_game_load scheduled__2022-09-01T00:00:00+00:00 [queued]>
[2024-07-08T03:24:01.650+0000] {taskinstance.py:2306} INFO - Starting attempt 1 of 1
[2024-07-08T03:24:01.659+0000] {taskinstance.py:2330} INFO - Executing <Task(PythonOperator): redshift_game_load> on 2022-09-01 00:00:00+00:00
[2024-07-08T03:24:01.667+0000] {warnings.py:110} WARNING - /home/***/.local/lib/python3.12/site-packages/***/task/task_runner/standard_task_runner.py:61: DeprecationWarning: This process (pid=42757) is multi-threaded, use of fork() may lead to deadlocks in the child.
  pid = os.fork()

[2024-07-08T03:24:01.668+0000] {standard_task_runner.py:90} INFO - Running: ['***', 'tasks', 'run', 'chess_etl', 'redshift_game_load', 'scheduled__2022-09-01T00:00:00+00:00', '--job-id', '738', '--raw', '--subdir', 'DAGS_FOLDER/chess_dag.py', '--cfg-path', '/tmp/tmpcpo4sb7y']
[2024-07-08T03:24:01.669+0000] {standard_task_runner.py:63} INFO - Started process 42759 to run task
[2024-07-08T03:24:01.669+0000] {standard_task_runner.py:91} INFO - Job 738: Subtask redshift_game_load
[2024-07-08T03:24:01.704+0000] {task_command.py:426} INFO - Running <TaskInstance: chess_etl.redshift_game_load scheduled__2022-09-01T00:00:00+00:00 [running]> on host 6569f5155f0c
[2024-07-08T03:24:01.767+0000] {taskinstance.py:2648} INFO - Exporting env vars: AIRFLOW_CTX_DAG_OWNER='***' AIRFLOW_CTX_DAG_ID='chess_etl' AIRFLOW_CTX_TASK_ID='redshift_game_load' AIRFLOW_CTX_EXECUTION_DATE='2022-09-01T00:00:00+00:00' AIRFLOW_CTX_TRY_NUMBER='1' AIRFLOW_CTX_DAG_RUN_ID='scheduled__2022-09-01T00:00:00+00:00'
[2024-07-08T03:24:01.768+0000] {taskinstance.py:430} INFO - ::endgroup::
[2024-07-08T03:24:01.769+0000] {warnings.py:110} WARNING - /home/***/.local/lib/python3.12/site-packages/***/utils/context.py:320: AirflowContextDeprecationWarning: Accessing 'execution_date' from the template is deprecated and will be removed in a future version. Please use 'data_interval_start' or 'logical_date' instead.
  warnings.warn(_create_deprecation_warning(k, replacements))

[2024-07-08T03:24:01.775+0000] {base.py:84} INFO - Using connection ID 'chess_project_s3' for task execution.
[2024-07-08T03:24:02.575+0000] {base.py:84} INFO - Using connection ID 'chess_project_redshift' for task execution.
[2024-07-08T03:24:04.433+0000] {python.py:237} INFO - Done. Returned value was: None
[2024-07-08T03:24:04.433+0000] {taskinstance.py:441} INFO - ::group::Post task execution logs
[2024-07-08T03:24:04.440+0000] {taskinstance.py:1206} INFO - Marking task as SUCCESS. dag_id=chess_etl, task_id=redshift_game_load, run_id=scheduled__2022-09-01T00:00:00+00:00, execution_date=20220901T000000, start_date=20240708T032401, end_date=20240708T032404
[2024-07-08T03:24:04.489+0000] {local_task_job_runner.py:240} INFO - Task exited with return code 0
[2024-07-08T03:24:04.506+0000] {taskinstance.py:3498} INFO - 1 downstream tasks scheduled from follow-on schedule check
[2024-07-08T03:24:04.507+0000] {local_task_job_runner.py:222} INFO - ::endgroup::
