[2024-06-03T17:38:27.079+0000] {local_task_job_runner.py:120} INFO - ::group::Pre task execution logs
[2024-06-03T17:38:27.101+0000] {taskinstance.py:2076} INFO - Dependencies all met for dep_context=non-requeueable deps ti=<TaskInstance: chess_etl.games_etl scheduled__2019-10-01T00:00:00+00:00 [queued]>
[2024-06-03T17:38:27.107+0000] {taskinstance.py:2076} INFO - Dependencies all met for dep_context=requeueable deps ti=<TaskInstance: chess_etl.games_etl scheduled__2019-10-01T00:00:00+00:00 [queued]>
[2024-06-03T17:38:27.108+0000] {taskinstance.py:2306} INFO - Starting attempt 1 of 1
[2024-06-03T17:38:27.116+0000] {taskinstance.py:2330} INFO - Executing <Task(PythonOperator): games_etl> on 2019-10-01 00:00:00+00:00
[2024-06-03T17:38:27.121+0000] {warnings.py:110} WARNING - /home/***/.local/lib/python3.12/site-packages/***/task/task_runner/standard_task_runner.py:61: DeprecationWarning: This process (pid=118) is multi-threaded, use of fork() may lead to deadlocks in the child.
  pid = os.fork()

[2024-06-03T17:38:27.122+0000] {standard_task_runner.py:63} INFO - Started process 122 to run task
[2024-06-03T17:38:27.122+0000] {standard_task_runner.py:90} INFO - Running: ['***', 'tasks', 'run', 'chess_etl', 'games_etl', 'scheduled__2019-10-01T00:00:00+00:00', '--job-id', '24', '--raw', '--subdir', 'DAGS_FOLDER/chess_dag.py', '--cfg-path', '/tmp/tmpodwxuu27']
[2024-06-03T17:38:27.123+0000] {standard_task_runner.py:91} INFO - Job 24: Subtask games_etl
[2024-06-03T17:38:27.157+0000] {task_command.py:426} INFO - Running <TaskInstance: chess_etl.games_etl scheduled__2019-10-01T00:00:00+00:00 [running]> on host a5a4421409ea
[2024-06-03T17:38:27.214+0000] {taskinstance.py:2648} INFO - Exporting env vars: AIRFLOW_CTX_DAG_OWNER='***' AIRFLOW_CTX_DAG_ID='chess_etl' AIRFLOW_CTX_TASK_ID='games_etl' AIRFLOW_CTX_EXECUTION_DATE='2019-10-01T00:00:00+00:00' AIRFLOW_CTX_TRY_NUMBER='1' AIRFLOW_CTX_DAG_RUN_ID='scheduled__2019-10-01T00:00:00+00:00'
[2024-06-03T17:38:27.215+0000] {taskinstance.py:430} INFO - ::endgroup::
[2024-06-03T17:38:27.216+0000] {warnings.py:110} WARNING - /home/***/.local/lib/python3.12/site-packages/***/utils/context.py:320: AirflowContextDeprecationWarning: Accessing 'execution_date' from the template is deprecated and will be removed in a future version. Please use 'data_interval_start' or 'logical_date' instead.
  warnings.warn(_create_deprecation_warning(k, replacements))

[2024-06-03T17:38:27.486+0000] {python.py:237} INFO - Done. Returned value was: None
[2024-06-03T17:38:27.486+0000] {taskinstance.py:441} INFO - ::group::Post task execution logs
[2024-06-03T17:38:27.492+0000] {taskinstance.py:1206} INFO - Marking task as SUCCESS. dag_id=chess_etl, task_id=games_etl, run_id=scheduled__2019-10-01T00:00:00+00:00, execution_date=20191001T000000, start_date=20240603T173827, end_date=20240603T173827
[2024-06-03T17:38:27.536+0000] {local_task_job_runner.py:240} INFO - Task exited with return code 0
[2024-06-03T17:38:27.556+0000] {taskinstance.py:3498} INFO - 1 downstream tasks scheduled from follow-on schedule check
[2024-06-03T17:38:27.558+0000] {local_task_job_runner.py:222} INFO - ::endgroup::
[2024-06-03T17:45:05.902+0000] {local_task_job_runner.py:120} INFO - ::group::Pre task execution logs
[2024-06-03T17:45:05.919+0000] {taskinstance.py:2076} INFO - Dependencies all met for dep_context=non-requeueable deps ti=<TaskInstance: chess_etl.games_etl scheduled__2019-10-01T00:00:00+00:00 [queued]>
[2024-06-03T17:45:05.929+0000] {taskinstance.py:2076} INFO - Dependencies all met for dep_context=requeueable deps ti=<TaskInstance: chess_etl.games_etl scheduled__2019-10-01T00:00:00+00:00 [queued]>
[2024-06-03T17:45:05.930+0000] {taskinstance.py:2306} INFO - Starting attempt 1 of 1
[2024-06-03T17:45:05.943+0000] {taskinstance.py:2330} INFO - Executing <Task(PythonOperator): games_etl> on 2019-10-01 00:00:00+00:00
[2024-06-03T17:45:05.950+0000] {warnings.py:110} WARNING - /home/***/.local/lib/python3.12/site-packages/***/task/task_runner/standard_task_runner.py:61: DeprecationWarning: This process (pid=156) is multi-threaded, use of fork() may lead to deadlocks in the child.
  pid = os.fork()

[2024-06-03T17:45:05.951+0000] {standard_task_runner.py:63} INFO - Started process 158 to run task
[2024-06-03T17:45:05.951+0000] {standard_task_runner.py:90} INFO - Running: ['***', 'tasks', 'run', 'chess_etl', 'games_etl', 'scheduled__2019-10-01T00:00:00+00:00', '--job-id', '82', '--raw', '--subdir', 'DAGS_FOLDER/chess_dag.py', '--cfg-path', '/tmp/tmpa57zqers']
[2024-06-03T17:45:05.952+0000] {standard_task_runner.py:91} INFO - Job 82: Subtask games_etl
[2024-06-03T17:45:05.986+0000] {task_command.py:426} INFO - Running <TaskInstance: chess_etl.games_etl scheduled__2019-10-01T00:00:00+00:00 [running]> on host f55fff24b127
[2024-06-03T17:45:06.049+0000] {taskinstance.py:2648} INFO - Exporting env vars: AIRFLOW_CTX_DAG_OWNER='***' AIRFLOW_CTX_DAG_ID='chess_etl' AIRFLOW_CTX_TASK_ID='games_etl' AIRFLOW_CTX_EXECUTION_DATE='2019-10-01T00:00:00+00:00' AIRFLOW_CTX_TRY_NUMBER='1' AIRFLOW_CTX_DAG_RUN_ID='scheduled__2019-10-01T00:00:00+00:00'
[2024-06-03T17:45:06.050+0000] {taskinstance.py:430} INFO - ::endgroup::
[2024-06-03T17:45:06.051+0000] {warnings.py:110} WARNING - /home/***/.local/lib/python3.12/site-packages/***/utils/context.py:320: AirflowContextDeprecationWarning: Accessing 'execution_date' from the template is deprecated and will be removed in a future version. Please use 'data_interval_start' or 'logical_date' instead.
  warnings.warn(_create_deprecation_warning(k, replacements))

[2024-06-03T17:45:06.319+0000] {python.py:237} INFO - Done. Returned value was: None
[2024-06-03T17:45:06.321+0000] {taskinstance.py:441} INFO - ::group::Post task execution logs
[2024-06-03T17:45:06.329+0000] {taskinstance.py:1206} INFO - Marking task as SUCCESS. dag_id=chess_etl, task_id=games_etl, run_id=scheduled__2019-10-01T00:00:00+00:00, execution_date=20191001T000000, start_date=20240603T174505, end_date=20240603T174506
[2024-06-03T17:45:06.365+0000] {local_task_job_runner.py:240} INFO - Task exited with return code 0
[2024-06-03T17:45:06.382+0000] {taskinstance.py:3498} INFO - 1 downstream tasks scheduled from follow-on schedule check
[2024-06-03T17:45:06.383+0000] {local_task_job_runner.py:222} INFO - ::endgroup::
[2024-06-08T14:10:33.914+0000] {local_task_job_runner.py:120} INFO - ::group::Pre task execution logs
[2024-06-08T14:10:33.928+0000] {taskinstance.py:2076} INFO - Dependencies all met for dep_context=non-requeueable deps ti=<TaskInstance: chess_etl.games_etl scheduled__2019-10-01T00:00:00+00:00 [queued]>
[2024-06-08T14:10:33.934+0000] {taskinstance.py:2076} INFO - Dependencies all met for dep_context=requeueable deps ti=<TaskInstance: chess_etl.games_etl scheduled__2019-10-01T00:00:00+00:00 [queued]>
[2024-06-08T14:10:33.934+0000] {taskinstance.py:2306} INFO - Starting attempt 1 of 1
[2024-06-08T14:10:33.944+0000] {taskinstance.py:2330} INFO - Executing <Task(PythonOperator): games_etl> on 2019-10-01 00:00:00+00:00
[2024-06-08T14:10:33.949+0000] {warnings.py:110} WARNING - /home/***/.local/lib/python3.12/site-packages/***/task/task_runner/standard_task_runner.py:61: DeprecationWarning: This process (pid=172) is multi-threaded, use of fork() may lead to deadlocks in the child.
  pid = os.fork()

[2024-06-08T14:10:33.950+0000] {standard_task_runner.py:63} INFO - Started process 174 to run task
[2024-06-08T14:10:33.951+0000] {standard_task_runner.py:90} INFO - Running: ['***', 'tasks', 'run', 'chess_etl', 'games_etl', 'scheduled__2019-10-01T00:00:00+00:00', '--job-id', '222', '--raw', '--subdir', 'DAGS_FOLDER/chess_dag.py', '--cfg-path', '/tmp/tmpo1zk1v26']
[2024-06-08T14:10:33.952+0000] {standard_task_runner.py:91} INFO - Job 222: Subtask games_etl
[2024-06-08T14:10:33.986+0000] {task_command.py:426} INFO - Running <TaskInstance: chess_etl.games_etl scheduled__2019-10-01T00:00:00+00:00 [running]> on host 3c9d89bfdaf1
[2024-06-08T14:10:34.053+0000] {taskinstance.py:2648} INFO - Exporting env vars: AIRFLOW_CTX_DAG_OWNER='***' AIRFLOW_CTX_DAG_ID='chess_etl' AIRFLOW_CTX_TASK_ID='games_etl' AIRFLOW_CTX_EXECUTION_DATE='2019-10-01T00:00:00+00:00' AIRFLOW_CTX_TRY_NUMBER='1' AIRFLOW_CTX_DAG_RUN_ID='scheduled__2019-10-01T00:00:00+00:00'
[2024-06-08T14:10:34.054+0000] {taskinstance.py:430} INFO - ::endgroup::
[2024-06-08T14:10:34.055+0000] {warnings.py:110} WARNING - /home/***/.local/lib/python3.12/site-packages/***/utils/context.py:320: AirflowContextDeprecationWarning: Accessing 'execution_date' from the template is deprecated and will be removed in a future version. Please use 'data_interval_start' or 'logical_date' instead.
  warnings.warn(_create_deprecation_warning(k, replacements))

[2024-06-08T14:10:34.312+0000] {python.py:237} INFO - Done. Returned value was: None
[2024-06-08T14:10:34.313+0000] {taskinstance.py:441} INFO - ::group::Post task execution logs
[2024-06-08T14:10:34.319+0000] {taskinstance.py:1206} INFO - Marking task as SUCCESS. dag_id=chess_etl, task_id=games_etl, run_id=scheduled__2019-10-01T00:00:00+00:00, execution_date=20191001T000000, start_date=20240608T141033, end_date=20240608T141034
[2024-06-08T14:10:34.368+0000] {local_task_job_runner.py:240} INFO - Task exited with return code 0
[2024-06-08T14:10:34.382+0000] {taskinstance.py:3498} INFO - 1 downstream tasks scheduled from follow-on schedule check
[2024-06-08T14:10:34.383+0000] {local_task_job_runner.py:222} INFO - ::endgroup::
[2024-06-08T14:52:01.698+0000] {local_task_job_runner.py:120} INFO - ::group::Pre task execution logs
[2024-06-08T14:52:01.714+0000] {taskinstance.py:2076} INFO - Dependencies all met for dep_context=non-requeueable deps ti=<TaskInstance: chess_etl.games_etl scheduled__2019-10-01T00:00:00+00:00 [queued]>
[2024-06-08T14:52:01.720+0000] {taskinstance.py:2076} INFO - Dependencies all met for dep_context=requeueable deps ti=<TaskInstance: chess_etl.games_etl scheduled__2019-10-01T00:00:00+00:00 [queued]>
[2024-06-08T14:52:01.721+0000] {taskinstance.py:2306} INFO - Starting attempt 1 of 1
[2024-06-08T14:52:01.734+0000] {taskinstance.py:2330} INFO - Executing <Task(PythonOperator): games_etl> on 2019-10-01 00:00:00+00:00
[2024-06-08T14:52:01.739+0000] {warnings.py:110} WARNING - /home/***/.local/lib/python3.12/site-packages/***/task/task_runner/standard_task_runner.py:61: DeprecationWarning: This process (pid=289) is multi-threaded, use of fork() may lead to deadlocks in the child.
  pid = os.fork()

[2024-06-08T14:52:01.740+0000] {standard_task_runner.py:63} INFO - Started process 291 to run task
[2024-06-08T14:52:01.741+0000] {standard_task_runner.py:90} INFO - Running: ['***', 'tasks', 'run', 'chess_etl', 'games_etl', 'scheduled__2019-10-01T00:00:00+00:00', '--job-id', '258', '--raw', '--subdir', 'DAGS_FOLDER/chess_dag.py', '--cfg-path', '/tmp/tmptlril4vt']
[2024-06-08T14:52:01.742+0000] {standard_task_runner.py:91} INFO - Job 258: Subtask games_etl
[2024-06-08T14:52:01.779+0000] {task_command.py:426} INFO - Running <TaskInstance: chess_etl.games_etl scheduled__2019-10-01T00:00:00+00:00 [running]> on host bf0ade909435
[2024-06-08T14:52:01.845+0000] {taskinstance.py:2648} INFO - Exporting env vars: AIRFLOW_CTX_DAG_OWNER='***' AIRFLOW_CTX_DAG_ID='chess_etl' AIRFLOW_CTX_TASK_ID='games_etl' AIRFLOW_CTX_EXECUTION_DATE='2019-10-01T00:00:00+00:00' AIRFLOW_CTX_TRY_NUMBER='1' AIRFLOW_CTX_DAG_RUN_ID='scheduled__2019-10-01T00:00:00+00:00'
[2024-06-08T14:52:01.846+0000] {taskinstance.py:430} INFO - ::endgroup::
[2024-06-08T14:52:01.847+0000] {warnings.py:110} WARNING - /home/***/.local/lib/python3.12/site-packages/***/utils/context.py:320: AirflowContextDeprecationWarning: Accessing 'execution_date' from the template is deprecated and will be removed in a future version. Please use 'data_interval_start' or 'logical_date' instead.
  warnings.warn(_create_deprecation_warning(k, replacements))

[2024-06-08T14:52:02.098+0000] {python.py:237} INFO - Done. Returned value was: None
[2024-06-08T14:52:02.099+0000] {taskinstance.py:441} INFO - ::group::Post task execution logs
[2024-06-08T14:52:02.107+0000] {taskinstance.py:1206} INFO - Marking task as SUCCESS. dag_id=chess_etl, task_id=games_etl, run_id=scheduled__2019-10-01T00:00:00+00:00, execution_date=20191001T000000, start_date=20240608T145201, end_date=20240608T145202
[2024-06-08T14:52:02.154+0000] {local_task_job_runner.py:240} INFO - Task exited with return code 0
[2024-06-08T14:52:02.169+0000] {taskinstance.py:3498} INFO - 1 downstream tasks scheduled from follow-on schedule check
[2024-06-08T14:52:02.170+0000] {local_task_job_runner.py:222} INFO - ::endgroup::
[2024-07-07T21:20:33.574+0000] {local_task_job_runner.py:120} INFO - ::group::Pre task execution logs
[2024-07-07T21:20:33.595+0000] {taskinstance.py:2076} INFO - Dependencies all met for dep_context=non-requeueable deps ti=<TaskInstance: chess_etl.games_etl scheduled__2019-10-01T00:00:00+00:00 [queued]>
[2024-07-07T21:20:33.602+0000] {taskinstance.py:2076} INFO - Dependencies all met for dep_context=requeueable deps ti=<TaskInstance: chess_etl.games_etl scheduled__2019-10-01T00:00:00+00:00 [queued]>
[2024-07-07T21:20:33.602+0000] {taskinstance.py:2306} INFO - Starting attempt 1 of 1
[2024-07-07T21:20:33.615+0000] {taskinstance.py:2330} INFO - Executing <Task(PythonOperator): games_etl> on 2019-10-01 00:00:00+00:00
[2024-07-07T21:20:33.622+0000] {warnings.py:110} WARNING - /home/***/.local/lib/python3.12/site-packages/***/task/task_runner/standard_task_runner.py:61: DeprecationWarning: This process (pid=1354) is multi-threaded, use of fork() may lead to deadlocks in the child.
  pid = os.fork()

[2024-07-07T21:20:33.624+0000] {standard_task_runner.py:63} INFO - Started process 1356 to run task
[2024-07-07T21:20:33.624+0000] {standard_task_runner.py:90} INFO - Running: ['***', 'tasks', 'run', 'chess_etl', 'games_etl', 'scheduled__2019-10-01T00:00:00+00:00', '--job-id', '594', '--raw', '--subdir', 'DAGS_FOLDER/chess_dag.py', '--cfg-path', '/tmp/tmpxs5_cr1r']
[2024-07-07T21:20:33.625+0000] {standard_task_runner.py:91} INFO - Job 594: Subtask games_etl
[2024-07-07T21:20:33.667+0000] {task_command.py:426} INFO - Running <TaskInstance: chess_etl.games_etl scheduled__2019-10-01T00:00:00+00:00 [running]> on host 6569f5155f0c
[2024-07-07T21:20:33.734+0000] {taskinstance.py:2648} INFO - Exporting env vars: AIRFLOW_CTX_DAG_OWNER='***' AIRFLOW_CTX_DAG_ID='chess_etl' AIRFLOW_CTX_TASK_ID='games_etl' AIRFLOW_CTX_EXECUTION_DATE='2019-10-01T00:00:00+00:00' AIRFLOW_CTX_TRY_NUMBER='1' AIRFLOW_CTX_DAG_RUN_ID='scheduled__2019-10-01T00:00:00+00:00'
[2024-07-07T21:20:33.736+0000] {taskinstance.py:430} INFO - ::endgroup::
[2024-07-07T21:20:33.737+0000] {warnings.py:110} WARNING - /home/***/.local/lib/python3.12/site-packages/***/utils/context.py:320: AirflowContextDeprecationWarning: Accessing 'execution_date' from the template is deprecated and will be removed in a future version. Please use 'data_interval_start' or 'logical_date' instead.
  warnings.warn(_create_deprecation_warning(k, replacements))

[2024-07-07T21:20:34.018+0000] {python.py:237} INFO - Done. Returned value was: None
[2024-07-07T21:20:34.019+0000] {taskinstance.py:441} INFO - ::group::Post task execution logs
[2024-07-07T21:20:34.025+0000] {taskinstance.py:1206} INFO - Marking task as SUCCESS. dag_id=chess_etl, task_id=games_etl, run_id=scheduled__2019-10-01T00:00:00+00:00, execution_date=20191001T000000, start_date=20240707T212033, end_date=20240707T212034
[2024-07-07T21:20:34.078+0000] {local_task_job_runner.py:240} INFO - Task exited with return code 0
[2024-07-07T21:20:34.096+0000] {taskinstance.py:3498} INFO - 1 downstream tasks scheduled from follow-on schedule check
[2024-07-07T21:20:34.098+0000] {local_task_job_runner.py:222} INFO - ::endgroup::
