[2024-06-04T01:09:00.898+0000] {local_task_job_runner.py:120} INFO - ::group::Pre task execution logs
[2024-06-04T01:09:00.915+0000] {taskinstance.py:2076} INFO - Dependencies all met for dep_context=non-requeueable deps ti=<TaskInstance: chess_etl.blunders_etl scheduled__2023-06-01T00:00:00+00:00 [queued]>
[2024-06-04T01:09:00.921+0000] {taskinstance.py:2076} INFO - Dependencies all met for dep_context=requeueable deps ti=<TaskInstance: chess_etl.blunders_etl scheduled__2023-06-01T00:00:00+00:00 [queued]>
[2024-06-04T01:09:00.922+0000] {taskinstance.py:2306} INFO - Starting attempt 1 of 1
[2024-06-04T01:09:00.932+0000] {taskinstance.py:2330} INFO - Executing <Task(PythonOperator): blunders_etl> on 2023-06-01 00:00:00+00:00
[2024-06-04T01:09:00.939+0000] {warnings.py:110} WARNING - /home/***/.local/lib/python3.12/site-packages/***/task/task_runner/standard_task_runner.py:61: DeprecationWarning: This process (pid=49186) is multi-threaded, use of fork() may lead to deadlocks in the child.
  pid = os.fork()

[2024-06-04T01:09:00.940+0000] {standard_task_runner.py:63} INFO - Started process 49188 to run task
[2024-06-04T01:09:00.940+0000] {standard_task_runner.py:90} INFO - Running: ['***', 'tasks', 'run', 'chess_etl', 'blunders_etl', 'scheduled__2023-06-01T00:00:00+00:00', '--job-id', '171', '--raw', '--subdir', 'DAGS_FOLDER/chess_dag.py', '--cfg-path', '/tmp/tmpfyljrkpr']
[2024-06-04T01:09:00.941+0000] {standard_task_runner.py:91} INFO - Job 171: Subtask blunders_etl
[2024-06-04T01:09:00.974+0000] {task_command.py:426} INFO - Running <TaskInstance: chess_etl.blunders_etl scheduled__2023-06-01T00:00:00+00:00 [running]> on host f55fff24b127
[2024-06-04T01:09:01.056+0000] {taskinstance.py:2648} INFO - Exporting env vars: AIRFLOW_CTX_DAG_OWNER='***' AIRFLOW_CTX_DAG_ID='chess_etl' AIRFLOW_CTX_TASK_ID='blunders_etl' AIRFLOW_CTX_EXECUTION_DATE='2023-06-01T00:00:00+00:00' AIRFLOW_CTX_TRY_NUMBER='1' AIRFLOW_CTX_DAG_RUN_ID='scheduled__2023-06-01T00:00:00+00:00'
[2024-06-04T01:09:01.057+0000] {taskinstance.py:430} INFO - ::endgroup::
[2024-06-04T01:09:01.058+0000] {warnings.py:110} WARNING - /home/***/.local/lib/python3.12/site-packages/***/utils/context.py:320: AirflowContextDeprecationWarning: Accessing 'execution_date' from the template is deprecated and will be removed in a future version. Please use 'data_interval_start' or 'logical_date' instead.
  warnings.warn(_create_deprecation_warning(k, replacements))

[2024-06-04T01:09:01.065+0000] {base.py:84} INFO - Using connection ID 'chess_project_s3' for task execution.
[2024-06-04T01:30:54.974+0000] {python.py:237} INFO - Done. Returned value was: None
[2024-06-04T01:30:54.975+0000] {taskinstance.py:441} INFO - ::group::Post task execution logs
[2024-06-04T01:30:54.983+0000] {taskinstance.py:1206} INFO - Marking task as SUCCESS. dag_id=chess_etl, task_id=blunders_etl, run_id=scheduled__2023-06-01T00:00:00+00:00, execution_date=20230601T000000, start_date=20240604T010900, end_date=20240604T013054
[2024-06-04T01:30:55.003+0000] {local_task_job_runner.py:240} INFO - Task exited with return code 0
[2024-06-04T01:30:55.013+0000] {taskinstance.py:3498} INFO - 0 downstream tasks scheduled from follow-on schedule check
[2024-06-04T01:30:55.014+0000] {local_task_job_runner.py:222} INFO - ::endgroup::
[2024-06-08T23:01:21.080+0000] {local_task_job_runner.py:120} INFO - ::group::Pre task execution logs
[2024-06-08T23:01:21.093+0000] {taskinstance.py:2076} INFO - Dependencies all met for dep_context=non-requeueable deps ti=<TaskInstance: chess_etl.blunders_etl scheduled__2023-06-01T00:00:00+00:00 [queued]>
[2024-06-08T23:01:21.099+0000] {taskinstance.py:2076} INFO - Dependencies all met for dep_context=requeueable deps ti=<TaskInstance: chess_etl.blunders_etl scheduled__2023-06-01T00:00:00+00:00 [queued]>
[2024-06-08T23:01:21.099+0000] {taskinstance.py:2306} INFO - Starting attempt 1 of 1
[2024-06-08T23:01:21.109+0000] {taskinstance.py:2330} INFO - Executing <Task(PythonOperator): blunders_etl> on 2023-06-01 00:00:00+00:00
[2024-06-08T23:01:21.116+0000] {warnings.py:110} WARNING - /home/***/.local/lib/python3.12/site-packages/***/task/task_runner/standard_task_runner.py:61: DeprecationWarning: This process (pid=49901) is multi-threaded, use of fork() may lead to deadlocks in the child.
  pid = os.fork()

[2024-06-08T23:01:21.118+0000] {standard_task_runner.py:63} INFO - Started process 49903 to run task
[2024-06-08T23:01:21.118+0000] {standard_task_runner.py:90} INFO - Running: ['***', 'tasks', 'run', 'chess_etl', 'blunders_etl', 'scheduled__2023-06-01T00:00:00+00:00', '--job-id', '347', '--raw', '--subdir', 'DAGS_FOLDER/chess_dag.py', '--cfg-path', '/tmp/tmpry8zo7xs']
[2024-06-08T23:01:21.119+0000] {standard_task_runner.py:91} INFO - Job 347: Subtask blunders_etl
[2024-06-08T23:01:21.151+0000] {task_command.py:426} INFO - Running <TaskInstance: chess_etl.blunders_etl scheduled__2023-06-01T00:00:00+00:00 [running]> on host bf0ade909435
[2024-06-08T23:01:21.220+0000] {taskinstance.py:2648} INFO - Exporting env vars: AIRFLOW_CTX_DAG_OWNER='***' AIRFLOW_CTX_DAG_ID='chess_etl' AIRFLOW_CTX_TASK_ID='blunders_etl' AIRFLOW_CTX_EXECUTION_DATE='2023-06-01T00:00:00+00:00' AIRFLOW_CTX_TRY_NUMBER='1' AIRFLOW_CTX_DAG_RUN_ID='scheduled__2023-06-01T00:00:00+00:00'
[2024-06-08T23:01:21.221+0000] {taskinstance.py:430} INFO - ::endgroup::
[2024-06-08T23:01:21.223+0000] {warnings.py:110} WARNING - /home/***/.local/lib/python3.12/site-packages/***/utils/context.py:320: AirflowContextDeprecationWarning: Accessing 'execution_date' from the template is deprecated and will be removed in a future version. Please use 'data_interval_start' or 'logical_date' instead.
  warnings.warn(_create_deprecation_warning(k, replacements))

[2024-06-08T23:01:21.230+0000] {base.py:84} INFO - Using connection ID 'chess_project_s3' for task execution.
[2024-06-08T23:23:28.759+0000] {python.py:237} INFO - Done. Returned value was: None
[2024-06-08T23:23:28.760+0000] {taskinstance.py:441} INFO - ::group::Post task execution logs
[2024-06-08T23:23:28.770+0000] {taskinstance.py:1206} INFO - Marking task as SUCCESS. dag_id=chess_etl, task_id=blunders_etl, run_id=scheduled__2023-06-01T00:00:00+00:00, execution_date=20230601T000000, start_date=20240608T230121, end_date=20240608T232328
[2024-06-08T23:23:28.813+0000] {local_task_job_runner.py:240} INFO - Task exited with return code 0
[2024-06-08T23:23:28.829+0000] {taskinstance.py:3498} INFO - 0 downstream tasks scheduled from follow-on schedule check
[2024-06-08T23:23:28.830+0000] {local_task_job_runner.py:222} INFO - ::endgroup::
[2024-07-08T04:29:33.775+0000] {local_task_job_runner.py:120} INFO - ::group::Pre task execution logs
[2024-07-08T04:29:33.791+0000] {taskinstance.py:2076} INFO - Dependencies all met for dep_context=non-requeueable deps ti=<TaskInstance: chess_etl.blunders_etl scheduled__2023-06-01T00:00:00+00:00 [queued]>
[2024-07-08T04:29:33.796+0000] {taskinstance.py:2076} INFO - Dependencies all met for dep_context=requeueable deps ti=<TaskInstance: chess_etl.blunders_etl scheduled__2023-06-01T00:00:00+00:00 [queued]>
[2024-07-08T04:29:33.797+0000] {taskinstance.py:2306} INFO - Starting attempt 1 of 1
[2024-07-08T04:29:33.806+0000] {taskinstance.py:2330} INFO - Executing <Task(PythonOperator): blunders_etl> on 2023-06-01 00:00:00+00:00
[2024-07-08T04:29:33.814+0000] {warnings.py:110} WARNING - /home/***/.local/lib/python3.12/site-packages/***/task/task_runner/standard_task_runner.py:61: DeprecationWarning: This process (pid=50612) is multi-threaded, use of fork() may lead to deadlocks in the child.
  pid = os.fork()

[2024-07-08T04:29:33.815+0000] {standard_task_runner.py:90} INFO - Running: ['***', 'tasks', 'run', 'chess_etl', 'blunders_etl', 'scheduled__2023-06-01T00:00:00+00:00', '--job-id', '769', '--raw', '--subdir', 'DAGS_FOLDER/chess_dag.py', '--cfg-path', '/tmp/tmpedri6v_4']
[2024-07-08T04:29:33.816+0000] {standard_task_runner.py:63} INFO - Started process 50614 to run task
[2024-07-08T04:29:33.816+0000] {standard_task_runner.py:91} INFO - Job 769: Subtask blunders_etl
[2024-07-08T04:29:33.852+0000] {task_command.py:426} INFO - Running <TaskInstance: chess_etl.blunders_etl scheduled__2023-06-01T00:00:00+00:00 [running]> on host 6569f5155f0c
[2024-07-08T04:29:33.911+0000] {taskinstance.py:2648} INFO - Exporting env vars: AIRFLOW_CTX_DAG_OWNER='***' AIRFLOW_CTX_DAG_ID='chess_etl' AIRFLOW_CTX_TASK_ID='blunders_etl' AIRFLOW_CTX_EXECUTION_DATE='2023-06-01T00:00:00+00:00' AIRFLOW_CTX_TRY_NUMBER='1' AIRFLOW_CTX_DAG_RUN_ID='scheduled__2023-06-01T00:00:00+00:00'
[2024-07-08T04:29:33.912+0000] {taskinstance.py:430} INFO - ::endgroup::
[2024-07-08T04:29:33.913+0000] {warnings.py:110} WARNING - /home/***/.local/lib/python3.12/site-packages/***/utils/context.py:320: AirflowContextDeprecationWarning: Accessing 'execution_date' from the template is deprecated and will be removed in a future version. Please use 'data_interval_start' or 'logical_date' instead.
  warnings.warn(_create_deprecation_warning(k, replacements))

[2024-07-08T04:29:33.919+0000] {base.py:84} INFO - Using connection ID 'chess_project_s3' for task execution.
[2024-07-08T04:51:19.570+0000] {python.py:237} INFO - Done. Returned value was: None
[2024-07-08T04:51:19.570+0000] {taskinstance.py:441} INFO - ::group::Post task execution logs
[2024-07-08T04:51:19.579+0000] {taskinstance.py:1206} INFO - Marking task as SUCCESS. dag_id=chess_etl, task_id=blunders_etl, run_id=scheduled__2023-06-01T00:00:00+00:00, execution_date=20230601T000000, start_date=20240708T042933, end_date=20240708T045119
[2024-07-08T04:51:19.607+0000] {local_task_job_runner.py:240} INFO - Task exited with return code 0
[2024-07-08T04:51:19.625+0000] {taskinstance.py:3498} INFO - 1 downstream tasks scheduled from follow-on schedule check
[2024-07-08T04:51:19.626+0000] {local_task_job_runner.py:222} INFO - ::endgroup::
