[2024-06-03T18:35:14.538+0000] {local_task_job_runner.py:120} INFO - ::group::Pre task execution logs
[2024-06-03T18:35:14.555+0000] {taskinstance.py:2076} INFO - Dependencies all met for dep_context=non-requeueable deps ti=<TaskInstance: chess_etl.blunders_etl scheduled__2020-06-01T00:00:00+00:00 [queued]>
[2024-06-03T18:35:14.561+0000] {taskinstance.py:2076} INFO - Dependencies all met for dep_context=requeueable deps ti=<TaskInstance: chess_etl.blunders_etl scheduled__2020-06-01T00:00:00+00:00 [queued]>
[2024-06-03T18:35:14.562+0000] {taskinstance.py:2306} INFO - Starting attempt 1 of 1
[2024-06-03T18:35:14.572+0000] {taskinstance.py:2330} INFO - Executing <Task(PythonOperator): blunders_etl> on 2020-06-01 00:00:00+00:00
[2024-06-03T18:35:14.579+0000] {warnings.py:110} WARNING - /home/***/.local/lib/python3.12/site-packages/***/task/task_runner/standard_task_runner.py:61: DeprecationWarning: This process (pid=5881) is multi-threaded, use of fork() may lead to deadlocks in the child.
  pid = os.fork()

[2024-06-03T18:35:14.580+0000] {standard_task_runner.py:63} INFO - Started process 5891 to run task
[2024-06-03T18:35:14.581+0000] {standard_task_runner.py:90} INFO - Running: ['***', 'tasks', 'run', 'chess_etl', 'blunders_etl', 'scheduled__2020-06-01T00:00:00+00:00', '--job-id', '99', '--raw', '--subdir', 'DAGS_FOLDER/chess_dag.py', '--cfg-path', '/tmp/tmp4vrn8gz0']
[2024-06-03T18:35:14.582+0000] {standard_task_runner.py:91} INFO - Job 99: Subtask blunders_etl
[2024-06-03T18:35:14.615+0000] {task_command.py:426} INFO - Running <TaskInstance: chess_etl.blunders_etl scheduled__2020-06-01T00:00:00+00:00 [running]> on host f55fff24b127
[2024-06-03T18:35:14.688+0000] {taskinstance.py:2648} INFO - Exporting env vars: AIRFLOW_CTX_DAG_OWNER='***' AIRFLOW_CTX_DAG_ID='chess_etl' AIRFLOW_CTX_TASK_ID='blunders_etl' AIRFLOW_CTX_EXECUTION_DATE='2020-06-01T00:00:00+00:00' AIRFLOW_CTX_TRY_NUMBER='1' AIRFLOW_CTX_DAG_RUN_ID='scheduled__2020-06-01T00:00:00+00:00'
[2024-06-03T18:35:14.689+0000] {taskinstance.py:430} INFO - ::endgroup::
[2024-06-03T18:35:14.690+0000] {warnings.py:110} WARNING - /home/***/.local/lib/python3.12/site-packages/***/utils/context.py:320: AirflowContextDeprecationWarning: Accessing 'execution_date' from the template is deprecated and will be removed in a future version. Please use 'data_interval_start' or 'logical_date' instead.
  warnings.warn(_create_deprecation_warning(k, replacements))

[2024-06-03T18:35:14.699+0000] {base.py:84} INFO - Using connection ID 'chess_project_s3' for task execution.
[2024-06-03T20:23:15.578+0000] {python.py:237} INFO - Done. Returned value was: None
[2024-06-03T20:23:15.584+0000] {taskinstance.py:441} INFO - ::group::Post task execution logs
[2024-06-03T20:23:15.622+0000] {taskinstance.py:1206} INFO - Marking task as SUCCESS. dag_id=chess_etl, task_id=blunders_etl, run_id=scheduled__2020-06-01T00:00:00+00:00, execution_date=20200601T000000, start_date=20240603T183514, end_date=20240603T202315
[2024-06-03T20:23:15.681+0000] {local_task_job_runner.py:240} INFO - Task exited with return code 0
[2024-06-03T20:23:15.724+0000] {taskinstance.py:3498} INFO - 0 downstream tasks scheduled from follow-on schedule check
[2024-06-03T20:23:15.726+0000] {local_task_job_runner.py:222} INFO - ::endgroup::
[2024-06-08T15:03:13.524+0000] {local_task_job_runner.py:120} INFO - ::group::Pre task execution logs
[2024-06-08T15:03:13.540+0000] {taskinstance.py:2076} INFO - Dependencies all met for dep_context=non-requeueable deps ti=<TaskInstance: chess_etl.blunders_etl scheduled__2020-06-01T00:00:00+00:00 [queued]>
[2024-06-08T15:03:13.546+0000] {taskinstance.py:2076} INFO - Dependencies all met for dep_context=requeueable deps ti=<TaskInstance: chess_etl.blunders_etl scheduled__2020-06-01T00:00:00+00:00 [queued]>
[2024-06-08T15:03:13.546+0000] {taskinstance.py:2306} INFO - Starting attempt 1 of 1
[2024-06-08T15:03:13.557+0000] {taskinstance.py:2330} INFO - Executing <Task(PythonOperator): blunders_etl> on 2020-06-01 00:00:00+00:00
[2024-06-08T15:03:13.562+0000] {warnings.py:110} WARNING - /home/***/.local/lib/python3.12/site-packages/***/task/task_runner/standard_task_runner.py:61: DeprecationWarning: This process (pid=542) is multi-threaded, use of fork() may lead to deadlocks in the child.
  pid = os.fork()

[2024-06-08T15:03:13.564+0000] {standard_task_runner.py:63} INFO - Started process 544 to run task
[2024-06-08T15:03:13.564+0000] {standard_task_runner.py:90} INFO - Running: ['***', 'tasks', 'run', 'chess_etl', 'blunders_etl', 'scheduled__2020-06-01T00:00:00+00:00', '--job-id', '275', '--raw', '--subdir', 'DAGS_FOLDER/chess_dag.py', '--cfg-path', '/tmp/tmp0zc4rvi_']
[2024-06-08T15:03:13.565+0000] {standard_task_runner.py:91} INFO - Job 275: Subtask blunders_etl
[2024-06-08T15:03:13.596+0000] {task_command.py:426} INFO - Running <TaskInstance: chess_etl.blunders_etl scheduled__2020-06-01T00:00:00+00:00 [running]> on host bf0ade909435
[2024-06-08T15:03:13.652+0000] {taskinstance.py:2648} INFO - Exporting env vars: AIRFLOW_CTX_DAG_OWNER='***' AIRFLOW_CTX_DAG_ID='chess_etl' AIRFLOW_CTX_TASK_ID='blunders_etl' AIRFLOW_CTX_EXECUTION_DATE='2020-06-01T00:00:00+00:00' AIRFLOW_CTX_TRY_NUMBER='1' AIRFLOW_CTX_DAG_RUN_ID='scheduled__2020-06-01T00:00:00+00:00'
[2024-06-08T15:03:13.653+0000] {taskinstance.py:430} INFO - ::endgroup::
[2024-06-08T15:03:13.654+0000] {warnings.py:110} WARNING - /home/***/.local/lib/python3.12/site-packages/***/utils/context.py:320: AirflowContextDeprecationWarning: Accessing 'execution_date' from the template is deprecated and will be removed in a future version. Please use 'data_interval_start' or 'logical_date' instead.
  warnings.warn(_create_deprecation_warning(k, replacements))

[2024-06-08T15:03:13.660+0000] {base.py:84} INFO - Using connection ID 'chess_project_s3' for task execution.
[2024-06-08T16:53:33.945+0000] {python.py:237} INFO - Done. Returned value was: None
[2024-06-08T16:53:33.949+0000] {taskinstance.py:441} INFO - ::group::Post task execution logs
[2024-06-08T16:53:33.975+0000] {taskinstance.py:1206} INFO - Marking task as SUCCESS. dag_id=chess_etl, task_id=blunders_etl, run_id=scheduled__2020-06-01T00:00:00+00:00, execution_date=20200601T000000, start_date=20240608T150313, end_date=20240608T165333
[2024-06-08T16:53:34.022+0000] {local_task_job_runner.py:240} INFO - Task exited with return code 0
[2024-06-08T16:53:34.048+0000] {taskinstance.py:3498} INFO - 0 downstream tasks scheduled from follow-on schedule check
[2024-06-08T16:53:34.050+0000] {local_task_job_runner.py:222} INFO - ::endgroup::
[2024-07-07T22:11:47.465+0000] {local_task_job_runner.py:120} INFO - ::group::Pre task execution logs
[2024-07-07T22:11:47.480+0000] {taskinstance.py:2076} INFO - Dependencies all met for dep_context=non-requeueable deps ti=<TaskInstance: chess_etl.blunders_etl scheduled__2020-06-01T00:00:00+00:00 [queued]>
[2024-07-07T22:11:47.485+0000] {taskinstance.py:2076} INFO - Dependencies all met for dep_context=requeueable deps ti=<TaskInstance: chess_etl.blunders_etl scheduled__2020-06-01T00:00:00+00:00 [queued]>
[2024-07-07T22:11:47.485+0000] {taskinstance.py:2306} INFO - Starting attempt 1 of 1
[2024-07-07T22:11:47.494+0000] {taskinstance.py:2330} INFO - Executing <Task(PythonOperator): blunders_etl> on 2020-06-01 00:00:00+00:00
[2024-07-07T22:11:47.501+0000] {warnings.py:110} WARNING - /home/***/.local/lib/python3.12/site-packages/***/task/task_runner/standard_task_runner.py:61: DeprecationWarning: This process (pid=7174) is multi-threaded, use of fork() may lead to deadlocks in the child.
  pid = os.fork()

[2024-07-07T22:11:47.503+0000] {standard_task_runner.py:63} INFO - Started process 7176 to run task
[2024-07-07T22:11:47.503+0000] {standard_task_runner.py:90} INFO - Running: ['***', 'tasks', 'run', 'chess_etl', 'blunders_etl', 'scheduled__2020-06-01T00:00:00+00:00', '--job-id', '625', '--raw', '--subdir', 'DAGS_FOLDER/chess_dag.py', '--cfg-path', '/tmp/tmpa5vzd0fr']
[2024-07-07T22:11:47.504+0000] {standard_task_runner.py:91} INFO - Job 625: Subtask blunders_etl
[2024-07-07T22:11:47.539+0000] {task_command.py:426} INFO - Running <TaskInstance: chess_etl.blunders_etl scheduled__2020-06-01T00:00:00+00:00 [running]> on host 6569f5155f0c
[2024-07-07T22:11:47.602+0000] {taskinstance.py:2648} INFO - Exporting env vars: AIRFLOW_CTX_DAG_OWNER='***' AIRFLOW_CTX_DAG_ID='chess_etl' AIRFLOW_CTX_TASK_ID='blunders_etl' AIRFLOW_CTX_EXECUTION_DATE='2020-06-01T00:00:00+00:00' AIRFLOW_CTX_TRY_NUMBER='1' AIRFLOW_CTX_DAG_RUN_ID='scheduled__2020-06-01T00:00:00+00:00'
[2024-07-07T22:11:47.603+0000] {taskinstance.py:430} INFO - ::endgroup::
[2024-07-07T22:11:47.603+0000] {warnings.py:110} WARNING - /home/***/.local/lib/python3.12/site-packages/***/utils/context.py:320: AirflowContextDeprecationWarning: Accessing 'execution_date' from the template is deprecated and will be removed in a future version. Please use 'data_interval_start' or 'logical_date' instead.
  warnings.warn(_create_deprecation_warning(k, replacements))

[2024-07-07T22:11:47.610+0000] {base.py:84} INFO - Using connection ID 'chess_project_s3' for task execution.
[2024-07-07T23:53:34.014+0000] {python.py:237} INFO - Done. Returned value was: None
[2024-07-07T23:53:34.015+0000] {taskinstance.py:441} INFO - ::group::Post task execution logs
[2024-07-07T23:53:34.023+0000] {taskinstance.py:1206} INFO - Marking task as SUCCESS. dag_id=chess_etl, task_id=blunders_etl, run_id=scheduled__2020-06-01T00:00:00+00:00, execution_date=20200601T000000, start_date=20240707T221147, end_date=20240707T235334
[2024-07-07T23:53:34.043+0000] {local_task_job_runner.py:240} INFO - Task exited with return code 0
[2024-07-07T23:53:34.059+0000] {taskinstance.py:3498} INFO - 1 downstream tasks scheduled from follow-on schedule check
[2024-07-07T23:53:34.061+0000] {local_task_job_runner.py:222} INFO - ::endgroup::
