[2024-07-07T18:36:31.347+0000] {local_task_job_runner.py:120} INFO - ::group::Pre task execution logs
[2024-07-07T18:36:31.361+0000] {taskinstance.py:2076} INFO - Dependencies all met for dep_context=non-requeueable deps ti=<TaskInstance: chess_etl.redshift_game_load scheduled__2022-02-01T00:00:00+00:00 [queued]>
[2024-07-07T18:36:31.366+0000] {taskinstance.py:2076} INFO - Dependencies all met for dep_context=requeueable deps ti=<TaskInstance: chess_etl.redshift_game_load scheduled__2022-02-01T00:00:00+00:00 [queued]>
[2024-07-07T18:36:31.366+0000] {taskinstance.py:2306} INFO - Starting attempt 1 of 1
[2024-07-07T18:36:31.375+0000] {taskinstance.py:2330} INFO - Executing <Task(PythonOperator): redshift_game_load> on 2022-02-01 00:00:00+00:00
[2024-07-07T18:36:31.379+0000] {warnings.py:110} WARNING - /home/***/.local/lib/python3.12/site-packages/***/task/task_runner/standard_task_runner.py:61: DeprecationWarning: This process (pid=1466) is multi-threaded, use of fork() may lead to deadlocks in the child.
  pid = os.fork()

[2024-07-07T18:36:31.380+0000] {standard_task_runner.py:63} INFO - Started process 1469 to run task
[2024-07-07T18:36:31.380+0000] {standard_task_runner.py:90} INFO - Running: ['***', 'tasks', 'run', 'chess_etl', 'redshift_game_load', 'scheduled__2022-02-01T00:00:00+00:00', '--job-id', '448', '--pool', 'default_pool', '--raw', '--subdir', 'DAGS_FOLDER/chess_dag.py', '--cfg-path', '/tmp/tmpj3r3uwy1']
[2024-07-07T18:36:31.381+0000] {standard_task_runner.py:91} INFO - Job 448: Subtask redshift_game_load
[2024-07-07T18:36:31.412+0000] {task_command.py:426} INFO - Running <TaskInstance: chess_etl.redshift_game_load scheduled__2022-02-01T00:00:00+00:00 [running]> on host cb919e35e0e9
[2024-07-07T18:36:31.466+0000] {taskinstance.py:2648} INFO - Exporting env vars: AIRFLOW_CTX_DAG_OWNER='***' AIRFLOW_CTX_DAG_ID='chess_etl' AIRFLOW_CTX_TASK_ID='redshift_game_load' AIRFLOW_CTX_EXECUTION_DATE='2022-02-01T00:00:00+00:00' AIRFLOW_CTX_TRY_NUMBER='1' AIRFLOW_CTX_DAG_RUN_ID='scheduled__2022-02-01T00:00:00+00:00'
[2024-07-07T18:36:31.467+0000] {taskinstance.py:430} INFO - ::endgroup::
[2024-07-07T18:36:31.467+0000] {warnings.py:110} WARNING - /home/***/.local/lib/python3.12/site-packages/***/utils/context.py:320: AirflowContextDeprecationWarning: Accessing 'execution_date' from the template is deprecated and will be removed in a future version. Please use 'data_interval_start' or 'logical_date' instead.
  warnings.warn(_create_deprecation_warning(k, replacements))

[2024-07-07T18:36:31.472+0000] {base.py:84} INFO - Using connection ID 'chess_project_s3' for task execution.
[2024-07-07T18:36:32.209+0000] {base.py:84} INFO - Using connection ID 'chess_project_redshift' for task execution.
[2024-07-07T18:36:36.121+0000] {python.py:237} INFO - Done. Returned value was: None
[2024-07-07T18:36:36.122+0000] {taskinstance.py:441} INFO - ::group::Post task execution logs
[2024-07-07T18:36:36.127+0000] {taskinstance.py:1206} INFO - Marking task as SUCCESS. dag_id=chess_etl, task_id=redshift_game_load, run_id=scheduled__2022-02-01T00:00:00+00:00, execution_date=20220201T000000, start_date=20240707T183631, end_date=20240707T183636
[2024-07-07T18:36:36.165+0000] {local_task_job_runner.py:240} INFO - Task exited with return code 0
[2024-07-07T18:36:36.178+0000] {taskinstance.py:3498} INFO - 0 downstream tasks scheduled from follow-on schedule check
[2024-07-07T18:36:36.179+0000] {local_task_job_runner.py:222} INFO - ::endgroup::
[2024-07-08T02:10:10.336+0000] {local_task_job_runner.py:120} INFO - ::group::Pre task execution logs
[2024-07-08T02:10:10.351+0000] {taskinstance.py:2076} INFO - Dependencies all met for dep_context=non-requeueable deps ti=<TaskInstance: chess_etl.redshift_game_load scheduled__2022-02-01T00:00:00+00:00 [queued]>
[2024-07-08T02:10:10.357+0000] {taskinstance.py:2076} INFO - Dependencies all met for dep_context=requeueable deps ti=<TaskInstance: chess_etl.redshift_game_load scheduled__2022-02-01T00:00:00+00:00 [queued]>
[2024-07-08T02:10:10.358+0000] {taskinstance.py:2306} INFO - Starting attempt 1 of 1
[2024-07-08T02:10:10.366+0000] {taskinstance.py:2330} INFO - Executing <Task(PythonOperator): redshift_game_load> on 2022-02-01 00:00:00+00:00
[2024-07-08T02:10:10.373+0000] {warnings.py:110} WARNING - /home/***/.local/lib/python3.12/site-packages/***/task/task_runner/standard_task_runner.py:61: DeprecationWarning: This process (pid=34123) is multi-threaded, use of fork() may lead to deadlocks in the child.
  pid = os.fork()

[2024-07-08T02:10:10.375+0000] {standard_task_runner.py:63} INFO - Started process 34125 to run task
[2024-07-08T02:10:10.375+0000] {standard_task_runner.py:90} INFO - Running: ['***', 'tasks', 'run', 'chess_etl', 'redshift_game_load', 'scheduled__2022-02-01T00:00:00+00:00', '--job-id', '714', '--raw', '--subdir', 'DAGS_FOLDER/chess_dag.py', '--cfg-path', '/tmp/tmpnt3h8lrm']
[2024-07-08T02:10:10.376+0000] {standard_task_runner.py:91} INFO - Job 714: Subtask redshift_game_load
[2024-07-08T02:10:10.410+0000] {task_command.py:426} INFO - Running <TaskInstance: chess_etl.redshift_game_load scheduled__2022-02-01T00:00:00+00:00 [running]> on host 6569f5155f0c
[2024-07-08T02:10:10.475+0000] {taskinstance.py:2648} INFO - Exporting env vars: AIRFLOW_CTX_DAG_OWNER='***' AIRFLOW_CTX_DAG_ID='chess_etl' AIRFLOW_CTX_TASK_ID='redshift_game_load' AIRFLOW_CTX_EXECUTION_DATE='2022-02-01T00:00:00+00:00' AIRFLOW_CTX_TRY_NUMBER='1' AIRFLOW_CTX_DAG_RUN_ID='scheduled__2022-02-01T00:00:00+00:00'
[2024-07-08T02:10:10.476+0000] {taskinstance.py:430} INFO - ::endgroup::
[2024-07-08T02:10:10.477+0000] {warnings.py:110} WARNING - /home/***/.local/lib/python3.12/site-packages/***/utils/context.py:320: AirflowContextDeprecationWarning: Accessing 'execution_date' from the template is deprecated and will be removed in a future version. Please use 'data_interval_start' or 'logical_date' instead.
  warnings.warn(_create_deprecation_warning(k, replacements))

[2024-07-08T02:10:10.484+0000] {base.py:84} INFO - Using connection ID 'chess_project_s3' for task execution.
[2024-07-08T02:10:11.222+0000] {base.py:84} INFO - Using connection ID 'chess_project_redshift' for task execution.
[2024-07-08T02:10:13.026+0000] {python.py:237} INFO - Done. Returned value was: None
[2024-07-08T02:10:13.027+0000] {taskinstance.py:441} INFO - ::group::Post task execution logs
[2024-07-08T02:10:13.033+0000] {taskinstance.py:1206} INFO - Marking task as SUCCESS. dag_id=chess_etl, task_id=redshift_game_load, run_id=scheduled__2022-02-01T00:00:00+00:00, execution_date=20220201T000000, start_date=20240708T021010, end_date=20240708T021013
[2024-07-08T02:10:13.078+0000] {local_task_job_runner.py:240} INFO - Task exited with return code 0
[2024-07-08T02:10:13.092+0000] {taskinstance.py:3498} INFO - 1 downstream tasks scheduled from follow-on schedule check
[2024-07-08T02:10:13.093+0000] {local_task_job_runner.py:222} INFO - ::endgroup::
