[2024-06-04T02:01:17.056+0000] {local_task_job_runner.py:120} INFO - ::group::Pre task execution logs
[2024-06-04T02:01:17.073+0000] {taskinstance.py:2076} INFO - Dependencies all met for dep_context=non-requeueable deps ti=<TaskInstance: chess_etl.blunders_etl scheduled__2024-02-01T00:00:00+00:00 [queued]>
[2024-06-04T02:01:17.078+0000] {taskinstance.py:2076} INFO - Dependencies all met for dep_context=requeueable deps ti=<TaskInstance: chess_etl.blunders_etl scheduled__2024-02-01T00:00:00+00:00 [queued]>
[2024-06-04T02:01:17.079+0000] {taskinstance.py:2306} INFO - Starting attempt 1 of 1
[2024-06-04T02:01:17.087+0000] {taskinstance.py:2330} INFO - Executing <Task(PythonOperator): blunders_etl> on 2024-02-01 00:00:00+00:00
[2024-06-04T02:01:17.094+0000] {warnings.py:110} WARNING - /home/***/.local/lib/python3.12/site-packages/***/task/task_runner/standard_task_runner.py:61: DeprecationWarning: This process (pid=54859) is multi-threaded, use of fork() may lead to deadlocks in the child.
  pid = os.fork()

[2024-06-04T02:01:17.096+0000] {standard_task_runner.py:63} INFO - Started process 54869 to run task
[2024-06-04T02:01:17.096+0000] {standard_task_runner.py:90} INFO - Running: ['***', 'tasks', 'run', 'chess_etl', 'blunders_etl', 'scheduled__2024-02-01T00:00:00+00:00', '--job-id', '187', '--raw', '--subdir', 'DAGS_FOLDER/chess_dag.py', '--cfg-path', '/tmp/tmpirrthxww']
[2024-06-04T02:01:17.097+0000] {standard_task_runner.py:91} INFO - Job 187: Subtask blunders_etl
[2024-06-04T02:01:17.129+0000] {task_command.py:426} INFO - Running <TaskInstance: chess_etl.blunders_etl scheduled__2024-02-01T00:00:00+00:00 [running]> on host f55fff24b127
[2024-06-04T02:01:17.192+0000] {taskinstance.py:2648} INFO - Exporting env vars: AIRFLOW_CTX_DAG_OWNER='***' AIRFLOW_CTX_DAG_ID='chess_etl' AIRFLOW_CTX_TASK_ID='blunders_etl' AIRFLOW_CTX_EXECUTION_DATE='2024-02-01T00:00:00+00:00' AIRFLOW_CTX_TRY_NUMBER='1' AIRFLOW_CTX_DAG_RUN_ID='scheduled__2024-02-01T00:00:00+00:00'
[2024-06-04T02:01:17.193+0000] {taskinstance.py:430} INFO - ::endgroup::
[2024-06-04T02:01:17.194+0000] {warnings.py:110} WARNING - /home/***/.local/lib/python3.12/site-packages/***/utils/context.py:320: AirflowContextDeprecationWarning: Accessing 'execution_date' from the template is deprecated and will be removed in a future version. Please use 'data_interval_start' or 'logical_date' instead.
  warnings.warn(_create_deprecation_warning(k, replacements))

[2024-06-04T02:01:17.200+0000] {base.py:84} INFO - Using connection ID 'chess_project_s3' for task execution.
[2024-06-04T02:04:17.850+0000] {python.py:237} INFO - Done. Returned value was: None
[2024-06-04T02:04:17.854+0000] {taskinstance.py:441} INFO - ::group::Post task execution logs
[2024-06-04T02:04:17.861+0000] {taskinstance.py:1206} INFO - Marking task as SUCCESS. dag_id=chess_etl, task_id=blunders_etl, run_id=scheduled__2024-02-01T00:00:00+00:00, execution_date=20240201T000000, start_date=20240604T020117, end_date=20240604T020417
[2024-06-04T02:04:17.915+0000] {local_task_job_runner.py:240} INFO - Task exited with return code 0
[2024-06-04T02:04:17.927+0000] {taskinstance.py:3498} INFO - 0 downstream tasks scheduled from follow-on schedule check
[2024-06-04T02:04:17.928+0000] {local_task_job_runner.py:222} INFO - ::endgroup::
[2024-06-08T23:54:27.823+0000] {local_task_job_runner.py:120} INFO - ::group::Pre task execution logs
[2024-06-08T23:54:27.837+0000] {taskinstance.py:2076} INFO - Dependencies all met for dep_context=non-requeueable deps ti=<TaskInstance: chess_etl.blunders_etl scheduled__2024-02-01T00:00:00+00:00 [queued]>
[2024-06-08T23:54:27.843+0000] {taskinstance.py:2076} INFO - Dependencies all met for dep_context=requeueable deps ti=<TaskInstance: chess_etl.blunders_etl scheduled__2024-02-01T00:00:00+00:00 [queued]>
[2024-06-08T23:54:27.844+0000] {taskinstance.py:2306} INFO - Starting attempt 1 of 1
[2024-06-08T23:54:27.853+0000] {taskinstance.py:2330} INFO - Executing <Task(PythonOperator): blunders_etl> on 2024-02-01 00:00:00+00:00
[2024-06-08T23:54:27.860+0000] {warnings.py:110} WARNING - /home/***/.local/lib/python3.12/site-packages/***/task/task_runner/standard_task_runner.py:61: DeprecationWarning: This process (pid=55564) is multi-threaded, use of fork() may lead to deadlocks in the child.
  pid = os.fork()

[2024-06-08T23:54:27.861+0000] {standard_task_runner.py:63} INFO - Started process 55566 to run task
[2024-06-08T23:54:27.861+0000] {standard_task_runner.py:90} INFO - Running: ['***', 'tasks', 'run', 'chess_etl', 'blunders_etl', 'scheduled__2024-02-01T00:00:00+00:00', '--job-id', '363', '--raw', '--subdir', 'DAGS_FOLDER/chess_dag.py', '--cfg-path', '/tmp/tmpbg4r6thf']
[2024-06-08T23:54:27.862+0000] {standard_task_runner.py:91} INFO - Job 363: Subtask blunders_etl
[2024-06-08T23:54:27.894+0000] {task_command.py:426} INFO - Running <TaskInstance: chess_etl.blunders_etl scheduled__2024-02-01T00:00:00+00:00 [running]> on host bf0ade909435
[2024-06-08T23:54:27.957+0000] {taskinstance.py:2648} INFO - Exporting env vars: AIRFLOW_CTX_DAG_OWNER='***' AIRFLOW_CTX_DAG_ID='chess_etl' AIRFLOW_CTX_TASK_ID='blunders_etl' AIRFLOW_CTX_EXECUTION_DATE='2024-02-01T00:00:00+00:00' AIRFLOW_CTX_TRY_NUMBER='1' AIRFLOW_CTX_DAG_RUN_ID='scheduled__2024-02-01T00:00:00+00:00'
[2024-06-08T23:54:27.959+0000] {taskinstance.py:430} INFO - ::endgroup::
[2024-06-08T23:54:27.960+0000] {warnings.py:110} WARNING - /home/***/.local/lib/python3.12/site-packages/***/utils/context.py:320: AirflowContextDeprecationWarning: Accessing 'execution_date' from the template is deprecated and will be removed in a future version. Please use 'data_interval_start' or 'logical_date' instead.
  warnings.warn(_create_deprecation_warning(k, replacements))

[2024-06-08T23:54:27.966+0000] {base.py:84} INFO - Using connection ID 'chess_project_s3' for task execution.
[2024-06-08T23:57:33.830+0000] {python.py:237} INFO - Done. Returned value was: None
[2024-06-08T23:57:33.831+0000] {taskinstance.py:441} INFO - ::group::Post task execution logs
[2024-06-08T23:57:33.840+0000] {taskinstance.py:1206} INFO - Marking task as SUCCESS. dag_id=chess_etl, task_id=blunders_etl, run_id=scheduled__2024-02-01T00:00:00+00:00, execution_date=20240201T000000, start_date=20240608T235427, end_date=20240608T235733
[2024-06-08T23:57:33.879+0000] {local_task_job_runner.py:240} INFO - Task exited with return code 0
[2024-06-08T23:57:33.894+0000] {taskinstance.py:3498} INFO - 0 downstream tasks scheduled from follow-on schedule check
[2024-06-08T23:57:33.896+0000] {local_task_job_runner.py:222} INFO - ::endgroup::
[2024-07-08T05:22:36.529+0000] {local_task_job_runner.py:120} INFO - ::group::Pre task execution logs
[2024-07-08T05:22:36.545+0000] {taskinstance.py:2076} INFO - Dependencies all met for dep_context=non-requeueable deps ti=<TaskInstance: chess_etl.blunders_etl scheduled__2024-02-01T00:00:00+00:00 [queued]>
[2024-07-08T05:22:36.550+0000] {taskinstance.py:2076} INFO - Dependencies all met for dep_context=requeueable deps ti=<TaskInstance: chess_etl.blunders_etl scheduled__2024-02-01T00:00:00+00:00 [queued]>
[2024-07-08T05:22:36.551+0000] {taskinstance.py:2306} INFO - Starting attempt 1 of 1
[2024-07-08T05:22:36.560+0000] {taskinstance.py:2330} INFO - Executing <Task(PythonOperator): blunders_etl> on 2024-02-01 00:00:00+00:00
[2024-07-08T05:22:36.568+0000] {standard_task_runner.py:90} INFO - Running: ['***', 'tasks', 'run', 'chess_etl', 'blunders_etl', 'scheduled__2024-02-01T00:00:00+00:00', '--job-id', '801', '--raw', '--subdir', 'DAGS_FOLDER/chess_dag.py', '--cfg-path', '/tmp/tmpffop9k7i']
[2024-07-08T05:22:36.567+0000] {warnings.py:110} WARNING - /home/***/.local/lib/python3.12/site-packages/***/task/task_runner/standard_task_runner.py:61: DeprecationWarning: This process (pid=56422) is multi-threaded, use of fork() may lead to deadlocks in the child.
  pid = os.fork()

[2024-07-08T05:22:36.569+0000] {standard_task_runner.py:91} INFO - Job 801: Subtask blunders_etl
[2024-07-08T05:22:36.569+0000] {standard_task_runner.py:63} INFO - Started process 56424 to run task
[2024-07-08T05:22:36.599+0000] {task_command.py:426} INFO - Running <TaskInstance: chess_etl.blunders_etl scheduled__2024-02-01T00:00:00+00:00 [running]> on host 6569f5155f0c
[2024-07-08T05:22:36.661+0000] {taskinstance.py:2648} INFO - Exporting env vars: AIRFLOW_CTX_DAG_OWNER='***' AIRFLOW_CTX_DAG_ID='chess_etl' AIRFLOW_CTX_TASK_ID='blunders_etl' AIRFLOW_CTX_EXECUTION_DATE='2024-02-01T00:00:00+00:00' AIRFLOW_CTX_TRY_NUMBER='1' AIRFLOW_CTX_DAG_RUN_ID='scheduled__2024-02-01T00:00:00+00:00'
[2024-07-08T05:22:36.662+0000] {taskinstance.py:430} INFO - ::endgroup::
[2024-07-08T05:22:36.663+0000] {warnings.py:110} WARNING - /home/***/.local/lib/python3.12/site-packages/***/utils/context.py:320: AirflowContextDeprecationWarning: Accessing 'execution_date' from the template is deprecated and will be removed in a future version. Please use 'data_interval_start' or 'logical_date' instead.
  warnings.warn(_create_deprecation_warning(k, replacements))

[2024-07-08T05:22:36.669+0000] {base.py:84} INFO - Using connection ID 'chess_project_s3' for task execution.
[2024-07-08T05:25:34.035+0000] {python.py:237} INFO - Done. Returned value was: None
[2024-07-08T05:25:34.036+0000] {taskinstance.py:441} INFO - ::group::Post task execution logs
[2024-07-08T05:25:34.043+0000] {taskinstance.py:1206} INFO - Marking task as SUCCESS. dag_id=chess_etl, task_id=blunders_etl, run_id=scheduled__2024-02-01T00:00:00+00:00, execution_date=20240201T000000, start_date=20240708T052236, end_date=20240708T052534
[2024-07-08T05:25:34.067+0000] {local_task_job_runner.py:240} INFO - Task exited with return code 0
[2024-07-08T05:25:34.084+0000] {taskinstance.py:3498} INFO - 1 downstream tasks scheduled from follow-on schedule check
[2024-07-08T05:25:34.085+0000] {local_task_job_runner.py:222} INFO - ::endgroup::
