[2024-07-07T18:11:07.685+0000] {local_task_job_runner.py:120} INFO - ::group::Pre task execution logs
[2024-07-07T18:11:07.703+0000] {taskinstance.py:2076} INFO - Dependencies all met for dep_context=non-requeueable deps ti=<TaskInstance: chess_etl.redshift_move_load scheduled__2019-10-01T00:00:00+00:00 [queued]>
[2024-07-07T18:11:07.710+0000] {taskinstance.py:2076} INFO - Dependencies all met for dep_context=requeueable deps ti=<TaskInstance: chess_etl.redshift_move_load scheduled__2019-10-01T00:00:00+00:00 [queued]>
[2024-07-07T18:11:07.711+0000] {taskinstance.py:2306} INFO - Starting attempt 1 of 1
[2024-07-07T18:11:07.721+0000] {taskinstance.py:2330} INFO - Executing <Task(PythonOperator): redshift_move_load> on 2019-10-01 00:00:00+00:00
[2024-07-07T18:11:07.728+0000] {warnings.py:110} WARNING - /home/***/.local/lib/python3.12/site-packages/***/task/task_runner/standard_task_runner.py:61: DeprecationWarning: This process (pid=979) is multi-threaded, use of fork() may lead to deadlocks in the child.
  pid = os.fork()

[2024-07-07T18:11:07.729+0000] {standard_task_runner.py:63} INFO - Started process 983 to run task
[2024-07-07T18:11:07.730+0000] {standard_task_runner.py:90} INFO - Running: ['***', 'tasks', 'run', 'chess_etl', 'redshift_move_load', 'scheduled__2019-10-01T00:00:00+00:00', '--job-id', '413', '--pool', 'default_pool', '--raw', '--subdir', 'DAGS_FOLDER/chess_dag.py', '--cfg-path', '/tmp/tmp03ao2y3j']
[2024-07-07T18:11:07.730+0000] {standard_task_runner.py:91} INFO - Job 413: Subtask redshift_move_load
[2024-07-07T18:11:07.763+0000] {task_command.py:426} INFO - Running <TaskInstance: chess_etl.redshift_move_load scheduled__2019-10-01T00:00:00+00:00 [running]> on host cb919e35e0e9
[2024-07-07T18:11:07.825+0000] {taskinstance.py:2648} INFO - Exporting env vars: AIRFLOW_CTX_DAG_OWNER='***' AIRFLOW_CTX_DAG_ID='chess_etl' AIRFLOW_CTX_TASK_ID='redshift_move_load' AIRFLOW_CTX_EXECUTION_DATE='2019-10-01T00:00:00+00:00' AIRFLOW_CTX_TRY_NUMBER='1' AIRFLOW_CTX_DAG_RUN_ID='scheduled__2019-10-01T00:00:00+00:00'
[2024-07-07T18:11:07.826+0000] {taskinstance.py:430} INFO - ::endgroup::
[2024-07-07T18:11:07.827+0000] {warnings.py:110} WARNING - /home/***/.local/lib/python3.12/site-packages/***/utils/context.py:320: AirflowContextDeprecationWarning: Accessing 'execution_date' from the template is deprecated and will be removed in a future version. Please use 'data_interval_start' or 'logical_date' instead.
  warnings.warn(_create_deprecation_warning(k, replacements))

[2024-07-07T18:11:07.833+0000] {base.py:84} INFO - Using connection ID 'chess_project_s3' for task execution.
[2024-07-07T18:11:08.669+0000] {logging_mixin.py:188} INFO - No games for period 2019_10
[2024-07-07T18:11:08.669+0000] {python.py:237} INFO - Done. Returned value was: None
[2024-07-07T18:11:08.670+0000] {taskinstance.py:441} INFO - ::group::Post task execution logs
[2024-07-07T18:11:08.675+0000] {taskinstance.py:1206} INFO - Marking task as SUCCESS. dag_id=chess_etl, task_id=redshift_move_load, run_id=scheduled__2019-10-01T00:00:00+00:00, execution_date=20191001T000000, start_date=20240707T181107, end_date=20240707T181108
[2024-07-07T18:11:08.704+0000] {local_task_job_runner.py:240} INFO - Task exited with return code 0
[2024-07-07T18:11:08.717+0000] {taskinstance.py:3498} INFO - 0 downstream tasks scheduled from follow-on schedule check
[2024-07-07T18:11:08.718+0000] {local_task_job_runner.py:222} INFO - ::endgroup::
[2024-07-07T21:20:40.868+0000] {local_task_job_runner.py:120} INFO - ::group::Pre task execution logs
[2024-07-07T21:20:40.884+0000] {taskinstance.py:2076} INFO - Dependencies all met for dep_context=non-requeueable deps ti=<TaskInstance: chess_etl.redshift_move_load scheduled__2019-10-01T00:00:00+00:00 [queued]>
[2024-07-07T21:20:40.891+0000] {taskinstance.py:2076} INFO - Dependencies all met for dep_context=requeueable deps ti=<TaskInstance: chess_etl.redshift_move_load scheduled__2019-10-01T00:00:00+00:00 [queued]>
[2024-07-07T21:20:40.891+0000] {taskinstance.py:2306} INFO - Starting attempt 1 of 1
[2024-07-07T21:20:40.901+0000] {taskinstance.py:2330} INFO - Executing <Task(PythonOperator): redshift_move_load> on 2019-10-01 00:00:00+00:00
[2024-07-07T21:20:40.907+0000] {warnings.py:110} WARNING - /home/***/.local/lib/python3.12/site-packages/***/task/task_runner/standard_task_runner.py:61: DeprecationWarning: This process (pid=1375) is multi-threaded, use of fork() may lead to deadlocks in the child.
  pid = os.fork()

[2024-07-07T21:20:40.908+0000] {standard_task_runner.py:90} INFO - Running: ['***', 'tasks', 'run', 'chess_etl', 'redshift_move_load', 'scheduled__2019-10-01T00:00:00+00:00', '--job-id', '600', '--raw', '--subdir', 'DAGS_FOLDER/chess_dag.py', '--cfg-path', '/tmp/tmpn8yks1xb']
[2024-07-07T21:20:40.908+0000] {standard_task_runner.py:63} INFO - Started process 1380 to run task
[2024-07-07T21:20:40.909+0000] {standard_task_runner.py:91} INFO - Job 600: Subtask redshift_move_load
[2024-07-07T21:20:40.948+0000] {task_command.py:426} INFO - Running <TaskInstance: chess_etl.redshift_move_load scheduled__2019-10-01T00:00:00+00:00 [running]> on host 6569f5155f0c
[2024-07-07T21:20:41.015+0000] {taskinstance.py:2648} INFO - Exporting env vars: AIRFLOW_CTX_DAG_OWNER='***' AIRFLOW_CTX_DAG_ID='chess_etl' AIRFLOW_CTX_TASK_ID='redshift_move_load' AIRFLOW_CTX_EXECUTION_DATE='2019-10-01T00:00:00+00:00' AIRFLOW_CTX_TRY_NUMBER='1' AIRFLOW_CTX_DAG_RUN_ID='scheduled__2019-10-01T00:00:00+00:00'
[2024-07-07T21:20:41.017+0000] {taskinstance.py:430} INFO - ::endgroup::
[2024-07-07T21:20:41.018+0000] {warnings.py:110} WARNING - /home/***/.local/lib/python3.12/site-packages/***/utils/context.py:320: AirflowContextDeprecationWarning: Accessing 'execution_date' from the template is deprecated and will be removed in a future version. Please use 'data_interval_start' or 'logical_date' instead.
  warnings.warn(_create_deprecation_warning(k, replacements))

[2024-07-07T21:20:41.025+0000] {base.py:84} INFO - Using connection ID 'chess_project_s3' for task execution.
[2024-07-07T21:20:42.001+0000] {logging_mixin.py:188} INFO - No games for period 2019_10
[2024-07-07T21:20:42.001+0000] {python.py:237} INFO - Done. Returned value was: None
[2024-07-07T21:20:42.002+0000] {taskinstance.py:441} INFO - ::group::Post task execution logs
[2024-07-07T21:20:42.009+0000] {taskinstance.py:1206} INFO - Marking task as SUCCESS. dag_id=chess_etl, task_id=redshift_move_load, run_id=scheduled__2019-10-01T00:00:00+00:00, execution_date=20191001T000000, start_date=20240707T212040, end_date=20240707T212042
[2024-07-07T21:20:42.044+0000] {local_task_job_runner.py:240} INFO - Task exited with return code 0
[2024-07-07T21:20:42.056+0000] {taskinstance.py:3498} INFO - 0 downstream tasks scheduled from follow-on schedule check
[2024-07-07T21:20:42.057+0000] {local_task_job_runner.py:222} INFO - ::endgroup::
