[2024-06-03T17:38:18.319+0000] {local_task_job_runner.py:120} INFO - ::group::Pre task execution logs
[2024-06-03T17:38:18.335+0000] {taskinstance.py:2076} INFO - Dependencies all met for dep_context=non-requeueable deps ti=<TaskInstance: chess_etl.games_etl scheduled__2019-07-01T00:00:00+00:00 [queued]>
[2024-06-03T17:38:18.340+0000] {taskinstance.py:2076} INFO - Dependencies all met for dep_context=requeueable deps ti=<TaskInstance: chess_etl.games_etl scheduled__2019-07-01T00:00:00+00:00 [queued]>
[2024-06-03T17:38:18.341+0000] {taskinstance.py:2306} INFO - Starting attempt 1 of 1
[2024-06-03T17:38:18.351+0000] {taskinstance.py:2330} INFO - Executing <Task(PythonOperator): games_etl> on 2019-07-01 00:00:00+00:00
[2024-06-03T17:38:18.355+0000] {warnings.py:110} WARNING - /home/***/.local/lib/python3.12/site-packages/***/task/task_runner/standard_task_runner.py:61: DeprecationWarning: This process (pid=98) is multi-threaded, use of fork() may lead to deadlocks in the child.
  pid = os.fork()

[2024-06-03T17:38:18.357+0000] {standard_task_runner.py:63} INFO - Started process 102 to run task
[2024-06-03T17:38:18.357+0000] {standard_task_runner.py:90} INFO - Running: ['***', 'tasks', 'run', 'chess_etl', 'games_etl', 'scheduled__2019-07-01T00:00:00+00:00', '--job-id', '18', '--raw', '--subdir', 'DAGS_FOLDER/chess_dag.py', '--cfg-path', '/tmp/tmpdg71124l']
[2024-06-03T17:38:18.358+0000] {standard_task_runner.py:91} INFO - Job 18: Subtask games_etl
[2024-06-03T17:38:18.391+0000] {task_command.py:426} INFO - Running <TaskInstance: chess_etl.games_etl scheduled__2019-07-01T00:00:00+00:00 [running]> on host a5a4421409ea
[2024-06-03T17:38:18.454+0000] {taskinstance.py:2648} INFO - Exporting env vars: AIRFLOW_CTX_DAG_OWNER='***' AIRFLOW_CTX_DAG_ID='chess_etl' AIRFLOW_CTX_TASK_ID='games_etl' AIRFLOW_CTX_EXECUTION_DATE='2019-07-01T00:00:00+00:00' AIRFLOW_CTX_TRY_NUMBER='1' AIRFLOW_CTX_DAG_RUN_ID='scheduled__2019-07-01T00:00:00+00:00'
[2024-06-03T17:38:18.455+0000] {taskinstance.py:430} INFO - ::endgroup::
[2024-06-03T17:38:18.456+0000] {warnings.py:110} WARNING - /home/***/.local/lib/python3.12/site-packages/***/utils/context.py:320: AirflowContextDeprecationWarning: Accessing 'execution_date' from the template is deprecated and will be removed in a future version. Please use 'data_interval_start' or 'logical_date' instead.
  warnings.warn(_create_deprecation_warning(k, replacements))

[2024-06-03T17:38:18.733+0000] {python.py:237} INFO - Done. Returned value was: None
[2024-06-03T17:38:18.734+0000] {taskinstance.py:441} INFO - ::group::Post task execution logs
[2024-06-03T17:38:18.740+0000] {taskinstance.py:1206} INFO - Marking task as SUCCESS. dag_id=chess_etl, task_id=games_etl, run_id=scheduled__2019-07-01T00:00:00+00:00, execution_date=20190701T000000, start_date=20240603T173818, end_date=20240603T173818
[2024-06-03T17:38:18.771+0000] {local_task_job_runner.py:240} INFO - Task exited with return code 0
[2024-06-03T17:38:18.787+0000] {taskinstance.py:3498} INFO - 1 downstream tasks scheduled from follow-on schedule check
[2024-06-03T17:38:18.789+0000] {local_task_job_runner.py:222} INFO - ::endgroup::
[2024-06-03T17:44:49.746+0000] {local_task_job_runner.py:120} INFO - ::group::Pre task execution logs
[2024-06-03T17:44:49.762+0000] {taskinstance.py:2076} INFO - Dependencies all met for dep_context=non-requeueable deps ti=<TaskInstance: chess_etl.games_etl scheduled__2019-07-01T00:00:00+00:00 [queued]>
[2024-06-03T17:44:49.769+0000] {taskinstance.py:2076} INFO - Dependencies all met for dep_context=requeueable deps ti=<TaskInstance: chess_etl.games_etl scheduled__2019-07-01T00:00:00+00:00 [queued]>
[2024-06-03T17:44:49.769+0000] {taskinstance.py:2306} INFO - Starting attempt 1 of 1
[2024-06-03T17:44:49.781+0000] {taskinstance.py:2330} INFO - Executing <Task(PythonOperator): games_etl> on 2019-07-01 00:00:00+00:00
[2024-06-03T17:44:49.786+0000] {warnings.py:110} WARNING - /home/***/.local/lib/python3.12/site-packages/***/task/task_runner/standard_task_runner.py:61: DeprecationWarning: This process (pid=132) is multi-threaded, use of fork() may lead to deadlocks in the child.
  pid = os.fork()

[2024-06-03T17:44:49.787+0000] {standard_task_runner.py:63} INFO - Started process 134 to run task
[2024-06-03T17:44:49.788+0000] {standard_task_runner.py:90} INFO - Running: ['***', 'tasks', 'run', 'chess_etl', 'games_etl', 'scheduled__2019-07-01T00:00:00+00:00', '--job-id', '76', '--raw', '--subdir', 'DAGS_FOLDER/chess_dag.py', '--cfg-path', '/tmp/tmp9kkbqlbk']
[2024-06-03T17:44:49.789+0000] {standard_task_runner.py:91} INFO - Job 76: Subtask games_etl
[2024-06-03T17:44:49.827+0000] {task_command.py:426} INFO - Running <TaskInstance: chess_etl.games_etl scheduled__2019-07-01T00:00:00+00:00 [running]> on host f55fff24b127
[2024-06-03T17:44:49.897+0000] {taskinstance.py:2648} INFO - Exporting env vars: AIRFLOW_CTX_DAG_OWNER='***' AIRFLOW_CTX_DAG_ID='chess_etl' AIRFLOW_CTX_TASK_ID='games_etl' AIRFLOW_CTX_EXECUTION_DATE='2019-07-01T00:00:00+00:00' AIRFLOW_CTX_TRY_NUMBER='1' AIRFLOW_CTX_DAG_RUN_ID='scheduled__2019-07-01T00:00:00+00:00'
[2024-06-03T17:44:49.898+0000] {taskinstance.py:430} INFO - ::endgroup::
[2024-06-03T17:44:49.899+0000] {warnings.py:110} WARNING - /home/***/.local/lib/python3.12/site-packages/***/utils/context.py:320: AirflowContextDeprecationWarning: Accessing 'execution_date' from the template is deprecated and will be removed in a future version. Please use 'data_interval_start' or 'logical_date' instead.
  warnings.warn(_create_deprecation_warning(k, replacements))

[2024-06-03T17:44:50.217+0000] {python.py:237} INFO - Done. Returned value was: None
[2024-06-03T17:44:50.218+0000] {taskinstance.py:441} INFO - ::group::Post task execution logs
[2024-06-03T17:44:50.226+0000] {taskinstance.py:1206} INFO - Marking task as SUCCESS. dag_id=chess_etl, task_id=games_etl, run_id=scheduled__2019-07-01T00:00:00+00:00, execution_date=20190701T000000, start_date=20240603T174449, end_date=20240603T174450
[2024-06-03T17:44:50.241+0000] {local_task_job_runner.py:240} INFO - Task exited with return code 0
[2024-06-03T17:44:50.256+0000] {taskinstance.py:3498} INFO - 1 downstream tasks scheduled from follow-on schedule check
[2024-06-03T17:44:50.257+0000] {local_task_job_runner.py:222} INFO - ::endgroup::
[2024-06-08T14:10:17.633+0000] {local_task_job_runner.py:120} INFO - ::group::Pre task execution logs
[2024-06-08T14:10:17.649+0000] {taskinstance.py:2076} INFO - Dependencies all met for dep_context=non-requeueable deps ti=<TaskInstance: chess_etl.games_etl scheduled__2019-07-01T00:00:00+00:00 [queued]>
[2024-06-08T14:10:17.655+0000] {taskinstance.py:2076} INFO - Dependencies all met for dep_context=requeueable deps ti=<TaskInstance: chess_etl.games_etl scheduled__2019-07-01T00:00:00+00:00 [queued]>
[2024-06-08T14:10:17.655+0000] {taskinstance.py:2306} INFO - Starting attempt 1 of 1
[2024-06-08T14:10:17.666+0000] {taskinstance.py:2330} INFO - Executing <Task(PythonOperator): games_etl> on 2019-07-01 00:00:00+00:00
[2024-06-08T14:10:17.670+0000] {warnings.py:110} WARNING - /home/***/.local/lib/python3.12/site-packages/***/task/task_runner/standard_task_runner.py:61: DeprecationWarning: This process (pid=148) is multi-threaded, use of fork() may lead to deadlocks in the child.
  pid = os.fork()

[2024-06-08T14:10:17.671+0000] {standard_task_runner.py:63} INFO - Started process 150 to run task
[2024-06-08T14:10:17.672+0000] {standard_task_runner.py:90} INFO - Running: ['***', 'tasks', 'run', 'chess_etl', 'games_etl', 'scheduled__2019-07-01T00:00:00+00:00', '--job-id', '216', '--raw', '--subdir', 'DAGS_FOLDER/chess_dag.py', '--cfg-path', '/tmp/tmptmh1qanc']
[2024-06-08T14:10:17.672+0000] {standard_task_runner.py:91} INFO - Job 216: Subtask games_etl
[2024-06-08T14:10:17.706+0000] {task_command.py:426} INFO - Running <TaskInstance: chess_etl.games_etl scheduled__2019-07-01T00:00:00+00:00 [running]> on host 3c9d89bfdaf1
[2024-06-08T14:10:17.770+0000] {taskinstance.py:2648} INFO - Exporting env vars: AIRFLOW_CTX_DAG_OWNER='***' AIRFLOW_CTX_DAG_ID='chess_etl' AIRFLOW_CTX_TASK_ID='games_etl' AIRFLOW_CTX_EXECUTION_DATE='2019-07-01T00:00:00+00:00' AIRFLOW_CTX_TRY_NUMBER='1' AIRFLOW_CTX_DAG_RUN_ID='scheduled__2019-07-01T00:00:00+00:00'
[2024-06-08T14:10:17.771+0000] {taskinstance.py:430} INFO - ::endgroup::
[2024-06-08T14:10:17.772+0000] {warnings.py:110} WARNING - /home/***/.local/lib/python3.12/site-packages/***/utils/context.py:320: AirflowContextDeprecationWarning: Accessing 'execution_date' from the template is deprecated and will be removed in a future version. Please use 'data_interval_start' or 'logical_date' instead.
  warnings.warn(_create_deprecation_warning(k, replacements))

[2024-06-08T14:10:18.042+0000] {python.py:237} INFO - Done. Returned value was: None
[2024-06-08T14:10:18.043+0000] {taskinstance.py:441} INFO - ::group::Post task execution logs
[2024-06-08T14:10:18.049+0000] {taskinstance.py:1206} INFO - Marking task as SUCCESS. dag_id=chess_etl, task_id=games_etl, run_id=scheduled__2019-07-01T00:00:00+00:00, execution_date=20190701T000000, start_date=20240608T141017, end_date=20240608T141018
[2024-06-08T14:10:18.085+0000] {local_task_job_runner.py:240} INFO - Task exited with return code 0
[2024-06-08T14:10:18.098+0000] {taskinstance.py:3498} INFO - 1 downstream tasks scheduled from follow-on schedule check
[2024-06-08T14:10:18.099+0000] {local_task_job_runner.py:222} INFO - ::endgroup::
[2024-06-08T14:51:44.398+0000] {local_task_job_runner.py:120} INFO - ::group::Pre task execution logs
[2024-06-08T14:51:44.412+0000] {taskinstance.py:2076} INFO - Dependencies all met for dep_context=non-requeueable deps ti=<TaskInstance: chess_etl.games_etl scheduled__2019-07-01T00:00:00+00:00 [queued]>
[2024-06-08T14:51:44.417+0000] {taskinstance.py:2076} INFO - Dependencies all met for dep_context=requeueable deps ti=<TaskInstance: chess_etl.games_etl scheduled__2019-07-01T00:00:00+00:00 [queued]>
[2024-06-08T14:51:44.417+0000] {taskinstance.py:2306} INFO - Starting attempt 1 of 1
[2024-06-08T14:51:44.427+0000] {taskinstance.py:2330} INFO - Executing <Task(PythonOperator): games_etl> on 2019-07-01 00:00:00+00:00
[2024-06-08T14:51:44.432+0000] {warnings.py:110} WARNING - /home/***/.local/lib/python3.12/site-packages/***/task/task_runner/standard_task_runner.py:61: DeprecationWarning: This process (pid=258) is multi-threaded, use of fork() may lead to deadlocks in the child.
  pid = os.fork()

[2024-06-08T14:51:44.433+0000] {standard_task_runner.py:63} INFO - Started process 260 to run task
[2024-06-08T14:51:44.433+0000] {standard_task_runner.py:90} INFO - Running: ['***', 'tasks', 'run', 'chess_etl', 'games_etl', 'scheduled__2019-07-01T00:00:00+00:00', '--job-id', '252', '--raw', '--subdir', 'DAGS_FOLDER/chess_dag.py', '--cfg-path', '/tmp/tmp9hg2b_by']
[2024-06-08T14:51:44.434+0000] {standard_task_runner.py:91} INFO - Job 252: Subtask games_etl
[2024-06-08T14:51:44.468+0000] {task_command.py:426} INFO - Running <TaskInstance: chess_etl.games_etl scheduled__2019-07-01T00:00:00+00:00 [running]> on host bf0ade909435
[2024-06-08T14:51:44.528+0000] {taskinstance.py:2648} INFO - Exporting env vars: AIRFLOW_CTX_DAG_OWNER='***' AIRFLOW_CTX_DAG_ID='chess_etl' AIRFLOW_CTX_TASK_ID='games_etl' AIRFLOW_CTX_EXECUTION_DATE='2019-07-01T00:00:00+00:00' AIRFLOW_CTX_TRY_NUMBER='1' AIRFLOW_CTX_DAG_RUN_ID='scheduled__2019-07-01T00:00:00+00:00'
[2024-06-08T14:51:44.530+0000] {taskinstance.py:430} INFO - ::endgroup::
[2024-06-08T14:51:44.531+0000] {warnings.py:110} WARNING - /home/***/.local/lib/python3.12/site-packages/***/utils/context.py:320: AirflowContextDeprecationWarning: Accessing 'execution_date' from the template is deprecated and will be removed in a future version. Please use 'data_interval_start' or 'logical_date' instead.
  warnings.warn(_create_deprecation_warning(k, replacements))

[2024-06-08T14:51:44.985+0000] {python.py:237} INFO - Done. Returned value was: None
[2024-06-08T14:51:44.986+0000] {taskinstance.py:441} INFO - ::group::Post task execution logs
[2024-06-08T14:51:44.992+0000] {taskinstance.py:1206} INFO - Marking task as SUCCESS. dag_id=chess_etl, task_id=games_etl, run_id=scheduled__2019-07-01T00:00:00+00:00, execution_date=20190701T000000, start_date=20240608T145144, end_date=20240608T145144
[2024-06-08T14:51:45.008+0000] {local_task_job_runner.py:240} INFO - Task exited with return code 0
[2024-06-08T14:51:45.022+0000] {taskinstance.py:3498} INFO - 1 downstream tasks scheduled from follow-on schedule check
[2024-06-08T14:51:45.024+0000] {local_task_job_runner.py:222} INFO - ::endgroup::
[2024-07-07T21:20:13.612+0000] {local_task_job_runner.py:120} INFO - ::group::Pre task execution logs
[2024-07-07T21:20:13.627+0000] {taskinstance.py:2076} INFO - Dependencies all met for dep_context=non-requeueable deps ti=<TaskInstance: chess_etl.games_etl scheduled__2019-07-01T00:00:00+00:00 [queued]>
[2024-07-07T21:20:13.632+0000] {taskinstance.py:2076} INFO - Dependencies all met for dep_context=requeueable deps ti=<TaskInstance: chess_etl.games_etl scheduled__2019-07-01T00:00:00+00:00 [queued]>
[2024-07-07T21:20:13.633+0000] {taskinstance.py:2306} INFO - Starting attempt 1 of 1
[2024-07-07T21:20:13.641+0000] {taskinstance.py:2330} INFO - Executing <Task(PythonOperator): games_etl> on 2019-07-01 00:00:00+00:00
[2024-07-07T21:20:13.646+0000] {warnings.py:110} WARNING - /home/***/.local/lib/python3.12/site-packages/***/task/task_runner/standard_task_runner.py:61: DeprecationWarning: This process (pid=1276) is multi-threaded, use of fork() may lead to deadlocks in the child.
  pid = os.fork()

[2024-07-07T21:20:13.648+0000] {standard_task_runner.py:63} INFO - Started process 1280 to run task
[2024-07-07T21:20:13.648+0000] {standard_task_runner.py:90} INFO - Running: ['***', 'tasks', 'run', 'chess_etl', 'games_etl', 'scheduled__2019-07-01T00:00:00+00:00', '--job-id', '579', '--raw', '--subdir', 'DAGS_FOLDER/chess_dag.py', '--cfg-path', '/tmp/tmp0b7u5l5t']
[2024-07-07T21:20:13.649+0000] {standard_task_runner.py:91} INFO - Job 579: Subtask games_etl
[2024-07-07T21:20:13.680+0000] {task_command.py:426} INFO - Running <TaskInstance: chess_etl.games_etl scheduled__2019-07-01T00:00:00+00:00 [running]> on host 6569f5155f0c
[2024-07-07T21:20:13.743+0000] {taskinstance.py:2648} INFO - Exporting env vars: AIRFLOW_CTX_DAG_OWNER='***' AIRFLOW_CTX_DAG_ID='chess_etl' AIRFLOW_CTX_TASK_ID='games_etl' AIRFLOW_CTX_EXECUTION_DATE='2019-07-01T00:00:00+00:00' AIRFLOW_CTX_TRY_NUMBER='1' AIRFLOW_CTX_DAG_RUN_ID='scheduled__2019-07-01T00:00:00+00:00'
[2024-07-07T21:20:13.744+0000] {taskinstance.py:430} INFO - ::endgroup::
[2024-07-07T21:20:13.745+0000] {warnings.py:110} WARNING - /home/***/.local/lib/python3.12/site-packages/***/utils/context.py:320: AirflowContextDeprecationWarning: Accessing 'execution_date' from the template is deprecated and will be removed in a future version. Please use 'data_interval_start' or 'logical_date' instead.
  warnings.warn(_create_deprecation_warning(k, replacements))

[2024-07-07T21:20:13.982+0000] {python.py:237} INFO - Done. Returned value was: None
[2024-07-07T21:20:13.983+0000] {taskinstance.py:441} INFO - ::group::Post task execution logs
[2024-07-07T21:20:13.989+0000] {taskinstance.py:1206} INFO - Marking task as SUCCESS. dag_id=chess_etl, task_id=games_etl, run_id=scheduled__2019-07-01T00:00:00+00:00, execution_date=20190701T000000, start_date=20240707T212013, end_date=20240707T212013
[2024-07-07T21:20:14.021+0000] {local_task_job_runner.py:240} INFO - Task exited with return code 0
[2024-07-07T21:20:14.042+0000] {taskinstance.py:3498} INFO - 1 downstream tasks scheduled from follow-on schedule check
[2024-07-07T21:20:14.043+0000] {local_task_job_runner.py:222} INFO - ::endgroup::
