[2024-07-07T18:10:17.523+0000] {local_task_job_runner.py:120} INFO - ::group::Pre task execution logs
[2024-07-07T18:10:17.538+0000] {taskinstance.py:2076} INFO - Dependencies all met for dep_context=non-requeueable deps ti=<TaskInstance: chess_etl.redshift_game_load scheduled__2019-06-01T00:00:00+00:00 [queued]>
[2024-07-07T18:10:17.545+0000] {taskinstance.py:2076} INFO - Dependencies all met for dep_context=requeueable deps ti=<TaskInstance: chess_etl.redshift_game_load scheduled__2019-06-01T00:00:00+00:00 [queued]>
[2024-07-07T18:10:17.545+0000] {taskinstance.py:2306} INFO - Starting attempt 1 of 1
[2024-07-07T18:10:17.558+0000] {taskinstance.py:2330} INFO - Executing <Task(PythonOperator): redshift_game_load> on 2019-06-01 00:00:00+00:00
[2024-07-07T18:10:17.562+0000] {warnings.py:110} WARNING - /home/***/.local/lib/python3.12/site-packages/***/task/task_runner/standard_task_runner.py:61: DeprecationWarning: This process (pid=915) is multi-threaded, use of fork() may lead to deadlocks in the child.
  pid = os.fork()

[2024-07-07T18:10:17.564+0000] {standard_task_runner.py:63} INFO - Started process 919 to run task
[2024-07-07T18:10:17.564+0000] {standard_task_runner.py:90} INFO - Running: ['***', 'tasks', 'run', 'chess_etl', 'redshift_game_load', 'scheduled__2019-06-01T00:00:00+00:00', '--job-id', '403', '--pool', 'default_pool', '--raw', '--subdir', 'DAGS_FOLDER/chess_dag.py', '--cfg-path', '/tmp/tmpyji9jppf']
[2024-07-07T18:10:17.565+0000] {standard_task_runner.py:91} INFO - Job 403: Subtask redshift_game_load
[2024-07-07T18:10:17.596+0000] {task_command.py:426} INFO - Running <TaskInstance: chess_etl.redshift_game_load scheduled__2019-06-01T00:00:00+00:00 [running]> on host cb919e35e0e9
[2024-07-07T18:10:17.658+0000] {taskinstance.py:2648} INFO - Exporting env vars: AIRFLOW_CTX_DAG_OWNER='***' AIRFLOW_CTX_DAG_ID='chess_etl' AIRFLOW_CTX_TASK_ID='redshift_game_load' AIRFLOW_CTX_EXECUTION_DATE='2019-06-01T00:00:00+00:00' AIRFLOW_CTX_TRY_NUMBER='1' AIRFLOW_CTX_DAG_RUN_ID='scheduled__2019-06-01T00:00:00+00:00'
[2024-07-07T18:10:17.658+0000] {taskinstance.py:430} INFO - ::endgroup::
[2024-07-07T18:10:17.659+0000] {warnings.py:110} WARNING - /home/***/.local/lib/python3.12/site-packages/***/utils/context.py:320: AirflowContextDeprecationWarning: Accessing 'execution_date' from the template is deprecated and will be removed in a future version. Please use 'data_interval_start' or 'logical_date' instead.
  warnings.warn(_create_deprecation_warning(k, replacements))

[2024-07-07T18:10:17.667+0000] {base.py:84} INFO - Using connection ID 'chess_project_s3' for task execution.
[2024-07-07T18:10:18.620+0000] {logging_mixin.py:188} INFO - No games for period 2019_06
[2024-07-07T18:10:18.620+0000] {python.py:237} INFO - Done. Returned value was: None
[2024-07-07T18:10:18.621+0000] {taskinstance.py:441} INFO - ::group::Post task execution logs
[2024-07-07T18:10:18.627+0000] {taskinstance.py:1206} INFO - Marking task as SUCCESS. dag_id=chess_etl, task_id=redshift_game_load, run_id=scheduled__2019-06-01T00:00:00+00:00, execution_date=20190601T000000, start_date=20240707T181017, end_date=20240707T181018
[2024-07-07T18:10:18.659+0000] {local_task_job_runner.py:240} INFO - Task exited with return code 0
[2024-07-07T18:10:18.675+0000] {taskinstance.py:3498} INFO - 1 downstream tasks scheduled from follow-on schedule check
[2024-07-07T18:10:18.677+0000] {local_task_job_runner.py:222} INFO - ::endgroup::
[2024-07-07T21:20:18.211+0000] {local_task_job_runner.py:120} INFO - ::group::Pre task execution logs
[2024-07-07T21:20:18.225+0000] {taskinstance.py:2076} INFO - Dependencies all met for dep_context=non-requeueable deps ti=<TaskInstance: chess_etl.redshift_game_load scheduled__2019-06-01T00:00:00+00:00 [queued]>
[2024-07-07T21:20:18.231+0000] {taskinstance.py:2076} INFO - Dependencies all met for dep_context=requeueable deps ti=<TaskInstance: chess_etl.redshift_game_load scheduled__2019-06-01T00:00:00+00:00 [queued]>
[2024-07-07T21:20:18.231+0000] {taskinstance.py:2306} INFO - Starting attempt 1 of 1
[2024-07-07T21:20:18.241+0000] {taskinstance.py:2330} INFO - Executing <Task(PythonOperator): redshift_game_load> on 2019-06-01 00:00:00+00:00
[2024-07-07T21:20:18.247+0000] {warnings.py:110} WARNING - /home/***/.local/lib/python3.12/site-packages/***/task/task_runner/standard_task_runner.py:61: DeprecationWarning: This process (pid=1291) is multi-threaded, use of fork() may lead to deadlocks in the child.
  pid = os.fork()

[2024-07-07T21:20:18.248+0000] {standard_task_runner.py:63} INFO - Started process 1296 to run task
[2024-07-07T21:20:18.249+0000] {standard_task_runner.py:90} INFO - Running: ['***', 'tasks', 'run', 'chess_etl', 'redshift_game_load', 'scheduled__2019-06-01T00:00:00+00:00', '--job-id', '583', '--raw', '--subdir', 'DAGS_FOLDER/chess_dag.py', '--cfg-path', '/tmp/tmp1kyn59u1']
[2024-07-07T21:20:18.249+0000] {standard_task_runner.py:91} INFO - Job 583: Subtask redshift_game_load
[2024-07-07T21:20:18.286+0000] {task_command.py:426} INFO - Running <TaskInstance: chess_etl.redshift_game_load scheduled__2019-06-01T00:00:00+00:00 [running]> on host 6569f5155f0c
[2024-07-07T21:20:18.351+0000] {taskinstance.py:2648} INFO - Exporting env vars: AIRFLOW_CTX_DAG_OWNER='***' AIRFLOW_CTX_DAG_ID='chess_etl' AIRFLOW_CTX_TASK_ID='redshift_game_load' AIRFLOW_CTX_EXECUTION_DATE='2019-06-01T00:00:00+00:00' AIRFLOW_CTX_TRY_NUMBER='1' AIRFLOW_CTX_DAG_RUN_ID='scheduled__2019-06-01T00:00:00+00:00'
[2024-07-07T21:20:18.353+0000] {taskinstance.py:430} INFO - ::endgroup::
[2024-07-07T21:20:18.353+0000] {warnings.py:110} WARNING - /home/***/.local/lib/python3.12/site-packages/***/utils/context.py:320: AirflowContextDeprecationWarning: Accessing 'execution_date' from the template is deprecated and will be removed in a future version. Please use 'data_interval_start' or 'logical_date' instead.
  warnings.warn(_create_deprecation_warning(k, replacements))

[2024-07-07T21:20:18.361+0000] {base.py:84} INFO - Using connection ID 'chess_project_s3' for task execution.
[2024-07-07T21:20:19.197+0000] {logging_mixin.py:188} INFO - No games for period 2019_06
[2024-07-07T21:20:19.197+0000] {python.py:237} INFO - Done. Returned value was: None
[2024-07-07T21:20:19.197+0000] {taskinstance.py:441} INFO - ::group::Post task execution logs
[2024-07-07T21:20:19.203+0000] {taskinstance.py:1206} INFO - Marking task as SUCCESS. dag_id=chess_etl, task_id=redshift_game_load, run_id=scheduled__2019-06-01T00:00:00+00:00, execution_date=20190601T000000, start_date=20240707T212018, end_date=20240707T212019
[2024-07-07T21:20:19.224+0000] {local_task_job_runner.py:240} INFO - Task exited with return code 0
[2024-07-07T21:20:19.240+0000] {taskinstance.py:3498} INFO - 1 downstream tasks scheduled from follow-on schedule check
[2024-07-07T21:20:19.241+0000] {local_task_job_runner.py:222} INFO - ::endgroup::
