[2024-06-04T01:30:59.057+0000] {local_task_job_runner.py:120} INFO - ::group::Pre task execution logs
[2024-06-04T01:30:59.071+0000] {taskinstance.py:2076} INFO - Dependencies all met for dep_context=non-requeueable deps ti=<TaskInstance: chess_etl.games_etl scheduled__2023-08-01T00:00:00+00:00 [queued]>
[2024-06-04T01:30:59.077+0000] {taskinstance.py:2076} INFO - Dependencies all met for dep_context=requeueable deps ti=<TaskInstance: chess_etl.games_etl scheduled__2023-08-01T00:00:00+00:00 [queued]>
[2024-06-04T01:30:59.078+0000] {taskinstance.py:2306} INFO - Starting attempt 1 of 1
[2024-06-04T01:30:59.086+0000] {taskinstance.py:2330} INFO - Executing <Task(PythonOperator): games_etl> on 2023-08-01 00:00:00+00:00
[2024-06-04T01:30:59.094+0000] {warnings.py:110} WARNING - /home/***/.local/lib/python3.12/site-packages/***/task/task_runner/standard_task_runner.py:61: DeprecationWarning: This process (pid=51538) is multi-threaded, use of fork() may lead to deadlocks in the child.
  pid = os.fork()

[2024-06-04T01:30:59.096+0000] {standard_task_runner.py:63} INFO - Started process 51540 to run task
[2024-06-04T01:30:59.096+0000] {standard_task_runner.py:90} INFO - Running: ['***', 'tasks', 'run', 'chess_etl', 'games_etl', 'scheduled__2023-08-01T00:00:00+00:00', '--job-id', '174', '--raw', '--subdir', 'DAGS_FOLDER/chess_dag.py', '--cfg-path', '/tmp/tmpwduli6dr']
[2024-06-04T01:30:59.097+0000] {standard_task_runner.py:91} INFO - Job 174: Subtask games_etl
[2024-06-04T01:30:59.134+0000] {task_command.py:426} INFO - Running <TaskInstance: chess_etl.games_etl scheduled__2023-08-01T00:00:00+00:00 [running]> on host f55fff24b127
[2024-06-04T01:30:59.203+0000] {taskinstance.py:2648} INFO - Exporting env vars: AIRFLOW_CTX_DAG_OWNER='***' AIRFLOW_CTX_DAG_ID='chess_etl' AIRFLOW_CTX_TASK_ID='games_etl' AIRFLOW_CTX_EXECUTION_DATE='2023-08-01T00:00:00+00:00' AIRFLOW_CTX_TRY_NUMBER='1' AIRFLOW_CTX_DAG_RUN_ID='scheduled__2023-08-01T00:00:00+00:00'
[2024-06-04T01:30:59.204+0000] {taskinstance.py:430} INFO - ::endgroup::
[2024-06-04T01:30:59.205+0000] {warnings.py:110} WARNING - /home/***/.local/lib/python3.12/site-packages/***/utils/context.py:320: AirflowContextDeprecationWarning: Accessing 'execution_date' from the template is deprecated and will be removed in a future version. Please use 'data_interval_start' or 'logical_date' instead.
  warnings.warn(_create_deprecation_warning(k, replacements))

[2024-06-04T01:31:00.044+0000] {base.py:84} INFO - Using connection ID 'chess_project_s3' for task execution.
[2024-06-04T01:31:00.791+0000] {python.py:237} INFO - Done. Returned value was: None
[2024-06-04T01:31:00.792+0000] {taskinstance.py:441} INFO - ::group::Post task execution logs
[2024-06-04T01:31:00.800+0000] {taskinstance.py:1206} INFO - Marking task as SUCCESS. dag_id=chess_etl, task_id=games_etl, run_id=scheduled__2023-08-01T00:00:00+00:00, execution_date=20230801T000000, start_date=20240604T013059, end_date=20240604T013100
[2024-06-04T01:31:00.835+0000] {local_task_job_runner.py:240} INFO - Task exited with return code 0
[2024-06-04T01:31:00.858+0000] {taskinstance.py:3498} INFO - 1 downstream tasks scheduled from follow-on schedule check
[2024-06-04T01:31:00.860+0000] {local_task_job_runner.py:222} INFO - ::endgroup::
[2024-06-08T23:23:31.006+0000] {local_task_job_runner.py:120} INFO - ::group::Pre task execution logs
[2024-06-08T23:23:31.025+0000] {taskinstance.py:2076} INFO - Dependencies all met for dep_context=non-requeueable deps ti=<TaskInstance: chess_etl.games_etl scheduled__2023-08-01T00:00:00+00:00 [queued]>
[2024-06-08T23:23:31.033+0000] {taskinstance.py:2076} INFO - Dependencies all met for dep_context=requeueable deps ti=<TaskInstance: chess_etl.games_etl scheduled__2023-08-01T00:00:00+00:00 [queued]>
[2024-06-08T23:23:31.034+0000] {taskinstance.py:2306} INFO - Starting attempt 1 of 1
[2024-06-08T23:23:31.048+0000] {taskinstance.py:2330} INFO - Executing <Task(PythonOperator): games_etl> on 2023-08-01 00:00:00+00:00
[2024-06-08T23:23:31.057+0000] {warnings.py:110} WARNING - /home/***/.local/lib/python3.12/site-packages/***/task/task_runner/standard_task_runner.py:61: DeprecationWarning: This process (pid=52235) is multi-threaded, use of fork() may lead to deadlocks in the child.
  pid = os.fork()

[2024-06-08T23:23:31.058+0000] {standard_task_runner.py:63} INFO - Started process 52237 to run task
[2024-06-08T23:23:31.058+0000] {standard_task_runner.py:90} INFO - Running: ['***', 'tasks', 'run', 'chess_etl', 'games_etl', 'scheduled__2023-08-01T00:00:00+00:00', '--job-id', '350', '--raw', '--subdir', 'DAGS_FOLDER/chess_dag.py', '--cfg-path', '/tmp/tmpjpz4_jdv']
[2024-06-08T23:23:31.059+0000] {standard_task_runner.py:91} INFO - Job 350: Subtask games_etl
[2024-06-08T23:23:31.102+0000] {task_command.py:426} INFO - Running <TaskInstance: chess_etl.games_etl scheduled__2023-08-01T00:00:00+00:00 [running]> on host bf0ade909435
[2024-06-08T23:23:31.180+0000] {taskinstance.py:2648} INFO - Exporting env vars: AIRFLOW_CTX_DAG_OWNER='***' AIRFLOW_CTX_DAG_ID='chess_etl' AIRFLOW_CTX_TASK_ID='games_etl' AIRFLOW_CTX_EXECUTION_DATE='2023-08-01T00:00:00+00:00' AIRFLOW_CTX_TRY_NUMBER='1' AIRFLOW_CTX_DAG_RUN_ID='scheduled__2023-08-01T00:00:00+00:00'
[2024-06-08T23:23:31.182+0000] {taskinstance.py:430} INFO - ::endgroup::
[2024-06-08T23:23:31.183+0000] {warnings.py:110} WARNING - /home/***/.local/lib/python3.12/site-packages/***/utils/context.py:320: AirflowContextDeprecationWarning: Accessing 'execution_date' from the template is deprecated and will be removed in a future version. Please use 'data_interval_start' or 'logical_date' instead.
  warnings.warn(_create_deprecation_warning(k, replacements))

[2024-06-08T23:23:32.013+0000] {base.py:84} INFO - Using connection ID 'chess_project_s3' for task execution.
[2024-06-08T23:23:32.735+0000] {python.py:237} INFO - Done. Returned value was: None
[2024-06-08T23:23:32.735+0000] {taskinstance.py:441} INFO - ::group::Post task execution logs
[2024-06-08T23:23:32.742+0000] {taskinstance.py:1206} INFO - Marking task as SUCCESS. dag_id=chess_etl, task_id=games_etl, run_id=scheduled__2023-08-01T00:00:00+00:00, execution_date=20230801T000000, start_date=20240608T232331, end_date=20240608T232332
[2024-06-08T23:23:32.796+0000] {local_task_job_runner.py:240} INFO - Task exited with return code 0
[2024-06-08T23:23:32.812+0000] {taskinstance.py:3498} INFO - 1 downstream tasks scheduled from follow-on schedule check
[2024-06-08T23:23:32.815+0000] {local_task_job_runner.py:222} INFO - ::endgroup::
[2024-07-08T04:51:30.919+0000] {local_task_job_runner.py:120} INFO - ::group::Pre task execution logs
[2024-07-08T04:51:30.933+0000] {taskinstance.py:2076} INFO - Dependencies all met for dep_context=non-requeueable deps ti=<TaskInstance: chess_etl.games_etl scheduled__2023-08-01T00:00:00+00:00 [queued]>
[2024-07-08T04:51:30.938+0000] {taskinstance.py:2076} INFO - Dependencies all met for dep_context=requeueable deps ti=<TaskInstance: chess_etl.games_etl scheduled__2023-08-01T00:00:00+00:00 [queued]>
[2024-07-08T04:51:30.939+0000] {taskinstance.py:2306} INFO - Starting attempt 1 of 1
[2024-07-08T04:51:30.947+0000] {taskinstance.py:2330} INFO - Executing <Task(PythonOperator): games_etl> on 2023-08-01 00:00:00+00:00
[2024-07-08T04:51:30.954+0000] {warnings.py:110} WARNING - /home/***/.local/lib/python3.12/site-packages/***/task/task_runner/standard_task_runner.py:61: DeprecationWarning: This process (pid=52978) is multi-threaded, use of fork() may lead to deadlocks in the child.
  pid = os.fork()

[2024-07-08T04:51:30.955+0000] {standard_task_runner.py:63} INFO - Started process 52980 to run task
[2024-07-08T04:51:30.955+0000] {standard_task_runner.py:90} INFO - Running: ['***', 'tasks', 'run', 'chess_etl', 'games_etl', 'scheduled__2023-08-01T00:00:00+00:00', '--job-id', '776', '--raw', '--subdir', 'DAGS_FOLDER/chess_dag.py', '--cfg-path', '/tmp/tmpgqejh61a']
[2024-07-08T04:51:30.956+0000] {standard_task_runner.py:91} INFO - Job 776: Subtask games_etl
[2024-07-08T04:51:30.989+0000] {task_command.py:426} INFO - Running <TaskInstance: chess_etl.games_etl scheduled__2023-08-01T00:00:00+00:00 [running]> on host 6569f5155f0c
[2024-07-08T04:51:31.052+0000] {taskinstance.py:2648} INFO - Exporting env vars: AIRFLOW_CTX_DAG_OWNER='***' AIRFLOW_CTX_DAG_ID='chess_etl' AIRFLOW_CTX_TASK_ID='games_etl' AIRFLOW_CTX_EXECUTION_DATE='2023-08-01T00:00:00+00:00' AIRFLOW_CTX_TRY_NUMBER='1' AIRFLOW_CTX_DAG_RUN_ID='scheduled__2023-08-01T00:00:00+00:00'
[2024-07-08T04:51:31.053+0000] {taskinstance.py:430} INFO - ::endgroup::
[2024-07-08T04:51:31.054+0000] {warnings.py:110} WARNING - /home/***/.local/lib/python3.12/site-packages/***/utils/context.py:320: AirflowContextDeprecationWarning: Accessing 'execution_date' from the template is deprecated and will be removed in a future version. Please use 'data_interval_start' or 'logical_date' instead.
  warnings.warn(_create_deprecation_warning(k, replacements))

[2024-07-08T04:51:31.786+0000] {base.py:84} INFO - Using connection ID 'chess_project_s3' for task execution.
[2024-07-08T04:51:32.600+0000] {python.py:237} INFO - Done. Returned value was: None
[2024-07-08T04:51:32.601+0000] {taskinstance.py:441} INFO - ::group::Post task execution logs
[2024-07-08T04:51:32.607+0000] {taskinstance.py:1206} INFO - Marking task as SUCCESS. dag_id=chess_etl, task_id=games_etl, run_id=scheduled__2023-08-01T00:00:00+00:00, execution_date=20230801T000000, start_date=20240708T045130, end_date=20240708T045132
[2024-07-08T04:51:32.652+0000] {local_task_job_runner.py:240} INFO - Task exited with return code 0
[2024-07-08T04:51:32.675+0000] {taskinstance.py:3498} INFO - 1 downstream tasks scheduled from follow-on schedule check
[2024-07-08T04:51:32.676+0000] {local_task_job_runner.py:222} INFO - ::endgroup::
