[2024-06-03T22:27:39.316+0000] {local_task_job_runner.py:120} INFO - ::group::Pre task execution logs
[2024-06-03T22:27:39.331+0000] {taskinstance.py:2076} INFO - Dependencies all met for dep_context=non-requeueable deps ti=<TaskInstance: chess_etl.blunders_etl scheduled__2022-01-01T00:00:00+00:00 [queued]>
[2024-06-03T22:27:39.337+0000] {taskinstance.py:2076} INFO - Dependencies all met for dep_context=requeueable deps ti=<TaskInstance: chess_etl.blunders_etl scheduled__2022-01-01T00:00:00+00:00 [queued]>
[2024-06-03T22:27:39.338+0000] {taskinstance.py:2306} INFO - Starting attempt 1 of 1
[2024-06-03T22:27:39.348+0000] {taskinstance.py:2330} INFO - Executing <Task(PythonOperator): blunders_etl> on 2022-01-01 00:00:00+00:00
[2024-06-03T22:27:39.355+0000] {warnings.py:110} WARNING - /home/***/.local/lib/python3.12/site-packages/***/task/task_runner/standard_task_runner.py:61: DeprecationWarning: This process (pid=30652) is multi-threaded, use of fork() may lead to deadlocks in the child.
  pid = os.fork()

[2024-06-03T22:27:39.356+0000] {standard_task_runner.py:63} INFO - Started process 30654 to run task
[2024-06-03T22:27:39.356+0000] {standard_task_runner.py:90} INFO - Running: ['***', 'tasks', 'run', 'chess_etl', 'blunders_etl', 'scheduled__2022-01-01T00:00:00+00:00', '--job-id', '137', '--raw', '--subdir', 'DAGS_FOLDER/chess_dag.py', '--cfg-path', '/tmp/tmpatob34zp']
[2024-06-03T22:27:39.357+0000] {standard_task_runner.py:91} INFO - Job 137: Subtask blunders_etl
[2024-06-03T22:27:39.390+0000] {task_command.py:426} INFO - Running <TaskInstance: chess_etl.blunders_etl scheduled__2022-01-01T00:00:00+00:00 [running]> on host f55fff24b127
[2024-06-03T22:27:39.454+0000] {taskinstance.py:2648} INFO - Exporting env vars: AIRFLOW_CTX_DAG_OWNER='***' AIRFLOW_CTX_DAG_ID='chess_etl' AIRFLOW_CTX_TASK_ID='blunders_etl' AIRFLOW_CTX_EXECUTION_DATE='2022-01-01T00:00:00+00:00' AIRFLOW_CTX_TRY_NUMBER='1' AIRFLOW_CTX_DAG_RUN_ID='scheduled__2022-01-01T00:00:00+00:00'
[2024-06-03T22:27:39.455+0000] {taskinstance.py:430} INFO - ::endgroup::
[2024-06-03T22:27:39.456+0000] {warnings.py:110} WARNING - /home/***/.local/lib/python3.12/site-packages/***/utils/context.py:320: AirflowContextDeprecationWarning: Accessing 'execution_date' from the template is deprecated and will be removed in a future version. Please use 'data_interval_start' or 'logical_date' instead.
  warnings.warn(_create_deprecation_warning(k, replacements))

[2024-06-03T22:27:39.463+0000] {base.py:84} INFO - Using connection ID 'chess_project_s3' for task execution.
[2024-06-03T22:32:01.845+0000] {python.py:237} INFO - Done. Returned value was: None
[2024-06-03T22:32:01.846+0000] {taskinstance.py:441} INFO - ::group::Post task execution logs
[2024-06-03T22:32:01.855+0000] {taskinstance.py:1206} INFO - Marking task as SUCCESS. dag_id=chess_etl, task_id=blunders_etl, run_id=scheduled__2022-01-01T00:00:00+00:00, execution_date=20220101T000000, start_date=20240603T222739, end_date=20240603T223201
[2024-06-03T22:32:01.882+0000] {local_task_job_runner.py:240} INFO - Task exited with return code 0
[2024-06-03T22:32:01.896+0000] {taskinstance.py:3498} INFO - 0 downstream tasks scheduled from follow-on schedule check
[2024-06-03T22:32:01.897+0000] {local_task_job_runner.py:222} INFO - ::endgroup::
[2024-06-08T19:51:37.986+0000] {local_task_job_runner.py:120} INFO - ::group::Pre task execution logs
[2024-06-08T19:51:38.000+0000] {taskinstance.py:2076} INFO - Dependencies all met for dep_context=non-requeueable deps ti=<TaskInstance: chess_etl.blunders_etl scheduled__2022-01-01T00:00:00+00:00 [queued]>
[2024-06-08T19:51:38.005+0000] {taskinstance.py:2076} INFO - Dependencies all met for dep_context=requeueable deps ti=<TaskInstance: chess_etl.blunders_etl scheduled__2022-01-01T00:00:00+00:00 [queued]>
[2024-06-08T19:51:38.006+0000] {taskinstance.py:2306} INFO - Starting attempt 1 of 1
[2024-06-08T19:51:38.015+0000] {taskinstance.py:2330} INFO - Executing <Task(PythonOperator): blunders_etl> on 2022-01-01 00:00:00+00:00
[2024-06-08T19:51:38.023+0000] {standard_task_runner.py:90} INFO - Running: ['***', 'tasks', 'run', 'chess_etl', 'blunders_etl', 'scheduled__2022-01-01T00:00:00+00:00', '--job-id', '313', '--raw', '--subdir', 'DAGS_FOLDER/chess_dag.py', '--cfg-path', '/tmp/tmpwweceoc1']
[2024-06-08T19:51:38.023+0000] {warnings.py:110} WARNING - /home/***/.local/lib/python3.12/site-packages/***/task/task_runner/standard_task_runner.py:61: DeprecationWarning: This process (pid=30916) is multi-threaded, use of fork() may lead to deadlocks in the child.
  pid = os.fork()

[2024-06-08T19:51:38.024+0000] {standard_task_runner.py:91} INFO - Job 313: Subtask blunders_etl
[2024-06-08T19:51:38.025+0000] {standard_task_runner.py:63} INFO - Started process 30918 to run task
[2024-06-08T19:51:38.058+0000] {task_command.py:426} INFO - Running <TaskInstance: chess_etl.blunders_etl scheduled__2022-01-01T00:00:00+00:00 [running]> on host bf0ade909435
[2024-06-08T19:51:38.122+0000] {taskinstance.py:2648} INFO - Exporting env vars: AIRFLOW_CTX_DAG_OWNER='***' AIRFLOW_CTX_DAG_ID='chess_etl' AIRFLOW_CTX_TASK_ID='blunders_etl' AIRFLOW_CTX_EXECUTION_DATE='2022-01-01T00:00:00+00:00' AIRFLOW_CTX_TRY_NUMBER='1' AIRFLOW_CTX_DAG_RUN_ID='scheduled__2022-01-01T00:00:00+00:00'
[2024-06-08T19:51:38.123+0000] {taskinstance.py:430} INFO - ::endgroup::
[2024-06-08T19:51:38.124+0000] {warnings.py:110} WARNING - /home/***/.local/lib/python3.12/site-packages/***/utils/context.py:320: AirflowContextDeprecationWarning: Accessing 'execution_date' from the template is deprecated and will be removed in a future version. Please use 'data_interval_start' or 'logical_date' instead.
  warnings.warn(_create_deprecation_warning(k, replacements))

[2024-06-08T19:51:38.130+0000] {base.py:84} INFO - Using connection ID 'chess_project_s3' for task execution.
[2024-06-08T19:55:46.919+0000] {python.py:237} INFO - Done. Returned value was: None
[2024-06-08T19:55:46.919+0000] {taskinstance.py:441} INFO - ::group::Post task execution logs
[2024-06-08T19:55:46.926+0000] {taskinstance.py:1206} INFO - Marking task as SUCCESS. dag_id=chess_etl, task_id=blunders_etl, run_id=scheduled__2022-01-01T00:00:00+00:00, execution_date=20220101T000000, start_date=20240608T195138, end_date=20240608T195546
[2024-06-08T19:55:46.959+0000] {local_task_job_runner.py:240} INFO - Task exited with return code 0
[2024-06-08T19:55:46.972+0000] {taskinstance.py:3498} INFO - 0 downstream tasks scheduled from follow-on schedule check
[2024-06-08T19:55:46.973+0000] {local_task_job_runner.py:222} INFO - ::endgroup::
[2024-07-08T01:50:53.659+0000] {local_task_job_runner.py:120} INFO - ::group::Pre task execution logs
[2024-07-08T01:50:53.674+0000] {taskinstance.py:2076} INFO - Dependencies all met for dep_context=non-requeueable deps ti=<TaskInstance: chess_etl.blunders_etl scheduled__2022-01-01T00:00:00+00:00 [queued]>
[2024-07-08T01:50:53.679+0000] {taskinstance.py:2076} INFO - Dependencies all met for dep_context=requeueable deps ti=<TaskInstance: chess_etl.blunders_etl scheduled__2022-01-01T00:00:00+00:00 [queued]>
[2024-07-08T01:50:53.680+0000] {taskinstance.py:2306} INFO - Starting attempt 1 of 1
[2024-07-08T01:50:53.688+0000] {taskinstance.py:2330} INFO - Executing <Task(PythonOperator): blunders_etl> on 2022-01-01 00:00:00+00:00
[2024-07-08T01:50:53.697+0000] {standard_task_runner.py:90} INFO - Running: ['***', 'tasks', 'run', 'chess_etl', 'blunders_etl', 'scheduled__2022-01-01T00:00:00+00:00', '--job-id', '701', '--raw', '--subdir', 'DAGS_FOLDER/chess_dag.py', '--cfg-path', '/tmp/tmpy6bol__l']
[2024-07-08T01:50:53.697+0000] {warnings.py:110} WARNING - /home/***/.local/lib/python3.12/site-packages/***/task/task_runner/standard_task_runner.py:61: DeprecationWarning: This process (pid=31915) is multi-threaded, use of fork() may lead to deadlocks in the child.
  pid = os.fork()

[2024-07-08T01:50:53.698+0000] {standard_task_runner.py:91} INFO - Job 701: Subtask blunders_etl
[2024-07-08T01:50:53.699+0000] {standard_task_runner.py:63} INFO - Started process 31917 to run task
[2024-07-08T01:50:53.736+0000] {task_command.py:426} INFO - Running <TaskInstance: chess_etl.blunders_etl scheduled__2022-01-01T00:00:00+00:00 [running]> on host 6569f5155f0c
[2024-07-08T01:50:53.796+0000] {taskinstance.py:2648} INFO - Exporting env vars: AIRFLOW_CTX_DAG_OWNER='***' AIRFLOW_CTX_DAG_ID='chess_etl' AIRFLOW_CTX_TASK_ID='blunders_etl' AIRFLOW_CTX_EXECUTION_DATE='2022-01-01T00:00:00+00:00' AIRFLOW_CTX_TRY_NUMBER='1' AIRFLOW_CTX_DAG_RUN_ID='scheduled__2022-01-01T00:00:00+00:00'
[2024-07-08T01:50:53.797+0000] {taskinstance.py:430} INFO - ::endgroup::
[2024-07-08T01:50:53.798+0000] {warnings.py:110} WARNING - /home/***/.local/lib/python3.12/site-packages/***/utils/context.py:320: AirflowContextDeprecationWarning: Accessing 'execution_date' from the template is deprecated and will be removed in a future version. Please use 'data_interval_start' or 'logical_date' instead.
  warnings.warn(_create_deprecation_warning(k, replacements))

[2024-07-08T01:50:53.804+0000] {base.py:84} INFO - Using connection ID 'chess_project_s3' for task execution.
[2024-07-08T01:55:04.280+0000] {python.py:237} INFO - Done. Returned value was: None
[2024-07-08T01:55:04.280+0000] {taskinstance.py:441} INFO - ::group::Post task execution logs
[2024-07-08T01:55:04.287+0000] {taskinstance.py:1206} INFO - Marking task as SUCCESS. dag_id=chess_etl, task_id=blunders_etl, run_id=scheduled__2022-01-01T00:00:00+00:00, execution_date=20220101T000000, start_date=20240708T015053, end_date=20240708T015504
[2024-07-08T01:55:04.326+0000] {local_task_job_runner.py:240} INFO - Task exited with return code 0
[2024-07-08T01:55:04.342+0000] {taskinstance.py:3498} INFO - 1 downstream tasks scheduled from follow-on schedule check
[2024-07-08T01:55:04.344+0000] {local_task_job_runner.py:222} INFO - ::endgroup::
