[2024-06-04T02:01:14.107+0000] {local_task_job_runner.py:120} INFO - ::group::Pre task execution logs
[2024-06-04T02:01:14.121+0000] {taskinstance.py:2076} INFO - Dependencies all met for dep_context=non-requeueable deps ti=<TaskInstance: chess_etl.games_etl scheduled__2024-02-01T00:00:00+00:00 [queued]>
[2024-06-04T02:01:14.127+0000] {taskinstance.py:2076} INFO - Dependencies all met for dep_context=requeueable deps ti=<TaskInstance: chess_etl.games_etl scheduled__2024-02-01T00:00:00+00:00 [queued]>
[2024-06-04T02:01:14.127+0000] {taskinstance.py:2306} INFO - Starting attempt 1 of 1
[2024-06-04T02:01:14.137+0000] {taskinstance.py:2330} INFO - Executing <Task(PythonOperator): games_etl> on 2024-02-01 00:00:00+00:00
[2024-06-04T02:01:14.144+0000] {warnings.py:110} WARNING - /home/***/.local/lib/python3.12/site-packages/***/task/task_runner/standard_task_runner.py:61: DeprecationWarning: This process (pid=54847) is multi-threaded, use of fork() may lead to deadlocks in the child.
  pid = os.fork()

[2024-06-04T02:01:14.145+0000] {standard_task_runner.py:63} INFO - Started process 54849 to run task
[2024-06-04T02:01:14.145+0000] {standard_task_runner.py:90} INFO - Running: ['***', 'tasks', 'run', 'chess_etl', 'games_etl', 'scheduled__2024-02-01T00:00:00+00:00', '--job-id', '186', '--raw', '--subdir', 'DAGS_FOLDER/chess_dag.py', '--cfg-path', '/tmp/tmpsfkvngts']
[2024-06-04T02:01:14.146+0000] {standard_task_runner.py:91} INFO - Job 186: Subtask games_etl
[2024-06-04T02:01:14.179+0000] {task_command.py:426} INFO - Running <TaskInstance: chess_etl.games_etl scheduled__2024-02-01T00:00:00+00:00 [running]> on host f55fff24b127
[2024-06-04T02:01:14.247+0000] {taskinstance.py:2648} INFO - Exporting env vars: AIRFLOW_CTX_DAG_OWNER='***' AIRFLOW_CTX_DAG_ID='chess_etl' AIRFLOW_CTX_TASK_ID='games_etl' AIRFLOW_CTX_EXECUTION_DATE='2024-02-01T00:00:00+00:00' AIRFLOW_CTX_TRY_NUMBER='1' AIRFLOW_CTX_DAG_RUN_ID='scheduled__2024-02-01T00:00:00+00:00'
[2024-06-04T02:01:14.249+0000] {taskinstance.py:430} INFO - ::endgroup::
[2024-06-04T02:01:14.250+0000] {warnings.py:110} WARNING - /home/***/.local/lib/python3.12/site-packages/***/utils/context.py:320: AirflowContextDeprecationWarning: Accessing 'execution_date' from the template is deprecated and will be removed in a future version. Please use 'data_interval_start' or 'logical_date' instead.
  warnings.warn(_create_deprecation_warning(k, replacements))

[2024-06-04T02:01:14.598+0000] {base.py:84} INFO - Using connection ID 'chess_project_s3' for task execution.
[2024-06-04T02:01:15.152+0000] {python.py:237} INFO - Done. Returned value was: None
[2024-06-04T02:01:15.153+0000] {taskinstance.py:441} INFO - ::group::Post task execution logs
[2024-06-04T02:01:15.161+0000] {taskinstance.py:1206} INFO - Marking task as SUCCESS. dag_id=chess_etl, task_id=games_etl, run_id=scheduled__2024-02-01T00:00:00+00:00, execution_date=20240201T000000, start_date=20240604T020114, end_date=20240604T020115
[2024-06-04T02:01:15.201+0000] {local_task_job_runner.py:240} INFO - Task exited with return code 0
[2024-06-04T02:01:15.218+0000] {taskinstance.py:3498} INFO - 1 downstream tasks scheduled from follow-on schedule check
[2024-06-04T02:01:15.219+0000] {local_task_job_runner.py:222} INFO - ::endgroup::
[2024-06-08T23:54:25.696+0000] {local_task_job_runner.py:120} INFO - ::group::Pre task execution logs
[2024-06-08T23:54:25.711+0000] {taskinstance.py:2076} INFO - Dependencies all met for dep_context=non-requeueable deps ti=<TaskInstance: chess_etl.games_etl scheduled__2024-02-01T00:00:00+00:00 [queued]>
[2024-06-08T23:54:25.716+0000] {taskinstance.py:2076} INFO - Dependencies all met for dep_context=requeueable deps ti=<TaskInstance: chess_etl.games_etl scheduled__2024-02-01T00:00:00+00:00 [queued]>
[2024-06-08T23:54:25.717+0000] {taskinstance.py:2306} INFO - Starting attempt 1 of 1
[2024-06-08T23:54:25.727+0000] {taskinstance.py:2330} INFO - Executing <Task(PythonOperator): games_etl> on 2024-02-01 00:00:00+00:00
[2024-06-08T23:54:25.735+0000] {warnings.py:110} WARNING - /home/***/.local/lib/python3.12/site-packages/***/task/task_runner/standard_task_runner.py:61: DeprecationWarning: This process (pid=55551) is multi-threaded, use of fork() may lead to deadlocks in the child.
  pid = os.fork()

[2024-06-08T23:54:25.737+0000] {standard_task_runner.py:63} INFO - Started process 55553 to run task
[2024-06-08T23:54:25.737+0000] {standard_task_runner.py:90} INFO - Running: ['***', 'tasks', 'run', 'chess_etl', 'games_etl', 'scheduled__2024-02-01T00:00:00+00:00', '--job-id', '362', '--raw', '--subdir', 'DAGS_FOLDER/chess_dag.py', '--cfg-path', '/tmp/tmp5f6y30s_']
[2024-06-08T23:54:25.738+0000] {standard_task_runner.py:91} INFO - Job 362: Subtask games_etl
[2024-06-08T23:54:25.775+0000] {task_command.py:426} INFO - Running <TaskInstance: chess_etl.games_etl scheduled__2024-02-01T00:00:00+00:00 [running]> on host bf0ade909435
[2024-06-08T23:54:25.848+0000] {taskinstance.py:2648} INFO - Exporting env vars: AIRFLOW_CTX_DAG_OWNER='***' AIRFLOW_CTX_DAG_ID='chess_etl' AIRFLOW_CTX_TASK_ID='games_etl' AIRFLOW_CTX_EXECUTION_DATE='2024-02-01T00:00:00+00:00' AIRFLOW_CTX_TRY_NUMBER='1' AIRFLOW_CTX_DAG_RUN_ID='scheduled__2024-02-01T00:00:00+00:00'
[2024-06-08T23:54:25.849+0000] {taskinstance.py:430} INFO - ::endgroup::
[2024-06-08T23:54:25.851+0000] {warnings.py:110} WARNING - /home/***/.local/lib/python3.12/site-packages/***/utils/context.py:320: AirflowContextDeprecationWarning: Accessing 'execution_date' from the template is deprecated and will be removed in a future version. Please use 'data_interval_start' or 'logical_date' instead.
  warnings.warn(_create_deprecation_warning(k, replacements))

[2024-06-08T23:54:26.190+0000] {base.py:84} INFO - Using connection ID 'chess_project_s3' for task execution.
[2024-06-08T23:54:26.713+0000] {python.py:237} INFO - Done. Returned value was: None
[2024-06-08T23:54:26.714+0000] {taskinstance.py:441} INFO - ::group::Post task execution logs
[2024-06-08T23:54:26.721+0000] {taskinstance.py:1206} INFO - Marking task as SUCCESS. dag_id=chess_etl, task_id=games_etl, run_id=scheduled__2024-02-01T00:00:00+00:00, execution_date=20240201T000000, start_date=20240608T235425, end_date=20240608T235426
[2024-06-08T23:54:26.753+0000] {local_task_job_runner.py:240} INFO - Task exited with return code 0
[2024-06-08T23:54:26.767+0000] {taskinstance.py:3498} INFO - 1 downstream tasks scheduled from follow-on schedule check
[2024-06-08T23:54:26.769+0000] {local_task_job_runner.py:222} INFO - ::endgroup::
[2024-07-08T05:22:34.444+0000] {local_task_job_runner.py:120} INFO - ::group::Pre task execution logs
[2024-07-08T05:22:34.459+0000] {taskinstance.py:2076} INFO - Dependencies all met for dep_context=non-requeueable deps ti=<TaskInstance: chess_etl.games_etl scheduled__2024-02-01T00:00:00+00:00 [queued]>
[2024-07-08T05:22:34.465+0000] {taskinstance.py:2076} INFO - Dependencies all met for dep_context=requeueable deps ti=<TaskInstance: chess_etl.games_etl scheduled__2024-02-01T00:00:00+00:00 [queued]>
[2024-07-08T05:22:34.465+0000] {taskinstance.py:2306} INFO - Starting attempt 1 of 1
[2024-07-08T05:22:34.474+0000] {taskinstance.py:2330} INFO - Executing <Task(PythonOperator): games_etl> on 2024-02-01 00:00:00+00:00
[2024-07-08T05:22:34.482+0000] {warnings.py:110} WARNING - /home/***/.local/lib/python3.12/site-packages/***/task/task_runner/standard_task_runner.py:61: DeprecationWarning: This process (pid=56417) is multi-threaded, use of fork() may lead to deadlocks in the child.
  pid = os.fork()

[2024-07-08T05:22:34.483+0000] {standard_task_runner.py:90} INFO - Running: ['***', 'tasks', 'run', 'chess_etl', 'games_etl', 'scheduled__2024-02-01T00:00:00+00:00', '--job-id', '800', '--raw', '--subdir', 'DAGS_FOLDER/chess_dag.py', '--cfg-path', '/tmp/tmp0n95qzkj']
[2024-07-08T05:22:34.484+0000] {standard_task_runner.py:63} INFO - Started process 56419 to run task
[2024-07-08T05:22:34.484+0000] {standard_task_runner.py:91} INFO - Job 800: Subtask games_etl
[2024-07-08T05:22:34.521+0000] {task_command.py:426} INFO - Running <TaskInstance: chess_etl.games_etl scheduled__2024-02-01T00:00:00+00:00 [running]> on host 6569f5155f0c
[2024-07-08T05:22:34.585+0000] {taskinstance.py:2648} INFO - Exporting env vars: AIRFLOW_CTX_DAG_OWNER='***' AIRFLOW_CTX_DAG_ID='chess_etl' AIRFLOW_CTX_TASK_ID='games_etl' AIRFLOW_CTX_EXECUTION_DATE='2024-02-01T00:00:00+00:00' AIRFLOW_CTX_TRY_NUMBER='1' AIRFLOW_CTX_DAG_RUN_ID='scheduled__2024-02-01T00:00:00+00:00'
[2024-07-08T05:22:34.587+0000] {taskinstance.py:430} INFO - ::endgroup::
[2024-07-08T05:22:34.587+0000] {warnings.py:110} WARNING - /home/***/.local/lib/python3.12/site-packages/***/utils/context.py:320: AirflowContextDeprecationWarning: Accessing 'execution_date' from the template is deprecated and will be removed in a future version. Please use 'data_interval_start' or 'logical_date' instead.
  warnings.warn(_create_deprecation_warning(k, replacements))

[2024-07-08T05:22:34.940+0000] {base.py:84} INFO - Using connection ID 'chess_project_s3' for task execution.
[2024-07-08T05:22:35.521+0000] {python.py:237} INFO - Done. Returned value was: None
[2024-07-08T05:22:35.521+0000] {taskinstance.py:441} INFO - ::group::Post task execution logs
[2024-07-08T05:22:35.529+0000] {taskinstance.py:1206} INFO - Marking task as SUCCESS. dag_id=chess_etl, task_id=games_etl, run_id=scheduled__2024-02-01T00:00:00+00:00, execution_date=20240201T000000, start_date=20240708T052234, end_date=20240708T052235
[2024-07-08T05:22:35.580+0000] {local_task_job_runner.py:240} INFO - Task exited with return code 0
[2024-07-08T05:22:35.599+0000] {taskinstance.py:3498} INFO - 0 downstream tasks scheduled from follow-on schedule check
[2024-07-08T05:22:35.600+0000] {local_task_job_runner.py:222} INFO - ::endgroup::
