[2024-06-03T20:47:19.329+0000] {local_task_job_runner.py:120} INFO - ::group::Pre task execution logs
[2024-06-03T20:47:19.347+0000] {taskinstance.py:2076} INFO - Dependencies all met for dep_context=non-requeueable deps ti=<TaskInstance: chess_etl.blunders_etl scheduled__2020-12-01T00:00:00+00:00 [queued]>
[2024-06-03T20:47:19.355+0000] {taskinstance.py:2076} INFO - Dependencies all met for dep_context=requeueable deps ti=<TaskInstance: chess_etl.blunders_etl scheduled__2020-12-01T00:00:00+00:00 [queued]>
[2024-06-03T20:47:19.356+0000] {taskinstance.py:2306} INFO - Starting attempt 1 of 1
[2024-06-03T20:47:19.369+0000] {taskinstance.py:2330} INFO - Executing <Task(PythonOperator): blunders_etl> on 2020-12-01 00:00:00+00:00
[2024-06-03T20:47:19.379+0000] {warnings.py:110} WARNING - /home/***/.local/lib/python3.12/site-packages/***/task/task_runner/standard_task_runner.py:61: DeprecationWarning: This process (pid=19306) is multi-threaded, use of fork() may lead to deadlocks in the child.
  pid = os.fork()

[2024-06-03T20:47:19.381+0000] {standard_task_runner.py:63} INFO - Started process 19308 to run task
[2024-06-03T20:47:19.381+0000] {standard_task_runner.py:90} INFO - Running: ['***', 'tasks', 'run', 'chess_etl', 'blunders_etl', 'scheduled__2020-12-01T00:00:00+00:00', '--job-id', '111', '--raw', '--subdir', 'DAGS_FOLDER/chess_dag.py', '--cfg-path', '/tmp/tmplm8ys0f4']
[2024-06-03T20:47:19.382+0000] {standard_task_runner.py:91} INFO - Job 111: Subtask blunders_etl
[2024-06-03T20:47:19.421+0000] {task_command.py:426} INFO - Running <TaskInstance: chess_etl.blunders_etl scheduled__2020-12-01T00:00:00+00:00 [running]> on host f55fff24b127
[2024-06-03T20:47:19.501+0000] {taskinstance.py:2648} INFO - Exporting env vars: AIRFLOW_CTX_DAG_OWNER='***' AIRFLOW_CTX_DAG_ID='chess_etl' AIRFLOW_CTX_TASK_ID='blunders_etl' AIRFLOW_CTX_EXECUTION_DATE='2020-12-01T00:00:00+00:00' AIRFLOW_CTX_TRY_NUMBER='1' AIRFLOW_CTX_DAG_RUN_ID='scheduled__2020-12-01T00:00:00+00:00'
[2024-06-03T20:47:19.503+0000] {taskinstance.py:430} INFO - ::endgroup::
[2024-06-03T20:47:19.504+0000] {warnings.py:110} WARNING - /home/***/.local/lib/python3.12/site-packages/***/utils/context.py:320: AirflowContextDeprecationWarning: Accessing 'execution_date' from the template is deprecated and will be removed in a future version. Please use 'data_interval_start' or 'logical_date' instead.
  warnings.warn(_create_deprecation_warning(k, replacements))

[2024-06-03T20:47:19.511+0000] {base.py:84} INFO - Using connection ID 'chess_project_s3' for task execution.
[2024-06-03T21:19:19.959+0000] {python.py:237} INFO - Done. Returned value was: None
[2024-06-03T21:19:19.960+0000] {taskinstance.py:441} INFO - ::group::Post task execution logs
[2024-06-03T21:19:19.967+0000] {taskinstance.py:1206} INFO - Marking task as SUCCESS. dag_id=chess_etl, task_id=blunders_etl, run_id=scheduled__2020-12-01T00:00:00+00:00, execution_date=20201201T000000, start_date=20240603T204719, end_date=20240603T211919
[2024-06-03T21:19:19.995+0000] {local_task_job_runner.py:240} INFO - Task exited with return code 0
[2024-06-03T21:19:20.006+0000] {taskinstance.py:3498} INFO - 0 downstream tasks scheduled from follow-on schedule check
[2024-06-03T21:19:20.009+0000] {local_task_job_runner.py:222} INFO - ::endgroup::
[2024-06-08T18:16:35.159+0000] {local_task_job_runner.py:120} INFO - ::group::Pre task execution logs
[2024-06-08T18:16:35.181+0000] {taskinstance.py:2076} INFO - Dependencies all met for dep_context=non-requeueable deps ti=<TaskInstance: chess_etl.blunders_etl scheduled__2020-12-01T00:00:00+00:00 [queued]>
[2024-06-08T18:16:35.189+0000] {taskinstance.py:2076} INFO - Dependencies all met for dep_context=requeueable deps ti=<TaskInstance: chess_etl.blunders_etl scheduled__2020-12-01T00:00:00+00:00 [queued]>
[2024-06-08T18:16:35.190+0000] {taskinstance.py:2306} INFO - Starting attempt 1 of 1
[2024-06-08T18:16:35.205+0000] {taskinstance.py:2330} INFO - Executing <Task(PythonOperator): blunders_etl> on 2020-12-01 00:00:00+00:00
[2024-06-08T18:16:35.215+0000] {warnings.py:110} WARNING - /home/***/.local/lib/python3.12/site-packages/***/task/task_runner/standard_task_runner.py:61: DeprecationWarning: This process (pid=20496) is multi-threaded, use of fork() may lead to deadlocks in the child.
  pid = os.fork()

[2024-06-08T18:16:35.216+0000] {standard_task_runner.py:90} INFO - Running: ['***', 'tasks', 'run', 'chess_etl', 'blunders_etl', 'scheduled__2020-12-01T00:00:00+00:00', '--job-id', '287', '--raw', '--subdir', 'DAGS_FOLDER/chess_dag.py', '--cfg-path', '/tmp/tmp4h8iy1jk']
[2024-06-08T18:16:35.217+0000] {standard_task_runner.py:63} INFO - Started process 20498 to run task
[2024-06-08T18:16:35.217+0000] {standard_task_runner.py:91} INFO - Job 287: Subtask blunders_etl
[2024-06-08T18:16:35.260+0000] {task_command.py:426} INFO - Running <TaskInstance: chess_etl.blunders_etl scheduled__2020-12-01T00:00:00+00:00 [running]> on host bf0ade909435
[2024-06-08T18:16:35.343+0000] {taskinstance.py:2648} INFO - Exporting env vars: AIRFLOW_CTX_DAG_OWNER='***' AIRFLOW_CTX_DAG_ID='chess_etl' AIRFLOW_CTX_TASK_ID='blunders_etl' AIRFLOW_CTX_EXECUTION_DATE='2020-12-01T00:00:00+00:00' AIRFLOW_CTX_TRY_NUMBER='1' AIRFLOW_CTX_DAG_RUN_ID='scheduled__2020-12-01T00:00:00+00:00'
[2024-06-08T18:16:35.345+0000] {taskinstance.py:430} INFO - ::endgroup::
[2024-06-08T18:16:35.346+0000] {warnings.py:110} WARNING - /home/***/.local/lib/python3.12/site-packages/***/utils/context.py:320: AirflowContextDeprecationWarning: Accessing 'execution_date' from the template is deprecated and will be removed in a future version. Please use 'data_interval_start' or 'logical_date' instead.
  warnings.warn(_create_deprecation_warning(k, replacements))

[2024-06-08T18:16:35.355+0000] {base.py:84} INFO - Using connection ID 'chess_project_s3' for task execution.
[2024-06-08T18:52:26.720+0000] {python.py:237} INFO - Done. Returned value was: None
[2024-06-08T18:52:26.724+0000] {taskinstance.py:441} INFO - ::group::Post task execution logs
[2024-06-08T18:52:26.749+0000] {taskinstance.py:1206} INFO - Marking task as SUCCESS. dag_id=chess_etl, task_id=blunders_etl, run_id=scheduled__2020-12-01T00:00:00+00:00, execution_date=20201201T000000, start_date=20240608T181635, end_date=20240608T185226
[2024-06-08T18:52:26.809+0000] {local_task_job_runner.py:240} INFO - Task exited with return code 0
[2024-06-08T18:52:26.835+0000] {taskinstance.py:3498} INFO - 0 downstream tasks scheduled from follow-on schedule check
[2024-06-08T18:52:26.836+0000] {local_task_job_runner.py:222} INFO - ::endgroup::
[2024-07-08T00:15:48.065+0000] {local_task_job_runner.py:120} INFO - ::group::Pre task execution logs
[2024-07-08T00:15:48.081+0000] {taskinstance.py:2076} INFO - Dependencies all met for dep_context=non-requeueable deps ti=<TaskInstance: chess_etl.blunders_etl scheduled__2020-12-01T00:00:00+00:00 [queued]>
[2024-07-08T00:15:48.088+0000] {taskinstance.py:2076} INFO - Dependencies all met for dep_context=requeueable deps ti=<TaskInstance: chess_etl.blunders_etl scheduled__2020-12-01T00:00:00+00:00 [queued]>
[2024-07-08T00:15:48.088+0000] {taskinstance.py:2306} INFO - Starting attempt 1 of 1
[2024-07-08T00:15:48.098+0000] {taskinstance.py:2330} INFO - Executing <Task(PythonOperator): blunders_etl> on 2020-12-01 00:00:00+00:00
[2024-07-08T00:15:48.106+0000] {warnings.py:110} WARNING - /home/***/.local/lib/python3.12/site-packages/***/task/task_runner/standard_task_runner.py:61: DeprecationWarning: This process (pid=20522) is multi-threaded, use of fork() may lead to deadlocks in the child.
  pid = os.fork()

[2024-07-08T00:15:48.107+0000] {standard_task_runner.py:63} INFO - Started process 20524 to run task
[2024-07-08T00:15:48.107+0000] {standard_task_runner.py:90} INFO - Running: ['***', 'tasks', 'run', 'chess_etl', 'blunders_etl', 'scheduled__2020-12-01T00:00:00+00:00', '--job-id', '649', '--raw', '--subdir', 'DAGS_FOLDER/chess_dag.py', '--cfg-path', '/tmp/tmptn3lpuzx']
[2024-07-08T00:15:48.108+0000] {standard_task_runner.py:91} INFO - Job 649: Subtask blunders_etl
[2024-07-08T00:15:48.148+0000] {task_command.py:426} INFO - Running <TaskInstance: chess_etl.blunders_etl scheduled__2020-12-01T00:00:00+00:00 [running]> on host 6569f5155f0c
[2024-07-08T00:15:48.214+0000] {taskinstance.py:2648} INFO - Exporting env vars: AIRFLOW_CTX_DAG_OWNER='***' AIRFLOW_CTX_DAG_ID='chess_etl' AIRFLOW_CTX_TASK_ID='blunders_etl' AIRFLOW_CTX_EXECUTION_DATE='2020-12-01T00:00:00+00:00' AIRFLOW_CTX_TRY_NUMBER='1' AIRFLOW_CTX_DAG_RUN_ID='scheduled__2020-12-01T00:00:00+00:00'
[2024-07-08T00:15:48.215+0000] {taskinstance.py:430} INFO - ::endgroup::
[2024-07-08T00:15:48.216+0000] {warnings.py:110} WARNING - /home/***/.local/lib/python3.12/site-packages/***/utils/context.py:320: AirflowContextDeprecationWarning: Accessing 'execution_date' from the template is deprecated and will be removed in a future version. Please use 'data_interval_start' or 'logical_date' instead.
  warnings.warn(_create_deprecation_warning(k, replacements))

[2024-07-08T00:15:48.222+0000] {base.py:84} INFO - Using connection ID 'chess_project_s3' for task execution.
[2024-07-08T00:45:52.875+0000] {python.py:237} INFO - Done. Returned value was: None
[2024-07-08T00:45:52.876+0000] {taskinstance.py:441} INFO - ::group::Post task execution logs
[2024-07-08T00:45:52.883+0000] {taskinstance.py:1206} INFO - Marking task as SUCCESS. dag_id=chess_etl, task_id=blunders_etl, run_id=scheduled__2020-12-01T00:00:00+00:00, execution_date=20201201T000000, start_date=20240708T001548, end_date=20240708T004552
[2024-07-08T00:45:52.907+0000] {local_task_job_runner.py:240} INFO - Task exited with return code 0
[2024-07-08T00:45:52.924+0000] {taskinstance.py:3498} INFO - 1 downstream tasks scheduled from follow-on schedule check
[2024-07-08T00:45:52.925+0000] {local_task_job_runner.py:222} INFO - ::endgroup::
