[2024-06-03T22:12:08.908+0000] {local_task_job_runner.py:120} INFO - ::group::Pre task execution logs
[2024-06-03T22:12:08.927+0000] {taskinstance.py:2076} INFO - Dependencies all met for dep_context=non-requeueable deps ti=<TaskInstance: chess_etl.blunders_etl scheduled__2021-07-01T00:00:00+00:00 [queued]>
[2024-06-03T22:12:08.934+0000] {taskinstance.py:2076} INFO - Dependencies all met for dep_context=requeueable deps ti=<TaskInstance: chess_etl.blunders_etl scheduled__2021-07-01T00:00:00+00:00 [queued]>
[2024-06-03T22:12:08.936+0000] {taskinstance.py:2306} INFO - Starting attempt 1 of 1
[2024-06-03T22:12:08.946+0000] {taskinstance.py:2330} INFO - Executing <Task(PythonOperator): blunders_etl> on 2021-07-01 00:00:00+00:00
[2024-06-03T22:12:08.955+0000] {warnings.py:110} WARNING - /home/***/.local/lib/python3.12/site-packages/***/task/task_runner/standard_task_runner.py:61: DeprecationWarning: This process (pid=28913) is multi-threaded, use of fork() may lead to deadlocks in the child.
  pid = os.fork()

[2024-06-03T22:12:08.957+0000] {standard_task_runner.py:63} INFO - Started process 28922 to run task
[2024-06-03T22:12:08.958+0000] {standard_task_runner.py:90} INFO - Running: ['***', 'tasks', 'run', 'chess_etl', 'blunders_etl', 'scheduled__2021-07-01T00:00:00+00:00', '--job-id', '125', '--raw', '--subdir', 'DAGS_FOLDER/chess_dag.py', '--cfg-path', '/tmp/tmpl77mzle1']
[2024-06-03T22:12:08.959+0000] {standard_task_runner.py:91} INFO - Job 125: Subtask blunders_etl
[2024-06-03T22:12:09.000+0000] {task_command.py:426} INFO - Running <TaskInstance: chess_etl.blunders_etl scheduled__2021-07-01T00:00:00+00:00 [running]> on host f55fff24b127
[2024-06-03T22:12:09.080+0000] {taskinstance.py:2648} INFO - Exporting env vars: AIRFLOW_CTX_DAG_OWNER='***' AIRFLOW_CTX_DAG_ID='chess_etl' AIRFLOW_CTX_TASK_ID='blunders_etl' AIRFLOW_CTX_EXECUTION_DATE='2021-07-01T00:00:00+00:00' AIRFLOW_CTX_TRY_NUMBER='1' AIRFLOW_CTX_DAG_RUN_ID='scheduled__2021-07-01T00:00:00+00:00'
[2024-06-03T22:12:09.082+0000] {taskinstance.py:430} INFO - ::endgroup::
[2024-06-03T22:12:09.083+0000] {warnings.py:110} WARNING - /home/***/.local/lib/python3.12/site-packages/***/utils/context.py:320: AirflowContextDeprecationWarning: Accessing 'execution_date' from the template is deprecated and will be removed in a future version. Please use 'data_interval_start' or 'logical_date' instead.
  warnings.warn(_create_deprecation_warning(k, replacements))

[2024-06-03T22:12:09.090+0000] {base.py:84} INFO - Using connection ID 'chess_project_s3' for task execution.
[2024-06-03T22:27:29.456+0000] {python.py:237} INFO - Done. Returned value was: None
[2024-06-03T22:27:29.457+0000] {taskinstance.py:441} INFO - ::group::Post task execution logs
[2024-06-03T22:27:29.466+0000] {taskinstance.py:1206} INFO - Marking task as SUCCESS. dag_id=chess_etl, task_id=blunders_etl, run_id=scheduled__2021-07-01T00:00:00+00:00, execution_date=20210701T000000, start_date=20240603T221208, end_date=20240603T222729
[2024-06-03T22:27:29.510+0000] {local_task_job_runner.py:240} INFO - Task exited with return code 0
[2024-06-03T22:27:29.521+0000] {taskinstance.py:3498} INFO - 0 downstream tasks scheduled from follow-on schedule check
[2024-06-03T22:27:29.522+0000] {local_task_job_runner.py:222} INFO - ::endgroup::
[2024-06-08T19:37:03.162+0000] {local_task_job_runner.py:120} INFO - ::group::Pre task execution logs
[2024-06-08T19:37:03.177+0000] {taskinstance.py:2076} INFO - Dependencies all met for dep_context=non-requeueable deps ti=<TaskInstance: chess_etl.blunders_etl scheduled__2021-07-01T00:00:00+00:00 [queued]>
[2024-06-08T19:37:03.184+0000] {taskinstance.py:2076} INFO - Dependencies all met for dep_context=requeueable deps ti=<TaskInstance: chess_etl.blunders_etl scheduled__2021-07-01T00:00:00+00:00 [queued]>
[2024-06-08T19:37:03.185+0000] {taskinstance.py:2306} INFO - Starting attempt 1 of 1
[2024-06-08T19:37:03.195+0000] {taskinstance.py:2330} INFO - Executing <Task(PythonOperator): blunders_etl> on 2021-07-01 00:00:00+00:00
[2024-06-08T19:37:03.202+0000] {warnings.py:110} WARNING - /home/***/.local/lib/python3.12/site-packages/***/task/task_runner/standard_task_runner.py:61: DeprecationWarning: This process (pid=29198) is multi-threaded, use of fork() may lead to deadlocks in the child.
  pid = os.fork()

[2024-06-08T19:37:03.203+0000] {standard_task_runner.py:63} INFO - Started process 29200 to run task
[2024-06-08T19:37:03.203+0000] {standard_task_runner.py:90} INFO - Running: ['***', 'tasks', 'run', 'chess_etl', 'blunders_etl', 'scheduled__2021-07-01T00:00:00+00:00', '--job-id', '301', '--raw', '--subdir', 'DAGS_FOLDER/chess_dag.py', '--cfg-path', '/tmp/tmpztpr2sgg']
[2024-06-08T19:37:03.204+0000] {standard_task_runner.py:91} INFO - Job 301: Subtask blunders_etl
[2024-06-08T19:37:03.236+0000] {task_command.py:426} INFO - Running <TaskInstance: chess_etl.blunders_etl scheduled__2021-07-01T00:00:00+00:00 [running]> on host bf0ade909435
[2024-06-08T19:37:03.300+0000] {taskinstance.py:2648} INFO - Exporting env vars: AIRFLOW_CTX_DAG_OWNER='***' AIRFLOW_CTX_DAG_ID='chess_etl' AIRFLOW_CTX_TASK_ID='blunders_etl' AIRFLOW_CTX_EXECUTION_DATE='2021-07-01T00:00:00+00:00' AIRFLOW_CTX_TRY_NUMBER='1' AIRFLOW_CTX_DAG_RUN_ID='scheduled__2021-07-01T00:00:00+00:00'
[2024-06-08T19:37:03.301+0000] {taskinstance.py:430} INFO - ::endgroup::
[2024-06-08T19:37:03.302+0000] {warnings.py:110} WARNING - /home/***/.local/lib/python3.12/site-packages/***/utils/context.py:320: AirflowContextDeprecationWarning: Accessing 'execution_date' from the template is deprecated and will be removed in a future version. Please use 'data_interval_start' or 'logical_date' instead.
  warnings.warn(_create_deprecation_warning(k, replacements))

[2024-06-08T19:37:03.309+0000] {base.py:84} INFO - Using connection ID 'chess_project_s3' for task execution.
[2024-06-08T19:51:27.864+0000] {python.py:237} INFO - Done. Returned value was: None
[2024-06-08T19:51:27.865+0000] {taskinstance.py:441} INFO - ::group::Post task execution logs
[2024-06-08T19:51:27.874+0000] {taskinstance.py:1206} INFO - Marking task as SUCCESS. dag_id=chess_etl, task_id=blunders_etl, run_id=scheduled__2021-07-01T00:00:00+00:00, execution_date=20210701T000000, start_date=20240608T193703, end_date=20240608T195127
[2024-06-08T19:51:27.907+0000] {local_task_job_runner.py:240} INFO - Task exited with return code 0
[2024-06-08T19:51:27.920+0000] {taskinstance.py:3498} INFO - 0 downstream tasks scheduled from follow-on schedule check
[2024-06-08T19:51:27.921+0000] {local_task_job_runner.py:222} INFO - ::endgroup::
[2024-07-08T01:36:21.032+0000] {local_task_job_runner.py:120} INFO - ::group::Pre task execution logs
[2024-07-08T01:36:21.048+0000] {taskinstance.py:2076} INFO - Dependencies all met for dep_context=non-requeueable deps ti=<TaskInstance: chess_etl.blunders_etl scheduled__2021-07-01T00:00:00+00:00 [queued]>
[2024-07-08T01:36:21.054+0000] {taskinstance.py:2076} INFO - Dependencies all met for dep_context=requeueable deps ti=<TaskInstance: chess_etl.blunders_etl scheduled__2021-07-01T00:00:00+00:00 [queued]>
[2024-07-08T01:36:21.054+0000] {taskinstance.py:2306} INFO - Starting attempt 1 of 1
[2024-07-08T01:36:21.064+0000] {taskinstance.py:2330} INFO - Executing <Task(PythonOperator): blunders_etl> on 2021-07-01 00:00:00+00:00
[2024-07-08T01:36:21.071+0000] {warnings.py:110} WARNING - /home/***/.local/lib/python3.12/site-packages/***/task/task_runner/standard_task_runner.py:61: DeprecationWarning: This process (pid=30162) is multi-threaded, use of fork() may lead to deadlocks in the child.
  pid = os.fork()

[2024-07-08T01:36:21.072+0000] {standard_task_runner.py:63} INFO - Started process 30172 to run task
[2024-07-08T01:36:21.073+0000] {standard_task_runner.py:90} INFO - Running: ['***', 'tasks', 'run', 'chess_etl', 'blunders_etl', 'scheduled__2021-07-01T00:00:00+00:00', '--job-id', '677', '--raw', '--subdir', 'DAGS_FOLDER/chess_dag.py', '--cfg-path', '/tmp/tmpougxndke']
[2024-07-08T01:36:21.074+0000] {standard_task_runner.py:91} INFO - Job 677: Subtask blunders_etl
[2024-07-08T01:36:21.112+0000] {task_command.py:426} INFO - Running <TaskInstance: chess_etl.blunders_etl scheduled__2021-07-01T00:00:00+00:00 [running]> on host 6569f5155f0c
[2024-07-08T01:36:21.170+0000] {taskinstance.py:2648} INFO - Exporting env vars: AIRFLOW_CTX_DAG_OWNER='***' AIRFLOW_CTX_DAG_ID='chess_etl' AIRFLOW_CTX_TASK_ID='blunders_etl' AIRFLOW_CTX_EXECUTION_DATE='2021-07-01T00:00:00+00:00' AIRFLOW_CTX_TRY_NUMBER='1' AIRFLOW_CTX_DAG_RUN_ID='scheduled__2021-07-01T00:00:00+00:00'
[2024-07-08T01:36:21.171+0000] {taskinstance.py:430} INFO - ::endgroup::
[2024-07-08T01:36:21.172+0000] {warnings.py:110} WARNING - /home/***/.local/lib/python3.12/site-packages/***/utils/context.py:320: AirflowContextDeprecationWarning: Accessing 'execution_date' from the template is deprecated and will be removed in a future version. Please use 'data_interval_start' or 'logical_date' instead.
  warnings.warn(_create_deprecation_warning(k, replacements))

[2024-07-08T01:36:21.178+0000] {base.py:84} INFO - Using connection ID 'chess_project_s3' for task execution.
[2024-07-08T01:50:37.474+0000] {python.py:237} INFO - Done. Returned value was: None
[2024-07-08T01:50:37.476+0000] {taskinstance.py:441} INFO - ::group::Post task execution logs
[2024-07-08T01:50:37.485+0000] {taskinstance.py:1206} INFO - Marking task as SUCCESS. dag_id=chess_etl, task_id=blunders_etl, run_id=scheduled__2021-07-01T00:00:00+00:00, execution_date=20210701T000000, start_date=20240708T013621, end_date=20240708T015037
[2024-07-08T01:50:37.527+0000] {local_task_job_runner.py:240} INFO - Task exited with return code 0
[2024-07-08T01:50:37.545+0000] {taskinstance.py:3498} INFO - 1 downstream tasks scheduled from follow-on schedule check
[2024-07-08T01:50:37.546+0000] {local_task_job_runner.py:222} INFO - ::endgroup::
