[2024-06-03T17:38:10.946+0000] {local_task_job_runner.py:120} INFO - ::group::Pre task execution logs
[2024-06-03T17:38:10.960+0000] {taskinstance.py:2076} INFO - Dependencies all met for dep_context=non-requeueable deps ti=<TaskInstance: chess_etl.games_etl scheduled__2019-04-01T00:00:00+00:00 [queued]>
[2024-06-03T17:38:10.966+0000] {taskinstance.py:2076} INFO - Dependencies all met for dep_context=requeueable deps ti=<TaskInstance: chess_etl.games_etl scheduled__2019-04-01T00:00:00+00:00 [queued]>
[2024-06-03T17:38:10.967+0000] {taskinstance.py:2306} INFO - Starting attempt 1 of 1
[2024-06-03T17:38:10.975+0000] {taskinstance.py:2330} INFO - Executing <Task(PythonOperator): games_etl> on 2019-04-01 00:00:00+00:00
[2024-06-03T17:38:10.979+0000] {warnings.py:110} WARNING - /home/***/.local/lib/python3.12/site-packages/***/task/task_runner/standard_task_runner.py:61: DeprecationWarning: This process (pid=80) is multi-threaded, use of fork() may lead to deadlocks in the child.
  pid = os.fork()

[2024-06-03T17:38:10.981+0000] {standard_task_runner.py:63} INFO - Started process 84 to run task
[2024-06-03T17:38:10.981+0000] {standard_task_runner.py:90} INFO - Running: ['***', 'tasks', 'run', 'chess_etl', 'games_etl', 'scheduled__2019-04-01T00:00:00+00:00', '--job-id', '12', '--raw', '--subdir', 'DAGS_FOLDER/chess_dag.py', '--cfg-path', '/tmp/tmp6mrbzaxj']
[2024-06-03T17:38:10.982+0000] {standard_task_runner.py:91} INFO - Job 12: Subtask games_etl
[2024-06-03T17:38:11.014+0000] {task_command.py:426} INFO - Running <TaskInstance: chess_etl.games_etl scheduled__2019-04-01T00:00:00+00:00 [running]> on host a5a4421409ea
[2024-06-03T17:38:11.070+0000] {taskinstance.py:2648} INFO - Exporting env vars: AIRFLOW_CTX_DAG_OWNER='***' AIRFLOW_CTX_DAG_ID='chess_etl' AIRFLOW_CTX_TASK_ID='games_etl' AIRFLOW_CTX_EXECUTION_DATE='2019-04-01T00:00:00+00:00' AIRFLOW_CTX_TRY_NUMBER='1' AIRFLOW_CTX_DAG_RUN_ID='scheduled__2019-04-01T00:00:00+00:00'
[2024-06-03T17:38:11.071+0000] {taskinstance.py:430} INFO - ::endgroup::
[2024-06-03T17:38:11.072+0000] {warnings.py:110} WARNING - /home/***/.local/lib/python3.12/site-packages/***/utils/context.py:320: AirflowContextDeprecationWarning: Accessing 'execution_date' from the template is deprecated and will be removed in a future version. Please use 'data_interval_start' or 'logical_date' instead.
  warnings.warn(_create_deprecation_warning(k, replacements))

[2024-06-03T17:38:11.313+0000] {python.py:237} INFO - Done. Returned value was: None
[2024-06-03T17:38:11.314+0000] {taskinstance.py:441} INFO - ::group::Post task execution logs
[2024-06-03T17:38:11.320+0000] {taskinstance.py:1206} INFO - Marking task as SUCCESS. dag_id=chess_etl, task_id=games_etl, run_id=scheduled__2019-04-01T00:00:00+00:00, execution_date=20190401T000000, start_date=20240603T173810, end_date=20240603T173811
[2024-06-03T17:38:11.355+0000] {local_task_job_runner.py:240} INFO - Task exited with return code 0
[2024-06-03T17:38:11.372+0000] {taskinstance.py:3498} INFO - 1 downstream tasks scheduled from follow-on schedule check
[2024-06-03T17:38:11.373+0000] {local_task_job_runner.py:222} INFO - ::endgroup::
[2024-06-03T17:44:32.429+0000] {local_task_job_runner.py:120} INFO - ::group::Pre task execution logs
[2024-06-03T17:44:32.441+0000] {taskinstance.py:2076} INFO - Dependencies all met for dep_context=non-requeueable deps ti=<TaskInstance: chess_etl.games_etl scheduled__2019-04-01T00:00:00+00:00 [queued]>
[2024-06-03T17:44:32.447+0000] {taskinstance.py:2076} INFO - Dependencies all met for dep_context=requeueable deps ti=<TaskInstance: chess_etl.games_etl scheduled__2019-04-01T00:00:00+00:00 [queued]>
[2024-06-03T17:44:32.447+0000] {taskinstance.py:2306} INFO - Starting attempt 1 of 1
[2024-06-03T17:44:32.455+0000] {taskinstance.py:2330} INFO - Executing <Task(PythonOperator): games_etl> on 2019-04-01 00:00:00+00:00
[2024-06-03T17:44:32.460+0000] {warnings.py:110} WARNING - /home/***/.local/lib/python3.12/site-packages/***/task/task_runner/standard_task_runner.py:61: DeprecationWarning: This process (pid=76) is multi-threaded, use of fork() may lead to deadlocks in the child.
  pid = os.fork()

[2024-06-03T17:44:32.462+0000] {standard_task_runner.py:63} INFO - Started process 80 to run task
[2024-06-03T17:44:32.462+0000] {standard_task_runner.py:90} INFO - Running: ['***', 'tasks', 'run', 'chess_etl', 'games_etl', 'scheduled__2019-04-01T00:00:00+00:00', '--job-id', '69', '--raw', '--subdir', 'DAGS_FOLDER/chess_dag.py', '--cfg-path', '/tmp/tmpnwsgg8vy']
[2024-06-03T17:44:32.463+0000] {standard_task_runner.py:91} INFO - Job 69: Subtask games_etl
[2024-06-03T17:44:32.495+0000] {task_command.py:426} INFO - Running <TaskInstance: chess_etl.games_etl scheduled__2019-04-01T00:00:00+00:00 [running]> on host f55fff24b127
[2024-06-03T17:44:32.555+0000] {taskinstance.py:2648} INFO - Exporting env vars: AIRFLOW_CTX_DAG_OWNER='***' AIRFLOW_CTX_DAG_ID='chess_etl' AIRFLOW_CTX_TASK_ID='games_etl' AIRFLOW_CTX_EXECUTION_DATE='2019-04-01T00:00:00+00:00' AIRFLOW_CTX_TRY_NUMBER='1' AIRFLOW_CTX_DAG_RUN_ID='scheduled__2019-04-01T00:00:00+00:00'
[2024-06-03T17:44:32.556+0000] {taskinstance.py:430} INFO - ::endgroup::
[2024-06-03T17:44:32.556+0000] {warnings.py:110} WARNING - /home/***/.local/lib/python3.12/site-packages/***/utils/context.py:320: AirflowContextDeprecationWarning: Accessing 'execution_date' from the template is deprecated and will be removed in a future version. Please use 'data_interval_start' or 'logical_date' instead.
  warnings.warn(_create_deprecation_warning(k, replacements))

[2024-06-03T17:44:32.768+0000] {python.py:237} INFO - Done. Returned value was: None
[2024-06-03T17:44:32.770+0000] {taskinstance.py:441} INFO - ::group::Post task execution logs
[2024-06-03T17:44:32.777+0000] {taskinstance.py:1206} INFO - Marking task as SUCCESS. dag_id=chess_etl, task_id=games_etl, run_id=scheduled__2019-04-01T00:00:00+00:00, execution_date=20190401T000000, start_date=20240603T174432, end_date=20240603T174432
[2024-06-03T17:44:32.795+0000] {local_task_job_runner.py:240} INFO - Task exited with return code 0
[2024-06-03T17:44:32.809+0000] {taskinstance.py:3498} INFO - 1 downstream tasks scheduled from follow-on schedule check
[2024-06-03T17:44:32.810+0000] {local_task_job_runner.py:222} INFO - ::endgroup::
[2024-06-08T14:10:00.253+0000] {local_task_job_runner.py:120} INFO - ::group::Pre task execution logs
[2024-06-08T14:10:00.269+0000] {taskinstance.py:2076} INFO - Dependencies all met for dep_context=non-requeueable deps ti=<TaskInstance: chess_etl.games_etl scheduled__2019-04-01T00:00:00+00:00 [queued]>
[2024-06-08T14:10:00.278+0000] {taskinstance.py:2076} INFO - Dependencies all met for dep_context=requeueable deps ti=<TaskInstance: chess_etl.games_etl scheduled__2019-04-01T00:00:00+00:00 [queued]>
[2024-06-08T14:10:00.279+0000] {taskinstance.py:2306} INFO - Starting attempt 1 of 1
[2024-06-08T14:10:00.293+0000] {taskinstance.py:2330} INFO - Executing <Task(PythonOperator): games_etl> on 2019-04-01 00:00:00+00:00
[2024-06-08T14:10:00.301+0000] {warnings.py:110} WARNING - /home/***/.local/lib/python3.12/site-packages/***/task/task_runner/standard_task_runner.py:61: DeprecationWarning: This process (pid=96) is multi-threaded, use of fork() may lead to deadlocks in the child.
  pid = os.fork()

[2024-06-08T14:10:00.303+0000] {standard_task_runner.py:63} INFO - Started process 98 to run task
[2024-06-08T14:10:00.303+0000] {standard_task_runner.py:90} INFO - Running: ['***', 'tasks', 'run', 'chess_etl', 'games_etl', 'scheduled__2019-04-01T00:00:00+00:00', '--job-id', '209', '--raw', '--subdir', 'DAGS_FOLDER/chess_dag.py', '--cfg-path', '/tmp/tmpkqo5h2au']
[2024-06-08T14:10:00.304+0000] {standard_task_runner.py:91} INFO - Job 209: Subtask games_etl
[2024-06-08T14:10:00.344+0000] {task_command.py:426} INFO - Running <TaskInstance: chess_etl.games_etl scheduled__2019-04-01T00:00:00+00:00 [running]> on host 3c9d89bfdaf1
[2024-06-08T14:10:00.423+0000] {taskinstance.py:2648} INFO - Exporting env vars: AIRFLOW_CTX_DAG_OWNER='***' AIRFLOW_CTX_DAG_ID='chess_etl' AIRFLOW_CTX_TASK_ID='games_etl' AIRFLOW_CTX_EXECUTION_DATE='2019-04-01T00:00:00+00:00' AIRFLOW_CTX_TRY_NUMBER='1' AIRFLOW_CTX_DAG_RUN_ID='scheduled__2019-04-01T00:00:00+00:00'
[2024-06-08T14:10:00.424+0000] {taskinstance.py:430} INFO - ::endgroup::
[2024-06-08T14:10:00.425+0000] {warnings.py:110} WARNING - /home/***/.local/lib/python3.12/site-packages/***/utils/context.py:320: AirflowContextDeprecationWarning: Accessing 'execution_date' from the template is deprecated and will be removed in a future version. Please use 'data_interval_start' or 'logical_date' instead.
  warnings.warn(_create_deprecation_warning(k, replacements))

[2024-06-08T14:10:00.716+0000] {python.py:237} INFO - Done. Returned value was: None
[2024-06-08T14:10:00.717+0000] {taskinstance.py:441} INFO - ::group::Post task execution logs
[2024-06-08T14:10:00.725+0000] {taskinstance.py:1206} INFO - Marking task as SUCCESS. dag_id=chess_etl, task_id=games_etl, run_id=scheduled__2019-04-01T00:00:00+00:00, execution_date=20190401T000000, start_date=20240608T141000, end_date=20240608T141000
[2024-06-08T14:10:00.757+0000] {local_task_job_runner.py:240} INFO - Task exited with return code 0
[2024-06-08T14:10:00.772+0000] {taskinstance.py:3498} INFO - 1 downstream tasks scheduled from follow-on schedule check
[2024-06-08T14:10:00.773+0000] {local_task_job_runner.py:222} INFO - ::endgroup::
[2024-06-08T14:51:27.932+0000] {local_task_job_runner.py:120} INFO - ::group::Pre task execution logs
[2024-06-08T14:51:27.948+0000] {taskinstance.py:2076} INFO - Dependencies all met for dep_context=non-requeueable deps ti=<TaskInstance: chess_etl.games_etl scheduled__2019-04-01T00:00:00+00:00 [queued]>
[2024-06-08T14:51:27.954+0000] {taskinstance.py:2076} INFO - Dependencies all met for dep_context=requeueable deps ti=<TaskInstance: chess_etl.games_etl scheduled__2019-04-01T00:00:00+00:00 [queued]>
[2024-06-08T14:51:27.955+0000] {taskinstance.py:2306} INFO - Starting attempt 1 of 1
[2024-06-08T14:51:27.966+0000] {taskinstance.py:2330} INFO - Executing <Task(PythonOperator): games_etl> on 2019-04-01 00:00:00+00:00
[2024-06-08T14:51:27.971+0000] {warnings.py:110} WARNING - /home/***/.local/lib/python3.12/site-packages/***/task/task_runner/standard_task_runner.py:61: DeprecationWarning: This process (pid=202) is multi-threaded, use of fork() may lead to deadlocks in the child.
  pid = os.fork()

[2024-06-08T14:51:27.972+0000] {standard_task_runner.py:63} INFO - Started process 213 to run task
[2024-06-08T14:51:27.973+0000] {standard_task_runner.py:90} INFO - Running: ['***', 'tasks', 'run', 'chess_etl', 'games_etl', 'scheduled__2019-04-01T00:00:00+00:00', '--job-id', '245', '--raw', '--subdir', 'DAGS_FOLDER/chess_dag.py', '--cfg-path', '/tmp/tmp3ch1ouhz']
[2024-06-08T14:51:27.974+0000] {standard_task_runner.py:91} INFO - Job 245: Subtask games_etl
[2024-06-08T14:51:28.008+0000] {task_command.py:426} INFO - Running <TaskInstance: chess_etl.games_etl scheduled__2019-04-01T00:00:00+00:00 [running]> on host bf0ade909435
[2024-06-08T14:51:28.069+0000] {taskinstance.py:2648} INFO - Exporting env vars: AIRFLOW_CTX_DAG_OWNER='***' AIRFLOW_CTX_DAG_ID='chess_etl' AIRFLOW_CTX_TASK_ID='games_etl' AIRFLOW_CTX_EXECUTION_DATE='2019-04-01T00:00:00+00:00' AIRFLOW_CTX_TRY_NUMBER='1' AIRFLOW_CTX_DAG_RUN_ID='scheduled__2019-04-01T00:00:00+00:00'
[2024-06-08T14:51:28.070+0000] {taskinstance.py:430} INFO - ::endgroup::
[2024-06-08T14:51:28.071+0000] {warnings.py:110} WARNING - /home/***/.local/lib/python3.12/site-packages/***/utils/context.py:320: AirflowContextDeprecationWarning: Accessing 'execution_date' from the template is deprecated and will be removed in a future version. Please use 'data_interval_start' or 'logical_date' instead.
  warnings.warn(_create_deprecation_warning(k, replacements))

[2024-06-08T14:51:28.271+0000] {python.py:237} INFO - Done. Returned value was: None
[2024-06-08T14:51:28.272+0000] {taskinstance.py:441} INFO - ::group::Post task execution logs
[2024-06-08T14:51:28.278+0000] {taskinstance.py:1206} INFO - Marking task as SUCCESS. dag_id=chess_etl, task_id=games_etl, run_id=scheduled__2019-04-01T00:00:00+00:00, execution_date=20190401T000000, start_date=20240608T145127, end_date=20240608T145128
[2024-06-08T14:51:28.306+0000] {local_task_job_runner.py:240} INFO - Task exited with return code 0
[2024-06-08T14:51:28.321+0000] {taskinstance.py:3498} INFO - 1 downstream tasks scheduled from follow-on schedule check
[2024-06-08T14:51:28.322+0000] {local_task_job_runner.py:222} INFO - ::endgroup::
[2024-07-07T21:20:03.878+0000] {local_task_job_runner.py:120} INFO - ::group::Pre task execution logs
[2024-07-07T21:20:03.891+0000] {taskinstance.py:2076} INFO - Dependencies all met for dep_context=non-requeueable deps ti=<TaskInstance: chess_etl.games_etl scheduled__2019-04-01T00:00:00+00:00 [queued]>
[2024-07-07T21:20:03.897+0000] {taskinstance.py:2076} INFO - Dependencies all met for dep_context=requeueable deps ti=<TaskInstance: chess_etl.games_etl scheduled__2019-04-01T00:00:00+00:00 [queued]>
[2024-07-07T21:20:03.897+0000] {taskinstance.py:2306} INFO - Starting attempt 1 of 1
[2024-07-07T21:20:03.907+0000] {taskinstance.py:2330} INFO - Executing <Task(PythonOperator): games_etl> on 2019-04-01 00:00:00+00:00
[2024-07-07T21:20:03.912+0000] {warnings.py:110} WARNING - /home/***/.local/lib/python3.12/site-packages/***/task/task_runner/standard_task_runner.py:61: DeprecationWarning: This process (pid=1239) is multi-threaded, use of fork() may lead to deadlocks in the child.
  pid = os.fork()

[2024-07-07T21:20:03.914+0000] {standard_task_runner.py:63} INFO - Started process 1243 to run task
[2024-07-07T21:20:03.914+0000] {standard_task_runner.py:90} INFO - Running: ['***', 'tasks', 'run', 'chess_etl', 'games_etl', 'scheduled__2019-04-01T00:00:00+00:00', '--job-id', '570', '--raw', '--subdir', 'DAGS_FOLDER/chess_dag.py', '--cfg-path', '/tmp/tmp7q7zfphc']
[2024-07-07T21:20:03.914+0000] {standard_task_runner.py:91} INFO - Job 570: Subtask games_etl
[2024-07-07T21:20:03.948+0000] {task_command.py:426} INFO - Running <TaskInstance: chess_etl.games_etl scheduled__2019-04-01T00:00:00+00:00 [running]> on host 6569f5155f0c
[2024-07-07T21:20:04.015+0000] {taskinstance.py:2648} INFO - Exporting env vars: AIRFLOW_CTX_DAG_OWNER='***' AIRFLOW_CTX_DAG_ID='chess_etl' AIRFLOW_CTX_TASK_ID='games_etl' AIRFLOW_CTX_EXECUTION_DATE='2019-04-01T00:00:00+00:00' AIRFLOW_CTX_TRY_NUMBER='1' AIRFLOW_CTX_DAG_RUN_ID='scheduled__2019-04-01T00:00:00+00:00'
[2024-07-07T21:20:04.017+0000] {taskinstance.py:430} INFO - ::endgroup::
[2024-07-07T21:20:04.018+0000] {warnings.py:110} WARNING - /home/***/.local/lib/python3.12/site-packages/***/utils/context.py:320: AirflowContextDeprecationWarning: Accessing 'execution_date' from the template is deprecated and will be removed in a future version. Please use 'data_interval_start' or 'logical_date' instead.
  warnings.warn(_create_deprecation_warning(k, replacements))

[2024-07-07T21:20:04.285+0000] {python.py:237} INFO - Done. Returned value was: None
[2024-07-07T21:20:04.286+0000] {taskinstance.py:441} INFO - ::group::Post task execution logs
[2024-07-07T21:20:04.294+0000] {taskinstance.py:1206} INFO - Marking task as SUCCESS. dag_id=chess_etl, task_id=games_etl, run_id=scheduled__2019-04-01T00:00:00+00:00, execution_date=20190401T000000, start_date=20240707T212003, end_date=20240707T212004
[2024-07-07T21:20:04.328+0000] {local_task_job_runner.py:240} INFO - Task exited with return code 0
[2024-07-07T21:20:04.346+0000] {taskinstance.py:3498} INFO - 1 downstream tasks scheduled from follow-on schedule check
[2024-07-07T21:20:04.348+0000] {local_task_job_runner.py:222} INFO - ::endgroup::
