[2024-06-03T23:50:19.931+0000] {local_task_job_runner.py:120} INFO - ::group::Pre task execution logs
[2024-06-03T23:50:19.947+0000] {taskinstance.py:2076} INFO - Dependencies all met for dep_context=non-requeueable deps ti=<TaskInstance: chess_etl.games_etl scheduled__2022-09-01T00:00:00+00:00 [queued]>
[2024-06-03T23:50:19.952+0000] {taskinstance.py:2076} INFO - Dependencies all met for dep_context=requeueable deps ti=<TaskInstance: chess_etl.games_etl scheduled__2022-09-01T00:00:00+00:00 [queued]>
[2024-06-03T23:50:19.953+0000] {taskinstance.py:2306} INFO - Starting attempt 1 of 1
[2024-06-03T23:50:19.962+0000] {taskinstance.py:2330} INFO - Executing <Task(PythonOperator): games_etl> on 2022-09-01 00:00:00+00:00
[2024-06-03T23:50:19.970+0000] {warnings.py:110} WARNING - /home/***/.local/lib/python3.12/site-packages/***/task/task_runner/standard_task_runner.py:61: DeprecationWarning: This process (pid=39896) is multi-threaded, use of fork() may lead to deadlocks in the child.
  pid = os.fork()

[2024-06-03T23:50:19.972+0000] {standard_task_runner.py:63} INFO - Started process 39898 to run task
[2024-06-03T23:50:19.972+0000] {standard_task_runner.py:90} INFO - Running: ['***', 'tasks', 'run', 'chess_etl', 'games_etl', 'scheduled__2022-09-01T00:00:00+00:00', '--job-id', '152', '--raw', '--subdir', 'DAGS_FOLDER/chess_dag.py', '--cfg-path', '/tmp/tmpo7pq8wgm']
[2024-06-03T23:50:19.973+0000] {standard_task_runner.py:91} INFO - Job 152: Subtask games_etl
[2024-06-03T23:50:20.006+0000] {task_command.py:426} INFO - Running <TaskInstance: chess_etl.games_etl scheduled__2022-09-01T00:00:00+00:00 [running]> on host f55fff24b127
[2024-06-03T23:50:20.074+0000] {taskinstance.py:2648} INFO - Exporting env vars: AIRFLOW_CTX_DAG_OWNER='***' AIRFLOW_CTX_DAG_ID='chess_etl' AIRFLOW_CTX_TASK_ID='games_etl' AIRFLOW_CTX_EXECUTION_DATE='2022-09-01T00:00:00+00:00' AIRFLOW_CTX_TRY_NUMBER='1' AIRFLOW_CTX_DAG_RUN_ID='scheduled__2022-09-01T00:00:00+00:00'
[2024-06-03T23:50:20.075+0000] {taskinstance.py:430} INFO - ::endgroup::
[2024-06-03T23:50:20.076+0000] {warnings.py:110} WARNING - /home/***/.local/lib/python3.12/site-packages/***/utils/context.py:320: AirflowContextDeprecationWarning: Accessing 'execution_date' from the template is deprecated and will be removed in a future version. Please use 'data_interval_start' or 'logical_date' instead.
  warnings.warn(_create_deprecation_warning(k, replacements))

[2024-06-03T23:50:20.722+0000] {base.py:84} INFO - Using connection ID 'chess_project_s3' for task execution.
[2024-06-03T23:50:21.415+0000] {python.py:237} INFO - Done. Returned value was: None
[2024-06-03T23:50:21.416+0000] {taskinstance.py:441} INFO - ::group::Post task execution logs
[2024-06-03T23:50:21.426+0000] {taskinstance.py:1206} INFO - Marking task as SUCCESS. dag_id=chess_etl, task_id=games_etl, run_id=scheduled__2022-09-01T00:00:00+00:00, execution_date=20220901T000000, start_date=20240603T235019, end_date=20240603T235021
[2024-06-03T23:50:21.469+0000] {local_task_job_runner.py:240} INFO - Task exited with return code 0
[2024-06-03T23:50:21.484+0000] {taskinstance.py:3498} INFO - 1 downstream tasks scheduled from follow-on schedule check
[2024-06-03T23:50:21.486+0000] {local_task_job_runner.py:222} INFO - ::endgroup::
[2024-06-08T21:26:59.503+0000] {local_task_job_runner.py:120} INFO - ::group::Pre task execution logs
[2024-06-08T21:26:59.522+0000] {taskinstance.py:2076} INFO - Dependencies all met for dep_context=non-requeueable deps ti=<TaskInstance: chess_etl.games_etl scheduled__2022-09-01T00:00:00+00:00 [queued]>
[2024-06-08T21:26:59.531+0000] {taskinstance.py:2076} INFO - Dependencies all met for dep_context=requeueable deps ti=<TaskInstance: chess_etl.games_etl scheduled__2022-09-01T00:00:00+00:00 [queued]>
[2024-06-08T21:26:59.532+0000] {taskinstance.py:2306} INFO - Starting attempt 1 of 1
[2024-06-08T21:26:59.546+0000] {taskinstance.py:2330} INFO - Executing <Task(PythonOperator): games_etl> on 2022-09-01 00:00:00+00:00
[2024-06-08T21:26:59.555+0000] {warnings.py:110} WARNING - /home/***/.local/lib/python3.12/site-packages/***/task/task_runner/standard_task_runner.py:61: DeprecationWarning: This process (pid=40341) is multi-threaded, use of fork() may lead to deadlocks in the child.
  pid = os.fork()

[2024-06-08T21:26:59.557+0000] {standard_task_runner.py:63} INFO - Started process 40343 to run task
[2024-06-08T21:26:59.557+0000] {standard_task_runner.py:90} INFO - Running: ['***', 'tasks', 'run', 'chess_etl', 'games_etl', 'scheduled__2022-09-01T00:00:00+00:00', '--job-id', '328', '--raw', '--subdir', 'DAGS_FOLDER/chess_dag.py', '--cfg-path', '/tmp/tmph3c6gxmn']
[2024-06-08T21:26:59.558+0000] {standard_task_runner.py:91} INFO - Job 328: Subtask games_etl
[2024-06-08T21:26:59.604+0000] {task_command.py:426} INFO - Running <TaskInstance: chess_etl.games_etl scheduled__2022-09-01T00:00:00+00:00 [running]> on host bf0ade909435
[2024-06-08T21:26:59.689+0000] {taskinstance.py:2648} INFO - Exporting env vars: AIRFLOW_CTX_DAG_OWNER='***' AIRFLOW_CTX_DAG_ID='chess_etl' AIRFLOW_CTX_TASK_ID='games_etl' AIRFLOW_CTX_EXECUTION_DATE='2022-09-01T00:00:00+00:00' AIRFLOW_CTX_TRY_NUMBER='1' AIRFLOW_CTX_DAG_RUN_ID='scheduled__2022-09-01T00:00:00+00:00'
[2024-06-08T21:26:59.691+0000] {taskinstance.py:430} INFO - ::endgroup::
[2024-06-08T21:26:59.692+0000] {warnings.py:110} WARNING - /home/***/.local/lib/python3.12/site-packages/***/utils/context.py:320: AirflowContextDeprecationWarning: Accessing 'execution_date' from the template is deprecated and will be removed in a future version. Please use 'data_interval_start' or 'logical_date' instead.
  warnings.warn(_create_deprecation_warning(k, replacements))

[2024-06-08T21:27:00.289+0000] {base.py:84} INFO - Using connection ID 'chess_project_s3' for task execution.
[2024-06-08T21:27:01.033+0000] {python.py:237} INFO - Done. Returned value was: None
[2024-06-08T21:27:01.034+0000] {taskinstance.py:441} INFO - ::group::Post task execution logs
[2024-06-08T21:27:01.043+0000] {taskinstance.py:1206} INFO - Marking task as SUCCESS. dag_id=chess_etl, task_id=games_etl, run_id=scheduled__2022-09-01T00:00:00+00:00, execution_date=20220901T000000, start_date=20240608T212659, end_date=20240608T212701
[2024-06-08T21:27:01.097+0000] {local_task_job_runner.py:240} INFO - Task exited with return code 0
[2024-06-08T21:27:01.119+0000] {taskinstance.py:3498} INFO - 1 downstream tasks scheduled from follow-on schedule check
[2024-06-08T21:27:01.120+0000] {local_task_job_runner.py:222} INFO - ::endgroup::
[2024-07-08T03:10:48.755+0000] {local_task_job_runner.py:120} INFO - ::group::Pre task execution logs
[2024-07-08T03:10:48.768+0000] {taskinstance.py:2076} INFO - Dependencies all met for dep_context=non-requeueable deps ti=<TaskInstance: chess_etl.games_etl scheduled__2022-09-01T00:00:00+00:00 [queued]>
[2024-07-08T03:10:48.773+0000] {taskinstance.py:2076} INFO - Dependencies all met for dep_context=requeueable deps ti=<TaskInstance: chess_etl.games_etl scheduled__2022-09-01T00:00:00+00:00 [queued]>
[2024-07-08T03:10:48.774+0000] {taskinstance.py:2306} INFO - Starting attempt 1 of 1
[2024-07-08T03:10:48.782+0000] {taskinstance.py:2330} INFO - Executing <Task(PythonOperator): games_etl> on 2022-09-01 00:00:00+00:00
[2024-07-08T03:10:48.789+0000] {warnings.py:110} WARNING - /home/***/.local/lib/python3.12/site-packages/***/task/task_runner/standard_task_runner.py:61: DeprecationWarning: This process (pid=41209) is multi-threaded, use of fork() may lead to deadlocks in the child.
  pid = os.fork()

[2024-07-08T03:10:48.791+0000] {standard_task_runner.py:63} INFO - Started process 41211 to run task
[2024-07-08T03:10:48.791+0000] {standard_task_runner.py:90} INFO - Running: ['***', 'tasks', 'run', 'chess_etl', 'games_etl', 'scheduled__2022-09-01T00:00:00+00:00', '--job-id', '732', '--raw', '--subdir', 'DAGS_FOLDER/chess_dag.py', '--cfg-path', '/tmp/tmpa00piysw']
[2024-07-08T03:10:48.792+0000] {standard_task_runner.py:91} INFO - Job 732: Subtask games_etl
[2024-07-08T03:10:48.825+0000] {task_command.py:426} INFO - Running <TaskInstance: chess_etl.games_etl scheduled__2022-09-01T00:00:00+00:00 [running]> on host 6569f5155f0c
[2024-07-08T03:10:48.899+0000] {taskinstance.py:2648} INFO - Exporting env vars: AIRFLOW_CTX_DAG_OWNER='***' AIRFLOW_CTX_DAG_ID='chess_etl' AIRFLOW_CTX_TASK_ID='games_etl' AIRFLOW_CTX_EXECUTION_DATE='2022-09-01T00:00:00+00:00' AIRFLOW_CTX_TRY_NUMBER='1' AIRFLOW_CTX_DAG_RUN_ID='scheduled__2022-09-01T00:00:00+00:00'
[2024-07-08T03:10:48.901+0000] {taskinstance.py:430} INFO - ::endgroup::
[2024-07-08T03:10:48.902+0000] {warnings.py:110} WARNING - /home/***/.local/lib/python3.12/site-packages/***/utils/context.py:320: AirflowContextDeprecationWarning: Accessing 'execution_date' from the template is deprecated and will be removed in a future version. Please use 'data_interval_start' or 'logical_date' instead.
  warnings.warn(_create_deprecation_warning(k, replacements))

[2024-07-08T03:10:49.531+0000] {base.py:84} INFO - Using connection ID 'chess_project_s3' for task execution.
[2024-07-08T03:10:50.276+0000] {python.py:237} INFO - Done. Returned value was: None
[2024-07-08T03:10:50.276+0000] {taskinstance.py:441} INFO - ::group::Post task execution logs
[2024-07-08T03:10:50.283+0000] {taskinstance.py:1206} INFO - Marking task as SUCCESS. dag_id=chess_etl, task_id=games_etl, run_id=scheduled__2022-09-01T00:00:00+00:00, execution_date=20220901T000000, start_date=20240708T031048, end_date=20240708T031050
[2024-07-08T03:10:50.327+0000] {local_task_job_runner.py:240} INFO - Task exited with return code 0
[2024-07-08T03:10:50.349+0000] {taskinstance.py:3498} INFO - 1 downstream tasks scheduled from follow-on schedule check
[2024-07-08T03:10:50.350+0000] {local_task_job_runner.py:222} INFO - ::endgroup::
