[2024-06-03T17:38:32.169+0000] {local_task_job_runner.py:120} INFO - ::group::Pre task execution logs
[2024-06-03T17:38:32.184+0000] {taskinstance.py:2076} INFO - Dependencies all met for dep_context=non-requeueable deps ti=<TaskInstance: chess_etl.games_etl scheduled__2019-12-01T00:00:00+00:00 [queued]>
[2024-06-03T17:38:32.189+0000] {taskinstance.py:2076} INFO - Dependencies all met for dep_context=requeueable deps ti=<TaskInstance: chess_etl.games_etl scheduled__2019-12-01T00:00:00+00:00 [queued]>
[2024-06-03T17:38:32.189+0000] {taskinstance.py:2306} INFO - Starting attempt 1 of 1
[2024-06-03T17:38:32.198+0000] {taskinstance.py:2330} INFO - Executing <Task(PythonOperator): games_etl> on 2019-12-01 00:00:00+00:00
[2024-06-03T17:38:32.203+0000] {warnings.py:110} WARNING - /home/***/.local/lib/python3.12/site-packages/***/task/task_runner/standard_task_runner.py:61: DeprecationWarning: This process (pid=130) is multi-threaded, use of fork() may lead to deadlocks in the child.
  pid = os.fork()

[2024-06-03T17:38:32.205+0000] {standard_task_runner.py:63} INFO - Started process 134 to run task
[2024-06-03T17:38:32.205+0000] {standard_task_runner.py:90} INFO - Running: ['***', 'tasks', 'run', 'chess_etl', 'games_etl', 'scheduled__2019-12-01T00:00:00+00:00', '--job-id', '28', '--raw', '--subdir', 'DAGS_FOLDER/chess_dag.py', '--cfg-path', '/tmp/tmprnhm_o6c']
[2024-06-03T17:38:32.206+0000] {standard_task_runner.py:91} INFO - Job 28: Subtask games_etl
[2024-06-03T17:38:32.237+0000] {task_command.py:426} INFO - Running <TaskInstance: chess_etl.games_etl scheduled__2019-12-01T00:00:00+00:00 [running]> on host a5a4421409ea
[2024-06-03T17:38:32.293+0000] {taskinstance.py:2648} INFO - Exporting env vars: AIRFLOW_CTX_DAG_OWNER='***' AIRFLOW_CTX_DAG_ID='chess_etl' AIRFLOW_CTX_TASK_ID='games_etl' AIRFLOW_CTX_EXECUTION_DATE='2019-12-01T00:00:00+00:00' AIRFLOW_CTX_TRY_NUMBER='1' AIRFLOW_CTX_DAG_RUN_ID='scheduled__2019-12-01T00:00:00+00:00'
[2024-06-03T17:38:32.294+0000] {taskinstance.py:430} INFO - ::endgroup::
[2024-06-03T17:38:32.295+0000] {warnings.py:110} WARNING - /home/***/.local/lib/python3.12/site-packages/***/utils/context.py:320: AirflowContextDeprecationWarning: Accessing 'execution_date' from the template is deprecated and will be removed in a future version. Please use 'data_interval_start' or 'logical_date' instead.
  warnings.warn(_create_deprecation_warning(k, replacements))

[2024-06-03T17:38:32.575+0000] {python.py:237} INFO - Done. Returned value was: None
[2024-06-03T17:38:32.577+0000] {taskinstance.py:441} INFO - ::group::Post task execution logs
[2024-06-03T17:38:32.586+0000] {taskinstance.py:1206} INFO - Marking task as SUCCESS. dag_id=chess_etl, task_id=games_etl, run_id=scheduled__2019-12-01T00:00:00+00:00, execution_date=20191201T000000, start_date=20240603T173832, end_date=20240603T173832
[2024-06-03T17:38:32.619+0000] {local_task_job_runner.py:240} INFO - Task exited with return code 0
[2024-06-03T17:38:32.635+0000] {taskinstance.py:3498} INFO - 1 downstream tasks scheduled from follow-on schedule check
[2024-06-03T17:38:32.636+0000] {local_task_job_runner.py:222} INFO - ::endgroup::
[2024-06-03T17:45:15.948+0000] {local_task_job_runner.py:120} INFO - ::group::Pre task execution logs
[2024-06-03T17:45:15.961+0000] {taskinstance.py:2076} INFO - Dependencies all met for dep_context=non-requeueable deps ti=<TaskInstance: chess_etl.games_etl scheduled__2019-12-01T00:00:00+00:00 [queued]>
[2024-06-03T17:45:15.966+0000] {taskinstance.py:2076} INFO - Dependencies all met for dep_context=requeueable deps ti=<TaskInstance: chess_etl.games_etl scheduled__2019-12-01T00:00:00+00:00 [queued]>
[2024-06-03T17:45:15.967+0000] {taskinstance.py:2306} INFO - Starting attempt 1 of 1
[2024-06-03T17:45:15.976+0000] {taskinstance.py:2330} INFO - Executing <Task(PythonOperator): games_etl> on 2019-12-01 00:00:00+00:00
[2024-06-03T17:45:15.982+0000] {warnings.py:110} WARNING - /home/***/.local/lib/python3.12/site-packages/***/task/task_runner/standard_task_runner.py:61: DeprecationWarning: This process (pid=187) is multi-threaded, use of fork() may lead to deadlocks in the child.
  pid = os.fork()

[2024-06-03T17:45:15.983+0000] {standard_task_runner.py:63} INFO - Started process 189 to run task
[2024-06-03T17:45:15.984+0000] {standard_task_runner.py:90} INFO - Running: ['***', 'tasks', 'run', 'chess_etl', 'games_etl', 'scheduled__2019-12-01T00:00:00+00:00', '--job-id', '86', '--raw', '--subdir', 'DAGS_FOLDER/chess_dag.py', '--cfg-path', '/tmp/tmpw9kguaxm']
[2024-06-03T17:45:15.984+0000] {standard_task_runner.py:91} INFO - Job 86: Subtask games_etl
[2024-06-03T17:45:16.015+0000] {task_command.py:426} INFO - Running <TaskInstance: chess_etl.games_etl scheduled__2019-12-01T00:00:00+00:00 [running]> on host f55fff24b127
[2024-06-03T17:45:16.075+0000] {taskinstance.py:2648} INFO - Exporting env vars: AIRFLOW_CTX_DAG_OWNER='***' AIRFLOW_CTX_DAG_ID='chess_etl' AIRFLOW_CTX_TASK_ID='games_etl' AIRFLOW_CTX_EXECUTION_DATE='2019-12-01T00:00:00+00:00' AIRFLOW_CTX_TRY_NUMBER='1' AIRFLOW_CTX_DAG_RUN_ID='scheduled__2019-12-01T00:00:00+00:00'
[2024-06-03T17:45:16.077+0000] {taskinstance.py:430} INFO - ::endgroup::
[2024-06-03T17:45:16.077+0000] {warnings.py:110} WARNING - /home/***/.local/lib/python3.12/site-packages/***/utils/context.py:320: AirflowContextDeprecationWarning: Accessing 'execution_date' from the template is deprecated and will be removed in a future version. Please use 'data_interval_start' or 'logical_date' instead.
  warnings.warn(_create_deprecation_warning(k, replacements))

[2024-06-03T17:45:16.314+0000] {python.py:237} INFO - Done. Returned value was: None
[2024-06-03T17:45:16.314+0000] {taskinstance.py:441} INFO - ::group::Post task execution logs
[2024-06-03T17:45:16.321+0000] {taskinstance.py:1206} INFO - Marking task as SUCCESS. dag_id=chess_etl, task_id=games_etl, run_id=scheduled__2019-12-01T00:00:00+00:00, execution_date=20191201T000000, start_date=20240603T174515, end_date=20240603T174516
[2024-06-03T17:45:16.357+0000] {local_task_job_runner.py:240} INFO - Task exited with return code 0
[2024-06-03T17:45:16.372+0000] {taskinstance.py:3498} INFO - 1 downstream tasks scheduled from follow-on schedule check
[2024-06-03T17:45:16.373+0000] {local_task_job_runner.py:222} INFO - ::endgroup::
[2024-06-08T14:10:43.805+0000] {local_task_job_runner.py:120} INFO - ::group::Pre task execution logs
[2024-06-08T14:10:43.818+0000] {taskinstance.py:2076} INFO - Dependencies all met for dep_context=non-requeueable deps ti=<TaskInstance: chess_etl.games_etl scheduled__2019-12-01T00:00:00+00:00 [queued]>
[2024-06-08T14:10:43.823+0000] {taskinstance.py:2076} INFO - Dependencies all met for dep_context=requeueable deps ti=<TaskInstance: chess_etl.games_etl scheduled__2019-12-01T00:00:00+00:00 [queued]>
[2024-06-08T14:10:43.823+0000] {taskinstance.py:2306} INFO - Starting attempt 1 of 1
[2024-06-08T14:10:43.833+0000] {taskinstance.py:2330} INFO - Executing <Task(PythonOperator): games_etl> on 2019-12-01 00:00:00+00:00
[2024-06-08T14:10:43.838+0000] {warnings.py:110} WARNING - /home/***/.local/lib/python3.12/site-packages/***/task/task_runner/standard_task_runner.py:61: DeprecationWarning: This process (pid=196) is multi-threaded, use of fork() may lead to deadlocks in the child.
  pid = os.fork()

[2024-06-08T14:10:43.840+0000] {standard_task_runner.py:63} INFO - Started process 198 to run task
[2024-06-08T14:10:43.839+0000] {standard_task_runner.py:90} INFO - Running: ['***', 'tasks', 'run', 'chess_etl', 'games_etl', 'scheduled__2019-12-01T00:00:00+00:00', '--job-id', '226', '--raw', '--subdir', 'DAGS_FOLDER/chess_dag.py', '--cfg-path', '/tmp/tmptxam8xva']
[2024-06-08T14:10:43.840+0000] {standard_task_runner.py:91} INFO - Job 226: Subtask games_etl
[2024-06-08T14:10:43.871+0000] {task_command.py:426} INFO - Running <TaskInstance: chess_etl.games_etl scheduled__2019-12-01T00:00:00+00:00 [running]> on host 3c9d89bfdaf1
[2024-06-08T14:10:43.930+0000] {taskinstance.py:2648} INFO - Exporting env vars: AIRFLOW_CTX_DAG_OWNER='***' AIRFLOW_CTX_DAG_ID='chess_etl' AIRFLOW_CTX_TASK_ID='games_etl' AIRFLOW_CTX_EXECUTION_DATE='2019-12-01T00:00:00+00:00' AIRFLOW_CTX_TRY_NUMBER='1' AIRFLOW_CTX_DAG_RUN_ID='scheduled__2019-12-01T00:00:00+00:00'
[2024-06-08T14:10:43.932+0000] {taskinstance.py:430} INFO - ::endgroup::
[2024-06-08T14:10:43.933+0000] {warnings.py:110} WARNING - /home/***/.local/lib/python3.12/site-packages/***/utils/context.py:320: AirflowContextDeprecationWarning: Accessing 'execution_date' from the template is deprecated and will be removed in a future version. Please use 'data_interval_start' or 'logical_date' instead.
  warnings.warn(_create_deprecation_warning(k, replacements))

[2024-06-08T14:10:44.183+0000] {python.py:237} INFO - Done. Returned value was: None
[2024-06-08T14:10:44.185+0000] {taskinstance.py:441} INFO - ::group::Post task execution logs
[2024-06-08T14:10:44.192+0000] {taskinstance.py:1206} INFO - Marking task as SUCCESS. dag_id=chess_etl, task_id=games_etl, run_id=scheduled__2019-12-01T00:00:00+00:00, execution_date=20191201T000000, start_date=20240608T141043, end_date=20240608T141044
[2024-06-08T14:10:44.214+0000] {local_task_job_runner.py:240} INFO - Task exited with return code 0
[2024-06-08T14:10:44.227+0000] {taskinstance.py:3498} INFO - 1 downstream tasks scheduled from follow-on schedule check
[2024-06-08T14:10:44.229+0000] {local_task_job_runner.py:222} INFO - ::endgroup::
[2024-06-08T14:52:11.758+0000] {local_task_job_runner.py:120} INFO - ::group::Pre task execution logs
[2024-06-08T14:52:11.771+0000] {taskinstance.py:2076} INFO - Dependencies all met for dep_context=non-requeueable deps ti=<TaskInstance: chess_etl.games_etl scheduled__2019-12-01T00:00:00+00:00 [queued]>
[2024-06-08T14:52:11.776+0000] {taskinstance.py:2076} INFO - Dependencies all met for dep_context=requeueable deps ti=<TaskInstance: chess_etl.games_etl scheduled__2019-12-01T00:00:00+00:00 [queued]>
[2024-06-08T14:52:11.776+0000] {taskinstance.py:2306} INFO - Starting attempt 1 of 1
[2024-06-08T14:52:11.786+0000] {taskinstance.py:2330} INFO - Executing <Task(PythonOperator): games_etl> on 2019-12-01 00:00:00+00:00
[2024-06-08T14:52:11.792+0000] {warnings.py:110} WARNING - /home/***/.local/lib/python3.12/site-packages/***/task/task_runner/standard_task_runner.py:61: DeprecationWarning: This process (pid=313) is multi-threaded, use of fork() may lead to deadlocks in the child.
  pid = os.fork()

[2024-06-08T14:52:11.793+0000] {standard_task_runner.py:63} INFO - Started process 315 to run task
[2024-06-08T14:52:11.794+0000] {standard_task_runner.py:90} INFO - Running: ['***', 'tasks', 'run', 'chess_etl', 'games_etl', 'scheduled__2019-12-01T00:00:00+00:00', '--job-id', '262', '--raw', '--subdir', 'DAGS_FOLDER/chess_dag.py', '--cfg-path', '/tmp/tmpw3djarua']
[2024-06-08T14:52:11.795+0000] {standard_task_runner.py:91} INFO - Job 262: Subtask games_etl
[2024-06-08T14:52:11.827+0000] {task_command.py:426} INFO - Running <TaskInstance: chess_etl.games_etl scheduled__2019-12-01T00:00:00+00:00 [running]> on host bf0ade909435
[2024-06-08T14:52:11.891+0000] {taskinstance.py:2648} INFO - Exporting env vars: AIRFLOW_CTX_DAG_OWNER='***' AIRFLOW_CTX_DAG_ID='chess_etl' AIRFLOW_CTX_TASK_ID='games_etl' AIRFLOW_CTX_EXECUTION_DATE='2019-12-01T00:00:00+00:00' AIRFLOW_CTX_TRY_NUMBER='1' AIRFLOW_CTX_DAG_RUN_ID='scheduled__2019-12-01T00:00:00+00:00'
[2024-06-08T14:52:11.892+0000] {taskinstance.py:430} INFO - ::endgroup::
[2024-06-08T14:52:11.893+0000] {warnings.py:110} WARNING - /home/***/.local/lib/python3.12/site-packages/***/utils/context.py:320: AirflowContextDeprecationWarning: Accessing 'execution_date' from the template is deprecated and will be removed in a future version. Please use 'data_interval_start' or 'logical_date' instead.
  warnings.warn(_create_deprecation_warning(k, replacements))

[2024-06-08T14:52:12.105+0000] {python.py:237} INFO - Done. Returned value was: None
[2024-06-08T14:52:12.106+0000] {taskinstance.py:441} INFO - ::group::Post task execution logs
[2024-06-08T14:52:12.113+0000] {taskinstance.py:1206} INFO - Marking task as SUCCESS. dag_id=chess_etl, task_id=games_etl, run_id=scheduled__2019-12-01T00:00:00+00:00, execution_date=20191201T000000, start_date=20240608T145211, end_date=20240608T145212
[2024-06-08T14:52:12.127+0000] {local_task_job_runner.py:240} INFO - Task exited with return code 0
[2024-06-08T14:52:12.142+0000] {taskinstance.py:3498} INFO - 1 downstream tasks scheduled from follow-on schedule check
[2024-06-08T14:52:12.143+0000] {local_task_job_runner.py:222} INFO - ::endgroup::
[2024-07-07T21:20:44.024+0000] {local_task_job_runner.py:120} INFO - ::group::Pre task execution logs
[2024-07-07T21:20:44.037+0000] {taskinstance.py:2076} INFO - Dependencies all met for dep_context=non-requeueable deps ti=<TaskInstance: chess_etl.games_etl scheduled__2019-12-01T00:00:00+00:00 [queued]>
[2024-07-07T21:20:44.042+0000] {taskinstance.py:2076} INFO - Dependencies all met for dep_context=requeueable deps ti=<TaskInstance: chess_etl.games_etl scheduled__2019-12-01T00:00:00+00:00 [queued]>
[2024-07-07T21:20:44.043+0000] {taskinstance.py:2306} INFO - Starting attempt 1 of 1
[2024-07-07T21:20:44.050+0000] {taskinstance.py:2330} INFO - Executing <Task(PythonOperator): games_etl> on 2019-12-01 00:00:00+00:00
[2024-07-07T21:20:44.057+0000] {warnings.py:110} WARNING - /home/***/.local/lib/python3.12/site-packages/***/task/task_runner/standard_task_runner.py:61: DeprecationWarning: This process (pid=1387) is multi-threaded, use of fork() may lead to deadlocks in the child.
  pid = os.fork()

[2024-07-07T21:20:44.058+0000] {standard_task_runner.py:63} INFO - Started process 1392 to run task
[2024-07-07T21:20:44.058+0000] {standard_task_runner.py:90} INFO - Running: ['***', 'tasks', 'run', 'chess_etl', 'games_etl', 'scheduled__2019-12-01T00:00:00+00:00', '--job-id', '602', '--raw', '--subdir', 'DAGS_FOLDER/chess_dag.py', '--cfg-path', '/tmp/tmpf37149as']
[2024-07-07T21:20:44.059+0000] {standard_task_runner.py:91} INFO - Job 602: Subtask games_etl
[2024-07-07T21:20:44.087+0000] {task_command.py:426} INFO - Running <TaskInstance: chess_etl.games_etl scheduled__2019-12-01T00:00:00+00:00 [running]> on host 6569f5155f0c
[2024-07-07T21:20:44.139+0000] {taskinstance.py:2648} INFO - Exporting env vars: AIRFLOW_CTX_DAG_OWNER='***' AIRFLOW_CTX_DAG_ID='chess_etl' AIRFLOW_CTX_TASK_ID='games_etl' AIRFLOW_CTX_EXECUTION_DATE='2019-12-01T00:00:00+00:00' AIRFLOW_CTX_TRY_NUMBER='1' AIRFLOW_CTX_DAG_RUN_ID='scheduled__2019-12-01T00:00:00+00:00'
[2024-07-07T21:20:44.141+0000] {taskinstance.py:430} INFO - ::endgroup::
[2024-07-07T21:20:44.141+0000] {warnings.py:110} WARNING - /home/***/.local/lib/python3.12/site-packages/***/utils/context.py:320: AirflowContextDeprecationWarning: Accessing 'execution_date' from the template is deprecated and will be removed in a future version. Please use 'data_interval_start' or 'logical_date' instead.
  warnings.warn(_create_deprecation_warning(k, replacements))

[2024-07-07T21:20:44.387+0000] {python.py:237} INFO - Done. Returned value was: None
[2024-07-07T21:20:44.389+0000] {taskinstance.py:441} INFO - ::group::Post task execution logs
[2024-07-07T21:20:44.394+0000] {taskinstance.py:1206} INFO - Marking task as SUCCESS. dag_id=chess_etl, task_id=games_etl, run_id=scheduled__2019-12-01T00:00:00+00:00, execution_date=20191201T000000, start_date=20240707T212044, end_date=20240707T212044
[2024-07-07T21:20:44.432+0000] {local_task_job_runner.py:240} INFO - Task exited with return code 0
[2024-07-07T21:20:44.450+0000] {taskinstance.py:3498} INFO - 1 downstream tasks scheduled from follow-on schedule check
[2024-07-07T21:20:44.451+0000] {local_task_job_runner.py:222} INFO - ::endgroup::
