[2024-07-08T05:14:41.818+0000] {local_task_job_runner.py:120} INFO - ::group::Pre task execution logs
[2024-07-08T05:14:41.835+0000] {taskinstance.py:2076} INFO - Dependencies all met for dep_context=non-requeueable deps ti=<TaskInstance: chess_etl.redshift_move_load scheduled__2023-08-01T00:00:00+00:00 [queued]>
[2024-07-08T05:14:41.842+0000] {taskinstance.py:2076} INFO - Dependencies all met for dep_context=requeueable deps ti=<TaskInstance: chess_etl.redshift_move_load scheduled__2023-08-01T00:00:00+00:00 [queued]>
[2024-07-08T05:14:41.842+0000] {taskinstance.py:2306} INFO - Starting attempt 1 of 1
[2024-07-08T05:14:41.852+0000] {taskinstance.py:2330} INFO - Executing <Task(PythonOperator): redshift_move_load> on 2023-08-01 00:00:00+00:00
[2024-07-08T05:14:41.860+0000] {warnings.py:110} WARNING - /home/***/.local/lib/python3.12/site-packages/***/task/task_runner/standard_task_runner.py:61: DeprecationWarning: This process (pid=55506) is multi-threaded, use of fork() may lead to deadlocks in the child.
  pid = os.fork()

[2024-07-08T05:14:41.862+0000] {standard_task_runner.py:63} INFO - Started process 55508 to run task
[2024-07-08T05:14:41.861+0000] {standard_task_runner.py:90} INFO - Running: ['***', 'tasks', 'run', 'chess_etl', 'redshift_move_load', 'scheduled__2023-08-01T00:00:00+00:00', '--job-id', '791', '--raw', '--subdir', 'DAGS_FOLDER/chess_dag.py', '--cfg-path', '/tmp/tmpj8vdj32n']
[2024-07-08T05:14:41.862+0000] {standard_task_runner.py:91} INFO - Job 791: Subtask redshift_move_load
[2024-07-08T05:14:41.898+0000] {task_command.py:426} INFO - Running <TaskInstance: chess_etl.redshift_move_load scheduled__2023-08-01T00:00:00+00:00 [running]> on host 6569f5155f0c
[2024-07-08T05:14:41.965+0000] {taskinstance.py:2648} INFO - Exporting env vars: AIRFLOW_CTX_DAG_OWNER='***' AIRFLOW_CTX_DAG_ID='chess_etl' AIRFLOW_CTX_TASK_ID='redshift_move_load' AIRFLOW_CTX_EXECUTION_DATE='2023-08-01T00:00:00+00:00' AIRFLOW_CTX_TRY_NUMBER='1' AIRFLOW_CTX_DAG_RUN_ID='scheduled__2023-08-01T00:00:00+00:00'
[2024-07-08T05:14:41.966+0000] {taskinstance.py:430} INFO - ::endgroup::
[2024-07-08T05:14:41.967+0000] {warnings.py:110} WARNING - /home/***/.local/lib/python3.12/site-packages/***/utils/context.py:320: AirflowContextDeprecationWarning: Accessing 'execution_date' from the template is deprecated and will be removed in a future version. Please use 'data_interval_start' or 'logical_date' instead.
  warnings.warn(_create_deprecation_warning(k, replacements))

[2024-07-08T05:14:41.972+0000] {base.py:84} INFO - Using connection ID 'chess_project_s3' for task execution.
[2024-07-08T05:14:42.789+0000] {base.py:84} INFO - Using connection ID 'chess_project_redshift' for task execution.
[2024-07-08T05:14:44.543+0000] {python.py:237} INFO - Done. Returned value was: None
[2024-07-08T05:14:44.544+0000] {taskinstance.py:441} INFO - ::group::Post task execution logs
[2024-07-08T05:14:44.551+0000] {taskinstance.py:1206} INFO - Marking task as SUCCESS. dag_id=chess_etl, task_id=redshift_move_load, run_id=scheduled__2023-08-01T00:00:00+00:00, execution_date=20230801T000000, start_date=20240708T051441, end_date=20240708T051444
[2024-07-08T05:14:44.602+0000] {local_task_job_runner.py:240} INFO - Task exited with return code 0
[2024-07-08T05:14:44.615+0000] {taskinstance.py:3498} INFO - 0 downstream tasks scheduled from follow-on schedule check
[2024-07-08T05:14:44.616+0000] {local_task_job_runner.py:222} INFO - ::endgroup::
