[2024-07-07T18:38:31.355+0000] {local_task_job_runner.py:120} INFO - ::group::Pre task execution logs
[2024-07-07T18:38:31.367+0000] {taskinstance.py:2076} INFO - Dependencies all met for dep_context=non-requeueable deps ti=<TaskInstance: chess_etl.redshift_game_load scheduled__2023-06-01T00:00:00+00:00 [queued]>
[2024-07-07T18:38:31.372+0000] {taskinstance.py:2076} INFO - Dependencies all met for dep_context=requeueable deps ti=<TaskInstance: chess_etl.redshift_game_load scheduled__2023-06-01T00:00:00+00:00 [queued]>
[2024-07-07T18:38:31.372+0000] {taskinstance.py:2306} INFO - Starting attempt 1 of 1
[2024-07-07T18:38:31.381+0000] {taskinstance.py:2330} INFO - Executing <Task(PythonOperator): redshift_game_load> on 2023-06-01 00:00:00+00:00
[2024-07-07T18:38:31.386+0000] {warnings.py:110} WARNING - /home/***/.local/lib/python3.12/site-packages/***/task/task_runner/standard_task_runner.py:61: DeprecationWarning: This process (pid=1575) is multi-threaded, use of fork() may lead to deadlocks in the child.
  pid = os.fork()

[2024-07-07T18:38:31.387+0000] {standard_task_runner.py:63} INFO - Started process 1578 to run task
[2024-07-07T18:38:31.387+0000] {standard_task_runner.py:90} INFO - Running: ['***', 'tasks', 'run', 'chess_etl', 'redshift_game_load', 'scheduled__2023-06-01T00:00:00+00:00', '--job-id', '464', '--pool', 'default_pool', '--raw', '--subdir', 'DAGS_FOLDER/chess_dag.py', '--cfg-path', '/tmp/tmpf93bkajh']
[2024-07-07T18:38:31.388+0000] {standard_task_runner.py:91} INFO - Job 464: Subtask redshift_game_load
[2024-07-07T18:38:31.420+0000] {task_command.py:426} INFO - Running <TaskInstance: chess_etl.redshift_game_load scheduled__2023-06-01T00:00:00+00:00 [running]> on host cb919e35e0e9
[2024-07-07T18:38:31.479+0000] {taskinstance.py:2648} INFO - Exporting env vars: AIRFLOW_CTX_DAG_OWNER='***' AIRFLOW_CTX_DAG_ID='chess_etl' AIRFLOW_CTX_TASK_ID='redshift_game_load' AIRFLOW_CTX_EXECUTION_DATE='2023-06-01T00:00:00+00:00' AIRFLOW_CTX_TRY_NUMBER='1' AIRFLOW_CTX_DAG_RUN_ID='scheduled__2023-06-01T00:00:00+00:00'
[2024-07-07T18:38:31.480+0000] {taskinstance.py:430} INFO - ::endgroup::
[2024-07-07T18:38:31.480+0000] {warnings.py:110} WARNING - /home/***/.local/lib/python3.12/site-packages/***/utils/context.py:320: AirflowContextDeprecationWarning: Accessing 'execution_date' from the template is deprecated and will be removed in a future version. Please use 'data_interval_start' or 'logical_date' instead.
  warnings.warn(_create_deprecation_warning(k, replacements))

[2024-07-07T18:38:31.486+0000] {base.py:84} INFO - Using connection ID 'chess_project_s3' for task execution.
[2024-07-07T18:38:32.254+0000] {base.py:84} INFO - Using connection ID 'chess_project_redshift' for task execution.
[2024-07-07T18:38:34.232+0000] {python.py:237} INFO - Done. Returned value was: None
[2024-07-07T18:38:34.232+0000] {taskinstance.py:441} INFO - ::group::Post task execution logs
[2024-07-07T18:38:34.238+0000] {taskinstance.py:1206} INFO - Marking task as SUCCESS. dag_id=chess_etl, task_id=redshift_game_load, run_id=scheduled__2023-06-01T00:00:00+00:00, execution_date=20230601T000000, start_date=20240707T183831, end_date=20240707T183834
[2024-07-07T18:38:34.288+0000] {local_task_job_runner.py:240} INFO - Task exited with return code 0
[2024-07-07T18:38:34.300+0000] {taskinstance.py:3498} INFO - 0 downstream tasks scheduled from follow-on schedule check
[2024-07-07T18:38:34.302+0000] {local_task_job_runner.py:222} INFO - ::endgroup::
[2024-07-08T04:51:20.818+0000] {local_task_job_runner.py:120} INFO - ::group::Pre task execution logs
[2024-07-08T04:51:20.833+0000] {taskinstance.py:2076} INFO - Dependencies all met for dep_context=non-requeueable deps ti=<TaskInstance: chess_etl.redshift_game_load scheduled__2023-06-01T00:00:00+00:00 [queued]>
[2024-07-08T04:51:20.839+0000] {taskinstance.py:2076} INFO - Dependencies all met for dep_context=requeueable deps ti=<TaskInstance: chess_etl.redshift_game_load scheduled__2023-06-01T00:00:00+00:00 [queued]>
[2024-07-08T04:51:20.839+0000] {taskinstance.py:2306} INFO - Starting attempt 1 of 1
[2024-07-08T04:51:20.848+0000] {taskinstance.py:2330} INFO - Executing <Task(PythonOperator): redshift_game_load> on 2023-06-01 00:00:00+00:00
[2024-07-08T04:51:20.856+0000] {warnings.py:110} WARNING - /home/***/.local/lib/python3.12/site-packages/***/task/task_runner/standard_task_runner.py:61: DeprecationWarning: This process (pid=52968) is multi-threaded, use of fork() may lead to deadlocks in the child.
  pid = os.fork()

[2024-07-08T04:51:20.857+0000] {standard_task_runner.py:63} INFO - Started process 52970 to run task
[2024-07-08T04:51:20.858+0000] {standard_task_runner.py:90} INFO - Running: ['***', 'tasks', 'run', 'chess_etl', 'redshift_game_load', 'scheduled__2023-06-01T00:00:00+00:00', '--job-id', '774', '--raw', '--subdir', 'DAGS_FOLDER/chess_dag.py', '--cfg-path', '/tmp/tmp8n9wtbch']
[2024-07-08T04:51:20.859+0000] {standard_task_runner.py:91} INFO - Job 774: Subtask redshift_game_load
[2024-07-08T04:51:20.896+0000] {task_command.py:426} INFO - Running <TaskInstance: chess_etl.redshift_game_load scheduled__2023-06-01T00:00:00+00:00 [running]> on host 6569f5155f0c
[2024-07-08T04:51:20.958+0000] {taskinstance.py:2648} INFO - Exporting env vars: AIRFLOW_CTX_DAG_OWNER='***' AIRFLOW_CTX_DAG_ID='chess_etl' AIRFLOW_CTX_TASK_ID='redshift_game_load' AIRFLOW_CTX_EXECUTION_DATE='2023-06-01T00:00:00+00:00' AIRFLOW_CTX_TRY_NUMBER='1' AIRFLOW_CTX_DAG_RUN_ID='scheduled__2023-06-01T00:00:00+00:00'
[2024-07-08T04:51:20.959+0000] {taskinstance.py:430} INFO - ::endgroup::
[2024-07-08T04:51:20.960+0000] {warnings.py:110} WARNING - /home/***/.local/lib/python3.12/site-packages/***/utils/context.py:320: AirflowContextDeprecationWarning: Accessing 'execution_date' from the template is deprecated and will be removed in a future version. Please use 'data_interval_start' or 'logical_date' instead.
  warnings.warn(_create_deprecation_warning(k, replacements))

[2024-07-08T04:51:20.966+0000] {base.py:84} INFO - Using connection ID 'chess_project_s3' for task execution.
[2024-07-08T04:51:21.788+0000] {base.py:84} INFO - Using connection ID 'chess_project_redshift' for task execution.
[2024-07-08T04:51:23.653+0000] {python.py:237} INFO - Done. Returned value was: None
[2024-07-08T04:51:23.654+0000] {taskinstance.py:441} INFO - ::group::Post task execution logs
[2024-07-08T04:51:23.661+0000] {taskinstance.py:1206} INFO - Marking task as SUCCESS. dag_id=chess_etl, task_id=redshift_game_load, run_id=scheduled__2023-06-01T00:00:00+00:00, execution_date=20230601T000000, start_date=20240708T045120, end_date=20240708T045123
[2024-07-08T04:51:23.678+0000] {local_task_job_runner.py:240} INFO - Task exited with return code 0
[2024-07-08T04:51:23.694+0000] {taskinstance.py:3498} INFO - 1 downstream tasks scheduled from follow-on schedule check
[2024-07-08T04:51:23.695+0000] {local_task_job_runner.py:222} INFO - ::endgroup::
