[2024-07-07T18:13:20.019+0000] {local_task_job_runner.py:120} INFO - ::group::Pre task execution logs
[2024-07-07T18:13:20.033+0000] {taskinstance.py:2076} INFO - Dependencies all met for dep_context=non-requeueable deps ti=<TaskInstance: chess_etl.redshift_game_load scheduled__2020-03-01T00:00:00+00:00 [queued]>
[2024-07-07T18:13:20.038+0000] {taskinstance.py:2076} INFO - Dependencies all met for dep_context=requeueable deps ti=<TaskInstance: chess_etl.redshift_game_load scheduled__2020-03-01T00:00:00+00:00 [queued]>
[2024-07-07T18:13:20.039+0000] {taskinstance.py:2306} INFO - Starting attempt 1 of 1
[2024-07-07T18:13:20.046+0000] {taskinstance.py:2330} INFO - Executing <Task(PythonOperator): redshift_game_load> on 2020-03-01 00:00:00+00:00
[2024-07-07T18:13:20.051+0000] {warnings.py:110} WARNING - /home/***/.local/lib/python3.12/site-packages/***/task/task_runner/standard_task_runner.py:61: DeprecationWarning: This process (pid=1047) is multi-threaded, use of fork() may lead to deadlocks in the child.
  pid = os.fork()

[2024-07-07T18:13:20.052+0000] {standard_task_runner.py:63} INFO - Started process 1050 to run task
[2024-07-07T18:13:20.052+0000] {standard_task_runner.py:90} INFO - Running: ['***', 'tasks', 'run', 'chess_etl', 'redshift_game_load', 'scheduled__2020-03-01T00:00:00+00:00', '--job-id', '421', '--pool', 'default_pool', '--raw', '--subdir', 'DAGS_FOLDER/chess_dag.py', '--cfg-path', '/tmp/tmptl28nc2l']
[2024-07-07T18:13:20.053+0000] {standard_task_runner.py:91} INFO - Job 421: Subtask redshift_game_load
[2024-07-07T18:13:20.082+0000] {task_command.py:426} INFO - Running <TaskInstance: chess_etl.redshift_game_load scheduled__2020-03-01T00:00:00+00:00 [running]> on host cb919e35e0e9
[2024-07-07T18:13:20.141+0000] {taskinstance.py:2648} INFO - Exporting env vars: AIRFLOW_CTX_DAG_OWNER='***' AIRFLOW_CTX_DAG_ID='chess_etl' AIRFLOW_CTX_TASK_ID='redshift_game_load' AIRFLOW_CTX_EXECUTION_DATE='2020-03-01T00:00:00+00:00' AIRFLOW_CTX_TRY_NUMBER='1' AIRFLOW_CTX_DAG_RUN_ID='scheduled__2020-03-01T00:00:00+00:00'
[2024-07-07T18:13:20.142+0000] {taskinstance.py:430} INFO - ::endgroup::
[2024-07-07T18:13:20.143+0000] {warnings.py:110} WARNING - /home/***/.local/lib/python3.12/site-packages/***/utils/context.py:320: AirflowContextDeprecationWarning: Accessing 'execution_date' from the template is deprecated and will be removed in a future version. Please use 'data_interval_start' or 'logical_date' instead.
  warnings.warn(_create_deprecation_warning(k, replacements))

[2024-07-07T18:13:20.149+0000] {base.py:84} INFO - Using connection ID 'chess_project_s3' for task execution.
[2024-07-07T18:13:21.188+0000] {logging_mixin.py:188} INFO - No games for period 2020_03
[2024-07-07T18:13:21.188+0000] {python.py:237} INFO - Done. Returned value was: None
[2024-07-07T18:13:21.189+0000] {taskinstance.py:441} INFO - ::group::Post task execution logs
[2024-07-07T18:13:21.194+0000] {taskinstance.py:1206} INFO - Marking task as SUCCESS. dag_id=chess_etl, task_id=redshift_game_load, run_id=scheduled__2020-03-01T00:00:00+00:00, execution_date=20200301T000000, start_date=20240707T181320, end_date=20240707T181321
[2024-07-07T18:13:21.228+0000] {local_task_job_runner.py:240} INFO - Task exited with return code 0
[2024-07-07T18:13:21.239+0000] {taskinstance.py:3498} INFO - 0 downstream tasks scheduled from follow-on schedule check
[2024-07-07T18:13:21.240+0000] {local_task_job_runner.py:222} INFO - ::endgroup::
[2024-07-07T21:21:01.249+0000] {local_task_job_runner.py:120} INFO - ::group::Pre task execution logs
[2024-07-07T21:21:01.265+0000] {taskinstance.py:2076} INFO - Dependencies all met for dep_context=non-requeueable deps ti=<TaskInstance: chess_etl.redshift_game_load scheduled__2020-03-01T00:00:00+00:00 [queued]>
[2024-07-07T21:21:01.272+0000] {taskinstance.py:2076} INFO - Dependencies all met for dep_context=requeueable deps ti=<TaskInstance: chess_etl.redshift_game_load scheduled__2020-03-01T00:00:00+00:00 [queued]>
[2024-07-07T21:21:01.272+0000] {taskinstance.py:2306} INFO - Starting attempt 1 of 1
[2024-07-07T21:21:01.284+0000] {taskinstance.py:2330} INFO - Executing <Task(PythonOperator): redshift_game_load> on 2020-03-01 00:00:00+00:00
[2024-07-07T21:21:01.291+0000] {warnings.py:110} WARNING - /home/***/.local/lib/python3.12/site-packages/***/task/task_runner/standard_task_runner.py:61: DeprecationWarning: This process (pid=1447) is multi-threaded, use of fork() may lead to deadlocks in the child.
  pid = os.fork()

[2024-07-07T21:21:01.293+0000] {standard_task_runner.py:63} INFO - Started process 1452 to run task
[2024-07-07T21:21:01.293+0000] {standard_task_runner.py:90} INFO - Running: ['***', 'tasks', 'run', 'chess_etl', 'redshift_game_load', 'scheduled__2020-03-01T00:00:00+00:00', '--job-id', '616', '--raw', '--subdir', 'DAGS_FOLDER/chess_dag.py', '--cfg-path', '/tmp/tmpy5issr4q']
[2024-07-07T21:21:01.294+0000] {standard_task_runner.py:91} INFO - Job 616: Subtask redshift_game_load
[2024-07-07T21:21:01.332+0000] {task_command.py:426} INFO - Running <TaskInstance: chess_etl.redshift_game_load scheduled__2020-03-01T00:00:00+00:00 [running]> on host 6569f5155f0c
[2024-07-07T21:21:01.390+0000] {taskinstance.py:2648} INFO - Exporting env vars: AIRFLOW_CTX_DAG_OWNER='***' AIRFLOW_CTX_DAG_ID='chess_etl' AIRFLOW_CTX_TASK_ID='redshift_game_load' AIRFLOW_CTX_EXECUTION_DATE='2020-03-01T00:00:00+00:00' AIRFLOW_CTX_TRY_NUMBER='1' AIRFLOW_CTX_DAG_RUN_ID='scheduled__2020-03-01T00:00:00+00:00'
[2024-07-07T21:21:01.391+0000] {taskinstance.py:430} INFO - ::endgroup::
[2024-07-07T21:21:01.392+0000] {warnings.py:110} WARNING - /home/***/.local/lib/python3.12/site-packages/***/utils/context.py:320: AirflowContextDeprecationWarning: Accessing 'execution_date' from the template is deprecated and will be removed in a future version. Please use 'data_interval_start' or 'logical_date' instead.
  warnings.warn(_create_deprecation_warning(k, replacements))

[2024-07-07T21:21:01.398+0000] {base.py:84} INFO - Using connection ID 'chess_project_s3' for task execution.
[2024-07-07T21:21:02.550+0000] {logging_mixin.py:188} INFO - No games for period 2020_03
[2024-07-07T21:21:02.550+0000] {python.py:237} INFO - Done. Returned value was: None
[2024-07-07T21:21:02.551+0000] {taskinstance.py:441} INFO - ::group::Post task execution logs
[2024-07-07T21:21:02.557+0000] {taskinstance.py:1206} INFO - Marking task as SUCCESS. dag_id=chess_etl, task_id=redshift_game_load, run_id=scheduled__2020-03-01T00:00:00+00:00, execution_date=20200301T000000, start_date=20240707T212101, end_date=20240707T212102
[2024-07-07T21:21:02.590+0000] {local_task_job_runner.py:240} INFO - Task exited with return code 0
[2024-07-07T21:21:02.604+0000] {taskinstance.py:3498} INFO - 1 downstream tasks scheduled from follow-on schedule check
[2024-07-07T21:21:02.606+0000] {local_task_job_runner.py:222} INFO - ::endgroup::
