[2024-06-03T19:35:03.790+0000] {local_task_job_runner.py:120} INFO - ::group::Pre task execution logs
[2024-06-03T19:35:03.806+0000] {taskinstance.py:2076} INFO - Dependencies all met for dep_context=non-requeueable deps ti=<TaskInstance: chess_etl.blunders_etl scheduled__2020-07-01T00:00:00+00:00 [queued]>
[2024-06-03T19:35:03.811+0000] {taskinstance.py:2076} INFO - Dependencies all met for dep_context=requeueable deps ti=<TaskInstance: chess_etl.blunders_etl scheduled__2020-07-01T00:00:00+00:00 [queued]>
[2024-06-03T19:35:03.812+0000] {taskinstance.py:2306} INFO - Starting attempt 1 of 1
[2024-06-03T19:35:03.822+0000] {taskinstance.py:2330} INFO - Executing <Task(PythonOperator): blunders_etl> on 2020-07-01 00:00:00+00:00
[2024-06-03T19:35:03.829+0000] {warnings.py:110} WARNING - /home/***/.local/lib/python3.12/site-packages/***/task/task_runner/standard_task_runner.py:61: DeprecationWarning: This process (pid=12074) is multi-threaded, use of fork() may lead to deadlocks in the child.
  pid = os.fork()

[2024-06-03T19:35:03.830+0000] {standard_task_runner.py:63} INFO - Started process 12076 to run task
[2024-06-03T19:35:03.830+0000] {standard_task_runner.py:90} INFO - Running: ['***', 'tasks', 'run', 'chess_etl', 'blunders_etl', 'scheduled__2020-07-01T00:00:00+00:00', '--job-id', '101', '--raw', '--subdir', 'DAGS_FOLDER/chess_dag.py', '--cfg-path', '/tmp/tmpy6wefqbm']
[2024-06-03T19:35:03.831+0000] {standard_task_runner.py:91} INFO - Job 101: Subtask blunders_etl
[2024-06-03T19:35:03.863+0000] {task_command.py:426} INFO - Running <TaskInstance: chess_etl.blunders_etl scheduled__2020-07-01T00:00:00+00:00 [running]> on host f55fff24b127
[2024-06-03T19:35:03.925+0000] {taskinstance.py:2648} INFO - Exporting env vars: AIRFLOW_CTX_DAG_OWNER='***' AIRFLOW_CTX_DAG_ID='chess_etl' AIRFLOW_CTX_TASK_ID='blunders_etl' AIRFLOW_CTX_EXECUTION_DATE='2020-07-01T00:00:00+00:00' AIRFLOW_CTX_TRY_NUMBER='1' AIRFLOW_CTX_DAG_RUN_ID='scheduled__2020-07-01T00:00:00+00:00'
[2024-06-03T19:35:03.927+0000] {taskinstance.py:430} INFO - ::endgroup::
[2024-06-03T19:35:03.927+0000] {warnings.py:110} WARNING - /home/***/.local/lib/python3.12/site-packages/***/utils/context.py:320: AirflowContextDeprecationWarning: Accessing 'execution_date' from the template is deprecated and will be removed in a future version. Please use 'data_interval_start' or 'logical_date' instead.
  warnings.warn(_create_deprecation_warning(k, replacements))

[2024-06-03T19:35:03.933+0000] {base.py:84} INFO - Using connection ID 'chess_project_s3' for task execution.
[2024-06-03T20:09:25.225+0000] {python.py:237} INFO - Done. Returned value was: None
[2024-06-03T20:09:25.226+0000] {taskinstance.py:441} INFO - ::group::Post task execution logs
[2024-06-03T20:09:25.237+0000] {taskinstance.py:1206} INFO - Marking task as SUCCESS. dag_id=chess_etl, task_id=blunders_etl, run_id=scheduled__2020-07-01T00:00:00+00:00, execution_date=20200701T000000, start_date=20240603T193503, end_date=20240603T200925
[2024-06-03T20:09:25.287+0000] {local_task_job_runner.py:240} INFO - Task exited with return code 0
[2024-06-03T20:09:25.302+0000] {taskinstance.py:3498} INFO - 0 downstream tasks scheduled from follow-on schedule check
[2024-06-03T20:09:25.304+0000] {local_task_job_runner.py:222} INFO - ::endgroup::
[2024-06-08T15:03:11.366+0000] {local_task_job_runner.py:120} INFO - ::group::Pre task execution logs
[2024-06-08T15:03:11.380+0000] {taskinstance.py:2076} INFO - Dependencies all met for dep_context=non-requeueable deps ti=<TaskInstance: chess_etl.blunders_etl scheduled__2020-07-01T00:00:00+00:00 [queued]>
[2024-06-08T15:03:11.385+0000] {taskinstance.py:2076} INFO - Dependencies all met for dep_context=requeueable deps ti=<TaskInstance: chess_etl.blunders_etl scheduled__2020-07-01T00:00:00+00:00 [queued]>
[2024-06-08T15:03:11.386+0000] {taskinstance.py:2306} INFO - Starting attempt 1 of 1
[2024-06-08T15:03:11.397+0000] {taskinstance.py:2330} INFO - Executing <Task(PythonOperator): blunders_etl> on 2020-07-01 00:00:00+00:00
[2024-06-08T15:03:11.402+0000] {warnings.py:110} WARNING - /home/***/.local/lib/python3.12/site-packages/***/task/task_runner/standard_task_runner.py:61: DeprecationWarning: This process (pid=527) is multi-threaded, use of fork() may lead to deadlocks in the child.
  pid = os.fork()

[2024-06-08T15:03:11.403+0000] {standard_task_runner.py:90} INFO - Running: ['***', 'tasks', 'run', 'chess_etl', 'blunders_etl', 'scheduled__2020-07-01T00:00:00+00:00', '--job-id', '274', '--raw', '--subdir', 'DAGS_FOLDER/chess_dag.py', '--cfg-path', '/tmp/tmpuiz64qco']
[2024-06-08T15:03:11.404+0000] {standard_task_runner.py:91} INFO - Job 274: Subtask blunders_etl
[2024-06-08T15:03:11.404+0000] {standard_task_runner.py:63} INFO - Started process 531 to run task
[2024-06-08T15:03:11.435+0000] {task_command.py:426} INFO - Running <TaskInstance: chess_etl.blunders_etl scheduled__2020-07-01T00:00:00+00:00 [running]> on host bf0ade909435
[2024-06-08T15:03:11.490+0000] {taskinstance.py:2648} INFO - Exporting env vars: AIRFLOW_CTX_DAG_OWNER='***' AIRFLOW_CTX_DAG_ID='chess_etl' AIRFLOW_CTX_TASK_ID='blunders_etl' AIRFLOW_CTX_EXECUTION_DATE='2020-07-01T00:00:00+00:00' AIRFLOW_CTX_TRY_NUMBER='1' AIRFLOW_CTX_DAG_RUN_ID='scheduled__2020-07-01T00:00:00+00:00'
[2024-06-08T15:03:11.492+0000] {taskinstance.py:430} INFO - ::endgroup::
[2024-06-08T15:03:11.492+0000] {warnings.py:110} WARNING - /home/***/.local/lib/python3.12/site-packages/***/utils/context.py:320: AirflowContextDeprecationWarning: Accessing 'execution_date' from the template is deprecated and will be removed in a future version. Please use 'data_interval_start' or 'logical_date' instead.
  warnings.warn(_create_deprecation_warning(k, replacements))

[2024-06-08T15:03:11.499+0000] {base.py:84} INFO - Using connection ID 'chess_project_s3' for task execution.
[2024-06-08T15:35:02.014+0000] {python.py:237} INFO - Done. Returned value was: None
[2024-06-08T15:35:02.015+0000] {taskinstance.py:441} INFO - ::group::Post task execution logs
[2024-06-08T15:35:02.025+0000] {taskinstance.py:1206} INFO - Marking task as SUCCESS. dag_id=chess_etl, task_id=blunders_etl, run_id=scheduled__2020-07-01T00:00:00+00:00, execution_date=20200701T000000, start_date=20240608T150311, end_date=20240608T153502
[2024-06-08T15:35:02.050+0000] {local_task_job_runner.py:240} INFO - Task exited with return code 0
[2024-06-08T15:35:02.066+0000] {taskinstance.py:3498} INFO - 0 downstream tasks scheduled from follow-on schedule check
[2024-06-08T15:35:02.068+0000] {local_task_job_runner.py:222} INFO - ::endgroup::
[2024-07-07T23:11:50.782+0000] {local_task_job_runner.py:120} INFO - ::group::Pre task execution logs
[2024-07-07T23:11:50.796+0000] {taskinstance.py:2076} INFO - Dependencies all met for dep_context=non-requeueable deps ti=<TaskInstance: chess_etl.blunders_etl scheduled__2020-07-01T00:00:00+00:00 [queued]>
[2024-07-07T23:11:50.801+0000] {taskinstance.py:2076} INFO - Dependencies all met for dep_context=requeueable deps ti=<TaskInstance: chess_etl.blunders_etl scheduled__2020-07-01T00:00:00+00:00 [queued]>
[2024-07-07T23:11:50.801+0000] {taskinstance.py:2306} INFO - Starting attempt 1 of 1
[2024-07-07T23:11:50.809+0000] {taskinstance.py:2330} INFO - Executing <Task(PythonOperator): blunders_etl> on 2020-07-01 00:00:00+00:00
[2024-07-07T23:11:50.815+0000] {warnings.py:110} WARNING - /home/***/.local/lib/python3.12/site-packages/***/task/task_runner/standard_task_runner.py:61: DeprecationWarning: This process (pid=13338) is multi-threaded, use of fork() may lead to deadlocks in the child.
  pid = os.fork()

[2024-07-07T23:11:50.816+0000] {standard_task_runner.py:63} INFO - Started process 13340 to run task
[2024-07-07T23:11:50.817+0000] {standard_task_runner.py:90} INFO - Running: ['***', 'tasks', 'run', 'chess_etl', 'blunders_etl', 'scheduled__2020-07-01T00:00:00+00:00', '--job-id', '629', '--raw', '--subdir', 'DAGS_FOLDER/chess_dag.py', '--cfg-path', '/tmp/tmp63y03oqu']
[2024-07-07T23:11:50.817+0000] {standard_task_runner.py:91} INFO - Job 629: Subtask blunders_etl
[2024-07-07T23:11:50.848+0000] {task_command.py:426} INFO - Running <TaskInstance: chess_etl.blunders_etl scheduled__2020-07-01T00:00:00+00:00 [running]> on host 6569f5155f0c
[2024-07-07T23:11:50.911+0000] {taskinstance.py:2648} INFO - Exporting env vars: AIRFLOW_CTX_DAG_OWNER='***' AIRFLOW_CTX_DAG_ID='chess_etl' AIRFLOW_CTX_TASK_ID='blunders_etl' AIRFLOW_CTX_EXECUTION_DATE='2020-07-01T00:00:00+00:00' AIRFLOW_CTX_TRY_NUMBER='1' AIRFLOW_CTX_DAG_RUN_ID='scheduled__2020-07-01T00:00:00+00:00'
[2024-07-07T23:11:50.912+0000] {taskinstance.py:430} INFO - ::endgroup::
[2024-07-07T23:11:50.913+0000] {warnings.py:110} WARNING - /home/***/.local/lib/python3.12/site-packages/***/utils/context.py:320: AirflowContextDeprecationWarning: Accessing 'execution_date' from the template is deprecated and will be removed in a future version. Please use 'data_interval_start' or 'logical_date' instead.
  warnings.warn(_create_deprecation_warning(k, replacements))

[2024-07-07T23:11:50.920+0000] {base.py:84} INFO - Using connection ID 'chess_project_s3' for task execution.
[2024-07-07T23:42:01.517+0000] {python.py:237} INFO - Done. Returned value was: None
[2024-07-07T23:42:01.518+0000] {taskinstance.py:441} INFO - ::group::Post task execution logs
[2024-07-07T23:42:01.526+0000] {taskinstance.py:1206} INFO - Marking task as SUCCESS. dag_id=chess_etl, task_id=blunders_etl, run_id=scheduled__2020-07-01T00:00:00+00:00, execution_date=20200701T000000, start_date=20240707T231150, end_date=20240707T234201
[2024-07-07T23:42:01.552+0000] {local_task_job_runner.py:240} INFO - Task exited with return code 0
[2024-07-07T23:42:01.572+0000] {taskinstance.py:3498} INFO - 1 downstream tasks scheduled from follow-on schedule check
[2024-07-07T23:42:01.574+0000] {local_task_job_runner.py:222} INFO - ::endgroup::
