[2024-06-04T01:56:26.400+0000] {local_task_job_runner.py:120} INFO - ::group::Pre task execution logs
[2024-06-04T01:56:26.414+0000] {taskinstance.py:2076} INFO - Dependencies all met for dep_context=non-requeueable deps ti=<TaskInstance: chess_etl.blunders_etl scheduled__2024-01-01T00:00:00+00:00 [queued]>
[2024-06-04T01:56:26.420+0000] {taskinstance.py:2076} INFO - Dependencies all met for dep_context=requeueable deps ti=<TaskInstance: chess_etl.blunders_etl scheduled__2024-01-01T00:00:00+00:00 [queued]>
[2024-06-04T01:56:26.420+0000] {taskinstance.py:2306} INFO - Starting attempt 1 of 1
[2024-06-04T01:56:26.430+0000] {taskinstance.py:2330} INFO - Executing <Task(PythonOperator): blunders_etl> on 2024-01-01 00:00:00+00:00
[2024-06-04T01:56:26.438+0000] {warnings.py:110} WARNING - /home/***/.local/lib/python3.12/site-packages/***/task/task_runner/standard_task_runner.py:61: DeprecationWarning: This process (pid=54291) is multi-threaded, use of fork() may lead to deadlocks in the child.
  pid = os.fork()

[2024-06-04T01:56:26.440+0000] {standard_task_runner.py:63} INFO - Started process 54300 to run task
[2024-06-04T01:56:26.439+0000] {standard_task_runner.py:90} INFO - Running: ['***', 'tasks', 'run', 'chess_etl', 'blunders_etl', 'scheduled__2024-01-01T00:00:00+00:00', '--job-id', '185', '--raw', '--subdir', 'DAGS_FOLDER/chess_dag.py', '--cfg-path', '/tmp/tmp1zubjg2m']
[2024-06-04T01:56:26.440+0000] {standard_task_runner.py:91} INFO - Job 185: Subtask blunders_etl
[2024-06-04T01:56:26.473+0000] {task_command.py:426} INFO - Running <TaskInstance: chess_etl.blunders_etl scheduled__2024-01-01T00:00:00+00:00 [running]> on host f55fff24b127
[2024-06-04T01:56:26.537+0000] {taskinstance.py:2648} INFO - Exporting env vars: AIRFLOW_CTX_DAG_OWNER='***' AIRFLOW_CTX_DAG_ID='chess_etl' AIRFLOW_CTX_TASK_ID='blunders_etl' AIRFLOW_CTX_EXECUTION_DATE='2024-01-01T00:00:00+00:00' AIRFLOW_CTX_TRY_NUMBER='1' AIRFLOW_CTX_DAG_RUN_ID='scheduled__2024-01-01T00:00:00+00:00'
[2024-06-04T01:56:26.538+0000] {taskinstance.py:430} INFO - ::endgroup::
[2024-06-04T01:56:26.539+0000] {warnings.py:110} WARNING - /home/***/.local/lib/python3.12/site-packages/***/utils/context.py:320: AirflowContextDeprecationWarning: Accessing 'execution_date' from the template is deprecated and will be removed in a future version. Please use 'data_interval_start' or 'logical_date' instead.
  warnings.warn(_create_deprecation_warning(k, replacements))

[2024-06-04T01:56:26.545+0000] {base.py:84} INFO - Using connection ID 'chess_project_s3' for task execution.
[2024-06-04T02:01:11.918+0000] {python.py:237} INFO - Done. Returned value was: None
[2024-06-04T02:01:11.919+0000] {taskinstance.py:441} INFO - ::group::Post task execution logs
[2024-06-04T02:01:11.926+0000] {taskinstance.py:1206} INFO - Marking task as SUCCESS. dag_id=chess_etl, task_id=blunders_etl, run_id=scheduled__2024-01-01T00:00:00+00:00, execution_date=20240101T000000, start_date=20240604T015626, end_date=20240604T020111
[2024-06-04T02:01:11.948+0000] {local_task_job_runner.py:240} INFO - Task exited with return code 0
[2024-06-04T02:01:11.961+0000] {taskinstance.py:3498} INFO - 0 downstream tasks scheduled from follow-on schedule check
[2024-06-04T02:01:11.963+0000] {local_task_job_runner.py:222} INFO - ::endgroup::
[2024-06-08T23:49:32.711+0000] {local_task_job_runner.py:120} INFO - ::group::Pre task execution logs
[2024-06-08T23:49:32.728+0000] {taskinstance.py:2076} INFO - Dependencies all met for dep_context=non-requeueable deps ti=<TaskInstance: chess_etl.blunders_etl scheduled__2024-01-01T00:00:00+00:00 [queued]>
[2024-06-08T23:49:32.735+0000] {taskinstance.py:2076} INFO - Dependencies all met for dep_context=requeueable deps ti=<TaskInstance: chess_etl.blunders_etl scheduled__2024-01-01T00:00:00+00:00 [queued]>
[2024-06-08T23:49:32.736+0000] {taskinstance.py:2306} INFO - Starting attempt 1 of 1
[2024-06-08T23:49:32.748+0000] {taskinstance.py:2330} INFO - Executing <Task(PythonOperator): blunders_etl> on 2024-01-01 00:00:00+00:00
[2024-06-08T23:49:32.756+0000] {warnings.py:110} WARNING - /home/***/.local/lib/python3.12/site-packages/***/task/task_runner/standard_task_runner.py:61: DeprecationWarning: This process (pid=54987) is multi-threaded, use of fork() may lead to deadlocks in the child.
  pid = os.fork()

[2024-06-08T23:49:32.758+0000] {standard_task_runner.py:63} INFO - Started process 54989 to run task
[2024-06-08T23:49:32.758+0000] {standard_task_runner.py:90} INFO - Running: ['***', 'tasks', 'run', 'chess_etl', 'blunders_etl', 'scheduled__2024-01-01T00:00:00+00:00', '--job-id', '361', '--raw', '--subdir', 'DAGS_FOLDER/chess_dag.py', '--cfg-path', '/tmp/tmpvhkrf8hf']
[2024-06-08T23:49:32.759+0000] {standard_task_runner.py:91} INFO - Job 361: Subtask blunders_etl
[2024-06-08T23:49:32.794+0000] {task_command.py:426} INFO - Running <TaskInstance: chess_etl.blunders_etl scheduled__2024-01-01T00:00:00+00:00 [running]> on host bf0ade909435
[2024-06-08T23:49:32.864+0000] {taskinstance.py:2648} INFO - Exporting env vars: AIRFLOW_CTX_DAG_OWNER='***' AIRFLOW_CTX_DAG_ID='chess_etl' AIRFLOW_CTX_TASK_ID='blunders_etl' AIRFLOW_CTX_EXECUTION_DATE='2024-01-01T00:00:00+00:00' AIRFLOW_CTX_TRY_NUMBER='1' AIRFLOW_CTX_DAG_RUN_ID='scheduled__2024-01-01T00:00:00+00:00'
[2024-06-08T23:49:32.866+0000] {taskinstance.py:430} INFO - ::endgroup::
[2024-06-08T23:49:32.867+0000] {warnings.py:110} WARNING - /home/***/.local/lib/python3.12/site-packages/***/utils/context.py:320: AirflowContextDeprecationWarning: Accessing 'execution_date' from the template is deprecated and will be removed in a future version. Please use 'data_interval_start' or 'logical_date' instead.
  warnings.warn(_create_deprecation_warning(k, replacements))

[2024-06-08T23:49:32.875+0000] {base.py:84} INFO - Using connection ID 'chess_project_s3' for task execution.
[2024-06-08T23:54:23.106+0000] {python.py:237} INFO - Done. Returned value was: None
[2024-06-08T23:54:23.107+0000] {taskinstance.py:441} INFO - ::group::Post task execution logs
[2024-06-08T23:54:23.114+0000] {taskinstance.py:1206} INFO - Marking task as SUCCESS. dag_id=chess_etl, task_id=blunders_etl, run_id=scheduled__2024-01-01T00:00:00+00:00, execution_date=20240101T000000, start_date=20240608T234932, end_date=20240608T235423
[2024-06-08T23:54:23.138+0000] {local_task_job_runner.py:240} INFO - Task exited with return code 0
[2024-06-08T23:54:23.149+0000] {taskinstance.py:3498} INFO - 0 downstream tasks scheduled from follow-on schedule check
[2024-06-08T23:54:23.150+0000] {local_task_job_runner.py:222} INFO - ::endgroup::
[2024-07-08T05:17:38.494+0000] {local_task_job_runner.py:120} INFO - ::group::Pre task execution logs
[2024-07-08T05:17:38.508+0000] {taskinstance.py:2076} INFO - Dependencies all met for dep_context=non-requeueable deps ti=<TaskInstance: chess_etl.blunders_etl scheduled__2024-01-01T00:00:00+00:00 [queued]>
[2024-07-08T05:17:38.513+0000] {taskinstance.py:2076} INFO - Dependencies all met for dep_context=requeueable deps ti=<TaskInstance: chess_etl.blunders_etl scheduled__2024-01-01T00:00:00+00:00 [queued]>
[2024-07-08T05:17:38.514+0000] {taskinstance.py:2306} INFO - Starting attempt 1 of 1
[2024-07-08T05:17:38.522+0000] {taskinstance.py:2330} INFO - Executing <Task(PythonOperator): blunders_etl> on 2024-01-01 00:00:00+00:00
[2024-07-08T05:17:38.531+0000] {standard_task_runner.py:90} INFO - Running: ['***', 'tasks', 'run', 'chess_etl', 'blunders_etl', 'scheduled__2024-01-01T00:00:00+00:00', '--job-id', '797', '--raw', '--subdir', 'DAGS_FOLDER/chess_dag.py', '--cfg-path', '/tmp/tmpiyxlxgmy']
[2024-07-08T05:17:38.530+0000] {warnings.py:110} WARNING - /home/***/.local/lib/python3.12/site-packages/***/task/task_runner/standard_task_runner.py:61: DeprecationWarning: This process (pid=55843) is multi-threaded, use of fork() may lead to deadlocks in the child.
  pid = os.fork()

[2024-07-08T05:17:38.532+0000] {standard_task_runner.py:91} INFO - Job 797: Subtask blunders_etl
[2024-07-08T05:17:38.532+0000] {standard_task_runner.py:63} INFO - Started process 55845 to run task
[2024-07-08T05:17:38.565+0000] {task_command.py:426} INFO - Running <TaskInstance: chess_etl.blunders_etl scheduled__2024-01-01T00:00:00+00:00 [running]> on host 6569f5155f0c
[2024-07-08T05:17:38.627+0000] {taskinstance.py:2648} INFO - Exporting env vars: AIRFLOW_CTX_DAG_OWNER='***' AIRFLOW_CTX_DAG_ID='chess_etl' AIRFLOW_CTX_TASK_ID='blunders_etl' AIRFLOW_CTX_EXECUTION_DATE='2024-01-01T00:00:00+00:00' AIRFLOW_CTX_TRY_NUMBER='1' AIRFLOW_CTX_DAG_RUN_ID='scheduled__2024-01-01T00:00:00+00:00'
[2024-07-08T05:17:38.628+0000] {taskinstance.py:430} INFO - ::endgroup::
[2024-07-08T05:17:38.629+0000] {warnings.py:110} WARNING - /home/***/.local/lib/python3.12/site-packages/***/utils/context.py:320: AirflowContextDeprecationWarning: Accessing 'execution_date' from the template is deprecated and will be removed in a future version. Please use 'data_interval_start' or 'logical_date' instead.
  warnings.warn(_create_deprecation_warning(k, replacements))

[2024-07-08T05:17:38.635+0000] {base.py:84} INFO - Using connection ID 'chess_project_s3' for task execution.
[2024-07-08T05:22:23.528+0000] {python.py:237} INFO - Done. Returned value was: None
[2024-07-08T05:22:23.529+0000] {taskinstance.py:441} INFO - ::group::Post task execution logs
[2024-07-08T05:22:23.535+0000] {taskinstance.py:1206} INFO - Marking task as SUCCESS. dag_id=chess_etl, task_id=blunders_etl, run_id=scheduled__2024-01-01T00:00:00+00:00, execution_date=20240101T000000, start_date=20240708T051738, end_date=20240708T052223
[2024-07-08T05:22:23.553+0000] {local_task_job_runner.py:240} INFO - Task exited with return code 0
[2024-07-08T05:22:23.568+0000] {taskinstance.py:3498} INFO - 1 downstream tasks scheduled from follow-on schedule check
[2024-07-08T05:22:23.569+0000] {local_task_job_runner.py:222} INFO - ::endgroup::
