[2024-06-04T01:47:40.643+0000] {local_task_job_runner.py:120} INFO - ::group::Pre task execution logs
[2024-06-04T01:47:40.661+0000] {taskinstance.py:2076} INFO - Dependencies all met for dep_context=non-requeueable deps ti=<TaskInstance: chess_etl.blunders_etl scheduled__2023-10-01T00:00:00+00:00 [queued]>
[2024-06-04T01:47:40.669+0000] {taskinstance.py:2076} INFO - Dependencies all met for dep_context=requeueable deps ti=<TaskInstance: chess_etl.blunders_etl scheduled__2023-10-01T00:00:00+00:00 [queued]>
[2024-06-04T01:47:40.669+0000] {taskinstance.py:2306} INFO - Starting attempt 1 of 1
[2024-06-04T01:47:40.679+0000] {taskinstance.py:2330} INFO - Executing <Task(PythonOperator): blunders_etl> on 2023-10-01 00:00:00+00:00
[2024-06-04T01:47:40.687+0000] {warnings.py:110} WARNING - /home/***/.local/lib/python3.12/site-packages/***/task/task_runner/standard_task_runner.py:61: DeprecationWarning: This process (pid=53325) is multi-threaded, use of fork() may lead to deadlocks in the child.
  pid = os.fork()

[2024-06-04T01:47:40.688+0000] {standard_task_runner.py:63} INFO - Started process 53327 to run task
[2024-06-04T01:47:40.688+0000] {standard_task_runner.py:90} INFO - Running: ['***', 'tasks', 'run', 'chess_etl', 'blunders_etl', 'scheduled__2023-10-01T00:00:00+00:00', '--job-id', '179', '--raw', '--subdir', 'DAGS_FOLDER/chess_dag.py', '--cfg-path', '/tmp/tmpdz7c8a0e']
[2024-06-04T01:47:40.689+0000] {standard_task_runner.py:91} INFO - Job 179: Subtask blunders_etl
[2024-06-04T01:47:40.723+0000] {task_command.py:426} INFO - Running <TaskInstance: chess_etl.blunders_etl scheduled__2023-10-01T00:00:00+00:00 [running]> on host f55fff24b127
[2024-06-04T01:47:40.791+0000] {taskinstance.py:2648} INFO - Exporting env vars: AIRFLOW_CTX_DAG_OWNER='***' AIRFLOW_CTX_DAG_ID='chess_etl' AIRFLOW_CTX_TASK_ID='blunders_etl' AIRFLOW_CTX_EXECUTION_DATE='2023-10-01T00:00:00+00:00' AIRFLOW_CTX_TRY_NUMBER='1' AIRFLOW_CTX_DAG_RUN_ID='scheduled__2023-10-01T00:00:00+00:00'
[2024-06-04T01:47:40.792+0000] {taskinstance.py:430} INFO - ::endgroup::
[2024-06-04T01:47:40.793+0000] {warnings.py:110} WARNING - /home/***/.local/lib/python3.12/site-packages/***/utils/context.py:320: AirflowContextDeprecationWarning: Accessing 'execution_date' from the template is deprecated and will be removed in a future version. Please use 'data_interval_start' or 'logical_date' instead.
  warnings.warn(_create_deprecation_warning(k, replacements))

[2024-06-04T01:47:40.799+0000] {base.py:84} INFO - Using connection ID 'chess_project_s3' for task execution.
[2024-06-04T01:48:26.255+0000] {python.py:237} INFO - Done. Returned value was: None
[2024-06-04T01:48:26.256+0000] {taskinstance.py:441} INFO - ::group::Post task execution logs
[2024-06-04T01:48:26.263+0000] {taskinstance.py:1206} INFO - Marking task as SUCCESS. dag_id=chess_etl, task_id=blunders_etl, run_id=scheduled__2023-10-01T00:00:00+00:00, execution_date=20231001T000000, start_date=20240604T014740, end_date=20240604T014826
[2024-06-04T01:48:26.295+0000] {local_task_job_runner.py:240} INFO - Task exited with return code 0
[2024-06-04T01:48:26.307+0000] {taskinstance.py:3498} INFO - 0 downstream tasks scheduled from follow-on schedule check
[2024-06-04T01:48:26.308+0000] {local_task_job_runner.py:222} INFO - ::endgroup::
[2024-06-08T23:40:32.758+0000] {local_task_job_runner.py:120} INFO - ::group::Pre task execution logs
[2024-06-08T23:40:32.774+0000] {taskinstance.py:2076} INFO - Dependencies all met for dep_context=non-requeueable deps ti=<TaskInstance: chess_etl.blunders_etl scheduled__2023-10-01T00:00:00+00:00 [queued]>
[2024-06-08T23:40:32.782+0000] {taskinstance.py:2076} INFO - Dependencies all met for dep_context=requeueable deps ti=<TaskInstance: chess_etl.blunders_etl scheduled__2023-10-01T00:00:00+00:00 [queued]>
[2024-06-08T23:40:32.783+0000] {taskinstance.py:2306} INFO - Starting attempt 1 of 1
[2024-06-08T23:40:32.794+0000] {taskinstance.py:2330} INFO - Executing <Task(PythonOperator): blunders_etl> on 2023-10-01 00:00:00+00:00
[2024-06-08T23:40:32.801+0000] {warnings.py:110} WARNING - /home/***/.local/lib/python3.12/site-packages/***/task/task_runner/standard_task_runner.py:61: DeprecationWarning: This process (pid=54021) is multi-threaded, use of fork() may lead to deadlocks in the child.
  pid = os.fork()

[2024-06-08T23:40:32.802+0000] {standard_task_runner.py:63} INFO - Started process 54023 to run task
[2024-06-08T23:40:32.802+0000] {standard_task_runner.py:90} INFO - Running: ['***', 'tasks', 'run', 'chess_etl', 'blunders_etl', 'scheduled__2023-10-01T00:00:00+00:00', '--job-id', '355', '--raw', '--subdir', 'DAGS_FOLDER/chess_dag.py', '--cfg-path', '/tmp/tmp2bzr9v_n']
[2024-06-08T23:40:32.803+0000] {standard_task_runner.py:91} INFO - Job 355: Subtask blunders_etl
[2024-06-08T23:40:32.836+0000] {task_command.py:426} INFO - Running <TaskInstance: chess_etl.blunders_etl scheduled__2023-10-01T00:00:00+00:00 [running]> on host bf0ade909435
[2024-06-08T23:40:32.897+0000] {taskinstance.py:2648} INFO - Exporting env vars: AIRFLOW_CTX_DAG_OWNER='***' AIRFLOW_CTX_DAG_ID='chess_etl' AIRFLOW_CTX_TASK_ID='blunders_etl' AIRFLOW_CTX_EXECUTION_DATE='2023-10-01T00:00:00+00:00' AIRFLOW_CTX_TRY_NUMBER='1' AIRFLOW_CTX_DAG_RUN_ID='scheduled__2023-10-01T00:00:00+00:00'
[2024-06-08T23:40:32.898+0000] {taskinstance.py:430} INFO - ::endgroup::
[2024-06-08T23:40:32.899+0000] {warnings.py:110} WARNING - /home/***/.local/lib/python3.12/site-packages/***/utils/context.py:320: AirflowContextDeprecationWarning: Accessing 'execution_date' from the template is deprecated and will be removed in a future version. Please use 'data_interval_start' or 'logical_date' instead.
  warnings.warn(_create_deprecation_warning(k, replacements))

[2024-06-08T23:40:32.906+0000] {base.py:84} INFO - Using connection ID 'chess_project_s3' for task execution.
[2024-06-08T23:41:19.093+0000] {python.py:237} INFO - Done. Returned value was: None
[2024-06-08T23:41:19.094+0000] {taskinstance.py:441} INFO - ::group::Post task execution logs
[2024-06-08T23:41:19.101+0000] {taskinstance.py:1206} INFO - Marking task as SUCCESS. dag_id=chess_etl, task_id=blunders_etl, run_id=scheduled__2023-10-01T00:00:00+00:00, execution_date=20231001T000000, start_date=20240608T234032, end_date=20240608T234119
[2024-06-08T23:41:19.146+0000] {local_task_job_runner.py:240} INFO - Task exited with return code 0
[2024-06-08T23:41:19.158+0000] {taskinstance.py:3498} INFO - 0 downstream tasks scheduled from follow-on schedule check
[2024-06-08T23:41:19.159+0000] {local_task_job_runner.py:222} INFO - ::endgroup::
[2024-07-08T05:08:42.198+0000] {local_task_job_runner.py:120} INFO - ::group::Pre task execution logs
[2024-07-08T05:08:42.212+0000] {taskinstance.py:2076} INFO - Dependencies all met for dep_context=non-requeueable deps ti=<TaskInstance: chess_etl.blunders_etl scheduled__2023-10-01T00:00:00+00:00 [queued]>
[2024-07-08T05:08:42.217+0000] {taskinstance.py:2076} INFO - Dependencies all met for dep_context=requeueable deps ti=<TaskInstance: chess_etl.blunders_etl scheduled__2023-10-01T00:00:00+00:00 [queued]>
[2024-07-08T05:08:42.218+0000] {taskinstance.py:2306} INFO - Starting attempt 1 of 1
[2024-07-08T05:08:42.226+0000] {taskinstance.py:2330} INFO - Executing <Task(PythonOperator): blunders_etl> on 2023-10-01 00:00:00+00:00
[2024-07-08T05:08:42.234+0000] {warnings.py:110} WARNING - /home/***/.local/lib/python3.12/site-packages/***/task/task_runner/standard_task_runner.py:61: DeprecationWarning: This process (pid=54824) is multi-threaded, use of fork() may lead to deadlocks in the child.
  pid = os.fork()

[2024-07-08T05:08:42.235+0000] {standard_task_runner.py:63} INFO - Started process 54834 to run task
[2024-07-08T05:08:42.235+0000] {standard_task_runner.py:90} INFO - Running: ['***', 'tasks', 'run', 'chess_etl', 'blunders_etl', 'scheduled__2023-10-01T00:00:00+00:00', '--job-id', '785', '--raw', '--subdir', 'DAGS_FOLDER/chess_dag.py', '--cfg-path', '/tmp/tmph6cynybm']
[2024-07-08T05:08:42.236+0000] {standard_task_runner.py:91} INFO - Job 785: Subtask blunders_etl
[2024-07-08T05:08:42.269+0000] {task_command.py:426} INFO - Running <TaskInstance: chess_etl.blunders_etl scheduled__2023-10-01T00:00:00+00:00 [running]> on host 6569f5155f0c
[2024-07-08T05:08:42.334+0000] {taskinstance.py:2648} INFO - Exporting env vars: AIRFLOW_CTX_DAG_OWNER='***' AIRFLOW_CTX_DAG_ID='chess_etl' AIRFLOW_CTX_TASK_ID='blunders_etl' AIRFLOW_CTX_EXECUTION_DATE='2023-10-01T00:00:00+00:00' AIRFLOW_CTX_TRY_NUMBER='1' AIRFLOW_CTX_DAG_RUN_ID='scheduled__2023-10-01T00:00:00+00:00'
[2024-07-08T05:08:42.336+0000] {taskinstance.py:430} INFO - ::endgroup::
[2024-07-08T05:08:42.336+0000] {warnings.py:110} WARNING - /home/***/.local/lib/python3.12/site-packages/***/utils/context.py:320: AirflowContextDeprecationWarning: Accessing 'execution_date' from the template is deprecated and will be removed in a future version. Please use 'data_interval_start' or 'logical_date' instead.
  warnings.warn(_create_deprecation_warning(k, replacements))

[2024-07-08T05:08:42.342+0000] {base.py:84} INFO - Using connection ID 'chess_project_s3' for task execution.
[2024-07-08T05:09:27.748+0000] {python.py:237} INFO - Done. Returned value was: None
[2024-07-08T05:09:27.749+0000] {taskinstance.py:441} INFO - ::group::Post task execution logs
[2024-07-08T05:09:27.756+0000] {taskinstance.py:1206} INFO - Marking task as SUCCESS. dag_id=chess_etl, task_id=blunders_etl, run_id=scheduled__2023-10-01T00:00:00+00:00, execution_date=20231001T000000, start_date=20240708T050842, end_date=20240708T050927
[2024-07-08T05:09:27.794+0000] {local_task_job_runner.py:240} INFO - Task exited with return code 0
[2024-07-08T05:09:27.809+0000] {taskinstance.py:3498} INFO - 0 downstream tasks scheduled from follow-on schedule check
[2024-07-08T05:09:27.810+0000] {local_task_job_runner.py:222} INFO - ::endgroup::
