[2024-07-07T18:10:37.657+0000] {local_task_job_runner.py:120} INFO - ::group::Pre task execution logs
[2024-07-07T18:10:37.673+0000] {taskinstance.py:2076} INFO - Dependencies all met for dep_context=non-requeueable deps ti=<TaskInstance: chess_etl.redshift_game_load scheduled__2019-08-01T00:00:00+00:00 [queued]>
[2024-07-07T18:10:37.681+0000] {taskinstance.py:2076} INFO - Dependencies all met for dep_context=requeueable deps ti=<TaskInstance: chess_etl.redshift_game_load scheduled__2019-08-01T00:00:00+00:00 [queued]>
[2024-07-07T18:10:37.681+0000] {taskinstance.py:2306} INFO - Starting attempt 1 of 1
[2024-07-07T18:10:37.691+0000] {taskinstance.py:2330} INFO - Executing <Task(PythonOperator): redshift_game_load> on 2019-08-01 00:00:00+00:00
[2024-07-07T18:10:37.697+0000] {warnings.py:110} WARNING - /home/***/.local/lib/python3.12/site-packages/***/task/task_runner/standard_task_runner.py:61: DeprecationWarning: This process (pid=941) is multi-threaded, use of fork() may lead to deadlocks in the child.
  pid = os.fork()

[2024-07-07T18:10:37.698+0000] {standard_task_runner.py:63} INFO - Started process 945 to run task
[2024-07-07T18:10:37.698+0000] {standard_task_runner.py:90} INFO - Running: ['***', 'tasks', 'run', 'chess_etl', 'redshift_game_load', 'scheduled__2019-08-01T00:00:00+00:00', '--job-id', '406', '--pool', 'default_pool', '--raw', '--subdir', 'DAGS_FOLDER/chess_dag.py', '--cfg-path', '/tmp/tmpeqn685yo']
[2024-07-07T18:10:37.699+0000] {standard_task_runner.py:91} INFO - Job 406: Subtask redshift_game_load
[2024-07-07T18:10:37.735+0000] {task_command.py:426} INFO - Running <TaskInstance: chess_etl.redshift_game_load scheduled__2019-08-01T00:00:00+00:00 [running]> on host cb919e35e0e9
[2024-07-07T18:10:37.796+0000] {taskinstance.py:2648} INFO - Exporting env vars: AIRFLOW_CTX_DAG_OWNER='***' AIRFLOW_CTX_DAG_ID='chess_etl' AIRFLOW_CTX_TASK_ID='redshift_game_load' AIRFLOW_CTX_EXECUTION_DATE='2019-08-01T00:00:00+00:00' AIRFLOW_CTX_TRY_NUMBER='1' AIRFLOW_CTX_DAG_RUN_ID='scheduled__2019-08-01T00:00:00+00:00'
[2024-07-07T18:10:37.796+0000] {taskinstance.py:430} INFO - ::endgroup::
[2024-07-07T18:10:37.797+0000] {warnings.py:110} WARNING - /home/***/.local/lib/python3.12/site-packages/***/utils/context.py:320: AirflowContextDeprecationWarning: Accessing 'execution_date' from the template is deprecated and will be removed in a future version. Please use 'data_interval_start' or 'logical_date' instead.
  warnings.warn(_create_deprecation_warning(k, replacements))

[2024-07-07T18:10:37.803+0000] {base.py:84} INFO - Using connection ID 'chess_project_s3' for task execution.
[2024-07-07T18:10:38.793+0000] {logging_mixin.py:188} INFO - No games for period 2019_08
[2024-07-07T18:10:38.794+0000] {python.py:237} INFO - Done. Returned value was: None
[2024-07-07T18:10:38.794+0000] {taskinstance.py:441} INFO - ::group::Post task execution logs
[2024-07-07T18:10:38.801+0000] {taskinstance.py:1206} INFO - Marking task as SUCCESS. dag_id=chess_etl, task_id=redshift_game_load, run_id=scheduled__2019-08-01T00:00:00+00:00, execution_date=20190801T000000, start_date=20240707T181037, end_date=20240707T181038
[2024-07-07T18:10:38.834+0000] {local_task_job_runner.py:240} INFO - Task exited with return code 0
[2024-07-07T18:10:38.850+0000] {taskinstance.py:3498} INFO - 1 downstream tasks scheduled from follow-on schedule check
[2024-07-07T18:10:38.851+0000] {local_task_job_runner.py:222} INFO - ::endgroup::
[2024-07-07T21:20:27.947+0000] {local_task_job_runner.py:120} INFO - ::group::Pre task execution logs
[2024-07-07T21:20:27.962+0000] {taskinstance.py:2076} INFO - Dependencies all met for dep_context=non-requeueable deps ti=<TaskInstance: chess_etl.redshift_game_load scheduled__2019-08-01T00:00:00+00:00 [queued]>
[2024-07-07T21:20:27.967+0000] {taskinstance.py:2076} INFO - Dependencies all met for dep_context=requeueable deps ti=<TaskInstance: chess_etl.redshift_game_load scheduled__2019-08-01T00:00:00+00:00 [queued]>
[2024-07-07T21:20:27.968+0000] {taskinstance.py:2306} INFO - Starting attempt 1 of 1
[2024-07-07T21:20:27.976+0000] {taskinstance.py:2330} INFO - Executing <Task(PythonOperator): redshift_game_load> on 2019-08-01 00:00:00+00:00
[2024-07-07T21:20:27.981+0000] {warnings.py:110} WARNING - /home/***/.local/lib/python3.12/site-packages/***/task/task_runner/standard_task_runner.py:61: DeprecationWarning: This process (pid=1328) is multi-threaded, use of fork() may lead to deadlocks in the child.
  pid = os.fork()

[2024-07-07T21:20:27.982+0000] {standard_task_runner.py:63} INFO - Started process 1331 to run task
[2024-07-07T21:20:27.982+0000] {standard_task_runner.py:90} INFO - Running: ['***', 'tasks', 'run', 'chess_etl', 'redshift_game_load', 'scheduled__2019-08-01T00:00:00+00:00', '--job-id', '590', '--raw', '--subdir', 'DAGS_FOLDER/chess_dag.py', '--cfg-path', '/tmp/tmpo5gcda2q']
[2024-07-07T21:20:27.983+0000] {standard_task_runner.py:91} INFO - Job 590: Subtask redshift_game_load
[2024-07-07T21:20:28.020+0000] {task_command.py:426} INFO - Running <TaskInstance: chess_etl.redshift_game_load scheduled__2019-08-01T00:00:00+00:00 [running]> on host 6569f5155f0c
[2024-07-07T21:20:28.083+0000] {taskinstance.py:2648} INFO - Exporting env vars: AIRFLOW_CTX_DAG_OWNER='***' AIRFLOW_CTX_DAG_ID='chess_etl' AIRFLOW_CTX_TASK_ID='redshift_game_load' AIRFLOW_CTX_EXECUTION_DATE='2019-08-01T00:00:00+00:00' AIRFLOW_CTX_TRY_NUMBER='1' AIRFLOW_CTX_DAG_RUN_ID='scheduled__2019-08-01T00:00:00+00:00'
[2024-07-07T21:20:28.084+0000] {taskinstance.py:430} INFO - ::endgroup::
[2024-07-07T21:20:28.085+0000] {warnings.py:110} WARNING - /home/***/.local/lib/python3.12/site-packages/***/utils/context.py:320: AirflowContextDeprecationWarning: Accessing 'execution_date' from the template is deprecated and will be removed in a future version. Please use 'data_interval_start' or 'logical_date' instead.
  warnings.warn(_create_deprecation_warning(k, replacements))

[2024-07-07T21:20:28.091+0000] {base.py:84} INFO - Using connection ID 'chess_project_s3' for task execution.
[2024-07-07T21:20:30.053+0000] {logging_mixin.py:188} INFO - No games for period 2019_08
[2024-07-07T21:20:30.054+0000] {python.py:237} INFO - Done. Returned value was: None
[2024-07-07T21:20:30.054+0000] {taskinstance.py:441} INFO - ::group::Post task execution logs
[2024-07-07T21:20:30.060+0000] {taskinstance.py:1206} INFO - Marking task as SUCCESS. dag_id=chess_etl, task_id=redshift_game_load, run_id=scheduled__2019-08-01T00:00:00+00:00, execution_date=20190801T000000, start_date=20240707T212027, end_date=20240707T212030
[2024-07-07T21:20:30.080+0000] {local_task_job_runner.py:240} INFO - Task exited with return code 0
[2024-07-07T21:20:30.096+0000] {taskinstance.py:3498} INFO - 1 downstream tasks scheduled from follow-on schedule check
[2024-07-07T21:20:30.098+0000] {local_task_job_runner.py:222} INFO - ::endgroup::
