[2024-06-03T22:17:31.099+0000] {local_task_job_runner.py:120} INFO - ::group::Pre task execution logs
[2024-06-03T22:17:31.119+0000] {taskinstance.py:2076} INFO - Dependencies all met for dep_context=non-requeueable deps ti=<TaskInstance: chess_etl.blunders_etl scheduled__2021-08-01T00:00:00+00:00 [queued]>
[2024-06-03T22:17:31.127+0000] {taskinstance.py:2076} INFO - Dependencies all met for dep_context=requeueable deps ti=<TaskInstance: chess_etl.blunders_etl scheduled__2021-08-01T00:00:00+00:00 [queued]>
[2024-06-03T22:17:31.128+0000] {taskinstance.py:2306} INFO - Starting attempt 1 of 1
[2024-06-03T22:17:31.141+0000] {taskinstance.py:2330} INFO - Executing <Task(PythonOperator): blunders_etl> on 2021-08-01 00:00:00+00:00
[2024-06-03T22:17:31.148+0000] {warnings.py:110} WARNING - /home/***/.local/lib/python3.12/site-packages/***/task/task_runner/standard_task_runner.py:61: DeprecationWarning: This process (pid=29553) is multi-threaded, use of fork() may lead to deadlocks in the child.
  pid = os.fork()

[2024-06-03T22:17:31.150+0000] {standard_task_runner.py:63} INFO - Started process 29562 to run task
[2024-06-03T22:17:31.150+0000] {standard_task_runner.py:90} INFO - Running: ['***', 'tasks', 'run', 'chess_etl', 'blunders_etl', 'scheduled__2021-08-01T00:00:00+00:00', '--job-id', '127', '--raw', '--subdir', 'DAGS_FOLDER/chess_dag.py', '--cfg-path', '/tmp/tmpyzanj5b1']
[2024-06-03T22:17:31.151+0000] {standard_task_runner.py:91} INFO - Job 127: Subtask blunders_etl
[2024-06-03T22:17:31.186+0000] {task_command.py:426} INFO - Running <TaskInstance: chess_etl.blunders_etl scheduled__2021-08-01T00:00:00+00:00 [running]> on host f55fff24b127
[2024-06-03T22:17:31.255+0000] {taskinstance.py:2648} INFO - Exporting env vars: AIRFLOW_CTX_DAG_OWNER='***' AIRFLOW_CTX_DAG_ID='chess_etl' AIRFLOW_CTX_TASK_ID='blunders_etl' AIRFLOW_CTX_EXECUTION_DATE='2021-08-01T00:00:00+00:00' AIRFLOW_CTX_TRY_NUMBER='1' AIRFLOW_CTX_DAG_RUN_ID='scheduled__2021-08-01T00:00:00+00:00'
[2024-06-03T22:17:31.256+0000] {taskinstance.py:430} INFO - ::endgroup::
[2024-06-03T22:17:31.257+0000] {warnings.py:110} WARNING - /home/***/.local/lib/python3.12/site-packages/***/utils/context.py:320: AirflowContextDeprecationWarning: Accessing 'execution_date' from the template is deprecated and will be removed in a future version. Please use 'data_interval_start' or 'logical_date' instead.
  warnings.warn(_create_deprecation_warning(k, replacements))

[2024-06-03T22:17:31.263+0000] {base.py:84} INFO - Using connection ID 'chess_project_s3' for task execution.
[2024-06-03T22:20:44.967+0000] {python.py:237} INFO - Done. Returned value was: None
[2024-06-03T22:20:44.968+0000] {taskinstance.py:441} INFO - ::group::Post task execution logs
[2024-06-03T22:20:44.976+0000] {taskinstance.py:1206} INFO - Marking task as SUCCESS. dag_id=chess_etl, task_id=blunders_etl, run_id=scheduled__2021-08-01T00:00:00+00:00, execution_date=20210801T000000, start_date=20240603T221731, end_date=20240603T222044
[2024-06-03T22:20:44.993+0000] {local_task_job_runner.py:240} INFO - Task exited with return code 0
[2024-06-03T22:20:45.006+0000] {taskinstance.py:3498} INFO - 0 downstream tasks scheduled from follow-on schedule check
[2024-06-03T22:20:45.008+0000] {local_task_job_runner.py:222} INFO - ::endgroup::
[2024-06-08T19:43:31.687+0000] {local_task_job_runner.py:120} INFO - ::group::Pre task execution logs
[2024-06-08T19:43:31.703+0000] {taskinstance.py:2076} INFO - Dependencies all met for dep_context=non-requeueable deps ti=<TaskInstance: chess_etl.blunders_etl scheduled__2021-08-01T00:00:00+00:00 [queued]>
[2024-06-08T19:43:31.710+0000] {taskinstance.py:2076} INFO - Dependencies all met for dep_context=requeueable deps ti=<TaskInstance: chess_etl.blunders_etl scheduled__2021-08-01T00:00:00+00:00 [queued]>
[2024-06-08T19:43:31.710+0000] {taskinstance.py:2306} INFO - Starting attempt 1 of 1
[2024-06-08T19:43:31.719+0000] {taskinstance.py:2330} INFO - Executing <Task(PythonOperator): blunders_etl> on 2021-08-01 00:00:00+00:00
[2024-06-08T19:43:31.726+0000] {warnings.py:110} WARNING - /home/***/.local/lib/python3.12/site-packages/***/task/task_runner/standard_task_runner.py:61: DeprecationWarning: This process (pid=29997) is multi-threaded, use of fork() may lead to deadlocks in the child.
  pid = os.fork()

[2024-06-08T19:43:31.728+0000] {standard_task_runner.py:63} INFO - Started process 29999 to run task
[2024-06-08T19:43:31.728+0000] {standard_task_runner.py:90} INFO - Running: ['***', 'tasks', 'run', 'chess_etl', 'blunders_etl', 'scheduled__2021-08-01T00:00:00+00:00', '--job-id', '303', '--raw', '--subdir', 'DAGS_FOLDER/chess_dag.py', '--cfg-path', '/tmp/tmpfyude7u_']
[2024-06-08T19:43:31.728+0000] {standard_task_runner.py:91} INFO - Job 303: Subtask blunders_etl
[2024-06-08T19:43:31.764+0000] {task_command.py:426} INFO - Running <TaskInstance: chess_etl.blunders_etl scheduled__2021-08-01T00:00:00+00:00 [running]> on host bf0ade909435
[2024-06-08T19:43:31.826+0000] {taskinstance.py:2648} INFO - Exporting env vars: AIRFLOW_CTX_DAG_OWNER='***' AIRFLOW_CTX_DAG_ID='chess_etl' AIRFLOW_CTX_TASK_ID='blunders_etl' AIRFLOW_CTX_EXECUTION_DATE='2021-08-01T00:00:00+00:00' AIRFLOW_CTX_TRY_NUMBER='1' AIRFLOW_CTX_DAG_RUN_ID='scheduled__2021-08-01T00:00:00+00:00'
[2024-06-08T19:43:31.828+0000] {taskinstance.py:430} INFO - ::endgroup::
[2024-06-08T19:43:31.829+0000] {warnings.py:110} WARNING - /home/***/.local/lib/python3.12/site-packages/***/utils/context.py:320: AirflowContextDeprecationWarning: Accessing 'execution_date' from the template is deprecated and will be removed in a future version. Please use 'data_interval_start' or 'logical_date' instead.
  warnings.warn(_create_deprecation_warning(k, replacements))

[2024-06-08T19:43:31.835+0000] {base.py:84} INFO - Using connection ID 'chess_project_s3' for task execution.
[2024-06-08T19:46:35.189+0000] {python.py:237} INFO - Done. Returned value was: None
[2024-06-08T19:46:35.190+0000] {taskinstance.py:441} INFO - ::group::Post task execution logs
[2024-06-08T19:46:35.197+0000] {taskinstance.py:1206} INFO - Marking task as SUCCESS. dag_id=chess_etl, task_id=blunders_etl, run_id=scheduled__2021-08-01T00:00:00+00:00, execution_date=20210801T000000, start_date=20240608T194331, end_date=20240608T194635
[2024-06-08T19:46:35.232+0000] {local_task_job_runner.py:240} INFO - Task exited with return code 0
[2024-06-08T19:46:35.244+0000] {taskinstance.py:3498} INFO - 0 downstream tasks scheduled from follow-on schedule check
[2024-06-08T19:46:35.245+0000] {local_task_job_runner.py:222} INFO - ::endgroup::
[2024-07-08T01:41:31.367+0000] {local_task_job_runner.py:120} INFO - ::group::Pre task execution logs
[2024-07-08T01:41:31.381+0000] {taskinstance.py:2076} INFO - Dependencies all met for dep_context=non-requeueable deps ti=<TaskInstance: chess_etl.blunders_etl scheduled__2021-08-01T00:00:00+00:00 [queued]>
[2024-07-08T01:41:31.387+0000] {taskinstance.py:2076} INFO - Dependencies all met for dep_context=requeueable deps ti=<TaskInstance: chess_etl.blunders_etl scheduled__2021-08-01T00:00:00+00:00 [queued]>
[2024-07-08T01:41:31.387+0000] {taskinstance.py:2306} INFO - Starting attempt 1 of 1
[2024-07-08T01:41:31.396+0000] {taskinstance.py:2330} INFO - Executing <Task(PythonOperator): blunders_etl> on 2021-08-01 00:00:00+00:00
[2024-07-08T01:41:31.403+0000] {warnings.py:110} WARNING - /home/***/.local/lib/python3.12/site-packages/***/task/task_runner/standard_task_runner.py:61: DeprecationWarning: This process (pid=30813) is multi-threaded, use of fork() may lead to deadlocks in the child.
  pid = os.fork()

[2024-07-08T01:41:31.405+0000] {standard_task_runner.py:63} INFO - Started process 30815 to run task
[2024-07-08T01:41:31.405+0000] {standard_task_runner.py:90} INFO - Running: ['***', 'tasks', 'run', 'chess_etl', 'blunders_etl', 'scheduled__2021-08-01T00:00:00+00:00', '--job-id', '681', '--raw', '--subdir', 'DAGS_FOLDER/chess_dag.py', '--cfg-path', '/tmp/tmp4n8r2ztu']
[2024-07-08T01:41:31.406+0000] {standard_task_runner.py:91} INFO - Job 681: Subtask blunders_etl
[2024-07-08T01:41:31.438+0000] {task_command.py:426} INFO - Running <TaskInstance: chess_etl.blunders_etl scheduled__2021-08-01T00:00:00+00:00 [running]> on host 6569f5155f0c
[2024-07-08T01:41:31.498+0000] {taskinstance.py:2648} INFO - Exporting env vars: AIRFLOW_CTX_DAG_OWNER='***' AIRFLOW_CTX_DAG_ID='chess_etl' AIRFLOW_CTX_TASK_ID='blunders_etl' AIRFLOW_CTX_EXECUTION_DATE='2021-08-01T00:00:00+00:00' AIRFLOW_CTX_TRY_NUMBER='1' AIRFLOW_CTX_DAG_RUN_ID='scheduled__2021-08-01T00:00:00+00:00'
[2024-07-08T01:41:31.499+0000] {taskinstance.py:430} INFO - ::endgroup::
[2024-07-08T01:41:31.500+0000] {warnings.py:110} WARNING - /home/***/.local/lib/python3.12/site-packages/***/utils/context.py:320: AirflowContextDeprecationWarning: Accessing 'execution_date' from the template is deprecated and will be removed in a future version. Please use 'data_interval_start' or 'logical_date' instead.
  warnings.warn(_create_deprecation_warning(k, replacements))

[2024-07-08T01:41:31.506+0000] {base.py:84} INFO - Using connection ID 'chess_project_s3' for task execution.
[2024-07-08T01:44:33.077+0000] {python.py:237} INFO - Done. Returned value was: None
[2024-07-08T01:44:33.078+0000] {taskinstance.py:441} INFO - ::group::Post task execution logs
[2024-07-08T01:44:33.085+0000] {taskinstance.py:1206} INFO - Marking task as SUCCESS. dag_id=chess_etl, task_id=blunders_etl, run_id=scheduled__2021-08-01T00:00:00+00:00, execution_date=20210801T000000, start_date=20240708T014131, end_date=20240708T014433
[2024-07-08T01:44:33.133+0000] {local_task_job_runner.py:240} INFO - Task exited with return code 0
[2024-07-08T01:44:33.149+0000] {taskinstance.py:3498} INFO - 1 downstream tasks scheduled from follow-on schedule check
[2024-07-08T01:44:33.151+0000] {local_task_job_runner.py:222} INFO - ::endgroup::
