[2024-07-07T19:02:09.416+0000] {local_task_job_runner.py:120} INFO - ::group::Pre task execution logs
[2024-07-07T19:02:09.432+0000] {taskinstance.py:2076} INFO - Dependencies all met for dep_context=non-requeueable deps ti=<TaskInstance: chess_etl.redshift_game_load backfill__2019-02-01T00:00:00+00:00 [queued]>
[2024-07-07T19:02:09.438+0000] {taskinstance.py:2076} INFO - Dependencies all met for dep_context=requeueable deps ti=<TaskInstance: chess_etl.redshift_game_load backfill__2019-02-01T00:00:00+00:00 [queued]>
[2024-07-07T19:02:09.438+0000] {taskinstance.py:2306} INFO - Starting attempt 1 of 1
[2024-07-07T19:02:09.448+0000] {taskinstance.py:2330} INFO - Executing <Task(PythonOperator): redshift_game_load> on 2019-02-01 00:00:00+00:00
[2024-07-07T19:02:09.454+0000] {warnings.py:110} WARNING - /home/***/.local/lib/python3.12/site-packages/***/task/task_runner/standard_task_runner.py:61: DeprecationWarning: This process (pid=67) is multi-threaded, use of fork() may lead to deadlocks in the child.
  pid = os.fork()

[2024-07-07T19:02:09.456+0000] {standard_task_runner.py:63} INFO - Started process 78 to run task
[2024-07-07T19:02:09.459+0000] {standard_task_runner.py:90} INFO - Running: ['***', 'tasks', 'run', 'chess_etl', 'redshift_game_load', 'backfill__2019-02-01T00:00:00+00:00', '--job-id', '485', '--pool', 'default_pool', '--raw', '--subdir', 'DAGS_FOLDER/chess_dag.py', '--cfg-path', '/tmp/tmpwfe0isha']
[2024-07-07T19:02:09.460+0000] {standard_task_runner.py:91} INFO - Job 485: Subtask redshift_game_load
[2024-07-07T19:02:09.500+0000] {task_command.py:426} INFO - Running <TaskInstance: chess_etl.redshift_game_load backfill__2019-02-01T00:00:00+00:00 [running]> on host 1c777a41c043
[2024-07-07T19:02:09.566+0000] {taskinstance.py:2648} INFO - Exporting env vars: AIRFLOW_CTX_DAG_OWNER='***' AIRFLOW_CTX_DAG_ID='chess_etl' AIRFLOW_CTX_TASK_ID='redshift_game_load' AIRFLOW_CTX_EXECUTION_DATE='2019-02-01T00:00:00+00:00' AIRFLOW_CTX_TRY_NUMBER='1' AIRFLOW_CTX_DAG_RUN_ID='backfill__2019-02-01T00:00:00+00:00'
[2024-07-07T19:02:09.568+0000] {taskinstance.py:430} INFO - ::endgroup::
[2024-07-07T19:02:09.569+0000] {warnings.py:110} WARNING - /home/***/.local/lib/python3.12/site-packages/***/utils/context.py:320: AirflowContextDeprecationWarning: Accessing 'execution_date' from the template is deprecated and will be removed in a future version. Please use 'data_interval_start' or 'logical_date' instead.
  warnings.warn(_create_deprecation_warning(k, replacements))

[2024-07-07T19:02:09.575+0000] {base.py:84} INFO - Using connection ID 'chess_project_s3' for task execution.
[2024-07-07T19:02:10.638+0000] {logging_mixin.py:188} INFO - No games for period 2019_02
[2024-07-07T19:02:10.638+0000] {python.py:237} INFO - Done. Returned value was: None
[2024-07-07T19:02:10.638+0000] {taskinstance.py:441} INFO - ::group::Post task execution logs
[2024-07-07T19:02:10.646+0000] {taskinstance.py:1206} INFO - Marking task as SUCCESS. dag_id=chess_etl, task_id=redshift_game_load, run_id=backfill__2019-02-01T00:00:00+00:00, execution_date=20190201T000000, start_date=20240707T190209, end_date=20240707T190210
[2024-07-07T19:02:10.673+0000] {local_task_job_runner.py:240} INFO - Task exited with return code 0
[2024-07-07T19:02:10.684+0000] {taskinstance.py:3498} INFO - 0 downstream tasks scheduled from follow-on schedule check
[2024-07-07T19:02:10.686+0000] {local_task_job_runner.py:222} INFO - ::endgroup::
[2024-07-07T20:48:57.818+0000] {local_task_job_runner.py:120} INFO - ::group::Pre task execution logs
[2024-07-07T20:48:57.837+0000] {taskinstance.py:2076} INFO - Dependencies all met for dep_context=non-requeueable deps ti=<TaskInstance: chess_etl.redshift_game_load backfill__2019-02-01T00:00:00+00:00 [queued]>
[2024-07-07T20:48:57.844+0000] {taskinstance.py:2076} INFO - Dependencies all met for dep_context=requeueable deps ti=<TaskInstance: chess_etl.redshift_game_load backfill__2019-02-01T00:00:00+00:00 [queued]>
[2024-07-07T20:48:57.844+0000] {taskinstance.py:2306} INFO - Starting attempt 1 of 1
[2024-07-07T20:48:57.857+0000] {taskinstance.py:2330} INFO - Executing <Task(PythonOperator): redshift_game_load> on 2019-02-01 00:00:00+00:00
[2024-07-07T20:48:57.863+0000] {warnings.py:110} WARNING - /home/***/.local/lib/python3.12/site-packages/***/task/task_runner/standard_task_runner.py:61: DeprecationWarning: This process (pid=470) is multi-threaded, use of fork() may lead to deadlocks in the child.
  pid = os.fork()

[2024-07-07T20:48:57.865+0000] {standard_task_runner.py:63} INFO - Started process 475 to run task
[2024-07-07T20:48:57.865+0000] {standard_task_runner.py:90} INFO - Running: ['***', 'tasks', 'run', 'chess_etl', 'redshift_game_load', 'backfill__2019-02-01T00:00:00+00:00', '--job-id', '527', '--pool', 'default_pool', '--raw', '--subdir', 'DAGS_FOLDER/chess_dag.py', '--cfg-path', '/tmp/tmpeih6hj0i']
[2024-07-07T20:48:57.867+0000] {standard_task_runner.py:91} INFO - Job 527: Subtask redshift_game_load
[2024-07-07T20:48:57.908+0000] {task_command.py:426} INFO - Running <TaskInstance: chess_etl.redshift_game_load backfill__2019-02-01T00:00:00+00:00 [running]> on host 6569f5155f0c
[2024-07-07T20:48:57.965+0000] {taskinstance.py:2648} INFO - Exporting env vars: AIRFLOW_CTX_DAG_OWNER='***' AIRFLOW_CTX_DAG_ID='chess_etl' AIRFLOW_CTX_TASK_ID='redshift_game_load' AIRFLOW_CTX_EXECUTION_DATE='2019-02-01T00:00:00+00:00' AIRFLOW_CTX_TRY_NUMBER='1' AIRFLOW_CTX_DAG_RUN_ID='backfill__2019-02-01T00:00:00+00:00'
[2024-07-07T20:48:57.967+0000] {taskinstance.py:430} INFO - ::endgroup::
[2024-07-07T20:48:57.967+0000] {warnings.py:110} WARNING - /home/***/.local/lib/python3.12/site-packages/***/utils/context.py:320: AirflowContextDeprecationWarning: Accessing 'execution_date' from the template is deprecated and will be removed in a future version. Please use 'data_interval_start' or 'logical_date' instead.
  warnings.warn(_create_deprecation_warning(k, replacements))

[2024-07-07T20:48:57.973+0000] {base.py:84} INFO - Using connection ID 'chess_project_s3' for task execution.
[2024-07-07T20:48:58.891+0000] {logging_mixin.py:188} INFO - No games for period 2019_02
[2024-07-07T20:48:58.891+0000] {python.py:237} INFO - Done. Returned value was: None
[2024-07-07T20:48:58.891+0000] {taskinstance.py:441} INFO - ::group::Post task execution logs
[2024-07-07T20:48:58.898+0000] {taskinstance.py:1206} INFO - Marking task as SUCCESS. dag_id=chess_etl, task_id=redshift_game_load, run_id=backfill__2019-02-01T00:00:00+00:00, execution_date=20190201T000000, start_date=20240707T204857, end_date=20240707T204858
[2024-07-07T20:48:58.922+0000] {local_task_job_runner.py:240} INFO - Task exited with return code 0
[2024-07-07T20:48:58.932+0000] {taskinstance.py:3498} INFO - 0 downstream tasks scheduled from follow-on schedule check
[2024-07-07T20:48:58.933+0000] {local_task_job_runner.py:222} INFO - ::endgroup::
