[2024-06-04T00:44:56.075+0000] {local_task_job_runner.py:120} INFO - ::group::Pre task execution logs
[2024-06-04T00:44:56.089+0000] {taskinstance.py:2076} INFO - Dependencies all met for dep_context=non-requeueable deps ti=<TaskInstance: chess_etl.blunders_etl scheduled__2023-03-01T00:00:00+00:00 [queued]>
[2024-06-04T00:44:56.095+0000] {taskinstance.py:2076} INFO - Dependencies all met for dep_context=requeueable deps ti=<TaskInstance: chess_etl.blunders_etl scheduled__2023-03-01T00:00:00+00:00 [queued]>
[2024-06-04T00:44:56.096+0000] {taskinstance.py:2306} INFO - Starting attempt 1 of 1
[2024-06-04T00:44:56.104+0000] {taskinstance.py:2330} INFO - Executing <Task(PythonOperator): blunders_etl> on 2023-03-01 00:00:00+00:00
[2024-06-04T00:44:56.111+0000] {warnings.py:110} WARNING - /home/***/.local/lib/python3.12/site-packages/***/task/task_runner/standard_task_runner.py:61: DeprecationWarning: This process (pid=46436) is multi-threaded, use of fork() may lead to deadlocks in the child.
  pid = os.fork()

[2024-06-04T00:44:56.112+0000] {standard_task_runner.py:63} INFO - Started process 46438 to run task
[2024-06-04T00:44:56.113+0000] {standard_task_runner.py:90} INFO - Running: ['***', 'tasks', 'run', 'chess_etl', 'blunders_etl', 'scheduled__2023-03-01T00:00:00+00:00', '--job-id', '165', '--raw', '--subdir', 'DAGS_FOLDER/chess_dag.py', '--cfg-path', '/tmp/tmpr6llbvck']
[2024-06-04T00:44:56.114+0000] {standard_task_runner.py:91} INFO - Job 165: Subtask blunders_etl
[2024-06-04T00:44:56.147+0000] {task_command.py:426} INFO - Running <TaskInstance: chess_etl.blunders_etl scheduled__2023-03-01T00:00:00+00:00 [running]> on host f55fff24b127
[2024-06-04T00:44:56.212+0000] {taskinstance.py:2648} INFO - Exporting env vars: AIRFLOW_CTX_DAG_OWNER='***' AIRFLOW_CTX_DAG_ID='chess_etl' AIRFLOW_CTX_TASK_ID='blunders_etl' AIRFLOW_CTX_EXECUTION_DATE='2023-03-01T00:00:00+00:00' AIRFLOW_CTX_TRY_NUMBER='1' AIRFLOW_CTX_DAG_RUN_ID='scheduled__2023-03-01T00:00:00+00:00'
[2024-06-04T00:44:56.213+0000] {taskinstance.py:430} INFO - ::endgroup::
[2024-06-04T00:44:56.214+0000] {warnings.py:110} WARNING - /home/***/.local/lib/python3.12/site-packages/***/utils/context.py:320: AirflowContextDeprecationWarning: Accessing 'execution_date' from the template is deprecated and will be removed in a future version. Please use 'data_interval_start' or 'logical_date' instead.
  warnings.warn(_create_deprecation_warning(k, replacements))

[2024-06-04T00:44:56.220+0000] {base.py:84} INFO - Using connection ID 'chess_project_s3' for task execution.
[2024-06-04T00:56:46.264+0000] {python.py:237} INFO - Done. Returned value was: None
[2024-06-04T00:56:46.264+0000] {taskinstance.py:441} INFO - ::group::Post task execution logs
[2024-06-04T00:56:46.272+0000] {taskinstance.py:1206} INFO - Marking task as SUCCESS. dag_id=chess_etl, task_id=blunders_etl, run_id=scheduled__2023-03-01T00:00:00+00:00, execution_date=20230301T000000, start_date=20240604T004456, end_date=20240604T005646
[2024-06-04T00:56:46.306+0000] {local_task_job_runner.py:240} INFO - Task exited with return code 0
[2024-06-04T00:56:46.317+0000] {taskinstance.py:3498} INFO - 0 downstream tasks scheduled from follow-on schedule check
[2024-06-04T00:56:46.318+0000] {local_task_job_runner.py:222} INFO - ::endgroup::
[2024-06-08T22:34:25.361+0000] {local_task_job_runner.py:120} INFO - ::group::Pre task execution logs
[2024-06-08T22:34:25.381+0000] {taskinstance.py:2076} INFO - Dependencies all met for dep_context=non-requeueable deps ti=<TaskInstance: chess_etl.blunders_etl scheduled__2023-03-01T00:00:00+00:00 [queued]>
[2024-06-08T22:34:25.390+0000] {taskinstance.py:2076} INFO - Dependencies all met for dep_context=requeueable deps ti=<TaskInstance: chess_etl.blunders_etl scheduled__2023-03-01T00:00:00+00:00 [queued]>
[2024-06-08T22:34:25.391+0000] {taskinstance.py:2306} INFO - Starting attempt 1 of 1
[2024-06-08T22:34:25.405+0000] {taskinstance.py:2330} INFO - Executing <Task(PythonOperator): blunders_etl> on 2023-03-01 00:00:00+00:00
[2024-06-08T22:34:25.415+0000] {warnings.py:110} WARNING - /home/***/.local/lib/python3.12/site-packages/***/task/task_runner/standard_task_runner.py:61: DeprecationWarning: This process (pid=47112) is multi-threaded, use of fork() may lead to deadlocks in the child.
  pid = os.fork()

[2024-06-08T22:34:25.416+0000] {standard_task_runner.py:90} INFO - Running: ['***', 'tasks', 'run', 'chess_etl', 'blunders_etl', 'scheduled__2023-03-01T00:00:00+00:00', '--job-id', '341', '--raw', '--subdir', 'DAGS_FOLDER/chess_dag.py', '--cfg-path', '/tmp/tmpwo2y3buk']
[2024-06-08T22:34:25.417+0000] {standard_task_runner.py:63} INFO - Started process 47114 to run task
[2024-06-08T22:34:25.417+0000] {standard_task_runner.py:91} INFO - Job 341: Subtask blunders_etl
[2024-06-08T22:34:25.464+0000] {task_command.py:426} INFO - Running <TaskInstance: chess_etl.blunders_etl scheduled__2023-03-01T00:00:00+00:00 [running]> on host bf0ade909435
[2024-06-08T22:34:25.548+0000] {taskinstance.py:2648} INFO - Exporting env vars: AIRFLOW_CTX_DAG_OWNER='***' AIRFLOW_CTX_DAG_ID='chess_etl' AIRFLOW_CTX_TASK_ID='blunders_etl' AIRFLOW_CTX_EXECUTION_DATE='2023-03-01T00:00:00+00:00' AIRFLOW_CTX_TRY_NUMBER='1' AIRFLOW_CTX_DAG_RUN_ID='scheduled__2023-03-01T00:00:00+00:00'
[2024-06-08T22:34:25.550+0000] {taskinstance.py:430} INFO - ::endgroup::
[2024-06-08T22:34:25.551+0000] {warnings.py:110} WARNING - /home/***/.local/lib/python3.12/site-packages/***/utils/context.py:320: AirflowContextDeprecationWarning: Accessing 'execution_date' from the template is deprecated and will be removed in a future version. Please use 'data_interval_start' or 'logical_date' instead.
  warnings.warn(_create_deprecation_warning(k, replacements))

[2024-06-08T22:34:25.560+0000] {base.py:84} INFO - Using connection ID 'chess_project_s3' for task execution.
[2024-06-08T22:48:42.891+0000] {python.py:237} INFO - Done. Returned value was: None
[2024-06-08T22:48:42.891+0000] {taskinstance.py:441} INFO - ::group::Post task execution logs
[2024-06-08T22:48:42.901+0000] {taskinstance.py:1206} INFO - Marking task as SUCCESS. dag_id=chess_etl, task_id=blunders_etl, run_id=scheduled__2023-03-01T00:00:00+00:00, execution_date=20230301T000000, start_date=20240608T223425, end_date=20240608T224842
[2024-06-08T22:48:42.940+0000] {local_task_job_runner.py:240} INFO - Task exited with return code 0
[2024-06-08T22:48:42.953+0000] {taskinstance.py:3498} INFO - 0 downstream tasks scheduled from follow-on schedule check
[2024-06-08T22:48:42.954+0000] {local_task_job_runner.py:222} INFO - ::endgroup::
[2024-07-08T04:05:20.676+0000] {local_task_job_runner.py:120} INFO - ::group::Pre task execution logs
[2024-07-08T04:05:20.691+0000] {taskinstance.py:2076} INFO - Dependencies all met for dep_context=non-requeueable deps ti=<TaskInstance: chess_etl.blunders_etl scheduled__2023-03-01T00:00:00+00:00 [queued]>
[2024-07-08T04:05:20.698+0000] {taskinstance.py:2076} INFO - Dependencies all met for dep_context=requeueable deps ti=<TaskInstance: chess_etl.blunders_etl scheduled__2023-03-01T00:00:00+00:00 [queued]>
[2024-07-08T04:05:20.698+0000] {taskinstance.py:2306} INFO - Starting attempt 1 of 1
[2024-07-08T04:05:20.706+0000] {taskinstance.py:2330} INFO - Executing <Task(PythonOperator): blunders_etl> on 2023-03-01 00:00:00+00:00
[2024-07-08T04:05:20.714+0000] {warnings.py:110} WARNING - /home/***/.local/lib/python3.12/site-packages/***/task/task_runner/standard_task_runner.py:61: DeprecationWarning: This process (pid=47828) is multi-threaded, use of fork() may lead to deadlocks in the child.
  pid = os.fork()

[2024-07-08T04:05:20.715+0000] {standard_task_runner.py:63} INFO - Started process 47830 to run task
[2024-07-08T04:05:20.715+0000] {standard_task_runner.py:90} INFO - Running: ['***', 'tasks', 'run', 'chess_etl', 'blunders_etl', 'scheduled__2023-03-01T00:00:00+00:00', '--job-id', '757', '--raw', '--subdir', 'DAGS_FOLDER/chess_dag.py', '--cfg-path', '/tmp/tmpxhjlko6u']
[2024-07-08T04:05:20.716+0000] {standard_task_runner.py:91} INFO - Job 757: Subtask blunders_etl
[2024-07-08T04:05:20.749+0000] {task_command.py:426} INFO - Running <TaskInstance: chess_etl.blunders_etl scheduled__2023-03-01T00:00:00+00:00 [running]> on host 6569f5155f0c
[2024-07-08T04:05:20.813+0000] {taskinstance.py:2648} INFO - Exporting env vars: AIRFLOW_CTX_DAG_OWNER='***' AIRFLOW_CTX_DAG_ID='chess_etl' AIRFLOW_CTX_TASK_ID='blunders_etl' AIRFLOW_CTX_EXECUTION_DATE='2023-03-01T00:00:00+00:00' AIRFLOW_CTX_TRY_NUMBER='1' AIRFLOW_CTX_DAG_RUN_ID='scheduled__2023-03-01T00:00:00+00:00'
[2024-07-08T04:05:20.814+0000] {taskinstance.py:430} INFO - ::endgroup::
[2024-07-08T04:05:20.815+0000] {warnings.py:110} WARNING - /home/***/.local/lib/python3.12/site-packages/***/utils/context.py:320: AirflowContextDeprecationWarning: Accessing 'execution_date' from the template is deprecated and will be removed in a future version. Please use 'data_interval_start' or 'logical_date' instead.
  warnings.warn(_create_deprecation_warning(k, replacements))

[2024-07-08T04:05:20.821+0000] {base.py:84} INFO - Using connection ID 'chess_project_s3' for task execution.
[2024-07-08T04:17:08.398+0000] {python.py:237} INFO - Done. Returned value was: None
[2024-07-08T04:17:08.399+0000] {taskinstance.py:441} INFO - ::group::Post task execution logs
[2024-07-08T04:17:08.405+0000] {taskinstance.py:1206} INFO - Marking task as SUCCESS. dag_id=chess_etl, task_id=blunders_etl, run_id=scheduled__2023-03-01T00:00:00+00:00, execution_date=20230301T000000, start_date=20240708T040520, end_date=20240708T041708
[2024-07-08T04:17:08.438+0000] {local_task_job_runner.py:240} INFO - Task exited with return code 0
[2024-07-08T04:17:08.454+0000] {taskinstance.py:3498} INFO - 1 downstream tasks scheduled from follow-on schedule check
[2024-07-08T04:17:08.456+0000] {local_task_job_runner.py:222} INFO - ::endgroup::
