[2024-06-04T02:04:20.887+0000] {local_task_job_runner.py:120} INFO - ::group::Pre task execution logs
[2024-06-04T02:04:20.901+0000] {taskinstance.py:2076} INFO - Dependencies all met for dep_context=non-requeueable deps ti=<TaskInstance: chess_etl.games_etl scheduled__2024-03-01T00:00:00+00:00 [queued]>
[2024-06-04T02:04:20.906+0000] {taskinstance.py:2076} INFO - Dependencies all met for dep_context=requeueable deps ti=<TaskInstance: chess_etl.games_etl scheduled__2024-03-01T00:00:00+00:00 [queued]>
[2024-06-04T02:04:20.907+0000] {taskinstance.py:2306} INFO - Starting attempt 1 of 1
[2024-06-04T02:04:20.915+0000] {taskinstance.py:2330} INFO - Executing <Task(PythonOperator): games_etl> on 2024-03-01 00:00:00+00:00
[2024-06-04T02:04:20.923+0000] {warnings.py:110} WARNING - /home/***/.local/lib/python3.12/site-packages/***/task/task_runner/standard_task_runner.py:61: DeprecationWarning: This process (pid=55179) is multi-threaded, use of fork() may lead to deadlocks in the child.
  pid = os.fork()

[2024-06-04T02:04:20.925+0000] {standard_task_runner.py:63} INFO - Started process 55181 to run task
[2024-06-04T02:04:20.924+0000] {standard_task_runner.py:90} INFO - Running: ['***', 'tasks', 'run', 'chess_etl', 'games_etl', 'scheduled__2024-03-01T00:00:00+00:00', '--job-id', '188', '--raw', '--subdir', 'DAGS_FOLDER/chess_dag.py', '--cfg-path', '/tmp/tmp6_1d3act']
[2024-06-04T02:04:20.925+0000] {standard_task_runner.py:91} INFO - Job 188: Subtask games_etl
[2024-06-04T02:04:20.963+0000] {task_command.py:426} INFO - Running <TaskInstance: chess_etl.games_etl scheduled__2024-03-01T00:00:00+00:00 [running]> on host f55fff24b127
[2024-06-04T02:04:21.032+0000] {taskinstance.py:2648} INFO - Exporting env vars: AIRFLOW_CTX_DAG_OWNER='***' AIRFLOW_CTX_DAG_ID='chess_etl' AIRFLOW_CTX_TASK_ID='games_etl' AIRFLOW_CTX_EXECUTION_DATE='2024-03-01T00:00:00+00:00' AIRFLOW_CTX_TRY_NUMBER='1' AIRFLOW_CTX_DAG_RUN_ID='scheduled__2024-03-01T00:00:00+00:00'
[2024-06-04T02:04:21.034+0000] {taskinstance.py:430} INFO - ::endgroup::
[2024-06-04T02:04:21.034+0000] {warnings.py:110} WARNING - /home/***/.local/lib/python3.12/site-packages/***/utils/context.py:320: AirflowContextDeprecationWarning: Accessing 'execution_date' from the template is deprecated and will be removed in a future version. Please use 'data_interval_start' or 'logical_date' instead.
  warnings.warn(_create_deprecation_warning(k, replacements))

[2024-06-04T02:04:21.459+0000] {base.py:84} INFO - Using connection ID 'chess_project_s3' for task execution.
[2024-06-04T02:04:22.060+0000] {python.py:237} INFO - Done. Returned value was: None
[2024-06-04T02:04:22.061+0000] {taskinstance.py:441} INFO - ::group::Post task execution logs
[2024-06-04T02:04:22.067+0000] {taskinstance.py:1206} INFO - Marking task as SUCCESS. dag_id=chess_etl, task_id=games_etl, run_id=scheduled__2024-03-01T00:00:00+00:00, execution_date=20240301T000000, start_date=20240604T020420, end_date=20240604T020422
[2024-06-04T02:04:22.102+0000] {local_task_job_runner.py:240} INFO - Task exited with return code 0
[2024-06-04T02:04:22.115+0000] {taskinstance.py:3498} INFO - 1 downstream tasks scheduled from follow-on schedule check
[2024-06-04T02:04:22.117+0000] {local_task_job_runner.py:222} INFO - ::endgroup::
[2024-06-08T23:57:37.149+0000] {local_task_job_runner.py:120} INFO - ::group::Pre task execution logs
[2024-06-08T23:57:37.166+0000] {taskinstance.py:2076} INFO - Dependencies all met for dep_context=non-requeueable deps ti=<TaskInstance: chess_etl.games_etl scheduled__2024-03-01T00:00:00+00:00 [queued]>
[2024-06-08T23:57:37.173+0000] {taskinstance.py:2076} INFO - Dependencies all met for dep_context=requeueable deps ti=<TaskInstance: chess_etl.games_etl scheduled__2024-03-01T00:00:00+00:00 [queued]>
[2024-06-08T23:57:37.173+0000] {taskinstance.py:2306} INFO - Starting attempt 1 of 1
[2024-06-08T23:57:37.185+0000] {taskinstance.py:2330} INFO - Executing <Task(PythonOperator): games_etl> on 2024-03-01 00:00:00+00:00
[2024-06-08T23:57:37.194+0000] {warnings.py:110} WARNING - /home/***/.local/lib/python3.12/site-packages/***/task/task_runner/standard_task_runner.py:61: DeprecationWarning: This process (pid=55885) is multi-threaded, use of fork() may lead to deadlocks in the child.
  pid = os.fork()

[2024-06-08T23:57:37.195+0000] {standard_task_runner.py:63} INFO - Started process 55887 to run task
[2024-06-08T23:57:37.195+0000] {standard_task_runner.py:90} INFO - Running: ['***', 'tasks', 'run', 'chess_etl', 'games_etl', 'scheduled__2024-03-01T00:00:00+00:00', '--job-id', '364', '--raw', '--subdir', 'DAGS_FOLDER/chess_dag.py', '--cfg-path', '/tmp/tmps4qpw4l7']
[2024-06-08T23:57:37.197+0000] {standard_task_runner.py:91} INFO - Job 364: Subtask games_etl
[2024-06-08T23:57:37.233+0000] {task_command.py:426} INFO - Running <TaskInstance: chess_etl.games_etl scheduled__2024-03-01T00:00:00+00:00 [running]> on host bf0ade909435
[2024-06-08T23:57:37.303+0000] {taskinstance.py:2648} INFO - Exporting env vars: AIRFLOW_CTX_DAG_OWNER='***' AIRFLOW_CTX_DAG_ID='chess_etl' AIRFLOW_CTX_TASK_ID='games_etl' AIRFLOW_CTX_EXECUTION_DATE='2024-03-01T00:00:00+00:00' AIRFLOW_CTX_TRY_NUMBER='1' AIRFLOW_CTX_DAG_RUN_ID='scheduled__2024-03-01T00:00:00+00:00'
[2024-06-08T23:57:37.304+0000] {taskinstance.py:430} INFO - ::endgroup::
[2024-06-08T23:57:37.305+0000] {warnings.py:110} WARNING - /home/***/.local/lib/python3.12/site-packages/***/utils/context.py:320: AirflowContextDeprecationWarning: Accessing 'execution_date' from the template is deprecated and will be removed in a future version. Please use 'data_interval_start' or 'logical_date' instead.
  warnings.warn(_create_deprecation_warning(k, replacements))

[2024-06-08T23:57:37.759+0000] {base.py:84} INFO - Using connection ID 'chess_project_s3' for task execution.
[2024-06-08T23:57:38.384+0000] {python.py:237} INFO - Done. Returned value was: None
[2024-06-08T23:57:38.385+0000] {taskinstance.py:441} INFO - ::group::Post task execution logs
[2024-06-08T23:57:38.392+0000] {taskinstance.py:1206} INFO - Marking task as SUCCESS. dag_id=chess_etl, task_id=games_etl, run_id=scheduled__2024-03-01T00:00:00+00:00, execution_date=20240301T000000, start_date=20240608T235737, end_date=20240608T235738
[2024-06-08T23:57:38.412+0000] {local_task_job_runner.py:240} INFO - Task exited with return code 0
[2024-06-08T23:57:38.428+0000] {taskinstance.py:3498} INFO - 1 downstream tasks scheduled from follow-on schedule check
[2024-06-08T23:57:38.429+0000] {local_task_job_runner.py:222} INFO - ::endgroup::
[2024-07-08T05:25:11.310+0000] {local_task_job_runner.py:120} INFO - ::group::Pre task execution logs
[2024-07-08T05:25:11.323+0000] {taskinstance.py:2076} INFO - Dependencies all met for dep_context=non-requeueable deps ti=<TaskInstance: chess_etl.games_etl scheduled__2024-03-01T00:00:00+00:00 [queued]>
[2024-07-08T05:25:11.329+0000] {taskinstance.py:2076} INFO - Dependencies all met for dep_context=requeueable deps ti=<TaskInstance: chess_etl.games_etl scheduled__2024-03-01T00:00:00+00:00 [queued]>
[2024-07-08T05:25:11.329+0000] {taskinstance.py:2306} INFO - Starting attempt 1 of 1
[2024-07-08T05:25:11.338+0000] {taskinstance.py:2330} INFO - Executing <Task(PythonOperator): games_etl> on 2024-03-01 00:00:00+00:00
[2024-07-08T05:25:11.346+0000] {warnings.py:110} WARNING - /home/***/.local/lib/python3.12/site-packages/***/task/task_runner/standard_task_runner.py:61: DeprecationWarning: This process (pid=56696) is multi-threaded, use of fork() may lead to deadlocks in the child.
  pid = os.fork()

[2024-07-08T05:25:11.347+0000] {standard_task_runner.py:90} INFO - Running: ['***', 'tasks', 'run', 'chess_etl', 'games_etl', 'scheduled__2024-03-01T00:00:00+00:00', '--job-id', '804', '--raw', '--subdir', 'DAGS_FOLDER/chess_dag.py', '--cfg-path', '/tmp/tmpu5_js3zj']
[2024-07-08T05:25:11.347+0000] {standard_task_runner.py:63} INFO - Started process 56698 to run task
[2024-07-08T05:25:11.347+0000] {standard_task_runner.py:91} INFO - Job 804: Subtask games_etl
[2024-07-08T05:25:11.381+0000] {task_command.py:426} INFO - Running <TaskInstance: chess_etl.games_etl scheduled__2024-03-01T00:00:00+00:00 [running]> on host 6569f5155f0c
[2024-07-08T05:25:11.441+0000] {taskinstance.py:2648} INFO - Exporting env vars: AIRFLOW_CTX_DAG_OWNER='***' AIRFLOW_CTX_DAG_ID='chess_etl' AIRFLOW_CTX_TASK_ID='games_etl' AIRFLOW_CTX_EXECUTION_DATE='2024-03-01T00:00:00+00:00' AIRFLOW_CTX_TRY_NUMBER='1' AIRFLOW_CTX_DAG_RUN_ID='scheduled__2024-03-01T00:00:00+00:00'
[2024-07-08T05:25:11.442+0000] {taskinstance.py:430} INFO - ::endgroup::
[2024-07-08T05:25:11.443+0000] {warnings.py:110} WARNING - /home/***/.local/lib/python3.12/site-packages/***/utils/context.py:320: AirflowContextDeprecationWarning: Accessing 'execution_date' from the template is deprecated and will be removed in a future version. Please use 'data_interval_start' or 'logical_date' instead.
  warnings.warn(_create_deprecation_warning(k, replacements))

[2024-07-08T05:25:11.845+0000] {base.py:84} INFO - Using connection ID 'chess_project_s3' for task execution.
[2024-07-08T05:25:12.423+0000] {python.py:237} INFO - Done. Returned value was: None
[2024-07-08T05:25:12.424+0000] {taskinstance.py:441} INFO - ::group::Post task execution logs
[2024-07-08T05:25:12.430+0000] {taskinstance.py:1206} INFO - Marking task as SUCCESS. dag_id=chess_etl, task_id=games_etl, run_id=scheduled__2024-03-01T00:00:00+00:00, execution_date=20240301T000000, start_date=20240708T052511, end_date=20240708T052512
[2024-07-08T05:25:12.484+0000] {local_task_job_runner.py:240} INFO - Task exited with return code 0
[2024-07-08T05:25:12.503+0000] {taskinstance.py:3498} INFO - 1 downstream tasks scheduled from follow-on schedule check
[2024-07-08T05:25:12.505+0000] {local_task_job_runner.py:222} INFO - ::endgroup::
