[2024-07-07T18:34:41.359+0000] {local_task_job_runner.py:120} INFO - ::group::Pre task execution logs
[2024-07-07T18:34:41.373+0000] {taskinstance.py:2076} INFO - Dependencies all met for dep_context=non-requeueable deps ti=<TaskInstance: chess_etl.redshift_game_load scheduled__2021-01-01T00:00:00+00:00 [queued]>
[2024-07-07T18:34:41.380+0000] {taskinstance.py:2076} INFO - Dependencies all met for dep_context=requeueable deps ti=<TaskInstance: chess_etl.redshift_game_load scheduled__2021-01-01T00:00:00+00:00 [queued]>
[2024-07-07T18:34:41.380+0000] {taskinstance.py:2306} INFO - Starting attempt 1 of 1
[2024-07-07T18:34:41.390+0000] {taskinstance.py:2330} INFO - Executing <Task(PythonOperator): redshift_game_load> on 2021-01-01 00:00:00+00:00
[2024-07-07T18:34:41.394+0000] {warnings.py:110} WARNING - /home/***/.local/lib/python3.12/site-packages/***/task/task_runner/standard_task_runner.py:61: DeprecationWarning: This process (pid=1377) is multi-threaded, use of fork() may lead to deadlocks in the child.
  pid = os.fork()

[2024-07-07T18:34:41.396+0000] {standard_task_runner.py:63} INFO - Started process 1381 to run task
[2024-07-07T18:34:41.396+0000] {standard_task_runner.py:90} INFO - Running: ['***', 'tasks', 'run', 'chess_etl', 'redshift_game_load', 'scheduled__2021-01-01T00:00:00+00:00', '--job-id', '437', '--pool', 'default_pool', '--raw', '--subdir', 'DAGS_FOLDER/chess_dag.py', '--cfg-path', '/tmp/tmpvnnb41vl']
[2024-07-07T18:34:41.397+0000] {standard_task_runner.py:91} INFO - Job 437: Subtask redshift_game_load
[2024-07-07T18:34:41.432+0000] {task_command.py:426} INFO - Running <TaskInstance: chess_etl.redshift_game_load scheduled__2021-01-01T00:00:00+00:00 [running]> on host cb919e35e0e9
[2024-07-07T18:34:41.492+0000] {taskinstance.py:2648} INFO - Exporting env vars: AIRFLOW_CTX_DAG_OWNER='***' AIRFLOW_CTX_DAG_ID='chess_etl' AIRFLOW_CTX_TASK_ID='redshift_game_load' AIRFLOW_CTX_EXECUTION_DATE='2021-01-01T00:00:00+00:00' AIRFLOW_CTX_TRY_NUMBER='1' AIRFLOW_CTX_DAG_RUN_ID='scheduled__2021-01-01T00:00:00+00:00'
[2024-07-07T18:34:41.493+0000] {taskinstance.py:430} INFO - ::endgroup::
[2024-07-07T18:34:41.494+0000] {warnings.py:110} WARNING - /home/***/.local/lib/python3.12/site-packages/***/utils/context.py:320: AirflowContextDeprecationWarning: Accessing 'execution_date' from the template is deprecated and will be removed in a future version. Please use 'data_interval_start' or 'logical_date' instead.
  warnings.warn(_create_deprecation_warning(k, replacements))

[2024-07-07T18:34:41.500+0000] {base.py:84} INFO - Using connection ID 'chess_project_s3' for task execution.
[2024-07-07T18:34:49.845+0000] {logging_mixin.py:188} INFO - No games for period 2021_01
[2024-07-07T18:34:49.845+0000] {python.py:237} INFO - Done. Returned value was: None
[2024-07-07T18:34:49.845+0000] {taskinstance.py:441} INFO - ::group::Post task execution logs
[2024-07-07T18:34:49.851+0000] {taskinstance.py:1206} INFO - Marking task as SUCCESS. dag_id=chess_etl, task_id=redshift_game_load, run_id=scheduled__2021-01-01T00:00:00+00:00, execution_date=20210101T000000, start_date=20240707T183441, end_date=20240707T183449
[2024-07-07T18:34:49.866+0000] {local_task_job_runner.py:240} INFO - Task exited with return code 0
[2024-07-07T18:34:49.877+0000] {taskinstance.py:3498} INFO - 0 downstream tasks scheduled from follow-on schedule check
[2024-07-07T18:34:49.878+0000] {local_task_job_runner.py:222} INFO - ::endgroup::
[2024-07-08T01:18:02.372+0000] {local_task_job_runner.py:120} INFO - ::group::Pre task execution logs
[2024-07-08T01:18:02.386+0000] {taskinstance.py:2076} INFO - Dependencies all met for dep_context=non-requeueable deps ti=<TaskInstance: chess_etl.redshift_game_load scheduled__2021-01-01T00:00:00+00:00 [queued]>
[2024-07-08T01:18:02.393+0000] {taskinstance.py:2076} INFO - Dependencies all met for dep_context=requeueable deps ti=<TaskInstance: chess_etl.redshift_game_load scheduled__2021-01-01T00:00:00+00:00 [queued]>
[2024-07-08T01:18:02.393+0000] {taskinstance.py:2306} INFO - Starting attempt 1 of 1
[2024-07-08T01:18:02.403+0000] {taskinstance.py:2330} INFO - Executing <Task(PythonOperator): redshift_game_load> on 2021-01-01 00:00:00+00:00
[2024-07-08T01:18:02.410+0000] {warnings.py:110} WARNING - /home/***/.local/lib/python3.12/site-packages/***/task/task_runner/standard_task_runner.py:61: DeprecationWarning: This process (pid=28028) is multi-threaded, use of fork() may lead to deadlocks in the child.
  pid = os.fork()

[2024-07-08T01:18:02.412+0000] {standard_task_runner.py:63} INFO - Started process 28030 to run task
[2024-07-08T01:18:02.412+0000] {standard_task_runner.py:90} INFO - Running: ['***', 'tasks', 'run', 'chess_etl', 'redshift_game_load', 'scheduled__2021-01-01T00:00:00+00:00', '--job-id', '658', '--raw', '--subdir', 'DAGS_FOLDER/chess_dag.py', '--cfg-path', '/tmp/tmpkzu5udbe']
[2024-07-08T01:18:02.413+0000] {standard_task_runner.py:91} INFO - Job 658: Subtask redshift_game_load
[2024-07-08T01:18:02.444+0000] {task_command.py:426} INFO - Running <TaskInstance: chess_etl.redshift_game_load scheduled__2021-01-01T00:00:00+00:00 [running]> on host 6569f5155f0c
[2024-07-08T01:18:02.500+0000] {taskinstance.py:2648} INFO - Exporting env vars: AIRFLOW_CTX_DAG_OWNER='***' AIRFLOW_CTX_DAG_ID='chess_etl' AIRFLOW_CTX_TASK_ID='redshift_game_load' AIRFLOW_CTX_EXECUTION_DATE='2021-01-01T00:00:00+00:00' AIRFLOW_CTX_TRY_NUMBER='1' AIRFLOW_CTX_DAG_RUN_ID='scheduled__2021-01-01T00:00:00+00:00'
[2024-07-08T01:18:02.502+0000] {taskinstance.py:430} INFO - ::endgroup::
[2024-07-08T01:18:02.503+0000] {warnings.py:110} WARNING - /home/***/.local/lib/python3.12/site-packages/***/utils/context.py:320: AirflowContextDeprecationWarning: Accessing 'execution_date' from the template is deprecated and will be removed in a future version. Please use 'data_interval_start' or 'logical_date' instead.
  warnings.warn(_create_deprecation_warning(k, replacements))

[2024-07-08T01:18:02.509+0000] {base.py:84} INFO - Using connection ID 'chess_project_s3' for task execution.
[2024-07-08T01:18:03.254+0000] {base.py:84} INFO - Using connection ID 'chess_project_redshift' for task execution.
[2024-07-08T01:18:05.164+0000] {python.py:237} INFO - Done. Returned value was: None
[2024-07-08T01:18:05.164+0000] {taskinstance.py:441} INFO - ::group::Post task execution logs
[2024-07-08T01:18:05.170+0000] {taskinstance.py:1206} INFO - Marking task as SUCCESS. dag_id=chess_etl, task_id=redshift_game_load, run_id=scheduled__2021-01-01T00:00:00+00:00, execution_date=20210101T000000, start_date=20240708T011802, end_date=20240708T011805
[2024-07-08T01:18:05.193+0000] {local_task_job_runner.py:240} INFO - Task exited with return code 0
[2024-07-08T01:18:05.208+0000] {taskinstance.py:3498} INFO - 1 downstream tasks scheduled from follow-on schedule check
[2024-07-08T01:18:05.209+0000] {local_task_job_runner.py:222} INFO - ::endgroup::
