[2024-07-07T18:11:27.533+0000] {local_task_job_runner.py:120} INFO - ::group::Pre task execution logs
[2024-07-07T18:11:27.549+0000] {taskinstance.py:2076} INFO - Dependencies all met for dep_context=non-requeueable deps ti=<TaskInstance: chess_etl.redshift_move_load scheduled__2019-11-01T00:00:00+00:00 [queued]>
[2024-07-07T18:11:27.555+0000] {taskinstance.py:2076} INFO - Dependencies all met for dep_context=requeueable deps ti=<TaskInstance: chess_etl.redshift_move_load scheduled__2019-11-01T00:00:00+00:00 [queued]>
[2024-07-07T18:11:27.556+0000] {taskinstance.py:2306} INFO - Starting attempt 1 of 1
[2024-07-07T18:11:27.566+0000] {taskinstance.py:2330} INFO - Executing <Task(PythonOperator): redshift_move_load> on 2019-11-01 00:00:00+00:00
[2024-07-07T18:11:27.571+0000] {warnings.py:110} WARNING - /home/***/.local/lib/python3.12/site-packages/***/task/task_runner/standard_task_runner.py:61: DeprecationWarning: This process (pid=1006) is multi-threaded, use of fork() may lead to deadlocks in the child.
  pid = os.fork()

[2024-07-07T18:11:27.573+0000] {standard_task_runner.py:63} INFO - Started process 1009 to run task
[2024-07-07T18:11:27.573+0000] {standard_task_runner.py:90} INFO - Running: ['***', 'tasks', 'run', 'chess_etl', 'redshift_move_load', 'scheduled__2019-11-01T00:00:00+00:00', '--job-id', '416', '--pool', 'default_pool', '--raw', '--subdir', 'DAGS_FOLDER/chess_dag.py', '--cfg-path', '/tmp/tmpdzxulln_']
[2024-07-07T18:11:27.574+0000] {standard_task_runner.py:91} INFO - Job 416: Subtask redshift_move_load
[2024-07-07T18:11:27.608+0000] {task_command.py:426} INFO - Running <TaskInstance: chess_etl.redshift_move_load scheduled__2019-11-01T00:00:00+00:00 [running]> on host cb919e35e0e9
[2024-07-07T18:11:27.668+0000] {taskinstance.py:2648} INFO - Exporting env vars: AIRFLOW_CTX_DAG_OWNER='***' AIRFLOW_CTX_DAG_ID='chess_etl' AIRFLOW_CTX_TASK_ID='redshift_move_load' AIRFLOW_CTX_EXECUTION_DATE='2019-11-01T00:00:00+00:00' AIRFLOW_CTX_TRY_NUMBER='1' AIRFLOW_CTX_DAG_RUN_ID='scheduled__2019-11-01T00:00:00+00:00'
[2024-07-07T18:11:27.669+0000] {taskinstance.py:430} INFO - ::endgroup::
[2024-07-07T18:11:27.669+0000] {warnings.py:110} WARNING - /home/***/.local/lib/python3.12/site-packages/***/utils/context.py:320: AirflowContextDeprecationWarning: Accessing 'execution_date' from the template is deprecated and will be removed in a future version. Please use 'data_interval_start' or 'logical_date' instead.
  warnings.warn(_create_deprecation_warning(k, replacements))

[2024-07-07T18:11:27.675+0000] {base.py:84} INFO - Using connection ID 'chess_project_s3' for task execution.
[2024-07-07T18:11:28.542+0000] {logging_mixin.py:188} INFO - No games for period 2019_11
[2024-07-07T18:11:28.542+0000] {python.py:237} INFO - Done. Returned value was: None
[2024-07-07T18:11:28.543+0000] {taskinstance.py:441} INFO - ::group::Post task execution logs
[2024-07-07T18:11:28.548+0000] {taskinstance.py:1206} INFO - Marking task as SUCCESS. dag_id=chess_etl, task_id=redshift_move_load, run_id=scheduled__2019-11-01T00:00:00+00:00, execution_date=20191101T000000, start_date=20240707T181127, end_date=20240707T181128
[2024-07-07T18:11:28.588+0000] {local_task_job_runner.py:240} INFO - Task exited with return code 0
[2024-07-07T18:11:28.599+0000] {taskinstance.py:3498} INFO - 0 downstream tasks scheduled from follow-on schedule check
[2024-07-07T18:11:28.601+0000] {local_task_job_runner.py:222} INFO - ::endgroup::
[2024-07-07T21:20:43.732+0000] {local_task_job_runner.py:120} INFO - ::group::Pre task execution logs
[2024-07-07T21:20:43.745+0000] {taskinstance.py:2076} INFO - Dependencies all met for dep_context=non-requeueable deps ti=<TaskInstance: chess_etl.redshift_move_load scheduled__2019-11-01T00:00:00+00:00 [queued]>
[2024-07-07T21:20:43.750+0000] {taskinstance.py:2076} INFO - Dependencies all met for dep_context=requeueable deps ti=<TaskInstance: chess_etl.redshift_move_load scheduled__2019-11-01T00:00:00+00:00 [queued]>
[2024-07-07T21:20:43.750+0000] {taskinstance.py:2306} INFO - Starting attempt 1 of 1
[2024-07-07T21:20:43.758+0000] {taskinstance.py:2330} INFO - Executing <Task(PythonOperator): redshift_move_load> on 2019-11-01 00:00:00+00:00
[2024-07-07T21:20:43.765+0000] {warnings.py:110} WARNING - /home/***/.local/lib/python3.12/site-packages/***/task/task_runner/standard_task_runner.py:61: DeprecationWarning: This process (pid=1385) is multi-threaded, use of fork() may lead to deadlocks in the child.
  pid = os.fork()

[2024-07-07T21:20:43.766+0000] {standard_task_runner.py:63} INFO - Started process 1389 to run task
[2024-07-07T21:20:43.766+0000] {standard_task_runner.py:90} INFO - Running: ['***', 'tasks', 'run', 'chess_etl', 'redshift_move_load', 'scheduled__2019-11-01T00:00:00+00:00', '--job-id', '601', '--raw', '--subdir', 'DAGS_FOLDER/chess_dag.py', '--cfg-path', '/tmp/tmptqo5btih']
[2024-07-07T21:20:43.767+0000] {standard_task_runner.py:91} INFO - Job 601: Subtask redshift_move_load
[2024-07-07T21:20:43.799+0000] {task_command.py:426} INFO - Running <TaskInstance: chess_etl.redshift_move_load scheduled__2019-11-01T00:00:00+00:00 [running]> on host 6569f5155f0c
[2024-07-07T21:20:43.855+0000] {taskinstance.py:2648} INFO - Exporting env vars: AIRFLOW_CTX_DAG_OWNER='***' AIRFLOW_CTX_DAG_ID='chess_etl' AIRFLOW_CTX_TASK_ID='redshift_move_load' AIRFLOW_CTX_EXECUTION_DATE='2019-11-01T00:00:00+00:00' AIRFLOW_CTX_TRY_NUMBER='1' AIRFLOW_CTX_DAG_RUN_ID='scheduled__2019-11-01T00:00:00+00:00'
[2024-07-07T21:20:43.856+0000] {taskinstance.py:430} INFO - ::endgroup::
[2024-07-07T21:20:43.856+0000] {warnings.py:110} WARNING - /home/***/.local/lib/python3.12/site-packages/***/utils/context.py:320: AirflowContextDeprecationWarning: Accessing 'execution_date' from the template is deprecated and will be removed in a future version. Please use 'data_interval_start' or 'logical_date' instead.
  warnings.warn(_create_deprecation_warning(k, replacements))

[2024-07-07T21:20:43.862+0000] {base.py:84} INFO - Using connection ID 'chess_project_s3' for task execution.
[2024-07-07T21:20:44.820+0000] {logging_mixin.py:188} INFO - No games for period 2019_11
[2024-07-07T21:20:44.821+0000] {python.py:237} INFO - Done. Returned value was: None
[2024-07-07T21:20:44.821+0000] {taskinstance.py:441} INFO - ::group::Post task execution logs
[2024-07-07T21:20:44.827+0000] {taskinstance.py:1206} INFO - Marking task as SUCCESS. dag_id=chess_etl, task_id=redshift_move_load, run_id=scheduled__2019-11-01T00:00:00+00:00, execution_date=20191101T000000, start_date=20240707T212043, end_date=20240707T212044
[2024-07-07T21:20:44.861+0000] {local_task_job_runner.py:240} INFO - Task exited with return code 0
[2024-07-07T21:20:44.874+0000] {taskinstance.py:3498} INFO - 0 downstream tasks scheduled from follow-on schedule check
[2024-07-07T21:20:44.875+0000] {local_task_job_runner.py:222} INFO - ::endgroup::
