[2024-07-07T18:38:01.359+0000] {local_task_job_runner.py:120} INFO - ::group::Pre task execution logs
[2024-07-07T18:38:01.373+0000] {taskinstance.py:2076} INFO - Dependencies all met for dep_context=non-requeueable deps ti=<TaskInstance: chess_etl.redshift_game_load scheduled__2023-02-01T00:00:00+00:00 [queued]>
[2024-07-07T18:38:01.378+0000] {taskinstance.py:2076} INFO - Dependencies all met for dep_context=requeueable deps ti=<TaskInstance: chess_etl.redshift_game_load scheduled__2023-02-01T00:00:00+00:00 [queued]>
[2024-07-07T18:38:01.379+0000] {taskinstance.py:2306} INFO - Starting attempt 1 of 1
[2024-07-07T18:38:01.387+0000] {taskinstance.py:2330} INFO - Executing <Task(PythonOperator): redshift_game_load> on 2023-02-01 00:00:00+00:00
[2024-07-07T18:38:01.392+0000] {warnings.py:110} WARNING - /home/***/.local/lib/python3.12/site-packages/***/task/task_runner/standard_task_runner.py:61: DeprecationWarning: This process (pid=1548) is multi-threaded, use of fork() may lead to deadlocks in the child.
  pid = os.fork()

[2024-07-07T18:38:01.393+0000] {standard_task_runner.py:63} INFO - Started process 1551 to run task
[2024-07-07T18:38:01.393+0000] {standard_task_runner.py:90} INFO - Running: ['***', 'tasks', 'run', 'chess_etl', 'redshift_game_load', 'scheduled__2023-02-01T00:00:00+00:00', '--job-id', '460', '--pool', 'default_pool', '--raw', '--subdir', 'DAGS_FOLDER/chess_dag.py', '--cfg-path', '/tmp/tmphzw1kh2m']
[2024-07-07T18:38:01.394+0000] {standard_task_runner.py:91} INFO - Job 460: Subtask redshift_game_load
[2024-07-07T18:38:01.426+0000] {task_command.py:426} INFO - Running <TaskInstance: chess_etl.redshift_game_load scheduled__2023-02-01T00:00:00+00:00 [running]> on host cb919e35e0e9
[2024-07-07T18:38:01.484+0000] {taskinstance.py:2648} INFO - Exporting env vars: AIRFLOW_CTX_DAG_OWNER='***' AIRFLOW_CTX_DAG_ID='chess_etl' AIRFLOW_CTX_TASK_ID='redshift_game_load' AIRFLOW_CTX_EXECUTION_DATE='2023-02-01T00:00:00+00:00' AIRFLOW_CTX_TRY_NUMBER='1' AIRFLOW_CTX_DAG_RUN_ID='scheduled__2023-02-01T00:00:00+00:00'
[2024-07-07T18:38:01.485+0000] {taskinstance.py:430} INFO - ::endgroup::
[2024-07-07T18:38:01.486+0000] {warnings.py:110} WARNING - /home/***/.local/lib/python3.12/site-packages/***/utils/context.py:320: AirflowContextDeprecationWarning: Accessing 'execution_date' from the template is deprecated and will be removed in a future version. Please use 'data_interval_start' or 'logical_date' instead.
  warnings.warn(_create_deprecation_warning(k, replacements))

[2024-07-07T18:38:01.491+0000] {base.py:84} INFO - Using connection ID 'chess_project_s3' for task execution.
[2024-07-07T18:38:02.245+0000] {base.py:84} INFO - Using connection ID 'chess_project_redshift' for task execution.
[2024-07-07T18:38:04.354+0000] {python.py:237} INFO - Done. Returned value was: None
[2024-07-07T18:38:04.355+0000] {taskinstance.py:441} INFO - ::group::Post task execution logs
[2024-07-07T18:38:04.361+0000] {taskinstance.py:1206} INFO - Marking task as SUCCESS. dag_id=chess_etl, task_id=redshift_game_load, run_id=scheduled__2023-02-01T00:00:00+00:00, execution_date=20230201T000000, start_date=20240707T183801, end_date=20240707T183804
[2024-07-07T18:38:04.377+0000] {local_task_job_runner.py:240} INFO - Task exited with return code 0
[2024-07-07T18:38:04.392+0000] {taskinstance.py:3498} INFO - 0 downstream tasks scheduled from follow-on schedule check
[2024-07-07T18:38:04.393+0000] {local_task_job_runner.py:222} INFO - ::endgroup::
[2024-07-08T04:25:24.524+0000] {local_task_job_runner.py:120} INFO - ::group::Pre task execution logs
[2024-07-08T04:25:24.537+0000] {taskinstance.py:2076} INFO - Dependencies all met for dep_context=non-requeueable deps ti=<TaskInstance: chess_etl.redshift_game_load scheduled__2023-02-01T00:00:00+00:00 [queued]>
[2024-07-08T04:25:24.542+0000] {taskinstance.py:2076} INFO - Dependencies all met for dep_context=requeueable deps ti=<TaskInstance: chess_etl.redshift_game_load scheduled__2023-02-01T00:00:00+00:00 [queued]>
[2024-07-08T04:25:24.543+0000] {taskinstance.py:2306} INFO - Starting attempt 1 of 1
[2024-07-08T04:25:24.551+0000] {taskinstance.py:2330} INFO - Executing <Task(PythonOperator): redshift_game_load> on 2023-02-01 00:00:00+00:00
[2024-07-08T04:25:24.560+0000] {standard_task_runner.py:90} INFO - Running: ['***', 'tasks', 'run', 'chess_etl', 'redshift_game_load', 'scheduled__2023-02-01T00:00:00+00:00', '--job-id', '762', '--raw', '--subdir', 'DAGS_FOLDER/chess_dag.py', '--cfg-path', '/tmp/tmpkt9grhyt']
[2024-07-08T04:25:24.559+0000] {warnings.py:110} WARNING - /home/***/.local/lib/python3.12/site-packages/***/task/task_runner/standard_task_runner.py:61: DeprecationWarning: This process (pid=50145) is multi-threaded, use of fork() may lead to deadlocks in the child.
  pid = os.fork()

[2024-07-08T04:25:24.561+0000] {standard_task_runner.py:91} INFO - Job 762: Subtask redshift_game_load
[2024-07-08T04:25:24.561+0000] {standard_task_runner.py:63} INFO - Started process 50147 to run task
[2024-07-08T04:25:24.592+0000] {task_command.py:426} INFO - Running <TaskInstance: chess_etl.redshift_game_load scheduled__2023-02-01T00:00:00+00:00 [running]> on host 6569f5155f0c
[2024-07-08T04:25:24.656+0000] {taskinstance.py:2648} INFO - Exporting env vars: AIRFLOW_CTX_DAG_OWNER='***' AIRFLOW_CTX_DAG_ID='chess_etl' AIRFLOW_CTX_TASK_ID='redshift_game_load' AIRFLOW_CTX_EXECUTION_DATE='2023-02-01T00:00:00+00:00' AIRFLOW_CTX_TRY_NUMBER='1' AIRFLOW_CTX_DAG_RUN_ID='scheduled__2023-02-01T00:00:00+00:00'
[2024-07-08T04:25:24.657+0000] {taskinstance.py:430} INFO - ::endgroup::
[2024-07-08T04:25:24.658+0000] {warnings.py:110} WARNING - /home/***/.local/lib/python3.12/site-packages/***/utils/context.py:320: AirflowContextDeprecationWarning: Accessing 'execution_date' from the template is deprecated and will be removed in a future version. Please use 'data_interval_start' or 'logical_date' instead.
  warnings.warn(_create_deprecation_warning(k, replacements))

[2024-07-08T04:25:24.664+0000] {base.py:84} INFO - Using connection ID 'chess_project_s3' for task execution.
[2024-07-08T04:25:25.383+0000] {base.py:84} INFO - Using connection ID 'chess_project_redshift' for task execution.
[2024-07-08T04:25:27.239+0000] {python.py:237} INFO - Done. Returned value was: None
[2024-07-08T04:25:27.241+0000] {taskinstance.py:441} INFO - ::group::Post task execution logs
[2024-07-08T04:25:27.248+0000] {taskinstance.py:1206} INFO - Marking task as SUCCESS. dag_id=chess_etl, task_id=redshift_game_load, run_id=scheduled__2023-02-01T00:00:00+00:00, execution_date=20230201T000000, start_date=20240708T042524, end_date=20240708T042527
[2024-07-08T04:25:27.301+0000] {local_task_job_runner.py:240} INFO - Task exited with return code 0
[2024-07-08T04:25:27.317+0000] {taskinstance.py:3498} INFO - 1 downstream tasks scheduled from follow-on schedule check
[2024-07-08T04:25:27.318+0000] {local_task_job_runner.py:222} INFO - ::endgroup::
