[2024-06-03T17:39:02.528+0000] {local_task_job_runner.py:120} INFO - ::group::Pre task execution logs
[2024-06-03T17:39:02.543+0000] {taskinstance.py:2076} INFO - Dependencies all met for dep_context=non-requeueable deps ti=<TaskInstance: chess_etl.games_etl scheduled__2020-12-01T00:00:00+00:00 [queued]>
[2024-06-03T17:39:02.550+0000] {taskinstance.py:2076} INFO - Dependencies all met for dep_context=requeueable deps ti=<TaskInstance: chess_etl.games_etl scheduled__2020-12-01T00:00:00+00:00 [queued]>
[2024-06-03T17:39:02.550+0000] {taskinstance.py:2306} INFO - Starting attempt 1 of 1
[2024-06-03T17:39:02.560+0000] {taskinstance.py:2330} INFO - Executing <Task(PythonOperator): games_etl> on 2020-12-01 00:00:00+00:00
[2024-06-03T17:39:02.566+0000] {warnings.py:110} WARNING - /home/***/.local/lib/python3.12/site-packages/***/task/task_runner/standard_task_runner.py:61: DeprecationWarning: This process (pid=185) is multi-threaded, use of fork() may lead to deadlocks in the child.
  pid = os.fork()

[2024-06-03T17:39:02.567+0000] {standard_task_runner.py:63} INFO - Started process 189 to run task
[2024-06-03T17:39:02.567+0000] {standard_task_runner.py:90} INFO - Running: ['***', 'tasks', 'run', 'chess_etl', 'games_etl', 'scheduled__2020-12-01T00:00:00+00:00', '--job-id', '44', '--raw', '--subdir', 'DAGS_FOLDER/chess_dag.py', '--cfg-path', '/tmp/tmpx8ck2zc0']
[2024-06-03T17:39:02.568+0000] {standard_task_runner.py:91} INFO - Job 44: Subtask games_etl
[2024-06-03T17:39:02.602+0000] {task_command.py:426} INFO - Running <TaskInstance: chess_etl.games_etl scheduled__2020-12-01T00:00:00+00:00 [running]> on host a5a4421409ea
[2024-06-03T17:39:02.658+0000] {taskinstance.py:2648} INFO - Exporting env vars: AIRFLOW_CTX_DAG_OWNER='***' AIRFLOW_CTX_DAG_ID='chess_etl' AIRFLOW_CTX_TASK_ID='games_etl' AIRFLOW_CTX_EXECUTION_DATE='2020-12-01T00:00:00+00:00' AIRFLOW_CTX_TRY_NUMBER='1' AIRFLOW_CTX_DAG_RUN_ID='scheduled__2020-12-01T00:00:00+00:00'
[2024-06-03T17:39:02.659+0000] {taskinstance.py:430} INFO - ::endgroup::
[2024-06-03T17:39:02.660+0000] {warnings.py:110} WARNING - /home/***/.local/lib/python3.12/site-packages/***/utils/context.py:320: AirflowContextDeprecationWarning: Accessing 'execution_date' from the template is deprecated and will be removed in a future version. Please use 'data_interval_start' or 'logical_date' instead.
  warnings.warn(_create_deprecation_warning(k, replacements))

[2024-06-03T17:39:03.781+0000] {taskinstance.py:441} INFO - ::group::Post task execution logs
[2024-06-03T17:39:03.786+0000] {taskinstance.py:2905} ERROR - Task failed with exception
Traceback (most recent call last):
  File "/home/airflow/.local/lib/python3.12/site-packages/airflow/models/taskinstance.py", line 465, in _execute_task
    result = _execute_callable(context=context, **execute_callable_kwargs)
             ^^^^^^^^^^^^^^^^^^^^^^^^^^^^^^^^^^^^^^^^^^^^^^^^^^^^^^^^^^^^^
  File "/home/airflow/.local/lib/python3.12/site-packages/airflow/models/taskinstance.py", line 432, in _execute_callable
    return execute_callable(context=context, **execute_callable_kwargs)
           ^^^^^^^^^^^^^^^^^^^^^^^^^^^^^^^^^^^^^^^^^^^^^^^^^^^^^^^^^^^^
  File "/home/airflow/.local/lib/python3.12/site-packages/airflow/models/baseoperator.py", line 400, in wrapper
    return func(self, *args, **kwargs)
           ^^^^^^^^^^^^^^^^^^^^^^^^^^^
  File "/home/airflow/.local/lib/python3.12/site-packages/airflow/operators/python.py", line 235, in execute
    return_value = self.execute_callable()
                   ^^^^^^^^^^^^^^^^^^^^^^^
  File "/home/airflow/.local/lib/python3.12/site-packages/airflow/operators/python.py", line 252, in execute_callable
    return self.python_callable(*self.op_args, **self.op_kwargs)
           ^^^^^^^^^^^^^^^^^^^^^^^^^^^^^^^^^^^^^^^^^^^^^^^^^^^^^
  File "/opt/airflow/dags/chess_dag.py", line 19, in games_etl_task
    return get_monthly_games(execution_date)
           ^^^^^^^^^^^^^^^^^^^^^^^^^^^^^^^^^
  File "/opt/airflow/dags/chess_etl_code.py", line 60, in get_monthly_games
    connection = BaseHook.get_connection('chess_project_s3')
                 ^^^^^^^^^^^^^^^^^^^^^^^^^^^^^^^^^^^^^^^^^^^
  File "/home/airflow/.local/lib/python3.12/site-packages/airflow/hooks/base.py", line 83, in get_connection
    conn = Connection.get_connection_from_secrets(conn_id)
           ^^^^^^^^^^^^^^^^^^^^^^^^^^^^^^^^^^^^^^^^^^^^^^^
  File "/home/airflow/.local/lib/python3.12/site-packages/airflow/models/connection.py", line 519, in get_connection_from_secrets
    raise AirflowNotFoundException(f"The conn_id `{conn_id}` isn't defined")
airflow.exceptions.AirflowNotFoundException: The conn_id `chess_project_s3` isn't defined
[2024-06-03T17:39:03.792+0000] {taskinstance.py:1206} INFO - Marking task as FAILED. dag_id=chess_etl, task_id=games_etl, run_id=scheduled__2020-12-01T00:00:00+00:00, execution_date=20201201T000000, start_date=20240603T173902, end_date=20240603T173903
[2024-06-03T17:39:03.801+0000] {standard_task_runner.py:110} ERROR - Failed to execute job 44 for task games_etl (The conn_id `chess_project_s3` isn't defined; 189)
[2024-06-03T17:39:03.824+0000] {local_task_job_runner.py:240} INFO - Task exited with return code 1
[2024-06-03T17:39:03.840+0000] {taskinstance.py:3498} INFO - 0 downstream tasks scheduled from follow-on schedule check
[2024-06-03T17:39:03.844+0000] {local_task_job_runner.py:222} INFO - ::endgroup::
[2024-06-03T20:47:15.754+0000] {local_task_job_runner.py:120} INFO - ::group::Pre task execution logs
[2024-06-03T20:47:15.768+0000] {taskinstance.py:2076} INFO - Dependencies all met for dep_context=non-requeueable deps ti=<TaskInstance: chess_etl.games_etl scheduled__2020-12-01T00:00:00+00:00 [queued]>
[2024-06-03T20:47:15.774+0000] {taskinstance.py:2076} INFO - Dependencies all met for dep_context=requeueable deps ti=<TaskInstance: chess_etl.games_etl scheduled__2020-12-01T00:00:00+00:00 [queued]>
[2024-06-03T20:47:15.775+0000] {taskinstance.py:2306} INFO - Starting attempt 1 of 1
[2024-06-03T20:47:15.785+0000] {taskinstance.py:2330} INFO - Executing <Task(PythonOperator): games_etl> on 2020-12-01 00:00:00+00:00
[2024-06-03T20:47:15.793+0000] {warnings.py:110} WARNING - /home/***/.local/lib/python3.12/site-packages/***/task/task_runner/standard_task_runner.py:61: DeprecationWarning: This process (pid=19293) is multi-threaded, use of fork() may lead to deadlocks in the child.
  pid = os.fork()

[2024-06-03T20:47:15.794+0000] {standard_task_runner.py:63} INFO - Started process 19295 to run task
[2024-06-03T20:47:15.794+0000] {standard_task_runner.py:90} INFO - Running: ['***', 'tasks', 'run', 'chess_etl', 'games_etl', 'scheduled__2020-12-01T00:00:00+00:00', '--job-id', '110', '--raw', '--subdir', 'DAGS_FOLDER/chess_dag.py', '--cfg-path', '/tmp/tmpb2ryp8i1']
[2024-06-03T20:47:15.796+0000] {standard_task_runner.py:91} INFO - Job 110: Subtask games_etl
[2024-06-03T20:47:15.831+0000] {task_command.py:426} INFO - Running <TaskInstance: chess_etl.games_etl scheduled__2020-12-01T00:00:00+00:00 [running]> on host f55fff24b127
[2024-06-03T20:47:15.898+0000] {taskinstance.py:2648} INFO - Exporting env vars: AIRFLOW_CTX_DAG_OWNER='***' AIRFLOW_CTX_DAG_ID='chess_etl' AIRFLOW_CTX_TASK_ID='games_etl' AIRFLOW_CTX_EXECUTION_DATE='2020-12-01T00:00:00+00:00' AIRFLOW_CTX_TRY_NUMBER='1' AIRFLOW_CTX_DAG_RUN_ID='scheduled__2020-12-01T00:00:00+00:00'
[2024-06-03T20:47:15.899+0000] {taskinstance.py:430} INFO - ::endgroup::
[2024-06-03T20:47:15.900+0000] {warnings.py:110} WARNING - /home/***/.local/lib/python3.12/site-packages/***/utils/context.py:320: AirflowContextDeprecationWarning: Accessing 'execution_date' from the template is deprecated and will be removed in a future version. Please use 'data_interval_start' or 'logical_date' instead.
  warnings.warn(_create_deprecation_warning(k, replacements))

[2024-06-03T20:47:16.973+0000] {base.py:84} INFO - Using connection ID 'chess_project_s3' for task execution.
[2024-06-03T20:47:17.746+0000] {python.py:237} INFO - Done. Returned value was: None
[2024-06-03T20:47:17.747+0000] {taskinstance.py:441} INFO - ::group::Post task execution logs
[2024-06-03T20:47:17.753+0000] {taskinstance.py:1206} INFO - Marking task as SUCCESS. dag_id=chess_etl, task_id=games_etl, run_id=scheduled__2020-12-01T00:00:00+00:00, execution_date=20201201T000000, start_date=20240603T204715, end_date=20240603T204717
[2024-06-03T20:47:17.774+0000] {local_task_job_runner.py:240} INFO - Task exited with return code 0
[2024-06-03T20:47:17.789+0000] {taskinstance.py:3498} INFO - 1 downstream tasks scheduled from follow-on schedule check
[2024-06-03T20:47:17.791+0000] {local_task_job_runner.py:222} INFO - ::endgroup::
[2024-06-08T18:16:30.852+0000] {local_task_job_runner.py:120} INFO - ::group::Pre task execution logs
[2024-06-08T18:16:30.871+0000] {taskinstance.py:2076} INFO - Dependencies all met for dep_context=non-requeueable deps ti=<TaskInstance: chess_etl.games_etl scheduled__2020-12-01T00:00:00+00:00 [queued]>
[2024-06-08T18:16:30.878+0000] {taskinstance.py:2076} INFO - Dependencies all met for dep_context=requeueable deps ti=<TaskInstance: chess_etl.games_etl scheduled__2020-12-01T00:00:00+00:00 [queued]>
[2024-06-08T18:16:30.879+0000] {taskinstance.py:2306} INFO - Starting attempt 1 of 1
[2024-06-08T18:16:30.891+0000] {taskinstance.py:2330} INFO - Executing <Task(PythonOperator): games_etl> on 2020-12-01 00:00:00+00:00
[2024-06-08T18:16:30.900+0000] {warnings.py:110} WARNING - /home/***/.local/lib/python3.12/site-packages/***/task/task_runner/standard_task_runner.py:61: DeprecationWarning: This process (pid=20491) is multi-threaded, use of fork() may lead to deadlocks in the child.
  pid = os.fork()

[2024-06-08T18:16:30.902+0000] {standard_task_runner.py:63} INFO - Started process 20493 to run task
[2024-06-08T18:16:30.902+0000] {standard_task_runner.py:90} INFO - Running: ['***', 'tasks', 'run', 'chess_etl', 'games_etl', 'scheduled__2020-12-01T00:00:00+00:00', '--job-id', '286', '--raw', '--subdir', 'DAGS_FOLDER/chess_dag.py', '--cfg-path', '/tmp/tmp665pkusc']
[2024-06-08T18:16:30.903+0000] {standard_task_runner.py:91} INFO - Job 286: Subtask games_etl
[2024-06-08T18:16:30.946+0000] {task_command.py:426} INFO - Running <TaskInstance: chess_etl.games_etl scheduled__2020-12-01T00:00:00+00:00 [running]> on host bf0ade909435
[2024-06-08T18:16:31.025+0000] {taskinstance.py:2648} INFO - Exporting env vars: AIRFLOW_CTX_DAG_OWNER='***' AIRFLOW_CTX_DAG_ID='chess_etl' AIRFLOW_CTX_TASK_ID='games_etl' AIRFLOW_CTX_EXECUTION_DATE='2020-12-01T00:00:00+00:00' AIRFLOW_CTX_TRY_NUMBER='1' AIRFLOW_CTX_DAG_RUN_ID='scheduled__2020-12-01T00:00:00+00:00'
[2024-06-08T18:16:31.027+0000] {taskinstance.py:430} INFO - ::endgroup::
[2024-06-08T18:16:31.028+0000] {warnings.py:110} WARNING - /home/***/.local/lib/python3.12/site-packages/***/utils/context.py:320: AirflowContextDeprecationWarning: Accessing 'execution_date' from the template is deprecated and will be removed in a future version. Please use 'data_interval_start' or 'logical_date' instead.
  warnings.warn(_create_deprecation_warning(k, replacements))

[2024-06-08T18:16:32.176+0000] {base.py:84} INFO - Using connection ID 'chess_project_s3' for task execution.
[2024-06-08T18:16:33.024+0000] {python.py:237} INFO - Done. Returned value was: None
[2024-06-08T18:16:33.024+0000] {taskinstance.py:441} INFO - ::group::Post task execution logs
[2024-06-08T18:16:33.033+0000] {taskinstance.py:1206} INFO - Marking task as SUCCESS. dag_id=chess_etl, task_id=games_etl, run_id=scheduled__2020-12-01T00:00:00+00:00, execution_date=20201201T000000, start_date=20240608T181630, end_date=20240608T181633
[2024-06-08T18:16:33.082+0000] {local_task_job_runner.py:240} INFO - Task exited with return code 0
[2024-06-08T18:16:33.102+0000] {taskinstance.py:3498} INFO - 1 downstream tasks scheduled from follow-on schedule check
[2024-06-08T18:16:33.103+0000] {local_task_job_runner.py:222} INFO - ::endgroup::
[2024-07-08T00:15:44.201+0000] {local_task_job_runner.py:120} INFO - ::group::Pre task execution logs
[2024-07-08T00:15:44.216+0000] {taskinstance.py:2076} INFO - Dependencies all met for dep_context=non-requeueable deps ti=<TaskInstance: chess_etl.games_etl scheduled__2020-12-01T00:00:00+00:00 [queued]>
[2024-07-08T00:15:44.221+0000] {taskinstance.py:2076} INFO - Dependencies all met for dep_context=requeueable deps ti=<TaskInstance: chess_etl.games_etl scheduled__2020-12-01T00:00:00+00:00 [queued]>
[2024-07-08T00:15:44.221+0000] {taskinstance.py:2306} INFO - Starting attempt 1 of 1
[2024-07-08T00:15:44.231+0000] {taskinstance.py:2330} INFO - Executing <Task(PythonOperator): games_etl> on 2020-12-01 00:00:00+00:00
[2024-07-08T00:15:44.239+0000] {warnings.py:110} WARNING - /home/***/.local/lib/python3.12/site-packages/***/task/task_runner/standard_task_runner.py:61: DeprecationWarning: This process (pid=20517) is multi-threaded, use of fork() may lead to deadlocks in the child.
  pid = os.fork()

[2024-07-08T00:15:44.241+0000] {standard_task_runner.py:63} INFO - Started process 20519 to run task
[2024-07-08T00:15:44.240+0000] {standard_task_runner.py:90} INFO - Running: ['***', 'tasks', 'run', 'chess_etl', 'games_etl', 'scheduled__2020-12-01T00:00:00+00:00', '--job-id', '648', '--raw', '--subdir', 'DAGS_FOLDER/chess_dag.py', '--cfg-path', '/tmp/tmp1kghmw7y']
[2024-07-08T00:15:44.241+0000] {standard_task_runner.py:91} INFO - Job 648: Subtask games_etl
[2024-07-08T00:15:44.276+0000] {task_command.py:426} INFO - Running <TaskInstance: chess_etl.games_etl scheduled__2020-12-01T00:00:00+00:00 [running]> on host 6569f5155f0c
[2024-07-08T00:15:44.345+0000] {taskinstance.py:2648} INFO - Exporting env vars: AIRFLOW_CTX_DAG_OWNER='***' AIRFLOW_CTX_DAG_ID='chess_etl' AIRFLOW_CTX_TASK_ID='games_etl' AIRFLOW_CTX_EXECUTION_DATE='2020-12-01T00:00:00+00:00' AIRFLOW_CTX_TRY_NUMBER='1' AIRFLOW_CTX_DAG_RUN_ID='scheduled__2020-12-01T00:00:00+00:00'
[2024-07-08T00:15:44.347+0000] {taskinstance.py:430} INFO - ::endgroup::
[2024-07-08T00:15:44.348+0000] {warnings.py:110} WARNING - /home/***/.local/lib/python3.12/site-packages/***/utils/context.py:320: AirflowContextDeprecationWarning: Accessing 'execution_date' from the template is deprecated and will be removed in a future version. Please use 'data_interval_start' or 'logical_date' instead.
  warnings.warn(_create_deprecation_warning(k, replacements))

[2024-07-08T00:15:45.431+0000] {base.py:84} INFO - Using connection ID 'chess_project_s3' for task execution.
[2024-07-08T00:15:46.221+0000] {python.py:237} INFO - Done. Returned value was: None
[2024-07-08T00:15:46.221+0000] {taskinstance.py:441} INFO - ::group::Post task execution logs
[2024-07-08T00:15:46.228+0000] {taskinstance.py:1206} INFO - Marking task as SUCCESS. dag_id=chess_etl, task_id=games_etl, run_id=scheduled__2020-12-01T00:00:00+00:00, execution_date=20201201T000000, start_date=20240708T001544, end_date=20240708T001546
[2024-07-08T00:15:46.259+0000] {local_task_job_runner.py:240} INFO - Task exited with return code 0
[2024-07-08T00:15:46.276+0000] {taskinstance.py:3498} INFO - 1 downstream tasks scheduled from follow-on schedule check
[2024-07-08T00:15:46.277+0000] {local_task_job_runner.py:222} INFO - ::endgroup::
