[2024-06-04T02:04:23.787+0000] {local_task_job_runner.py:120} INFO - ::group::Pre task execution logs
[2024-06-04T02:04:23.805+0000] {taskinstance.py:2076} INFO - Dependencies all met for dep_context=non-requeueable deps ti=<TaskInstance: chess_etl.blunders_etl scheduled__2024-03-01T00:00:00+00:00 [queued]>
[2024-06-04T02:04:23.812+0000] {taskinstance.py:2076} INFO - Dependencies all met for dep_context=requeueable deps ti=<TaskInstance: chess_etl.blunders_etl scheduled__2024-03-01T00:00:00+00:00 [queued]>
[2024-06-04T02:04:23.812+0000] {taskinstance.py:2306} INFO - Starting attempt 1 of 1
[2024-06-04T02:04:23.823+0000] {taskinstance.py:2330} INFO - Executing <Task(PythonOperator): blunders_etl> on 2024-03-01 00:00:00+00:00
[2024-06-04T02:04:23.831+0000] {warnings.py:110} WARNING - /home/***/.local/lib/python3.12/site-packages/***/task/task_runner/standard_task_runner.py:61: DeprecationWarning: This process (pid=55184) is multi-threaded, use of fork() may lead to deadlocks in the child.
  pid = os.fork()

[2024-06-04T02:04:23.832+0000] {standard_task_runner.py:63} INFO - Started process 55186 to run task
[2024-06-04T02:04:23.833+0000] {standard_task_runner.py:90} INFO - Running: ['***', 'tasks', 'run', 'chess_etl', 'blunders_etl', 'scheduled__2024-03-01T00:00:00+00:00', '--job-id', '189', '--raw', '--subdir', 'DAGS_FOLDER/chess_dag.py', '--cfg-path', '/tmp/tmpgm9hz7gy']
[2024-06-04T02:04:23.834+0000] {standard_task_runner.py:91} INFO - Job 189: Subtask blunders_etl
[2024-06-04T02:04:23.868+0000] {task_command.py:426} INFO - Running <TaskInstance: chess_etl.blunders_etl scheduled__2024-03-01T00:00:00+00:00 [running]> on host f55fff24b127
[2024-06-04T02:04:23.935+0000] {taskinstance.py:2648} INFO - Exporting env vars: AIRFLOW_CTX_DAG_OWNER='***' AIRFLOW_CTX_DAG_ID='chess_etl' AIRFLOW_CTX_TASK_ID='blunders_etl' AIRFLOW_CTX_EXECUTION_DATE='2024-03-01T00:00:00+00:00' AIRFLOW_CTX_TRY_NUMBER='1' AIRFLOW_CTX_DAG_RUN_ID='scheduled__2024-03-01T00:00:00+00:00'
[2024-06-04T02:04:23.936+0000] {taskinstance.py:430} INFO - ::endgroup::
[2024-06-04T02:04:23.937+0000] {warnings.py:110} WARNING - /home/***/.local/lib/python3.12/site-packages/***/utils/context.py:320: AirflowContextDeprecationWarning: Accessing 'execution_date' from the template is deprecated and will be removed in a future version. Please use 'data_interval_start' or 'logical_date' instead.
  warnings.warn(_create_deprecation_warning(k, replacements))

[2024-06-04T02:04:23.943+0000] {base.py:84} INFO - Using connection ID 'chess_project_s3' for task execution.
[2024-06-04T02:09:06.602+0000] {python.py:237} INFO - Done. Returned value was: None
[2024-06-04T02:09:06.603+0000] {taskinstance.py:441} INFO - ::group::Post task execution logs
[2024-06-04T02:09:06.610+0000] {taskinstance.py:1206} INFO - Marking task as SUCCESS. dag_id=chess_etl, task_id=blunders_etl, run_id=scheduled__2024-03-01T00:00:00+00:00, execution_date=20240301T000000, start_date=20240604T020423, end_date=20240604T020906
[2024-06-04T02:09:06.632+0000] {local_task_job_runner.py:240} INFO - Task exited with return code 0
[2024-06-04T02:09:06.646+0000] {taskinstance.py:3498} INFO - 0 downstream tasks scheduled from follow-on schedule check
[2024-06-04T02:09:06.647+0000] {local_task_job_runner.py:222} INFO - ::endgroup::
[2024-06-08T23:57:40.543+0000] {local_task_job_runner.py:120} INFO - ::group::Pre task execution logs
[2024-06-08T23:57:40.560+0000] {taskinstance.py:2076} INFO - Dependencies all met for dep_context=non-requeueable deps ti=<TaskInstance: chess_etl.blunders_etl scheduled__2024-03-01T00:00:00+00:00 [queued]>
[2024-06-08T23:57:40.567+0000] {taskinstance.py:2076} INFO - Dependencies all met for dep_context=requeueable deps ti=<TaskInstance: chess_etl.blunders_etl scheduled__2024-03-01T00:00:00+00:00 [queued]>
[2024-06-08T23:57:40.568+0000] {taskinstance.py:2306} INFO - Starting attempt 1 of 1
[2024-06-08T23:57:40.581+0000] {taskinstance.py:2330} INFO - Executing <Task(PythonOperator): blunders_etl> on 2024-03-01 00:00:00+00:00
[2024-06-08T23:57:40.588+0000] {warnings.py:110} WARNING - /home/***/.local/lib/python3.12/site-packages/***/task/task_runner/standard_task_runner.py:61: DeprecationWarning: This process (pid=55890) is multi-threaded, use of fork() may lead to deadlocks in the child.
  pid = os.fork()

[2024-06-08T23:57:40.590+0000] {standard_task_runner.py:63} INFO - Started process 55892 to run task
[2024-06-08T23:57:40.590+0000] {standard_task_runner.py:90} INFO - Running: ['***', 'tasks', 'run', 'chess_etl', 'blunders_etl', 'scheduled__2024-03-01T00:00:00+00:00', '--job-id', '365', '--raw', '--subdir', 'DAGS_FOLDER/chess_dag.py', '--cfg-path', '/tmp/tmpeqheb_nf']
[2024-06-08T23:57:40.590+0000] {standard_task_runner.py:91} INFO - Job 365: Subtask blunders_etl
[2024-06-08T23:57:40.631+0000] {task_command.py:426} INFO - Running <TaskInstance: chess_etl.blunders_etl scheduled__2024-03-01T00:00:00+00:00 [running]> on host bf0ade909435
[2024-06-08T23:57:40.706+0000] {taskinstance.py:2648} INFO - Exporting env vars: AIRFLOW_CTX_DAG_OWNER='***' AIRFLOW_CTX_DAG_ID='chess_etl' AIRFLOW_CTX_TASK_ID='blunders_etl' AIRFLOW_CTX_EXECUTION_DATE='2024-03-01T00:00:00+00:00' AIRFLOW_CTX_TRY_NUMBER='1' AIRFLOW_CTX_DAG_RUN_ID='scheduled__2024-03-01T00:00:00+00:00'
[2024-06-08T23:57:40.707+0000] {taskinstance.py:430} INFO - ::endgroup::
[2024-06-08T23:57:40.708+0000] {warnings.py:110} WARNING - /home/***/.local/lib/python3.12/site-packages/***/utils/context.py:320: AirflowContextDeprecationWarning: Accessing 'execution_date' from the template is deprecated and will be removed in a future version. Please use 'data_interval_start' or 'logical_date' instead.
  warnings.warn(_create_deprecation_warning(k, replacements))

[2024-06-08T23:57:40.716+0000] {base.py:84} INFO - Using connection ID 'chess_project_s3' for task execution.
[2024-06-09T00:02:55.180+0000] {python.py:237} INFO - Done. Returned value was: None
[2024-06-09T00:02:55.181+0000] {taskinstance.py:441} INFO - ::group::Post task execution logs
[2024-06-09T00:02:55.189+0000] {taskinstance.py:1206} INFO - Marking task as SUCCESS. dag_id=chess_etl, task_id=blunders_etl, run_id=scheduled__2024-03-01T00:00:00+00:00, execution_date=20240301T000000, start_date=20240608T235740, end_date=20240609T000255
[2024-06-09T00:02:55.218+0000] {local_task_job_runner.py:240} INFO - Task exited with return code 0
[2024-06-09T00:02:55.229+0000] {taskinstance.py:3498} INFO - 0 downstream tasks scheduled from follow-on schedule check
[2024-06-09T00:02:55.230+0000] {local_task_job_runner.py:222} INFO - ::endgroup::
[2024-07-08T05:25:14.222+0000] {local_task_job_runner.py:120} INFO - ::group::Pre task execution logs
[2024-07-08T05:25:14.236+0000] {taskinstance.py:2076} INFO - Dependencies all met for dep_context=non-requeueable deps ti=<TaskInstance: chess_etl.blunders_etl scheduled__2024-03-01T00:00:00+00:00 [queued]>
[2024-07-08T05:25:14.242+0000] {taskinstance.py:2076} INFO - Dependencies all met for dep_context=requeueable deps ti=<TaskInstance: chess_etl.blunders_etl scheduled__2024-03-01T00:00:00+00:00 [queued]>
[2024-07-08T05:25:14.242+0000] {taskinstance.py:2306} INFO - Starting attempt 1 of 1
[2024-07-08T05:25:14.252+0000] {taskinstance.py:2330} INFO - Executing <Task(PythonOperator): blunders_etl> on 2024-03-01 00:00:00+00:00
[2024-07-08T05:25:14.260+0000] {warnings.py:110} WARNING - /home/***/.local/lib/python3.12/site-packages/***/task/task_runner/standard_task_runner.py:61: DeprecationWarning: This process (pid=56709) is multi-threaded, use of fork() may lead to deadlocks in the child.
  pid = os.fork()

[2024-07-08T05:25:14.261+0000] {standard_task_runner.py:63} INFO - Started process 56711 to run task
[2024-07-08T05:25:14.261+0000] {standard_task_runner.py:90} INFO - Running: ['***', 'tasks', 'run', 'chess_etl', 'blunders_etl', 'scheduled__2024-03-01T00:00:00+00:00', '--job-id', '805', '--raw', '--subdir', 'DAGS_FOLDER/chess_dag.py', '--cfg-path', '/tmp/tmphj82f8hi']
[2024-07-08T05:25:14.262+0000] {standard_task_runner.py:91} INFO - Job 805: Subtask blunders_etl
[2024-07-08T05:25:14.302+0000] {task_command.py:426} INFO - Running <TaskInstance: chess_etl.blunders_etl scheduled__2024-03-01T00:00:00+00:00 [running]> on host 6569f5155f0c
[2024-07-08T05:25:14.369+0000] {taskinstance.py:2648} INFO - Exporting env vars: AIRFLOW_CTX_DAG_OWNER='***' AIRFLOW_CTX_DAG_ID='chess_etl' AIRFLOW_CTX_TASK_ID='blunders_etl' AIRFLOW_CTX_EXECUTION_DATE='2024-03-01T00:00:00+00:00' AIRFLOW_CTX_TRY_NUMBER='1' AIRFLOW_CTX_DAG_RUN_ID='scheduled__2024-03-01T00:00:00+00:00'
[2024-07-08T05:25:14.370+0000] {taskinstance.py:430} INFO - ::endgroup::
[2024-07-08T05:25:14.371+0000] {warnings.py:110} WARNING - /home/***/.local/lib/python3.12/site-packages/***/utils/context.py:320: AirflowContextDeprecationWarning: Accessing 'execution_date' from the template is deprecated and will be removed in a future version. Please use 'data_interval_start' or 'logical_date' instead.
  warnings.warn(_create_deprecation_warning(k, replacements))

[2024-07-08T05:25:14.378+0000] {base.py:84} INFO - Using connection ID 'chess_project_s3' for task execution.
[2024-07-08T05:29:51.811+0000] {python.py:237} INFO - Done. Returned value was: None
[2024-07-08T05:29:51.811+0000] {taskinstance.py:441} INFO - ::group::Post task execution logs
[2024-07-08T05:29:51.820+0000] {taskinstance.py:1206} INFO - Marking task as SUCCESS. dag_id=chess_etl, task_id=blunders_etl, run_id=scheduled__2024-03-01T00:00:00+00:00, execution_date=20240301T000000, start_date=20240708T052514, end_date=20240708T052951
[2024-07-08T05:29:51.860+0000] {local_task_job_runner.py:240} INFO - Task exited with return code 0
[2024-07-08T05:29:51.878+0000] {taskinstance.py:3498} INFO - 1 downstream tasks scheduled from follow-on schedule check
[2024-07-08T05:29:51.880+0000] {local_task_job_runner.py:222} INFO - ::endgroup::
