[2024-07-07T18:10:57.525+0000] {local_task_job_runner.py:120} INFO - ::group::Pre task execution logs
[2024-07-07T18:10:57.541+0000] {taskinstance.py:2076} INFO - Dependencies all met for dep_context=non-requeueable deps ti=<TaskInstance: chess_etl.redshift_game_load scheduled__2019-09-01T00:00:00+00:00 [queued]>
[2024-07-07T18:10:57.548+0000] {taskinstance.py:2076} INFO - Dependencies all met for dep_context=requeueable deps ti=<TaskInstance: chess_etl.redshift_game_load scheduled__2019-09-01T00:00:00+00:00 [queued]>
[2024-07-07T18:10:57.549+0000] {taskinstance.py:2306} INFO - Starting attempt 1 of 1
[2024-07-07T18:10:57.559+0000] {taskinstance.py:2330} INFO - Executing <Task(PythonOperator): redshift_game_load> on 2019-09-01 00:00:00+00:00
[2024-07-07T18:10:57.564+0000] {warnings.py:110} WARNING - /home/***/.local/lib/python3.12/site-packages/***/task/task_runner/standard_task_runner.py:61: DeprecationWarning: This process (pid=969) is multi-threaded, use of fork() may lead to deadlocks in the child.
  pid = os.fork()

[2024-07-07T18:10:57.565+0000] {standard_task_runner.py:63} INFO - Started process 972 to run task
[2024-07-07T18:10:57.566+0000] {standard_task_runner.py:90} INFO - Running: ['***', 'tasks', 'run', 'chess_etl', 'redshift_game_load', 'scheduled__2019-09-01T00:00:00+00:00', '--job-id', '410', '--pool', 'default_pool', '--raw', '--subdir', 'DAGS_FOLDER/chess_dag.py', '--cfg-path', '/tmp/tmpojm5oobx']
[2024-07-07T18:10:57.567+0000] {standard_task_runner.py:91} INFO - Job 410: Subtask redshift_game_load
[2024-07-07T18:10:57.599+0000] {task_command.py:426} INFO - Running <TaskInstance: chess_etl.redshift_game_load scheduled__2019-09-01T00:00:00+00:00 [running]> on host cb919e35e0e9
[2024-07-07T18:10:57.661+0000] {taskinstance.py:2648} INFO - Exporting env vars: AIRFLOW_CTX_DAG_OWNER='***' AIRFLOW_CTX_DAG_ID='chess_etl' AIRFLOW_CTX_TASK_ID='redshift_game_load' AIRFLOW_CTX_EXECUTION_DATE='2019-09-01T00:00:00+00:00' AIRFLOW_CTX_TRY_NUMBER='1' AIRFLOW_CTX_DAG_RUN_ID='scheduled__2019-09-01T00:00:00+00:00'
[2024-07-07T18:10:57.663+0000] {taskinstance.py:430} INFO - ::endgroup::
[2024-07-07T18:10:57.664+0000] {warnings.py:110} WARNING - /home/***/.local/lib/python3.12/site-packages/***/utils/context.py:320: AirflowContextDeprecationWarning: Accessing 'execution_date' from the template is deprecated and will be removed in a future version. Please use 'data_interval_start' or 'logical_date' instead.
  warnings.warn(_create_deprecation_warning(k, replacements))

[2024-07-07T18:10:57.670+0000] {base.py:84} INFO - Using connection ID 'chess_project_s3' for task execution.
[2024-07-07T18:10:58.947+0000] {logging_mixin.py:188} INFO - No games for period 2019_09
[2024-07-07T18:10:58.947+0000] {python.py:237} INFO - Done. Returned value was: None
[2024-07-07T18:10:58.947+0000] {taskinstance.py:441} INFO - ::group::Post task execution logs
[2024-07-07T18:10:58.953+0000] {taskinstance.py:1206} INFO - Marking task as SUCCESS. dag_id=chess_etl, task_id=redshift_game_load, run_id=scheduled__2019-09-01T00:00:00+00:00, execution_date=20190901T000000, start_date=20240707T181057, end_date=20240707T181058
[2024-07-07T18:10:58.981+0000] {local_task_job_runner.py:240} INFO - Task exited with return code 0
[2024-07-07T18:10:58.995+0000] {taskinstance.py:3498} INFO - 1 downstream tasks scheduled from follow-on schedule check
[2024-07-07T18:10:58.996+0000] {local_task_job_runner.py:222} INFO - ::endgroup::
[2024-07-07T21:20:27.947+0000] {local_task_job_runner.py:120} INFO - ::group::Pre task execution logs
[2024-07-07T21:20:27.962+0000] {taskinstance.py:2076} INFO - Dependencies all met for dep_context=non-requeueable deps ti=<TaskInstance: chess_etl.redshift_game_load scheduled__2019-09-01T00:00:00+00:00 [queued]>
[2024-07-07T21:20:27.967+0000] {taskinstance.py:2076} INFO - Dependencies all met for dep_context=requeueable deps ti=<TaskInstance: chess_etl.redshift_game_load scheduled__2019-09-01T00:00:00+00:00 [queued]>
[2024-07-07T21:20:27.968+0000] {taskinstance.py:2306} INFO - Starting attempt 1 of 1
[2024-07-07T21:20:27.976+0000] {taskinstance.py:2330} INFO - Executing <Task(PythonOperator): redshift_game_load> on 2019-09-01 00:00:00+00:00
[2024-07-07T21:20:27.981+0000] {warnings.py:110} WARNING - /home/***/.local/lib/python3.12/site-packages/***/task/task_runner/standard_task_runner.py:61: DeprecationWarning: This process (pid=1327) is multi-threaded, use of fork() may lead to deadlocks in the child.
  pid = os.fork()

[2024-07-07T21:20:27.983+0000] {standard_task_runner.py:63} INFO - Started process 1332 to run task
[2024-07-07T21:20:27.984+0000] {standard_task_runner.py:90} INFO - Running: ['***', 'tasks', 'run', 'chess_etl', 'redshift_game_load', 'scheduled__2019-09-01T00:00:00+00:00', '--job-id', '591', '--raw', '--subdir', 'DAGS_FOLDER/chess_dag.py', '--cfg-path', '/tmp/tmpnrd1biu7']
[2024-07-07T21:20:27.985+0000] {standard_task_runner.py:91} INFO - Job 591: Subtask redshift_game_load
[2024-07-07T21:20:28.020+0000] {task_command.py:426} INFO - Running <TaskInstance: chess_etl.redshift_game_load scheduled__2019-09-01T00:00:00+00:00 [running]> on host 6569f5155f0c
[2024-07-07T21:20:28.083+0000] {taskinstance.py:2648} INFO - Exporting env vars: AIRFLOW_CTX_DAG_OWNER='***' AIRFLOW_CTX_DAG_ID='chess_etl' AIRFLOW_CTX_TASK_ID='redshift_game_load' AIRFLOW_CTX_EXECUTION_DATE='2019-09-01T00:00:00+00:00' AIRFLOW_CTX_TRY_NUMBER='1' AIRFLOW_CTX_DAG_RUN_ID='scheduled__2019-09-01T00:00:00+00:00'
[2024-07-07T21:20:28.084+0000] {taskinstance.py:430} INFO - ::endgroup::
[2024-07-07T21:20:28.085+0000] {warnings.py:110} WARNING - /home/***/.local/lib/python3.12/site-packages/***/utils/context.py:320: AirflowContextDeprecationWarning: Accessing 'execution_date' from the template is deprecated and will be removed in a future version. Please use 'data_interval_start' or 'logical_date' instead.
  warnings.warn(_create_deprecation_warning(k, replacements))

[2024-07-07T21:20:28.091+0000] {base.py:84} INFO - Using connection ID 'chess_project_s3' for task execution.
[2024-07-07T21:20:29.023+0000] {logging_mixin.py:188} INFO - No games for period 2019_09
[2024-07-07T21:20:29.023+0000] {python.py:237} INFO - Done. Returned value was: None
[2024-07-07T21:20:29.023+0000] {taskinstance.py:441} INFO - ::group::Post task execution logs
[2024-07-07T21:20:29.029+0000] {taskinstance.py:1206} INFO - Marking task as SUCCESS. dag_id=chess_etl, task_id=redshift_game_load, run_id=scheduled__2019-09-01T00:00:00+00:00, execution_date=20190901T000000, start_date=20240707T212027, end_date=20240707T212029
[2024-07-07T21:20:29.078+0000] {local_task_job_runner.py:240} INFO - Task exited with return code 0
[2024-07-07T21:20:29.093+0000] {taskinstance.py:3498} INFO - 1 downstream tasks scheduled from follow-on schedule check
[2024-07-07T21:20:29.094+0000] {local_task_job_runner.py:222} INFO - ::endgroup::
