[2024-06-03T22:35:04.192+0000] {local_task_job_runner.py:120} INFO - ::group::Pre task execution logs
[2024-06-03T22:35:04.206+0000] {taskinstance.py:2076} INFO - Dependencies all met for dep_context=non-requeueable deps ti=<TaskInstance: chess_etl.games_etl scheduled__2022-03-01T00:00:00+00:00 [queued]>
[2024-06-03T22:35:04.212+0000] {taskinstance.py:2076} INFO - Dependencies all met for dep_context=requeueable deps ti=<TaskInstance: chess_etl.games_etl scheduled__2022-03-01T00:00:00+00:00 [queued]>
[2024-06-03T22:35:04.212+0000] {taskinstance.py:2306} INFO - Starting attempt 1 of 1
[2024-06-03T22:35:04.222+0000] {taskinstance.py:2330} INFO - Executing <Task(PythonOperator): games_etl> on 2022-03-01 00:00:00+00:00
[2024-06-03T22:35:04.229+0000] {warnings.py:110} WARNING - /home/***/.local/lib/python3.12/site-packages/***/task/task_runner/standard_task_runner.py:61: DeprecationWarning: This process (pid=31486) is multi-threaded, use of fork() may lead to deadlocks in the child.
  pid = os.fork()

[2024-06-03T22:35:04.231+0000] {standard_task_runner.py:63} INFO - Started process 31488 to run task
[2024-06-03T22:35:04.231+0000] {standard_task_runner.py:90} INFO - Running: ['***', 'tasks', 'run', 'chess_etl', 'games_etl', 'scheduled__2022-03-01T00:00:00+00:00', '--job-id', '140', '--raw', '--subdir', 'DAGS_FOLDER/chess_dag.py', '--cfg-path', '/tmp/tmpj83kr0_m']
[2024-06-03T22:35:04.232+0000] {standard_task_runner.py:91} INFO - Job 140: Subtask games_etl
[2024-06-03T22:35:04.266+0000] {task_command.py:426} INFO - Running <TaskInstance: chess_etl.games_etl scheduled__2022-03-01T00:00:00+00:00 [running]> on host f55fff24b127
[2024-06-03T22:35:04.335+0000] {taskinstance.py:2648} INFO - Exporting env vars: AIRFLOW_CTX_DAG_OWNER='***' AIRFLOW_CTX_DAG_ID='chess_etl' AIRFLOW_CTX_TASK_ID='games_etl' AIRFLOW_CTX_EXECUTION_DATE='2022-03-01T00:00:00+00:00' AIRFLOW_CTX_TRY_NUMBER='1' AIRFLOW_CTX_DAG_RUN_ID='scheduled__2022-03-01T00:00:00+00:00'
[2024-06-03T22:35:04.336+0000] {taskinstance.py:430} INFO - ::endgroup::
[2024-06-03T22:35:04.337+0000] {warnings.py:110} WARNING - /home/***/.local/lib/python3.12/site-packages/***/utils/context.py:320: AirflowContextDeprecationWarning: Accessing 'execution_date' from the template is deprecated and will be removed in a future version. Please use 'data_interval_start' or 'logical_date' instead.
  warnings.warn(_create_deprecation_warning(k, replacements))

[2024-06-03T22:35:04.852+0000] {base.py:84} INFO - Using connection ID 'chess_project_s3' for task execution.
[2024-06-03T22:35:05.526+0000] {python.py:237} INFO - Done. Returned value was: None
[2024-06-03T22:35:05.526+0000] {taskinstance.py:441} INFO - ::group::Post task execution logs
[2024-06-03T22:35:05.533+0000] {taskinstance.py:1206} INFO - Marking task as SUCCESS. dag_id=chess_etl, task_id=games_etl, run_id=scheduled__2022-03-01T00:00:00+00:00, execution_date=20220301T000000, start_date=20240603T223504, end_date=20240603T223505
[2024-06-03T22:35:05.568+0000] {local_task_job_runner.py:240} INFO - Task exited with return code 0
[2024-06-03T22:35:05.583+0000] {taskinstance.py:3498} INFO - 1 downstream tasks scheduled from follow-on schedule check
[2024-06-03T22:35:05.584+0000] {local_task_job_runner.py:222} INFO - ::endgroup::
[2024-06-08T20:00:18.755+0000] {local_task_job_runner.py:120} INFO - ::group::Pre task execution logs
[2024-06-08T20:00:18.775+0000] {taskinstance.py:2076} INFO - Dependencies all met for dep_context=non-requeueable deps ti=<TaskInstance: chess_etl.games_etl scheduled__2022-03-01T00:00:00+00:00 [queued]>
[2024-06-08T20:00:18.782+0000] {taskinstance.py:2076} INFO - Dependencies all met for dep_context=requeueable deps ti=<TaskInstance: chess_etl.games_etl scheduled__2022-03-01T00:00:00+00:00 [queued]>
[2024-06-08T20:00:18.783+0000] {taskinstance.py:2306} INFO - Starting attempt 1 of 1
[2024-06-08T20:00:18.797+0000] {taskinstance.py:2330} INFO - Executing <Task(PythonOperator): games_etl> on 2022-03-01 00:00:00+00:00
[2024-06-08T20:00:18.806+0000] {warnings.py:110} WARNING - /home/***/.local/lib/python3.12/site-packages/***/task/task_runner/standard_task_runner.py:61: DeprecationWarning: This process (pid=31924) is multi-threaded, use of fork() may lead to deadlocks in the child.
  pid = os.fork()

[2024-06-08T20:00:18.808+0000] {standard_task_runner.py:63} INFO - Started process 31926 to run task
[2024-06-08T20:00:18.808+0000] {standard_task_runner.py:90} INFO - Running: ['***', 'tasks', 'run', 'chess_etl', 'games_etl', 'scheduled__2022-03-01T00:00:00+00:00', '--job-id', '316', '--raw', '--subdir', 'DAGS_FOLDER/chess_dag.py', '--cfg-path', '/tmp/tmpqoocj8xv']
[2024-06-08T20:00:18.810+0000] {standard_task_runner.py:91} INFO - Job 316: Subtask games_etl
[2024-06-08T20:00:18.855+0000] {task_command.py:426} INFO - Running <TaskInstance: chess_etl.games_etl scheduled__2022-03-01T00:00:00+00:00 [running]> on host bf0ade909435
[2024-06-08T20:00:18.937+0000] {taskinstance.py:2648} INFO - Exporting env vars: AIRFLOW_CTX_DAG_OWNER='***' AIRFLOW_CTX_DAG_ID='chess_etl' AIRFLOW_CTX_TASK_ID='games_etl' AIRFLOW_CTX_EXECUTION_DATE='2022-03-01T00:00:00+00:00' AIRFLOW_CTX_TRY_NUMBER='1' AIRFLOW_CTX_DAG_RUN_ID='scheduled__2022-03-01T00:00:00+00:00'
[2024-06-08T20:00:18.938+0000] {taskinstance.py:430} INFO - ::endgroup::
[2024-06-08T20:00:18.939+0000] {warnings.py:110} WARNING - /home/***/.local/lib/python3.12/site-packages/***/utils/context.py:320: AirflowContextDeprecationWarning: Accessing 'execution_date' from the template is deprecated and will be removed in a future version. Please use 'data_interval_start' or 'logical_date' instead.
  warnings.warn(_create_deprecation_warning(k, replacements))

[2024-06-08T20:00:19.485+0000] {base.py:84} INFO - Using connection ID 'chess_project_s3' for task execution.
[2024-06-08T20:00:20.174+0000] {python.py:237} INFO - Done. Returned value was: None
[2024-06-08T20:00:20.174+0000] {taskinstance.py:441} INFO - ::group::Post task execution logs
[2024-06-08T20:00:20.182+0000] {taskinstance.py:1206} INFO - Marking task as SUCCESS. dag_id=chess_etl, task_id=games_etl, run_id=scheduled__2022-03-01T00:00:00+00:00, execution_date=20220301T000000, start_date=20240608T200018, end_date=20240608T200020
[2024-06-08T20:00:20.227+0000] {local_task_job_runner.py:240} INFO - Task exited with return code 0
[2024-06-08T20:00:20.243+0000] {taskinstance.py:3498} INFO - 1 downstream tasks scheduled from follow-on schedule check
[2024-06-08T20:00:20.244+0000] {local_task_job_runner.py:222} INFO - ::endgroup::
[2024-07-08T01:58:42.216+0000] {local_task_job_runner.py:120} INFO - ::group::Pre task execution logs
[2024-07-08T01:58:42.230+0000] {taskinstance.py:2076} INFO - Dependencies all met for dep_context=non-requeueable deps ti=<TaskInstance: chess_etl.games_etl scheduled__2022-03-01T00:00:00+00:00 [queued]>
[2024-07-08T01:58:42.235+0000] {taskinstance.py:2076} INFO - Dependencies all met for dep_context=requeueable deps ti=<TaskInstance: chess_etl.games_etl scheduled__2022-03-01T00:00:00+00:00 [queued]>
[2024-07-08T01:58:42.236+0000] {taskinstance.py:2306} INFO - Starting attempt 1 of 1
[2024-07-08T01:58:42.244+0000] {taskinstance.py:2330} INFO - Executing <Task(PythonOperator): games_etl> on 2022-03-01 00:00:00+00:00
[2024-07-08T01:58:42.251+0000] {warnings.py:110} WARNING - /home/***/.local/lib/python3.12/site-packages/***/task/task_runner/standard_task_runner.py:61: DeprecationWarning: This process (pid=32840) is multi-threaded, use of fork() may lead to deadlocks in the child.
  pid = os.fork()

[2024-07-08T01:58:42.253+0000] {standard_task_runner.py:63} INFO - Started process 32842 to run task
[2024-07-08T01:58:42.253+0000] {standard_task_runner.py:90} INFO - Running: ['***', 'tasks', 'run', 'chess_etl', 'games_etl', 'scheduled__2022-03-01T00:00:00+00:00', '--job-id', '708', '--raw', '--subdir', 'DAGS_FOLDER/chess_dag.py', '--cfg-path', '/tmp/tmpb43471wt']
[2024-07-08T01:58:42.254+0000] {standard_task_runner.py:91} INFO - Job 708: Subtask games_etl
[2024-07-08T01:58:42.289+0000] {task_command.py:426} INFO - Running <TaskInstance: chess_etl.games_etl scheduled__2022-03-01T00:00:00+00:00 [running]> on host 6569f5155f0c
[2024-07-08T01:58:42.361+0000] {taskinstance.py:2648} INFO - Exporting env vars: AIRFLOW_CTX_DAG_OWNER='***' AIRFLOW_CTX_DAG_ID='chess_etl' AIRFLOW_CTX_TASK_ID='games_etl' AIRFLOW_CTX_EXECUTION_DATE='2022-03-01T00:00:00+00:00' AIRFLOW_CTX_TRY_NUMBER='1' AIRFLOW_CTX_DAG_RUN_ID='scheduled__2022-03-01T00:00:00+00:00'
[2024-07-08T01:58:42.363+0000] {taskinstance.py:430} INFO - ::endgroup::
[2024-07-08T01:58:42.364+0000] {warnings.py:110} WARNING - /home/***/.local/lib/python3.12/site-packages/***/utils/context.py:320: AirflowContextDeprecationWarning: Accessing 'execution_date' from the template is deprecated and will be removed in a future version. Please use 'data_interval_start' or 'logical_date' instead.
  warnings.warn(_create_deprecation_warning(k, replacements))

[2024-07-08T01:58:43.224+0000] {base.py:84} INFO - Using connection ID 'chess_project_s3' for task execution.
[2024-07-08T01:58:43.935+0000] {python.py:237} INFO - Done. Returned value was: None
[2024-07-08T01:58:43.935+0000] {taskinstance.py:441} INFO - ::group::Post task execution logs
[2024-07-08T01:58:43.941+0000] {taskinstance.py:1206} INFO - Marking task as SUCCESS. dag_id=chess_etl, task_id=games_etl, run_id=scheduled__2022-03-01T00:00:00+00:00, execution_date=20220301T000000, start_date=20240708T015842, end_date=20240708T015843
[2024-07-08T01:58:43.990+0000] {local_task_job_runner.py:240} INFO - Task exited with return code 0
[2024-07-08T01:58:44.009+0000] {taskinstance.py:3498} INFO - 1 downstream tasks scheduled from follow-on schedule check
[2024-07-08T01:58:44.011+0000] {local_task_job_runner.py:222} INFO - ::endgroup::
