[2024-07-07T18:39:01.501+0000] {local_task_job_runner.py:120} INFO - ::group::Pre task execution logs
[2024-07-07T18:39:01.513+0000] {taskinstance.py:2076} INFO - Dependencies all met for dep_context=non-requeueable deps ti=<TaskInstance: chess_etl.redshift_game_load scheduled__2023-10-01T00:00:00+00:00 [queued]>
[2024-07-07T18:39:01.519+0000] {taskinstance.py:2076} INFO - Dependencies all met for dep_context=requeueable deps ti=<TaskInstance: chess_etl.redshift_game_load scheduled__2023-10-01T00:00:00+00:00 [queued]>
[2024-07-07T18:39:01.519+0000] {taskinstance.py:2306} INFO - Starting attempt 1 of 1
[2024-07-07T18:39:01.527+0000] {taskinstance.py:2330} INFO - Executing <Task(PythonOperator): redshift_game_load> on 2023-10-01 00:00:00+00:00
[2024-07-07T18:39:01.531+0000] {warnings.py:110} WARNING - /home/***/.local/lib/python3.12/site-packages/***/task/task_runner/standard_task_runner.py:61: DeprecationWarning: This process (pid=1602) is multi-threaded, use of fork() may lead to deadlocks in the child.
  pid = os.fork()

[2024-07-07T18:39:01.532+0000] {standard_task_runner.py:63} INFO - Started process 1605 to run task
[2024-07-07T18:39:01.533+0000] {standard_task_runner.py:90} INFO - Running: ['***', 'tasks', 'run', 'chess_etl', 'redshift_game_load', 'scheduled__2023-10-01T00:00:00+00:00', '--job-id', '468', '--pool', 'default_pool', '--raw', '--subdir', 'DAGS_FOLDER/chess_dag.py', '--cfg-path', '/tmp/tmprhk0dn3z']
[2024-07-07T18:39:01.533+0000] {standard_task_runner.py:91} INFO - Job 468: Subtask redshift_game_load
[2024-07-07T18:39:01.565+0000] {task_command.py:426} INFO - Running <TaskInstance: chess_etl.redshift_game_load scheduled__2023-10-01T00:00:00+00:00 [running]> on host cb919e35e0e9
[2024-07-07T18:39:01.622+0000] {taskinstance.py:2648} INFO - Exporting env vars: AIRFLOW_CTX_DAG_OWNER='***' AIRFLOW_CTX_DAG_ID='chess_etl' AIRFLOW_CTX_TASK_ID='redshift_game_load' AIRFLOW_CTX_EXECUTION_DATE='2023-10-01T00:00:00+00:00' AIRFLOW_CTX_TRY_NUMBER='1' AIRFLOW_CTX_DAG_RUN_ID='scheduled__2023-10-01T00:00:00+00:00'
[2024-07-07T18:39:01.623+0000] {taskinstance.py:430} INFO - ::endgroup::
[2024-07-07T18:39:01.624+0000] {warnings.py:110} WARNING - /home/***/.local/lib/python3.12/site-packages/***/utils/context.py:320: AirflowContextDeprecationWarning: Accessing 'execution_date' from the template is deprecated and will be removed in a future version. Please use 'data_interval_start' or 'logical_date' instead.
  warnings.warn(_create_deprecation_warning(k, replacements))

[2024-07-07T18:39:01.629+0000] {base.py:84} INFO - Using connection ID 'chess_project_s3' for task execution.
[2024-07-07T18:39:02.396+0000] {base.py:84} INFO - Using connection ID 'chess_project_redshift' for task execution.
[2024-07-07T18:39:04.498+0000] {python.py:237} INFO - Done. Returned value was: None
[2024-07-07T18:39:04.499+0000] {taskinstance.py:441} INFO - ::group::Post task execution logs
[2024-07-07T18:39:04.504+0000] {taskinstance.py:1206} INFO - Marking task as SUCCESS. dag_id=chess_etl, task_id=redshift_game_load, run_id=scheduled__2023-10-01T00:00:00+00:00, execution_date=20231001T000000, start_date=20240707T183901, end_date=20240707T183904
[2024-07-07T18:39:04.554+0000] {local_task_job_runner.py:240} INFO - Task exited with return code 0
[2024-07-07T18:39:04.566+0000] {taskinstance.py:3498} INFO - 0 downstream tasks scheduled from follow-on schedule check
[2024-07-07T18:39:04.567+0000] {local_task_job_runner.py:222} INFO - ::endgroup::
[2024-07-08T05:09:28.807+0000] {local_task_job_runner.py:120} INFO - ::group::Pre task execution logs
[2024-07-08T05:09:28.821+0000] {taskinstance.py:2076} INFO - Dependencies all met for dep_context=non-requeueable deps ti=<TaskInstance: chess_etl.redshift_game_load scheduled__2023-10-01T00:00:00+00:00 [queued]>
[2024-07-08T05:09:28.826+0000] {taskinstance.py:2076} INFO - Dependencies all met for dep_context=requeueable deps ti=<TaskInstance: chess_etl.redshift_game_load scheduled__2023-10-01T00:00:00+00:00 [queued]>
[2024-07-08T05:09:28.826+0000] {taskinstance.py:2306} INFO - Starting attempt 1 of 1
[2024-07-08T05:09:28.835+0000] {taskinstance.py:2330} INFO - Executing <Task(PythonOperator): redshift_game_load> on 2023-10-01 00:00:00+00:00
[2024-07-08T05:09:28.842+0000] {warnings.py:110} WARNING - /home/***/.local/lib/python3.12/site-packages/***/task/task_runner/standard_task_runner.py:61: DeprecationWarning: This process (pid=54939) is multi-threaded, use of fork() may lead to deadlocks in the child.
  pid = os.fork()

[2024-07-08T05:09:28.844+0000] {standard_task_runner.py:63} INFO - Started process 54941 to run task
[2024-07-08T05:09:28.844+0000] {standard_task_runner.py:90} INFO - Running: ['***', 'tasks', 'run', 'chess_etl', 'redshift_game_load', 'scheduled__2023-10-01T00:00:00+00:00', '--job-id', '786', '--raw', '--subdir', 'DAGS_FOLDER/chess_dag.py', '--cfg-path', '/tmp/tmpdtznqalv']
[2024-07-08T05:09:28.845+0000] {standard_task_runner.py:91} INFO - Job 786: Subtask redshift_game_load
[2024-07-08T05:09:28.879+0000] {task_command.py:426} INFO - Running <TaskInstance: chess_etl.redshift_game_load scheduled__2023-10-01T00:00:00+00:00 [running]> on host 6569f5155f0c
[2024-07-08T05:09:28.960+0000] {taskinstance.py:2648} INFO - Exporting env vars: AIRFLOW_CTX_DAG_OWNER='***' AIRFLOW_CTX_DAG_ID='chess_etl' AIRFLOW_CTX_TASK_ID='redshift_game_load' AIRFLOW_CTX_EXECUTION_DATE='2023-10-01T00:00:00+00:00' AIRFLOW_CTX_TRY_NUMBER='1' AIRFLOW_CTX_DAG_RUN_ID='scheduled__2023-10-01T00:00:00+00:00'
[2024-07-08T05:09:28.961+0000] {taskinstance.py:430} INFO - ::endgroup::
[2024-07-08T05:09:28.963+0000] {warnings.py:110} WARNING - /home/***/.local/lib/python3.12/site-packages/***/utils/context.py:320: AirflowContextDeprecationWarning: Accessing 'execution_date' from the template is deprecated and will be removed in a future version. Please use 'data_interval_start' or 'logical_date' instead.
  warnings.warn(_create_deprecation_warning(k, replacements))

[2024-07-08T05:09:28.971+0000] {base.py:84} INFO - Using connection ID 'chess_project_s3' for task execution.
[2024-07-08T05:09:29.824+0000] {base.py:84} INFO - Using connection ID 'chess_project_redshift' for task execution.
[2024-07-08T05:09:31.475+0000] {python.py:237} INFO - Done. Returned value was: None
[2024-07-08T05:09:31.475+0000] {taskinstance.py:441} INFO - ::group::Post task execution logs
[2024-07-08T05:09:31.482+0000] {taskinstance.py:1206} INFO - Marking task as SUCCESS. dag_id=chess_etl, task_id=redshift_game_load, run_id=scheduled__2023-10-01T00:00:00+00:00, execution_date=20231001T000000, start_date=20240708T050928, end_date=20240708T050931
[2024-07-08T05:09:31.504+0000] {local_task_job_runner.py:240} INFO - Task exited with return code 0
[2024-07-08T05:09:31.519+0000] {taskinstance.py:3498} INFO - 1 downstream tasks scheduled from follow-on schedule check
[2024-07-08T05:09:31.520+0000] {local_task_job_runner.py:222} INFO - ::endgroup::
