[2024-06-04T01:56:23.083+0000] {local_task_job_runner.py:120} INFO - ::group::Pre task execution logs
[2024-06-04T01:56:23.097+0000] {taskinstance.py:2076} INFO - Dependencies all met for dep_context=non-requeueable deps ti=<TaskInstance: chess_etl.games_etl scheduled__2024-01-01T00:00:00+00:00 [queued]>
[2024-06-04T01:56:23.102+0000] {taskinstance.py:2076} INFO - Dependencies all met for dep_context=requeueable deps ti=<TaskInstance: chess_etl.games_etl scheduled__2024-01-01T00:00:00+00:00 [queued]>
[2024-06-04T01:56:23.103+0000] {taskinstance.py:2306} INFO - Starting attempt 1 of 1
[2024-06-04T01:56:23.111+0000] {taskinstance.py:2330} INFO - Executing <Task(PythonOperator): games_etl> on 2024-01-01 00:00:00+00:00
[2024-06-04T01:56:23.119+0000] {warnings.py:110} WARNING - /home/***/.local/lib/python3.12/site-packages/***/task/task_runner/standard_task_runner.py:61: DeprecationWarning: This process (pid=54286) is multi-threaded, use of fork() may lead to deadlocks in the child.
  pid = os.fork()

[2024-06-04T01:56:23.120+0000] {standard_task_runner.py:63} INFO - Started process 54288 to run task
[2024-06-04T01:56:23.121+0000] {standard_task_runner.py:90} INFO - Running: ['***', 'tasks', 'run', 'chess_etl', 'games_etl', 'scheduled__2024-01-01T00:00:00+00:00', '--job-id', '184', '--raw', '--subdir', 'DAGS_FOLDER/chess_dag.py', '--cfg-path', '/tmp/tmpqemm2a4p']
[2024-06-04T01:56:23.122+0000] {standard_task_runner.py:91} INFO - Job 184: Subtask games_etl
[2024-06-04T01:56:23.156+0000] {task_command.py:426} INFO - Running <TaskInstance: chess_etl.games_etl scheduled__2024-01-01T00:00:00+00:00 [running]> on host f55fff24b127
[2024-06-04T01:56:23.216+0000] {taskinstance.py:2648} INFO - Exporting env vars: AIRFLOW_CTX_DAG_OWNER='***' AIRFLOW_CTX_DAG_ID='chess_etl' AIRFLOW_CTX_TASK_ID='games_etl' AIRFLOW_CTX_EXECUTION_DATE='2024-01-01T00:00:00+00:00' AIRFLOW_CTX_TRY_NUMBER='1' AIRFLOW_CTX_DAG_RUN_ID='scheduled__2024-01-01T00:00:00+00:00'
[2024-06-04T01:56:23.218+0000] {taskinstance.py:430} INFO - ::endgroup::
[2024-06-04T01:56:23.218+0000] {warnings.py:110} WARNING - /home/***/.local/lib/python3.12/site-packages/***/utils/context.py:320: AirflowContextDeprecationWarning: Accessing 'execution_date' from the template is deprecated and will be removed in a future version. Please use 'data_interval_start' or 'logical_date' instead.
  warnings.warn(_create_deprecation_warning(k, replacements))

[2024-06-04T01:56:23.631+0000] {base.py:84} INFO - Using connection ID 'chess_project_s3' for task execution.
[2024-06-04T01:56:24.307+0000] {python.py:237} INFO - Done. Returned value was: None
[2024-06-04T01:56:24.307+0000] {taskinstance.py:441} INFO - ::group::Post task execution logs
[2024-06-04T01:56:24.314+0000] {taskinstance.py:1206} INFO - Marking task as SUCCESS. dag_id=chess_etl, task_id=games_etl, run_id=scheduled__2024-01-01T00:00:00+00:00, execution_date=20240101T000000, start_date=20240604T015623, end_date=20240604T015624
[2024-06-04T01:56:24.337+0000] {local_task_job_runner.py:240} INFO - Task exited with return code 0
[2024-06-04T01:56:24.351+0000] {taskinstance.py:3498} INFO - 1 downstream tasks scheduled from follow-on schedule check
[2024-06-04T01:56:24.352+0000] {local_task_job_runner.py:222} INFO - ::endgroup::
[2024-06-08T23:49:30.170+0000] {local_task_job_runner.py:120} INFO - ::group::Pre task execution logs
[2024-06-08T23:49:30.187+0000] {taskinstance.py:2076} INFO - Dependencies all met for dep_context=non-requeueable deps ti=<TaskInstance: chess_etl.games_etl scheduled__2024-01-01T00:00:00+00:00 [queued]>
[2024-06-08T23:49:30.193+0000] {taskinstance.py:2076} INFO - Dependencies all met for dep_context=requeueable deps ti=<TaskInstance: chess_etl.games_etl scheduled__2024-01-01T00:00:00+00:00 [queued]>
[2024-06-08T23:49:30.193+0000] {taskinstance.py:2306} INFO - Starting attempt 1 of 1
[2024-06-08T23:49:30.207+0000] {taskinstance.py:2330} INFO - Executing <Task(PythonOperator): games_etl> on 2024-01-01 00:00:00+00:00
[2024-06-08T23:49:30.216+0000] {warnings.py:110} WARNING - /home/***/.local/lib/python3.12/site-packages/***/task/task_runner/standard_task_runner.py:61: DeprecationWarning: This process (pid=54974) is multi-threaded, use of fork() may lead to deadlocks in the child.
  pid = os.fork()

[2024-06-08T23:49:30.218+0000] {standard_task_runner.py:63} INFO - Started process 54976 to run task
[2024-06-08T23:49:30.218+0000] {standard_task_runner.py:90} INFO - Running: ['***', 'tasks', 'run', 'chess_etl', 'games_etl', 'scheduled__2024-01-01T00:00:00+00:00', '--job-id', '360', '--raw', '--subdir', 'DAGS_FOLDER/chess_dag.py', '--cfg-path', '/tmp/tmpj2qa2chr']
[2024-06-08T23:49:30.219+0000] {standard_task_runner.py:91} INFO - Job 360: Subtask games_etl
[2024-06-08T23:49:30.260+0000] {task_command.py:426} INFO - Running <TaskInstance: chess_etl.games_etl scheduled__2024-01-01T00:00:00+00:00 [running]> on host bf0ade909435
[2024-06-08T23:49:30.338+0000] {taskinstance.py:2648} INFO - Exporting env vars: AIRFLOW_CTX_DAG_OWNER='***' AIRFLOW_CTX_DAG_ID='chess_etl' AIRFLOW_CTX_TASK_ID='games_etl' AIRFLOW_CTX_EXECUTION_DATE='2024-01-01T00:00:00+00:00' AIRFLOW_CTX_TRY_NUMBER='1' AIRFLOW_CTX_DAG_RUN_ID='scheduled__2024-01-01T00:00:00+00:00'
[2024-06-08T23:49:30.340+0000] {taskinstance.py:430} INFO - ::endgroup::
[2024-06-08T23:49:30.341+0000] {warnings.py:110} WARNING - /home/***/.local/lib/python3.12/site-packages/***/utils/context.py:320: AirflowContextDeprecationWarning: Accessing 'execution_date' from the template is deprecated and will be removed in a future version. Please use 'data_interval_start' or 'logical_date' instead.
  warnings.warn(_create_deprecation_warning(k, replacements))

[2024-06-08T23:49:30.755+0000] {base.py:84} INFO - Using connection ID 'chess_project_s3' for task execution.
[2024-06-08T23:49:31.383+0000] {python.py:237} INFO - Done. Returned value was: None
[2024-06-08T23:49:31.384+0000] {taskinstance.py:441} INFO - ::group::Post task execution logs
[2024-06-08T23:49:31.392+0000] {taskinstance.py:1206} INFO - Marking task as SUCCESS. dag_id=chess_etl, task_id=games_etl, run_id=scheduled__2024-01-01T00:00:00+00:00, execution_date=20240101T000000, start_date=20240608T234930, end_date=20240608T234931
[2024-06-08T23:49:31.435+0000] {local_task_job_runner.py:240} INFO - Task exited with return code 0
[2024-06-08T23:49:31.452+0000] {taskinstance.py:3498} INFO - 1 downstream tasks scheduled from follow-on schedule check
[2024-06-08T23:49:31.453+0000] {local_task_job_runner.py:222} INFO - ::endgroup::
[2024-07-08T05:17:35.548+0000] {local_task_job_runner.py:120} INFO - ::group::Pre task execution logs
[2024-07-08T05:17:35.567+0000] {taskinstance.py:2076} INFO - Dependencies all met for dep_context=non-requeueable deps ti=<TaskInstance: chess_etl.games_etl scheduled__2024-01-01T00:00:00+00:00 [queued]>
[2024-07-08T05:17:35.574+0000] {taskinstance.py:2076} INFO - Dependencies all met for dep_context=requeueable deps ti=<TaskInstance: chess_etl.games_etl scheduled__2024-01-01T00:00:00+00:00 [queued]>
[2024-07-08T05:17:35.575+0000] {taskinstance.py:2306} INFO - Starting attempt 1 of 1
[2024-07-08T05:17:35.585+0000] {taskinstance.py:2330} INFO - Executing <Task(PythonOperator): games_etl> on 2024-01-01 00:00:00+00:00
[2024-07-08T05:17:35.593+0000] {warnings.py:110} WARNING - /home/***/.local/lib/python3.12/site-packages/***/task/task_runner/standard_task_runner.py:61: DeprecationWarning: This process (pid=55838) is multi-threaded, use of fork() may lead to deadlocks in the child.
  pid = os.fork()

[2024-07-08T05:17:35.595+0000] {standard_task_runner.py:63} INFO - Started process 55840 to run task
[2024-07-08T05:17:35.595+0000] {standard_task_runner.py:90} INFO - Running: ['***', 'tasks', 'run', 'chess_etl', 'games_etl', 'scheduled__2024-01-01T00:00:00+00:00', '--job-id', '796', '--raw', '--subdir', 'DAGS_FOLDER/chess_dag.py', '--cfg-path', '/tmp/tmpq576_w19']
[2024-07-08T05:17:35.596+0000] {standard_task_runner.py:91} INFO - Job 796: Subtask games_etl
[2024-07-08T05:17:35.641+0000] {task_command.py:426} INFO - Running <TaskInstance: chess_etl.games_etl scheduled__2024-01-01T00:00:00+00:00 [running]> on host 6569f5155f0c
[2024-07-08T05:17:35.710+0000] {taskinstance.py:2648} INFO - Exporting env vars: AIRFLOW_CTX_DAG_OWNER='***' AIRFLOW_CTX_DAG_ID='chess_etl' AIRFLOW_CTX_TASK_ID='games_etl' AIRFLOW_CTX_EXECUTION_DATE='2024-01-01T00:00:00+00:00' AIRFLOW_CTX_TRY_NUMBER='1' AIRFLOW_CTX_DAG_RUN_ID='scheduled__2024-01-01T00:00:00+00:00'
[2024-07-08T05:17:35.711+0000] {taskinstance.py:430} INFO - ::endgroup::
[2024-07-08T05:17:35.712+0000] {warnings.py:110} WARNING - /home/***/.local/lib/python3.12/site-packages/***/utils/context.py:320: AirflowContextDeprecationWarning: Accessing 'execution_date' from the template is deprecated and will be removed in a future version. Please use 'data_interval_start' or 'logical_date' instead.
  warnings.warn(_create_deprecation_warning(k, replacements))

[2024-07-08T05:17:36.087+0000] {base.py:84} INFO - Using connection ID 'chess_project_s3' for task execution.
[2024-07-08T05:17:36.774+0000] {python.py:237} INFO - Done. Returned value was: None
[2024-07-08T05:17:36.774+0000] {taskinstance.py:441} INFO - ::group::Post task execution logs
[2024-07-08T05:17:36.780+0000] {taskinstance.py:1206} INFO - Marking task as SUCCESS. dag_id=chess_etl, task_id=games_etl, run_id=scheduled__2024-01-01T00:00:00+00:00, execution_date=20240101T000000, start_date=20240708T051735, end_date=20240708T051736
[2024-07-08T05:17:36.811+0000] {local_task_job_runner.py:240} INFO - Task exited with return code 0
[2024-07-08T05:17:36.830+0000] {taskinstance.py:3498} INFO - 1 downstream tasks scheduled from follow-on schedule check
[2024-07-08T05:17:36.831+0000] {local_task_job_runner.py:222} INFO - ::endgroup::
