[2024-07-07T21:15:31.021+0000] {local_task_job_runner.py:120} INFO - ::group::Pre task execution logs
[2024-07-07T21:15:31.036+0000] {taskinstance.py:2076} INFO - Dependencies all met for dep_context=non-requeueable deps ti=<TaskInstance: chess_etl.redshift_game_load backfill__2019-01-01T00:00:00+00:00 [queued]>
[2024-07-07T21:15:31.042+0000] {taskinstance.py:2076} INFO - Dependencies all met for dep_context=requeueable deps ti=<TaskInstance: chess_etl.redshift_game_load backfill__2019-01-01T00:00:00+00:00 [queued]>
[2024-07-07T21:15:31.042+0000] {taskinstance.py:2306} INFO - Starting attempt 4 of 4
[2024-07-07T21:15:31.052+0000] {taskinstance.py:2330} INFO - Executing <Task(PythonOperator): redshift_game_load> on 2019-01-01 00:00:00+00:00
[2024-07-07T21:15:31.057+0000] {warnings.py:110} WARNING - /home/***/.local/lib/python3.12/site-packages/***/task/task_runner/standard_task_runner.py:61: DeprecationWarning: This process (pid=1096) is multi-threaded, use of fork() may lead to deadlocks in the child.
  pid = os.fork()

[2024-07-07T21:15:31.058+0000] {standard_task_runner.py:63} INFO - Started process 1101 to run task
[2024-07-07T21:15:31.058+0000] {standard_task_runner.py:90} INFO - Running: ['***', 'tasks', 'run', 'chess_etl', 'redshift_game_load', 'backfill__2019-01-01T00:00:00+00:00', '--job-id', '563', '--pool', 'default_pool', '--raw', '--subdir', 'DAGS_FOLDER/chess_dag.py', '--cfg-path', '/tmp/tmpj66_ydoo']
[2024-07-07T21:15:31.060+0000] {standard_task_runner.py:91} INFO - Job 563: Subtask redshift_game_load
[2024-07-07T21:15:31.096+0000] {task_command.py:426} INFO - Running <TaskInstance: chess_etl.redshift_game_load backfill__2019-01-01T00:00:00+00:00 [running]> on host 6569f5155f0c
[2024-07-07T21:15:31.150+0000] {taskinstance.py:2648} INFO - Exporting env vars: AIRFLOW_CTX_DAG_OWNER='***' AIRFLOW_CTX_DAG_ID='chess_etl' AIRFLOW_CTX_TASK_ID='redshift_game_load' AIRFLOW_CTX_EXECUTION_DATE='2019-01-01T00:00:00+00:00' AIRFLOW_CTX_TRY_NUMBER='4' AIRFLOW_CTX_DAG_RUN_ID='backfill__2019-01-01T00:00:00+00:00'
[2024-07-07T21:15:31.151+0000] {taskinstance.py:430} INFO - ::endgroup::
[2024-07-07T21:15:31.152+0000] {warnings.py:110} WARNING - /home/***/.local/lib/python3.12/site-packages/***/utils/context.py:320: AirflowContextDeprecationWarning: Accessing 'execution_date' from the template is deprecated and will be removed in a future version. Please use 'data_interval_start' or 'logical_date' instead.
  warnings.warn(_create_deprecation_warning(k, replacements))

[2024-07-07T21:15:31.160+0000] {base.py:84} INFO - Using connection ID 'chess_project_s3' for task execution.
[2024-07-07T21:15:32.111+0000] {logging_mixin.py:188} INFO - No games for period 2019_01
[2024-07-07T21:15:32.111+0000] {python.py:237} INFO - Done. Returned value was: None
[2024-07-07T21:15:32.112+0000] {taskinstance.py:441} INFO - ::group::Post task execution logs
[2024-07-07T21:15:32.118+0000] {taskinstance.py:1206} INFO - Marking task as SUCCESS. dag_id=chess_etl, task_id=redshift_game_load, run_id=backfill__2019-01-01T00:00:00+00:00, execution_date=20190101T000000, start_date=20240707T211531, end_date=20240707T211532
[2024-07-07T21:15:32.154+0000] {local_task_job_runner.py:240} INFO - Task exited with return code 0
[2024-07-07T21:15:32.169+0000] {taskinstance.py:3498} INFO - 1 downstream tasks scheduled from follow-on schedule check
[2024-07-07T21:15:32.170+0000] {local_task_job_runner.py:222} INFO - ::endgroup::
