[2024-06-04T01:35:14.423+0000] {local_task_job_runner.py:120} INFO - ::group::Pre task execution logs
[2024-06-04T01:35:14.437+0000] {taskinstance.py:2076} INFO - Dependencies all met for dep_context=non-requeueable deps ti=<TaskInstance: chess_etl.games_etl scheduled__2023-09-01T00:00:00+00:00 [queued]>
[2024-06-04T01:35:14.443+0000] {taskinstance.py:2076} INFO - Dependencies all met for dep_context=requeueable deps ti=<TaskInstance: chess_etl.games_etl scheduled__2023-09-01T00:00:00+00:00 [queued]>
[2024-06-04T01:35:14.443+0000] {taskinstance.py:2306} INFO - Starting attempt 1 of 1
[2024-06-04T01:35:14.451+0000] {taskinstance.py:2330} INFO - Executing <Task(PythonOperator): games_etl> on 2023-09-01 00:00:00+00:00
[2024-06-04T01:35:14.458+0000] {warnings.py:110} WARNING - /home/***/.local/lib/python3.12/site-packages/***/task/task_runner/standard_task_runner.py:61: DeprecationWarning: This process (pid=51981) is multi-threaded, use of fork() may lead to deadlocks in the child.
  pid = os.fork()

[2024-06-04T01:35:14.459+0000] {standard_task_runner.py:63} INFO - Started process 51983 to run task
[2024-06-04T01:35:14.459+0000] {standard_task_runner.py:90} INFO - Running: ['***', 'tasks', 'run', 'chess_etl', 'games_etl', 'scheduled__2023-09-01T00:00:00+00:00', '--job-id', '176', '--raw', '--subdir', 'DAGS_FOLDER/chess_dag.py', '--cfg-path', '/tmp/tmp5whlzo87']
[2024-06-04T01:35:14.460+0000] {standard_task_runner.py:91} INFO - Job 176: Subtask games_etl
[2024-06-04T01:35:14.492+0000] {task_command.py:426} INFO - Running <TaskInstance: chess_etl.games_etl scheduled__2023-09-01T00:00:00+00:00 [running]> on host f55fff24b127
[2024-06-04T01:35:14.561+0000] {taskinstance.py:2648} INFO - Exporting env vars: AIRFLOW_CTX_DAG_OWNER='***' AIRFLOW_CTX_DAG_ID='chess_etl' AIRFLOW_CTX_TASK_ID='games_etl' AIRFLOW_CTX_EXECUTION_DATE='2023-09-01T00:00:00+00:00' AIRFLOW_CTX_TRY_NUMBER='1' AIRFLOW_CTX_DAG_RUN_ID='scheduled__2023-09-01T00:00:00+00:00'
[2024-06-04T01:35:14.562+0000] {taskinstance.py:430} INFO - ::endgroup::
[2024-06-04T01:35:14.563+0000] {warnings.py:110} WARNING - /home/***/.local/lib/python3.12/site-packages/***/utils/context.py:320: AirflowContextDeprecationWarning: Accessing 'execution_date' from the template is deprecated and will be removed in a future version. Please use 'data_interval_start' or 'logical_date' instead.
  warnings.warn(_create_deprecation_warning(k, replacements))

[2024-06-04T01:35:15.123+0000] {base.py:84} INFO - Using connection ID 'chess_project_s3' for task execution.
[2024-06-04T01:35:15.823+0000] {python.py:237} INFO - Done. Returned value was: None
[2024-06-04T01:35:15.824+0000] {taskinstance.py:441} INFO - ::group::Post task execution logs
[2024-06-04T01:35:15.830+0000] {taskinstance.py:1206} INFO - Marking task as SUCCESS. dag_id=chess_etl, task_id=games_etl, run_id=scheduled__2023-09-01T00:00:00+00:00, execution_date=20230901T000000, start_date=20240604T013514, end_date=20240604T013515
[2024-06-04T01:35:15.876+0000] {local_task_job_runner.py:240} INFO - Task exited with return code 0
[2024-06-04T01:35:15.890+0000] {taskinstance.py:3498} INFO - 1 downstream tasks scheduled from follow-on schedule check
[2024-06-04T01:35:15.892+0000] {local_task_job_runner.py:222} INFO - ::endgroup::
[2024-06-08T23:27:48.611+0000] {local_task_job_runner.py:120} INFO - ::group::Pre task execution logs
[2024-06-08T23:27:48.635+0000] {taskinstance.py:2076} INFO - Dependencies all met for dep_context=non-requeueable deps ti=<TaskInstance: chess_etl.games_etl scheduled__2023-09-01T00:00:00+00:00 [queued]>
[2024-06-08T23:27:48.644+0000] {taskinstance.py:2076} INFO - Dependencies all met for dep_context=requeueable deps ti=<TaskInstance: chess_etl.games_etl scheduled__2023-09-01T00:00:00+00:00 [queued]>
[2024-06-08T23:27:48.645+0000] {taskinstance.py:2306} INFO - Starting attempt 1 of 1
[2024-06-08T23:27:48.662+0000] {taskinstance.py:2330} INFO - Executing <Task(PythonOperator): games_etl> on 2023-09-01 00:00:00+00:00
[2024-06-08T23:27:48.671+0000] {warnings.py:110} WARNING - /home/***/.local/lib/python3.12/site-packages/***/task/task_runner/standard_task_runner.py:61: DeprecationWarning: This process (pid=52669) is multi-threaded, use of fork() may lead to deadlocks in the child.
  pid = os.fork()

[2024-06-08T23:27:48.673+0000] {standard_task_runner.py:90} INFO - Running: ['***', 'tasks', 'run', 'chess_etl', 'games_etl', 'scheduled__2023-09-01T00:00:00+00:00', '--job-id', '352', '--raw', '--subdir', 'DAGS_FOLDER/chess_dag.py', '--cfg-path', '/tmp/tmp79kx2ema']
[2024-06-08T23:27:48.674+0000] {standard_task_runner.py:63} INFO - Started process 52671 to run task
[2024-06-08T23:27:48.674+0000] {standard_task_runner.py:91} INFO - Job 352: Subtask games_etl
[2024-06-08T23:27:48.722+0000] {task_command.py:426} INFO - Running <TaskInstance: chess_etl.games_etl scheduled__2023-09-01T00:00:00+00:00 [running]> on host bf0ade909435
[2024-06-08T23:27:48.811+0000] {taskinstance.py:2648} INFO - Exporting env vars: AIRFLOW_CTX_DAG_OWNER='***' AIRFLOW_CTX_DAG_ID='chess_etl' AIRFLOW_CTX_TASK_ID='games_etl' AIRFLOW_CTX_EXECUTION_DATE='2023-09-01T00:00:00+00:00' AIRFLOW_CTX_TRY_NUMBER='1' AIRFLOW_CTX_DAG_RUN_ID='scheduled__2023-09-01T00:00:00+00:00'
[2024-06-08T23:27:48.813+0000] {taskinstance.py:430} INFO - ::endgroup::
[2024-06-08T23:27:48.815+0000] {warnings.py:110} WARNING - /home/***/.local/lib/python3.12/site-packages/***/utils/context.py:320: AirflowContextDeprecationWarning: Accessing 'execution_date' from the template is deprecated and will be removed in a future version. Please use 'data_interval_start' or 'logical_date' instead.
  warnings.warn(_create_deprecation_warning(k, replacements))

[2024-06-08T23:27:49.451+0000] {base.py:84} INFO - Using connection ID 'chess_project_s3' for task execution.
[2024-06-08T23:27:50.225+0000] {python.py:237} INFO - Done. Returned value was: None
[2024-06-08T23:27:50.225+0000] {taskinstance.py:441} INFO - ::group::Post task execution logs
[2024-06-08T23:27:50.236+0000] {taskinstance.py:1206} INFO - Marking task as SUCCESS. dag_id=chess_etl, task_id=games_etl, run_id=scheduled__2023-09-01T00:00:00+00:00, execution_date=20230901T000000, start_date=20240608T232748, end_date=20240608T232750
[2024-06-08T23:27:50.293+0000] {local_task_job_runner.py:240} INFO - Task exited with return code 0
[2024-06-08T23:27:50.319+0000] {taskinstance.py:3498} INFO - 1 downstream tasks scheduled from follow-on schedule check
[2024-06-08T23:27:50.322+0000] {local_task_job_runner.py:222} INFO - ::endgroup::
[2024-07-08T04:56:07.089+0000] {local_task_job_runner.py:120} INFO - ::group::Pre task execution logs
[2024-07-08T04:56:07.103+0000] {taskinstance.py:2076} INFO - Dependencies all met for dep_context=non-requeueable deps ti=<TaskInstance: chess_etl.games_etl scheduled__2023-09-01T00:00:00+00:00 [queued]>
[2024-07-08T04:56:07.110+0000] {taskinstance.py:2076} INFO - Dependencies all met for dep_context=requeueable deps ti=<TaskInstance: chess_etl.games_etl scheduled__2023-09-01T00:00:00+00:00 [queued]>
[2024-07-08T04:56:07.110+0000] {taskinstance.py:2306} INFO - Starting attempt 1 of 1
[2024-07-08T04:56:07.119+0000] {taskinstance.py:2330} INFO - Executing <Task(PythonOperator): games_etl> on 2023-09-01 00:00:00+00:00
[2024-07-08T04:56:07.126+0000] {warnings.py:110} WARNING - /home/***/.local/lib/python3.12/site-packages/***/task/task_runner/standard_task_runner.py:61: DeprecationWarning: This process (pid=53469) is multi-threaded, use of fork() may lead to deadlocks in the child.
  pid = os.fork()

[2024-07-08T04:56:07.128+0000] {standard_task_runner.py:63} INFO - Started process 53471 to run task
[2024-07-08T04:56:07.128+0000] {standard_task_runner.py:90} INFO - Running: ['***', 'tasks', 'run', 'chess_etl', 'games_etl', 'scheduled__2023-09-01T00:00:00+00:00', '--job-id', '780', '--raw', '--subdir', 'DAGS_FOLDER/chess_dag.py', '--cfg-path', '/tmp/tmp8p1xtalz']
[2024-07-08T04:56:07.129+0000] {standard_task_runner.py:91} INFO - Job 780: Subtask games_etl
[2024-07-08T04:56:07.162+0000] {task_command.py:426} INFO - Running <TaskInstance: chess_etl.games_etl scheduled__2023-09-01T00:00:00+00:00 [running]> on host 6569f5155f0c
[2024-07-08T04:56:07.227+0000] {taskinstance.py:2648} INFO - Exporting env vars: AIRFLOW_CTX_DAG_OWNER='***' AIRFLOW_CTX_DAG_ID='chess_etl' AIRFLOW_CTX_TASK_ID='games_etl' AIRFLOW_CTX_EXECUTION_DATE='2023-09-01T00:00:00+00:00' AIRFLOW_CTX_TRY_NUMBER='1' AIRFLOW_CTX_DAG_RUN_ID='scheduled__2023-09-01T00:00:00+00:00'
[2024-07-08T04:56:07.228+0000] {taskinstance.py:430} INFO - ::endgroup::
[2024-07-08T04:56:07.230+0000] {warnings.py:110} WARNING - /home/***/.local/lib/python3.12/site-packages/***/utils/context.py:320: AirflowContextDeprecationWarning: Accessing 'execution_date' from the template is deprecated and will be removed in a future version. Please use 'data_interval_start' or 'logical_date' instead.
  warnings.warn(_create_deprecation_warning(k, replacements))

[2024-07-08T04:56:07.888+0000] {base.py:84} INFO - Using connection ID 'chess_project_s3' for task execution.
[2024-07-08T04:56:08.572+0000] {python.py:237} INFO - Done. Returned value was: None
[2024-07-08T04:56:08.572+0000] {taskinstance.py:441} INFO - ::group::Post task execution logs
[2024-07-08T04:56:08.579+0000] {taskinstance.py:1206} INFO - Marking task as SUCCESS. dag_id=chess_etl, task_id=games_etl, run_id=scheduled__2023-09-01T00:00:00+00:00, execution_date=20230901T000000, start_date=20240708T045607, end_date=20240708T045608
[2024-07-08T04:56:08.625+0000] {local_task_job_runner.py:240} INFO - Task exited with return code 0
[2024-07-08T04:56:08.646+0000] {taskinstance.py:3498} INFO - 1 downstream tasks scheduled from follow-on schedule check
[2024-07-08T04:56:08.647+0000] {local_task_job_runner.py:222} INFO - ::endgroup::
