[2024-06-03T23:36:08.610+0000] {local_task_job_runner.py:120} INFO - ::group::Pre task execution logs
[2024-06-03T23:36:08.624+0000] {taskinstance.py:2076} INFO - Dependencies all met for dep_context=non-requeueable deps ti=<TaskInstance: chess_etl.blunders_etl scheduled__2022-08-01T00:00:00+00:00 [queued]>
[2024-06-03T23:36:08.630+0000] {taskinstance.py:2076} INFO - Dependencies all met for dep_context=requeueable deps ti=<TaskInstance: chess_etl.blunders_etl scheduled__2022-08-01T00:00:00+00:00 [queued]>
[2024-06-03T23:36:08.631+0000] {taskinstance.py:2306} INFO - Starting attempt 1 of 1
[2024-06-03T23:36:08.640+0000] {taskinstance.py:2330} INFO - Executing <Task(PythonOperator): blunders_etl> on 2022-08-01 00:00:00+00:00
[2024-06-03T23:36:08.647+0000] {warnings.py:110} WARNING - /home/***/.local/lib/python3.12/site-packages/***/task/task_runner/standard_task_runner.py:61: DeprecationWarning: This process (pid=38396) is multi-threaded, use of fork() may lead to deadlocks in the child.
  pid = os.fork()

[2024-06-03T23:36:08.649+0000] {standard_task_runner.py:63} INFO - Started process 38398 to run task
[2024-06-03T23:36:08.649+0000] {standard_task_runner.py:90} INFO - Running: ['***', 'tasks', 'run', 'chess_etl', 'blunders_etl', 'scheduled__2022-08-01T00:00:00+00:00', '--job-id', '151', '--raw', '--subdir', 'DAGS_FOLDER/chess_dag.py', '--cfg-path', '/tmp/tmpaaowuvrl']
[2024-06-03T23:36:08.650+0000] {standard_task_runner.py:91} INFO - Job 151: Subtask blunders_etl
[2024-06-03T23:36:08.683+0000] {task_command.py:426} INFO - Running <TaskInstance: chess_etl.blunders_etl scheduled__2022-08-01T00:00:00+00:00 [running]> on host f55fff24b127
[2024-06-03T23:36:08.749+0000] {taskinstance.py:2648} INFO - Exporting env vars: AIRFLOW_CTX_DAG_OWNER='***' AIRFLOW_CTX_DAG_ID='chess_etl' AIRFLOW_CTX_TASK_ID='blunders_etl' AIRFLOW_CTX_EXECUTION_DATE='2022-08-01T00:00:00+00:00' AIRFLOW_CTX_TRY_NUMBER='1' AIRFLOW_CTX_DAG_RUN_ID='scheduled__2022-08-01T00:00:00+00:00'
[2024-06-03T23:36:08.750+0000] {taskinstance.py:430} INFO - ::endgroup::
[2024-06-03T23:36:08.751+0000] {warnings.py:110} WARNING - /home/***/.local/lib/python3.12/site-packages/***/utils/context.py:320: AirflowContextDeprecationWarning: Accessing 'execution_date' from the template is deprecated and will be removed in a future version. Please use 'data_interval_start' or 'logical_date' instead.
  warnings.warn(_create_deprecation_warning(k, replacements))

[2024-06-03T23:36:08.757+0000] {base.py:84} INFO - Using connection ID 'chess_project_s3' for task execution.
[2024-06-03T23:50:23.424+0000] {python.py:237} INFO - Done. Returned value was: None
[2024-06-03T23:50:23.425+0000] {taskinstance.py:441} INFO - ::group::Post task execution logs
[2024-06-03T23:50:23.435+0000] {taskinstance.py:1206} INFO - Marking task as SUCCESS. dag_id=chess_etl, task_id=blunders_etl, run_id=scheduled__2022-08-01T00:00:00+00:00, execution_date=20220801T000000, start_date=20240603T233608, end_date=20240603T235023
[2024-06-03T23:50:23.472+0000] {local_task_job_runner.py:240} INFO - Task exited with return code 0
[2024-06-03T23:50:23.484+0000] {taskinstance.py:3498} INFO - 0 downstream tasks scheduled from follow-on schedule check
[2024-06-03T23:50:23.485+0000] {local_task_job_runner.py:222} INFO - ::endgroup::
[2024-06-08T21:10:34.934+0000] {local_task_job_runner.py:120} INFO - ::group::Pre task execution logs
[2024-06-08T21:10:34.953+0000] {taskinstance.py:2076} INFO - Dependencies all met for dep_context=non-requeueable deps ti=<TaskInstance: chess_etl.blunders_etl scheduled__2022-08-01T00:00:00+00:00 [queued]>
[2024-06-08T21:10:34.962+0000] {taskinstance.py:2076} INFO - Dependencies all met for dep_context=requeueable deps ti=<TaskInstance: chess_etl.blunders_etl scheduled__2022-08-01T00:00:00+00:00 [queued]>
[2024-06-08T21:10:34.962+0000] {taskinstance.py:2306} INFO - Starting attempt 1 of 1
[2024-06-08T21:10:34.974+0000] {taskinstance.py:2330} INFO - Executing <Task(PythonOperator): blunders_etl> on 2022-08-01 00:00:00+00:00
[2024-06-08T21:10:34.982+0000] {warnings.py:110} WARNING - /home/***/.local/lib/python3.12/site-packages/***/task/task_runner/standard_task_runner.py:61: DeprecationWarning: This process (pid=38780) is multi-threaded, use of fork() may lead to deadlocks in the child.
  pid = os.fork()

[2024-06-08T21:10:34.983+0000] {standard_task_runner.py:63} INFO - Started process 38782 to run task
[2024-06-08T21:10:34.983+0000] {standard_task_runner.py:90} INFO - Running: ['***', 'tasks', 'run', 'chess_etl', 'blunders_etl', 'scheduled__2022-08-01T00:00:00+00:00', '--job-id', '327', '--raw', '--subdir', 'DAGS_FOLDER/chess_dag.py', '--cfg-path', '/tmp/tmpri7gsgyf']
[2024-06-08T21:10:34.984+0000] {standard_task_runner.py:91} INFO - Job 327: Subtask blunders_etl
[2024-06-08T21:10:35.031+0000] {task_command.py:426} INFO - Running <TaskInstance: chess_etl.blunders_etl scheduled__2022-08-01T00:00:00+00:00 [running]> on host bf0ade909435
[2024-06-08T21:10:35.127+0000] {taskinstance.py:2648} INFO - Exporting env vars: AIRFLOW_CTX_DAG_OWNER='***' AIRFLOW_CTX_DAG_ID='chess_etl' AIRFLOW_CTX_TASK_ID='blunders_etl' AIRFLOW_CTX_EXECUTION_DATE='2022-08-01T00:00:00+00:00' AIRFLOW_CTX_TRY_NUMBER='1' AIRFLOW_CTX_DAG_RUN_ID='scheduled__2022-08-01T00:00:00+00:00'
[2024-06-08T21:10:35.128+0000] {taskinstance.py:430} INFO - ::endgroup::
[2024-06-08T21:10:35.130+0000] {warnings.py:110} WARNING - /home/***/.local/lib/python3.12/site-packages/***/utils/context.py:320: AirflowContextDeprecationWarning: Accessing 'execution_date' from the template is deprecated and will be removed in a future version. Please use 'data_interval_start' or 'logical_date' instead.
  warnings.warn(_create_deprecation_warning(k, replacements))

[2024-06-08T21:10:35.138+0000] {base.py:84} INFO - Using connection ID 'chess_project_s3' for task execution.
[2024-06-08T21:26:57.182+0000] {python.py:237} INFO - Done. Returned value was: None
[2024-06-08T21:26:57.183+0000] {taskinstance.py:441} INFO - ::group::Post task execution logs
[2024-06-08T21:26:57.194+0000] {taskinstance.py:1206} INFO - Marking task as SUCCESS. dag_id=chess_etl, task_id=blunders_etl, run_id=scheduled__2022-08-01T00:00:00+00:00, execution_date=20220801T000000, start_date=20240608T211034, end_date=20240608T212657
[2024-06-08T21:26:57.253+0000] {local_task_job_runner.py:240} INFO - Task exited with return code 0
[2024-06-08T21:26:57.269+0000] {taskinstance.py:3498} INFO - 0 downstream tasks scheduled from follow-on schedule check
[2024-06-08T21:26:57.271+0000] {local_task_job_runner.py:222} INFO - ::endgroup::
[2024-07-08T02:57:18.679+0000] {local_task_job_runner.py:120} INFO - ::group::Pre task execution logs
[2024-07-08T02:57:18.695+0000] {taskinstance.py:2076} INFO - Dependencies all met for dep_context=non-requeueable deps ti=<TaskInstance: chess_etl.blunders_etl scheduled__2022-08-01T00:00:00+00:00 [queued]>
[2024-07-08T02:57:18.701+0000] {taskinstance.py:2076} INFO - Dependencies all met for dep_context=requeueable deps ti=<TaskInstance: chess_etl.blunders_etl scheduled__2022-08-01T00:00:00+00:00 [queued]>
[2024-07-08T02:57:18.701+0000] {taskinstance.py:2306} INFO - Starting attempt 1 of 1
[2024-07-08T02:57:18.711+0000] {taskinstance.py:2330} INFO - Executing <Task(PythonOperator): blunders_etl> on 2022-08-01 00:00:00+00:00
[2024-07-08T02:57:18.719+0000] {warnings.py:110} WARNING - /home/***/.local/lib/python3.12/site-packages/***/task/task_runner/standard_task_runner.py:61: DeprecationWarning: This process (pid=39700) is multi-threaded, use of fork() may lead to deadlocks in the child.
  pid = os.fork()

[2024-07-08T02:57:18.720+0000] {standard_task_runner.py:63} INFO - Started process 39702 to run task
[2024-07-08T02:57:18.721+0000] {standard_task_runner.py:90} INFO - Running: ['***', 'tasks', 'run', 'chess_etl', 'blunders_etl', 'scheduled__2022-08-01T00:00:00+00:00', '--job-id', '729', '--raw', '--subdir', 'DAGS_FOLDER/chess_dag.py', '--cfg-path', '/tmp/tmp6_tgs0md']
[2024-07-08T02:57:18.722+0000] {standard_task_runner.py:91} INFO - Job 729: Subtask blunders_etl
[2024-07-08T02:57:18.758+0000] {task_command.py:426} INFO - Running <TaskInstance: chess_etl.blunders_etl scheduled__2022-08-01T00:00:00+00:00 [running]> on host 6569f5155f0c
[2024-07-08T02:57:18.814+0000] {taskinstance.py:2648} INFO - Exporting env vars: AIRFLOW_CTX_DAG_OWNER='***' AIRFLOW_CTX_DAG_ID='chess_etl' AIRFLOW_CTX_TASK_ID='blunders_etl' AIRFLOW_CTX_EXECUTION_DATE='2022-08-01T00:00:00+00:00' AIRFLOW_CTX_TRY_NUMBER='1' AIRFLOW_CTX_DAG_RUN_ID='scheduled__2022-08-01T00:00:00+00:00'
[2024-07-08T02:57:18.815+0000] {taskinstance.py:430} INFO - ::endgroup::
[2024-07-08T02:57:18.816+0000] {warnings.py:110} WARNING - /home/***/.local/lib/python3.12/site-packages/***/utils/context.py:320: AirflowContextDeprecationWarning: Accessing 'execution_date' from the template is deprecated and will be removed in a future version. Please use 'data_interval_start' or 'logical_date' instead.
  warnings.warn(_create_deprecation_warning(k, replacements))

[2024-07-08T02:57:18.822+0000] {base.py:84} INFO - Using connection ID 'chess_project_s3' for task execution.
[2024-07-08T03:10:37.816+0000] {python.py:237} INFO - Done. Returned value was: None
[2024-07-08T03:10:37.816+0000] {taskinstance.py:441} INFO - ::group::Post task execution logs
[2024-07-08T03:10:37.825+0000] {taskinstance.py:1206} INFO - Marking task as SUCCESS. dag_id=chess_etl, task_id=blunders_etl, run_id=scheduled__2022-08-01T00:00:00+00:00, execution_date=20220801T000000, start_date=20240708T025718, end_date=20240708T031037
[2024-07-08T03:10:37.855+0000] {local_task_job_runner.py:240} INFO - Task exited with return code 0
[2024-07-08T03:10:37.873+0000] {taskinstance.py:3498} INFO - 1 downstream tasks scheduled from follow-on schedule check
[2024-07-08T03:10:37.875+0000] {local_task_job_runner.py:222} INFO - ::endgroup::
