[2024-07-07T18:13:20.019+0000] {local_task_job_runner.py:120} INFO - ::group::Pre task execution logs
[2024-07-07T18:13:20.033+0000] {taskinstance.py:2076} INFO - Dependencies all met for dep_context=non-requeueable deps ti=<TaskInstance: chess_etl.redshift_game_load scheduled__2020-04-01T00:00:00+00:00 [queued]>
[2024-07-07T18:13:20.038+0000] {taskinstance.py:2076} INFO - Dependencies all met for dep_context=requeueable deps ti=<TaskInstance: chess_etl.redshift_game_load scheduled__2020-04-01T00:00:00+00:00 [queued]>
[2024-07-07T18:13:20.039+0000] {taskinstance.py:2306} INFO - Starting attempt 1 of 1
[2024-07-07T18:13:20.047+0000] {taskinstance.py:2330} INFO - Executing <Task(PythonOperator): redshift_game_load> on 2020-04-01 00:00:00+00:00
[2024-07-07T18:13:20.051+0000] {warnings.py:110} WARNING - /home/***/.local/lib/python3.12/site-packages/***/task/task_runner/standard_task_runner.py:61: DeprecationWarning: This process (pid=1046) is multi-threaded, use of fork() may lead to deadlocks in the child.
  pid = os.fork()

[2024-07-07T18:13:20.052+0000] {standard_task_runner.py:63} INFO - Started process 1051 to run task
[2024-07-07T18:13:20.052+0000] {standard_task_runner.py:90} INFO - Running: ['***', 'tasks', 'run', 'chess_etl', 'redshift_game_load', 'scheduled__2020-04-01T00:00:00+00:00', '--job-id', '422', '--pool', 'default_pool', '--raw', '--subdir', 'DAGS_FOLDER/chess_dag.py', '--cfg-path', '/tmp/tmp7t61eaq0']
[2024-07-07T18:13:20.053+0000] {standard_task_runner.py:91} INFO - Job 422: Subtask redshift_game_load
[2024-07-07T18:13:20.082+0000] {task_command.py:426} INFO - Running <TaskInstance: chess_etl.redshift_game_load scheduled__2020-04-01T00:00:00+00:00 [running]> on host cb919e35e0e9
[2024-07-07T18:13:20.141+0000] {taskinstance.py:2648} INFO - Exporting env vars: AIRFLOW_CTX_DAG_OWNER='***' AIRFLOW_CTX_DAG_ID='chess_etl' AIRFLOW_CTX_TASK_ID='redshift_game_load' AIRFLOW_CTX_EXECUTION_DATE='2020-04-01T00:00:00+00:00' AIRFLOW_CTX_TRY_NUMBER='1' AIRFLOW_CTX_DAG_RUN_ID='scheduled__2020-04-01T00:00:00+00:00'
[2024-07-07T18:13:20.142+0000] {taskinstance.py:430} INFO - ::endgroup::
[2024-07-07T18:13:20.143+0000] {warnings.py:110} WARNING - /home/***/.local/lib/python3.12/site-packages/***/utils/context.py:320: AirflowContextDeprecationWarning: Accessing 'execution_date' from the template is deprecated and will be removed in a future version. Please use 'data_interval_start' or 'logical_date' instead.
  warnings.warn(_create_deprecation_warning(k, replacements))

[2024-07-07T18:13:20.149+0000] {base.py:84} INFO - Using connection ID 'chess_project_s3' for task execution.
[2024-07-07T18:13:21.033+0000] {base.py:84} INFO - Using connection ID 'chess_project_redshift' for task execution.
[2024-07-07T18:13:23.302+0000] {python.py:237} INFO - Done. Returned value was: None
[2024-07-07T18:13:23.302+0000] {taskinstance.py:441} INFO - ::group::Post task execution logs
[2024-07-07T18:13:23.308+0000] {taskinstance.py:1206} INFO - Marking task as SUCCESS. dag_id=chess_etl, task_id=redshift_game_load, run_id=scheduled__2020-04-01T00:00:00+00:00, execution_date=20200401T000000, start_date=20240707T181320, end_date=20240707T181323
[2024-07-07T18:13:23.354+0000] {local_task_job_runner.py:240} INFO - Task exited with return code 0
[2024-07-07T18:13:23.366+0000] {taskinstance.py:3498} INFO - 0 downstream tasks scheduled from follow-on schedule check
[2024-07-07T18:13:23.368+0000] {local_task_job_runner.py:222} INFO - ::endgroup::
[2024-07-07T22:11:08.854+0000] {local_task_job_runner.py:120} INFO - ::group::Pre task execution logs
[2024-07-07T22:11:08.869+0000] {taskinstance.py:2076} INFO - Dependencies all met for dep_context=non-requeueable deps ti=<TaskInstance: chess_etl.redshift_game_load scheduled__2020-04-01T00:00:00+00:00 [queued]>
[2024-07-07T22:11:08.874+0000] {taskinstance.py:2076} INFO - Dependencies all met for dep_context=requeueable deps ti=<TaskInstance: chess_etl.redshift_game_load scheduled__2020-04-01T00:00:00+00:00 [queued]>
[2024-07-07T22:11:08.875+0000] {taskinstance.py:2306} INFO - Starting attempt 1 of 1
[2024-07-07T22:11:08.883+0000] {taskinstance.py:2330} INFO - Executing <Task(PythonOperator): redshift_game_load> on 2020-04-01 00:00:00+00:00
[2024-07-07T22:11:08.889+0000] {warnings.py:110} WARNING - /home/***/.local/lib/python3.12/site-packages/***/task/task_runner/standard_task_runner.py:61: DeprecationWarning: This process (pid=7120) is multi-threaded, use of fork() may lead to deadlocks in the child.
  pid = os.fork()

[2024-07-07T22:11:08.891+0000] {standard_task_runner.py:63} INFO - Started process 7122 to run task
[2024-07-07T22:11:08.891+0000] {standard_task_runner.py:90} INFO - Running: ['***', 'tasks', 'run', 'chess_etl', 'redshift_game_load', 'scheduled__2020-04-01T00:00:00+00:00', '--job-id', '622', '--raw', '--subdir', 'DAGS_FOLDER/chess_dag.py', '--cfg-path', '/tmp/tmp7hx8hid7']
[2024-07-07T22:11:08.892+0000] {standard_task_runner.py:91} INFO - Job 622: Subtask redshift_game_load
[2024-07-07T22:11:08.926+0000] {task_command.py:426} INFO - Running <TaskInstance: chess_etl.redshift_game_load scheduled__2020-04-01T00:00:00+00:00 [running]> on host 6569f5155f0c
[2024-07-07T22:11:08.991+0000] {taskinstance.py:2648} INFO - Exporting env vars: AIRFLOW_CTX_DAG_OWNER='***' AIRFLOW_CTX_DAG_ID='chess_etl' AIRFLOW_CTX_TASK_ID='redshift_game_load' AIRFLOW_CTX_EXECUTION_DATE='2020-04-01T00:00:00+00:00' AIRFLOW_CTX_TRY_NUMBER='1' AIRFLOW_CTX_DAG_RUN_ID='scheduled__2020-04-01T00:00:00+00:00'
[2024-07-07T22:11:08.992+0000] {taskinstance.py:430} INFO - ::endgroup::
[2024-07-07T22:11:08.993+0000] {warnings.py:110} WARNING - /home/***/.local/lib/python3.12/site-packages/***/utils/context.py:320: AirflowContextDeprecationWarning: Accessing 'execution_date' from the template is deprecated and will be removed in a future version. Please use 'data_interval_start' or 'logical_date' instead.
  warnings.warn(_create_deprecation_warning(k, replacements))

[2024-07-07T22:11:09.000+0000] {base.py:84} INFO - Using connection ID 'chess_project_s3' for task execution.
[2024-07-07T22:11:09.857+0000] {base.py:84} INFO - Using connection ID 'chess_project_redshift' for task execution.
[2024-07-07T22:11:18.601+0000] {python.py:237} INFO - Done. Returned value was: None
[2024-07-07T22:11:18.602+0000] {taskinstance.py:441} INFO - ::group::Post task execution logs
[2024-07-07T22:11:18.609+0000] {taskinstance.py:1206} INFO - Marking task as SUCCESS. dag_id=chess_etl, task_id=redshift_game_load, run_id=scheduled__2020-04-01T00:00:00+00:00, execution_date=20200401T000000, start_date=20240707T221108, end_date=20240707T221118
[2024-07-07T22:11:18.640+0000] {local_task_job_runner.py:240} INFO - Task exited with return code 0
[2024-07-07T22:11:18.653+0000] {taskinstance.py:3498} INFO - 1 downstream tasks scheduled from follow-on schedule check
[2024-07-07T22:11:18.655+0000] {local_task_job_runner.py:222} INFO - ::endgroup::
