[2024-06-03T17:39:28.046+0000] {local_task_job_runner.py:120} INFO - ::group::Pre task execution logs
[2024-06-03T17:39:28.061+0000] {taskinstance.py:2076} INFO - Dependencies all met for dep_context=non-requeueable deps ti=<TaskInstance: chess_etl.games_etl scheduled__2022-01-01T00:00:00+00:00 [queued]>
[2024-06-03T17:39:28.067+0000] {taskinstance.py:2076} INFO - Dependencies all met for dep_context=requeueable deps ti=<TaskInstance: chess_etl.games_etl scheduled__2022-01-01T00:00:00+00:00 [queued]>
[2024-06-03T17:39:28.067+0000] {taskinstance.py:2306} INFO - Starting attempt 1 of 1
[2024-06-03T17:39:28.077+0000] {taskinstance.py:2330} INFO - Executing <Task(PythonOperator): games_etl> on 2022-01-01 00:00:00+00:00
[2024-06-03T17:39:28.082+0000] {warnings.py:110} WARNING - /home/***/.local/lib/python3.12/site-packages/***/task/task_runner/standard_task_runner.py:61: DeprecationWarning: This process (pid=237) is multi-threaded, use of fork() may lead to deadlocks in the child.
  pid = os.fork()

[2024-06-03T17:39:28.084+0000] {standard_task_runner.py:63} INFO - Started process 241 to run task
[2024-06-03T17:39:28.084+0000] {standard_task_runner.py:90} INFO - Running: ['***', 'tasks', 'run', 'chess_etl', 'games_etl', 'scheduled__2022-01-01T00:00:00+00:00', '--job-id', '60', '--raw', '--subdir', 'DAGS_FOLDER/chess_dag.py', '--cfg-path', '/tmp/tmpu9eonrv7']
[2024-06-03T17:39:28.085+0000] {standard_task_runner.py:91} INFO - Job 60: Subtask games_etl
[2024-06-03T17:39:28.118+0000] {task_command.py:426} INFO - Running <TaskInstance: chess_etl.games_etl scheduled__2022-01-01T00:00:00+00:00 [running]> on host a5a4421409ea
[2024-06-03T17:39:28.177+0000] {taskinstance.py:2648} INFO - Exporting env vars: AIRFLOW_CTX_DAG_OWNER='***' AIRFLOW_CTX_DAG_ID='chess_etl' AIRFLOW_CTX_TASK_ID='games_etl' AIRFLOW_CTX_EXECUTION_DATE='2022-01-01T00:00:00+00:00' AIRFLOW_CTX_TRY_NUMBER='1' AIRFLOW_CTX_DAG_RUN_ID='scheduled__2022-01-01T00:00:00+00:00'
[2024-06-03T17:39:28.178+0000] {taskinstance.py:430} INFO - ::endgroup::
[2024-06-03T17:39:28.179+0000] {warnings.py:110} WARNING - /home/***/.local/lib/python3.12/site-packages/***/utils/context.py:320: AirflowContextDeprecationWarning: Accessing 'execution_date' from the template is deprecated and will be removed in a future version. Please use 'data_interval_start' or 'logical_date' instead.
  warnings.warn(_create_deprecation_warning(k, replacements))

[2024-06-03T17:39:28.552+0000] {taskinstance.py:441} INFO - ::group::Post task execution logs
[2024-06-03T17:39:28.559+0000] {taskinstance.py:2905} ERROR - Task failed with exception
Traceback (most recent call last):
  File "/home/airflow/.local/lib/python3.12/site-packages/airflow/models/taskinstance.py", line 465, in _execute_task
    result = _execute_callable(context=context, **execute_callable_kwargs)
             ^^^^^^^^^^^^^^^^^^^^^^^^^^^^^^^^^^^^^^^^^^^^^^^^^^^^^^^^^^^^^
  File "/home/airflow/.local/lib/python3.12/site-packages/airflow/models/taskinstance.py", line 432, in _execute_callable
    return execute_callable(context=context, **execute_callable_kwargs)
           ^^^^^^^^^^^^^^^^^^^^^^^^^^^^^^^^^^^^^^^^^^^^^^^^^^^^^^^^^^^^
  File "/home/airflow/.local/lib/python3.12/site-packages/airflow/models/baseoperator.py", line 400, in wrapper
    return func(self, *args, **kwargs)
           ^^^^^^^^^^^^^^^^^^^^^^^^^^^
  File "/home/airflow/.local/lib/python3.12/site-packages/airflow/operators/python.py", line 235, in execute
    return_value = self.execute_callable()
                   ^^^^^^^^^^^^^^^^^^^^^^^
  File "/home/airflow/.local/lib/python3.12/site-packages/airflow/operators/python.py", line 252, in execute_callable
    return self.python_callable(*self.op_args, **self.op_kwargs)
           ^^^^^^^^^^^^^^^^^^^^^^^^^^^^^^^^^^^^^^^^^^^^^^^^^^^^^
  File "/opt/airflow/dags/chess_dag.py", line 19, in games_etl_task
    return get_monthly_games(execution_date)
           ^^^^^^^^^^^^^^^^^^^^^^^^^^^^^^^^^
  File "/opt/airflow/dags/chess_etl_code.py", line 60, in get_monthly_games
    connection = BaseHook.get_connection('chess_project_s3')
                 ^^^^^^^^^^^^^^^^^^^^^^^^^^^^^^^^^^^^^^^^^^^
  File "/home/airflow/.local/lib/python3.12/site-packages/airflow/hooks/base.py", line 83, in get_connection
    conn = Connection.get_connection_from_secrets(conn_id)
           ^^^^^^^^^^^^^^^^^^^^^^^^^^^^^^^^^^^^^^^^^^^^^^^
  File "/home/airflow/.local/lib/python3.12/site-packages/airflow/models/connection.py", line 519, in get_connection_from_secrets
    raise AirflowNotFoundException(f"The conn_id `{conn_id}` isn't defined")
airflow.exceptions.AirflowNotFoundException: The conn_id `chess_project_s3` isn't defined
[2024-06-03T17:39:28.564+0000] {taskinstance.py:1206} INFO - Marking task as FAILED. dag_id=chess_etl, task_id=games_etl, run_id=scheduled__2022-01-01T00:00:00+00:00, execution_date=20220101T000000, start_date=20240603T173928, end_date=20240603T173928
[2024-06-03T17:39:28.572+0000] {standard_task_runner.py:110} ERROR - Failed to execute job 60 for task games_etl (The conn_id `chess_project_s3` isn't defined; 241)
[2024-06-03T17:39:28.618+0000] {local_task_job_runner.py:240} INFO - Task exited with return code 1
[2024-06-03T17:39:28.633+0000] {taskinstance.py:3498} INFO - 0 downstream tasks scheduled from follow-on schedule check
[2024-06-03T17:39:28.636+0000] {local_task_job_runner.py:222} INFO - ::endgroup::
[2024-06-03T22:27:36.325+0000] {local_task_job_runner.py:120} INFO - ::group::Pre task execution logs
[2024-06-03T22:27:36.344+0000] {taskinstance.py:2076} INFO - Dependencies all met for dep_context=non-requeueable deps ti=<TaskInstance: chess_etl.games_etl scheduled__2022-01-01T00:00:00+00:00 [queued]>
[2024-06-03T22:27:36.351+0000] {taskinstance.py:2076} INFO - Dependencies all met for dep_context=requeueable deps ti=<TaskInstance: chess_etl.games_etl scheduled__2022-01-01T00:00:00+00:00 [queued]>
[2024-06-03T22:27:36.352+0000] {taskinstance.py:2306} INFO - Starting attempt 1 of 1
[2024-06-03T22:27:36.364+0000] {taskinstance.py:2330} INFO - Executing <Task(PythonOperator): games_etl> on 2022-01-01 00:00:00+00:00
[2024-06-03T22:27:36.373+0000] {warnings.py:110} WARNING - /home/***/.local/lib/python3.12/site-packages/***/task/task_runner/standard_task_runner.py:61: DeprecationWarning: This process (pid=30639) is multi-threaded, use of fork() may lead to deadlocks in the child.
  pid = os.fork()

[2024-06-03T22:27:36.375+0000] {standard_task_runner.py:63} INFO - Started process 30641 to run task
[2024-06-03T22:27:36.375+0000] {standard_task_runner.py:90} INFO - Running: ['***', 'tasks', 'run', 'chess_etl', 'games_etl', 'scheduled__2022-01-01T00:00:00+00:00', '--job-id', '136', '--raw', '--subdir', 'DAGS_FOLDER/chess_dag.py', '--cfg-path', '/tmp/tmpk2p2tqte']
[2024-06-03T22:27:36.376+0000] {standard_task_runner.py:91} INFO - Job 136: Subtask games_etl
[2024-06-03T22:27:36.418+0000] {task_command.py:426} INFO - Running <TaskInstance: chess_etl.games_etl scheduled__2022-01-01T00:00:00+00:00 [running]> on host f55fff24b127
[2024-06-03T22:27:36.484+0000] {taskinstance.py:2648} INFO - Exporting env vars: AIRFLOW_CTX_DAG_OWNER='***' AIRFLOW_CTX_DAG_ID='chess_etl' AIRFLOW_CTX_TASK_ID='games_etl' AIRFLOW_CTX_EXECUTION_DATE='2022-01-01T00:00:00+00:00' AIRFLOW_CTX_TRY_NUMBER='1' AIRFLOW_CTX_DAG_RUN_ID='scheduled__2022-01-01T00:00:00+00:00'
[2024-06-03T22:27:36.485+0000] {taskinstance.py:430} INFO - ::endgroup::
[2024-06-03T22:27:36.486+0000] {warnings.py:110} WARNING - /home/***/.local/lib/python3.12/site-packages/***/utils/context.py:320: AirflowContextDeprecationWarning: Accessing 'execution_date' from the template is deprecated and will be removed in a future version. Please use 'data_interval_start' or 'logical_date' instead.
  warnings.warn(_create_deprecation_warning(k, replacements))

[2024-06-03T22:27:36.895+0000] {base.py:84} INFO - Using connection ID 'chess_project_s3' for task execution.
[2024-06-03T22:27:37.492+0000] {python.py:237} INFO - Done. Returned value was: None
[2024-06-03T22:27:37.493+0000] {taskinstance.py:441} INFO - ::group::Post task execution logs
[2024-06-03T22:27:37.500+0000] {taskinstance.py:1206} INFO - Marking task as SUCCESS. dag_id=chess_etl, task_id=games_etl, run_id=scheduled__2022-01-01T00:00:00+00:00, execution_date=20220101T000000, start_date=20240603T222736, end_date=20240603T222737
[2024-06-03T22:27:37.551+0000] {local_task_job_runner.py:240} INFO - Task exited with return code 0
[2024-06-03T22:27:37.566+0000] {taskinstance.py:3498} INFO - 1 downstream tasks scheduled from follow-on schedule check
[2024-06-03T22:27:37.568+0000] {local_task_job_runner.py:222} INFO - ::endgroup::
[2024-06-08T19:51:34.810+0000] {local_task_job_runner.py:120} INFO - ::group::Pre task execution logs
[2024-06-08T19:51:34.828+0000] {taskinstance.py:2076} INFO - Dependencies all met for dep_context=non-requeueable deps ti=<TaskInstance: chess_etl.games_etl scheduled__2022-01-01T00:00:00+00:00 [queued]>
[2024-06-08T19:51:34.834+0000] {taskinstance.py:2076} INFO - Dependencies all met for dep_context=requeueable deps ti=<TaskInstance: chess_etl.games_etl scheduled__2022-01-01T00:00:00+00:00 [queued]>
[2024-06-08T19:51:34.835+0000] {taskinstance.py:2306} INFO - Starting attempt 1 of 1
[2024-06-08T19:51:34.846+0000] {taskinstance.py:2330} INFO - Executing <Task(PythonOperator): games_etl> on 2022-01-01 00:00:00+00:00
[2024-06-08T19:51:34.853+0000] {warnings.py:110} WARNING - /home/***/.local/lib/python3.12/site-packages/***/task/task_runner/standard_task_runner.py:61: DeprecationWarning: This process (pid=30903) is multi-threaded, use of fork() may lead to deadlocks in the child.
  pid = os.fork()

[2024-06-08T19:51:34.854+0000] {standard_task_runner.py:63} INFO - Started process 30905 to run task
[2024-06-08T19:51:34.854+0000] {standard_task_runner.py:90} INFO - Running: ['***', 'tasks', 'run', 'chess_etl', 'games_etl', 'scheduled__2022-01-01T00:00:00+00:00', '--job-id', '312', '--raw', '--subdir', 'DAGS_FOLDER/chess_dag.py', '--cfg-path', '/tmp/tmpm30_n3x6']
[2024-06-08T19:51:34.855+0000] {standard_task_runner.py:91} INFO - Job 312: Subtask games_etl
[2024-06-08T19:51:34.889+0000] {task_command.py:426} INFO - Running <TaskInstance: chess_etl.games_etl scheduled__2022-01-01T00:00:00+00:00 [running]> on host bf0ade909435
[2024-06-08T19:51:34.954+0000] {taskinstance.py:2648} INFO - Exporting env vars: AIRFLOW_CTX_DAG_OWNER='***' AIRFLOW_CTX_DAG_ID='chess_etl' AIRFLOW_CTX_TASK_ID='games_etl' AIRFLOW_CTX_EXECUTION_DATE='2022-01-01T00:00:00+00:00' AIRFLOW_CTX_TRY_NUMBER='1' AIRFLOW_CTX_DAG_RUN_ID='scheduled__2022-01-01T00:00:00+00:00'
[2024-06-08T19:51:34.955+0000] {taskinstance.py:430} INFO - ::endgroup::
[2024-06-08T19:51:34.956+0000] {warnings.py:110} WARNING - /home/***/.local/lib/python3.12/site-packages/***/utils/context.py:320: AirflowContextDeprecationWarning: Accessing 'execution_date' from the template is deprecated and will be removed in a future version. Please use 'data_interval_start' or 'logical_date' instead.
  warnings.warn(_create_deprecation_warning(k, replacements))

[2024-06-08T19:51:35.388+0000] {base.py:84} INFO - Using connection ID 'chess_project_s3' for task execution.
[2024-06-08T19:51:36.014+0000] {python.py:237} INFO - Done. Returned value was: None
[2024-06-08T19:51:36.014+0000] {taskinstance.py:441} INFO - ::group::Post task execution logs
[2024-06-08T19:51:36.021+0000] {taskinstance.py:1206} INFO - Marking task as SUCCESS. dag_id=chess_etl, task_id=games_etl, run_id=scheduled__2022-01-01T00:00:00+00:00, execution_date=20220101T000000, start_date=20240608T195134, end_date=20240608T195136
[2024-06-08T19:51:36.071+0000] {local_task_job_runner.py:240} INFO - Task exited with return code 0
[2024-06-08T19:51:36.088+0000] {taskinstance.py:3498} INFO - 1 downstream tasks scheduled from follow-on schedule check
[2024-06-08T19:51:36.089+0000] {local_task_job_runner.py:222} INFO - ::endgroup::
[2024-07-08T01:50:51.099+0000] {local_task_job_runner.py:120} INFO - ::group::Pre task execution logs
[2024-07-08T01:50:51.117+0000] {taskinstance.py:2076} INFO - Dependencies all met for dep_context=non-requeueable deps ti=<TaskInstance: chess_etl.games_etl scheduled__2022-01-01T00:00:00+00:00 [queued]>
[2024-07-08T01:50:51.123+0000] {taskinstance.py:2076} INFO - Dependencies all met for dep_context=requeueable deps ti=<TaskInstance: chess_etl.games_etl scheduled__2022-01-01T00:00:00+00:00 [queued]>
[2024-07-08T01:50:51.124+0000] {taskinstance.py:2306} INFO - Starting attempt 1 of 1
[2024-07-08T01:50:51.135+0000] {taskinstance.py:2330} INFO - Executing <Task(PythonOperator): games_etl> on 2022-01-01 00:00:00+00:00
[2024-07-08T01:50:51.142+0000] {warnings.py:110} WARNING - /home/***/.local/lib/python3.12/site-packages/***/task/task_runner/standard_task_runner.py:61: DeprecationWarning: This process (pid=31910) is multi-threaded, use of fork() may lead to deadlocks in the child.
  pid = os.fork()

[2024-07-08T01:50:51.144+0000] {standard_task_runner.py:63} INFO - Started process 31912 to run task
[2024-07-08T01:50:51.144+0000] {standard_task_runner.py:90} INFO - Running: ['***', 'tasks', 'run', 'chess_etl', 'games_etl', 'scheduled__2022-01-01T00:00:00+00:00', '--job-id', '700', '--raw', '--subdir', 'DAGS_FOLDER/chess_dag.py', '--cfg-path', '/tmp/tmpk1pnbogw']
[2024-07-08T01:50:51.145+0000] {standard_task_runner.py:91} INFO - Job 700: Subtask games_etl
[2024-07-08T01:50:51.181+0000] {task_command.py:426} INFO - Running <TaskInstance: chess_etl.games_etl scheduled__2022-01-01T00:00:00+00:00 [running]> on host 6569f5155f0c
[2024-07-08T01:50:51.238+0000] {taskinstance.py:2648} INFO - Exporting env vars: AIRFLOW_CTX_DAG_OWNER='***' AIRFLOW_CTX_DAG_ID='chess_etl' AIRFLOW_CTX_TASK_ID='games_etl' AIRFLOW_CTX_EXECUTION_DATE='2022-01-01T00:00:00+00:00' AIRFLOW_CTX_TRY_NUMBER='1' AIRFLOW_CTX_DAG_RUN_ID='scheduled__2022-01-01T00:00:00+00:00'
[2024-07-08T01:50:51.239+0000] {taskinstance.py:430} INFO - ::endgroup::
[2024-07-08T01:50:51.240+0000] {warnings.py:110} WARNING - /home/***/.local/lib/python3.12/site-packages/***/utils/context.py:320: AirflowContextDeprecationWarning: Accessing 'execution_date' from the template is deprecated and will be removed in a future version. Please use 'data_interval_start' or 'logical_date' instead.
  warnings.warn(_create_deprecation_warning(k, replacements))

[2024-07-08T01:50:51.651+0000] {base.py:84} INFO - Using connection ID 'chess_project_s3' for task execution.
[2024-07-08T01:50:52.338+0000] {python.py:237} INFO - Done. Returned value was: None
[2024-07-08T01:50:52.339+0000] {taskinstance.py:441} INFO - ::group::Post task execution logs
[2024-07-08T01:50:52.345+0000] {taskinstance.py:1206} INFO - Marking task as SUCCESS. dag_id=chess_etl, task_id=games_etl, run_id=scheduled__2022-01-01T00:00:00+00:00, execution_date=20220101T000000, start_date=20240708T015051, end_date=20240708T015052
[2024-07-08T01:50:52.360+0000] {local_task_job_runner.py:240} INFO - Task exited with return code 0
[2024-07-08T01:50:52.378+0000] {taskinstance.py:3498} INFO - 1 downstream tasks scheduled from follow-on schedule check
[2024-07-08T01:50:52.379+0000] {local_task_job_runner.py:222} INFO - ::endgroup::
