[2024-06-03T17:38:58.477+0000] {local_task_job_runner.py:120} INFO - ::group::Pre task execution logs
[2024-06-03T17:38:58.492+0000] {taskinstance.py:2076} INFO - Dependencies all met for dep_context=non-requeueable deps ti=<TaskInstance: chess_etl.games_etl scheduled__2020-10-01T00:00:00+00:00 [queued]>
[2024-06-03T17:38:58.498+0000] {taskinstance.py:2076} INFO - Dependencies all met for dep_context=requeueable deps ti=<TaskInstance: chess_etl.games_etl scheduled__2020-10-01T00:00:00+00:00 [queued]>
[2024-06-03T17:38:58.498+0000] {taskinstance.py:2306} INFO - Starting attempt 1 of 1
[2024-06-03T17:38:58.508+0000] {taskinstance.py:2330} INFO - Executing <Task(PythonOperator): games_etl> on 2020-10-01 00:00:00+00:00
[2024-06-03T17:38:58.512+0000] {warnings.py:110} WARNING - /home/***/.local/lib/python3.12/site-packages/***/task/task_runner/standard_task_runner.py:61: DeprecationWarning: This process (pid=179) is multi-threaded, use of fork() may lead to deadlocks in the child.
  pid = os.fork()

[2024-06-03T17:38:58.514+0000] {standard_task_runner.py:63} INFO - Started process 183 to run task
[2024-06-03T17:38:58.514+0000] {standard_task_runner.py:90} INFO - Running: ['***', 'tasks', 'run', 'chess_etl', 'games_etl', 'scheduled__2020-10-01T00:00:00+00:00', '--job-id', '42', '--raw', '--subdir', 'DAGS_FOLDER/chess_dag.py', '--cfg-path', '/tmp/tmpr6y6phx8']
[2024-06-03T17:38:58.515+0000] {standard_task_runner.py:91} INFO - Job 42: Subtask games_etl
[2024-06-03T17:38:58.549+0000] {task_command.py:426} INFO - Running <TaskInstance: chess_etl.games_etl scheduled__2020-10-01T00:00:00+00:00 [running]> on host a5a4421409ea
[2024-06-03T17:38:58.606+0000] {taskinstance.py:2648} INFO - Exporting env vars: AIRFLOW_CTX_DAG_OWNER='***' AIRFLOW_CTX_DAG_ID='chess_etl' AIRFLOW_CTX_TASK_ID='games_etl' AIRFLOW_CTX_EXECUTION_DATE='2020-10-01T00:00:00+00:00' AIRFLOW_CTX_TRY_NUMBER='1' AIRFLOW_CTX_DAG_RUN_ID='scheduled__2020-10-01T00:00:00+00:00'
[2024-06-03T17:38:58.607+0000] {taskinstance.py:430} INFO - ::endgroup::
[2024-06-03T17:38:58.608+0000] {warnings.py:110} WARNING - /home/***/.local/lib/python3.12/site-packages/***/utils/context.py:320: AirflowContextDeprecationWarning: Accessing 'execution_date' from the template is deprecated and will be removed in a future version. Please use 'data_interval_start' or 'logical_date' instead.
  warnings.warn(_create_deprecation_warning(k, replacements))

[2024-06-03T17:38:59.087+0000] {taskinstance.py:441} INFO - ::group::Post task execution logs
[2024-06-03T17:38:59.093+0000] {taskinstance.py:2905} ERROR - Task failed with exception
Traceback (most recent call last):
  File "/home/airflow/.local/lib/python3.12/site-packages/airflow/models/taskinstance.py", line 465, in _execute_task
    result = _execute_callable(context=context, **execute_callable_kwargs)
             ^^^^^^^^^^^^^^^^^^^^^^^^^^^^^^^^^^^^^^^^^^^^^^^^^^^^^^^^^^^^^
  File "/home/airflow/.local/lib/python3.12/site-packages/airflow/models/taskinstance.py", line 432, in _execute_callable
    return execute_callable(context=context, **execute_callable_kwargs)
           ^^^^^^^^^^^^^^^^^^^^^^^^^^^^^^^^^^^^^^^^^^^^^^^^^^^^^^^^^^^^
  File "/home/airflow/.local/lib/python3.12/site-packages/airflow/models/baseoperator.py", line 400, in wrapper
    return func(self, *args, **kwargs)
           ^^^^^^^^^^^^^^^^^^^^^^^^^^^
  File "/home/airflow/.local/lib/python3.12/site-packages/airflow/operators/python.py", line 235, in execute
    return_value = self.execute_callable()
                   ^^^^^^^^^^^^^^^^^^^^^^^
  File "/home/airflow/.local/lib/python3.12/site-packages/airflow/operators/python.py", line 252, in execute_callable
    return self.python_callable(*self.op_args, **self.op_kwargs)
           ^^^^^^^^^^^^^^^^^^^^^^^^^^^^^^^^^^^^^^^^^^^^^^^^^^^^^
  File "/opt/airflow/dags/chess_dag.py", line 19, in games_etl_task
    return get_monthly_games(execution_date)
           ^^^^^^^^^^^^^^^^^^^^^^^^^^^^^^^^^
  File "/opt/airflow/dags/chess_etl_code.py", line 60, in get_monthly_games
    connection = BaseHook.get_connection('chess_project_s3')
                 ^^^^^^^^^^^^^^^^^^^^^^^^^^^^^^^^^^^^^^^^^^^
  File "/home/airflow/.local/lib/python3.12/site-packages/airflow/hooks/base.py", line 83, in get_connection
    conn = Connection.get_connection_from_secrets(conn_id)
           ^^^^^^^^^^^^^^^^^^^^^^^^^^^^^^^^^^^^^^^^^^^^^^^
  File "/home/airflow/.local/lib/python3.12/site-packages/airflow/models/connection.py", line 519, in get_connection_from_secrets
    raise AirflowNotFoundException(f"The conn_id `{conn_id}` isn't defined")
airflow.exceptions.AirflowNotFoundException: The conn_id `chess_project_s3` isn't defined
[2024-06-03T17:38:59.098+0000] {taskinstance.py:1206} INFO - Marking task as FAILED. dag_id=chess_etl, task_id=games_etl, run_id=scheduled__2020-10-01T00:00:00+00:00, execution_date=20201001T000000, start_date=20240603T173858, end_date=20240603T173859
[2024-06-03T17:38:59.107+0000] {standard_task_runner.py:110} ERROR - Failed to execute job 42 for task games_etl (The conn_id `chess_project_s3` isn't defined; 183)
[2024-06-03T17:38:59.128+0000] {local_task_job_runner.py:240} INFO - Task exited with return code 1
[2024-06-03T17:38:59.142+0000] {taskinstance.py:3498} INFO - 0 downstream tasks scheduled from follow-on schedule check
[2024-06-03T17:38:59.145+0000] {local_task_job_runner.py:222} INFO - ::endgroup::
[2024-06-03T20:33:16.445+0000] {local_task_job_runner.py:120} INFO - ::group::Pre task execution logs
[2024-06-03T20:33:16.459+0000] {taskinstance.py:2076} INFO - Dependencies all met for dep_context=non-requeueable deps ti=<TaskInstance: chess_etl.games_etl scheduled__2020-10-01T00:00:00+00:00 [queued]>
[2024-06-03T20:33:16.465+0000] {taskinstance.py:2076} INFO - Dependencies all met for dep_context=requeueable deps ti=<TaskInstance: chess_etl.games_etl scheduled__2020-10-01T00:00:00+00:00 [queued]>
[2024-06-03T20:33:16.465+0000] {taskinstance.py:2306} INFO - Starting attempt 1 of 1
[2024-06-03T20:33:16.475+0000] {taskinstance.py:2330} INFO - Executing <Task(PythonOperator): games_etl> on 2020-10-01 00:00:00+00:00
[2024-06-03T20:33:16.481+0000] {warnings.py:110} WARNING - /home/***/.local/lib/python3.12/site-packages/***/task/task_runner/standard_task_runner.py:61: DeprecationWarning: This process (pid=17682) is multi-threaded, use of fork() may lead to deadlocks in the child.
  pid = os.fork()

[2024-06-03T20:33:16.483+0000] {standard_task_runner.py:63} INFO - Started process 17684 to run task
[2024-06-03T20:33:16.483+0000] {standard_task_runner.py:90} INFO - Running: ['***', 'tasks', 'run', 'chess_etl', 'games_etl', 'scheduled__2020-10-01T00:00:00+00:00', '--job-id', '106', '--raw', '--subdir', 'DAGS_FOLDER/chess_dag.py', '--cfg-path', '/tmp/tmpa3g0qfk5']
[2024-06-03T20:33:16.484+0000] {standard_task_runner.py:91} INFO - Job 106: Subtask games_etl
[2024-06-03T20:33:16.516+0000] {task_command.py:426} INFO - Running <TaskInstance: chess_etl.games_etl scheduled__2020-10-01T00:00:00+00:00 [running]> on host f55fff24b127
[2024-06-03T20:33:16.579+0000] {taskinstance.py:2648} INFO - Exporting env vars: AIRFLOW_CTX_DAG_OWNER='***' AIRFLOW_CTX_DAG_ID='chess_etl' AIRFLOW_CTX_TASK_ID='games_etl' AIRFLOW_CTX_EXECUTION_DATE='2020-10-01T00:00:00+00:00' AIRFLOW_CTX_TRY_NUMBER='1' AIRFLOW_CTX_DAG_RUN_ID='scheduled__2020-10-01T00:00:00+00:00'
[2024-06-03T20:33:16.580+0000] {taskinstance.py:430} INFO - ::endgroup::
[2024-06-03T20:33:16.581+0000] {warnings.py:110} WARNING - /home/***/.local/lib/python3.12/site-packages/***/utils/context.py:320: AirflowContextDeprecationWarning: Accessing 'execution_date' from the template is deprecated and will be removed in a future version. Please use 'data_interval_start' or 'logical_date' instead.
  warnings.warn(_create_deprecation_warning(k, replacements))

[2024-06-03T20:33:17.046+0000] {base.py:84} INFO - Using connection ID 'chess_project_s3' for task execution.
[2024-06-03T20:33:17.703+0000] {python.py:237} INFO - Done. Returned value was: None
[2024-06-03T20:33:17.704+0000] {taskinstance.py:441} INFO - ::group::Post task execution logs
[2024-06-03T20:33:17.710+0000] {taskinstance.py:1206} INFO - Marking task as SUCCESS. dag_id=chess_etl, task_id=games_etl, run_id=scheduled__2020-10-01T00:00:00+00:00, execution_date=20201001T000000, start_date=20240603T203316, end_date=20240603T203317
[2024-06-03T20:33:17.739+0000] {local_task_job_runner.py:240} INFO - Task exited with return code 0
[2024-06-03T20:33:17.753+0000] {taskinstance.py:3498} INFO - 1 downstream tasks scheduled from follow-on schedule check
[2024-06-03T20:33:17.754+0000] {local_task_job_runner.py:222} INFO - ::endgroup::
[2024-06-08T18:00:17.332+0000] {local_task_job_runner.py:120} INFO - ::group::Pre task execution logs
[2024-06-08T18:00:17.350+0000] {taskinstance.py:2076} INFO - Dependencies all met for dep_context=non-requeueable deps ti=<TaskInstance: chess_etl.games_etl scheduled__2020-10-01T00:00:00+00:00 [queued]>
[2024-06-08T18:00:17.358+0000] {taskinstance.py:2076} INFO - Dependencies all met for dep_context=requeueable deps ti=<TaskInstance: chess_etl.games_etl scheduled__2020-10-01T00:00:00+00:00 [queued]>
[2024-06-08T18:00:17.358+0000] {taskinstance.py:2306} INFO - Starting attempt 1 of 1
[2024-06-08T18:00:17.371+0000] {taskinstance.py:2330} INFO - Executing <Task(PythonOperator): games_etl> on 2020-10-01 00:00:00+00:00
[2024-06-08T18:00:17.380+0000] {warnings.py:110} WARNING - /home/***/.local/lib/python3.12/site-packages/***/task/task_runner/standard_task_runner.py:61: DeprecationWarning: This process (pid=18937) is multi-threaded, use of fork() may lead to deadlocks in the child.
  pid = os.fork()

[2024-06-08T18:00:17.382+0000] {standard_task_runner.py:63} INFO - Started process 18939 to run task
[2024-06-08T18:00:17.383+0000] {standard_task_runner.py:90} INFO - Running: ['***', 'tasks', 'run', 'chess_etl', 'games_etl', 'scheduled__2020-10-01T00:00:00+00:00', '--job-id', '282', '--raw', '--subdir', 'DAGS_FOLDER/chess_dag.py', '--cfg-path', '/tmp/tmpoujo3r30']
[2024-06-08T18:00:17.385+0000] {standard_task_runner.py:91} INFO - Job 282: Subtask games_etl
[2024-06-08T18:00:17.439+0000] {task_command.py:426} INFO - Running <TaskInstance: chess_etl.games_etl scheduled__2020-10-01T00:00:00+00:00 [running]> on host bf0ade909435
[2024-06-08T18:00:17.555+0000] {taskinstance.py:2648} INFO - Exporting env vars: AIRFLOW_CTX_DAG_OWNER='***' AIRFLOW_CTX_DAG_ID='chess_etl' AIRFLOW_CTX_TASK_ID='games_etl' AIRFLOW_CTX_EXECUTION_DATE='2020-10-01T00:00:00+00:00' AIRFLOW_CTX_TRY_NUMBER='1' AIRFLOW_CTX_DAG_RUN_ID='scheduled__2020-10-01T00:00:00+00:00'
[2024-06-08T18:00:17.557+0000] {taskinstance.py:430} INFO - ::endgroup::
[2024-06-08T18:00:17.558+0000] {warnings.py:110} WARNING - /home/***/.local/lib/python3.12/site-packages/***/utils/context.py:320: AirflowContextDeprecationWarning: Accessing 'execution_date' from the template is deprecated and will be removed in a future version. Please use 'data_interval_start' or 'logical_date' instead.
  warnings.warn(_create_deprecation_warning(k, replacements))

[2024-06-08T18:00:18.193+0000] {base.py:84} INFO - Using connection ID 'chess_project_s3' for task execution.
[2024-06-08T18:00:18.888+0000] {python.py:237} INFO - Done. Returned value was: None
[2024-06-08T18:00:18.889+0000] {taskinstance.py:441} INFO - ::group::Post task execution logs
[2024-06-08T18:00:18.897+0000] {taskinstance.py:1206} INFO - Marking task as SUCCESS. dag_id=chess_etl, task_id=games_etl, run_id=scheduled__2020-10-01T00:00:00+00:00, execution_date=20201001T000000, start_date=20240608T180017, end_date=20240608T180018
[2024-06-08T18:00:18.923+0000] {local_task_job_runner.py:240} INFO - Task exited with return code 0
[2024-06-08T18:00:18.943+0000] {taskinstance.py:3498} INFO - 1 downstream tasks scheduled from follow-on schedule check
[2024-06-08T18:00:18.945+0000] {local_task_job_runner.py:222} INFO - ::endgroup::
[2024-07-08T00:02:13.919+0000] {local_task_job_runner.py:120} INFO - ::group::Pre task execution logs
[2024-07-08T00:02:13.933+0000] {taskinstance.py:2076} INFO - Dependencies all met for dep_context=non-requeueable deps ti=<TaskInstance: chess_etl.games_etl scheduled__2020-10-01T00:00:00+00:00 [queued]>
[2024-07-08T00:02:13.939+0000] {taskinstance.py:2076} INFO - Dependencies all met for dep_context=requeueable deps ti=<TaskInstance: chess_etl.games_etl scheduled__2020-10-01T00:00:00+00:00 [queued]>
[2024-07-08T00:02:13.939+0000] {taskinstance.py:2306} INFO - Starting attempt 1 of 1
[2024-07-08T00:02:13.948+0000] {taskinstance.py:2330} INFO - Executing <Task(PythonOperator): games_etl> on 2020-10-01 00:00:00+00:00
[2024-07-08T00:02:13.955+0000] {warnings.py:110} WARNING - /home/***/.local/lib/python3.12/site-packages/***/task/task_runner/standard_task_runner.py:61: DeprecationWarning: This process (pid=18878) is multi-threaded, use of fork() may lead to deadlocks in the child.
  pid = os.fork()

[2024-07-08T00:02:13.956+0000] {standard_task_runner.py:63} INFO - Started process 18880 to run task
[2024-07-08T00:02:13.957+0000] {standard_task_runner.py:90} INFO - Running: ['***', 'tasks', 'run', 'chess_etl', 'games_etl', 'scheduled__2020-10-01T00:00:00+00:00', '--job-id', '640', '--raw', '--subdir', 'DAGS_FOLDER/chess_dag.py', '--cfg-path', '/tmp/tmp9kqv3azz']
[2024-07-08T00:02:13.957+0000] {standard_task_runner.py:91} INFO - Job 640: Subtask games_etl
[2024-07-08T00:02:13.992+0000] {task_command.py:426} INFO - Running <TaskInstance: chess_etl.games_etl scheduled__2020-10-01T00:00:00+00:00 [running]> on host 6569f5155f0c
[2024-07-08T00:02:14.058+0000] {taskinstance.py:2648} INFO - Exporting env vars: AIRFLOW_CTX_DAG_OWNER='***' AIRFLOW_CTX_DAG_ID='chess_etl' AIRFLOW_CTX_TASK_ID='games_etl' AIRFLOW_CTX_EXECUTION_DATE='2020-10-01T00:00:00+00:00' AIRFLOW_CTX_TRY_NUMBER='1' AIRFLOW_CTX_DAG_RUN_ID='scheduled__2020-10-01T00:00:00+00:00'
[2024-07-08T00:02:14.060+0000] {taskinstance.py:430} INFO - ::endgroup::
[2024-07-08T00:02:14.061+0000] {warnings.py:110} WARNING - /home/***/.local/lib/python3.12/site-packages/***/utils/context.py:320: AirflowContextDeprecationWarning: Accessing 'execution_date' from the template is deprecated and will be removed in a future version. Please use 'data_interval_start' or 'logical_date' instead.
  warnings.warn(_create_deprecation_warning(k, replacements))

[2024-07-08T00:02:14.536+0000] {base.py:84} INFO - Using connection ID 'chess_project_s3' for task execution.
[2024-07-08T00:02:15.124+0000] {python.py:237} INFO - Done. Returned value was: None
[2024-07-08T00:02:15.124+0000] {taskinstance.py:441} INFO - ::group::Post task execution logs
[2024-07-08T00:02:15.131+0000] {taskinstance.py:1206} INFO - Marking task as SUCCESS. dag_id=chess_etl, task_id=games_etl, run_id=scheduled__2020-10-01T00:00:00+00:00, execution_date=20201001T000000, start_date=20240708T000213, end_date=20240708T000215
[2024-07-08T00:02:15.174+0000] {local_task_job_runner.py:240} INFO - Task exited with return code 0
[2024-07-08T00:02:15.194+0000] {taskinstance.py:3498} INFO - 1 downstream tasks scheduled from follow-on schedule check
[2024-07-08T00:02:15.195+0000] {local_task_job_runner.py:222} INFO - ::endgroup::
