[2024-06-04T00:26:22.289+0000] {local_task_job_runner.py:120} INFO - ::group::Pre task execution logs
[2024-06-04T00:26:22.306+0000] {taskinstance.py:2076} INFO - Dependencies all met for dep_context=non-requeueable deps ti=<TaskInstance: chess_etl.blunders_etl scheduled__2023-02-01T00:00:00+00:00 [queued]>
[2024-06-04T00:26:22.312+0000] {taskinstance.py:2076} INFO - Dependencies all met for dep_context=requeueable deps ti=<TaskInstance: chess_etl.blunders_etl scheduled__2023-02-01T00:00:00+00:00 [queued]>
[2024-06-04T00:26:22.312+0000] {taskinstance.py:2306} INFO - Starting attempt 1 of 1
[2024-06-04T00:26:22.321+0000] {taskinstance.py:2330} INFO - Executing <Task(PythonOperator): blunders_etl> on 2023-02-01 00:00:00+00:00
[2024-06-04T00:26:22.329+0000] {warnings.py:110} WARNING - /home/***/.local/lib/python3.12/site-packages/***/task/task_runner/standard_task_runner.py:61: DeprecationWarning: This process (pid=44125) is multi-threaded, use of fork() may lead to deadlocks in the child.
  pid = os.fork()

[2024-06-04T00:26:22.331+0000] {standard_task_runner.py:63} INFO - Started process 44135 to run task
[2024-06-04T00:26:22.331+0000] {standard_task_runner.py:90} INFO - Running: ['***', 'tasks', 'run', 'chess_etl', 'blunders_etl', 'scheduled__2023-02-01T00:00:00+00:00', '--job-id', '163', '--raw', '--subdir', 'DAGS_FOLDER/chess_dag.py', '--cfg-path', '/tmp/tmpq4fqkau2']
[2024-06-04T00:26:22.332+0000] {standard_task_runner.py:91} INFO - Job 163: Subtask blunders_etl
[2024-06-04T00:26:22.367+0000] {task_command.py:426} INFO - Running <TaskInstance: chess_etl.blunders_etl scheduled__2023-02-01T00:00:00+00:00 [running]> on host f55fff24b127
[2024-06-04T00:26:22.430+0000] {taskinstance.py:2648} INFO - Exporting env vars: AIRFLOW_CTX_DAG_OWNER='***' AIRFLOW_CTX_DAG_ID='chess_etl' AIRFLOW_CTX_TASK_ID='blunders_etl' AIRFLOW_CTX_EXECUTION_DATE='2023-02-01T00:00:00+00:00' AIRFLOW_CTX_TRY_NUMBER='1' AIRFLOW_CTX_DAG_RUN_ID='scheduled__2023-02-01T00:00:00+00:00'
[2024-06-04T00:26:22.431+0000] {taskinstance.py:430} INFO - ::endgroup::
[2024-06-04T00:26:22.432+0000] {warnings.py:110} WARNING - /home/***/.local/lib/python3.12/site-packages/***/utils/context.py:320: AirflowContextDeprecationWarning: Accessing 'execution_date' from the template is deprecated and will be removed in a future version. Please use 'data_interval_start' or 'logical_date' instead.
  warnings.warn(_create_deprecation_warning(k, replacements))

[2024-06-04T00:26:22.438+0000] {base.py:84} INFO - Using connection ID 'chess_project_s3' for task execution.
[2024-06-04T01:04:42.347+0000] {python.py:237} INFO - Done. Returned value was: None
[2024-06-04T01:04:42.347+0000] {taskinstance.py:441} INFO - ::group::Post task execution logs
[2024-06-04T01:04:42.355+0000] {taskinstance.py:1206} INFO - Marking task as SUCCESS. dag_id=chess_etl, task_id=blunders_etl, run_id=scheduled__2023-02-01T00:00:00+00:00, execution_date=20230201T000000, start_date=20240604T002622, end_date=20240604T010442
[2024-06-04T01:04:42.388+0000] {local_task_job_runner.py:240} INFO - Task exited with return code 0
[2024-06-04T01:04:42.400+0000] {taskinstance.py:3498} INFO - 0 downstream tasks scheduled from follow-on schedule check
[2024-06-04T01:04:42.401+0000] {local_task_job_runner.py:222} INFO - ::endgroup::
[2024-06-08T22:11:19.151+0000] {local_task_job_runner.py:120} INFO - ::group::Pre task execution logs
[2024-06-08T22:11:19.176+0000] {taskinstance.py:2076} INFO - Dependencies all met for dep_context=non-requeueable deps ti=<TaskInstance: chess_etl.blunders_etl scheduled__2023-02-01T00:00:00+00:00 [queued]>
[2024-06-08T22:11:19.187+0000] {taskinstance.py:2076} INFO - Dependencies all met for dep_context=requeueable deps ti=<TaskInstance: chess_etl.blunders_etl scheduled__2023-02-01T00:00:00+00:00 [queued]>
[2024-06-08T22:11:19.188+0000] {taskinstance.py:2306} INFO - Starting attempt 1 of 1
[2024-06-08T22:11:19.205+0000] {taskinstance.py:2330} INFO - Executing <Task(PythonOperator): blunders_etl> on 2023-02-01 00:00:00+00:00
[2024-06-08T22:11:19.217+0000] {warnings.py:110} WARNING - /home/***/.local/lib/python3.12/site-packages/***/task/task_runner/standard_task_runner.py:61: DeprecationWarning: This process (pid=44733) is multi-threaded, use of fork() may lead to deadlocks in the child.
  pid = os.fork()

[2024-06-08T22:11:19.218+0000] {standard_task_runner.py:63} INFO - Started process 44735 to run task
[2024-06-08T22:11:19.218+0000] {standard_task_runner.py:90} INFO - Running: ['***', 'tasks', 'run', 'chess_etl', 'blunders_etl', 'scheduled__2023-02-01T00:00:00+00:00', '--job-id', '339', '--raw', '--subdir', 'DAGS_FOLDER/chess_dag.py', '--cfg-path', '/tmp/tmpvku_u7ci']
[2024-06-08T22:11:19.219+0000] {standard_task_runner.py:91} INFO - Job 339: Subtask blunders_etl
[2024-06-08T22:11:19.269+0000] {task_command.py:426} INFO - Running <TaskInstance: chess_etl.blunders_etl scheduled__2023-02-01T00:00:00+00:00 [running]> on host bf0ade909435
[2024-06-08T22:11:19.362+0000] {taskinstance.py:2648} INFO - Exporting env vars: AIRFLOW_CTX_DAG_OWNER='***' AIRFLOW_CTX_DAG_ID='chess_etl' AIRFLOW_CTX_TASK_ID='blunders_etl' AIRFLOW_CTX_EXECUTION_DATE='2023-02-01T00:00:00+00:00' AIRFLOW_CTX_TRY_NUMBER='1' AIRFLOW_CTX_DAG_RUN_ID='scheduled__2023-02-01T00:00:00+00:00'
[2024-06-08T22:11:19.364+0000] {taskinstance.py:430} INFO - ::endgroup::
[2024-06-08T22:11:19.366+0000] {warnings.py:110} WARNING - /home/***/.local/lib/python3.12/site-packages/***/utils/context.py:320: AirflowContextDeprecationWarning: Accessing 'execution_date' from the template is deprecated and will be removed in a future version. Please use 'data_interval_start' or 'logical_date' instead.
  warnings.warn(_create_deprecation_warning(k, replacements))

[2024-06-08T22:11:19.376+0000] {base.py:84} INFO - Using connection ID 'chess_project_s3' for task execution.
[2024-06-08T22:56:49.439+0000] {python.py:237} INFO - Done. Returned value was: None
[2024-06-08T22:56:49.444+0000] {taskinstance.py:441} INFO - ::group::Post task execution logs
[2024-06-08T22:56:49.474+0000] {taskinstance.py:1206} INFO - Marking task as SUCCESS. dag_id=chess_etl, task_id=blunders_etl, run_id=scheduled__2023-02-01T00:00:00+00:00, execution_date=20230201T000000, start_date=20240608T221119, end_date=20240608T225649
[2024-06-08T22:56:49.557+0000] {local_task_job_runner.py:240} INFO - Task exited with return code 0
[2024-06-08T22:56:49.587+0000] {taskinstance.py:3498} INFO - 0 downstream tasks scheduled from follow-on schedule check
[2024-06-08T22:56:49.589+0000] {local_task_job_runner.py:222} INFO - ::endgroup::
[2024-07-08T03:47:09.477+0000] {local_task_job_runner.py:120} INFO - ::group::Pre task execution logs
[2024-07-08T03:47:09.492+0000] {taskinstance.py:2076} INFO - Dependencies all met for dep_context=non-requeueable deps ti=<TaskInstance: chess_etl.blunders_etl scheduled__2023-02-01T00:00:00+00:00 [queued]>
[2024-07-08T03:47:09.499+0000] {taskinstance.py:2076} INFO - Dependencies all met for dep_context=requeueable deps ti=<TaskInstance: chess_etl.blunders_etl scheduled__2023-02-01T00:00:00+00:00 [queued]>
[2024-07-08T03:47:09.500+0000] {taskinstance.py:2306} INFO - Starting attempt 1 of 1
[2024-07-08T03:47:09.509+0000] {taskinstance.py:2330} INFO - Executing <Task(PythonOperator): blunders_etl> on 2023-02-01 00:00:00+00:00
[2024-07-08T03:47:09.517+0000] {warnings.py:110} WARNING - /home/***/.local/lib/python3.12/site-packages/***/task/task_runner/standard_task_runner.py:61: DeprecationWarning: This process (pid=45552) is multi-threaded, use of fork() may lead to deadlocks in the child.
  pid = os.fork()

[2024-07-08T03:47:09.519+0000] {standard_task_runner.py:63} INFO - Started process 45558 to run task
[2024-07-08T03:47:09.519+0000] {standard_task_runner.py:90} INFO - Running: ['***', 'tasks', 'run', 'chess_etl', 'blunders_etl', 'scheduled__2023-02-01T00:00:00+00:00', '--job-id', '753', '--raw', '--subdir', 'DAGS_FOLDER/chess_dag.py', '--cfg-path', '/tmp/tmpipt1r8ph']
[2024-07-08T03:47:09.520+0000] {standard_task_runner.py:91} INFO - Job 753: Subtask blunders_etl
[2024-07-08T03:47:09.560+0000] {task_command.py:426} INFO - Running <TaskInstance: chess_etl.blunders_etl scheduled__2023-02-01T00:00:00+00:00 [running]> on host 6569f5155f0c
[2024-07-08T03:47:09.622+0000] {taskinstance.py:2648} INFO - Exporting env vars: AIRFLOW_CTX_DAG_OWNER='***' AIRFLOW_CTX_DAG_ID='chess_etl' AIRFLOW_CTX_TASK_ID='blunders_etl' AIRFLOW_CTX_EXECUTION_DATE='2023-02-01T00:00:00+00:00' AIRFLOW_CTX_TRY_NUMBER='1' AIRFLOW_CTX_DAG_RUN_ID='scheduled__2023-02-01T00:00:00+00:00'
[2024-07-08T03:47:09.623+0000] {taskinstance.py:430} INFO - ::endgroup::
[2024-07-08T03:47:09.624+0000] {warnings.py:110} WARNING - /home/***/.local/lib/python3.12/site-packages/***/utils/context.py:320: AirflowContextDeprecationWarning: Accessing 'execution_date' from the template is deprecated and will be removed in a future version. Please use 'data_interval_start' or 'logical_date' instead.
  warnings.warn(_create_deprecation_warning(k, replacements))

[2024-07-08T03:47:09.630+0000] {base.py:84} INFO - Using connection ID 'chess_project_s3' for task execution.
[2024-07-08T04:25:23.033+0000] {python.py:237} INFO - Done. Returned value was: None
[2024-07-08T04:25:23.034+0000] {taskinstance.py:441} INFO - ::group::Post task execution logs
[2024-07-08T04:25:23.043+0000] {taskinstance.py:1206} INFO - Marking task as SUCCESS. dag_id=chess_etl, task_id=blunders_etl, run_id=scheduled__2023-02-01T00:00:00+00:00, execution_date=20230201T000000, start_date=20240708T034709, end_date=20240708T042523
[2024-07-08T04:25:23.098+0000] {local_task_job_runner.py:240} INFO - Task exited with return code 0
[2024-07-08T04:25:23.114+0000] {taskinstance.py:3498} INFO - 1 downstream tasks scheduled from follow-on schedule check
[2024-07-08T04:25:23.116+0000] {local_task_job_runner.py:222} INFO - ::endgroup::
