[2024-07-07T18:38:16.455+0000] {local_task_job_runner.py:120} INFO - ::group::Pre task execution logs
[2024-07-07T18:38:16.469+0000] {taskinstance.py:2076} INFO - Dependencies all met for dep_context=non-requeueable deps ti=<TaskInstance: chess_etl.redshift_game_load scheduled__2023-04-01T00:00:00+00:00 [queued]>
[2024-07-07T18:38:16.475+0000] {taskinstance.py:2076} INFO - Dependencies all met for dep_context=requeueable deps ti=<TaskInstance: chess_etl.redshift_game_load scheduled__2023-04-01T00:00:00+00:00 [queued]>
[2024-07-07T18:38:16.476+0000] {taskinstance.py:2306} INFO - Starting attempt 1 of 1
[2024-07-07T18:38:16.484+0000] {taskinstance.py:2330} INFO - Executing <Task(PythonOperator): redshift_game_load> on 2023-04-01 00:00:00+00:00
[2024-07-07T18:38:16.490+0000] {warnings.py:110} WARNING - /home/***/.local/lib/python3.12/site-packages/***/task/task_runner/standard_task_runner.py:61: DeprecationWarning: This process (pid=1558) is multi-threaded, use of fork() may lead to deadlocks in the child.
  pid = os.fork()

[2024-07-07T18:38:16.491+0000] {standard_task_runner.py:63} INFO - Started process 1562 to run task
[2024-07-07T18:38:16.491+0000] {standard_task_runner.py:90} INFO - Running: ['***', 'tasks', 'run', 'chess_etl', 'redshift_game_load', 'scheduled__2023-04-01T00:00:00+00:00', '--job-id', '463', '--pool', 'default_pool', '--raw', '--subdir', 'DAGS_FOLDER/chess_dag.py', '--cfg-path', '/tmp/tmp9kqhe4vf']
[2024-07-07T18:38:16.492+0000] {standard_task_runner.py:91} INFO - Job 463: Subtask redshift_game_load
[2024-07-07T18:38:16.523+0000] {task_command.py:426} INFO - Running <TaskInstance: chess_etl.redshift_game_load scheduled__2023-04-01T00:00:00+00:00 [running]> on host cb919e35e0e9
[2024-07-07T18:38:16.578+0000] {taskinstance.py:2648} INFO - Exporting env vars: AIRFLOW_CTX_DAG_OWNER='***' AIRFLOW_CTX_DAG_ID='chess_etl' AIRFLOW_CTX_TASK_ID='redshift_game_load' AIRFLOW_CTX_EXECUTION_DATE='2023-04-01T00:00:00+00:00' AIRFLOW_CTX_TRY_NUMBER='1' AIRFLOW_CTX_DAG_RUN_ID='scheduled__2023-04-01T00:00:00+00:00'
[2024-07-07T18:38:16.579+0000] {taskinstance.py:430} INFO - ::endgroup::
[2024-07-07T18:38:16.580+0000] {warnings.py:110} WARNING - /home/***/.local/lib/python3.12/site-packages/***/utils/context.py:320: AirflowContextDeprecationWarning: Accessing 'execution_date' from the template is deprecated and will be removed in a future version. Please use 'data_interval_start' or 'logical_date' instead.
  warnings.warn(_create_deprecation_warning(k, replacements))

[2024-07-07T18:38:16.586+0000] {base.py:84} INFO - Using connection ID 'chess_project_s3' for task execution.
[2024-07-07T18:38:17.369+0000] {base.py:84} INFO - Using connection ID 'chess_project_redshift' for task execution.
[2024-07-07T18:38:20.894+0000] {python.py:237} INFO - Done. Returned value was: None
[2024-07-07T18:38:20.894+0000] {taskinstance.py:441} INFO - ::group::Post task execution logs
[2024-07-07T18:38:20.900+0000] {taskinstance.py:1206} INFO - Marking task as SUCCESS. dag_id=chess_etl, task_id=redshift_game_load, run_id=scheduled__2023-04-01T00:00:00+00:00, execution_date=20230401T000000, start_date=20240707T183816, end_date=20240707T183820
[2024-07-07T18:38:20.918+0000] {local_task_job_runner.py:240} INFO - Task exited with return code 0
[2024-07-07T18:38:20.929+0000] {taskinstance.py:3498} INFO - 0 downstream tasks scheduled from follow-on schedule check
[2024-07-07T18:38:20.931+0000] {local_task_job_runner.py:222} INFO - ::endgroup::
[2024-07-08T04:29:20.812+0000] {local_task_job_runner.py:120} INFO - ::group::Pre task execution logs
[2024-07-08T04:29:20.828+0000] {taskinstance.py:2076} INFO - Dependencies all met for dep_context=non-requeueable deps ti=<TaskInstance: chess_etl.redshift_game_load scheduled__2023-04-01T00:00:00+00:00 [queued]>
[2024-07-08T04:29:20.836+0000] {taskinstance.py:2076} INFO - Dependencies all met for dep_context=requeueable deps ti=<TaskInstance: chess_etl.redshift_game_load scheduled__2023-04-01T00:00:00+00:00 [queued]>
[2024-07-08T04:29:20.837+0000] {taskinstance.py:2306} INFO - Starting attempt 1 of 1
[2024-07-08T04:29:20.849+0000] {taskinstance.py:2330} INFO - Executing <Task(PythonOperator): redshift_game_load> on 2023-04-01 00:00:00+00:00
[2024-07-08T04:29:20.857+0000] {warnings.py:110} WARNING - /home/***/.local/lib/python3.12/site-packages/***/task/task_runner/standard_task_runner.py:61: DeprecationWarning: This process (pid=50581) is multi-threaded, use of fork() may lead to deadlocks in the child.
  pid = os.fork()

[2024-07-08T04:29:20.858+0000] {standard_task_runner.py:63} INFO - Started process 50583 to run task
[2024-07-08T04:29:20.859+0000] {standard_task_runner.py:90} INFO - Running: ['***', 'tasks', 'run', 'chess_etl', 'redshift_game_load', 'scheduled__2023-04-01T00:00:00+00:00', '--job-id', '766', '--raw', '--subdir', 'DAGS_FOLDER/chess_dag.py', '--cfg-path', '/tmp/tmpxzk4xnqa']
[2024-07-08T04:29:20.860+0000] {standard_task_runner.py:91} INFO - Job 766: Subtask redshift_game_load
[2024-07-08T04:29:20.897+0000] {task_command.py:426} INFO - Running <TaskInstance: chess_etl.redshift_game_load scheduled__2023-04-01T00:00:00+00:00 [running]> on host 6569f5155f0c
[2024-07-08T04:29:20.970+0000] {taskinstance.py:2648} INFO - Exporting env vars: AIRFLOW_CTX_DAG_OWNER='***' AIRFLOW_CTX_DAG_ID='chess_etl' AIRFLOW_CTX_TASK_ID='redshift_game_load' AIRFLOW_CTX_EXECUTION_DATE='2023-04-01T00:00:00+00:00' AIRFLOW_CTX_TRY_NUMBER='1' AIRFLOW_CTX_DAG_RUN_ID='scheduled__2023-04-01T00:00:00+00:00'
[2024-07-08T04:29:20.971+0000] {taskinstance.py:430} INFO - ::endgroup::
[2024-07-08T04:29:20.972+0000] {warnings.py:110} WARNING - /home/***/.local/lib/python3.12/site-packages/***/utils/context.py:320: AirflowContextDeprecationWarning: Accessing 'execution_date' from the template is deprecated and will be removed in a future version. Please use 'data_interval_start' or 'logical_date' instead.
  warnings.warn(_create_deprecation_warning(k, replacements))

[2024-07-08T04:29:20.979+0000] {base.py:84} INFO - Using connection ID 'chess_project_s3' for task execution.
[2024-07-08T04:29:21.874+0000] {base.py:84} INFO - Using connection ID 'chess_project_redshift' for task execution.
[2024-07-08T04:29:23.633+0000] {python.py:237} INFO - Done. Returned value was: None
[2024-07-08T04:29:23.634+0000] {taskinstance.py:441} INFO - ::group::Post task execution logs
[2024-07-08T04:29:23.641+0000] {taskinstance.py:1206} INFO - Marking task as SUCCESS. dag_id=chess_etl, task_id=redshift_game_load, run_id=scheduled__2023-04-01T00:00:00+00:00, execution_date=20230401T000000, start_date=20240708T042920, end_date=20240708T042923
[2024-07-08T04:29:23.679+0000] {local_task_job_runner.py:240} INFO - Task exited with return code 0
[2024-07-08T04:29:23.694+0000] {taskinstance.py:3498} INFO - 1 downstream tasks scheduled from follow-on schedule check
[2024-07-08T04:29:23.695+0000] {local_task_job_runner.py:222} INFO - ::endgroup::
