[2024-07-07T18:39:31.592+0000] {local_task_job_runner.py:120} INFO - ::group::Pre task execution logs
[2024-07-07T18:39:31.607+0000] {taskinstance.py:2076} INFO - Dependencies all met for dep_context=non-requeueable deps ti=<TaskInstance: chess_etl.redshift_game_load scheduled__2024-01-01T00:00:00+00:00 [queued]>
[2024-07-07T18:39:31.614+0000] {taskinstance.py:2076} INFO - Dependencies all met for dep_context=requeueable deps ti=<TaskInstance: chess_etl.redshift_game_load scheduled__2024-01-01T00:00:00+00:00 [queued]>
[2024-07-07T18:39:31.614+0000] {taskinstance.py:2306} INFO - Starting attempt 1 of 1
[2024-07-07T18:39:31.623+0000] {taskinstance.py:2330} INFO - Executing <Task(PythonOperator): redshift_game_load> on 2024-01-01 00:00:00+00:00
[2024-07-07T18:39:31.627+0000] {warnings.py:110} WARNING - /home/***/.local/lib/python3.12/site-packages/***/task/task_runner/standard_task_runner.py:61: DeprecationWarning: This process (pid=1628) is multi-threaded, use of fork() may lead to deadlocks in the child.
  pid = os.fork()

[2024-07-07T18:39:31.629+0000] {standard_task_runner.py:63} INFO - Started process 1633 to run task
[2024-07-07T18:39:31.629+0000] {standard_task_runner.py:90} INFO - Running: ['***', 'tasks', 'run', 'chess_etl', 'redshift_game_load', 'scheduled__2024-01-01T00:00:00+00:00', '--job-id', '473', '--pool', 'default_pool', '--raw', '--subdir', 'DAGS_FOLDER/chess_dag.py', '--cfg-path', '/tmp/tmp5w0mp_8n']
[2024-07-07T18:39:31.630+0000] {standard_task_runner.py:91} INFO - Job 473: Subtask redshift_game_load
[2024-07-07T18:39:31.661+0000] {task_command.py:426} INFO - Running <TaskInstance: chess_etl.redshift_game_load scheduled__2024-01-01T00:00:00+00:00 [running]> on host cb919e35e0e9
[2024-07-07T18:39:31.723+0000] {taskinstance.py:2648} INFO - Exporting env vars: AIRFLOW_CTX_DAG_OWNER='***' AIRFLOW_CTX_DAG_ID='chess_etl' AIRFLOW_CTX_TASK_ID='redshift_game_load' AIRFLOW_CTX_EXECUTION_DATE='2024-01-01T00:00:00+00:00' AIRFLOW_CTX_TRY_NUMBER='1' AIRFLOW_CTX_DAG_RUN_ID='scheduled__2024-01-01T00:00:00+00:00'
[2024-07-07T18:39:31.723+0000] {taskinstance.py:430} INFO - ::endgroup::
[2024-07-07T18:39:31.724+0000] {warnings.py:110} WARNING - /home/***/.local/lib/python3.12/site-packages/***/utils/context.py:320: AirflowContextDeprecationWarning: Accessing 'execution_date' from the template is deprecated and will be removed in a future version. Please use 'data_interval_start' or 'logical_date' instead.
  warnings.warn(_create_deprecation_warning(k, replacements))

[2024-07-07T18:39:31.730+0000] {base.py:84} INFO - Using connection ID 'chess_project_s3' for task execution.
[2024-07-07T18:39:32.444+0000] {base.py:84} INFO - Using connection ID 'chess_project_redshift' for task execution.
[2024-07-07T18:39:36.378+0000] {python.py:237} INFO - Done. Returned value was: None
[2024-07-07T18:39:36.379+0000] {taskinstance.py:441} INFO - ::group::Post task execution logs
[2024-07-07T18:39:36.385+0000] {taskinstance.py:1206} INFO - Marking task as SUCCESS. dag_id=chess_etl, task_id=redshift_game_load, run_id=scheduled__2024-01-01T00:00:00+00:00, execution_date=20240101T000000, start_date=20240707T183931, end_date=20240707T183936
[2024-07-07T18:39:36.412+0000] {local_task_job_runner.py:240} INFO - Task exited with return code 0
[2024-07-07T18:39:36.424+0000] {taskinstance.py:3498} INFO - 0 downstream tasks scheduled from follow-on schedule check
[2024-07-07T18:39:36.425+0000] {local_task_job_runner.py:222} INFO - ::endgroup::
[2024-07-08T05:22:25.332+0000] {local_task_job_runner.py:120} INFO - ::group::Pre task execution logs
[2024-07-08T05:22:25.345+0000] {taskinstance.py:2076} INFO - Dependencies all met for dep_context=non-requeueable deps ti=<TaskInstance: chess_etl.redshift_game_load scheduled__2024-01-01T00:00:00+00:00 [queued]>
[2024-07-08T05:22:25.352+0000] {taskinstance.py:2076} INFO - Dependencies all met for dep_context=requeueable deps ti=<TaskInstance: chess_etl.redshift_game_load scheduled__2024-01-01T00:00:00+00:00 [queued]>
[2024-07-08T05:22:25.352+0000] {taskinstance.py:2306} INFO - Starting attempt 1 of 1
[2024-07-08T05:22:25.360+0000] {taskinstance.py:2330} INFO - Executing <Task(PythonOperator): redshift_game_load> on 2024-01-01 00:00:00+00:00
[2024-07-08T05:22:25.367+0000] {warnings.py:110} WARNING - /home/***/.local/lib/python3.12/site-packages/***/task/task_runner/standard_task_runner.py:61: DeprecationWarning: This process (pid=56399) is multi-threaded, use of fork() may lead to deadlocks in the child.
  pid = os.fork()

[2024-07-08T05:22:25.369+0000] {standard_task_runner.py:63} INFO - Started process 56401 to run task
[2024-07-08T05:22:25.369+0000] {standard_task_runner.py:90} INFO - Running: ['***', 'tasks', 'run', 'chess_etl', 'redshift_game_load', 'scheduled__2024-01-01T00:00:00+00:00', '--job-id', '798', '--raw', '--subdir', 'DAGS_FOLDER/chess_dag.py', '--cfg-path', '/tmp/tmpkw3c3kys']
[2024-07-08T05:22:25.370+0000] {standard_task_runner.py:91} INFO - Job 798: Subtask redshift_game_load
[2024-07-08T05:22:25.403+0000] {task_command.py:426} INFO - Running <TaskInstance: chess_etl.redshift_game_load scheduled__2024-01-01T00:00:00+00:00 [running]> on host 6569f5155f0c
[2024-07-08T05:22:25.461+0000] {taskinstance.py:2648} INFO - Exporting env vars: AIRFLOW_CTX_DAG_OWNER='***' AIRFLOW_CTX_DAG_ID='chess_etl' AIRFLOW_CTX_TASK_ID='redshift_game_load' AIRFLOW_CTX_EXECUTION_DATE='2024-01-01T00:00:00+00:00' AIRFLOW_CTX_TRY_NUMBER='1' AIRFLOW_CTX_DAG_RUN_ID='scheduled__2024-01-01T00:00:00+00:00'
[2024-07-08T05:22:25.462+0000] {taskinstance.py:430} INFO - ::endgroup::
[2024-07-08T05:22:25.463+0000] {warnings.py:110} WARNING - /home/***/.local/lib/python3.12/site-packages/***/utils/context.py:320: AirflowContextDeprecationWarning: Accessing 'execution_date' from the template is deprecated and will be removed in a future version. Please use 'data_interval_start' or 'logical_date' instead.
  warnings.warn(_create_deprecation_warning(k, replacements))

[2024-07-08T05:22:25.469+0000] {base.py:84} INFO - Using connection ID 'chess_project_s3' for task execution.
[2024-07-08T05:22:26.203+0000] {base.py:84} INFO - Using connection ID 'chess_project_redshift' for task execution.
[2024-07-08T05:22:28.192+0000] {python.py:237} INFO - Done. Returned value was: None
[2024-07-08T05:22:28.193+0000] {taskinstance.py:441} INFO - ::group::Post task execution logs
[2024-07-08T05:22:28.200+0000] {taskinstance.py:1206} INFO - Marking task as SUCCESS. dag_id=chess_etl, task_id=redshift_game_load, run_id=scheduled__2024-01-01T00:00:00+00:00, execution_date=20240101T000000, start_date=20240708T052225, end_date=20240708T052228
[2024-07-08T05:22:28.229+0000] {local_task_job_runner.py:240} INFO - Task exited with return code 0
[2024-07-08T05:22:28.245+0000] {taskinstance.py:3498} INFO - 1 downstream tasks scheduled from follow-on schedule check
[2024-07-08T05:22:28.246+0000] {local_task_job_runner.py:222} INFO - ::endgroup::
