[2024-06-03T17:39:20.555+0000] {local_task_job_runner.py:120} INFO - ::group::Pre task execution logs
[2024-06-03T17:39:20.569+0000] {taskinstance.py:2076} INFO - Dependencies all met for dep_context=non-requeueable deps ti=<TaskInstance: chess_etl.games_etl scheduled__2021-09-01T00:00:00+00:00 [queued]>
[2024-06-03T17:39:20.574+0000] {taskinstance.py:2076} INFO - Dependencies all met for dep_context=requeueable deps ti=<TaskInstance: chess_etl.games_etl scheduled__2021-09-01T00:00:00+00:00 [queued]>
[2024-06-03T17:39:20.575+0000] {taskinstance.py:2306} INFO - Starting attempt 1 of 1
[2024-06-03T17:39:20.584+0000] {taskinstance.py:2330} INFO - Executing <Task(PythonOperator): games_etl> on 2021-09-01 00:00:00+00:00
[2024-06-03T17:39:20.590+0000] {warnings.py:110} WARNING - /home/***/.local/lib/python3.12/site-packages/***/task/task_runner/standard_task_runner.py:61: DeprecationWarning: This process (pid=221) is multi-threaded, use of fork() may lead to deadlocks in the child.
  pid = os.fork()

[2024-06-03T17:39:20.591+0000] {standard_task_runner.py:90} INFO - Running: ['***', 'tasks', 'run', 'chess_etl', 'games_etl', 'scheduled__2021-09-01T00:00:00+00:00', '--job-id', '54', '--raw', '--subdir', 'DAGS_FOLDER/chess_dag.py', '--cfg-path', '/tmp/tmpeu1a5kzl']
[2024-06-03T17:39:20.592+0000] {standard_task_runner.py:63} INFO - Started process 223 to run task
[2024-06-03T17:39:20.592+0000] {standard_task_runner.py:91} INFO - Job 54: Subtask games_etl
[2024-06-03T17:39:20.622+0000] {task_command.py:426} INFO - Running <TaskInstance: chess_etl.games_etl scheduled__2021-09-01T00:00:00+00:00 [running]> on host a5a4421409ea
[2024-06-03T17:39:20.679+0000] {taskinstance.py:2648} INFO - Exporting env vars: AIRFLOW_CTX_DAG_OWNER='***' AIRFLOW_CTX_DAG_ID='chess_etl' AIRFLOW_CTX_TASK_ID='games_etl' AIRFLOW_CTX_EXECUTION_DATE='2021-09-01T00:00:00+00:00' AIRFLOW_CTX_TRY_NUMBER='1' AIRFLOW_CTX_DAG_RUN_ID='scheduled__2021-09-01T00:00:00+00:00'
[2024-06-03T17:39:20.680+0000] {taskinstance.py:430} INFO - ::endgroup::
[2024-06-03T17:39:20.681+0000] {warnings.py:110} WARNING - /home/***/.local/lib/python3.12/site-packages/***/utils/context.py:320: AirflowContextDeprecationWarning: Accessing 'execution_date' from the template is deprecated and will be removed in a future version. Please use 'data_interval_start' or 'logical_date' instead.
  warnings.warn(_create_deprecation_warning(k, replacements))

[2024-06-03T17:39:20.907+0000] {python.py:237} INFO - Done. Returned value was: None
[2024-06-03T17:39:20.908+0000] {taskinstance.py:441} INFO - ::group::Post task execution logs
[2024-06-03T17:39:20.914+0000] {taskinstance.py:1206} INFO - Marking task as SUCCESS. dag_id=chess_etl, task_id=games_etl, run_id=scheduled__2021-09-01T00:00:00+00:00, execution_date=20210901T000000, start_date=20240603T173920, end_date=20240603T173920
[2024-06-03T17:39:20.966+0000] {local_task_job_runner.py:240} INFO - Task exited with return code 0
[2024-06-03T17:39:20.980+0000] {taskinstance.py:3498} INFO - 1 downstream tasks scheduled from follow-on schedule check
[2024-06-03T17:39:20.981+0000] {local_task_job_runner.py:222} INFO - ::endgroup::
[2024-06-03T22:20:48.026+0000] {local_task_job_runner.py:120} INFO - ::group::Pre task execution logs
[2024-06-03T22:20:48.039+0000] {taskinstance.py:2076} INFO - Dependencies all met for dep_context=non-requeueable deps ti=<TaskInstance: chess_etl.games_etl scheduled__2021-09-01T00:00:00+00:00 [queued]>
[2024-06-03T22:20:48.045+0000] {taskinstance.py:2076} INFO - Dependencies all met for dep_context=requeueable deps ti=<TaskInstance: chess_etl.games_etl scheduled__2021-09-01T00:00:00+00:00 [queued]>
[2024-06-03T22:20:48.045+0000] {taskinstance.py:2306} INFO - Starting attempt 1 of 1
[2024-06-03T22:20:48.056+0000] {taskinstance.py:2330} INFO - Executing <Task(PythonOperator): games_etl> on 2021-09-01 00:00:00+00:00
[2024-06-03T22:20:48.064+0000] {warnings.py:110} WARNING - /home/***/.local/lib/python3.12/site-packages/***/task/task_runner/standard_task_runner.py:61: DeprecationWarning: This process (pid=29919) is multi-threaded, use of fork() may lead to deadlocks in the child.
  pid = os.fork()

[2024-06-03T22:20:48.066+0000] {standard_task_runner.py:63} INFO - Started process 29921 to run task
[2024-06-03T22:20:48.066+0000] {standard_task_runner.py:90} INFO - Running: ['***', 'tasks', 'run', 'chess_etl', 'games_etl', 'scheduled__2021-09-01T00:00:00+00:00', '--job-id', '128', '--raw', '--subdir', 'DAGS_FOLDER/chess_dag.py', '--cfg-path', '/tmp/tmp4tqaco7e']
[2024-06-03T22:20:48.067+0000] {standard_task_runner.py:91} INFO - Job 128: Subtask games_etl
[2024-06-03T22:20:48.102+0000] {task_command.py:426} INFO - Running <TaskInstance: chess_etl.games_etl scheduled__2021-09-01T00:00:00+00:00 [running]> on host f55fff24b127
[2024-06-03T22:20:48.171+0000] {taskinstance.py:2648} INFO - Exporting env vars: AIRFLOW_CTX_DAG_OWNER='***' AIRFLOW_CTX_DAG_ID='chess_etl' AIRFLOW_CTX_TASK_ID='games_etl' AIRFLOW_CTX_EXECUTION_DATE='2021-09-01T00:00:00+00:00' AIRFLOW_CTX_TRY_NUMBER='1' AIRFLOW_CTX_DAG_RUN_ID='scheduled__2021-09-01T00:00:00+00:00'
[2024-06-03T22:20:48.172+0000] {taskinstance.py:430} INFO - ::endgroup::
[2024-06-03T22:20:48.173+0000] {warnings.py:110} WARNING - /home/***/.local/lib/python3.12/site-packages/***/utils/context.py:320: AirflowContextDeprecationWarning: Accessing 'execution_date' from the template is deprecated and will be removed in a future version. Please use 'data_interval_start' or 'logical_date' instead.
  warnings.warn(_create_deprecation_warning(k, replacements))

[2024-06-03T22:20:48.436+0000] {python.py:237} INFO - Done. Returned value was: None
[2024-06-03T22:20:48.437+0000] {taskinstance.py:441} INFO - ::group::Post task execution logs
[2024-06-03T22:20:48.444+0000] {taskinstance.py:1206} INFO - Marking task as SUCCESS. dag_id=chess_etl, task_id=games_etl, run_id=scheduled__2021-09-01T00:00:00+00:00, execution_date=20210901T000000, start_date=20240603T222048, end_date=20240603T222048
[2024-06-03T22:20:48.481+0000] {local_task_job_runner.py:240} INFO - Task exited with return code 0
[2024-06-03T22:20:48.498+0000] {taskinstance.py:3498} INFO - 1 downstream tasks scheduled from follow-on schedule check
[2024-06-03T22:20:48.499+0000] {local_task_job_runner.py:222} INFO - ::endgroup::
[2024-06-08T19:46:37.956+0000] {local_task_job_runner.py:120} INFO - ::group::Pre task execution logs
[2024-06-08T19:46:37.973+0000] {taskinstance.py:2076} INFO - Dependencies all met for dep_context=non-requeueable deps ti=<TaskInstance: chess_etl.games_etl scheduled__2021-09-01T00:00:00+00:00 [queued]>
[2024-06-08T19:46:37.980+0000] {taskinstance.py:2076} INFO - Dependencies all met for dep_context=requeueable deps ti=<TaskInstance: chess_etl.games_etl scheduled__2021-09-01T00:00:00+00:00 [queued]>
[2024-06-08T19:46:37.981+0000] {taskinstance.py:2306} INFO - Starting attempt 1 of 1
[2024-06-08T19:46:37.992+0000] {taskinstance.py:2330} INFO - Executing <Task(PythonOperator): games_etl> on 2021-09-01 00:00:00+00:00
[2024-06-08T19:46:38.001+0000] {warnings.py:110} WARNING - /home/***/.local/lib/python3.12/site-packages/***/task/task_runner/standard_task_runner.py:61: DeprecationWarning: This process (pid=30340) is multi-threaded, use of fork() may lead to deadlocks in the child.
  pid = os.fork()

[2024-06-08T19:46:38.003+0000] {standard_task_runner.py:63} INFO - Started process 30350 to run task
[2024-06-08T19:46:38.002+0000] {standard_task_runner.py:90} INFO - Running: ['***', 'tasks', 'run', 'chess_etl', 'games_etl', 'scheduled__2021-09-01T00:00:00+00:00', '--job-id', '304', '--raw', '--subdir', 'DAGS_FOLDER/chess_dag.py', '--cfg-path', '/tmp/tmp0loaceov']
[2024-06-08T19:46:38.003+0000] {standard_task_runner.py:91} INFO - Job 304: Subtask games_etl
[2024-06-08T19:46:38.037+0000] {task_command.py:426} INFO - Running <TaskInstance: chess_etl.games_etl scheduled__2021-09-01T00:00:00+00:00 [running]> on host bf0ade909435
[2024-06-08T19:46:38.107+0000] {taskinstance.py:2648} INFO - Exporting env vars: AIRFLOW_CTX_DAG_OWNER='***' AIRFLOW_CTX_DAG_ID='chess_etl' AIRFLOW_CTX_TASK_ID='games_etl' AIRFLOW_CTX_EXECUTION_DATE='2021-09-01T00:00:00+00:00' AIRFLOW_CTX_TRY_NUMBER='1' AIRFLOW_CTX_DAG_RUN_ID='scheduled__2021-09-01T00:00:00+00:00'
[2024-06-08T19:46:38.109+0000] {taskinstance.py:430} INFO - ::endgroup::
[2024-06-08T19:46:38.109+0000] {warnings.py:110} WARNING - /home/***/.local/lib/python3.12/site-packages/***/utils/context.py:320: AirflowContextDeprecationWarning: Accessing 'execution_date' from the template is deprecated and will be removed in a future version. Please use 'data_interval_start' or 'logical_date' instead.
  warnings.warn(_create_deprecation_warning(k, replacements))

[2024-06-08T19:46:38.370+0000] {python.py:237} INFO - Done. Returned value was: None
[2024-06-08T19:46:38.371+0000] {taskinstance.py:441} INFO - ::group::Post task execution logs
[2024-06-08T19:46:38.378+0000] {taskinstance.py:1206} INFO - Marking task as SUCCESS. dag_id=chess_etl, task_id=games_etl, run_id=scheduled__2021-09-01T00:00:00+00:00, execution_date=20210901T000000, start_date=20240608T194637, end_date=20240608T194638
[2024-06-08T19:46:38.417+0000] {local_task_job_runner.py:240} INFO - Task exited with return code 0
[2024-06-08T19:46:38.430+0000] {taskinstance.py:3498} INFO - 1 downstream tasks scheduled from follow-on schedule check
[2024-06-08T19:46:38.432+0000] {local_task_job_runner.py:222} INFO - ::endgroup::
[2024-07-08T01:44:43.910+0000] {local_task_job_runner.py:120} INFO - ::group::Pre task execution logs
[2024-07-08T01:44:43.923+0000] {taskinstance.py:2076} INFO - Dependencies all met for dep_context=non-requeueable deps ti=<TaskInstance: chess_etl.games_etl scheduled__2021-09-01T00:00:00+00:00 [queued]>
[2024-07-08T01:44:43.928+0000] {taskinstance.py:2076} INFO - Dependencies all met for dep_context=requeueable deps ti=<TaskInstance: chess_etl.games_etl scheduled__2021-09-01T00:00:00+00:00 [queued]>
[2024-07-08T01:44:43.929+0000] {taskinstance.py:2306} INFO - Starting attempt 1 of 1
[2024-07-08T01:44:43.938+0000] {taskinstance.py:2330} INFO - Executing <Task(PythonOperator): games_etl> on 2021-09-01 00:00:00+00:00
[2024-07-08T01:44:43.946+0000] {warnings.py:110} WARNING - /home/***/.local/lib/python3.12/site-packages/***/task/task_runner/standard_task_runner.py:61: DeprecationWarning: This process (pid=31182) is multi-threaded, use of fork() may lead to deadlocks in the child.
  pid = os.fork()

[2024-07-08T01:44:43.947+0000] {standard_task_runner.py:63} INFO - Started process 31184 to run task
[2024-07-08T01:44:43.947+0000] {standard_task_runner.py:90} INFO - Running: ['***', 'tasks', 'run', 'chess_etl', 'games_etl', 'scheduled__2021-09-01T00:00:00+00:00', '--job-id', '684', '--raw', '--subdir', 'DAGS_FOLDER/chess_dag.py', '--cfg-path', '/tmp/tmpp2kz1qyk']
[2024-07-08T01:44:43.948+0000] {standard_task_runner.py:91} INFO - Job 684: Subtask games_etl
[2024-07-08T01:44:43.980+0000] {task_command.py:426} INFO - Running <TaskInstance: chess_etl.games_etl scheduled__2021-09-01T00:00:00+00:00 [running]> on host 6569f5155f0c
[2024-07-08T01:44:44.039+0000] {taskinstance.py:2648} INFO - Exporting env vars: AIRFLOW_CTX_DAG_OWNER='***' AIRFLOW_CTX_DAG_ID='chess_etl' AIRFLOW_CTX_TASK_ID='games_etl' AIRFLOW_CTX_EXECUTION_DATE='2021-09-01T00:00:00+00:00' AIRFLOW_CTX_TRY_NUMBER='1' AIRFLOW_CTX_DAG_RUN_ID='scheduled__2021-09-01T00:00:00+00:00'
[2024-07-08T01:44:44.041+0000] {taskinstance.py:430} INFO - ::endgroup::
[2024-07-08T01:44:44.042+0000] {warnings.py:110} WARNING - /home/***/.local/lib/python3.12/site-packages/***/utils/context.py:320: AirflowContextDeprecationWarning: Accessing 'execution_date' from the template is deprecated and will be removed in a future version. Please use 'data_interval_start' or 'logical_date' instead.
  warnings.warn(_create_deprecation_warning(k, replacements))

[2024-07-08T01:44:44.308+0000] {python.py:237} INFO - Done. Returned value was: None
[2024-07-08T01:44:44.309+0000] {taskinstance.py:441} INFO - ::group::Post task execution logs
[2024-07-08T01:44:44.316+0000] {taskinstance.py:1206} INFO - Marking task as SUCCESS. dag_id=chess_etl, task_id=games_etl, run_id=scheduled__2021-09-01T00:00:00+00:00, execution_date=20210901T000000, start_date=20240708T014443, end_date=20240708T014444
[2024-07-08T01:44:44.361+0000] {local_task_job_runner.py:240} INFO - Task exited with return code 0
[2024-07-08T01:44:44.379+0000] {taskinstance.py:3498} INFO - 1 downstream tasks scheduled from follow-on schedule check
[2024-07-08T01:44:44.381+0000] {local_task_job_runner.py:222} INFO - ::endgroup::
