[2024-06-03T17:38:27.174+0000] {local_task_job_runner.py:120} INFO - ::group::Pre task execution logs
[2024-06-03T17:38:27.188+0000] {taskinstance.py:2076} INFO - Dependencies all met for dep_context=non-requeueable deps ti=<TaskInstance: chess_etl.games_etl scheduled__2019-11-01T00:00:00+00:00 [queued]>
[2024-06-03T17:38:27.193+0000] {taskinstance.py:2076} INFO - Dependencies all met for dep_context=requeueable deps ti=<TaskInstance: chess_etl.games_etl scheduled__2019-11-01T00:00:00+00:00 [queued]>
[2024-06-03T17:38:27.194+0000] {taskinstance.py:2306} INFO - Starting attempt 1 of 1
[2024-06-03T17:38:27.203+0000] {taskinstance.py:2330} INFO - Executing <Task(PythonOperator): games_etl> on 2019-11-01 00:00:00+00:00
[2024-06-03T17:38:27.207+0000] {warnings.py:110} WARNING - /home/***/.local/lib/python3.12/site-packages/***/task/task_runner/standard_task_runner.py:61: DeprecationWarning: This process (pid=119) is multi-threaded, use of fork() may lead to deadlocks in the child.
  pid = os.fork()

[2024-06-03T17:38:27.209+0000] {standard_task_runner.py:63} INFO - Started process 123 to run task
[2024-06-03T17:38:27.209+0000] {standard_task_runner.py:90} INFO - Running: ['***', 'tasks', 'run', 'chess_etl', 'games_etl', 'scheduled__2019-11-01T00:00:00+00:00', '--job-id', '25', '--raw', '--subdir', 'DAGS_FOLDER/chess_dag.py', '--cfg-path', '/tmp/tmpq8__asln']
[2024-06-03T17:38:27.210+0000] {standard_task_runner.py:91} INFO - Job 25: Subtask games_etl
[2024-06-03T17:38:27.244+0000] {task_command.py:426} INFO - Running <TaskInstance: chess_etl.games_etl scheduled__2019-11-01T00:00:00+00:00 [running]> on host a5a4421409ea
[2024-06-03T17:38:27.303+0000] {taskinstance.py:2648} INFO - Exporting env vars: AIRFLOW_CTX_DAG_OWNER='***' AIRFLOW_CTX_DAG_ID='chess_etl' AIRFLOW_CTX_TASK_ID='games_etl' AIRFLOW_CTX_EXECUTION_DATE='2019-11-01T00:00:00+00:00' AIRFLOW_CTX_TRY_NUMBER='1' AIRFLOW_CTX_DAG_RUN_ID='scheduled__2019-11-01T00:00:00+00:00'
[2024-06-03T17:38:27.304+0000] {taskinstance.py:430} INFO - ::endgroup::
[2024-06-03T17:38:27.305+0000] {warnings.py:110} WARNING - /home/***/.local/lib/python3.12/site-packages/***/utils/context.py:320: AirflowContextDeprecationWarning: Accessing 'execution_date' from the template is deprecated and will be removed in a future version. Please use 'data_interval_start' or 'logical_date' instead.
  warnings.warn(_create_deprecation_warning(k, replacements))

[2024-06-03T17:38:27.570+0000] {python.py:237} INFO - Done. Returned value was: None
[2024-06-03T17:38:27.571+0000] {taskinstance.py:441} INFO - ::group::Post task execution logs
[2024-06-03T17:38:27.577+0000] {taskinstance.py:1206} INFO - Marking task as SUCCESS. dag_id=chess_etl, task_id=games_etl, run_id=scheduled__2019-11-01T00:00:00+00:00, execution_date=20191101T000000, start_date=20240603T173827, end_date=20240603T173827
[2024-06-03T17:38:27.622+0000] {local_task_job_runner.py:240} INFO - Task exited with return code 0
[2024-06-03T17:38:27.637+0000] {taskinstance.py:3498} INFO - 1 downstream tasks scheduled from follow-on schedule check
[2024-06-03T17:38:27.638+0000] {local_task_job_runner.py:222} INFO - ::endgroup::
[2024-06-03T17:45:10.849+0000] {local_task_job_runner.py:120} INFO - ::group::Pre task execution logs
[2024-06-03T17:45:10.863+0000] {taskinstance.py:2076} INFO - Dependencies all met for dep_context=non-requeueable deps ti=<TaskInstance: chess_etl.games_etl scheduled__2019-11-01T00:00:00+00:00 [queued]>
[2024-06-03T17:45:10.868+0000] {taskinstance.py:2076} INFO - Dependencies all met for dep_context=requeueable deps ti=<TaskInstance: chess_etl.games_etl scheduled__2019-11-01T00:00:00+00:00 [queued]>
[2024-06-03T17:45:10.869+0000] {taskinstance.py:2306} INFO - Starting attempt 1 of 1
[2024-06-03T17:45:10.878+0000] {taskinstance.py:2330} INFO - Executing <Task(PythonOperator): games_etl> on 2019-11-01 00:00:00+00:00
[2024-06-03T17:45:10.883+0000] {warnings.py:110} WARNING - /home/***/.local/lib/python3.12/site-packages/***/task/task_runner/standard_task_runner.py:61: DeprecationWarning: This process (pid=171) is multi-threaded, use of fork() may lead to deadlocks in the child.
  pid = os.fork()

[2024-06-03T17:45:10.884+0000] {standard_task_runner.py:63} INFO - Started process 173 to run task
[2024-06-03T17:45:10.885+0000] {standard_task_runner.py:90} INFO - Running: ['***', 'tasks', 'run', 'chess_etl', 'games_etl', 'scheduled__2019-11-01T00:00:00+00:00', '--job-id', '84', '--raw', '--subdir', 'DAGS_FOLDER/chess_dag.py', '--cfg-path', '/tmp/tmputyn7ng7']
[2024-06-03T17:45:10.886+0000] {standard_task_runner.py:91} INFO - Job 84: Subtask games_etl
[2024-06-03T17:45:10.920+0000] {task_command.py:426} INFO - Running <TaskInstance: chess_etl.games_etl scheduled__2019-11-01T00:00:00+00:00 [running]> on host f55fff24b127
[2024-06-03T17:45:10.980+0000] {taskinstance.py:2648} INFO - Exporting env vars: AIRFLOW_CTX_DAG_OWNER='***' AIRFLOW_CTX_DAG_ID='chess_etl' AIRFLOW_CTX_TASK_ID='games_etl' AIRFLOW_CTX_EXECUTION_DATE='2019-11-01T00:00:00+00:00' AIRFLOW_CTX_TRY_NUMBER='1' AIRFLOW_CTX_DAG_RUN_ID='scheduled__2019-11-01T00:00:00+00:00'
[2024-06-03T17:45:10.982+0000] {taskinstance.py:430} INFO - ::endgroup::
[2024-06-03T17:45:10.983+0000] {warnings.py:110} WARNING - /home/***/.local/lib/python3.12/site-packages/***/utils/context.py:320: AirflowContextDeprecationWarning: Accessing 'execution_date' from the template is deprecated and will be removed in a future version. Please use 'data_interval_start' or 'logical_date' instead.
  warnings.warn(_create_deprecation_warning(k, replacements))

[2024-06-03T17:45:11.235+0000] {python.py:237} INFO - Done. Returned value was: None
[2024-06-03T17:45:11.236+0000] {taskinstance.py:441} INFO - ::group::Post task execution logs
[2024-06-03T17:45:11.242+0000] {taskinstance.py:1206} INFO - Marking task as SUCCESS. dag_id=chess_etl, task_id=games_etl, run_id=scheduled__2019-11-01T00:00:00+00:00, execution_date=20191101T000000, start_date=20240603T174510, end_date=20240603T174511
[2024-06-03T17:45:11.258+0000] {local_task_job_runner.py:240} INFO - Task exited with return code 0
[2024-06-03T17:45:11.272+0000] {taskinstance.py:3498} INFO - 1 downstream tasks scheduled from follow-on schedule check
[2024-06-03T17:45:11.273+0000] {local_task_job_runner.py:222} INFO - ::endgroup::
[2024-06-08T14:10:38.929+0000] {local_task_job_runner.py:120} INFO - ::group::Pre task execution logs
[2024-06-08T14:10:38.943+0000] {taskinstance.py:2076} INFO - Dependencies all met for dep_context=non-requeueable deps ti=<TaskInstance: chess_etl.games_etl scheduled__2019-11-01T00:00:00+00:00 [queued]>
[2024-06-08T14:10:38.949+0000] {taskinstance.py:2076} INFO - Dependencies all met for dep_context=requeueable deps ti=<TaskInstance: chess_etl.games_etl scheduled__2019-11-01T00:00:00+00:00 [queued]>
[2024-06-08T14:10:38.950+0000] {taskinstance.py:2306} INFO - Starting attempt 1 of 1
[2024-06-08T14:10:38.962+0000] {taskinstance.py:2330} INFO - Executing <Task(PythonOperator): games_etl> on 2019-11-01 00:00:00+00:00
[2024-06-08T14:10:38.968+0000] {warnings.py:110} WARNING - /home/***/.local/lib/python3.12/site-packages/***/task/task_runner/standard_task_runner.py:61: DeprecationWarning: This process (pid=180) is multi-threaded, use of fork() may lead to deadlocks in the child.
  pid = os.fork()

[2024-06-08T14:10:38.969+0000] {standard_task_runner.py:63} INFO - Started process 182 to run task
[2024-06-08T14:10:38.970+0000] {standard_task_runner.py:90} INFO - Running: ['***', 'tasks', 'run', 'chess_etl', 'games_etl', 'scheduled__2019-11-01T00:00:00+00:00', '--job-id', '224', '--raw', '--subdir', 'DAGS_FOLDER/chess_dag.py', '--cfg-path', '/tmp/tmprhqub2j8']
[2024-06-08T14:10:38.971+0000] {standard_task_runner.py:91} INFO - Job 224: Subtask games_etl
[2024-06-08T14:10:39.003+0000] {task_command.py:426} INFO - Running <TaskInstance: chess_etl.games_etl scheduled__2019-11-01T00:00:00+00:00 [running]> on host 3c9d89bfdaf1
[2024-06-08T14:10:39.059+0000] {taskinstance.py:2648} INFO - Exporting env vars: AIRFLOW_CTX_DAG_OWNER='***' AIRFLOW_CTX_DAG_ID='chess_etl' AIRFLOW_CTX_TASK_ID='games_etl' AIRFLOW_CTX_EXECUTION_DATE='2019-11-01T00:00:00+00:00' AIRFLOW_CTX_TRY_NUMBER='1' AIRFLOW_CTX_DAG_RUN_ID='scheduled__2019-11-01T00:00:00+00:00'
[2024-06-08T14:10:39.060+0000] {taskinstance.py:430} INFO - ::endgroup::
[2024-06-08T14:10:39.061+0000] {warnings.py:110} WARNING - /home/***/.local/lib/python3.12/site-packages/***/utils/context.py:320: AirflowContextDeprecationWarning: Accessing 'execution_date' from the template is deprecated and will be removed in a future version. Please use 'data_interval_start' or 'logical_date' instead.
  warnings.warn(_create_deprecation_warning(k, replacements))

[2024-06-08T14:10:39.568+0000] {python.py:237} INFO - Done. Returned value was: None
[2024-06-08T14:10:39.569+0000] {taskinstance.py:441} INFO - ::group::Post task execution logs
[2024-06-08T14:10:39.577+0000] {taskinstance.py:1206} INFO - Marking task as SUCCESS. dag_id=chess_etl, task_id=games_etl, run_id=scheduled__2019-11-01T00:00:00+00:00, execution_date=20191101T000000, start_date=20240608T141038, end_date=20240608T141039
[2024-06-08T14:10:39.624+0000] {local_task_job_runner.py:240} INFO - Task exited with return code 0
[2024-06-08T14:10:39.640+0000] {taskinstance.py:3498} INFO - 1 downstream tasks scheduled from follow-on schedule check
[2024-06-08T14:10:39.641+0000] {local_task_job_runner.py:222} INFO - ::endgroup::
[2024-06-08T14:52:06.386+0000] {local_task_job_runner.py:120} INFO - ::group::Pre task execution logs
[2024-06-08T14:52:06.400+0000] {taskinstance.py:2076} INFO - Dependencies all met for dep_context=non-requeueable deps ti=<TaskInstance: chess_etl.games_etl scheduled__2019-11-01T00:00:00+00:00 [queued]>
[2024-06-08T14:52:06.407+0000] {taskinstance.py:2076} INFO - Dependencies all met for dep_context=requeueable deps ti=<TaskInstance: chess_etl.games_etl scheduled__2019-11-01T00:00:00+00:00 [queued]>
[2024-06-08T14:52:06.407+0000] {taskinstance.py:2306} INFO - Starting attempt 1 of 1
[2024-06-08T14:52:06.417+0000] {taskinstance.py:2330} INFO - Executing <Task(PythonOperator): games_etl> on 2019-11-01 00:00:00+00:00
[2024-06-08T14:52:06.424+0000] {warnings.py:110} WARNING - /home/***/.local/lib/python3.12/site-packages/***/task/task_runner/standard_task_runner.py:61: DeprecationWarning: This process (pid=297) is multi-threaded, use of fork() may lead to deadlocks in the child.
  pid = os.fork()

[2024-06-08T14:52:06.425+0000] {standard_task_runner.py:63} INFO - Started process 299 to run task
[2024-06-08T14:52:06.425+0000] {standard_task_runner.py:90} INFO - Running: ['***', 'tasks', 'run', 'chess_etl', 'games_etl', 'scheduled__2019-11-01T00:00:00+00:00', '--job-id', '260', '--raw', '--subdir', 'DAGS_FOLDER/chess_dag.py', '--cfg-path', '/tmp/tmpom2a2u8y']
[2024-06-08T14:52:06.426+0000] {standard_task_runner.py:91} INFO - Job 260: Subtask games_etl
[2024-06-08T14:52:06.457+0000] {task_command.py:426} INFO - Running <TaskInstance: chess_etl.games_etl scheduled__2019-11-01T00:00:00+00:00 [running]> on host bf0ade909435
[2024-06-08T14:52:06.517+0000] {taskinstance.py:2648} INFO - Exporting env vars: AIRFLOW_CTX_DAG_OWNER='***' AIRFLOW_CTX_DAG_ID='chess_etl' AIRFLOW_CTX_TASK_ID='games_etl' AIRFLOW_CTX_EXECUTION_DATE='2019-11-01T00:00:00+00:00' AIRFLOW_CTX_TRY_NUMBER='1' AIRFLOW_CTX_DAG_RUN_ID='scheduled__2019-11-01T00:00:00+00:00'
[2024-06-08T14:52:06.519+0000] {taskinstance.py:430} INFO - ::endgroup::
[2024-06-08T14:52:06.520+0000] {warnings.py:110} WARNING - /home/***/.local/lib/python3.12/site-packages/***/utils/context.py:320: AirflowContextDeprecationWarning: Accessing 'execution_date' from the template is deprecated and will be removed in a future version. Please use 'data_interval_start' or 'logical_date' instead.
  warnings.warn(_create_deprecation_warning(k, replacements))

[2024-06-08T14:52:06.776+0000] {python.py:237} INFO - Done. Returned value was: None
[2024-06-08T14:52:06.777+0000] {taskinstance.py:441} INFO - ::group::Post task execution logs
[2024-06-08T14:52:06.784+0000] {taskinstance.py:1206} INFO - Marking task as SUCCESS. dag_id=chess_etl, task_id=games_etl, run_id=scheduled__2019-11-01T00:00:00+00:00, execution_date=20191101T000000, start_date=20240608T145206, end_date=20240608T145206
[2024-06-08T14:52:06.799+0000] {local_task_job_runner.py:240} INFO - Task exited with return code 0
[2024-06-08T14:52:06.812+0000] {taskinstance.py:3498} INFO - 1 downstream tasks scheduled from follow-on schedule check
[2024-06-08T14:52:06.814+0000] {local_task_job_runner.py:222} INFO - ::endgroup::
[2024-07-07T21:20:36.104+0000] {local_task_job_runner.py:120} INFO - ::group::Pre task execution logs
[2024-07-07T21:20:36.118+0000] {taskinstance.py:2076} INFO - Dependencies all met for dep_context=non-requeueable deps ti=<TaskInstance: chess_etl.games_etl scheduled__2019-11-01T00:00:00+00:00 [queued]>
[2024-07-07T21:20:36.123+0000] {taskinstance.py:2076} INFO - Dependencies all met for dep_context=requeueable deps ti=<TaskInstance: chess_etl.games_etl scheduled__2019-11-01T00:00:00+00:00 [queued]>
[2024-07-07T21:20:36.123+0000] {taskinstance.py:2306} INFO - Starting attempt 1 of 1
[2024-07-07T21:20:36.132+0000] {taskinstance.py:2330} INFO - Executing <Task(PythonOperator): games_etl> on 2019-11-01 00:00:00+00:00
[2024-07-07T21:20:36.137+0000] {warnings.py:110} WARNING - /home/***/.local/lib/python3.12/site-packages/***/task/task_runner/standard_task_runner.py:61: DeprecationWarning: This process (pid=1358) is multi-threaded, use of fork() may lead to deadlocks in the child.
  pid = os.fork()

[2024-07-07T21:20:36.139+0000] {standard_task_runner.py:63} INFO - Started process 1362 to run task
[2024-07-07T21:20:36.139+0000] {standard_task_runner.py:90} INFO - Running: ['***', 'tasks', 'run', 'chess_etl', 'games_etl', 'scheduled__2019-11-01T00:00:00+00:00', '--job-id', '596', '--raw', '--subdir', 'DAGS_FOLDER/chess_dag.py', '--cfg-path', '/tmp/tmp4e74cn05']
[2024-07-07T21:20:36.140+0000] {standard_task_runner.py:91} INFO - Job 596: Subtask games_etl
[2024-07-07T21:20:36.172+0000] {task_command.py:426} INFO - Running <TaskInstance: chess_etl.games_etl scheduled__2019-11-01T00:00:00+00:00 [running]> on host 6569f5155f0c
[2024-07-07T21:20:36.231+0000] {taskinstance.py:2648} INFO - Exporting env vars: AIRFLOW_CTX_DAG_OWNER='***' AIRFLOW_CTX_DAG_ID='chess_etl' AIRFLOW_CTX_TASK_ID='games_etl' AIRFLOW_CTX_EXECUTION_DATE='2019-11-01T00:00:00+00:00' AIRFLOW_CTX_TRY_NUMBER='1' AIRFLOW_CTX_DAG_RUN_ID='scheduled__2019-11-01T00:00:00+00:00'
[2024-07-07T21:20:36.232+0000] {taskinstance.py:430} INFO - ::endgroup::
[2024-07-07T21:20:36.233+0000] {warnings.py:110} WARNING - /home/***/.local/lib/python3.12/site-packages/***/utils/context.py:320: AirflowContextDeprecationWarning: Accessing 'execution_date' from the template is deprecated and will be removed in a future version. Please use 'data_interval_start' or 'logical_date' instead.
  warnings.warn(_create_deprecation_warning(k, replacements))

[2024-07-07T21:20:36.687+0000] {python.py:237} INFO - Done. Returned value was: None
[2024-07-07T21:20:36.687+0000] {taskinstance.py:441} INFO - ::group::Post task execution logs
[2024-07-07T21:20:36.693+0000] {taskinstance.py:1206} INFO - Marking task as SUCCESS. dag_id=chess_etl, task_id=games_etl, run_id=scheduled__2019-11-01T00:00:00+00:00, execution_date=20191101T000000, start_date=20240707T212036, end_date=20240707T212036
[2024-07-07T21:20:36.713+0000] {local_task_job_runner.py:240} INFO - Task exited with return code 0
[2024-07-07T21:20:36.729+0000] {taskinstance.py:3498} INFO - 1 downstream tasks scheduled from follow-on schedule check
[2024-07-07T21:20:36.730+0000] {local_task_job_runner.py:222} INFO - ::endgroup::
