[2024-07-08T02:10:14.372+0000] {local_task_job_runner.py:120} INFO - ::group::Pre task execution logs
[2024-07-08T02:10:14.387+0000] {taskinstance.py:2076} INFO - Dependencies all met for dep_context=non-requeueable deps ti=<TaskInstance: chess_etl.redshift_move_load scheduled__2022-02-01T00:00:00+00:00 [queued]>
[2024-07-08T02:10:14.393+0000] {taskinstance.py:2076} INFO - Dependencies all met for dep_context=requeueable deps ti=<TaskInstance: chess_etl.redshift_move_load scheduled__2022-02-01T00:00:00+00:00 [queued]>
[2024-07-08T02:10:14.394+0000] {taskinstance.py:2306} INFO - Starting attempt 1 of 1
[2024-07-08T02:10:14.402+0000] {taskinstance.py:2330} INFO - Executing <Task(PythonOperator): redshift_move_load> on 2022-02-01 00:00:00+00:00
[2024-07-08T02:10:14.409+0000] {warnings.py:110} WARNING - /home/***/.local/lib/python3.12/site-packages/***/task/task_runner/standard_task_runner.py:61: DeprecationWarning: This process (pid=34136) is multi-threaded, use of fork() may lead to deadlocks in the child.
  pid = os.fork()

[2024-07-08T02:10:14.411+0000] {standard_task_runner.py:63} INFO - Started process 34138 to run task
[2024-07-08T02:10:14.411+0000] {standard_task_runner.py:90} INFO - Running: ['***', 'tasks', 'run', 'chess_etl', 'redshift_move_load', 'scheduled__2022-02-01T00:00:00+00:00', '--job-id', '715', '--raw', '--subdir', 'DAGS_FOLDER/chess_dag.py', '--cfg-path', '/tmp/tmpfltvv5rg']
[2024-07-08T02:10:14.412+0000] {standard_task_runner.py:91} INFO - Job 715: Subtask redshift_move_load
[2024-07-08T02:10:14.450+0000] {task_command.py:426} INFO - Running <TaskInstance: chess_etl.redshift_move_load scheduled__2022-02-01T00:00:00+00:00 [running]> on host 6569f5155f0c
[2024-07-08T02:10:14.516+0000] {taskinstance.py:2648} INFO - Exporting env vars: AIRFLOW_CTX_DAG_OWNER='***' AIRFLOW_CTX_DAG_ID='chess_etl' AIRFLOW_CTX_TASK_ID='redshift_move_load' AIRFLOW_CTX_EXECUTION_DATE='2022-02-01T00:00:00+00:00' AIRFLOW_CTX_TRY_NUMBER='1' AIRFLOW_CTX_DAG_RUN_ID='scheduled__2022-02-01T00:00:00+00:00'
[2024-07-08T02:10:14.517+0000] {taskinstance.py:430} INFO - ::endgroup::
[2024-07-08T02:10:14.518+0000] {warnings.py:110} WARNING - /home/***/.local/lib/python3.12/site-packages/***/utils/context.py:320: AirflowContextDeprecationWarning: Accessing 'execution_date' from the template is deprecated and will be removed in a future version. Please use 'data_interval_start' or 'logical_date' instead.
  warnings.warn(_create_deprecation_warning(k, replacements))

[2024-07-08T02:10:14.523+0000] {base.py:84} INFO - Using connection ID 'chess_project_s3' for task execution.
[2024-07-08T02:10:15.290+0000] {base.py:84} INFO - Using connection ID 'chess_project_redshift' for task execution.
[2024-07-08T02:10:17.099+0000] {python.py:237} INFO - Done. Returned value was: None
[2024-07-08T02:10:17.100+0000] {taskinstance.py:441} INFO - ::group::Post task execution logs
[2024-07-08T02:10:17.106+0000] {taskinstance.py:1206} INFO - Marking task as SUCCESS. dag_id=chess_etl, task_id=redshift_move_load, run_id=scheduled__2022-02-01T00:00:00+00:00, execution_date=20220201T000000, start_date=20240708T021014, end_date=20240708T021017
[2024-07-08T02:10:17.151+0000] {local_task_job_runner.py:240} INFO - Task exited with return code 0
[2024-07-08T02:10:17.158+0000] {local_task_job_runner.py:222} INFO - ::endgroup::
