[2024-06-03T23:36:05.386+0000] {local_task_job_runner.py:120} INFO - ::group::Pre task execution logs
[2024-06-03T23:36:05.400+0000] {taskinstance.py:2076} INFO - Dependencies all met for dep_context=non-requeueable deps ti=<TaskInstance: chess_etl.games_etl scheduled__2022-08-01T00:00:00+00:00 [queued]>
[2024-06-03T23:36:05.406+0000] {taskinstance.py:2076} INFO - Dependencies all met for dep_context=requeueable deps ti=<TaskInstance: chess_etl.games_etl scheduled__2022-08-01T00:00:00+00:00 [queued]>
[2024-06-03T23:36:05.406+0000] {taskinstance.py:2306} INFO - Starting attempt 1 of 1
[2024-06-03T23:36:05.415+0000] {taskinstance.py:2330} INFO - Executing <Task(PythonOperator): games_etl> on 2022-08-01 00:00:00+00:00
[2024-06-03T23:36:05.422+0000] {warnings.py:110} WARNING - /home/***/.local/lib/python3.12/site-packages/***/task/task_runner/standard_task_runner.py:61: DeprecationWarning: This process (pid=38383) is multi-threaded, use of fork() may lead to deadlocks in the child.
  pid = os.fork()

[2024-06-03T23:36:05.423+0000] {standard_task_runner.py:63} INFO - Started process 38385 to run task
[2024-06-03T23:36:05.423+0000] {standard_task_runner.py:90} INFO - Running: ['***', 'tasks', 'run', 'chess_etl', 'games_etl', 'scheduled__2022-08-01T00:00:00+00:00', '--job-id', '150', '--raw', '--subdir', 'DAGS_FOLDER/chess_dag.py', '--cfg-path', '/tmp/tmplg31ibke']
[2024-06-03T23:36:05.424+0000] {standard_task_runner.py:91} INFO - Job 150: Subtask games_etl
[2024-06-03T23:36:05.466+0000] {task_command.py:426} INFO - Running <TaskInstance: chess_etl.games_etl scheduled__2022-08-01T00:00:00+00:00 [running]> on host f55fff24b127
[2024-06-03T23:36:05.530+0000] {taskinstance.py:2648} INFO - Exporting env vars: AIRFLOW_CTX_DAG_OWNER='***' AIRFLOW_CTX_DAG_ID='chess_etl' AIRFLOW_CTX_TASK_ID='games_etl' AIRFLOW_CTX_EXECUTION_DATE='2022-08-01T00:00:00+00:00' AIRFLOW_CTX_TRY_NUMBER='1' AIRFLOW_CTX_DAG_RUN_ID='scheduled__2022-08-01T00:00:00+00:00'
[2024-06-03T23:36:05.531+0000] {taskinstance.py:430} INFO - ::endgroup::
[2024-06-03T23:36:05.532+0000] {warnings.py:110} WARNING - /home/***/.local/lib/python3.12/site-packages/***/utils/context.py:320: AirflowContextDeprecationWarning: Accessing 'execution_date' from the template is deprecated and will be removed in a future version. Please use 'data_interval_start' or 'logical_date' instead.
  warnings.warn(_create_deprecation_warning(k, replacements))

[2024-06-03T23:36:06.176+0000] {base.py:84} INFO - Using connection ID 'chess_project_s3' for task execution.
[2024-06-03T23:36:06.871+0000] {python.py:237} INFO - Done. Returned value was: None
[2024-06-03T23:36:06.871+0000] {taskinstance.py:441} INFO - ::group::Post task execution logs
[2024-06-03T23:36:06.879+0000] {taskinstance.py:1206} INFO - Marking task as SUCCESS. dag_id=chess_etl, task_id=games_etl, run_id=scheduled__2022-08-01T00:00:00+00:00, execution_date=20220801T000000, start_date=20240603T233605, end_date=20240603T233606
[2024-06-03T23:36:06.921+0000] {local_task_job_runner.py:240} INFO - Task exited with return code 0
[2024-06-03T23:36:06.935+0000] {taskinstance.py:3498} INFO - 1 downstream tasks scheduled from follow-on schedule check
[2024-06-03T23:36:06.936+0000] {local_task_job_runner.py:222} INFO - ::endgroup::
[2024-06-08T21:10:31.671+0000] {local_task_job_runner.py:120} INFO - ::group::Pre task execution logs
[2024-06-08T21:10:31.692+0000] {taskinstance.py:2076} INFO - Dependencies all met for dep_context=non-requeueable deps ti=<TaskInstance: chess_etl.games_etl scheduled__2022-08-01T00:00:00+00:00 [queued]>
[2024-06-08T21:10:31.700+0000] {taskinstance.py:2076} INFO - Dependencies all met for dep_context=requeueable deps ti=<TaskInstance: chess_etl.games_etl scheduled__2022-08-01T00:00:00+00:00 [queued]>
[2024-06-08T21:10:31.701+0000] {taskinstance.py:2306} INFO - Starting attempt 1 of 1
[2024-06-08T21:10:31.716+0000] {taskinstance.py:2330} INFO - Executing <Task(PythonOperator): games_etl> on 2022-08-01 00:00:00+00:00
[2024-06-08T21:10:31.727+0000] {standard_task_runner.py:90} INFO - Running: ['***', 'tasks', 'run', 'chess_etl', 'games_etl', 'scheduled__2022-08-01T00:00:00+00:00', '--job-id', '326', '--raw', '--subdir', 'DAGS_FOLDER/chess_dag.py', '--cfg-path', '/tmp/tmpqs3zyqjv']
[2024-06-08T21:10:31.726+0000] {warnings.py:110} WARNING - /home/***/.local/lib/python3.12/site-packages/***/task/task_runner/standard_task_runner.py:61: DeprecationWarning: This process (pid=38775) is multi-threaded, use of fork() may lead to deadlocks in the child.
  pid = os.fork()

[2024-06-08T21:10:31.729+0000] {standard_task_runner.py:91} INFO - Job 326: Subtask games_etl
[2024-06-08T21:10:31.729+0000] {standard_task_runner.py:63} INFO - Started process 38777 to run task
[2024-06-08T21:10:31.781+0000] {task_command.py:426} INFO - Running <TaskInstance: chess_etl.games_etl scheduled__2022-08-01T00:00:00+00:00 [running]> on host bf0ade909435
[2024-06-08T21:10:31.874+0000] {taskinstance.py:2648} INFO - Exporting env vars: AIRFLOW_CTX_DAG_OWNER='***' AIRFLOW_CTX_DAG_ID='chess_etl' AIRFLOW_CTX_TASK_ID='games_etl' AIRFLOW_CTX_EXECUTION_DATE='2022-08-01T00:00:00+00:00' AIRFLOW_CTX_TRY_NUMBER='1' AIRFLOW_CTX_DAG_RUN_ID='scheduled__2022-08-01T00:00:00+00:00'
[2024-06-08T21:10:31.876+0000] {taskinstance.py:430} INFO - ::endgroup::
[2024-06-08T21:10:31.877+0000] {warnings.py:110} WARNING - /home/***/.local/lib/python3.12/site-packages/***/utils/context.py:320: AirflowContextDeprecationWarning: Accessing 'execution_date' from the template is deprecated and will be removed in a future version. Please use 'data_interval_start' or 'logical_date' instead.
  warnings.warn(_create_deprecation_warning(k, replacements))

[2024-06-08T21:10:32.516+0000] {base.py:84} INFO - Using connection ID 'chess_project_s3' for task execution.
[2024-06-08T21:10:33.237+0000] {python.py:237} INFO - Done. Returned value was: None
[2024-06-08T21:10:33.238+0000] {taskinstance.py:441} INFO - ::group::Post task execution logs
[2024-06-08T21:10:33.248+0000] {taskinstance.py:1206} INFO - Marking task as SUCCESS. dag_id=chess_etl, task_id=games_etl, run_id=scheduled__2022-08-01T00:00:00+00:00, execution_date=20220801T000000, start_date=20240608T211031, end_date=20240608T211033
[2024-06-08T21:10:33.308+0000] {local_task_job_runner.py:240} INFO - Task exited with return code 0
[2024-06-08T21:10:33.326+0000] {taskinstance.py:3498} INFO - 1 downstream tasks scheduled from follow-on schedule check
[2024-06-08T21:10:33.328+0000] {local_task_job_runner.py:222} INFO - ::endgroup::
[2024-07-08T02:57:15.295+0000] {local_task_job_runner.py:120} INFO - ::group::Pre task execution logs
[2024-07-08T02:57:15.308+0000] {taskinstance.py:2076} INFO - Dependencies all met for dep_context=non-requeueable deps ti=<TaskInstance: chess_etl.games_etl scheduled__2022-08-01T00:00:00+00:00 [queued]>
[2024-07-08T02:57:15.314+0000] {taskinstance.py:2076} INFO - Dependencies all met for dep_context=requeueable deps ti=<TaskInstance: chess_etl.games_etl scheduled__2022-08-01T00:00:00+00:00 [queued]>
[2024-07-08T02:57:15.315+0000] {taskinstance.py:2306} INFO - Starting attempt 1 of 1
[2024-07-08T02:57:15.323+0000] {taskinstance.py:2330} INFO - Executing <Task(PythonOperator): games_etl> on 2022-08-01 00:00:00+00:00
[2024-07-08T02:57:15.330+0000] {warnings.py:110} WARNING - /home/***/.local/lib/python3.12/site-packages/***/task/task_runner/standard_task_runner.py:61: DeprecationWarning: This process (pid=39687) is multi-threaded, use of fork() may lead to deadlocks in the child.
  pid = os.fork()

[2024-07-08T02:57:15.332+0000] {standard_task_runner.py:63} INFO - Started process 39689 to run task
[2024-07-08T02:57:15.332+0000] {standard_task_runner.py:90} INFO - Running: ['***', 'tasks', 'run', 'chess_etl', 'games_etl', 'scheduled__2022-08-01T00:00:00+00:00', '--job-id', '728', '--raw', '--subdir', 'DAGS_FOLDER/chess_dag.py', '--cfg-path', '/tmp/tmph394ri3a']
[2024-07-08T02:57:15.333+0000] {standard_task_runner.py:91} INFO - Job 728: Subtask games_etl
[2024-07-08T02:57:15.368+0000] {task_command.py:426} INFO - Running <TaskInstance: chess_etl.games_etl scheduled__2022-08-01T00:00:00+00:00 [running]> on host 6569f5155f0c
[2024-07-08T02:57:15.424+0000] {taskinstance.py:2648} INFO - Exporting env vars: AIRFLOW_CTX_DAG_OWNER='***' AIRFLOW_CTX_DAG_ID='chess_etl' AIRFLOW_CTX_TASK_ID='games_etl' AIRFLOW_CTX_EXECUTION_DATE='2022-08-01T00:00:00+00:00' AIRFLOW_CTX_TRY_NUMBER='1' AIRFLOW_CTX_DAG_RUN_ID='scheduled__2022-08-01T00:00:00+00:00'
[2024-07-08T02:57:15.425+0000] {taskinstance.py:430} INFO - ::endgroup::
[2024-07-08T02:57:15.426+0000] {warnings.py:110} WARNING - /home/***/.local/lib/python3.12/site-packages/***/utils/context.py:320: AirflowContextDeprecationWarning: Accessing 'execution_date' from the template is deprecated and will be removed in a future version. Please use 'data_interval_start' or 'logical_date' instead.
  warnings.warn(_create_deprecation_warning(k, replacements))

[2024-07-08T02:57:16.009+0000] {base.py:84} INFO - Using connection ID 'chess_project_s3' for task execution.
[2024-07-08T02:57:16.688+0000] {python.py:237} INFO - Done. Returned value was: None
[2024-07-08T02:57:16.688+0000] {taskinstance.py:441} INFO - ::group::Post task execution logs
[2024-07-08T02:57:16.695+0000] {taskinstance.py:1206} INFO - Marking task as SUCCESS. dag_id=chess_etl, task_id=games_etl, run_id=scheduled__2022-08-01T00:00:00+00:00, execution_date=20220801T000000, start_date=20240708T025715, end_date=20240708T025716
[2024-07-08T02:57:16.749+0000] {local_task_job_runner.py:240} INFO - Task exited with return code 0
[2024-07-08T02:57:16.768+0000] {taskinstance.py:3498} INFO - 1 downstream tasks scheduled from follow-on schedule check
[2024-07-08T02:57:16.769+0000] {local_task_job_runner.py:222} INFO - ::endgroup::
