[2024-07-07T18:37:46.308+0000] {local_task_job_runner.py:120} INFO - ::group::Pre task execution logs
[2024-07-07T18:37:46.320+0000] {taskinstance.py:2076} INFO - Dependencies all met for dep_context=non-requeueable deps ti=<TaskInstance: chess_etl.redshift_game_load scheduled__2022-11-01T00:00:00+00:00 [queued]>
[2024-07-07T18:37:46.325+0000] {taskinstance.py:2076} INFO - Dependencies all met for dep_context=requeueable deps ti=<TaskInstance: chess_etl.redshift_game_load scheduled__2022-11-01T00:00:00+00:00 [queued]>
[2024-07-07T18:37:46.326+0000] {taskinstance.py:2306} INFO - Starting attempt 1 of 1
[2024-07-07T18:37:46.334+0000] {taskinstance.py:2330} INFO - Executing <Task(PythonOperator): redshift_game_load> on 2022-11-01 00:00:00+00:00
[2024-07-07T18:37:46.338+0000] {warnings.py:110} WARNING - /home/***/.local/lib/python3.12/site-packages/***/task/task_runner/standard_task_runner.py:61: DeprecationWarning: This process (pid=1529) is multi-threaded, use of fork() may lead to deadlocks in the child.
  pid = os.fork()

[2024-07-07T18:37:46.340+0000] {standard_task_runner.py:63} INFO - Started process 1533 to run task
[2024-07-07T18:37:46.340+0000] {standard_task_runner.py:90} INFO - Running: ['***', 'tasks', 'run', 'chess_etl', 'redshift_game_load', 'scheduled__2022-11-01T00:00:00+00:00', '--job-id', '459', '--pool', 'default_pool', '--raw', '--subdir', 'DAGS_FOLDER/chess_dag.py', '--cfg-path', '/tmp/tmpww37z6zf']
[2024-07-07T18:37:46.341+0000] {standard_task_runner.py:91} INFO - Job 459: Subtask redshift_game_load
[2024-07-07T18:37:46.374+0000] {task_command.py:426} INFO - Running <TaskInstance: chess_etl.redshift_game_load scheduled__2022-11-01T00:00:00+00:00 [running]> on host cb919e35e0e9
[2024-07-07T18:37:46.431+0000] {taskinstance.py:2648} INFO - Exporting env vars: AIRFLOW_CTX_DAG_OWNER='***' AIRFLOW_CTX_DAG_ID='chess_etl' AIRFLOW_CTX_TASK_ID='redshift_game_load' AIRFLOW_CTX_EXECUTION_DATE='2022-11-01T00:00:00+00:00' AIRFLOW_CTX_TRY_NUMBER='1' AIRFLOW_CTX_DAG_RUN_ID='scheduled__2022-11-01T00:00:00+00:00'
[2024-07-07T18:37:46.432+0000] {taskinstance.py:430} INFO - ::endgroup::
[2024-07-07T18:37:46.433+0000] {warnings.py:110} WARNING - /home/***/.local/lib/python3.12/site-packages/***/utils/context.py:320: AirflowContextDeprecationWarning: Accessing 'execution_date' from the template is deprecated and will be removed in a future version. Please use 'data_interval_start' or 'logical_date' instead.
  warnings.warn(_create_deprecation_warning(k, replacements))

[2024-07-07T18:37:46.439+0000] {base.py:84} INFO - Using connection ID 'chess_project_s3' for task execution.
[2024-07-07T18:37:47.299+0000] {base.py:84} INFO - Using connection ID 'chess_project_redshift' for task execution.
[2024-07-07T18:37:49.306+0000] {python.py:237} INFO - Done. Returned value was: None
[2024-07-07T18:37:49.307+0000] {taskinstance.py:441} INFO - ::group::Post task execution logs
[2024-07-07T18:37:49.313+0000] {taskinstance.py:1206} INFO - Marking task as SUCCESS. dag_id=chess_etl, task_id=redshift_game_load, run_id=scheduled__2022-11-01T00:00:00+00:00, execution_date=20221101T000000, start_date=20240707T183746, end_date=20240707T183749
[2024-07-07T18:37:49.362+0000] {local_task_job_runner.py:240} INFO - Task exited with return code 0
[2024-07-07T18:37:49.373+0000] {taskinstance.py:3498} INFO - 0 downstream tasks scheduled from follow-on schedule check
[2024-07-07T18:37:49.374+0000] {local_task_job_runner.py:222} INFO - ::endgroup::
[2024-07-08T03:35:22.239+0000] {local_task_job_runner.py:120} INFO - ::group::Pre task execution logs
[2024-07-08T03:35:22.251+0000] {taskinstance.py:2076} INFO - Dependencies all met for dep_context=non-requeueable deps ti=<TaskInstance: chess_etl.redshift_game_load scheduled__2022-11-01T00:00:00+00:00 [queued]>
[2024-07-08T03:35:22.256+0000] {taskinstance.py:2076} INFO - Dependencies all met for dep_context=requeueable deps ti=<TaskInstance: chess_etl.redshift_game_load scheduled__2022-11-01T00:00:00+00:00 [queued]>
[2024-07-08T03:35:22.256+0000] {taskinstance.py:2306} INFO - Starting attempt 1 of 1
[2024-07-08T03:35:22.264+0000] {taskinstance.py:2330} INFO - Executing <Task(PythonOperator): redshift_game_load> on 2022-11-01 00:00:00+00:00
[2024-07-08T03:35:22.270+0000] {warnings.py:110} WARNING - /home/***/.local/lib/python3.12/site-packages/***/task/task_runner/standard_task_runner.py:61: DeprecationWarning: This process (pid=44163) is multi-threaded, use of fork() may lead to deadlocks in the child.
  pid = os.fork()

[2024-07-08T03:35:22.272+0000] {standard_task_runner.py:63} INFO - Started process 44165 to run task
[2024-07-08T03:35:22.272+0000] {standard_task_runner.py:90} INFO - Running: ['***', 'tasks', 'run', 'chess_etl', 'redshift_game_load', 'scheduled__2022-11-01T00:00:00+00:00', '--job-id', '745', '--raw', '--subdir', 'DAGS_FOLDER/chess_dag.py', '--cfg-path', '/tmp/tmpl4kjsiia']
[2024-07-08T03:35:22.273+0000] {standard_task_runner.py:91} INFO - Job 745: Subtask redshift_game_load
[2024-07-08T03:35:22.304+0000] {task_command.py:426} INFO - Running <TaskInstance: chess_etl.redshift_game_load scheduled__2022-11-01T00:00:00+00:00 [running]> on host 6569f5155f0c
[2024-07-08T03:35:22.358+0000] {taskinstance.py:2648} INFO - Exporting env vars: AIRFLOW_CTX_DAG_OWNER='***' AIRFLOW_CTX_DAG_ID='chess_etl' AIRFLOW_CTX_TASK_ID='redshift_game_load' AIRFLOW_CTX_EXECUTION_DATE='2022-11-01T00:00:00+00:00' AIRFLOW_CTX_TRY_NUMBER='1' AIRFLOW_CTX_DAG_RUN_ID='scheduled__2022-11-01T00:00:00+00:00'
[2024-07-08T03:35:22.359+0000] {taskinstance.py:430} INFO - ::endgroup::
[2024-07-08T03:35:22.360+0000] {warnings.py:110} WARNING - /home/***/.local/lib/python3.12/site-packages/***/utils/context.py:320: AirflowContextDeprecationWarning: Accessing 'execution_date' from the template is deprecated and will be removed in a future version. Please use 'data_interval_start' or 'logical_date' instead.
  warnings.warn(_create_deprecation_warning(k, replacements))

[2024-07-08T03:35:22.366+0000] {base.py:84} INFO - Using connection ID 'chess_project_s3' for task execution.
[2024-07-08T03:35:23.181+0000] {base.py:84} INFO - Using connection ID 'chess_project_redshift' for task execution.
[2024-07-08T03:35:24.891+0000] {python.py:237} INFO - Done. Returned value was: None
[2024-07-08T03:35:24.891+0000] {taskinstance.py:441} INFO - ::group::Post task execution logs
[2024-07-08T03:35:24.898+0000] {taskinstance.py:1206} INFO - Marking task as SUCCESS. dag_id=chess_etl, task_id=redshift_game_load, run_id=scheduled__2022-11-01T00:00:00+00:00, execution_date=20221101T000000, start_date=20240708T033522, end_date=20240708T033524
[2024-07-08T03:35:24.931+0000] {local_task_job_runner.py:240} INFO - Task exited with return code 0
[2024-07-08T03:35:24.947+0000] {taskinstance.py:3498} INFO - 1 downstream tasks scheduled from follow-on schedule check
[2024-07-08T03:35:24.948+0000] {local_task_job_runner.py:222} INFO - ::endgroup::
