[2024-06-04T00:14:40.248+0000] {local_task_job_runner.py:120} INFO - ::group::Pre task execution logs
[2024-06-04T00:14:40.263+0000] {taskinstance.py:2076} INFO - Dependencies all met for dep_context=non-requeueable deps ti=<TaskInstance: chess_etl.blunders_etl scheduled__2022-12-01T00:00:00+00:00 [queued]>
[2024-06-04T00:14:40.269+0000] {taskinstance.py:2076} INFO - Dependencies all met for dep_context=requeueable deps ti=<TaskInstance: chess_etl.blunders_etl scheduled__2022-12-01T00:00:00+00:00 [queued]>
[2024-06-04T00:14:40.270+0000] {taskinstance.py:2306} INFO - Starting attempt 1 of 1
[2024-06-04T00:14:40.279+0000] {taskinstance.py:2330} INFO - Executing <Task(PythonOperator): blunders_etl> on 2022-12-01 00:00:00+00:00
[2024-06-04T00:14:40.286+0000] {warnings.py:110} WARNING - /home/***/.local/lib/python3.12/site-packages/***/task/task_runner/standard_task_runner.py:61: DeprecationWarning: This process (pid=42774) is multi-threaded, use of fork() may lead to deadlocks in the child.
  pid = os.fork()

[2024-06-04T00:14:40.288+0000] {standard_task_runner.py:63} INFO - Started process 42776 to run task
[2024-06-04T00:14:40.288+0000] {standard_task_runner.py:90} INFO - Running: ['***', 'tasks', 'run', 'chess_etl', 'blunders_etl', 'scheduled__2022-12-01T00:00:00+00:00', '--job-id', '159', '--raw', '--subdir', 'DAGS_FOLDER/chess_dag.py', '--cfg-path', '/tmp/tmpp4w9n_4j']
[2024-06-04T00:14:40.289+0000] {standard_task_runner.py:91} INFO - Job 159: Subtask blunders_etl
[2024-06-04T00:14:40.323+0000] {task_command.py:426} INFO - Running <TaskInstance: chess_etl.blunders_etl scheduled__2022-12-01T00:00:00+00:00 [running]> on host f55fff24b127
[2024-06-04T00:14:40.402+0000] {taskinstance.py:2648} INFO - Exporting env vars: AIRFLOW_CTX_DAG_OWNER='***' AIRFLOW_CTX_DAG_ID='chess_etl' AIRFLOW_CTX_TASK_ID='blunders_etl' AIRFLOW_CTX_EXECUTION_DATE='2022-12-01T00:00:00+00:00' AIRFLOW_CTX_TRY_NUMBER='1' AIRFLOW_CTX_DAG_RUN_ID='scheduled__2022-12-01T00:00:00+00:00'
[2024-06-04T00:14:40.404+0000] {taskinstance.py:430} INFO - ::endgroup::
[2024-06-04T00:14:40.405+0000] {warnings.py:110} WARNING - /home/***/.local/lib/python3.12/site-packages/***/utils/context.py:320: AirflowContextDeprecationWarning: Accessing 'execution_date' from the template is deprecated and will be removed in a future version. Please use 'data_interval_start' or 'logical_date' instead.
  warnings.warn(_create_deprecation_warning(k, replacements))

[2024-06-04T00:14:40.412+0000] {base.py:84} INFO - Using connection ID 'chess_project_s3' for task execution.
[2024-06-04T00:26:15.267+0000] {python.py:237} INFO - Done. Returned value was: None
[2024-06-04T00:26:15.268+0000] {taskinstance.py:441} INFO - ::group::Post task execution logs
[2024-06-04T00:26:15.276+0000] {taskinstance.py:1206} INFO - Marking task as SUCCESS. dag_id=chess_etl, task_id=blunders_etl, run_id=scheduled__2022-12-01T00:00:00+00:00, execution_date=20221201T000000, start_date=20240604T001440, end_date=20240604T002615
[2024-06-04T00:26:15.297+0000] {local_task_job_runner.py:240} INFO - Task exited with return code 0
[2024-06-04T00:26:15.309+0000] {taskinstance.py:3498} INFO - 0 downstream tasks scheduled from follow-on schedule check
[2024-06-04T00:26:15.311+0000] {local_task_job_runner.py:222} INFO - ::endgroup::
[2024-06-08T21:57:16.687+0000] {local_task_job_runner.py:120} INFO - ::group::Pre task execution logs
[2024-06-08T21:57:16.711+0000] {taskinstance.py:2076} INFO - Dependencies all met for dep_context=non-requeueable deps ti=<TaskInstance: chess_etl.blunders_etl scheduled__2022-12-01T00:00:00+00:00 [queued]>
[2024-06-08T21:57:16.720+0000] {taskinstance.py:2076} INFO - Dependencies all met for dep_context=requeueable deps ti=<TaskInstance: chess_etl.blunders_etl scheduled__2022-12-01T00:00:00+00:00 [queued]>
[2024-06-08T21:57:16.721+0000] {taskinstance.py:2306} INFO - Starting attempt 1 of 1
[2024-06-08T21:57:16.735+0000] {taskinstance.py:2330} INFO - Executing <Task(PythonOperator): blunders_etl> on 2022-12-01 00:00:00+00:00
[2024-06-08T21:57:16.745+0000] {warnings.py:110} WARNING - /home/***/.local/lib/python3.12/site-packages/***/task/task_runner/standard_task_runner.py:61: DeprecationWarning: This process (pid=43337) is multi-threaded, use of fork() may lead to deadlocks in the child.
  pid = os.fork()

[2024-06-08T21:57:16.747+0000] {standard_task_runner.py:63} INFO - Started process 43339 to run task
[2024-06-08T21:57:16.748+0000] {standard_task_runner.py:90} INFO - Running: ['***', 'tasks', 'run', 'chess_etl', 'blunders_etl', 'scheduled__2022-12-01T00:00:00+00:00', '--job-id', '335', '--raw', '--subdir', 'DAGS_FOLDER/chess_dag.py', '--cfg-path', '/tmp/tmp0wfwakoj']
[2024-06-08T21:57:16.749+0000] {standard_task_runner.py:91} INFO - Job 335: Subtask blunders_etl
[2024-06-08T21:57:16.794+0000] {task_command.py:426} INFO - Running <TaskInstance: chess_etl.blunders_etl scheduled__2022-12-01T00:00:00+00:00 [running]> on host bf0ade909435
[2024-06-08T21:57:16.881+0000] {taskinstance.py:2648} INFO - Exporting env vars: AIRFLOW_CTX_DAG_OWNER='***' AIRFLOW_CTX_DAG_ID='chess_etl' AIRFLOW_CTX_TASK_ID='blunders_etl' AIRFLOW_CTX_EXECUTION_DATE='2022-12-01T00:00:00+00:00' AIRFLOW_CTX_TRY_NUMBER='1' AIRFLOW_CTX_DAG_RUN_ID='scheduled__2022-12-01T00:00:00+00:00'
[2024-06-08T21:57:16.882+0000] {taskinstance.py:430} INFO - ::endgroup::
[2024-06-08T21:57:16.883+0000] {warnings.py:110} WARNING - /home/***/.local/lib/python3.12/site-packages/***/utils/context.py:320: AirflowContextDeprecationWarning: Accessing 'execution_date' from the template is deprecated and will be removed in a future version. Please use 'data_interval_start' or 'logical_date' instead.
  warnings.warn(_create_deprecation_warning(k, replacements))

[2024-06-08T21:57:16.890+0000] {base.py:84} INFO - Using connection ID 'chess_project_s3' for task execution.
[2024-06-08T22:11:10.943+0000] {python.py:237} INFO - Done. Returned value was: None
[2024-06-08T22:11:10.944+0000] {taskinstance.py:441} INFO - ::group::Post task execution logs
[2024-06-08T22:11:10.956+0000] {taskinstance.py:1206} INFO - Marking task as SUCCESS. dag_id=chess_etl, task_id=blunders_etl, run_id=scheduled__2022-12-01T00:00:00+00:00, execution_date=20221201T000000, start_date=20240608T215716, end_date=20240608T221110
[2024-06-08T22:11:11.011+0000] {local_task_job_runner.py:240} INFO - Task exited with return code 0
[2024-06-08T22:11:11.028+0000] {taskinstance.py:3498} INFO - 0 downstream tasks scheduled from follow-on schedule check
[2024-06-08T22:11:11.030+0000] {local_task_job_runner.py:222} INFO - ::endgroup::
[2024-07-08T03:35:23.306+0000] {local_task_job_runner.py:120} INFO - ::group::Pre task execution logs
[2024-07-08T03:35:23.319+0000] {taskinstance.py:2076} INFO - Dependencies all met for dep_context=non-requeueable deps ti=<TaskInstance: chess_etl.blunders_etl scheduled__2022-12-01T00:00:00+00:00 [queued]>
[2024-07-08T03:35:23.324+0000] {taskinstance.py:2076} INFO - Dependencies all met for dep_context=requeueable deps ti=<TaskInstance: chess_etl.blunders_etl scheduled__2022-12-01T00:00:00+00:00 [queued]>
[2024-07-08T03:35:23.324+0000] {taskinstance.py:2306} INFO - Starting attempt 1 of 1
[2024-07-08T03:35:23.333+0000] {taskinstance.py:2330} INFO - Executing <Task(PythonOperator): blunders_etl> on 2022-12-01 00:00:00+00:00
[2024-07-08T03:35:23.340+0000] {warnings.py:110} WARNING - /home/***/.local/lib/python3.12/site-packages/***/task/task_runner/standard_task_runner.py:61: DeprecationWarning: This process (pid=44167) is multi-threaded, use of fork() may lead to deadlocks in the child.
  pid = os.fork()

[2024-07-08T03:35:23.342+0000] {standard_task_runner.py:63} INFO - Started process 44170 to run task
[2024-07-08T03:35:23.342+0000] {standard_task_runner.py:90} INFO - Running: ['***', 'tasks', 'run', 'chess_etl', 'blunders_etl', 'scheduled__2022-12-01T00:00:00+00:00', '--job-id', '746', '--raw', '--subdir', 'DAGS_FOLDER/chess_dag.py', '--cfg-path', '/tmp/tmp_vpbbifr']
[2024-07-08T03:35:23.343+0000] {standard_task_runner.py:91} INFO - Job 746: Subtask blunders_etl
[2024-07-08T03:35:23.371+0000] {task_command.py:426} INFO - Running <TaskInstance: chess_etl.blunders_etl scheduled__2022-12-01T00:00:00+00:00 [running]> on host 6569f5155f0c
[2024-07-08T03:35:23.430+0000] {taskinstance.py:2648} INFO - Exporting env vars: AIRFLOW_CTX_DAG_OWNER='***' AIRFLOW_CTX_DAG_ID='chess_etl' AIRFLOW_CTX_TASK_ID='blunders_etl' AIRFLOW_CTX_EXECUTION_DATE='2022-12-01T00:00:00+00:00' AIRFLOW_CTX_TRY_NUMBER='1' AIRFLOW_CTX_DAG_RUN_ID='scheduled__2022-12-01T00:00:00+00:00'
[2024-07-08T03:35:23.431+0000] {taskinstance.py:430} INFO - ::endgroup::
[2024-07-08T03:35:23.432+0000] {warnings.py:110} WARNING - /home/***/.local/lib/python3.12/site-packages/***/utils/context.py:320: AirflowContextDeprecationWarning: Accessing 'execution_date' from the template is deprecated and will be removed in a future version. Please use 'data_interval_start' or 'logical_date' instead.
  warnings.warn(_create_deprecation_warning(k, replacements))

[2024-07-08T03:35:23.437+0000] {base.py:84} INFO - Using connection ID 'chess_project_s3' for task execution.
[2024-07-08T03:46:54.225+0000] {python.py:237} INFO - Done. Returned value was: None
[2024-07-08T03:46:54.226+0000] {taskinstance.py:441} INFO - ::group::Post task execution logs
[2024-07-08T03:46:54.235+0000] {taskinstance.py:1206} INFO - Marking task as SUCCESS. dag_id=chess_etl, task_id=blunders_etl, run_id=scheduled__2022-12-01T00:00:00+00:00, execution_date=20221201T000000, start_date=20240708T033523, end_date=20240708T034654
[2024-07-08T03:46:54.290+0000] {local_task_job_runner.py:240} INFO - Task exited with return code 0
[2024-07-08T03:46:54.307+0000] {taskinstance.py:3498} INFO - 1 downstream tasks scheduled from follow-on schedule check
[2024-07-08T03:46:54.308+0000] {local_task_job_runner.py:222} INFO - ::endgroup::
