[2024-06-03T17:39:24.743+0000] {local_task_job_runner.py:120} INFO - ::group::Pre task execution logs
[2024-06-03T17:39:24.759+0000] {taskinstance.py:2076} INFO - Dependencies all met for dep_context=non-requeueable deps ti=<TaskInstance: chess_etl.games_etl scheduled__2021-11-01T00:00:00+00:00 [queued]>
[2024-06-03T17:39:24.764+0000] {taskinstance.py:2076} INFO - Dependencies all met for dep_context=requeueable deps ti=<TaskInstance: chess_etl.games_etl scheduled__2021-11-01T00:00:00+00:00 [queued]>
[2024-06-03T17:39:24.764+0000] {taskinstance.py:2306} INFO - Starting attempt 1 of 1
[2024-06-03T17:39:24.773+0000] {taskinstance.py:2330} INFO - Executing <Task(PythonOperator): games_etl> on 2021-11-01 00:00:00+00:00
[2024-06-03T17:39:24.778+0000] {warnings.py:110} WARNING - /home/***/.local/lib/python3.12/site-packages/***/task/task_runner/standard_task_runner.py:61: DeprecationWarning: This process (pid=231) is multi-threaded, use of fork() may lead to deadlocks in the child.
  pid = os.fork()

[2024-06-03T17:39:24.779+0000] {standard_task_runner.py:63} INFO - Started process 235 to run task
[2024-06-03T17:39:24.779+0000] {standard_task_runner.py:90} INFO - Running: ['***', 'tasks', 'run', 'chess_etl', 'games_etl', 'scheduled__2021-11-01T00:00:00+00:00', '--job-id', '58', '--raw', '--subdir', 'DAGS_FOLDER/chess_dag.py', '--cfg-path', '/tmp/tmpnjp2qltr']
[2024-06-03T17:39:24.780+0000] {standard_task_runner.py:91} INFO - Job 58: Subtask games_etl
[2024-06-03T17:39:24.811+0000] {task_command.py:426} INFO - Running <TaskInstance: chess_etl.games_etl scheduled__2021-11-01T00:00:00+00:00 [running]> on host a5a4421409ea
[2024-06-03T17:39:24.874+0000] {taskinstance.py:2648} INFO - Exporting env vars: AIRFLOW_CTX_DAG_OWNER='***' AIRFLOW_CTX_DAG_ID='chess_etl' AIRFLOW_CTX_TASK_ID='games_etl' AIRFLOW_CTX_EXECUTION_DATE='2021-11-01T00:00:00+00:00' AIRFLOW_CTX_TRY_NUMBER='1' AIRFLOW_CTX_DAG_RUN_ID='scheduled__2021-11-01T00:00:00+00:00'
[2024-06-03T17:39:24.875+0000] {taskinstance.py:430} INFO - ::endgroup::
[2024-06-03T17:39:24.876+0000] {warnings.py:110} WARNING - /home/***/.local/lib/python3.12/site-packages/***/utils/context.py:320: AirflowContextDeprecationWarning: Accessing 'execution_date' from the template is deprecated and will be removed in a future version. Please use 'data_interval_start' or 'logical_date' instead.
  warnings.warn(_create_deprecation_warning(k, replacements))

[2024-06-03T17:39:25.259+0000] {taskinstance.py:441} INFO - ::group::Post task execution logs
[2024-06-03T17:39:25.265+0000] {taskinstance.py:2905} ERROR - Task failed with exception
Traceback (most recent call last):
  File "/home/airflow/.local/lib/python3.12/site-packages/airflow/models/taskinstance.py", line 465, in _execute_task
    result = _execute_callable(context=context, **execute_callable_kwargs)
             ^^^^^^^^^^^^^^^^^^^^^^^^^^^^^^^^^^^^^^^^^^^^^^^^^^^^^^^^^^^^^
  File "/home/airflow/.local/lib/python3.12/site-packages/airflow/models/taskinstance.py", line 432, in _execute_callable
    return execute_callable(context=context, **execute_callable_kwargs)
           ^^^^^^^^^^^^^^^^^^^^^^^^^^^^^^^^^^^^^^^^^^^^^^^^^^^^^^^^^^^^
  File "/home/airflow/.local/lib/python3.12/site-packages/airflow/models/baseoperator.py", line 400, in wrapper
    return func(self, *args, **kwargs)
           ^^^^^^^^^^^^^^^^^^^^^^^^^^^
  File "/home/airflow/.local/lib/python3.12/site-packages/airflow/operators/python.py", line 235, in execute
    return_value = self.execute_callable()
                   ^^^^^^^^^^^^^^^^^^^^^^^
  File "/home/airflow/.local/lib/python3.12/site-packages/airflow/operators/python.py", line 252, in execute_callable
    return self.python_callable(*self.op_args, **self.op_kwargs)
           ^^^^^^^^^^^^^^^^^^^^^^^^^^^^^^^^^^^^^^^^^^^^^^^^^^^^^
  File "/opt/airflow/dags/chess_dag.py", line 19, in games_etl_task
    return get_monthly_games(execution_date)
           ^^^^^^^^^^^^^^^^^^^^^^^^^^^^^^^^^
  File "/opt/airflow/dags/chess_etl_code.py", line 60, in get_monthly_games
    connection = BaseHook.get_connection('chess_project_s3')
                 ^^^^^^^^^^^^^^^^^^^^^^^^^^^^^^^^^^^^^^^^^^^
  File "/home/airflow/.local/lib/python3.12/site-packages/airflow/hooks/base.py", line 83, in get_connection
    conn = Connection.get_connection_from_secrets(conn_id)
           ^^^^^^^^^^^^^^^^^^^^^^^^^^^^^^^^^^^^^^^^^^^^^^^
  File "/home/airflow/.local/lib/python3.12/site-packages/airflow/models/connection.py", line 519, in get_connection_from_secrets
    raise AirflowNotFoundException(f"The conn_id `{conn_id}` isn't defined")
airflow.exceptions.AirflowNotFoundException: The conn_id `chess_project_s3` isn't defined
[2024-06-03T17:39:25.271+0000] {taskinstance.py:1206} INFO - Marking task as FAILED. dag_id=chess_etl, task_id=games_etl, run_id=scheduled__2021-11-01T00:00:00+00:00, execution_date=20211101T000000, start_date=20240603T173924, end_date=20240603T173925
[2024-06-03T17:39:25.278+0000] {standard_task_runner.py:110} ERROR - Failed to execute job 58 for task games_etl (The conn_id `chess_project_s3` isn't defined; 235)
[2024-06-03T17:39:25.314+0000] {local_task_job_runner.py:240} INFO - Task exited with return code 1
[2024-06-03T17:39:25.332+0000] {taskinstance.py:3498} INFO - 0 downstream tasks scheduled from follow-on schedule check
[2024-06-03T17:39:25.336+0000] {local_task_job_runner.py:222} INFO - ::endgroup::
[2024-06-03T22:20:59.515+0000] {local_task_job_runner.py:120} INFO - ::group::Pre task execution logs
[2024-06-03T22:20:59.531+0000] {taskinstance.py:2076} INFO - Dependencies all met for dep_context=non-requeueable deps ti=<TaskInstance: chess_etl.games_etl scheduled__2021-11-01T00:00:00+00:00 [queued]>
[2024-06-03T22:20:59.537+0000] {taskinstance.py:2076} INFO - Dependencies all met for dep_context=requeueable deps ti=<TaskInstance: chess_etl.games_etl scheduled__2021-11-01T00:00:00+00:00 [queued]>
[2024-06-03T22:20:59.538+0000] {taskinstance.py:2306} INFO - Starting attempt 1 of 1
[2024-06-03T22:20:59.549+0000] {taskinstance.py:2330} INFO - Executing <Task(PythonOperator): games_etl> on 2021-11-01 00:00:00+00:00
[2024-06-03T22:20:59.557+0000] {warnings.py:110} WARNING - /home/***/.local/lib/python3.12/site-packages/***/task/task_runner/standard_task_runner.py:61: DeprecationWarning: This process (pid=29935) is multi-threaded, use of fork() may lead to deadlocks in the child.
  pid = os.fork()

[2024-06-03T22:20:59.559+0000] {standard_task_runner.py:63} INFO - Started process 29937 to run task
[2024-06-03T22:20:59.559+0000] {standard_task_runner.py:90} INFO - Running: ['***', 'tasks', 'run', 'chess_etl', 'games_etl', 'scheduled__2021-11-01T00:00:00+00:00', '--job-id', '132', '--raw', '--subdir', 'DAGS_FOLDER/chess_dag.py', '--cfg-path', '/tmp/tmpclqy8iyd']
[2024-06-03T22:20:59.560+0000] {standard_task_runner.py:91} INFO - Job 132: Subtask games_etl
[2024-06-03T22:20:59.603+0000] {task_command.py:426} INFO - Running <TaskInstance: chess_etl.games_etl scheduled__2021-11-01T00:00:00+00:00 [running]> on host f55fff24b127
[2024-06-03T22:20:59.680+0000] {taskinstance.py:2648} INFO - Exporting env vars: AIRFLOW_CTX_DAG_OWNER='***' AIRFLOW_CTX_DAG_ID='chess_etl' AIRFLOW_CTX_TASK_ID='games_etl' AIRFLOW_CTX_EXECUTION_DATE='2021-11-01T00:00:00+00:00' AIRFLOW_CTX_TRY_NUMBER='1' AIRFLOW_CTX_DAG_RUN_ID='scheduled__2021-11-01T00:00:00+00:00'
[2024-06-03T22:20:59.681+0000] {taskinstance.py:430} INFO - ::endgroup::
[2024-06-03T22:20:59.682+0000] {warnings.py:110} WARNING - /home/***/.local/lib/python3.12/site-packages/***/utils/context.py:320: AirflowContextDeprecationWarning: Accessing 'execution_date' from the template is deprecated and will be removed in a future version. Please use 'data_interval_start' or 'logical_date' instead.
  warnings.warn(_create_deprecation_warning(k, replacements))

[2024-06-03T22:21:00.263+0000] {base.py:84} INFO - Using connection ID 'chess_project_s3' for task execution.
[2024-06-03T22:21:00.900+0000] {python.py:237} INFO - Done. Returned value was: None
[2024-06-03T22:21:00.901+0000] {taskinstance.py:441} INFO - ::group::Post task execution logs
[2024-06-03T22:21:00.910+0000] {taskinstance.py:1206} INFO - Marking task as SUCCESS. dag_id=chess_etl, task_id=games_etl, run_id=scheduled__2021-11-01T00:00:00+00:00, execution_date=20211101T000000, start_date=20240603T222059, end_date=20240603T222100
[2024-06-03T22:21:00.936+0000] {local_task_job_runner.py:240} INFO - Task exited with return code 0
[2024-06-03T22:21:00.951+0000] {taskinstance.py:3498} INFO - 1 downstream tasks scheduled from follow-on schedule check
[2024-06-03T22:21:00.952+0000] {local_task_job_runner.py:222} INFO - ::endgroup::
[2024-06-08T19:46:48.835+0000] {local_task_job_runner.py:120} INFO - ::group::Pre task execution logs
[2024-06-08T19:46:48.850+0000] {taskinstance.py:2076} INFO - Dependencies all met for dep_context=non-requeueable deps ti=<TaskInstance: chess_etl.games_etl scheduled__2021-11-01T00:00:00+00:00 [queued]>
[2024-06-08T19:46:48.855+0000] {taskinstance.py:2076} INFO - Dependencies all met for dep_context=requeueable deps ti=<TaskInstance: chess_etl.games_etl scheduled__2021-11-01T00:00:00+00:00 [queued]>
[2024-06-08T19:46:48.855+0000] {taskinstance.py:2306} INFO - Starting attempt 1 of 1
[2024-06-08T19:46:48.865+0000] {taskinstance.py:2330} INFO - Executing <Task(PythonOperator): games_etl> on 2021-11-01 00:00:00+00:00
[2024-06-08T19:46:48.872+0000] {warnings.py:110} WARNING - /home/***/.local/lib/python3.12/site-packages/***/task/task_runner/standard_task_runner.py:61: DeprecationWarning: This process (pid=30372) is multi-threaded, use of fork() may lead to deadlocks in the child.
  pid = os.fork()

[2024-06-08T19:46:48.874+0000] {standard_task_runner.py:63} INFO - Started process 30374 to run task
[2024-06-08T19:46:48.874+0000] {standard_task_runner.py:90} INFO - Running: ['***', 'tasks', 'run', 'chess_etl', 'games_etl', 'scheduled__2021-11-01T00:00:00+00:00', '--job-id', '308', '--raw', '--subdir', 'DAGS_FOLDER/chess_dag.py', '--cfg-path', '/tmp/tmp75b3uprd']
[2024-06-08T19:46:48.875+0000] {standard_task_runner.py:91} INFO - Job 308: Subtask games_etl
[2024-06-08T19:46:48.907+0000] {task_command.py:426} INFO - Running <TaskInstance: chess_etl.games_etl scheduled__2021-11-01T00:00:00+00:00 [running]> on host bf0ade909435
[2024-06-08T19:46:48.970+0000] {taskinstance.py:2648} INFO - Exporting env vars: AIRFLOW_CTX_DAG_OWNER='***' AIRFLOW_CTX_DAG_ID='chess_etl' AIRFLOW_CTX_TASK_ID='games_etl' AIRFLOW_CTX_EXECUTION_DATE='2021-11-01T00:00:00+00:00' AIRFLOW_CTX_TRY_NUMBER='1' AIRFLOW_CTX_DAG_RUN_ID='scheduled__2021-11-01T00:00:00+00:00'
[2024-06-08T19:46:48.972+0000] {taskinstance.py:430} INFO - ::endgroup::
[2024-06-08T19:46:48.973+0000] {warnings.py:110} WARNING - /home/***/.local/lib/python3.12/site-packages/***/utils/context.py:320: AirflowContextDeprecationWarning: Accessing 'execution_date' from the template is deprecated and will be removed in a future version. Please use 'data_interval_start' or 'logical_date' instead.
  warnings.warn(_create_deprecation_warning(k, replacements))

[2024-06-08T19:46:49.345+0000] {base.py:84} INFO - Using connection ID 'chess_project_s3' for task execution.
[2024-06-08T19:46:49.891+0000] {python.py:237} INFO - Done. Returned value was: None
[2024-06-08T19:46:49.892+0000] {taskinstance.py:441} INFO - ::group::Post task execution logs
[2024-06-08T19:46:49.900+0000] {taskinstance.py:1206} INFO - Marking task as SUCCESS. dag_id=chess_etl, task_id=games_etl, run_id=scheduled__2021-11-01T00:00:00+00:00, execution_date=20211101T000000, start_date=20240608T194648, end_date=20240608T194649
[2024-06-08T19:46:49.930+0000] {local_task_job_runner.py:240} INFO - Task exited with return code 0
[2024-06-08T19:46:49.945+0000] {taskinstance.py:3498} INFO - 1 downstream tasks scheduled from follow-on schedule check
[2024-06-08T19:46:49.946+0000] {local_task_job_runner.py:222} INFO - ::endgroup::
[2024-07-08T01:45:06.283+0000] {local_task_job_runner.py:120} INFO - ::group::Pre task execution logs
[2024-07-08T01:45:06.298+0000] {taskinstance.py:2076} INFO - Dependencies all met for dep_context=non-requeueable deps ti=<TaskInstance: chess_etl.games_etl scheduled__2021-11-01T00:00:00+00:00 [queued]>
[2024-07-08T01:45:06.303+0000] {taskinstance.py:2076} INFO - Dependencies all met for dep_context=requeueable deps ti=<TaskInstance: chess_etl.games_etl scheduled__2021-11-01T00:00:00+00:00 [queued]>
[2024-07-08T01:45:06.304+0000] {taskinstance.py:2306} INFO - Starting attempt 1 of 1
[2024-07-08T01:45:06.314+0000] {taskinstance.py:2330} INFO - Executing <Task(PythonOperator): games_etl> on 2021-11-01 00:00:00+00:00
[2024-07-08T01:45:06.321+0000] {warnings.py:110} WARNING - /home/***/.local/lib/python3.12/site-packages/***/task/task_runner/standard_task_runner.py:61: DeprecationWarning: This process (pid=31241) is multi-threaded, use of fork() may lead to deadlocks in the child.
  pid = os.fork()

[2024-07-08T01:45:06.322+0000] {standard_task_runner.py:63} INFO - Started process 31243 to run task
[2024-07-08T01:45:06.323+0000] {standard_task_runner.py:90} INFO - Running: ['***', 'tasks', 'run', 'chess_etl', 'games_etl', 'scheduled__2021-11-01T00:00:00+00:00', '--job-id', '692', '--raw', '--subdir', 'DAGS_FOLDER/chess_dag.py', '--cfg-path', '/tmp/tmpvl09j0mb']
[2024-07-08T01:45:06.324+0000] {standard_task_runner.py:91} INFO - Job 692: Subtask games_etl
[2024-07-08T01:45:06.355+0000] {task_command.py:426} INFO - Running <TaskInstance: chess_etl.games_etl scheduled__2021-11-01T00:00:00+00:00 [running]> on host 6569f5155f0c
[2024-07-08T01:45:06.419+0000] {taskinstance.py:2648} INFO - Exporting env vars: AIRFLOW_CTX_DAG_OWNER='***' AIRFLOW_CTX_DAG_ID='chess_etl' AIRFLOW_CTX_TASK_ID='games_etl' AIRFLOW_CTX_EXECUTION_DATE='2021-11-01T00:00:00+00:00' AIRFLOW_CTX_TRY_NUMBER='1' AIRFLOW_CTX_DAG_RUN_ID='scheduled__2021-11-01T00:00:00+00:00'
[2024-07-08T01:45:06.420+0000] {taskinstance.py:430} INFO - ::endgroup::
[2024-07-08T01:45:06.421+0000] {warnings.py:110} WARNING - /home/***/.local/lib/python3.12/site-packages/***/utils/context.py:320: AirflowContextDeprecationWarning: Accessing 'execution_date' from the template is deprecated and will be removed in a future version. Please use 'data_interval_start' or 'logical_date' instead.
  warnings.warn(_create_deprecation_warning(k, replacements))

[2024-07-08T01:45:06.827+0000] {base.py:84} INFO - Using connection ID 'chess_project_s3' for task execution.
[2024-07-08T01:45:07.420+0000] {python.py:237} INFO - Done. Returned value was: None
[2024-07-08T01:45:07.421+0000] {taskinstance.py:441} INFO - ::group::Post task execution logs
[2024-07-08T01:45:07.428+0000] {taskinstance.py:1206} INFO - Marking task as SUCCESS. dag_id=chess_etl, task_id=games_etl, run_id=scheduled__2021-11-01T00:00:00+00:00, execution_date=20211101T000000, start_date=20240708T014506, end_date=20240708T014507
[2024-07-08T01:45:07.459+0000] {local_task_job_runner.py:240} INFO - Task exited with return code 0
[2024-07-08T01:45:07.476+0000] {taskinstance.py:3498} INFO - 1 downstream tasks scheduled from follow-on schedule check
[2024-07-08T01:45:07.478+0000] {local_task_job_runner.py:222} INFO - ::endgroup::
