[2024-06-03T17:38:58.536+0000] {local_task_job_runner.py:120} INFO - ::group::Pre task execution logs
[2024-06-03T17:38:58.552+0000] {taskinstance.py:2076} INFO - Dependencies all met for dep_context=non-requeueable deps ti=<TaskInstance: chess_etl.games_etl scheduled__2020-11-01T00:00:00+00:00 [queued]>
[2024-06-03T17:38:58.558+0000] {taskinstance.py:2076} INFO - Dependencies all met for dep_context=requeueable deps ti=<TaskInstance: chess_etl.games_etl scheduled__2020-11-01T00:00:00+00:00 [queued]>
[2024-06-03T17:38:58.559+0000] {taskinstance.py:2306} INFO - Starting attempt 1 of 1
[2024-06-03T17:38:58.568+0000] {taskinstance.py:2330} INFO - Executing <Task(PythonOperator): games_etl> on 2020-11-01 00:00:00+00:00
[2024-06-03T17:38:58.574+0000] {warnings.py:110} WARNING - /home/***/.local/lib/python3.12/site-packages/***/task/task_runner/standard_task_runner.py:61: DeprecationWarning: This process (pid=180) is multi-threaded, use of fork() may lead to deadlocks in the child.
  pid = os.fork()

[2024-06-03T17:38:58.575+0000] {standard_task_runner.py:63} INFO - Started process 184 to run task
[2024-06-03T17:38:58.575+0000] {standard_task_runner.py:90} INFO - Running: ['***', 'tasks', 'run', 'chess_etl', 'games_etl', 'scheduled__2020-11-01T00:00:00+00:00', '--job-id', '43', '--raw', '--subdir', 'DAGS_FOLDER/chess_dag.py', '--cfg-path', '/tmp/tmpa_2mt4jy']
[2024-06-03T17:38:58.575+0000] {standard_task_runner.py:91} INFO - Job 43: Subtask games_etl
[2024-06-03T17:38:58.607+0000] {task_command.py:426} INFO - Running <TaskInstance: chess_etl.games_etl scheduled__2020-11-01T00:00:00+00:00 [running]> on host a5a4421409ea
[2024-06-03T17:38:58.666+0000] {taskinstance.py:2648} INFO - Exporting env vars: AIRFLOW_CTX_DAG_OWNER='***' AIRFLOW_CTX_DAG_ID='chess_etl' AIRFLOW_CTX_TASK_ID='games_etl' AIRFLOW_CTX_EXECUTION_DATE='2020-11-01T00:00:00+00:00' AIRFLOW_CTX_TRY_NUMBER='1' AIRFLOW_CTX_DAG_RUN_ID='scheduled__2020-11-01T00:00:00+00:00'
[2024-06-03T17:38:58.667+0000] {taskinstance.py:430} INFO - ::endgroup::
[2024-06-03T17:38:58.668+0000] {warnings.py:110} WARNING - /home/***/.local/lib/python3.12/site-packages/***/utils/context.py:320: AirflowContextDeprecationWarning: Accessing 'execution_date' from the template is deprecated and will be removed in a future version. Please use 'data_interval_start' or 'logical_date' instead.
  warnings.warn(_create_deprecation_warning(k, replacements))

[2024-06-03T17:38:59.164+0000] {taskinstance.py:441} INFO - ::group::Post task execution logs
[2024-06-03T17:38:59.170+0000] {taskinstance.py:2905} ERROR - Task failed with exception
Traceback (most recent call last):
  File "/home/airflow/.local/lib/python3.12/site-packages/airflow/models/taskinstance.py", line 465, in _execute_task
    result = _execute_callable(context=context, **execute_callable_kwargs)
             ^^^^^^^^^^^^^^^^^^^^^^^^^^^^^^^^^^^^^^^^^^^^^^^^^^^^^^^^^^^^^
  File "/home/airflow/.local/lib/python3.12/site-packages/airflow/models/taskinstance.py", line 432, in _execute_callable
    return execute_callable(context=context, **execute_callable_kwargs)
           ^^^^^^^^^^^^^^^^^^^^^^^^^^^^^^^^^^^^^^^^^^^^^^^^^^^^^^^^^^^^
  File "/home/airflow/.local/lib/python3.12/site-packages/airflow/models/baseoperator.py", line 400, in wrapper
    return func(self, *args, **kwargs)
           ^^^^^^^^^^^^^^^^^^^^^^^^^^^
  File "/home/airflow/.local/lib/python3.12/site-packages/airflow/operators/python.py", line 235, in execute
    return_value = self.execute_callable()
                   ^^^^^^^^^^^^^^^^^^^^^^^
  File "/home/airflow/.local/lib/python3.12/site-packages/airflow/operators/python.py", line 252, in execute_callable
    return self.python_callable(*self.op_args, **self.op_kwargs)
           ^^^^^^^^^^^^^^^^^^^^^^^^^^^^^^^^^^^^^^^^^^^^^^^^^^^^^
  File "/opt/airflow/dags/chess_dag.py", line 19, in games_etl_task
    return get_monthly_games(execution_date)
           ^^^^^^^^^^^^^^^^^^^^^^^^^^^^^^^^^
  File "/opt/airflow/dags/chess_etl_code.py", line 60, in get_monthly_games
    connection = BaseHook.get_connection('chess_project_s3')
                 ^^^^^^^^^^^^^^^^^^^^^^^^^^^^^^^^^^^^^^^^^^^
  File "/home/airflow/.local/lib/python3.12/site-packages/airflow/hooks/base.py", line 83, in get_connection
    conn = Connection.get_connection_from_secrets(conn_id)
           ^^^^^^^^^^^^^^^^^^^^^^^^^^^^^^^^^^^^^^^^^^^^^^^
  File "/home/airflow/.local/lib/python3.12/site-packages/airflow/models/connection.py", line 519, in get_connection_from_secrets
    raise AirflowNotFoundException(f"The conn_id `{conn_id}` isn't defined")
airflow.exceptions.AirflowNotFoundException: The conn_id `chess_project_s3` isn't defined
[2024-06-03T17:38:59.177+0000] {taskinstance.py:1206} INFO - Marking task as FAILED. dag_id=chess_etl, task_id=games_etl, run_id=scheduled__2020-11-01T00:00:00+00:00, execution_date=20201101T000000, start_date=20240603T173858, end_date=20240603T173859
[2024-06-03T17:38:59.185+0000] {standard_task_runner.py:110} ERROR - Failed to execute job 43 for task games_etl (The conn_id `chess_project_s3` isn't defined; 184)
[2024-06-03T17:38:59.230+0000] {local_task_job_runner.py:240} INFO - Task exited with return code 1
[2024-06-03T17:38:59.244+0000] {taskinstance.py:3498} INFO - 0 downstream tasks scheduled from follow-on schedule check
[2024-06-03T17:38:59.247+0000] {local_task_job_runner.py:222} INFO - ::endgroup::
[2024-06-03T20:39:52.138+0000] {local_task_job_runner.py:120} INFO - ::group::Pre task execution logs
[2024-06-03T20:39:52.155+0000] {taskinstance.py:2076} INFO - Dependencies all met for dep_context=non-requeueable deps ti=<TaskInstance: chess_etl.games_etl scheduled__2020-11-01T00:00:00+00:00 [queued]>
[2024-06-03T20:39:52.161+0000] {taskinstance.py:2076} INFO - Dependencies all met for dep_context=requeueable deps ti=<TaskInstance: chess_etl.games_etl scheduled__2020-11-01T00:00:00+00:00 [queued]>
[2024-06-03T20:39:52.161+0000] {taskinstance.py:2306} INFO - Starting attempt 1 of 1
[2024-06-03T20:39:52.171+0000] {taskinstance.py:2330} INFO - Executing <Task(PythonOperator): games_etl> on 2020-11-01 00:00:00+00:00
[2024-06-03T20:39:52.177+0000] {warnings.py:110} WARNING - /home/***/.local/lib/python3.12/site-packages/***/task/task_runner/standard_task_runner.py:61: DeprecationWarning: This process (pid=18448) is multi-threaded, use of fork() may lead to deadlocks in the child.
  pid = os.fork()

[2024-06-03T20:39:52.178+0000] {standard_task_runner.py:63} INFO - Started process 18450 to run task
[2024-06-03T20:39:52.179+0000] {standard_task_runner.py:90} INFO - Running: ['***', 'tasks', 'run', 'chess_etl', 'games_etl', 'scheduled__2020-11-01T00:00:00+00:00', '--job-id', '108', '--raw', '--subdir', 'DAGS_FOLDER/chess_dag.py', '--cfg-path', '/tmp/tmp9iqjjbf_']
[2024-06-03T20:39:52.180+0000] {standard_task_runner.py:91} INFO - Job 108: Subtask games_etl
[2024-06-03T20:39:52.214+0000] {task_command.py:426} INFO - Running <TaskInstance: chess_etl.games_etl scheduled__2020-11-01T00:00:00+00:00 [running]> on host f55fff24b127
[2024-06-03T20:39:52.288+0000] {taskinstance.py:2648} INFO - Exporting env vars: AIRFLOW_CTX_DAG_OWNER='***' AIRFLOW_CTX_DAG_ID='chess_etl' AIRFLOW_CTX_TASK_ID='games_etl' AIRFLOW_CTX_EXECUTION_DATE='2020-11-01T00:00:00+00:00' AIRFLOW_CTX_TRY_NUMBER='1' AIRFLOW_CTX_DAG_RUN_ID='scheduled__2020-11-01T00:00:00+00:00'
[2024-06-03T20:39:52.290+0000] {taskinstance.py:430} INFO - ::endgroup::
[2024-06-03T20:39:52.291+0000] {warnings.py:110} WARNING - /home/***/.local/lib/python3.12/site-packages/***/utils/context.py:320: AirflowContextDeprecationWarning: Accessing 'execution_date' from the template is deprecated and will be removed in a future version. Please use 'data_interval_start' or 'logical_date' instead.
  warnings.warn(_create_deprecation_warning(k, replacements))

[2024-06-03T20:39:52.891+0000] {base.py:84} INFO - Using connection ID 'chess_project_s3' for task execution.
[2024-06-03T20:39:53.881+0000] {python.py:237} INFO - Done. Returned value was: None
[2024-06-03T20:39:53.882+0000] {taskinstance.py:441} INFO - ::group::Post task execution logs
[2024-06-03T20:39:53.889+0000] {taskinstance.py:1206} INFO - Marking task as SUCCESS. dag_id=chess_etl, task_id=games_etl, run_id=scheduled__2020-11-01T00:00:00+00:00, execution_date=20201101T000000, start_date=20240603T203952, end_date=20240603T203953
[2024-06-03T20:39:53.917+0000] {local_task_job_runner.py:240} INFO - Task exited with return code 0
[2024-06-03T20:39:53.931+0000] {taskinstance.py:3498} INFO - 1 downstream tasks scheduled from follow-on schedule check
[2024-06-03T20:39:53.932+0000] {local_task_job_runner.py:222} INFO - ::endgroup::
[2024-06-08T18:07:53.813+0000] {local_task_job_runner.py:120} INFO - ::group::Pre task execution logs
[2024-06-08T18:07:53.831+0000] {taskinstance.py:2076} INFO - Dependencies all met for dep_context=non-requeueable deps ti=<TaskInstance: chess_etl.games_etl scheduled__2020-11-01T00:00:00+00:00 [queued]>
[2024-06-08T18:07:53.839+0000] {taskinstance.py:2076} INFO - Dependencies all met for dep_context=requeueable deps ti=<TaskInstance: chess_etl.games_etl scheduled__2020-11-01T00:00:00+00:00 [queued]>
[2024-06-08T18:07:53.840+0000] {taskinstance.py:2306} INFO - Starting attempt 1 of 1
[2024-06-08T18:07:53.853+0000] {taskinstance.py:2330} INFO - Executing <Task(PythonOperator): games_etl> on 2020-11-01 00:00:00+00:00
[2024-06-08T18:07:53.862+0000] {warnings.py:110} WARNING - /home/***/.local/lib/python3.12/site-packages/***/task/task_runner/standard_task_runner.py:61: DeprecationWarning: This process (pid=19702) is multi-threaded, use of fork() may lead to deadlocks in the child.
  pid = os.fork()

[2024-06-08T18:07:53.863+0000] {standard_task_runner.py:63} INFO - Started process 19704 to run task
[2024-06-08T18:07:53.863+0000] {standard_task_runner.py:90} INFO - Running: ['***', 'tasks', 'run', 'chess_etl', 'games_etl', 'scheduled__2020-11-01T00:00:00+00:00', '--job-id', '284', '--raw', '--subdir', 'DAGS_FOLDER/chess_dag.py', '--cfg-path', '/tmp/tmpzxl7zua3']
[2024-06-08T18:07:53.865+0000] {standard_task_runner.py:91} INFO - Job 284: Subtask games_etl
[2024-06-08T18:07:53.913+0000] {task_command.py:426} INFO - Running <TaskInstance: chess_etl.games_etl scheduled__2020-11-01T00:00:00+00:00 [running]> on host bf0ade909435
[2024-06-08T18:07:53.998+0000] {taskinstance.py:2648} INFO - Exporting env vars: AIRFLOW_CTX_DAG_OWNER='***' AIRFLOW_CTX_DAG_ID='chess_etl' AIRFLOW_CTX_TASK_ID='games_etl' AIRFLOW_CTX_EXECUTION_DATE='2020-11-01T00:00:00+00:00' AIRFLOW_CTX_TRY_NUMBER='1' AIRFLOW_CTX_DAG_RUN_ID='scheduled__2020-11-01T00:00:00+00:00'
[2024-06-08T18:07:54.000+0000] {taskinstance.py:430} INFO - ::endgroup::
[2024-06-08T18:07:54.001+0000] {warnings.py:110} WARNING - /home/***/.local/lib/python3.12/site-packages/***/utils/context.py:320: AirflowContextDeprecationWarning: Accessing 'execution_date' from the template is deprecated and will be removed in a future version. Please use 'data_interval_start' or 'logical_date' instead.
  warnings.warn(_create_deprecation_warning(k, replacements))

[2024-06-08T18:07:54.561+0000] {base.py:84} INFO - Using connection ID 'chess_project_s3' for task execution.
[2024-06-08T18:07:55.167+0000] {python.py:237} INFO - Done. Returned value was: None
[2024-06-08T18:07:55.168+0000] {taskinstance.py:441} INFO - ::group::Post task execution logs
[2024-06-08T18:07:55.177+0000] {taskinstance.py:1206} INFO - Marking task as SUCCESS. dag_id=chess_etl, task_id=games_etl, run_id=scheduled__2020-11-01T00:00:00+00:00, execution_date=20201101T000000, start_date=20240608T180753, end_date=20240608T180755
[2024-06-08T18:07:55.202+0000] {local_task_job_runner.py:240} INFO - Task exited with return code 0
[2024-06-08T18:07:55.222+0000] {taskinstance.py:3498} INFO - 1 downstream tasks scheduled from follow-on schedule check
[2024-06-08T18:07:55.224+0000] {local_task_job_runner.py:222} INFO - ::endgroup::
[2024-07-08T00:08:36.727+0000] {local_task_job_runner.py:120} INFO - ::group::Pre task execution logs
[2024-07-08T00:08:36.740+0000] {taskinstance.py:2076} INFO - Dependencies all met for dep_context=non-requeueable deps ti=<TaskInstance: chess_etl.games_etl scheduled__2020-11-01T00:00:00+00:00 [queued]>
[2024-07-08T00:08:36.745+0000] {taskinstance.py:2076} INFO - Dependencies all met for dep_context=requeueable deps ti=<TaskInstance: chess_etl.games_etl scheduled__2020-11-01T00:00:00+00:00 [queued]>
[2024-07-08T00:08:36.746+0000] {taskinstance.py:2306} INFO - Starting attempt 1 of 1
[2024-07-08T00:08:36.754+0000] {taskinstance.py:2330} INFO - Executing <Task(PythonOperator): games_etl> on 2020-11-01 00:00:00+00:00
[2024-07-08T00:08:36.761+0000] {warnings.py:110} WARNING - /home/***/.local/lib/python3.12/site-packages/***/task/task_runner/standard_task_runner.py:61: DeprecationWarning: This process (pid=19662) is multi-threaded, use of fork() may lead to deadlocks in the child.
  pid = os.fork()

[2024-07-08T00:08:36.763+0000] {standard_task_runner.py:63} INFO - Started process 19664 to run task
[2024-07-08T00:08:36.763+0000] {standard_task_runner.py:90} INFO - Running: ['***', 'tasks', 'run', 'chess_etl', 'games_etl', 'scheduled__2020-11-01T00:00:00+00:00', '--job-id', '644', '--raw', '--subdir', 'DAGS_FOLDER/chess_dag.py', '--cfg-path', '/tmp/tmph8xy557c']
[2024-07-08T00:08:36.764+0000] {standard_task_runner.py:91} INFO - Job 644: Subtask games_etl
[2024-07-08T00:08:36.804+0000] {task_command.py:426} INFO - Running <TaskInstance: chess_etl.games_etl scheduled__2020-11-01T00:00:00+00:00 [running]> on host 6569f5155f0c
[2024-07-08T00:08:36.869+0000] {taskinstance.py:2648} INFO - Exporting env vars: AIRFLOW_CTX_DAG_OWNER='***' AIRFLOW_CTX_DAG_ID='chess_etl' AIRFLOW_CTX_TASK_ID='games_etl' AIRFLOW_CTX_EXECUTION_DATE='2020-11-01T00:00:00+00:00' AIRFLOW_CTX_TRY_NUMBER='1' AIRFLOW_CTX_DAG_RUN_ID='scheduled__2020-11-01T00:00:00+00:00'
[2024-07-08T00:08:36.871+0000] {taskinstance.py:430} INFO - ::endgroup::
[2024-07-08T00:08:36.872+0000] {warnings.py:110} WARNING - /home/***/.local/lib/python3.12/site-packages/***/utils/context.py:320: AirflowContextDeprecationWarning: Accessing 'execution_date' from the template is deprecated and will be removed in a future version. Please use 'data_interval_start' or 'logical_date' instead.
  warnings.warn(_create_deprecation_warning(k, replacements))

[2024-07-08T00:08:37.477+0000] {base.py:84} INFO - Using connection ID 'chess_project_s3' for task execution.
[2024-07-08T00:08:38.121+0000] {python.py:237} INFO - Done. Returned value was: None
[2024-07-08T00:08:38.121+0000] {taskinstance.py:441} INFO - ::group::Post task execution logs
[2024-07-08T00:08:38.129+0000] {taskinstance.py:1206} INFO - Marking task as SUCCESS. dag_id=chess_etl, task_id=games_etl, run_id=scheduled__2020-11-01T00:00:00+00:00, execution_date=20201101T000000, start_date=20240708T000836, end_date=20240708T000838
[2024-07-08T00:08:38.180+0000] {local_task_job_runner.py:240} INFO - Task exited with return code 0
[2024-07-08T00:08:38.202+0000] {taskinstance.py:3498} INFO - 0 downstream tasks scheduled from follow-on schedule check
[2024-07-08T00:08:38.204+0000] {local_task_job_runner.py:222} INFO - ::endgroup::
