[2024-06-04T01:31:02.255+0000] {local_task_job_runner.py:120} INFO - ::group::Pre task execution logs
[2024-06-04T01:31:02.269+0000] {taskinstance.py:2076} INFO - Dependencies all met for dep_context=non-requeueable deps ti=<TaskInstance: chess_etl.blunders_etl scheduled__2023-08-01T00:00:00+00:00 [queued]>
[2024-06-04T01:31:02.275+0000] {taskinstance.py:2076} INFO - Dependencies all met for dep_context=requeueable deps ti=<TaskInstance: chess_etl.blunders_etl scheduled__2023-08-01T00:00:00+00:00 [queued]>
[2024-06-04T01:31:02.276+0000] {taskinstance.py:2306} INFO - Starting attempt 1 of 1
[2024-06-04T01:31:02.284+0000] {taskinstance.py:2330} INFO - Executing <Task(PythonOperator): blunders_etl> on 2023-08-01 00:00:00+00:00
[2024-06-04T01:31:02.292+0000] {warnings.py:110} WARNING - /home/***/.local/lib/python3.12/site-packages/***/task/task_runner/standard_task_runner.py:61: DeprecationWarning: This process (pid=51543) is multi-threaded, use of fork() may lead to deadlocks in the child.
  pid = os.fork()

[2024-06-04T01:31:02.293+0000] {standard_task_runner.py:63} INFO - Started process 51545 to run task
[2024-06-04T01:31:02.293+0000] {standard_task_runner.py:90} INFO - Running: ['***', 'tasks', 'run', 'chess_etl', 'blunders_etl', 'scheduled__2023-08-01T00:00:00+00:00', '--job-id', '175', '--raw', '--subdir', 'DAGS_FOLDER/chess_dag.py', '--cfg-path', '/tmp/tmpyqys9p5k']
[2024-06-04T01:31:02.294+0000] {standard_task_runner.py:91} INFO - Job 175: Subtask blunders_etl
[2024-06-04T01:31:02.328+0000] {task_command.py:426} INFO - Running <TaskInstance: chess_etl.blunders_etl scheduled__2023-08-01T00:00:00+00:00 [running]> on host f55fff24b127
[2024-06-04T01:31:02.402+0000] {taskinstance.py:2648} INFO - Exporting env vars: AIRFLOW_CTX_DAG_OWNER='***' AIRFLOW_CTX_DAG_ID='chess_etl' AIRFLOW_CTX_TASK_ID='blunders_etl' AIRFLOW_CTX_EXECUTION_DATE='2023-08-01T00:00:00+00:00' AIRFLOW_CTX_TRY_NUMBER='1' AIRFLOW_CTX_DAG_RUN_ID='scheduled__2023-08-01T00:00:00+00:00'
[2024-06-04T01:31:02.403+0000] {taskinstance.py:430} INFO - ::endgroup::
[2024-06-04T01:31:02.404+0000] {warnings.py:110} WARNING - /home/***/.local/lib/python3.12/site-packages/***/utils/context.py:320: AirflowContextDeprecationWarning: Accessing 'execution_date' from the template is deprecated and will be removed in a future version. Please use 'data_interval_start' or 'logical_date' instead.
  warnings.warn(_create_deprecation_warning(k, replacements))

[2024-06-04T01:31:02.410+0000] {base.py:84} INFO - Using connection ID 'chess_project_s3' for task execution.
[2024-06-04T01:54:09.575+0000] {python.py:237} INFO - Done. Returned value was: None
[2024-06-04T01:54:09.575+0000] {taskinstance.py:441} INFO - ::group::Post task execution logs
[2024-06-04T01:54:09.583+0000] {taskinstance.py:1206} INFO - Marking task as SUCCESS. dag_id=chess_etl, task_id=blunders_etl, run_id=scheduled__2023-08-01T00:00:00+00:00, execution_date=20230801T000000, start_date=20240604T013102, end_date=20240604T015409
[2024-06-04T01:54:09.641+0000] {local_task_job_runner.py:240} INFO - Task exited with return code 0
[2024-06-04T01:54:09.653+0000] {taskinstance.py:3498} INFO - 0 downstream tasks scheduled from follow-on schedule check
[2024-06-04T01:54:09.654+0000] {local_task_job_runner.py:222} INFO - ::endgroup::
[2024-06-08T23:23:34.402+0000] {local_task_job_runner.py:120} INFO - ::group::Pre task execution logs
[2024-06-08T23:23:34.419+0000] {taskinstance.py:2076} INFO - Dependencies all met for dep_context=non-requeueable deps ti=<TaskInstance: chess_etl.blunders_etl scheduled__2023-08-01T00:00:00+00:00 [queued]>
[2024-06-08T23:23:34.425+0000] {taskinstance.py:2076} INFO - Dependencies all met for dep_context=requeueable deps ti=<TaskInstance: chess_etl.blunders_etl scheduled__2023-08-01T00:00:00+00:00 [queued]>
[2024-06-08T23:23:34.426+0000] {taskinstance.py:2306} INFO - Starting attempt 1 of 1
[2024-06-08T23:23:34.461+0000] {taskinstance.py:2330} INFO - Executing <Task(PythonOperator): blunders_etl> on 2023-08-01 00:00:00+00:00
[2024-06-08T23:23:34.469+0000] {warnings.py:110} WARNING - /home/***/.local/lib/python3.12/site-packages/***/task/task_runner/standard_task_runner.py:61: DeprecationWarning: This process (pid=52240) is multi-threaded, use of fork() may lead to deadlocks in the child.
  pid = os.fork()

[2024-06-08T23:23:34.471+0000] {standard_task_runner.py:63} INFO - Started process 52242 to run task
[2024-06-08T23:23:34.471+0000] {standard_task_runner.py:90} INFO - Running: ['***', 'tasks', 'run', 'chess_etl', 'blunders_etl', 'scheduled__2023-08-01T00:00:00+00:00', '--job-id', '351', '--raw', '--subdir', 'DAGS_FOLDER/chess_dag.py', '--cfg-path', '/tmp/tmpkkh9jz93']
[2024-06-08T23:23:34.472+0000] {standard_task_runner.py:91} INFO - Job 351: Subtask blunders_etl
[2024-06-08T23:23:34.505+0000] {task_command.py:426} INFO - Running <TaskInstance: chess_etl.blunders_etl scheduled__2023-08-01T00:00:00+00:00 [running]> on host bf0ade909435
[2024-06-08T23:23:34.571+0000] {taskinstance.py:2648} INFO - Exporting env vars: AIRFLOW_CTX_DAG_OWNER='***' AIRFLOW_CTX_DAG_ID='chess_etl' AIRFLOW_CTX_TASK_ID='blunders_etl' AIRFLOW_CTX_EXECUTION_DATE='2023-08-01T00:00:00+00:00' AIRFLOW_CTX_TRY_NUMBER='1' AIRFLOW_CTX_DAG_RUN_ID='scheduled__2023-08-01T00:00:00+00:00'
[2024-06-08T23:23:34.572+0000] {taskinstance.py:430} INFO - ::endgroup::
[2024-06-08T23:23:34.573+0000] {warnings.py:110} WARNING - /home/***/.local/lib/python3.12/site-packages/***/utils/context.py:320: AirflowContextDeprecationWarning: Accessing 'execution_date' from the template is deprecated and will be removed in a future version. Please use 'data_interval_start' or 'logical_date' instead.
  warnings.warn(_create_deprecation_warning(k, replacements))

[2024-06-08T23:23:34.580+0000] {base.py:84} INFO - Using connection ID 'chess_project_s3' for task execution.
[2024-06-08T23:47:22.498+0000] {python.py:237} INFO - Done. Returned value was: None
[2024-06-08T23:47:22.498+0000] {taskinstance.py:441} INFO - ::group::Post task execution logs
[2024-06-08T23:47:22.506+0000] {taskinstance.py:1206} INFO - Marking task as SUCCESS. dag_id=chess_etl, task_id=blunders_etl, run_id=scheduled__2023-08-01T00:00:00+00:00, execution_date=20230801T000000, start_date=20240608T232334, end_date=20240608T234722
[2024-06-08T23:47:22.533+0000] {local_task_job_runner.py:240} INFO - Task exited with return code 0
[2024-06-08T23:47:22.545+0000] {taskinstance.py:3498} INFO - 0 downstream tasks scheduled from follow-on schedule check
[2024-06-08T23:47:22.547+0000] {local_task_job_runner.py:222} INFO - ::endgroup::
[2024-07-08T04:51:33.787+0000] {local_task_job_runner.py:120} INFO - ::group::Pre task execution logs
[2024-07-08T04:51:33.802+0000] {taskinstance.py:2076} INFO - Dependencies all met for dep_context=non-requeueable deps ti=<TaskInstance: chess_etl.blunders_etl scheduled__2023-08-01T00:00:00+00:00 [queued]>
[2024-07-08T04:51:33.810+0000] {taskinstance.py:2076} INFO - Dependencies all met for dep_context=requeueable deps ti=<TaskInstance: chess_etl.blunders_etl scheduled__2023-08-01T00:00:00+00:00 [queued]>
[2024-07-08T04:51:33.810+0000] {taskinstance.py:2306} INFO - Starting attempt 1 of 1
[2024-07-08T04:51:33.819+0000] {taskinstance.py:2330} INFO - Executing <Task(PythonOperator): blunders_etl> on 2023-08-01 00:00:00+00:00
[2024-07-08T04:51:33.826+0000] {warnings.py:110} WARNING - /home/***/.local/lib/python3.12/site-packages/***/task/task_runner/standard_task_runner.py:61: DeprecationWarning: This process (pid=52991) is multi-threaded, use of fork() may lead to deadlocks in the child.
  pid = os.fork()

[2024-07-08T04:51:33.827+0000] {standard_task_runner.py:63} INFO - Started process 52993 to run task
[2024-07-08T04:51:33.827+0000] {standard_task_runner.py:90} INFO - Running: ['***', 'tasks', 'run', 'chess_etl', 'blunders_etl', 'scheduled__2023-08-01T00:00:00+00:00', '--job-id', '777', '--raw', '--subdir', 'DAGS_FOLDER/chess_dag.py', '--cfg-path', '/tmp/tmpj6jfaoyg']
[2024-07-08T04:51:33.828+0000] {standard_task_runner.py:91} INFO - Job 777: Subtask blunders_etl
[2024-07-08T04:51:33.860+0000] {task_command.py:426} INFO - Running <TaskInstance: chess_etl.blunders_etl scheduled__2023-08-01T00:00:00+00:00 [running]> on host 6569f5155f0c
[2024-07-08T04:51:33.918+0000] {taskinstance.py:2648} INFO - Exporting env vars: AIRFLOW_CTX_DAG_OWNER='***' AIRFLOW_CTX_DAG_ID='chess_etl' AIRFLOW_CTX_TASK_ID='blunders_etl' AIRFLOW_CTX_EXECUTION_DATE='2023-08-01T00:00:00+00:00' AIRFLOW_CTX_TRY_NUMBER='1' AIRFLOW_CTX_DAG_RUN_ID='scheduled__2023-08-01T00:00:00+00:00'
[2024-07-08T04:51:33.920+0000] {taskinstance.py:430} INFO - ::endgroup::
[2024-07-08T04:51:33.920+0000] {warnings.py:110} WARNING - /home/***/.local/lib/python3.12/site-packages/***/utils/context.py:320: AirflowContextDeprecationWarning: Accessing 'execution_date' from the template is deprecated and will be removed in a future version. Please use 'data_interval_start' or 'logical_date' instead.
  warnings.warn(_create_deprecation_warning(k, replacements))

[2024-07-08T04:51:33.926+0000] {base.py:84} INFO - Using connection ID 'chess_project_s3' for task execution.
[2024-07-08T05:14:34.824+0000] {python.py:237} INFO - Done. Returned value was: None
[2024-07-08T05:14:34.824+0000] {taskinstance.py:441} INFO - ::group::Post task execution logs
[2024-07-08T05:14:34.832+0000] {taskinstance.py:1206} INFO - Marking task as SUCCESS. dag_id=chess_etl, task_id=blunders_etl, run_id=scheduled__2023-08-01T00:00:00+00:00, execution_date=20230801T000000, start_date=20240708T045133, end_date=20240708T051434
[2024-07-08T05:14:34.859+0000] {local_task_job_runner.py:240} INFO - Task exited with return code 0
[2024-07-08T05:14:34.882+0000] {taskinstance.py:3498} INFO - 1 downstream tasks scheduled from follow-on schedule check
[2024-07-08T05:14:34.883+0000] {local_task_job_runner.py:222} INFO - ::endgroup::
