[2024-07-07T17:28:09.918+0000] {local_task_job_runner.py:120} INFO - ::group::Pre task execution logs
[2024-07-07T17:28:09.931+0000] {taskinstance.py:2076} INFO - Dependencies all met for dep_context=non-requeueable deps ti=<TaskInstance: chess_etl.games_etl scheduled__2024-06-01T00:00:00+00:00 [queued]>
[2024-07-07T17:28:09.939+0000] {taskinstance.py:2076} INFO - Dependencies all met for dep_context=requeueable deps ti=<TaskInstance: chess_etl.games_etl scheduled__2024-06-01T00:00:00+00:00 [queued]>
[2024-07-07T17:28:09.939+0000] {taskinstance.py:2306} INFO - Starting attempt 1 of 1
[2024-07-07T17:28:09.948+0000] {taskinstance.py:2330} INFO - Executing <Task(PythonOperator): games_etl> on 2024-06-01 00:00:00+00:00
[2024-07-07T17:28:09.952+0000] {warnings.py:110} WARNING - /home/***/.local/lib/python3.12/site-packages/***/task/task_runner/standard_task_runner.py:61: DeprecationWarning: This process (pid=52) is multi-threaded, use of fork() may lead to deadlocks in the child.
  pid = os.fork()

[2024-07-07T17:28:09.953+0000] {standard_task_runner.py:90} INFO - Running: ['***', 'tasks', 'run', 'chess_etl', 'games_etl', 'scheduled__2024-06-01T00:00:00+00:00', '--job-id', '372', '--raw', '--subdir', 'DAGS_FOLDER/chess_dag.py', '--cfg-path', '/tmp/tmpm3ibyngl']
[2024-07-07T17:28:09.954+0000] {standard_task_runner.py:63} INFO - Started process 54 to run task
[2024-07-07T17:28:09.954+0000] {standard_task_runner.py:91} INFO - Job 372: Subtask games_etl
[2024-07-07T17:28:09.983+0000] {task_command.py:426} INFO - Running <TaskInstance: chess_etl.games_etl scheduled__2024-06-01T00:00:00+00:00 [running]> on host cb919e35e0e9
[2024-07-07T17:28:10.041+0000] {taskinstance.py:2648} INFO - Exporting env vars: AIRFLOW_CTX_DAG_OWNER='***' AIRFLOW_CTX_DAG_ID='chess_etl' AIRFLOW_CTX_TASK_ID='games_etl' AIRFLOW_CTX_EXECUTION_DATE='2024-06-01T00:00:00+00:00' AIRFLOW_CTX_TRY_NUMBER='1' AIRFLOW_CTX_DAG_RUN_ID='scheduled__2024-06-01T00:00:00+00:00'
[2024-07-07T17:28:10.042+0000] {taskinstance.py:430} INFO - ::endgroup::
[2024-07-07T17:28:10.043+0000] {warnings.py:110} WARNING - /home/***/.local/lib/python3.12/site-packages/***/utils/context.py:320: AirflowContextDeprecationWarning: Accessing 'execution_date' from the template is deprecated and will be removed in a future version. Please use 'data_interval_start' or 'logical_date' instead.
  warnings.warn(_create_deprecation_warning(k, replacements))

[2024-07-07T17:28:10.438+0000] {base.py:84} INFO - Using connection ID 'chess_project_s3' for task execution.
[2024-07-07T17:28:11.241+0000] {python.py:237} INFO - Done. Returned value was: None
[2024-07-07T17:28:11.242+0000] {taskinstance.py:441} INFO - ::group::Post task execution logs
[2024-07-07T17:28:11.248+0000] {taskinstance.py:1206} INFO - Marking task as SUCCESS. dag_id=chess_etl, task_id=games_etl, run_id=scheduled__2024-06-01T00:00:00+00:00, execution_date=20240601T000000, start_date=20240707T172809, end_date=20240707T172811
[2024-07-07T17:28:11.291+0000] {local_task_job_runner.py:240} INFO - Task exited with return code 0
[2024-07-07T17:28:11.305+0000] {taskinstance.py:3498} INFO - 1 downstream tasks scheduled from follow-on schedule check
[2024-07-07T17:28:11.306+0000] {local_task_job_runner.py:222} INFO - ::endgroup::
[2024-07-08T05:41:12.753+0000] {local_task_job_runner.py:120} INFO - ::group::Pre task execution logs
[2024-07-08T05:41:12.767+0000] {taskinstance.py:2076} INFO - Dependencies all met for dep_context=non-requeueable deps ti=<TaskInstance: chess_etl.games_etl scheduled__2024-06-01T00:00:00+00:00 [queued]>
[2024-07-08T05:41:12.773+0000] {taskinstance.py:2076} INFO - Dependencies all met for dep_context=requeueable deps ti=<TaskInstance: chess_etl.games_etl scheduled__2024-06-01T00:00:00+00:00 [queued]>
[2024-07-08T05:41:12.773+0000] {taskinstance.py:2306} INFO - Starting attempt 1 of 1
[2024-07-08T05:41:12.781+0000] {taskinstance.py:2330} INFO - Executing <Task(PythonOperator): games_etl> on 2024-06-01 00:00:00+00:00
[2024-07-08T05:41:12.788+0000] {warnings.py:110} WARNING - /home/***/.local/lib/python3.12/site-packages/***/task/task_runner/standard_task_runner.py:61: DeprecationWarning: This process (pid=58518) is multi-threaded, use of fork() may lead to deadlocks in the child.
  pid = os.fork()

[2024-07-08T05:41:12.790+0000] {standard_task_runner.py:63} INFO - Started process 58520 to run task
[2024-07-08T05:41:12.790+0000] {standard_task_runner.py:90} INFO - Running: ['***', 'tasks', 'run', 'chess_etl', 'games_etl', 'scheduled__2024-06-01T00:00:00+00:00', '--job-id', '816', '--raw', '--subdir', 'DAGS_FOLDER/chess_dag.py', '--cfg-path', '/tmp/tmpd5gcs3tr']
[2024-07-08T05:41:12.791+0000] {standard_task_runner.py:91} INFO - Job 816: Subtask games_etl
[2024-07-08T05:41:12.824+0000] {task_command.py:426} INFO - Running <TaskInstance: chess_etl.games_etl scheduled__2024-06-01T00:00:00+00:00 [running]> on host 6569f5155f0c
[2024-07-08T05:41:12.883+0000] {taskinstance.py:2648} INFO - Exporting env vars: AIRFLOW_CTX_DAG_OWNER='***' AIRFLOW_CTX_DAG_ID='chess_etl' AIRFLOW_CTX_TASK_ID='games_etl' AIRFLOW_CTX_EXECUTION_DATE='2024-06-01T00:00:00+00:00' AIRFLOW_CTX_TRY_NUMBER='1' AIRFLOW_CTX_DAG_RUN_ID='scheduled__2024-06-01T00:00:00+00:00'
[2024-07-08T05:41:12.887+0000] {taskinstance.py:430} INFO - ::endgroup::
[2024-07-08T05:41:12.888+0000] {warnings.py:110} WARNING - /home/***/.local/lib/python3.12/site-packages/***/utils/context.py:320: AirflowContextDeprecationWarning: Accessing 'execution_date' from the template is deprecated and will be removed in a future version. Please use 'data_interval_start' or 'logical_date' instead.
  warnings.warn(_create_deprecation_warning(k, replacements))

[2024-07-08T05:41:13.259+0000] {base.py:84} INFO - Using connection ID 'chess_project_s3' for task execution.
[2024-07-08T05:41:13.832+0000] {python.py:237} INFO - Done. Returned value was: None
[2024-07-08T05:41:13.833+0000] {taskinstance.py:441} INFO - ::group::Post task execution logs
[2024-07-08T05:41:13.841+0000] {taskinstance.py:1206} INFO - Marking task as SUCCESS. dag_id=chess_etl, task_id=games_etl, run_id=scheduled__2024-06-01T00:00:00+00:00, execution_date=20240601T000000, start_date=20240708T054112, end_date=20240708T054113
[2024-07-08T05:41:13.885+0000] {local_task_job_runner.py:240} INFO - Task exited with return code 0
[2024-07-08T05:41:13.907+0000] {taskinstance.py:3498} INFO - 1 downstream tasks scheduled from follow-on schedule check
[2024-07-08T05:41:13.908+0000] {local_task_job_runner.py:222} INFO - ::endgroup::
