[2024-07-07T18:39:16.328+0000] {local_task_job_runner.py:120} INFO - ::group::Pre task execution logs
[2024-07-07T18:39:16.342+0000] {taskinstance.py:2076} INFO - Dependencies all met for dep_context=non-requeueable deps ti=<TaskInstance: chess_etl.redshift_game_load scheduled__2023-12-01T00:00:00+00:00 [queued]>
[2024-07-07T18:39:16.347+0000] {taskinstance.py:2076} INFO - Dependencies all met for dep_context=requeueable deps ti=<TaskInstance: chess_etl.redshift_game_load scheduled__2023-12-01T00:00:00+00:00 [queued]>
[2024-07-07T18:39:16.348+0000] {taskinstance.py:2306} INFO - Starting attempt 1 of 1
[2024-07-07T18:39:16.356+0000] {taskinstance.py:2330} INFO - Executing <Task(PythonOperator): redshift_game_load> on 2023-12-01 00:00:00+00:00
[2024-07-07T18:39:16.360+0000] {warnings.py:110} WARNING - /home/***/.local/lib/python3.12/site-packages/***/task/task_runner/standard_task_runner.py:61: DeprecationWarning: This process (pid=1611) is multi-threaded, use of fork() may lead to deadlocks in the child.
  pid = os.fork()

[2024-07-07T18:39:16.362+0000] {standard_task_runner.py:63} INFO - Started process 1616 to run task
[2024-07-07T18:39:16.362+0000] {standard_task_runner.py:90} INFO - Running: ['***', 'tasks', 'run', 'chess_etl', 'redshift_game_load', 'scheduled__2023-12-01T00:00:00+00:00', '--job-id', '471', '--pool', 'default_pool', '--raw', '--subdir', 'DAGS_FOLDER/chess_dag.py', '--cfg-path', '/tmp/tmpugdo_xas']
[2024-07-07T18:39:16.363+0000] {standard_task_runner.py:91} INFO - Job 471: Subtask redshift_game_load
[2024-07-07T18:39:16.394+0000] {task_command.py:426} INFO - Running <TaskInstance: chess_etl.redshift_game_load scheduled__2023-12-01T00:00:00+00:00 [running]> on host cb919e35e0e9
[2024-07-07T18:39:16.453+0000] {taskinstance.py:2648} INFO - Exporting env vars: AIRFLOW_CTX_DAG_OWNER='***' AIRFLOW_CTX_DAG_ID='chess_etl' AIRFLOW_CTX_TASK_ID='redshift_game_load' AIRFLOW_CTX_EXECUTION_DATE='2023-12-01T00:00:00+00:00' AIRFLOW_CTX_TRY_NUMBER='1' AIRFLOW_CTX_DAG_RUN_ID='scheduled__2023-12-01T00:00:00+00:00'
[2024-07-07T18:39:16.454+0000] {taskinstance.py:430} INFO - ::endgroup::
[2024-07-07T18:39:16.455+0000] {warnings.py:110} WARNING - /home/***/.local/lib/python3.12/site-packages/***/utils/context.py:320: AirflowContextDeprecationWarning: Accessing 'execution_date' from the template is deprecated and will be removed in a future version. Please use 'data_interval_start' or 'logical_date' instead.
  warnings.warn(_create_deprecation_warning(k, replacements))

[2024-07-07T18:39:16.461+0000] {base.py:84} INFO - Using connection ID 'chess_project_s3' for task execution.
[2024-07-07T18:39:17.229+0000] {base.py:84} INFO - Using connection ID 'chess_project_redshift' for task execution.
[2024-07-07T18:39:20.951+0000] {python.py:237} INFO - Done. Returned value was: None
[2024-07-07T18:39:20.951+0000] {taskinstance.py:441} INFO - ::group::Post task execution logs
[2024-07-07T18:39:20.958+0000] {taskinstance.py:1206} INFO - Marking task as SUCCESS. dag_id=chess_etl, task_id=redshift_game_load, run_id=scheduled__2023-12-01T00:00:00+00:00, execution_date=20231201T000000, start_date=20240707T183916, end_date=20240707T183920
[2024-07-07T18:39:20.988+0000] {local_task_job_runner.py:240} INFO - Task exited with return code 0
[2024-07-07T18:39:21.002+0000] {taskinstance.py:3498} INFO - 0 downstream tasks scheduled from follow-on schedule check
[2024-07-07T18:39:21.004+0000] {local_task_job_runner.py:222} INFO - ::endgroup::
[2024-07-08T05:25:00.991+0000] {local_task_job_runner.py:120} INFO - ::group::Pre task execution logs
[2024-07-08T05:25:01.008+0000] {taskinstance.py:2076} INFO - Dependencies all met for dep_context=non-requeueable deps ti=<TaskInstance: chess_etl.redshift_game_load scheduled__2023-12-01T00:00:00+00:00 [queued]>
[2024-07-08T05:25:01.014+0000] {taskinstance.py:2076} INFO - Dependencies all met for dep_context=requeueable deps ti=<TaskInstance: chess_etl.redshift_game_load scheduled__2023-12-01T00:00:00+00:00 [queued]>
[2024-07-08T05:25:01.014+0000] {taskinstance.py:2306} INFO - Starting attempt 1 of 1
[2024-07-08T05:25:01.024+0000] {taskinstance.py:2330} INFO - Executing <Task(PythonOperator): redshift_game_load> on 2023-12-01 00:00:00+00:00
[2024-07-08T05:25:01.032+0000] {warnings.py:110} WARNING - /home/***/.local/lib/python3.12/site-packages/***/task/task_runner/standard_task_runner.py:61: DeprecationWarning: This process (pid=56678) is multi-threaded, use of fork() may lead to deadlocks in the child.
  pid = os.fork()

[2024-07-08T05:25:01.033+0000] {standard_task_runner.py:63} INFO - Started process 56680 to run task
[2024-07-08T05:25:01.033+0000] {standard_task_runner.py:90} INFO - Running: ['***', 'tasks', 'run', 'chess_etl', 'redshift_game_load', 'scheduled__2023-12-01T00:00:00+00:00', '--job-id', '802', '--raw', '--subdir', 'DAGS_FOLDER/chess_dag.py', '--cfg-path', '/tmp/tmpovgbkled']
[2024-07-08T05:25:01.034+0000] {standard_task_runner.py:91} INFO - Job 802: Subtask redshift_game_load
[2024-07-08T05:25:01.072+0000] {task_command.py:426} INFO - Running <TaskInstance: chess_etl.redshift_game_load scheduled__2023-12-01T00:00:00+00:00 [running]> on host 6569f5155f0c
[2024-07-08T05:25:01.130+0000] {taskinstance.py:2648} INFO - Exporting env vars: AIRFLOW_CTX_DAG_OWNER='***' AIRFLOW_CTX_DAG_ID='chess_etl' AIRFLOW_CTX_TASK_ID='redshift_game_load' AIRFLOW_CTX_EXECUTION_DATE='2023-12-01T00:00:00+00:00' AIRFLOW_CTX_TRY_NUMBER='1' AIRFLOW_CTX_DAG_RUN_ID='scheduled__2023-12-01T00:00:00+00:00'
[2024-07-08T05:25:01.131+0000] {taskinstance.py:430} INFO - ::endgroup::
[2024-07-08T05:25:01.132+0000] {warnings.py:110} WARNING - /home/***/.local/lib/python3.12/site-packages/***/utils/context.py:320: AirflowContextDeprecationWarning: Accessing 'execution_date' from the template is deprecated and will be removed in a future version. Please use 'data_interval_start' or 'logical_date' instead.
  warnings.warn(_create_deprecation_warning(k, replacements))

[2024-07-08T05:25:01.138+0000] {base.py:84} INFO - Using connection ID 'chess_project_s3' for task execution.
[2024-07-08T05:25:01.971+0000] {base.py:84} INFO - Using connection ID 'chess_project_redshift' for task execution.
[2024-07-08T05:25:03.733+0000] {python.py:237} INFO - Done. Returned value was: None
[2024-07-08T05:25:03.733+0000] {taskinstance.py:441} INFO - ::group::Post task execution logs
[2024-07-08T05:25:03.740+0000] {taskinstance.py:1206} INFO - Marking task as SUCCESS. dag_id=chess_etl, task_id=redshift_game_load, run_id=scheduled__2023-12-01T00:00:00+00:00, execution_date=20231201T000000, start_date=20240708T052501, end_date=20240708T052503
[2024-07-08T05:25:03.773+0000] {local_task_job_runner.py:240} INFO - Task exited with return code 0
[2024-07-08T05:25:03.788+0000] {taskinstance.py:3498} INFO - 1 downstream tasks scheduled from follow-on schedule check
[2024-07-08T05:25:03.789+0000] {local_task_job_runner.py:222} INFO - ::endgroup::
