[2024-06-04T00:26:18.501+0000] {local_task_job_runner.py:120} INFO - ::group::Pre task execution logs
[2024-06-04T00:26:18.516+0000] {taskinstance.py:2076} INFO - Dependencies all met for dep_context=non-requeueable deps ti=<TaskInstance: chess_etl.games_etl scheduled__2023-02-01T00:00:00+00:00 [queued]>
[2024-06-04T00:26:18.522+0000] {taskinstance.py:2076} INFO - Dependencies all met for dep_context=requeueable deps ti=<TaskInstance: chess_etl.games_etl scheduled__2023-02-01T00:00:00+00:00 [queued]>
[2024-06-04T00:26:18.522+0000] {taskinstance.py:2306} INFO - Starting attempt 1 of 1
[2024-06-04T00:26:18.533+0000] {taskinstance.py:2330} INFO - Executing <Task(PythonOperator): games_etl> on 2023-02-01 00:00:00+00:00
[2024-06-04T00:26:18.540+0000] {warnings.py:110} WARNING - /home/***/.local/lib/python3.12/site-packages/***/task/task_runner/standard_task_runner.py:61: DeprecationWarning: This process (pid=44112) is multi-threaded, use of fork() may lead to deadlocks in the child.
  pid = os.fork()

[2024-06-04T00:26:18.542+0000] {standard_task_runner.py:63} INFO - Started process 44122 to run task
[2024-06-04T00:26:18.542+0000] {standard_task_runner.py:90} INFO - Running: ['***', 'tasks', 'run', 'chess_etl', 'games_etl', 'scheduled__2023-02-01T00:00:00+00:00', '--job-id', '162', '--raw', '--subdir', 'DAGS_FOLDER/chess_dag.py', '--cfg-path', '/tmp/tmpf2p068en']
[2024-06-04T00:26:18.543+0000] {standard_task_runner.py:91} INFO - Job 162: Subtask games_etl
[2024-06-04T00:26:18.576+0000] {task_command.py:426} INFO - Running <TaskInstance: chess_etl.games_etl scheduled__2023-02-01T00:00:00+00:00 [running]> on host f55fff24b127
[2024-06-04T00:26:18.640+0000] {taskinstance.py:2648} INFO - Exporting env vars: AIRFLOW_CTX_DAG_OWNER='***' AIRFLOW_CTX_DAG_ID='chess_etl' AIRFLOW_CTX_TASK_ID='games_etl' AIRFLOW_CTX_EXECUTION_DATE='2023-02-01T00:00:00+00:00' AIRFLOW_CTX_TRY_NUMBER='1' AIRFLOW_CTX_DAG_RUN_ID='scheduled__2023-02-01T00:00:00+00:00'
[2024-06-04T00:26:18.641+0000] {taskinstance.py:430} INFO - ::endgroup::
[2024-06-04T00:26:18.642+0000] {warnings.py:110} WARNING - /home/***/.local/lib/python3.12/site-packages/***/utils/context.py:320: AirflowContextDeprecationWarning: Accessing 'execution_date' from the template is deprecated and will be removed in a future version. Please use 'data_interval_start' or 'logical_date' instead.
  warnings.warn(_create_deprecation_warning(k, replacements))

[2024-06-04T00:26:19.871+0000] {base.py:84} INFO - Using connection ID 'chess_project_s3' for task execution.
[2024-06-04T00:26:20.687+0000] {python.py:237} INFO - Done. Returned value was: None
[2024-06-04T00:26:20.688+0000] {taskinstance.py:441} INFO - ::group::Post task execution logs
[2024-06-04T00:26:20.695+0000] {taskinstance.py:1206} INFO - Marking task as SUCCESS. dag_id=chess_etl, task_id=games_etl, run_id=scheduled__2023-02-01T00:00:00+00:00, execution_date=20230201T000000, start_date=20240604T002618, end_date=20240604T002620
[2024-06-04T00:26:20.723+0000] {local_task_job_runner.py:240} INFO - Task exited with return code 0
[2024-06-04T00:26:20.738+0000] {taskinstance.py:3498} INFO - 1 downstream tasks scheduled from follow-on schedule check
[2024-06-04T00:26:20.739+0000] {local_task_job_runner.py:222} INFO - ::endgroup::
[2024-06-08T22:11:15.363+0000] {local_task_job_runner.py:120} INFO - ::group::Pre task execution logs
[2024-06-08T22:11:15.384+0000] {taskinstance.py:2076} INFO - Dependencies all met for dep_context=non-requeueable deps ti=<TaskInstance: chess_etl.games_etl scheduled__2023-02-01T00:00:00+00:00 [queued]>
[2024-06-08T22:11:15.393+0000] {taskinstance.py:2076} INFO - Dependencies all met for dep_context=requeueable deps ti=<TaskInstance: chess_etl.games_etl scheduled__2023-02-01T00:00:00+00:00 [queued]>
[2024-06-08T22:11:15.393+0000] {taskinstance.py:2306} INFO - Starting attempt 1 of 1
[2024-06-08T22:11:15.409+0000] {taskinstance.py:2330} INFO - Executing <Task(PythonOperator): games_etl> on 2023-02-01 00:00:00+00:00
[2024-06-08T22:11:15.418+0000] {warnings.py:110} WARNING - /home/***/.local/lib/python3.12/site-packages/***/task/task_runner/standard_task_runner.py:61: DeprecationWarning: This process (pid=44728) is multi-threaded, use of fork() may lead to deadlocks in the child.
  pid = os.fork()

[2024-06-08T22:11:15.420+0000] {standard_task_runner.py:63} INFO - Started process 44730 to run task
[2024-06-08T22:11:15.420+0000] {standard_task_runner.py:90} INFO - Running: ['***', 'tasks', 'run', 'chess_etl', 'games_etl', 'scheduled__2023-02-01T00:00:00+00:00', '--job-id', '338', '--raw', '--subdir', 'DAGS_FOLDER/chess_dag.py', '--cfg-path', '/tmp/tmpjluh71li']
[2024-06-08T22:11:15.421+0000] {standard_task_runner.py:91} INFO - Job 338: Subtask games_etl
[2024-06-08T22:11:15.468+0000] {task_command.py:426} INFO - Running <TaskInstance: chess_etl.games_etl scheduled__2023-02-01T00:00:00+00:00 [running]> on host bf0ade909435
[2024-06-08T22:11:15.554+0000] {taskinstance.py:2648} INFO - Exporting env vars: AIRFLOW_CTX_DAG_OWNER='***' AIRFLOW_CTX_DAG_ID='chess_etl' AIRFLOW_CTX_TASK_ID='games_etl' AIRFLOW_CTX_EXECUTION_DATE='2023-02-01T00:00:00+00:00' AIRFLOW_CTX_TRY_NUMBER='1' AIRFLOW_CTX_DAG_RUN_ID='scheduled__2023-02-01T00:00:00+00:00'
[2024-06-08T22:11:15.555+0000] {taskinstance.py:430} INFO - ::endgroup::
[2024-06-08T22:11:15.557+0000] {warnings.py:110} WARNING - /home/***/.local/lib/python3.12/site-packages/***/utils/context.py:320: AirflowContextDeprecationWarning: Accessing 'execution_date' from the template is deprecated and will be removed in a future version. Please use 'data_interval_start' or 'logical_date' instead.
  warnings.warn(_create_deprecation_warning(k, replacements))

[2024-06-08T22:11:16.823+0000] {base.py:84} INFO - Using connection ID 'chess_project_s3' for task execution.
[2024-06-08T22:11:17.764+0000] {python.py:237} INFO - Done. Returned value was: None
[2024-06-08T22:11:17.765+0000] {taskinstance.py:441} INFO - ::group::Post task execution logs
[2024-06-08T22:11:17.773+0000] {taskinstance.py:1206} INFO - Marking task as SUCCESS. dag_id=chess_etl, task_id=games_etl, run_id=scheduled__2023-02-01T00:00:00+00:00, execution_date=20230201T000000, start_date=20240608T221115, end_date=20240608T221117
[2024-06-08T22:11:17.801+0000] {local_task_job_runner.py:240} INFO - Task exited with return code 0
[2024-06-08T22:11:17.819+0000] {taskinstance.py:3498} INFO - 1 downstream tasks scheduled from follow-on schedule check
[2024-06-08T22:11:17.821+0000] {local_task_job_runner.py:222} INFO - ::endgroup::
[2024-07-08T03:47:05.563+0000] {local_task_job_runner.py:120} INFO - ::group::Pre task execution logs
[2024-07-08T03:47:05.579+0000] {taskinstance.py:2076} INFO - Dependencies all met for dep_context=non-requeueable deps ti=<TaskInstance: chess_etl.games_etl scheduled__2023-02-01T00:00:00+00:00 [queued]>
[2024-07-08T03:47:05.584+0000] {taskinstance.py:2076} INFO - Dependencies all met for dep_context=requeueable deps ti=<TaskInstance: chess_etl.games_etl scheduled__2023-02-01T00:00:00+00:00 [queued]>
[2024-07-08T03:47:05.584+0000] {taskinstance.py:2306} INFO - Starting attempt 1 of 1
[2024-07-08T03:47:05.593+0000] {taskinstance.py:2330} INFO - Executing <Task(PythonOperator): games_etl> on 2023-02-01 00:00:00+00:00
[2024-07-08T03:47:05.600+0000] {warnings.py:110} WARNING - /home/***/.local/lib/python3.12/site-packages/***/task/task_runner/standard_task_runner.py:61: DeprecationWarning: This process (pid=45547) is multi-threaded, use of fork() may lead to deadlocks in the child.
  pid = os.fork()

[2024-07-08T03:47:05.602+0000] {standard_task_runner.py:63} INFO - Started process 45549 to run task
[2024-07-08T03:47:05.601+0000] {standard_task_runner.py:90} INFO - Running: ['***', 'tasks', 'run', 'chess_etl', 'games_etl', 'scheduled__2023-02-01T00:00:00+00:00', '--job-id', '752', '--raw', '--subdir', 'DAGS_FOLDER/chess_dag.py', '--cfg-path', '/tmp/tmp795hbrdg']
[2024-07-08T03:47:05.602+0000] {standard_task_runner.py:91} INFO - Job 752: Subtask games_etl
[2024-07-08T03:47:05.635+0000] {task_command.py:426} INFO - Running <TaskInstance: chess_etl.games_etl scheduled__2023-02-01T00:00:00+00:00 [running]> on host 6569f5155f0c
[2024-07-08T03:47:05.700+0000] {taskinstance.py:2648} INFO - Exporting env vars: AIRFLOW_CTX_DAG_OWNER='***' AIRFLOW_CTX_DAG_ID='chess_etl' AIRFLOW_CTX_TASK_ID='games_etl' AIRFLOW_CTX_EXECUTION_DATE='2023-02-01T00:00:00+00:00' AIRFLOW_CTX_TRY_NUMBER='1' AIRFLOW_CTX_DAG_RUN_ID='scheduled__2023-02-01T00:00:00+00:00'
[2024-07-08T03:47:05.701+0000] {taskinstance.py:430} INFO - ::endgroup::
[2024-07-08T03:47:05.702+0000] {warnings.py:110} WARNING - /home/***/.local/lib/python3.12/site-packages/***/utils/context.py:320: AirflowContextDeprecationWarning: Accessing 'execution_date' from the template is deprecated and will be removed in a future version. Please use 'data_interval_start' or 'logical_date' instead.
  warnings.warn(_create_deprecation_warning(k, replacements))

[2024-07-08T03:47:06.879+0000] {base.py:84} INFO - Using connection ID 'chess_project_s3' for task execution.
[2024-07-08T03:47:07.783+0000] {python.py:237} INFO - Done. Returned value was: None
[2024-07-08T03:47:07.783+0000] {taskinstance.py:441} INFO - ::group::Post task execution logs
[2024-07-08T03:47:07.790+0000] {taskinstance.py:1206} INFO - Marking task as SUCCESS. dag_id=chess_etl, task_id=games_etl, run_id=scheduled__2023-02-01T00:00:00+00:00, execution_date=20230201T000000, start_date=20240708T034705, end_date=20240708T034707
[2024-07-08T03:47:07.821+0000] {local_task_job_runner.py:240} INFO - Task exited with return code 0
[2024-07-08T03:47:07.840+0000] {taskinstance.py:3498} INFO - 1 downstream tasks scheduled from follow-on schedule check
[2024-07-08T03:47:07.842+0000] {local_task_job_runner.py:222} INFO - ::endgroup::
