[2024-06-04T01:04:49.721+0000] {local_task_job_runner.py:120} INFO - ::group::Pre task execution logs
[2024-06-04T01:04:49.736+0000] {taskinstance.py:2076} INFO - Dependencies all met for dep_context=non-requeueable deps ti=<TaskInstance: chess_etl.blunders_etl scheduled__2023-05-01T00:00:00+00:00 [queued]>
[2024-06-04T01:04:49.742+0000] {taskinstance.py:2076} INFO - Dependencies all met for dep_context=requeueable deps ti=<TaskInstance: chess_etl.blunders_etl scheduled__2023-05-01T00:00:00+00:00 [queued]>
[2024-06-04T01:04:49.742+0000] {taskinstance.py:2306} INFO - Starting attempt 1 of 1
[2024-06-04T01:04:49.753+0000] {taskinstance.py:2330} INFO - Executing <Task(PythonOperator): blunders_etl> on 2023-05-01 00:00:00+00:00
[2024-06-04T01:04:49.760+0000] {warnings.py:110} WARNING - /home/***/.local/lib/python3.12/site-packages/***/task/task_runner/standard_task_runner.py:61: DeprecationWarning: This process (pid=48726) is multi-threaded, use of fork() may lead to deadlocks in the child.
  pid = os.fork()

[2024-06-04T01:04:49.761+0000] {standard_task_runner.py:63} INFO - Started process 48728 to run task
[2024-06-04T01:04:49.761+0000] {standard_task_runner.py:90} INFO - Running: ['***', 'tasks', 'run', 'chess_etl', 'blunders_etl', 'scheduled__2023-05-01T00:00:00+00:00', '--job-id', '169', '--raw', '--subdir', 'DAGS_FOLDER/chess_dag.py', '--cfg-path', '/tmp/tmpgnfug47v']
[2024-06-04T01:04:49.762+0000] {standard_task_runner.py:91} INFO - Job 169: Subtask blunders_etl
[2024-06-04T01:04:49.794+0000] {task_command.py:426} INFO - Running <TaskInstance: chess_etl.blunders_etl scheduled__2023-05-01T00:00:00+00:00 [running]> on host f55fff24b127
[2024-06-04T01:04:49.861+0000] {taskinstance.py:2648} INFO - Exporting env vars: AIRFLOW_CTX_DAG_OWNER='***' AIRFLOW_CTX_DAG_ID='chess_etl' AIRFLOW_CTX_TASK_ID='blunders_etl' AIRFLOW_CTX_EXECUTION_DATE='2023-05-01T00:00:00+00:00' AIRFLOW_CTX_TRY_NUMBER='1' AIRFLOW_CTX_DAG_RUN_ID='scheduled__2023-05-01T00:00:00+00:00'
[2024-06-04T01:04:49.862+0000] {taskinstance.py:430} INFO - ::endgroup::
[2024-06-04T01:04:49.863+0000] {warnings.py:110} WARNING - /home/***/.local/lib/python3.12/site-packages/***/utils/context.py:320: AirflowContextDeprecationWarning: Accessing 'execution_date' from the template is deprecated and will be removed in a future version. Please use 'data_interval_start' or 'logical_date' instead.
  warnings.warn(_create_deprecation_warning(k, replacements))

[2024-06-04T01:04:49.869+0000] {base.py:84} INFO - Using connection ID 'chess_project_s3' for task execution.
[2024-06-04T01:19:08.706+0000] {python.py:237} INFO - Done. Returned value was: None
[2024-06-04T01:19:08.707+0000] {taskinstance.py:441} INFO - ::group::Post task execution logs
[2024-06-04T01:19:08.714+0000] {taskinstance.py:1206} INFO - Marking task as SUCCESS. dag_id=chess_etl, task_id=blunders_etl, run_id=scheduled__2023-05-01T00:00:00+00:00, execution_date=20230501T000000, start_date=20240604T010449, end_date=20240604T011908
[2024-06-04T01:19:08.760+0000] {local_task_job_runner.py:240} INFO - Task exited with return code 0
[2024-06-04T01:19:08.773+0000] {taskinstance.py:3498} INFO - 0 downstream tasks scheduled from follow-on schedule check
[2024-06-04T01:19:08.775+0000] {local_task_job_runner.py:222} INFO - ::endgroup::
[2024-06-08T22:56:57.581+0000] {local_task_job_runner.py:120} INFO - ::group::Pre task execution logs
[2024-06-08T22:56:57.597+0000] {taskinstance.py:2076} INFO - Dependencies all met for dep_context=non-requeueable deps ti=<TaskInstance: chess_etl.blunders_etl scheduled__2023-05-01T00:00:00+00:00 [queued]>
[2024-06-08T22:56:57.602+0000] {taskinstance.py:2076} INFO - Dependencies all met for dep_context=requeueable deps ti=<TaskInstance: chess_etl.blunders_etl scheduled__2023-05-01T00:00:00+00:00 [queued]>
[2024-06-08T22:56:57.603+0000] {taskinstance.py:2306} INFO - Starting attempt 1 of 1
[2024-06-08T22:56:57.614+0000] {taskinstance.py:2330} INFO - Executing <Task(PythonOperator): blunders_etl> on 2023-05-01 00:00:00+00:00
[2024-06-08T22:56:57.621+0000] {warnings.py:110} WARNING - /home/***/.local/lib/python3.12/site-packages/***/task/task_runner/standard_task_runner.py:61: DeprecationWarning: This process (pid=49412) is multi-threaded, use of fork() may lead to deadlocks in the child.
  pid = os.fork()

[2024-06-08T22:56:57.622+0000] {standard_task_runner.py:63} INFO - Started process 49421 to run task
[2024-06-08T22:56:57.623+0000] {standard_task_runner.py:90} INFO - Running: ['***', 'tasks', 'run', 'chess_etl', 'blunders_etl', 'scheduled__2023-05-01T00:00:00+00:00', '--job-id', '345', '--raw', '--subdir', 'DAGS_FOLDER/chess_dag.py', '--cfg-path', '/tmp/tmpnd0196vd']
[2024-06-08T22:56:57.623+0000] {standard_task_runner.py:91} INFO - Job 345: Subtask blunders_etl
[2024-06-08T22:56:57.663+0000] {task_command.py:426} INFO - Running <TaskInstance: chess_etl.blunders_etl scheduled__2023-05-01T00:00:00+00:00 [running]> on host bf0ade909435
[2024-06-08T22:56:57.737+0000] {taskinstance.py:2648} INFO - Exporting env vars: AIRFLOW_CTX_DAG_OWNER='***' AIRFLOW_CTX_DAG_ID='chess_etl' AIRFLOW_CTX_TASK_ID='blunders_etl' AIRFLOW_CTX_EXECUTION_DATE='2023-05-01T00:00:00+00:00' AIRFLOW_CTX_TRY_NUMBER='1' AIRFLOW_CTX_DAG_RUN_ID='scheduled__2023-05-01T00:00:00+00:00'
[2024-06-08T22:56:57.739+0000] {taskinstance.py:430} INFO - ::endgroup::
[2024-06-08T22:56:57.740+0000] {warnings.py:110} WARNING - /home/***/.local/lib/python3.12/site-packages/***/utils/context.py:320: AirflowContextDeprecationWarning: Accessing 'execution_date' from the template is deprecated and will be removed in a future version. Please use 'data_interval_start' or 'logical_date' instead.
  warnings.warn(_create_deprecation_warning(k, replacements))

[2024-06-08T22:56:57.747+0000] {base.py:84} INFO - Using connection ID 'chess_project_s3' for task execution.
[2024-06-08T23:11:32.457+0000] {python.py:237} INFO - Done. Returned value was: None
[2024-06-08T23:11:32.458+0000] {taskinstance.py:441} INFO - ::group::Post task execution logs
[2024-06-08T23:11:32.465+0000] {taskinstance.py:1206} INFO - Marking task as SUCCESS. dag_id=chess_etl, task_id=blunders_etl, run_id=scheduled__2023-05-01T00:00:00+00:00, execution_date=20230501T000000, start_date=20240608T225657, end_date=20240608T231132
[2024-06-08T23:11:32.486+0000] {local_task_job_runner.py:240} INFO - Task exited with return code 0
[2024-06-08T23:11:32.497+0000] {taskinstance.py:3498} INFO - 0 downstream tasks scheduled from follow-on schedule check
[2024-06-08T23:11:32.498+0000] {local_task_job_runner.py:222} INFO - ::endgroup::
[2024-07-08T04:25:38.579+0000] {local_task_job_runner.py:120} INFO - ::group::Pre task execution logs
[2024-07-08T04:25:38.594+0000] {taskinstance.py:2076} INFO - Dependencies all met for dep_context=non-requeueable deps ti=<TaskInstance: chess_etl.blunders_etl scheduled__2023-05-01T00:00:00+00:00 [queued]>
[2024-07-08T04:25:38.601+0000] {taskinstance.py:2076} INFO - Dependencies all met for dep_context=requeueable deps ti=<TaskInstance: chess_etl.blunders_etl scheduled__2023-05-01T00:00:00+00:00 [queued]>
[2024-07-08T04:25:38.601+0000] {taskinstance.py:2306} INFO - Starting attempt 1 of 1
[2024-07-08T04:25:38.611+0000] {taskinstance.py:2330} INFO - Executing <Task(PythonOperator): blunders_etl> on 2023-05-01 00:00:00+00:00
[2024-07-08T04:25:38.619+0000] {warnings.py:110} WARNING - /home/***/.local/lib/python3.12/site-packages/***/task/task_runner/standard_task_runner.py:61: DeprecationWarning: This process (pid=50175) is multi-threaded, use of fork() may lead to deadlocks in the child.
  pid = os.fork()

[2024-07-08T04:25:38.620+0000] {standard_task_runner.py:63} INFO - Started process 50177 to run task
[2024-07-08T04:25:38.620+0000] {standard_task_runner.py:90} INFO - Running: ['***', 'tasks', 'run', 'chess_etl', 'blunders_etl', 'scheduled__2023-05-01T00:00:00+00:00', '--job-id', '765', '--raw', '--subdir', 'DAGS_FOLDER/chess_dag.py', '--cfg-path', '/tmp/tmpv1n48o09']
[2024-07-08T04:25:38.621+0000] {standard_task_runner.py:91} INFO - Job 765: Subtask blunders_etl
[2024-07-08T04:25:38.655+0000] {task_command.py:426} INFO - Running <TaskInstance: chess_etl.blunders_etl scheduled__2023-05-01T00:00:00+00:00 [running]> on host 6569f5155f0c
[2024-07-08T04:25:38.715+0000] {taskinstance.py:2648} INFO - Exporting env vars: AIRFLOW_CTX_DAG_OWNER='***' AIRFLOW_CTX_DAG_ID='chess_etl' AIRFLOW_CTX_TASK_ID='blunders_etl' AIRFLOW_CTX_EXECUTION_DATE='2023-05-01T00:00:00+00:00' AIRFLOW_CTX_TRY_NUMBER='1' AIRFLOW_CTX_DAG_RUN_ID='scheduled__2023-05-01T00:00:00+00:00'
[2024-07-08T04:25:38.717+0000] {taskinstance.py:430} INFO - ::endgroup::
[2024-07-08T04:25:38.718+0000] {warnings.py:110} WARNING - /home/***/.local/lib/python3.12/site-packages/***/utils/context.py:320: AirflowContextDeprecationWarning: Accessing 'execution_date' from the template is deprecated and will be removed in a future version. Please use 'data_interval_start' or 'logical_date' instead.
  warnings.warn(_create_deprecation_warning(k, replacements))

[2024-07-08T04:25:38.724+0000] {base.py:84} INFO - Using connection ID 'chess_project_s3' for task execution.
[2024-07-08T04:39:51.237+0000] {python.py:237} INFO - Done. Returned value was: None
[2024-07-08T04:39:51.238+0000] {taskinstance.py:441} INFO - ::group::Post task execution logs
[2024-07-08T04:39:51.244+0000] {taskinstance.py:1206} INFO - Marking task as SUCCESS. dag_id=chess_etl, task_id=blunders_etl, run_id=scheduled__2023-05-01T00:00:00+00:00, execution_date=20230501T000000, start_date=20240708T042538, end_date=20240708T043951
[2024-07-08T04:39:51.288+0000] {local_task_job_runner.py:240} INFO - Task exited with return code 0
[2024-07-08T04:39:51.304+0000] {taskinstance.py:3498} INFO - 1 downstream tasks scheduled from follow-on schedule check
[2024-07-08T04:39:51.305+0000] {local_task_job_runner.py:222} INFO - ::endgroup::
