[2024-06-03T17:38:16.053+0000] {local_task_job_runner.py:120} INFO - ::group::Pre task execution logs
[2024-06-03T17:38:16.069+0000] {taskinstance.py:2076} INFO - Dependencies all met for dep_context=non-requeueable deps ti=<TaskInstance: chess_etl.games_etl scheduled__2019-06-01T00:00:00+00:00 [queued]>
[2024-06-03T17:38:16.075+0000] {taskinstance.py:2076} INFO - Dependencies all met for dep_context=requeueable deps ti=<TaskInstance: chess_etl.games_etl scheduled__2019-06-01T00:00:00+00:00 [queued]>
[2024-06-03T17:38:16.075+0000] {taskinstance.py:2306} INFO - Starting attempt 1 of 1
[2024-06-03T17:38:16.085+0000] {taskinstance.py:2330} INFO - Executing <Task(PythonOperator): games_etl> on 2019-06-01 00:00:00+00:00
[2024-06-03T17:38:16.091+0000] {warnings.py:110} WARNING - /home/***/.local/lib/python3.12/site-packages/***/task/task_runner/standard_task_runner.py:61: DeprecationWarning: This process (pid=94) is multi-threaded, use of fork() may lead to deadlocks in the child.
  pid = os.fork()

[2024-06-03T17:38:16.092+0000] {standard_task_runner.py:63} INFO - Started process 96 to run task
[2024-06-03T17:38:16.092+0000] {standard_task_runner.py:90} INFO - Running: ['***', 'tasks', 'run', 'chess_etl', 'games_etl', 'scheduled__2019-06-01T00:00:00+00:00', '--job-id', '16', '--raw', '--subdir', 'DAGS_FOLDER/chess_dag.py', '--cfg-path', '/tmp/tmpzd083jxb']
[2024-06-03T17:38:16.093+0000] {standard_task_runner.py:91} INFO - Job 16: Subtask games_etl
[2024-06-03T17:38:16.129+0000] {task_command.py:426} INFO - Running <TaskInstance: chess_etl.games_etl scheduled__2019-06-01T00:00:00+00:00 [running]> on host a5a4421409ea
[2024-06-03T17:38:16.195+0000] {taskinstance.py:2648} INFO - Exporting env vars: AIRFLOW_CTX_DAG_OWNER='***' AIRFLOW_CTX_DAG_ID='chess_etl' AIRFLOW_CTX_TASK_ID='games_etl' AIRFLOW_CTX_EXECUTION_DATE='2019-06-01T00:00:00+00:00' AIRFLOW_CTX_TRY_NUMBER='1' AIRFLOW_CTX_DAG_RUN_ID='scheduled__2019-06-01T00:00:00+00:00'
[2024-06-03T17:38:16.196+0000] {taskinstance.py:430} INFO - ::endgroup::
[2024-06-03T17:38:16.197+0000] {warnings.py:110} WARNING - /home/***/.local/lib/python3.12/site-packages/***/utils/context.py:320: AirflowContextDeprecationWarning: Accessing 'execution_date' from the template is deprecated and will be removed in a future version. Please use 'data_interval_start' or 'logical_date' instead.
  warnings.warn(_create_deprecation_warning(k, replacements))

[2024-06-03T17:38:16.467+0000] {python.py:237} INFO - Done. Returned value was: None
[2024-06-03T17:38:16.468+0000] {taskinstance.py:441} INFO - ::group::Post task execution logs
[2024-06-03T17:38:16.476+0000] {taskinstance.py:1206} INFO - Marking task as SUCCESS. dag_id=chess_etl, task_id=games_etl, run_id=scheduled__2019-06-01T00:00:00+00:00, execution_date=20190601T000000, start_date=20240603T173816, end_date=20240603T173816
[2024-06-03T17:38:16.507+0000] {local_task_job_runner.py:240} INFO - Task exited with return code 0
[2024-06-03T17:38:16.521+0000] {taskinstance.py:3498} INFO - 1 downstream tasks scheduled from follow-on schedule check
[2024-06-03T17:38:16.522+0000] {local_task_job_runner.py:222} INFO - ::endgroup::
[2024-06-03T17:44:43.605+0000] {local_task_job_runner.py:120} INFO - ::group::Pre task execution logs
[2024-06-03T17:44:43.621+0000] {taskinstance.py:2076} INFO - Dependencies all met for dep_context=non-requeueable deps ti=<TaskInstance: chess_etl.games_etl scheduled__2019-06-01T00:00:00+00:00 [queued]>
[2024-06-03T17:44:43.627+0000] {taskinstance.py:2076} INFO - Dependencies all met for dep_context=requeueable deps ti=<TaskInstance: chess_etl.games_etl scheduled__2019-06-01T00:00:00+00:00 [queued]>
[2024-06-03T17:44:43.627+0000] {taskinstance.py:2306} INFO - Starting attempt 1 of 1
[2024-06-03T17:44:43.637+0000] {taskinstance.py:2330} INFO - Executing <Task(PythonOperator): games_etl> on 2019-06-01 00:00:00+00:00
[2024-06-03T17:44:43.642+0000] {warnings.py:110} WARNING - /home/***/.local/lib/python3.12/site-packages/***/task/task_runner/standard_task_runner.py:61: DeprecationWarning: This process (pid=116) is multi-threaded, use of fork() may lead to deadlocks in the child.
  pid = os.fork()

[2024-06-03T17:44:43.644+0000] {standard_task_runner.py:63} INFO - Started process 118 to run task
[2024-06-03T17:44:43.644+0000] {standard_task_runner.py:90} INFO - Running: ['***', 'tasks', 'run', 'chess_etl', 'games_etl', 'scheduled__2019-06-01T00:00:00+00:00', '--job-id', '74', '--raw', '--subdir', 'DAGS_FOLDER/chess_dag.py', '--cfg-path', '/tmp/tmpr_lgnrmz']
[2024-06-03T17:44:43.645+0000] {standard_task_runner.py:91} INFO - Job 74: Subtask games_etl
[2024-06-03T17:44:43.678+0000] {task_command.py:426} INFO - Running <TaskInstance: chess_etl.games_etl scheduled__2019-06-01T00:00:00+00:00 [running]> on host f55fff24b127
[2024-06-03T17:44:43.747+0000] {taskinstance.py:2648} INFO - Exporting env vars: AIRFLOW_CTX_DAG_OWNER='***' AIRFLOW_CTX_DAG_ID='chess_etl' AIRFLOW_CTX_TASK_ID='games_etl' AIRFLOW_CTX_EXECUTION_DATE='2019-06-01T00:00:00+00:00' AIRFLOW_CTX_TRY_NUMBER='1' AIRFLOW_CTX_DAG_RUN_ID='scheduled__2019-06-01T00:00:00+00:00'
[2024-06-03T17:44:43.748+0000] {taskinstance.py:430} INFO - ::endgroup::
[2024-06-03T17:44:43.749+0000] {warnings.py:110} WARNING - /home/***/.local/lib/python3.12/site-packages/***/utils/context.py:320: AirflowContextDeprecationWarning: Accessing 'execution_date' from the template is deprecated and will be removed in a future version. Please use 'data_interval_start' or 'logical_date' instead.
  warnings.warn(_create_deprecation_warning(k, replacements))

[2024-06-03T17:44:43.998+0000] {python.py:237} INFO - Done. Returned value was: None
[2024-06-03T17:44:43.998+0000] {taskinstance.py:441} INFO - ::group::Post task execution logs
[2024-06-03T17:44:44.005+0000] {taskinstance.py:1206} INFO - Marking task as SUCCESS. dag_id=chess_etl, task_id=games_etl, run_id=scheduled__2019-06-01T00:00:00+00:00, execution_date=20190601T000000, start_date=20240603T174443, end_date=20240603T174444
[2024-06-03T17:44:44.058+0000] {local_task_job_runner.py:240} INFO - Task exited with return code 0
[2024-06-03T17:44:44.073+0000] {taskinstance.py:3498} INFO - 1 downstream tasks scheduled from follow-on schedule check
[2024-06-03T17:44:44.075+0000] {local_task_job_runner.py:222} INFO - ::endgroup::
[2024-06-08T14:10:12.445+0000] {local_task_job_runner.py:120} INFO - ::group::Pre task execution logs
[2024-06-08T14:10:12.459+0000] {taskinstance.py:2076} INFO - Dependencies all met for dep_context=non-requeueable deps ti=<TaskInstance: chess_etl.games_etl scheduled__2019-06-01T00:00:00+00:00 [queued]>
[2024-06-08T14:10:12.466+0000] {taskinstance.py:2076} INFO - Dependencies all met for dep_context=requeueable deps ti=<TaskInstance: chess_etl.games_etl scheduled__2019-06-01T00:00:00+00:00 [queued]>
[2024-06-08T14:10:12.466+0000] {taskinstance.py:2306} INFO - Starting attempt 1 of 1
[2024-06-08T14:10:12.477+0000] {taskinstance.py:2330} INFO - Executing <Task(PythonOperator): games_etl> on 2019-06-01 00:00:00+00:00
[2024-06-08T14:10:12.481+0000] {warnings.py:110} WARNING - /home/***/.local/lib/python3.12/site-packages/***/task/task_runner/standard_task_runner.py:61: DeprecationWarning: This process (pid=133) is multi-threaded, use of fork() may lead to deadlocks in the child.
  pid = os.fork()

[2024-06-08T14:10:12.482+0000] {standard_task_runner.py:63} INFO - Started process 135 to run task
[2024-06-08T14:10:12.483+0000] {standard_task_runner.py:90} INFO - Running: ['***', 'tasks', 'run', 'chess_etl', 'games_etl', 'scheduled__2019-06-01T00:00:00+00:00', '--job-id', '214', '--raw', '--subdir', 'DAGS_FOLDER/chess_dag.py', '--cfg-path', '/tmp/tmpymoip2dr']
[2024-06-08T14:10:12.483+0000] {standard_task_runner.py:91} INFO - Job 214: Subtask games_etl
[2024-06-08T14:10:12.514+0000] {task_command.py:426} INFO - Running <TaskInstance: chess_etl.games_etl scheduled__2019-06-01T00:00:00+00:00 [running]> on host 3c9d89bfdaf1
[2024-06-08T14:10:12.573+0000] {taskinstance.py:2648} INFO - Exporting env vars: AIRFLOW_CTX_DAG_OWNER='***' AIRFLOW_CTX_DAG_ID='chess_etl' AIRFLOW_CTX_TASK_ID='games_etl' AIRFLOW_CTX_EXECUTION_DATE='2019-06-01T00:00:00+00:00' AIRFLOW_CTX_TRY_NUMBER='1' AIRFLOW_CTX_DAG_RUN_ID='scheduled__2019-06-01T00:00:00+00:00'
[2024-06-08T14:10:12.574+0000] {taskinstance.py:430} INFO - ::endgroup::
[2024-06-08T14:10:12.575+0000] {warnings.py:110} WARNING - /home/***/.local/lib/python3.12/site-packages/***/utils/context.py:320: AirflowContextDeprecationWarning: Accessing 'execution_date' from the template is deprecated and will be removed in a future version. Please use 'data_interval_start' or 'logical_date' instead.
  warnings.warn(_create_deprecation_warning(k, replacements))

[2024-06-08T14:10:12.823+0000] {python.py:237} INFO - Done. Returned value was: None
[2024-06-08T14:10:12.824+0000] {taskinstance.py:441} INFO - ::group::Post task execution logs
[2024-06-08T14:10:12.831+0000] {taskinstance.py:1206} INFO - Marking task as SUCCESS. dag_id=chess_etl, task_id=games_etl, run_id=scheduled__2019-06-01T00:00:00+00:00, execution_date=20190601T000000, start_date=20240608T141012, end_date=20240608T141012
[2024-06-08T14:10:12.856+0000] {local_task_job_runner.py:240} INFO - Task exited with return code 0
[2024-06-08T14:10:12.870+0000] {taskinstance.py:3498} INFO - 1 downstream tasks scheduled from follow-on schedule check
[2024-06-08T14:10:12.871+0000] {local_task_job_runner.py:222} INFO - ::endgroup::
[2024-06-08T14:51:39.295+0000] {local_task_job_runner.py:120} INFO - ::group::Pre task execution logs
[2024-06-08T14:51:39.309+0000] {taskinstance.py:2076} INFO - Dependencies all met for dep_context=non-requeueable deps ti=<TaskInstance: chess_etl.games_etl scheduled__2019-06-01T00:00:00+00:00 [queued]>
[2024-06-08T14:51:39.315+0000] {taskinstance.py:2076} INFO - Dependencies all met for dep_context=requeueable deps ti=<TaskInstance: chess_etl.games_etl scheduled__2019-06-01T00:00:00+00:00 [queued]>
[2024-06-08T14:51:39.315+0000] {taskinstance.py:2306} INFO - Starting attempt 1 of 1
[2024-06-08T14:51:39.326+0000] {taskinstance.py:2330} INFO - Executing <Task(PythonOperator): games_etl> on 2019-06-01 00:00:00+00:00
[2024-06-08T14:51:39.332+0000] {warnings.py:110} WARNING - /home/***/.local/lib/python3.12/site-packages/***/task/task_runner/standard_task_runner.py:61: DeprecationWarning: This process (pid=242) is multi-threaded, use of fork() may lead to deadlocks in the child.
  pid = os.fork()

[2024-06-08T14:51:39.334+0000] {standard_task_runner.py:90} INFO - Running: ['***', 'tasks', 'run', 'chess_etl', 'games_etl', 'scheduled__2019-06-01T00:00:00+00:00', '--job-id', '250', '--raw', '--subdir', 'DAGS_FOLDER/chess_dag.py', '--cfg-path', '/tmp/tmpliqxafu7']
[2024-06-08T14:51:39.334+0000] {standard_task_runner.py:63} INFO - Started process 244 to run task
[2024-06-08T14:51:39.335+0000] {standard_task_runner.py:91} INFO - Job 250: Subtask games_etl
[2024-06-08T14:51:39.366+0000] {task_command.py:426} INFO - Running <TaskInstance: chess_etl.games_etl scheduled__2019-06-01T00:00:00+00:00 [running]> on host bf0ade909435
[2024-06-08T14:51:39.424+0000] {taskinstance.py:2648} INFO - Exporting env vars: AIRFLOW_CTX_DAG_OWNER='***' AIRFLOW_CTX_DAG_ID='chess_etl' AIRFLOW_CTX_TASK_ID='games_etl' AIRFLOW_CTX_EXECUTION_DATE='2019-06-01T00:00:00+00:00' AIRFLOW_CTX_TRY_NUMBER='1' AIRFLOW_CTX_DAG_RUN_ID='scheduled__2019-06-01T00:00:00+00:00'
[2024-06-08T14:51:39.425+0000] {taskinstance.py:430} INFO - ::endgroup::
[2024-06-08T14:51:39.426+0000] {warnings.py:110} WARNING - /home/***/.local/lib/python3.12/site-packages/***/utils/context.py:320: AirflowContextDeprecationWarning: Accessing 'execution_date' from the template is deprecated and will be removed in a future version. Please use 'data_interval_start' or 'logical_date' instead.
  warnings.warn(_create_deprecation_warning(k, replacements))

[2024-06-08T14:51:39.693+0000] {python.py:237} INFO - Done. Returned value was: None
[2024-06-08T14:51:39.694+0000] {taskinstance.py:441} INFO - ::group::Post task execution logs
[2024-06-08T14:51:39.701+0000] {taskinstance.py:1206} INFO - Marking task as SUCCESS. dag_id=chess_etl, task_id=games_etl, run_id=scheduled__2019-06-01T00:00:00+00:00, execution_date=20190601T000000, start_date=20240608T145139, end_date=20240608T145139
[2024-06-08T14:51:39.749+0000] {local_task_job_runner.py:240} INFO - Task exited with return code 0
[2024-06-08T14:51:39.762+0000] {taskinstance.py:3498} INFO - 1 downstream tasks scheduled from follow-on schedule check
[2024-06-08T14:51:39.763+0000] {local_task_job_runner.py:222} INFO - ::endgroup::
[2024-07-07T21:20:13.581+0000] {local_task_job_runner.py:120} INFO - ::group::Pre task execution logs
[2024-07-07T21:20:13.596+0000] {taskinstance.py:2076} INFO - Dependencies all met for dep_context=non-requeueable deps ti=<TaskInstance: chess_etl.games_etl scheduled__2019-06-01T00:00:00+00:00 [queued]>
[2024-07-07T21:20:13.601+0000] {taskinstance.py:2076} INFO - Dependencies all met for dep_context=requeueable deps ti=<TaskInstance: chess_etl.games_etl scheduled__2019-06-01T00:00:00+00:00 [queued]>
[2024-07-07T21:20:13.602+0000] {taskinstance.py:2306} INFO - Starting attempt 1 of 1
[2024-07-07T21:20:13.611+0000] {taskinstance.py:2330} INFO - Executing <Task(PythonOperator): games_etl> on 2019-06-01 00:00:00+00:00
[2024-07-07T21:20:13.618+0000] {warnings.py:110} WARNING - /home/***/.local/lib/python3.12/site-packages/***/task/task_runner/standard_task_runner.py:61: DeprecationWarning: This process (pid=1275) is multi-threaded, use of fork() may lead to deadlocks in the child.
  pid = os.fork()

[2024-07-07T21:20:13.619+0000] {standard_task_runner.py:90} INFO - Running: ['***', 'tasks', 'run', 'chess_etl', 'games_etl', 'scheduled__2019-06-01T00:00:00+00:00', '--job-id', '578', '--raw', '--subdir', 'DAGS_FOLDER/chess_dag.py', '--cfg-path', '/tmp/tmplkuq5l9n']
[2024-07-07T21:20:13.620+0000] {standard_task_runner.py:63} INFO - Started process 1279 to run task
[2024-07-07T21:20:13.620+0000] {standard_task_runner.py:91} INFO - Job 578: Subtask games_etl
[2024-07-07T21:20:13.653+0000] {task_command.py:426} INFO - Running <TaskInstance: chess_etl.games_etl scheduled__2019-06-01T00:00:00+00:00 [running]> on host 6569f5155f0c
[2024-07-07T21:20:13.711+0000] {taskinstance.py:2648} INFO - Exporting env vars: AIRFLOW_CTX_DAG_OWNER='***' AIRFLOW_CTX_DAG_ID='chess_etl' AIRFLOW_CTX_TASK_ID='games_etl' AIRFLOW_CTX_EXECUTION_DATE='2019-06-01T00:00:00+00:00' AIRFLOW_CTX_TRY_NUMBER='1' AIRFLOW_CTX_DAG_RUN_ID='scheduled__2019-06-01T00:00:00+00:00'
[2024-07-07T21:20:13.713+0000] {taskinstance.py:430} INFO - ::endgroup::
[2024-07-07T21:20:13.714+0000] {warnings.py:110} WARNING - /home/***/.local/lib/python3.12/site-packages/***/utils/context.py:320: AirflowContextDeprecationWarning: Accessing 'execution_date' from the template is deprecated and will be removed in a future version. Please use 'data_interval_start' or 'logical_date' instead.
  warnings.warn(_create_deprecation_warning(k, replacements))

[2024-07-07T21:20:13.948+0000] {python.py:237} INFO - Done. Returned value was: None
[2024-07-07T21:20:13.949+0000] {taskinstance.py:441} INFO - ::group::Post task execution logs
[2024-07-07T21:20:13.956+0000] {taskinstance.py:1206} INFO - Marking task as SUCCESS. dag_id=chess_etl, task_id=games_etl, run_id=scheduled__2019-06-01T00:00:00+00:00, execution_date=20190601T000000, start_date=20240707T212013, end_date=20240707T212013
[2024-07-07T21:20:13.994+0000] {local_task_job_runner.py:240} INFO - Task exited with return code 0
[2024-07-07T21:20:14.015+0000] {taskinstance.py:3498} INFO - 1 downstream tasks scheduled from follow-on schedule check
[2024-07-07T21:20:14.017+0000] {local_task_job_runner.py:222} INFO - ::endgroup::
