[2024-06-04T01:35:17.219+0000] {local_task_job_runner.py:120} INFO - ::group::Pre task execution logs
[2024-06-04T01:35:17.234+0000] {taskinstance.py:2076} INFO - Dependencies all met for dep_context=non-requeueable deps ti=<TaskInstance: chess_etl.blunders_etl scheduled__2023-09-01T00:00:00+00:00 [queued]>
[2024-06-04T01:35:17.240+0000] {taskinstance.py:2076} INFO - Dependencies all met for dep_context=requeueable deps ti=<TaskInstance: chess_etl.blunders_etl scheduled__2023-09-01T00:00:00+00:00 [queued]>
[2024-06-04T01:35:17.241+0000] {taskinstance.py:2306} INFO - Starting attempt 1 of 1
[2024-06-04T01:35:17.250+0000] {taskinstance.py:2330} INFO - Executing <Task(PythonOperator): blunders_etl> on 2023-09-01 00:00:00+00:00
[2024-06-04T01:35:17.258+0000] {warnings.py:110} WARNING - /home/***/.local/lib/python3.12/site-packages/***/task/task_runner/standard_task_runner.py:61: DeprecationWarning: This process (pid=51994) is multi-threaded, use of fork() may lead to deadlocks in the child.
  pid = os.fork()

[2024-06-04T01:35:17.259+0000] {standard_task_runner.py:90} INFO - Running: ['***', 'tasks', 'run', 'chess_etl', 'blunders_etl', 'scheduled__2023-09-01T00:00:00+00:00', '--job-id', '177', '--raw', '--subdir', 'DAGS_FOLDER/chess_dag.py', '--cfg-path', '/tmp/tmp4wp15cpr']
[2024-06-04T01:35:17.260+0000] {standard_task_runner.py:63} INFO - Started process 51996 to run task
[2024-06-04T01:35:17.260+0000] {standard_task_runner.py:91} INFO - Job 177: Subtask blunders_etl
[2024-06-04T01:35:17.293+0000] {task_command.py:426} INFO - Running <TaskInstance: chess_etl.blunders_etl scheduled__2023-09-01T00:00:00+00:00 [running]> on host f55fff24b127
[2024-06-04T01:35:17.360+0000] {taskinstance.py:2648} INFO - Exporting env vars: AIRFLOW_CTX_DAG_OWNER='***' AIRFLOW_CTX_DAG_ID='chess_etl' AIRFLOW_CTX_TASK_ID='blunders_etl' AIRFLOW_CTX_EXECUTION_DATE='2023-09-01T00:00:00+00:00' AIRFLOW_CTX_TRY_NUMBER='1' AIRFLOW_CTX_DAG_RUN_ID='scheduled__2023-09-01T00:00:00+00:00'
[2024-06-04T01:35:17.361+0000] {taskinstance.py:430} INFO - ::endgroup::
[2024-06-04T01:35:17.362+0000] {warnings.py:110} WARNING - /home/***/.local/lib/python3.12/site-packages/***/utils/context.py:320: AirflowContextDeprecationWarning: Accessing 'execution_date' from the template is deprecated and will be removed in a future version. Please use 'data_interval_start' or 'logical_date' instead.
  warnings.warn(_create_deprecation_warning(k, replacements))

[2024-06-04T01:35:17.368+0000] {base.py:84} INFO - Using connection ID 'chess_project_s3' for task execution.
[2024-06-04T01:47:35.411+0000] {python.py:237} INFO - Done. Returned value was: None
[2024-06-04T01:47:35.411+0000] {taskinstance.py:441} INFO - ::group::Post task execution logs
[2024-06-04T01:47:35.419+0000] {taskinstance.py:1206} INFO - Marking task as SUCCESS. dag_id=chess_etl, task_id=blunders_etl, run_id=scheduled__2023-09-01T00:00:00+00:00, execution_date=20230901T000000, start_date=20240604T013517, end_date=20240604T014735
[2024-06-04T01:47:35.461+0000] {local_task_job_runner.py:240} INFO - Task exited with return code 0
[2024-06-04T01:47:35.471+0000] {taskinstance.py:3498} INFO - 0 downstream tasks scheduled from follow-on schedule check
[2024-06-04T01:47:35.472+0000] {local_task_job_runner.py:222} INFO - ::endgroup::
[2024-06-08T23:27:52.225+0000] {local_task_job_runner.py:120} INFO - ::group::Pre task execution logs
[2024-06-08T23:27:52.242+0000] {taskinstance.py:2076} INFO - Dependencies all met for dep_context=non-requeueable deps ti=<TaskInstance: chess_etl.blunders_etl scheduled__2023-09-01T00:00:00+00:00 [queued]>
[2024-06-08T23:27:52.248+0000] {taskinstance.py:2076} INFO - Dependencies all met for dep_context=requeueable deps ti=<TaskInstance: chess_etl.blunders_etl scheduled__2023-09-01T00:00:00+00:00 [queued]>
[2024-06-08T23:27:52.248+0000] {taskinstance.py:2306} INFO - Starting attempt 1 of 1
[2024-06-08T23:27:52.263+0000] {taskinstance.py:2330} INFO - Executing <Task(PythonOperator): blunders_etl> on 2023-09-01 00:00:00+00:00
[2024-06-08T23:27:52.271+0000] {warnings.py:110} WARNING - /home/***/.local/lib/python3.12/site-packages/***/task/task_runner/standard_task_runner.py:61: DeprecationWarning: This process (pid=52674) is multi-threaded, use of fork() may lead to deadlocks in the child.
  pid = os.fork()

[2024-06-08T23:27:52.272+0000] {standard_task_runner.py:63} INFO - Started process 52676 to run task
[2024-06-08T23:27:52.273+0000] {standard_task_runner.py:90} INFO - Running: ['***', 'tasks', 'run', 'chess_etl', 'blunders_etl', 'scheduled__2023-09-01T00:00:00+00:00', '--job-id', '353', '--raw', '--subdir', 'DAGS_FOLDER/chess_dag.py', '--cfg-path', '/tmp/tmp8f0_cmty']
[2024-06-08T23:27:52.274+0000] {standard_task_runner.py:91} INFO - Job 353: Subtask blunders_etl
[2024-06-08T23:27:52.316+0000] {task_command.py:426} INFO - Running <TaskInstance: chess_etl.blunders_etl scheduled__2023-09-01T00:00:00+00:00 [running]> on host bf0ade909435
[2024-06-08T23:27:52.391+0000] {taskinstance.py:2648} INFO - Exporting env vars: AIRFLOW_CTX_DAG_OWNER='***' AIRFLOW_CTX_DAG_ID='chess_etl' AIRFLOW_CTX_TASK_ID='blunders_etl' AIRFLOW_CTX_EXECUTION_DATE='2023-09-01T00:00:00+00:00' AIRFLOW_CTX_TRY_NUMBER='1' AIRFLOW_CTX_DAG_RUN_ID='scheduled__2023-09-01T00:00:00+00:00'
[2024-06-08T23:27:52.393+0000] {taskinstance.py:430} INFO - ::endgroup::
[2024-06-08T23:27:52.393+0000] {warnings.py:110} WARNING - /home/***/.local/lib/python3.12/site-packages/***/utils/context.py:320: AirflowContextDeprecationWarning: Accessing 'execution_date' from the template is deprecated and will be removed in a future version. Please use 'data_interval_start' or 'logical_date' instead.
  warnings.warn(_create_deprecation_warning(k, replacements))

[2024-06-08T23:27:52.401+0000] {base.py:84} INFO - Using connection ID 'chess_project_s3' for task execution.
[2024-06-08T23:40:28.621+0000] {python.py:237} INFO - Done. Returned value was: None
[2024-06-08T23:40:28.622+0000] {taskinstance.py:441} INFO - ::group::Post task execution logs
[2024-06-08T23:40:28.631+0000] {taskinstance.py:1206} INFO - Marking task as SUCCESS. dag_id=chess_etl, task_id=blunders_etl, run_id=scheduled__2023-09-01T00:00:00+00:00, execution_date=20230901T000000, start_date=20240608T232752, end_date=20240608T234028
[2024-06-08T23:40:28.655+0000] {local_task_job_runner.py:240} INFO - Task exited with return code 0
[2024-06-08T23:40:28.667+0000] {taskinstance.py:3498} INFO - 0 downstream tasks scheduled from follow-on schedule check
[2024-06-08T23:40:28.668+0000] {local_task_job_runner.py:222} INFO - ::endgroup::
[2024-07-08T04:56:09.653+0000] {local_task_job_runner.py:120} INFO - ::group::Pre task execution logs
[2024-07-08T04:56:09.666+0000] {taskinstance.py:2076} INFO - Dependencies all met for dep_context=non-requeueable deps ti=<TaskInstance: chess_etl.blunders_etl scheduled__2023-09-01T00:00:00+00:00 [queued]>
[2024-07-08T04:56:09.673+0000] {taskinstance.py:2076} INFO - Dependencies all met for dep_context=requeueable deps ti=<TaskInstance: chess_etl.blunders_etl scheduled__2023-09-01T00:00:00+00:00 [queued]>
[2024-07-08T04:56:09.674+0000] {taskinstance.py:2306} INFO - Starting attempt 1 of 1
[2024-07-08T04:56:09.684+0000] {taskinstance.py:2330} INFO - Executing <Task(PythonOperator): blunders_etl> on 2023-09-01 00:00:00+00:00
[2024-07-08T04:56:09.691+0000] {warnings.py:110} WARNING - /home/***/.local/lib/python3.12/site-packages/***/task/task_runner/standard_task_runner.py:61: DeprecationWarning: This process (pid=53482) is multi-threaded, use of fork() may lead to deadlocks in the child.
  pid = os.fork()

[2024-07-08T04:56:09.692+0000] {standard_task_runner.py:63} INFO - Started process 53484 to run task
[2024-07-08T04:56:09.693+0000] {standard_task_runner.py:90} INFO - Running: ['***', 'tasks', 'run', 'chess_etl', 'blunders_etl', 'scheduled__2023-09-01T00:00:00+00:00', '--job-id', '781', '--raw', '--subdir', 'DAGS_FOLDER/chess_dag.py', '--cfg-path', '/tmp/tmp_uwzprwa']
[2024-07-08T04:56:09.694+0000] {standard_task_runner.py:91} INFO - Job 781: Subtask blunders_etl
[2024-07-08T04:56:09.726+0000] {task_command.py:426} INFO - Running <TaskInstance: chess_etl.blunders_etl scheduled__2023-09-01T00:00:00+00:00 [running]> on host 6569f5155f0c
[2024-07-08T04:56:09.789+0000] {taskinstance.py:2648} INFO - Exporting env vars: AIRFLOW_CTX_DAG_OWNER='***' AIRFLOW_CTX_DAG_ID='chess_etl' AIRFLOW_CTX_TASK_ID='blunders_etl' AIRFLOW_CTX_EXECUTION_DATE='2023-09-01T00:00:00+00:00' AIRFLOW_CTX_TRY_NUMBER='1' AIRFLOW_CTX_DAG_RUN_ID='scheduled__2023-09-01T00:00:00+00:00'
[2024-07-08T04:56:09.790+0000] {taskinstance.py:430} INFO - ::endgroup::
[2024-07-08T04:56:09.791+0000] {warnings.py:110} WARNING - /home/***/.local/lib/python3.12/site-packages/***/utils/context.py:320: AirflowContextDeprecationWarning: Accessing 'execution_date' from the template is deprecated and will be removed in a future version. Please use 'data_interval_start' or 'logical_date' instead.
  warnings.warn(_create_deprecation_warning(k, replacements))

[2024-07-08T04:56:09.798+0000] {base.py:84} INFO - Using connection ID 'chess_project_s3' for task execution.
[2024-07-08T05:08:27.736+0000] {python.py:237} INFO - Done. Returned value was: None
[2024-07-08T05:08:27.737+0000] {taskinstance.py:441} INFO - ::group::Post task execution logs
[2024-07-08T05:08:27.745+0000] {taskinstance.py:1206} INFO - Marking task as SUCCESS. dag_id=chess_etl, task_id=blunders_etl, run_id=scheduled__2023-09-01T00:00:00+00:00, execution_date=20230901T000000, start_date=20240708T045609, end_date=20240708T050827
[2024-07-08T05:08:27.787+0000] {local_task_job_runner.py:240} INFO - Task exited with return code 0
[2024-07-08T05:08:27.802+0000] {taskinstance.py:3498} INFO - 1 downstream tasks scheduled from follow-on schedule check
[2024-07-08T05:08:27.804+0000] {local_task_job_runner.py:222} INFO - ::endgroup::
