[2024-07-07T18:35:31.278+0000] {local_task_job_runner.py:120} INFO - ::group::Pre task execution logs
[2024-07-07T18:35:31.292+0000] {taskinstance.py:2076} INFO - Dependencies all met for dep_context=non-requeueable deps ti=<TaskInstance: chess_etl.redshift_game_load scheduled__2021-06-01T00:00:00+00:00 [queued]>
[2024-07-07T18:35:31.298+0000] {taskinstance.py:2076} INFO - Dependencies all met for dep_context=requeueable deps ti=<TaskInstance: chess_etl.redshift_game_load scheduled__2021-06-01T00:00:00+00:00 [queued]>
[2024-07-07T18:35:31.299+0000] {taskinstance.py:2306} INFO - Starting attempt 1 of 1
[2024-07-07T18:35:31.306+0000] {taskinstance.py:2330} INFO - Executing <Task(PythonOperator): redshift_game_load> on 2021-06-01 00:00:00+00:00
[2024-07-07T18:35:31.311+0000] {warnings.py:110} WARNING - /home/***/.local/lib/python3.12/site-packages/***/task/task_runner/standard_task_runner.py:61: DeprecationWarning: This process (pid=1411) is multi-threaded, use of fork() may lead to deadlocks in the child.
  pid = os.fork()

[2024-07-07T18:35:31.313+0000] {standard_task_runner.py:63} INFO - Started process 1415 to run task
[2024-07-07T18:35:31.313+0000] {standard_task_runner.py:90} INFO - Running: ['***', 'tasks', 'run', 'chess_etl', 'redshift_game_load', 'scheduled__2021-06-01T00:00:00+00:00', '--job-id', '441', '--pool', 'default_pool', '--raw', '--subdir', 'DAGS_FOLDER/chess_dag.py', '--cfg-path', '/tmp/tmp0zzual2y']
[2024-07-07T18:35:31.314+0000] {standard_task_runner.py:91} INFO - Job 441: Subtask redshift_game_load
[2024-07-07T18:35:31.344+0000] {task_command.py:426} INFO - Running <TaskInstance: chess_etl.redshift_game_load scheduled__2021-06-01T00:00:00+00:00 [running]> on host cb919e35e0e9
[2024-07-07T18:35:31.402+0000] {taskinstance.py:2648} INFO - Exporting env vars: AIRFLOW_CTX_DAG_OWNER='***' AIRFLOW_CTX_DAG_ID='chess_etl' AIRFLOW_CTX_TASK_ID='redshift_game_load' AIRFLOW_CTX_EXECUTION_DATE='2021-06-01T00:00:00+00:00' AIRFLOW_CTX_TRY_NUMBER='1' AIRFLOW_CTX_DAG_RUN_ID='scheduled__2021-06-01T00:00:00+00:00'
[2024-07-07T18:35:31.403+0000] {taskinstance.py:430} INFO - ::endgroup::
[2024-07-07T18:35:31.404+0000] {warnings.py:110} WARNING - /home/***/.local/lib/python3.12/site-packages/***/utils/context.py:320: AirflowContextDeprecationWarning: Accessing 'execution_date' from the template is deprecated and will be removed in a future version. Please use 'data_interval_start' or 'logical_date' instead.
  warnings.warn(_create_deprecation_warning(k, replacements))

[2024-07-07T18:35:31.409+0000] {base.py:84} INFO - Using connection ID 'chess_project_s3' for task execution.
[2024-07-07T18:35:32.190+0000] {base.py:84} INFO - Using connection ID 'chess_project_redshift' for task execution.
[2024-07-07T18:35:43.426+0000] {python.py:237} INFO - Done. Returned value was: None
[2024-07-07T18:35:43.427+0000] {taskinstance.py:441} INFO - ::group::Post task execution logs
[2024-07-07T18:35:43.433+0000] {taskinstance.py:1206} INFO - Marking task as SUCCESS. dag_id=chess_etl, task_id=redshift_game_load, run_id=scheduled__2021-06-01T00:00:00+00:00, execution_date=20210601T000000, start_date=20240707T183531, end_date=20240707T183543
[2024-07-07T18:35:43.464+0000] {local_task_job_runner.py:240} INFO - Task exited with return code 0
[2024-07-07T18:35:43.474+0000] {taskinstance.py:3498} INFO - 0 downstream tasks scheduled from follow-on schedule check
[2024-07-07T18:35:43.475+0000] {local_task_job_runner.py:222} INFO - ::endgroup::
[2024-07-08T01:36:06.873+0000] {local_task_job_runner.py:120} INFO - ::group::Pre task execution logs
[2024-07-08T01:36:06.888+0000] {taskinstance.py:2076} INFO - Dependencies all met for dep_context=non-requeueable deps ti=<TaskInstance: chess_etl.redshift_game_load scheduled__2021-06-01T00:00:00+00:00 [queued]>
[2024-07-08T01:36:06.893+0000] {taskinstance.py:2076} INFO - Dependencies all met for dep_context=requeueable deps ti=<TaskInstance: chess_etl.redshift_game_load scheduled__2021-06-01T00:00:00+00:00 [queued]>
[2024-07-08T01:36:06.894+0000] {taskinstance.py:2306} INFO - Starting attempt 1 of 1
[2024-07-08T01:36:06.902+0000] {taskinstance.py:2330} INFO - Executing <Task(PythonOperator): redshift_game_load> on 2021-06-01 00:00:00+00:00
[2024-07-08T01:36:06.910+0000] {warnings.py:110} WARNING - /home/***/.local/lib/python3.12/site-packages/***/task/task_runner/standard_task_runner.py:61: DeprecationWarning: This process (pid=30132) is multi-threaded, use of fork() may lead to deadlocks in the child.
  pid = os.fork()

[2024-07-08T01:36:06.911+0000] {standard_task_runner.py:90} INFO - Running: ['***', 'tasks', 'run', 'chess_etl', 'redshift_game_load', 'scheduled__2021-06-01T00:00:00+00:00', '--job-id', '674', '--raw', '--subdir', 'DAGS_FOLDER/chess_dag.py', '--cfg-path', '/tmp/tmpcln2180r']
[2024-07-08T01:36:06.911+0000] {standard_task_runner.py:63} INFO - Started process 30134 to run task
[2024-07-08T01:36:06.912+0000] {standard_task_runner.py:91} INFO - Job 674: Subtask redshift_game_load
[2024-07-08T01:36:06.945+0000] {task_command.py:426} INFO - Running <TaskInstance: chess_etl.redshift_game_load scheduled__2021-06-01T00:00:00+00:00 [running]> on host 6569f5155f0c
[2024-07-08T01:36:07.007+0000] {taskinstance.py:2648} INFO - Exporting env vars: AIRFLOW_CTX_DAG_OWNER='***' AIRFLOW_CTX_DAG_ID='chess_etl' AIRFLOW_CTX_TASK_ID='redshift_game_load' AIRFLOW_CTX_EXECUTION_DATE='2021-06-01T00:00:00+00:00' AIRFLOW_CTX_TRY_NUMBER='1' AIRFLOW_CTX_DAG_RUN_ID='scheduled__2021-06-01T00:00:00+00:00'
[2024-07-08T01:36:07.009+0000] {taskinstance.py:430} INFO - ::endgroup::
[2024-07-08T01:36:07.010+0000] {warnings.py:110} WARNING - /home/***/.local/lib/python3.12/site-packages/***/utils/context.py:320: AirflowContextDeprecationWarning: Accessing 'execution_date' from the template is deprecated and will be removed in a future version. Please use 'data_interval_start' or 'logical_date' instead.
  warnings.warn(_create_deprecation_warning(k, replacements))

[2024-07-08T01:36:07.017+0000] {base.py:84} INFO - Using connection ID 'chess_project_s3' for task execution.
[2024-07-08T01:36:07.833+0000] {base.py:84} INFO - Using connection ID 'chess_project_redshift' for task execution.
[2024-07-08T01:36:10.084+0000] {python.py:237} INFO - Done. Returned value was: None
[2024-07-08T01:36:10.085+0000] {taskinstance.py:441} INFO - ::group::Post task execution logs
[2024-07-08T01:36:10.091+0000] {taskinstance.py:1206} INFO - Marking task as SUCCESS. dag_id=chess_etl, task_id=redshift_game_load, run_id=scheduled__2021-06-01T00:00:00+00:00, execution_date=20210601T000000, start_date=20240708T013606, end_date=20240708T013610
[2024-07-08T01:36:10.140+0000] {local_task_job_runner.py:240} INFO - Task exited with return code 0
[2024-07-08T01:36:10.154+0000] {taskinstance.py:3498} INFO - 1 downstream tasks scheduled from follow-on schedule check
[2024-07-08T01:36:10.156+0000] {local_task_job_runner.py:222} INFO - ::endgroup::
