[2024-06-03T17:38:13.349+0000] {local_task_job_runner.py:120} INFO - ::group::Pre task execution logs
[2024-06-03T17:38:13.366+0000] {taskinstance.py:2076} INFO - Dependencies all met for dep_context=non-requeueable deps ti=<TaskInstance: chess_etl.games_etl scheduled__2019-05-01T00:00:00+00:00 [queued]>
[2024-06-03T17:38:13.371+0000] {taskinstance.py:2076} INFO - Dependencies all met for dep_context=requeueable deps ti=<TaskInstance: chess_etl.games_etl scheduled__2019-05-01T00:00:00+00:00 [queued]>
[2024-06-03T17:38:13.372+0000] {taskinstance.py:2306} INFO - Starting attempt 1 of 1
[2024-06-03T17:38:13.383+0000] {taskinstance.py:2330} INFO - Executing <Task(PythonOperator): games_etl> on 2019-05-01 00:00:00+00:00
[2024-06-03T17:38:13.388+0000] {warnings.py:110} WARNING - /home/***/.local/lib/python3.12/site-packages/***/task/task_runner/standard_task_runner.py:61: DeprecationWarning: This process (pid=87) is multi-threaded, use of fork() may lead to deadlocks in the child.
  pid = os.fork()

[2024-06-03T17:38:13.389+0000] {standard_task_runner.py:63} INFO - Started process 90 to run task
[2024-06-03T17:38:13.389+0000] {standard_task_runner.py:90} INFO - Running: ['***', 'tasks', 'run', 'chess_etl', 'games_etl', 'scheduled__2019-05-01T00:00:00+00:00', '--job-id', '14', '--raw', '--subdir', 'DAGS_FOLDER/chess_dag.py', '--cfg-path', '/tmp/tmpen7pr8st']
[2024-06-03T17:38:13.390+0000] {standard_task_runner.py:91} INFO - Job 14: Subtask games_etl
[2024-06-03T17:38:13.420+0000] {task_command.py:426} INFO - Running <TaskInstance: chess_etl.games_etl scheduled__2019-05-01T00:00:00+00:00 [running]> on host a5a4421409ea
[2024-06-03T17:38:13.477+0000] {taskinstance.py:2648} INFO - Exporting env vars: AIRFLOW_CTX_DAG_OWNER='***' AIRFLOW_CTX_DAG_ID='chess_etl' AIRFLOW_CTX_TASK_ID='games_etl' AIRFLOW_CTX_EXECUTION_DATE='2019-05-01T00:00:00+00:00' AIRFLOW_CTX_TRY_NUMBER='1' AIRFLOW_CTX_DAG_RUN_ID='scheduled__2019-05-01T00:00:00+00:00'
[2024-06-03T17:38:13.478+0000] {taskinstance.py:430} INFO - ::endgroup::
[2024-06-03T17:38:13.479+0000] {warnings.py:110} WARNING - /home/***/.local/lib/python3.12/site-packages/***/utils/context.py:320: AirflowContextDeprecationWarning: Accessing 'execution_date' from the template is deprecated and will be removed in a future version. Please use 'data_interval_start' or 'logical_date' instead.
  warnings.warn(_create_deprecation_warning(k, replacements))

[2024-06-03T17:38:13.724+0000] {python.py:237} INFO - Done. Returned value was: None
[2024-06-03T17:38:13.725+0000] {taskinstance.py:441} INFO - ::group::Post task execution logs
[2024-06-03T17:38:13.731+0000] {taskinstance.py:1206} INFO - Marking task as SUCCESS. dag_id=chess_etl, task_id=games_etl, run_id=scheduled__2019-05-01T00:00:00+00:00, execution_date=20190501T000000, start_date=20240603T173813, end_date=20240603T173813
[2024-06-03T17:38:13.763+0000] {local_task_job_runner.py:240} INFO - Task exited with return code 0
[2024-06-03T17:38:13.775+0000] {taskinstance.py:3498} INFO - 1 downstream tasks scheduled from follow-on schedule check
[2024-06-03T17:38:13.777+0000] {local_task_job_runner.py:222} INFO - ::endgroup::
[2024-06-03T17:44:37.507+0000] {local_task_job_runner.py:120} INFO - ::group::Pre task execution logs
[2024-06-03T17:44:37.524+0000] {taskinstance.py:2076} INFO - Dependencies all met for dep_context=non-requeueable deps ti=<TaskInstance: chess_etl.games_etl scheduled__2019-05-01T00:00:00+00:00 [queued]>
[2024-06-03T17:44:37.529+0000] {taskinstance.py:2076} INFO - Dependencies all met for dep_context=requeueable deps ti=<TaskInstance: chess_etl.games_etl scheduled__2019-05-01T00:00:00+00:00 [queued]>
[2024-06-03T17:44:37.530+0000] {taskinstance.py:2306} INFO - Starting attempt 1 of 1
[2024-06-03T17:44:37.539+0000] {taskinstance.py:2330} INFO - Executing <Task(PythonOperator): games_etl> on 2019-05-01 00:00:00+00:00
[2024-06-03T17:44:37.544+0000] {warnings.py:110} WARNING - /home/***/.local/lib/python3.12/site-packages/***/task/task_runner/standard_task_runner.py:61: DeprecationWarning: This process (pid=108) is multi-threaded, use of fork() may lead to deadlocks in the child.
  pid = os.fork()

[2024-06-03T17:44:37.545+0000] {standard_task_runner.py:63} INFO - Started process 110 to run task
[2024-06-03T17:44:37.545+0000] {standard_task_runner.py:90} INFO - Running: ['***', 'tasks', 'run', 'chess_etl', 'games_etl', 'scheduled__2019-05-01T00:00:00+00:00', '--job-id', '72', '--raw', '--subdir', 'DAGS_FOLDER/chess_dag.py', '--cfg-path', '/tmp/tmpgsa0lchb']
[2024-06-03T17:44:37.546+0000] {standard_task_runner.py:91} INFO - Job 72: Subtask games_etl
[2024-06-03T17:44:37.583+0000] {task_command.py:426} INFO - Running <TaskInstance: chess_etl.games_etl scheduled__2019-05-01T00:00:00+00:00 [running]> on host f55fff24b127
[2024-06-03T17:44:37.651+0000] {taskinstance.py:2648} INFO - Exporting env vars: AIRFLOW_CTX_DAG_OWNER='***' AIRFLOW_CTX_DAG_ID='chess_etl' AIRFLOW_CTX_TASK_ID='games_etl' AIRFLOW_CTX_EXECUTION_DATE='2019-05-01T00:00:00+00:00' AIRFLOW_CTX_TRY_NUMBER='1' AIRFLOW_CTX_DAG_RUN_ID='scheduled__2019-05-01T00:00:00+00:00'
[2024-06-03T17:44:37.652+0000] {taskinstance.py:430} INFO - ::endgroup::
[2024-06-03T17:44:37.653+0000] {warnings.py:110} WARNING - /home/***/.local/lib/python3.12/site-packages/***/utils/context.py:320: AirflowContextDeprecationWarning: Accessing 'execution_date' from the template is deprecated and will be removed in a future version. Please use 'data_interval_start' or 'logical_date' instead.
  warnings.warn(_create_deprecation_warning(k, replacements))

[2024-06-03T17:44:37.908+0000] {python.py:237} INFO - Done. Returned value was: None
[2024-06-03T17:44:37.909+0000] {taskinstance.py:441} INFO - ::group::Post task execution logs
[2024-06-03T17:44:37.916+0000] {taskinstance.py:1206} INFO - Marking task as SUCCESS. dag_id=chess_etl, task_id=games_etl, run_id=scheduled__2019-05-01T00:00:00+00:00, execution_date=20190501T000000, start_date=20240603T174437, end_date=20240603T174437
[2024-06-03T17:44:37.959+0000] {local_task_job_runner.py:240} INFO - Task exited with return code 0
[2024-06-03T17:44:37.973+0000] {taskinstance.py:3498} INFO - 1 downstream tasks scheduled from follow-on schedule check
[2024-06-03T17:44:37.975+0000] {local_task_job_runner.py:222} INFO - ::endgroup::
[2024-06-08T14:10:06.308+0000] {local_task_job_runner.py:120} INFO - ::group::Pre task execution logs
[2024-06-08T14:10:06.322+0000] {taskinstance.py:2076} INFO - Dependencies all met for dep_context=non-requeueable deps ti=<TaskInstance: chess_etl.games_etl scheduled__2019-05-01T00:00:00+00:00 [queued]>
[2024-06-08T14:10:06.327+0000] {taskinstance.py:2076} INFO - Dependencies all met for dep_context=requeueable deps ti=<TaskInstance: chess_etl.games_etl scheduled__2019-05-01T00:00:00+00:00 [queued]>
[2024-06-08T14:10:06.327+0000] {taskinstance.py:2306} INFO - Starting attempt 1 of 1
[2024-06-08T14:10:06.338+0000] {taskinstance.py:2330} INFO - Executing <Task(PythonOperator): games_etl> on 2019-05-01 00:00:00+00:00
[2024-06-08T14:10:06.342+0000] {warnings.py:110} WARNING - /home/***/.local/lib/python3.12/site-packages/***/task/task_runner/standard_task_runner.py:61: DeprecationWarning: This process (pid=117) is multi-threaded, use of fork() may lead to deadlocks in the child.
  pid = os.fork()

[2024-06-08T14:10:06.343+0000] {standard_task_runner.py:63} INFO - Started process 119 to run task
[2024-06-08T14:10:06.344+0000] {standard_task_runner.py:90} INFO - Running: ['***', 'tasks', 'run', 'chess_etl', 'games_etl', 'scheduled__2019-05-01T00:00:00+00:00', '--job-id', '212', '--raw', '--subdir', 'DAGS_FOLDER/chess_dag.py', '--cfg-path', '/tmp/tmpfarjqn7i']
[2024-06-08T14:10:06.344+0000] {standard_task_runner.py:91} INFO - Job 212: Subtask games_etl
[2024-06-08T14:10:06.375+0000] {task_command.py:426} INFO - Running <TaskInstance: chess_etl.games_etl scheduled__2019-05-01T00:00:00+00:00 [running]> on host 3c9d89bfdaf1
[2024-06-08T14:10:06.435+0000] {taskinstance.py:2648} INFO - Exporting env vars: AIRFLOW_CTX_DAG_OWNER='***' AIRFLOW_CTX_DAG_ID='chess_etl' AIRFLOW_CTX_TASK_ID='games_etl' AIRFLOW_CTX_EXECUTION_DATE='2019-05-01T00:00:00+00:00' AIRFLOW_CTX_TRY_NUMBER='1' AIRFLOW_CTX_DAG_RUN_ID='scheduled__2019-05-01T00:00:00+00:00'
[2024-06-08T14:10:06.437+0000] {taskinstance.py:430} INFO - ::endgroup::
[2024-06-08T14:10:06.438+0000] {warnings.py:110} WARNING - /home/***/.local/lib/python3.12/site-packages/***/utils/context.py:320: AirflowContextDeprecationWarning: Accessing 'execution_date' from the template is deprecated and will be removed in a future version. Please use 'data_interval_start' or 'logical_date' instead.
  warnings.warn(_create_deprecation_warning(k, replacements))

[2024-06-08T14:10:06.733+0000] {python.py:237} INFO - Done. Returned value was: None
[2024-06-08T14:10:06.734+0000] {taskinstance.py:441} INFO - ::group::Post task execution logs
[2024-06-08T14:10:06.742+0000] {taskinstance.py:1206} INFO - Marking task as SUCCESS. dag_id=chess_etl, task_id=games_etl, run_id=scheduled__2019-05-01T00:00:00+00:00, execution_date=20190501T000000, start_date=20240608T141006, end_date=20240608T141006
[2024-06-08T14:10:06.797+0000] {local_task_job_runner.py:240} INFO - Task exited with return code 0
[2024-06-08T14:10:06.815+0000] {taskinstance.py:3498} INFO - 1 downstream tasks scheduled from follow-on schedule check
[2024-06-08T14:10:06.817+0000] {local_task_job_runner.py:222} INFO - ::endgroup::
[2024-06-08T14:51:34.202+0000] {local_task_job_runner.py:120} INFO - ::group::Pre task execution logs
[2024-06-08T14:51:34.217+0000] {taskinstance.py:2076} INFO - Dependencies all met for dep_context=non-requeueable deps ti=<TaskInstance: chess_etl.games_etl scheduled__2019-05-01T00:00:00+00:00 [queued]>
[2024-06-08T14:51:34.223+0000] {taskinstance.py:2076} INFO - Dependencies all met for dep_context=requeueable deps ti=<TaskInstance: chess_etl.games_etl scheduled__2019-05-01T00:00:00+00:00 [queued]>
[2024-06-08T14:51:34.224+0000] {taskinstance.py:2306} INFO - Starting attempt 1 of 1
[2024-06-08T14:51:34.235+0000] {taskinstance.py:2330} INFO - Executing <Task(PythonOperator): games_etl> on 2019-05-01 00:00:00+00:00
[2024-06-08T14:51:34.240+0000] {warnings.py:110} WARNING - /home/***/.local/lib/python3.12/site-packages/***/task/task_runner/standard_task_runner.py:61: DeprecationWarning: This process (pid=234) is multi-threaded, use of fork() may lead to deadlocks in the child.
  pid = os.fork()

[2024-06-08T14:51:34.241+0000] {standard_task_runner.py:63} INFO - Started process 236 to run task
[2024-06-08T14:51:34.242+0000] {standard_task_runner.py:90} INFO - Running: ['***', 'tasks', 'run', 'chess_etl', 'games_etl', 'scheduled__2019-05-01T00:00:00+00:00', '--job-id', '248', '--raw', '--subdir', 'DAGS_FOLDER/chess_dag.py', '--cfg-path', '/tmp/tmpf0wi1g3e']
[2024-06-08T14:51:34.243+0000] {standard_task_runner.py:91} INFO - Job 248: Subtask games_etl
[2024-06-08T14:51:34.277+0000] {task_command.py:426} INFO - Running <TaskInstance: chess_etl.games_etl scheduled__2019-05-01T00:00:00+00:00 [running]> on host bf0ade909435
[2024-06-08T14:51:34.336+0000] {taskinstance.py:2648} INFO - Exporting env vars: AIRFLOW_CTX_DAG_OWNER='***' AIRFLOW_CTX_DAG_ID='chess_etl' AIRFLOW_CTX_TASK_ID='games_etl' AIRFLOW_CTX_EXECUTION_DATE='2019-05-01T00:00:00+00:00' AIRFLOW_CTX_TRY_NUMBER='1' AIRFLOW_CTX_DAG_RUN_ID='scheduled__2019-05-01T00:00:00+00:00'
[2024-06-08T14:51:34.337+0000] {taskinstance.py:430} INFO - ::endgroup::
[2024-06-08T14:51:34.339+0000] {warnings.py:110} WARNING - /home/***/.local/lib/python3.12/site-packages/***/utils/context.py:320: AirflowContextDeprecationWarning: Accessing 'execution_date' from the template is deprecated and will be removed in a future version. Please use 'data_interval_start' or 'logical_date' instead.
  warnings.warn(_create_deprecation_warning(k, replacements))

[2024-06-08T14:51:34.569+0000] {python.py:237} INFO - Done. Returned value was: None
[2024-06-08T14:51:34.570+0000] {taskinstance.py:441} INFO - ::group::Post task execution logs
[2024-06-08T14:51:34.577+0000] {taskinstance.py:1206} INFO - Marking task as SUCCESS. dag_id=chess_etl, task_id=games_etl, run_id=scheduled__2019-05-01T00:00:00+00:00, execution_date=20190501T000000, start_date=20240608T145134, end_date=20240608T145134
[2024-06-08T14:51:34.615+0000] {local_task_job_runner.py:240} INFO - Task exited with return code 0
[2024-06-08T14:51:34.629+0000] {taskinstance.py:3498} INFO - 1 downstream tasks scheduled from follow-on schedule check
[2024-06-08T14:51:34.631+0000] {local_task_job_runner.py:222} INFO - ::endgroup::
[2024-07-07T21:20:03.919+0000] {local_task_job_runner.py:120} INFO - ::group::Pre task execution logs
[2024-07-07T21:20:03.934+0000] {taskinstance.py:2076} INFO - Dependencies all met for dep_context=non-requeueable deps ti=<TaskInstance: chess_etl.games_etl scheduled__2019-05-01T00:00:00+00:00 [queued]>
[2024-07-07T21:20:03.941+0000] {taskinstance.py:2076} INFO - Dependencies all met for dep_context=requeueable deps ti=<TaskInstance: chess_etl.games_etl scheduled__2019-05-01T00:00:00+00:00 [queued]>
[2024-07-07T21:20:03.941+0000] {taskinstance.py:2306} INFO - Starting attempt 1 of 1
[2024-07-07T21:20:03.951+0000] {taskinstance.py:2330} INFO - Executing <Task(PythonOperator): games_etl> on 2019-05-01 00:00:00+00:00
[2024-07-07T21:20:03.957+0000] {warnings.py:110} WARNING - /home/***/.local/lib/python3.12/site-packages/***/task/task_runner/standard_task_runner.py:61: DeprecationWarning: This process (pid=1240) is multi-threaded, use of fork() may lead to deadlocks in the child.
  pid = os.fork()

[2024-07-07T21:20:03.959+0000] {standard_task_runner.py:63} INFO - Started process 1244 to run task
[2024-07-07T21:20:03.958+0000] {standard_task_runner.py:90} INFO - Running: ['***', 'tasks', 'run', 'chess_etl', 'games_etl', 'scheduled__2019-05-01T00:00:00+00:00', '--job-id', '571', '--raw', '--subdir', 'DAGS_FOLDER/chess_dag.py', '--cfg-path', '/tmp/tmpt_tunamr']
[2024-07-07T21:20:03.959+0000] {standard_task_runner.py:91} INFO - Job 571: Subtask games_etl
[2024-07-07T21:20:03.996+0000] {task_command.py:426} INFO - Running <TaskInstance: chess_etl.games_etl scheduled__2019-05-01T00:00:00+00:00 [running]> on host 6569f5155f0c
[2024-07-07T21:20:04.060+0000] {taskinstance.py:2648} INFO - Exporting env vars: AIRFLOW_CTX_DAG_OWNER='***' AIRFLOW_CTX_DAG_ID='chess_etl' AIRFLOW_CTX_TASK_ID='games_etl' AIRFLOW_CTX_EXECUTION_DATE='2019-05-01T00:00:00+00:00' AIRFLOW_CTX_TRY_NUMBER='1' AIRFLOW_CTX_DAG_RUN_ID='scheduled__2019-05-01T00:00:00+00:00'
[2024-07-07T21:20:04.061+0000] {taskinstance.py:430} INFO - ::endgroup::
[2024-07-07T21:20:04.063+0000] {warnings.py:110} WARNING - /home/***/.local/lib/python3.12/site-packages/***/utils/context.py:320: AirflowContextDeprecationWarning: Accessing 'execution_date' from the template is deprecated and will be removed in a future version. Please use 'data_interval_start' or 'logical_date' instead.
  warnings.warn(_create_deprecation_warning(k, replacements))

[2024-07-07T21:20:04.359+0000] {python.py:237} INFO - Done. Returned value was: None
[2024-07-07T21:20:04.361+0000] {taskinstance.py:441} INFO - ::group::Post task execution logs
[2024-07-07T21:20:04.368+0000] {taskinstance.py:1206} INFO - Marking task as SUCCESS. dag_id=chess_etl, task_id=games_etl, run_id=scheduled__2019-05-01T00:00:00+00:00, execution_date=20190501T000000, start_date=20240707T212003, end_date=20240707T212004
[2024-07-07T21:20:04.414+0000] {local_task_job_runner.py:240} INFO - Task exited with return code 0
[2024-07-07T21:20:04.433+0000] {taskinstance.py:3498} INFO - 1 downstream tasks scheduled from follow-on schedule check
[2024-07-07T21:20:04.434+0000] {local_task_job_runner.py:222} INFO - ::endgroup::
