[2024-06-04T01:08:57.720+0000] {local_task_job_runner.py:120} INFO - ::group::Pre task execution logs
[2024-06-04T01:08:57.738+0000] {taskinstance.py:2076} INFO - Dependencies all met for dep_context=non-requeueable deps ti=<TaskInstance: chess_etl.games_etl scheduled__2023-06-01T00:00:00+00:00 [queued]>
[2024-06-04T01:08:57.745+0000] {taskinstance.py:2076} INFO - Dependencies all met for dep_context=requeueable deps ti=<TaskInstance: chess_etl.games_etl scheduled__2023-06-01T00:00:00+00:00 [queued]>
[2024-06-04T01:08:57.746+0000] {taskinstance.py:2306} INFO - Starting attempt 1 of 1
[2024-06-04T01:08:57.755+0000] {taskinstance.py:2330} INFO - Executing <Task(PythonOperator): games_etl> on 2023-06-01 00:00:00+00:00
[2024-06-04T01:08:57.763+0000] {warnings.py:110} WARNING - /home/***/.local/lib/python3.12/site-packages/***/task/task_runner/standard_task_runner.py:61: DeprecationWarning: This process (pid=49181) is multi-threaded, use of fork() may lead to deadlocks in the child.
  pid = os.fork()

[2024-06-04T01:08:57.765+0000] {standard_task_runner.py:63} INFO - Started process 49183 to run task
[2024-06-04T01:08:57.765+0000] {standard_task_runner.py:90} INFO - Running: ['***', 'tasks', 'run', 'chess_etl', 'games_etl', 'scheduled__2023-06-01T00:00:00+00:00', '--job-id', '170', '--raw', '--subdir', 'DAGS_FOLDER/chess_dag.py', '--cfg-path', '/tmp/tmp2ud499si']
[2024-06-04T01:08:57.766+0000] {standard_task_runner.py:91} INFO - Job 170: Subtask games_etl
[2024-06-04T01:08:57.803+0000] {task_command.py:426} INFO - Running <TaskInstance: chess_etl.games_etl scheduled__2023-06-01T00:00:00+00:00 [running]> on host f55fff24b127
[2024-06-04T01:08:57.867+0000] {taskinstance.py:2648} INFO - Exporting env vars: AIRFLOW_CTX_DAG_OWNER='***' AIRFLOW_CTX_DAG_ID='chess_etl' AIRFLOW_CTX_TASK_ID='games_etl' AIRFLOW_CTX_EXECUTION_DATE='2023-06-01T00:00:00+00:00' AIRFLOW_CTX_TRY_NUMBER='1' AIRFLOW_CTX_DAG_RUN_ID='scheduled__2023-06-01T00:00:00+00:00'
[2024-06-04T01:08:57.869+0000] {taskinstance.py:430} INFO - ::endgroup::
[2024-06-04T01:08:57.870+0000] {warnings.py:110} WARNING - /home/***/.local/lib/python3.12/site-packages/***/utils/context.py:320: AirflowContextDeprecationWarning: Accessing 'execution_date' from the template is deprecated and will be removed in a future version. Please use 'data_interval_start' or 'logical_date' instead.
  warnings.warn(_create_deprecation_warning(k, replacements))

[2024-06-04T01:08:58.641+0000] {base.py:84} INFO - Using connection ID 'chess_project_s3' for task execution.
[2024-06-04T01:08:59.470+0000] {python.py:237} INFO - Done. Returned value was: None
[2024-06-04T01:08:59.470+0000] {taskinstance.py:441} INFO - ::group::Post task execution logs
[2024-06-04T01:08:59.477+0000] {taskinstance.py:1206} INFO - Marking task as SUCCESS. dag_id=chess_etl, task_id=games_etl, run_id=scheduled__2023-06-01T00:00:00+00:00, execution_date=20230601T000000, start_date=20240604T010857, end_date=20240604T010859
[2024-06-04T01:08:59.503+0000] {local_task_job_runner.py:240} INFO - Task exited with return code 0
[2024-06-04T01:08:59.516+0000] {taskinstance.py:3498} INFO - 1 downstream tasks scheduled from follow-on schedule check
[2024-06-04T01:08:59.517+0000] {local_task_job_runner.py:222} INFO - ::endgroup::
[2024-06-08T23:01:17.597+0000] {local_task_job_runner.py:120} INFO - ::group::Pre task execution logs
[2024-06-08T23:01:17.611+0000] {taskinstance.py:2076} INFO - Dependencies all met for dep_context=non-requeueable deps ti=<TaskInstance: chess_etl.games_etl scheduled__2023-06-01T00:00:00+00:00 [queued]>
[2024-06-08T23:01:17.617+0000] {taskinstance.py:2076} INFO - Dependencies all met for dep_context=requeueable deps ti=<TaskInstance: chess_etl.games_etl scheduled__2023-06-01T00:00:00+00:00 [queued]>
[2024-06-08T23:01:17.618+0000] {taskinstance.py:2306} INFO - Starting attempt 1 of 1
[2024-06-08T23:01:17.629+0000] {taskinstance.py:2330} INFO - Executing <Task(PythonOperator): games_etl> on 2023-06-01 00:00:00+00:00
[2024-06-08T23:01:17.637+0000] {warnings.py:110} WARNING - /home/***/.local/lib/python3.12/site-packages/***/task/task_runner/standard_task_runner.py:61: DeprecationWarning: This process (pid=49888) is multi-threaded, use of fork() may lead to deadlocks in the child.
  pid = os.fork()

[2024-06-08T23:01:17.638+0000] {standard_task_runner.py:63} INFO - Started process 49890 to run task
[2024-06-08T23:01:17.638+0000] {standard_task_runner.py:90} INFO - Running: ['***', 'tasks', 'run', 'chess_etl', 'games_etl', 'scheduled__2023-06-01T00:00:00+00:00', '--job-id', '346', '--raw', '--subdir', 'DAGS_FOLDER/chess_dag.py', '--cfg-path', '/tmp/tmpulvxglw5']
[2024-06-08T23:01:17.639+0000] {standard_task_runner.py:91} INFO - Job 346: Subtask games_etl
[2024-06-08T23:01:17.674+0000] {task_command.py:426} INFO - Running <TaskInstance: chess_etl.games_etl scheduled__2023-06-01T00:00:00+00:00 [running]> on host bf0ade909435
[2024-06-08T23:01:17.738+0000] {taskinstance.py:2648} INFO - Exporting env vars: AIRFLOW_CTX_DAG_OWNER='***' AIRFLOW_CTX_DAG_ID='chess_etl' AIRFLOW_CTX_TASK_ID='games_etl' AIRFLOW_CTX_EXECUTION_DATE='2023-06-01T00:00:00+00:00' AIRFLOW_CTX_TRY_NUMBER='1' AIRFLOW_CTX_DAG_RUN_ID='scheduled__2023-06-01T00:00:00+00:00'
[2024-06-08T23:01:17.739+0000] {taskinstance.py:430} INFO - ::endgroup::
[2024-06-08T23:01:17.740+0000] {warnings.py:110} WARNING - /home/***/.local/lib/python3.12/site-packages/***/utils/context.py:320: AirflowContextDeprecationWarning: Accessing 'execution_date' from the template is deprecated and will be removed in a future version. Please use 'data_interval_start' or 'logical_date' instead.
  warnings.warn(_create_deprecation_warning(k, replacements))

[2024-06-08T23:01:18.449+0000] {base.py:84} INFO - Using connection ID 'chess_project_s3' for task execution.
[2024-06-08T23:01:19.182+0000] {python.py:237} INFO - Done. Returned value was: None
[2024-06-08T23:01:19.183+0000] {taskinstance.py:441} INFO - ::group::Post task execution logs
[2024-06-08T23:01:19.189+0000] {taskinstance.py:1206} INFO - Marking task as SUCCESS. dag_id=chess_etl, task_id=games_etl, run_id=scheduled__2023-06-01T00:00:00+00:00, execution_date=20230601T000000, start_date=20240608T230117, end_date=20240608T230119
[2024-06-08T23:01:19.215+0000] {local_task_job_runner.py:240} INFO - Task exited with return code 0
[2024-06-08T23:01:19.229+0000] {taskinstance.py:3498} INFO - 1 downstream tasks scheduled from follow-on schedule check
[2024-06-08T23:01:19.230+0000] {local_task_job_runner.py:222} INFO - ::endgroup::
[2024-07-08T04:29:30.829+0000] {local_task_job_runner.py:120} INFO - ::group::Pre task execution logs
[2024-07-08T04:29:30.842+0000] {taskinstance.py:2076} INFO - Dependencies all met for dep_context=non-requeueable deps ti=<TaskInstance: chess_etl.games_etl scheduled__2023-06-01T00:00:00+00:00 [queued]>
[2024-07-08T04:29:30.847+0000] {taskinstance.py:2076} INFO - Dependencies all met for dep_context=requeueable deps ti=<TaskInstance: chess_etl.games_etl scheduled__2023-06-01T00:00:00+00:00 [queued]>
[2024-07-08T04:29:30.848+0000] {taskinstance.py:2306} INFO - Starting attempt 1 of 1
[2024-07-08T04:29:30.856+0000] {taskinstance.py:2330} INFO - Executing <Task(PythonOperator): games_etl> on 2023-06-01 00:00:00+00:00
[2024-07-08T04:29:30.863+0000] {warnings.py:110} WARNING - /home/***/.local/lib/python3.12/site-packages/***/task/task_runner/standard_task_runner.py:61: DeprecationWarning: This process (pid=50607) is multi-threaded, use of fork() may lead to deadlocks in the child.
  pid = os.fork()

[2024-07-08T04:29:30.865+0000] {standard_task_runner.py:63} INFO - Started process 50609 to run task
[2024-07-08T04:29:30.865+0000] {standard_task_runner.py:90} INFO - Running: ['***', 'tasks', 'run', 'chess_etl', 'games_etl', 'scheduled__2023-06-01T00:00:00+00:00', '--job-id', '768', '--raw', '--subdir', 'DAGS_FOLDER/chess_dag.py', '--cfg-path', '/tmp/tmpd8jadqjf']
[2024-07-08T04:29:30.866+0000] {standard_task_runner.py:91} INFO - Job 768: Subtask games_etl
[2024-07-08T04:29:30.900+0000] {task_command.py:426} INFO - Running <TaskInstance: chess_etl.games_etl scheduled__2023-06-01T00:00:00+00:00 [running]> on host 6569f5155f0c
[2024-07-08T04:29:30.960+0000] {taskinstance.py:2648} INFO - Exporting env vars: AIRFLOW_CTX_DAG_OWNER='***' AIRFLOW_CTX_DAG_ID='chess_etl' AIRFLOW_CTX_TASK_ID='games_etl' AIRFLOW_CTX_EXECUTION_DATE='2023-06-01T00:00:00+00:00' AIRFLOW_CTX_TRY_NUMBER='1' AIRFLOW_CTX_DAG_RUN_ID='scheduled__2023-06-01T00:00:00+00:00'
[2024-07-08T04:29:30.961+0000] {taskinstance.py:430} INFO - ::endgroup::
[2024-07-08T04:29:30.962+0000] {warnings.py:110} WARNING - /home/***/.local/lib/python3.12/site-packages/***/utils/context.py:320: AirflowContextDeprecationWarning: Accessing 'execution_date' from the template is deprecated and will be removed in a future version. Please use 'data_interval_start' or 'logical_date' instead.
  warnings.warn(_create_deprecation_warning(k, replacements))

[2024-07-08T04:29:31.733+0000] {base.py:84} INFO - Using connection ID 'chess_project_s3' for task execution.
[2024-07-08T04:29:32.557+0000] {python.py:237} INFO - Done. Returned value was: None
[2024-07-08T04:29:32.557+0000] {taskinstance.py:441} INFO - ::group::Post task execution logs
[2024-07-08T04:29:32.563+0000] {taskinstance.py:1206} INFO - Marking task as SUCCESS. dag_id=chess_etl, task_id=games_etl, run_id=scheduled__2023-06-01T00:00:00+00:00, execution_date=20230601T000000, start_date=20240708T042930, end_date=20240708T042932
[2024-07-08T04:29:32.602+0000] {local_task_job_runner.py:240} INFO - Task exited with return code 0
[2024-07-08T04:29:32.619+0000] {taskinstance.py:3498} INFO - 1 downstream tasks scheduled from follow-on schedule check
[2024-07-08T04:29:32.621+0000] {local_task_job_runner.py:222} INFO - ::endgroup::
