[2024-06-04T01:19:15.649+0000] {local_task_job_runner.py:120} INFO - ::group::Pre task execution logs
[2024-06-04T01:19:15.667+0000] {taskinstance.py:2076} INFO - Dependencies all met for dep_context=non-requeueable deps ti=<TaskInstance: chess_etl.blunders_etl scheduled__2023-07-01T00:00:00+00:00 [queued]>
[2024-06-04T01:19:15.674+0000] {taskinstance.py:2076} INFO - Dependencies all met for dep_context=requeueable deps ti=<TaskInstance: chess_etl.blunders_etl scheduled__2023-07-01T00:00:00+00:00 [queued]>
[2024-06-04T01:19:15.674+0000] {taskinstance.py:2306} INFO - Starting attempt 1 of 1
[2024-06-04T01:19:15.687+0000] {taskinstance.py:2330} INFO - Executing <Task(PythonOperator): blunders_etl> on 2023-07-01 00:00:00+00:00
[2024-06-04T01:19:15.695+0000] {warnings.py:110} WARNING - /home/***/.local/lib/python3.12/site-packages/***/task/task_runner/standard_task_runner.py:61: DeprecationWarning: This process (pid=50306) is multi-threaded, use of fork() may lead to deadlocks in the child.
  pid = os.fork()

[2024-06-04T01:19:15.696+0000] {standard_task_runner.py:63} INFO - Started process 50308 to run task
[2024-06-04T01:19:15.696+0000] {standard_task_runner.py:90} INFO - Running: ['***', 'tasks', 'run', 'chess_etl', 'blunders_etl', 'scheduled__2023-07-01T00:00:00+00:00', '--job-id', '173', '--raw', '--subdir', 'DAGS_FOLDER/chess_dag.py', '--cfg-path', '/tmp/tmpyhqyba1w']
[2024-06-04T01:19:15.697+0000] {standard_task_runner.py:91} INFO - Job 173: Subtask blunders_etl
[2024-06-04T01:19:15.734+0000] {task_command.py:426} INFO - Running <TaskInstance: chess_etl.blunders_etl scheduled__2023-07-01T00:00:00+00:00 [running]> on host f55fff24b127
[2024-06-04T01:19:15.809+0000] {taskinstance.py:2648} INFO - Exporting env vars: AIRFLOW_CTX_DAG_OWNER='***' AIRFLOW_CTX_DAG_ID='chess_etl' AIRFLOW_CTX_TASK_ID='blunders_etl' AIRFLOW_CTX_EXECUTION_DATE='2023-07-01T00:00:00+00:00' AIRFLOW_CTX_TRY_NUMBER='1' AIRFLOW_CTX_DAG_RUN_ID='scheduled__2023-07-01T00:00:00+00:00'
[2024-06-04T01:19:15.810+0000] {taskinstance.py:430} INFO - ::endgroup::
[2024-06-04T01:19:15.812+0000] {warnings.py:110} WARNING - /home/***/.local/lib/python3.12/site-packages/***/utils/context.py:320: AirflowContextDeprecationWarning: Accessing 'execution_date' from the template is deprecated and will be removed in a future version. Please use 'data_interval_start' or 'logical_date' instead.
  warnings.warn(_create_deprecation_warning(k, replacements))

[2024-06-04T01:19:15.819+0000] {base.py:84} INFO - Using connection ID 'chess_project_s3' for task execution.
[2024-06-04T01:35:10.632+0000] {python.py:237} INFO - Done. Returned value was: None
[2024-06-04T01:35:10.632+0000] {taskinstance.py:441} INFO - ::group::Post task execution logs
[2024-06-04T01:35:10.638+0000] {taskinstance.py:1206} INFO - Marking task as SUCCESS. dag_id=chess_etl, task_id=blunders_etl, run_id=scheduled__2023-07-01T00:00:00+00:00, execution_date=20230701T000000, start_date=20240604T011915, end_date=20240604T013510
[2024-06-04T01:35:10.681+0000] {local_task_job_runner.py:240} INFO - Task exited with return code 0
[2024-06-04T01:35:10.696+0000] {taskinstance.py:3498} INFO - 0 downstream tasks scheduled from follow-on schedule check
[2024-06-04T01:35:10.697+0000] {local_task_job_runner.py:222} INFO - ::endgroup::
[2024-06-08T23:11:38.950+0000] {local_task_job_runner.py:120} INFO - ::group::Pre task execution logs
[2024-06-08T23:11:38.966+0000] {taskinstance.py:2076} INFO - Dependencies all met for dep_context=non-requeueable deps ti=<TaskInstance: chess_etl.blunders_etl scheduled__2023-07-01T00:00:00+00:00 [queued]>
[2024-06-08T23:11:38.972+0000] {taskinstance.py:2076} INFO - Dependencies all met for dep_context=requeueable deps ti=<TaskInstance: chess_etl.blunders_etl scheduled__2023-07-01T00:00:00+00:00 [queued]>
[2024-06-08T23:11:38.973+0000] {taskinstance.py:2306} INFO - Starting attempt 1 of 1
[2024-06-08T23:11:38.985+0000] {taskinstance.py:2330} INFO - Executing <Task(PythonOperator): blunders_etl> on 2023-07-01 00:00:00+00:00
[2024-06-08T23:11:38.993+0000] {warnings.py:110} WARNING - /home/***/.local/lib/python3.12/site-packages/***/task/task_runner/standard_task_runner.py:61: DeprecationWarning: This process (pid=50996) is multi-threaded, use of fork() may lead to deadlocks in the child.
  pid = os.fork()

[2024-06-08T23:11:38.995+0000] {standard_task_runner.py:90} INFO - Running: ['***', 'tasks', 'run', 'chess_etl', 'blunders_etl', 'scheduled__2023-07-01T00:00:00+00:00', '--job-id', '349', '--raw', '--subdir', 'DAGS_FOLDER/chess_dag.py', '--cfg-path', '/tmp/tmpxpj8ilm9']
[2024-06-08T23:11:38.995+0000] {standard_task_runner.py:63} INFO - Started process 50998 to run task
[2024-06-08T23:11:38.996+0000] {standard_task_runner.py:91} INFO - Job 349: Subtask blunders_etl
[2024-06-08T23:11:39.033+0000] {task_command.py:426} INFO - Running <TaskInstance: chess_etl.blunders_etl scheduled__2023-07-01T00:00:00+00:00 [running]> on host bf0ade909435
[2024-06-08T23:11:39.099+0000] {taskinstance.py:2648} INFO - Exporting env vars: AIRFLOW_CTX_DAG_OWNER='***' AIRFLOW_CTX_DAG_ID='chess_etl' AIRFLOW_CTX_TASK_ID='blunders_etl' AIRFLOW_CTX_EXECUTION_DATE='2023-07-01T00:00:00+00:00' AIRFLOW_CTX_TRY_NUMBER='1' AIRFLOW_CTX_DAG_RUN_ID='scheduled__2023-07-01T00:00:00+00:00'
[2024-06-08T23:11:39.100+0000] {taskinstance.py:430} INFO - ::endgroup::
[2024-06-08T23:11:39.101+0000] {warnings.py:110} WARNING - /home/***/.local/lib/python3.12/site-packages/***/utils/context.py:320: AirflowContextDeprecationWarning: Accessing 'execution_date' from the template is deprecated and will be removed in a future version. Please use 'data_interval_start' or 'logical_date' instead.
  warnings.warn(_create_deprecation_warning(k, replacements))

[2024-06-08T23:11:39.109+0000] {base.py:84} INFO - Using connection ID 'chess_project_s3' for task execution.
[2024-06-08T23:27:45.440+0000] {python.py:237} INFO - Done. Returned value was: None
[2024-06-08T23:27:45.441+0000] {taskinstance.py:441} INFO - ::group::Post task execution logs
[2024-06-08T23:27:45.455+0000] {taskinstance.py:1206} INFO - Marking task as SUCCESS. dag_id=chess_etl, task_id=blunders_etl, run_id=scheduled__2023-07-01T00:00:00+00:00, execution_date=20230701T000000, start_date=20240608T231138, end_date=20240608T232745
[2024-06-08T23:27:45.507+0000] {local_task_job_runner.py:240} INFO - Task exited with return code 0
[2024-06-08T23:27:45.529+0000] {taskinstance.py:3498} INFO - 0 downstream tasks scheduled from follow-on schedule check
[2024-06-08T23:27:45.538+0000] {local_task_job_runner.py:222} INFO - ::endgroup::
[2024-07-08T04:40:06.274+0000] {local_task_job_runner.py:120} INFO - ::group::Pre task execution logs
[2024-07-08T04:40:06.289+0000] {taskinstance.py:2076} INFO - Dependencies all met for dep_context=non-requeueable deps ti=<TaskInstance: chess_etl.blunders_etl scheduled__2023-07-01T00:00:00+00:00 [queued]>
[2024-07-08T04:40:06.295+0000] {taskinstance.py:2076} INFO - Dependencies all met for dep_context=requeueable deps ti=<TaskInstance: chess_etl.blunders_etl scheduled__2023-07-01T00:00:00+00:00 [queued]>
[2024-07-08T04:40:06.295+0000] {taskinstance.py:2306} INFO - Starting attempt 1 of 1
[2024-07-08T04:40:06.305+0000] {taskinstance.py:2330} INFO - Executing <Task(PythonOperator): blunders_etl> on 2023-07-01 00:00:00+00:00
[2024-07-08T04:40:06.312+0000] {warnings.py:110} WARNING - /home/***/.local/lib/python3.12/site-packages/***/task/task_runner/standard_task_runner.py:61: DeprecationWarning: This process (pid=51774) is multi-threaded, use of fork() may lead to deadlocks in the child.
  pid = os.fork()

[2024-07-08T04:40:06.314+0000] {standard_task_runner.py:63} INFO - Started process 51776 to run task
[2024-07-08T04:40:06.314+0000] {standard_task_runner.py:90} INFO - Running: ['***', 'tasks', 'run', 'chess_etl', 'blunders_etl', 'scheduled__2023-07-01T00:00:00+00:00', '--job-id', '773', '--raw', '--subdir', 'DAGS_FOLDER/chess_dag.py', '--cfg-path', '/tmp/tmpjb3jy0us']
[2024-07-08T04:40:06.315+0000] {standard_task_runner.py:91} INFO - Job 773: Subtask blunders_etl
[2024-07-08T04:40:06.358+0000] {task_command.py:426} INFO - Running <TaskInstance: chess_etl.blunders_etl scheduled__2023-07-01T00:00:00+00:00 [running]> on host 6569f5155f0c
[2024-07-08T04:40:06.425+0000] {taskinstance.py:2648} INFO - Exporting env vars: AIRFLOW_CTX_DAG_OWNER='***' AIRFLOW_CTX_DAG_ID='chess_etl' AIRFLOW_CTX_TASK_ID='blunders_etl' AIRFLOW_CTX_EXECUTION_DATE='2023-07-01T00:00:00+00:00' AIRFLOW_CTX_TRY_NUMBER='1' AIRFLOW_CTX_DAG_RUN_ID='scheduled__2023-07-01T00:00:00+00:00'
[2024-07-08T04:40:06.426+0000] {taskinstance.py:430} INFO - ::endgroup::
[2024-07-08T04:40:06.427+0000] {warnings.py:110} WARNING - /home/***/.local/lib/python3.12/site-packages/***/utils/context.py:320: AirflowContextDeprecationWarning: Accessing 'execution_date' from the template is deprecated and will be removed in a future version. Please use 'data_interval_start' or 'logical_date' instead.
  warnings.warn(_create_deprecation_warning(k, replacements))

[2024-07-08T04:40:06.432+0000] {base.py:84} INFO - Using connection ID 'chess_project_s3' for task execution.
[2024-07-08T04:55:54.404+0000] {python.py:237} INFO - Done. Returned value was: None
[2024-07-08T04:55:54.404+0000] {taskinstance.py:441} INFO - ::group::Post task execution logs
[2024-07-08T04:55:54.413+0000] {taskinstance.py:1206} INFO - Marking task as SUCCESS. dag_id=chess_etl, task_id=blunders_etl, run_id=scheduled__2023-07-01T00:00:00+00:00, execution_date=20230701T000000, start_date=20240708T044006, end_date=20240708T045554
[2024-07-08T04:55:54.443+0000] {local_task_job_runner.py:240} INFO - Task exited with return code 0
[2024-07-08T04:55:54.458+0000] {taskinstance.py:3498} INFO - 1 downstream tasks scheduled from follow-on schedule check
[2024-07-08T04:55:54.460+0000] {local_task_job_runner.py:222} INFO - ::endgroup::
