[2024-06-03T17:39:17.879+0000] {local_task_job_runner.py:120} INFO - ::group::Pre task execution logs
[2024-06-03T17:39:17.896+0000] {taskinstance.py:2076} INFO - Dependencies all met for dep_context=non-requeueable deps ti=<TaskInstance: chess_etl.games_etl scheduled__2021-08-01T00:00:00+00:00 [queued]>
[2024-06-03T17:39:17.903+0000] {taskinstance.py:2076} INFO - Dependencies all met for dep_context=requeueable deps ti=<TaskInstance: chess_etl.games_etl scheduled__2021-08-01T00:00:00+00:00 [queued]>
[2024-06-03T17:39:17.903+0000] {taskinstance.py:2306} INFO - Starting attempt 1 of 1
[2024-06-03T17:39:17.914+0000] {taskinstance.py:2330} INFO - Executing <Task(PythonOperator): games_etl> on 2021-08-01 00:00:00+00:00
[2024-06-03T17:39:17.919+0000] {warnings.py:110} WARNING - /home/***/.local/lib/python3.12/site-packages/***/task/task_runner/standard_task_runner.py:61: DeprecationWarning: This process (pid=216) is multi-threaded, use of fork() may lead to deadlocks in the child.
  pid = os.fork()

[2024-06-03T17:39:17.920+0000] {standard_task_runner.py:63} INFO - Started process 220 to run task
[2024-06-03T17:39:17.920+0000] {standard_task_runner.py:90} INFO - Running: ['***', 'tasks', 'run', 'chess_etl', 'games_etl', 'scheduled__2021-08-01T00:00:00+00:00', '--job-id', '53', '--raw', '--subdir', 'DAGS_FOLDER/chess_dag.py', '--cfg-path', '/tmp/tmpb_m5y4pl']
[2024-06-03T17:39:17.921+0000] {standard_task_runner.py:91} INFO - Job 53: Subtask games_etl
[2024-06-03T17:39:17.958+0000] {task_command.py:426} INFO - Running <TaskInstance: chess_etl.games_etl scheduled__2021-08-01T00:00:00+00:00 [running]> on host a5a4421409ea
[2024-06-03T17:39:18.024+0000] {taskinstance.py:2648} INFO - Exporting env vars: AIRFLOW_CTX_DAG_OWNER='***' AIRFLOW_CTX_DAG_ID='chess_etl' AIRFLOW_CTX_TASK_ID='games_etl' AIRFLOW_CTX_EXECUTION_DATE='2021-08-01T00:00:00+00:00' AIRFLOW_CTX_TRY_NUMBER='1' AIRFLOW_CTX_DAG_RUN_ID='scheduled__2021-08-01T00:00:00+00:00'
[2024-06-03T17:39:18.025+0000] {taskinstance.py:430} INFO - ::endgroup::
[2024-06-03T17:39:18.026+0000] {warnings.py:110} WARNING - /home/***/.local/lib/python3.12/site-packages/***/utils/context.py:320: AirflowContextDeprecationWarning: Accessing 'execution_date' from the template is deprecated and will be removed in a future version. Please use 'data_interval_start' or 'logical_date' instead.
  warnings.warn(_create_deprecation_warning(k, replacements))

[2024-06-03T17:39:18.396+0000] {taskinstance.py:441} INFO - ::group::Post task execution logs
[2024-06-03T17:39:18.403+0000] {taskinstance.py:2905} ERROR - Task failed with exception
Traceback (most recent call last):
  File "/home/airflow/.local/lib/python3.12/site-packages/airflow/models/taskinstance.py", line 465, in _execute_task
    result = _execute_callable(context=context, **execute_callable_kwargs)
             ^^^^^^^^^^^^^^^^^^^^^^^^^^^^^^^^^^^^^^^^^^^^^^^^^^^^^^^^^^^^^
  File "/home/airflow/.local/lib/python3.12/site-packages/airflow/models/taskinstance.py", line 432, in _execute_callable
    return execute_callable(context=context, **execute_callable_kwargs)
           ^^^^^^^^^^^^^^^^^^^^^^^^^^^^^^^^^^^^^^^^^^^^^^^^^^^^^^^^^^^^
  File "/home/airflow/.local/lib/python3.12/site-packages/airflow/models/baseoperator.py", line 400, in wrapper
    return func(self, *args, **kwargs)
           ^^^^^^^^^^^^^^^^^^^^^^^^^^^
  File "/home/airflow/.local/lib/python3.12/site-packages/airflow/operators/python.py", line 235, in execute
    return_value = self.execute_callable()
                   ^^^^^^^^^^^^^^^^^^^^^^^
  File "/home/airflow/.local/lib/python3.12/site-packages/airflow/operators/python.py", line 252, in execute_callable
    return self.python_callable(*self.op_args, **self.op_kwargs)
           ^^^^^^^^^^^^^^^^^^^^^^^^^^^^^^^^^^^^^^^^^^^^^^^^^^^^^
  File "/opt/airflow/dags/chess_dag.py", line 19, in games_etl_task
    return get_monthly_games(execution_date)
           ^^^^^^^^^^^^^^^^^^^^^^^^^^^^^^^^^
  File "/opt/airflow/dags/chess_etl_code.py", line 60, in get_monthly_games
    connection = BaseHook.get_connection('chess_project_s3')
                 ^^^^^^^^^^^^^^^^^^^^^^^^^^^^^^^^^^^^^^^^^^^
  File "/home/airflow/.local/lib/python3.12/site-packages/airflow/hooks/base.py", line 83, in get_connection
    conn = Connection.get_connection_from_secrets(conn_id)
           ^^^^^^^^^^^^^^^^^^^^^^^^^^^^^^^^^^^^^^^^^^^^^^^
  File "/home/airflow/.local/lib/python3.12/site-packages/airflow/models/connection.py", line 519, in get_connection_from_secrets
    raise AirflowNotFoundException(f"The conn_id `{conn_id}` isn't defined")
airflow.exceptions.AirflowNotFoundException: The conn_id `chess_project_s3` isn't defined
[2024-06-03T17:39:18.410+0000] {taskinstance.py:1206} INFO - Marking task as FAILED. dag_id=chess_etl, task_id=games_etl, run_id=scheduled__2021-08-01T00:00:00+00:00, execution_date=20210801T000000, start_date=20240603T173917, end_date=20240603T173918
[2024-06-03T17:39:18.418+0000] {standard_task_runner.py:110} ERROR - Failed to execute job 53 for task games_etl (The conn_id `chess_project_s3` isn't defined; 220)
[2024-06-03T17:39:18.454+0000] {local_task_job_runner.py:240} INFO - Task exited with return code 1
[2024-06-03T17:39:18.468+0000] {taskinstance.py:3498} INFO - 0 downstream tasks scheduled from follow-on schedule check
[2024-06-03T17:39:18.470+0000] {local_task_job_runner.py:222} INFO - ::endgroup::
[2024-06-03T22:17:28.153+0000] {local_task_job_runner.py:120} INFO - ::group::Pre task execution logs
[2024-06-03T22:17:28.171+0000] {taskinstance.py:2076} INFO - Dependencies all met for dep_context=non-requeueable deps ti=<TaskInstance: chess_etl.games_etl scheduled__2021-08-01T00:00:00+00:00 [queued]>
[2024-06-03T22:17:28.178+0000] {taskinstance.py:2076} INFO - Dependencies all met for dep_context=requeueable deps ti=<TaskInstance: chess_etl.games_etl scheduled__2021-08-01T00:00:00+00:00 [queued]>
[2024-06-03T22:17:28.178+0000] {taskinstance.py:2306} INFO - Starting attempt 1 of 1
[2024-06-03T22:17:28.191+0000] {taskinstance.py:2330} INFO - Executing <Task(PythonOperator): games_etl> on 2021-08-01 00:00:00+00:00
[2024-06-03T22:17:28.198+0000] {warnings.py:110} WARNING - /home/***/.local/lib/python3.12/site-packages/***/task/task_runner/standard_task_runner.py:61: DeprecationWarning: This process (pid=29548) is multi-threaded, use of fork() may lead to deadlocks in the child.
  pid = os.fork()

[2024-06-03T22:17:28.200+0000] {standard_task_runner.py:63} INFO - Started process 29550 to run task
[2024-06-03T22:17:28.200+0000] {standard_task_runner.py:90} INFO - Running: ['***', 'tasks', 'run', 'chess_etl', 'games_etl', 'scheduled__2021-08-01T00:00:00+00:00', '--job-id', '126', '--raw', '--subdir', 'DAGS_FOLDER/chess_dag.py', '--cfg-path', '/tmp/tmpbsfo0jcw']
[2024-06-03T22:17:28.201+0000] {standard_task_runner.py:91} INFO - Job 126: Subtask games_etl
[2024-06-03T22:17:28.241+0000] {task_command.py:426} INFO - Running <TaskInstance: chess_etl.games_etl scheduled__2021-08-01T00:00:00+00:00 [running]> on host f55fff24b127
[2024-06-03T22:17:28.306+0000] {taskinstance.py:2648} INFO - Exporting env vars: AIRFLOW_CTX_DAG_OWNER='***' AIRFLOW_CTX_DAG_ID='chess_etl' AIRFLOW_CTX_TASK_ID='games_etl' AIRFLOW_CTX_EXECUTION_DATE='2021-08-01T00:00:00+00:00' AIRFLOW_CTX_TRY_NUMBER='1' AIRFLOW_CTX_DAG_RUN_ID='scheduled__2021-08-01T00:00:00+00:00'
[2024-06-03T22:17:28.307+0000] {taskinstance.py:430} INFO - ::endgroup::
[2024-06-03T22:17:28.308+0000] {warnings.py:110} WARNING - /home/***/.local/lib/python3.12/site-packages/***/utils/context.py:320: AirflowContextDeprecationWarning: Accessing 'execution_date' from the template is deprecated and will be removed in a future version. Please use 'data_interval_start' or 'logical_date' instead.
  warnings.warn(_create_deprecation_warning(k, replacements))

[2024-06-03T22:17:28.738+0000] {base.py:84} INFO - Using connection ID 'chess_project_s3' for task execution.
[2024-06-03T22:17:29.350+0000] {python.py:237} INFO - Done. Returned value was: None
[2024-06-03T22:17:29.351+0000] {taskinstance.py:441} INFO - ::group::Post task execution logs
[2024-06-03T22:17:29.358+0000] {taskinstance.py:1206} INFO - Marking task as SUCCESS. dag_id=chess_etl, task_id=games_etl, run_id=scheduled__2021-08-01T00:00:00+00:00, execution_date=20210801T000000, start_date=20240603T221728, end_date=20240603T221729
[2024-06-03T22:17:29.376+0000] {local_task_job_runner.py:240} INFO - Task exited with return code 0
[2024-06-03T22:17:29.391+0000] {taskinstance.py:3498} INFO - 1 downstream tasks scheduled from follow-on schedule check
[2024-06-03T22:17:29.393+0000] {local_task_job_runner.py:222} INFO - ::endgroup::
[2024-06-08T19:43:29.093+0000] {local_task_job_runner.py:120} INFO - ::group::Pre task execution logs
[2024-06-08T19:43:29.108+0000] {taskinstance.py:2076} INFO - Dependencies all met for dep_context=non-requeueable deps ti=<TaskInstance: chess_etl.games_etl scheduled__2021-08-01T00:00:00+00:00 [queued]>
[2024-06-08T19:43:29.114+0000] {taskinstance.py:2076} INFO - Dependencies all met for dep_context=requeueable deps ti=<TaskInstance: chess_etl.games_etl scheduled__2021-08-01T00:00:00+00:00 [queued]>
[2024-06-08T19:43:29.114+0000] {taskinstance.py:2306} INFO - Starting attempt 1 of 1
[2024-06-08T19:43:29.126+0000] {taskinstance.py:2330} INFO - Executing <Task(PythonOperator): games_etl> on 2021-08-01 00:00:00+00:00
[2024-06-08T19:43:29.132+0000] {warnings.py:110} WARNING - /home/***/.local/lib/python3.12/site-packages/***/task/task_runner/standard_task_runner.py:61: DeprecationWarning: This process (pid=29992) is multi-threaded, use of fork() may lead to deadlocks in the child.
  pid = os.fork()

[2024-06-08T19:43:29.134+0000] {standard_task_runner.py:63} INFO - Started process 29994 to run task
[2024-06-08T19:43:29.134+0000] {standard_task_runner.py:90} INFO - Running: ['***', 'tasks', 'run', 'chess_etl', 'games_etl', 'scheduled__2021-08-01T00:00:00+00:00', '--job-id', '302', '--raw', '--subdir', 'DAGS_FOLDER/chess_dag.py', '--cfg-path', '/tmp/tmpncpfycdh']
[2024-06-08T19:43:29.135+0000] {standard_task_runner.py:91} INFO - Job 302: Subtask games_etl
[2024-06-08T19:43:29.169+0000] {task_command.py:426} INFO - Running <TaskInstance: chess_etl.games_etl scheduled__2021-08-01T00:00:00+00:00 [running]> on host bf0ade909435
[2024-06-08T19:43:29.237+0000] {taskinstance.py:2648} INFO - Exporting env vars: AIRFLOW_CTX_DAG_OWNER='***' AIRFLOW_CTX_DAG_ID='chess_etl' AIRFLOW_CTX_TASK_ID='games_etl' AIRFLOW_CTX_EXECUTION_DATE='2021-08-01T00:00:00+00:00' AIRFLOW_CTX_TRY_NUMBER='1' AIRFLOW_CTX_DAG_RUN_ID='scheduled__2021-08-01T00:00:00+00:00'
[2024-06-08T19:43:29.238+0000] {taskinstance.py:430} INFO - ::endgroup::
[2024-06-08T19:43:29.239+0000] {warnings.py:110} WARNING - /home/***/.local/lib/python3.12/site-packages/***/utils/context.py:320: AirflowContextDeprecationWarning: Accessing 'execution_date' from the template is deprecated and will be removed in a future version. Please use 'data_interval_start' or 'logical_date' instead.
  warnings.warn(_create_deprecation_warning(k, replacements))

[2024-06-08T19:43:29.616+0000] {base.py:84} INFO - Using connection ID 'chess_project_s3' for task execution.
[2024-06-08T19:43:30.193+0000] {python.py:237} INFO - Done. Returned value was: None
[2024-06-08T19:43:30.194+0000] {taskinstance.py:441} INFO - ::group::Post task execution logs
[2024-06-08T19:43:30.201+0000] {taskinstance.py:1206} INFO - Marking task as SUCCESS. dag_id=chess_etl, task_id=games_etl, run_id=scheduled__2021-08-01T00:00:00+00:00, execution_date=20210801T000000, start_date=20240608T194329, end_date=20240608T194330
[2024-06-08T19:43:30.230+0000] {local_task_job_runner.py:240} INFO - Task exited with return code 0
[2024-06-08T19:43:30.238+0000] {local_task_job_runner.py:222} INFO - ::endgroup::
[2024-07-08T01:41:28.853+0000] {local_task_job_runner.py:120} INFO - ::group::Pre task execution logs
[2024-07-08T01:41:28.867+0000] {taskinstance.py:2076} INFO - Dependencies all met for dep_context=non-requeueable deps ti=<TaskInstance: chess_etl.games_etl scheduled__2021-08-01T00:00:00+00:00 [queued]>
[2024-07-08T01:41:28.873+0000] {taskinstance.py:2076} INFO - Dependencies all met for dep_context=requeueable deps ti=<TaskInstance: chess_etl.games_etl scheduled__2021-08-01T00:00:00+00:00 [queued]>
[2024-07-08T01:41:28.873+0000] {taskinstance.py:2306} INFO - Starting attempt 1 of 1
[2024-07-08T01:41:28.882+0000] {taskinstance.py:2330} INFO - Executing <Task(PythonOperator): games_etl> on 2021-08-01 00:00:00+00:00
[2024-07-08T01:41:28.891+0000] {standard_task_runner.py:90} INFO - Running: ['***', 'tasks', 'run', 'chess_etl', 'games_etl', 'scheduled__2021-08-01T00:00:00+00:00', '--job-id', '680', '--raw', '--subdir', 'DAGS_FOLDER/chess_dag.py', '--cfg-path', '/tmp/tmpo329ws8s']
[2024-07-08T01:41:28.890+0000] {warnings.py:110} WARNING - /home/***/.local/lib/python3.12/site-packages/***/task/task_runner/standard_task_runner.py:61: DeprecationWarning: This process (pid=30808) is multi-threaded, use of fork() may lead to deadlocks in the child.
  pid = os.fork()

[2024-07-08T01:41:28.892+0000] {standard_task_runner.py:91} INFO - Job 680: Subtask games_etl
[2024-07-08T01:41:28.892+0000] {standard_task_runner.py:63} INFO - Started process 30810 to run task
[2024-07-08T01:41:28.925+0000] {task_command.py:426} INFO - Running <TaskInstance: chess_etl.games_etl scheduled__2021-08-01T00:00:00+00:00 [running]> on host 6569f5155f0c
[2024-07-08T01:41:28.981+0000] {taskinstance.py:2648} INFO - Exporting env vars: AIRFLOW_CTX_DAG_OWNER='***' AIRFLOW_CTX_DAG_ID='chess_etl' AIRFLOW_CTX_TASK_ID='games_etl' AIRFLOW_CTX_EXECUTION_DATE='2021-08-01T00:00:00+00:00' AIRFLOW_CTX_TRY_NUMBER='1' AIRFLOW_CTX_DAG_RUN_ID='scheduled__2021-08-01T00:00:00+00:00'
[2024-07-08T01:41:28.982+0000] {taskinstance.py:430} INFO - ::endgroup::
[2024-07-08T01:41:28.983+0000] {warnings.py:110} WARNING - /home/***/.local/lib/python3.12/site-packages/***/utils/context.py:320: AirflowContextDeprecationWarning: Accessing 'execution_date' from the template is deprecated and will be removed in a future version. Please use 'data_interval_start' or 'logical_date' instead.
  warnings.warn(_create_deprecation_warning(k, replacements))

[2024-07-08T01:41:29.347+0000] {base.py:84} INFO - Using connection ID 'chess_project_s3' for task execution.
[2024-07-08T01:41:29.923+0000] {python.py:237} INFO - Done. Returned value was: None
[2024-07-08T01:41:29.923+0000] {taskinstance.py:441} INFO - ::group::Post task execution logs
[2024-07-08T01:41:29.929+0000] {taskinstance.py:1206} INFO - Marking task as SUCCESS. dag_id=chess_etl, task_id=games_etl, run_id=scheduled__2021-08-01T00:00:00+00:00, execution_date=20210801T000000, start_date=20240708T014128, end_date=20240708T014129
[2024-07-08T01:41:29.948+0000] {local_task_job_runner.py:240} INFO - Task exited with return code 0
[2024-07-08T01:41:29.966+0000] {taskinstance.py:3498} INFO - 1 downstream tasks scheduled from follow-on schedule check
[2024-07-08T01:41:29.967+0000] {local_task_job_runner.py:222} INFO - ::endgroup::
