[2024-06-04T02:09:09.364+0000] {local_task_job_runner.py:120} INFO - ::group::Pre task execution logs
[2024-06-04T02:09:09.380+0000] {taskinstance.py:2076} INFO - Dependencies all met for dep_context=non-requeueable deps ti=<TaskInstance: chess_etl.games_etl scheduled__2024-05-01T00:00:00+00:00 [queued]>
[2024-06-04T02:09:09.386+0000] {taskinstance.py:2076} INFO - Dependencies all met for dep_context=requeueable deps ti=<TaskInstance: chess_etl.games_etl scheduled__2024-05-01T00:00:00+00:00 [queued]>
[2024-06-04T02:09:09.387+0000] {taskinstance.py:2306} INFO - Starting attempt 1 of 1
[2024-06-04T02:09:09.397+0000] {taskinstance.py:2330} INFO - Executing <Task(PythonOperator): games_etl> on 2024-05-01 00:00:00+00:00
[2024-06-04T02:09:09.405+0000] {warnings.py:110} WARNING - /home/***/.local/lib/python3.12/site-packages/***/task/task_runner/standard_task_runner.py:61: DeprecationWarning: This process (pid=55718) is multi-threaded, use of fork() may lead to deadlocks in the child.
  pid = os.fork()

[2024-06-04T02:09:09.407+0000] {standard_task_runner.py:63} INFO - Started process 55720 to run task
[2024-06-04T02:09:09.407+0000] {standard_task_runner.py:90} INFO - Running: ['***', 'tasks', 'run', 'chess_etl', 'games_etl', 'scheduled__2024-05-01T00:00:00+00:00', '--job-id', '192', '--raw', '--subdir', 'DAGS_FOLDER/chess_dag.py', '--cfg-path', '/tmp/tmp86mv5nbk']
[2024-06-04T02:09:09.409+0000] {standard_task_runner.py:91} INFO - Job 192: Subtask games_etl
[2024-06-04T02:09:09.445+0000] {task_command.py:426} INFO - Running <TaskInstance: chess_etl.games_etl scheduled__2024-05-01T00:00:00+00:00 [running]> on host f55fff24b127
[2024-06-04T02:09:09.512+0000] {taskinstance.py:2648} INFO - Exporting env vars: AIRFLOW_CTX_DAG_OWNER='***' AIRFLOW_CTX_DAG_ID='chess_etl' AIRFLOW_CTX_TASK_ID='games_etl' AIRFLOW_CTX_EXECUTION_DATE='2024-05-01T00:00:00+00:00' AIRFLOW_CTX_TRY_NUMBER='1' AIRFLOW_CTX_DAG_RUN_ID='scheduled__2024-05-01T00:00:00+00:00'
[2024-06-04T02:09:09.514+0000] {taskinstance.py:430} INFO - ::endgroup::
[2024-06-04T02:09:09.515+0000] {warnings.py:110} WARNING - /home/***/.local/lib/python3.12/site-packages/***/utils/context.py:320: AirflowContextDeprecationWarning: Accessing 'execution_date' from the template is deprecated and will be removed in a future version. Please use 'data_interval_start' or 'logical_date' instead.
  warnings.warn(_create_deprecation_warning(k, replacements))

[2024-06-04T02:09:10.661+0000] {base.py:84} INFO - Using connection ID 'chess_project_s3' for task execution.
[2024-06-04T02:09:11.449+0000] {python.py:237} INFO - Done. Returned value was: None
[2024-06-04T02:09:11.449+0000] {taskinstance.py:441} INFO - ::group::Post task execution logs
[2024-06-04T02:09:11.458+0000] {taskinstance.py:1206} INFO - Marking task as SUCCESS. dag_id=chess_etl, task_id=games_etl, run_id=scheduled__2024-05-01T00:00:00+00:00, execution_date=20240501T000000, start_date=20240604T020909, end_date=20240604T020911
[2024-06-04T02:09:11.506+0000] {local_task_job_runner.py:240} INFO - Task exited with return code 0
[2024-06-04T02:09:11.524+0000] {taskinstance.py:3498} INFO - 1 downstream tasks scheduled from follow-on schedule check
[2024-06-04T02:09:11.525+0000] {local_task_job_runner.py:222} INFO - ::endgroup::
[2024-06-09T00:02:58.391+0000] {local_task_job_runner.py:120} INFO - ::group::Pre task execution logs
[2024-06-09T00:02:58.407+0000] {taskinstance.py:2076} INFO - Dependencies all met for dep_context=non-requeueable deps ti=<TaskInstance: chess_etl.games_etl scheduled__2024-05-01T00:00:00+00:00 [queued]>
[2024-06-09T00:02:58.414+0000] {taskinstance.py:2076} INFO - Dependencies all met for dep_context=requeueable deps ti=<TaskInstance: chess_etl.games_etl scheduled__2024-05-01T00:00:00+00:00 [queued]>
[2024-06-09T00:02:58.414+0000] {taskinstance.py:2306} INFO - Starting attempt 1 of 1
[2024-06-09T00:02:58.424+0000] {taskinstance.py:2330} INFO - Executing <Task(PythonOperator): games_etl> on 2024-05-01 00:00:00+00:00
[2024-06-09T00:02:58.432+0000] {warnings.py:110} WARNING - /home/***/.local/lib/python3.12/site-packages/***/task/task_runner/standard_task_runner.py:61: DeprecationWarning: This process (pid=56425) is multi-threaded, use of fork() may lead to deadlocks in the child.
  pid = os.fork()

[2024-06-09T00:02:58.434+0000] {standard_task_runner.py:63} INFO - Started process 56435 to run task
[2024-06-09T00:02:58.434+0000] {standard_task_runner.py:90} INFO - Running: ['***', 'tasks', 'run', 'chess_etl', 'games_etl', 'scheduled__2024-05-01T00:00:00+00:00', '--job-id', '368', '--raw', '--subdir', 'DAGS_FOLDER/chess_dag.py', '--cfg-path', '/tmp/tmp4rqs41np']
[2024-06-09T00:02:58.435+0000] {standard_task_runner.py:91} INFO - Job 368: Subtask games_etl
[2024-06-09T00:02:58.472+0000] {task_command.py:426} INFO - Running <TaskInstance: chess_etl.games_etl scheduled__2024-05-01T00:00:00+00:00 [running]> on host bf0ade909435
[2024-06-09T00:02:58.548+0000] {taskinstance.py:2648} INFO - Exporting env vars: AIRFLOW_CTX_DAG_OWNER='***' AIRFLOW_CTX_DAG_ID='chess_etl' AIRFLOW_CTX_TASK_ID='games_etl' AIRFLOW_CTX_EXECUTION_DATE='2024-05-01T00:00:00+00:00' AIRFLOW_CTX_TRY_NUMBER='1' AIRFLOW_CTX_DAG_RUN_ID='scheduled__2024-05-01T00:00:00+00:00'
[2024-06-09T00:02:58.550+0000] {taskinstance.py:430} INFO - ::endgroup::
[2024-06-09T00:02:58.551+0000] {warnings.py:110} WARNING - /home/***/.local/lib/python3.12/site-packages/***/utils/context.py:320: AirflowContextDeprecationWarning: Accessing 'execution_date' from the template is deprecated and will be removed in a future version. Please use 'data_interval_start' or 'logical_date' instead.
  warnings.warn(_create_deprecation_warning(k, replacements))

[2024-06-09T00:02:59.618+0000] {base.py:84} INFO - Using connection ID 'chess_project_s3' for task execution.
[2024-06-09T00:03:00.481+0000] {python.py:237} INFO - Done. Returned value was: None
[2024-06-09T00:03:00.482+0000] {taskinstance.py:441} INFO - ::group::Post task execution logs
[2024-06-09T00:03:00.489+0000] {taskinstance.py:1206} INFO - Marking task as SUCCESS. dag_id=chess_etl, task_id=games_etl, run_id=scheduled__2024-05-01T00:00:00+00:00, execution_date=20240501T000000, start_date=20240609T000258, end_date=20240609T000300
[2024-06-09T00:03:00.533+0000] {local_task_job_runner.py:240} INFO - Task exited with return code 0
[2024-06-09T00:03:00.548+0000] {taskinstance.py:3498} INFO - 0 downstream tasks scheduled from follow-on schedule check
[2024-06-09T00:03:00.550+0000] {local_task_job_runner.py:222} INFO - ::endgroup::
[2024-07-08T05:30:03.290+0000] {local_task_job_runner.py:120} INFO - ::group::Pre task execution logs
[2024-07-08T05:30:03.303+0000] {taskinstance.py:2076} INFO - Dependencies all met for dep_context=non-requeueable deps ti=<TaskInstance: chess_etl.games_etl scheduled__2024-05-01T00:00:00+00:00 [queued]>
[2024-07-08T05:30:03.308+0000] {taskinstance.py:2076} INFO - Dependencies all met for dep_context=requeueable deps ti=<TaskInstance: chess_etl.games_etl scheduled__2024-05-01T00:00:00+00:00 [queued]>
[2024-07-08T05:30:03.309+0000] {taskinstance.py:2306} INFO - Starting attempt 1 of 1
[2024-07-08T05:30:03.317+0000] {taskinstance.py:2330} INFO - Executing <Task(PythonOperator): games_etl> on 2024-05-01 00:00:00+00:00
[2024-07-08T05:30:03.324+0000] {warnings.py:110} WARNING - /home/***/.local/lib/python3.12/site-packages/***/task/task_runner/standard_task_runner.py:61: DeprecationWarning: This process (pid=57263) is multi-threaded, use of fork() may lead to deadlocks in the child.
  pid = os.fork()

[2024-07-08T05:30:03.326+0000] {standard_task_runner.py:63} INFO - Started process 57265 to run task
[2024-07-08T05:30:03.326+0000] {standard_task_runner.py:90} INFO - Running: ['***', 'tasks', 'run', 'chess_etl', 'games_etl', 'scheduled__2024-05-01T00:00:00+00:00', '--job-id', '812', '--raw', '--subdir', 'DAGS_FOLDER/chess_dag.py', '--cfg-path', '/tmp/tmpf8l8blmj']
[2024-07-08T05:30:03.327+0000] {standard_task_runner.py:91} INFO - Job 812: Subtask games_etl
[2024-07-08T05:30:03.359+0000] {task_command.py:426} INFO - Running <TaskInstance: chess_etl.games_etl scheduled__2024-05-01T00:00:00+00:00 [running]> on host 6569f5155f0c
[2024-07-08T05:30:03.418+0000] {taskinstance.py:2648} INFO - Exporting env vars: AIRFLOW_CTX_DAG_OWNER='***' AIRFLOW_CTX_DAG_ID='chess_etl' AIRFLOW_CTX_TASK_ID='games_etl' AIRFLOW_CTX_EXECUTION_DATE='2024-05-01T00:00:00+00:00' AIRFLOW_CTX_TRY_NUMBER='1' AIRFLOW_CTX_DAG_RUN_ID='scheduled__2024-05-01T00:00:00+00:00'
[2024-07-08T05:30:03.419+0000] {taskinstance.py:430} INFO - ::endgroup::
[2024-07-08T05:30:03.420+0000] {warnings.py:110} WARNING - /home/***/.local/lib/python3.12/site-packages/***/utils/context.py:320: AirflowContextDeprecationWarning: Accessing 'execution_date' from the template is deprecated and will be removed in a future version. Please use 'data_interval_start' or 'logical_date' instead.
  warnings.warn(_create_deprecation_warning(k, replacements))

[2024-07-08T05:30:04.435+0000] {base.py:84} INFO - Using connection ID 'chess_project_s3' for task execution.
[2024-07-08T05:30:05.248+0000] {python.py:237} INFO - Done. Returned value was: None
[2024-07-08T05:30:05.249+0000] {taskinstance.py:441} INFO - ::group::Post task execution logs
[2024-07-08T05:30:05.257+0000] {taskinstance.py:1206} INFO - Marking task as SUCCESS. dag_id=chess_etl, task_id=games_etl, run_id=scheduled__2024-05-01T00:00:00+00:00, execution_date=20240501T000000, start_date=20240708T053003, end_date=20240708T053005
[2024-07-08T05:30:05.304+0000] {local_task_job_runner.py:240} INFO - Task exited with return code 0
[2024-07-08T05:30:05.328+0000] {taskinstance.py:3498} INFO - 1 downstream tasks scheduled from follow-on schedule check
[2024-07-08T05:30:05.330+0000] {local_task_job_runner.py:222} INFO - ::endgroup::
