[2024-06-03T22:47:30.801+0000] {local_task_job_runner.py:120} INFO - ::group::Pre task execution logs
[2024-06-03T22:47:30.816+0000] {taskinstance.py:2076} INFO - Dependencies all met for dep_context=non-requeueable deps ti=<TaskInstance: chess_etl.games_etl scheduled__2022-05-01T00:00:00+00:00 [queued]>
[2024-06-03T22:47:30.822+0000] {taskinstance.py:2076} INFO - Dependencies all met for dep_context=requeueable deps ti=<TaskInstance: chess_etl.games_etl scheduled__2022-05-01T00:00:00+00:00 [queued]>
[2024-06-03T22:47:30.823+0000] {taskinstance.py:2306} INFO - Starting attempt 1 of 1
[2024-06-03T22:47:30.832+0000] {taskinstance.py:2330} INFO - Executing <Task(PythonOperator): games_etl> on 2022-05-01 00:00:00+00:00
[2024-06-03T22:47:30.839+0000] {warnings.py:110} WARNING - /home/***/.local/lib/python3.12/site-packages/***/task/task_runner/standard_task_runner.py:61: DeprecationWarning: This process (pid=32867) is multi-threaded, use of fork() may lead to deadlocks in the child.
  pid = os.fork()

[2024-06-03T22:47:30.841+0000] {standard_task_runner.py:63} INFO - Started process 32869 to run task
[2024-06-03T22:47:30.840+0000] {standard_task_runner.py:90} INFO - Running: ['***', 'tasks', 'run', 'chess_etl', 'games_etl', 'scheduled__2022-05-01T00:00:00+00:00', '--job-id', '144', '--raw', '--subdir', 'DAGS_FOLDER/chess_dag.py', '--cfg-path', '/tmp/tmpj9vgvju2']
[2024-06-03T22:47:30.841+0000] {standard_task_runner.py:91} INFO - Job 144: Subtask games_etl
[2024-06-03T22:47:30.875+0000] {task_command.py:426} INFO - Running <TaskInstance: chess_etl.games_etl scheduled__2022-05-01T00:00:00+00:00 [running]> on host f55fff24b127
[2024-06-03T22:47:30.940+0000] {taskinstance.py:2648} INFO - Exporting env vars: AIRFLOW_CTX_DAG_OWNER='***' AIRFLOW_CTX_DAG_ID='chess_etl' AIRFLOW_CTX_TASK_ID='games_etl' AIRFLOW_CTX_EXECUTION_DATE='2022-05-01T00:00:00+00:00' AIRFLOW_CTX_TRY_NUMBER='1' AIRFLOW_CTX_DAG_RUN_ID='scheduled__2022-05-01T00:00:00+00:00'
[2024-06-03T22:47:30.941+0000] {taskinstance.py:430} INFO - ::endgroup::
[2024-06-03T22:47:30.942+0000] {warnings.py:110} WARNING - /home/***/.local/lib/python3.12/site-packages/***/utils/context.py:320: AirflowContextDeprecationWarning: Accessing 'execution_date' from the template is deprecated and will be removed in a future version. Please use 'data_interval_start' or 'logical_date' instead.
  warnings.warn(_create_deprecation_warning(k, replacements))

[2024-06-03T22:47:32.403+0000] {base.py:84} INFO - Using connection ID 'chess_project_s3' for task execution.
[2024-06-03T22:47:33.336+0000] {python.py:237} INFO - Done. Returned value was: None
[2024-06-03T22:47:33.336+0000] {taskinstance.py:441} INFO - ::group::Post task execution logs
[2024-06-03T22:47:33.344+0000] {taskinstance.py:1206} INFO - Marking task as SUCCESS. dag_id=chess_etl, task_id=games_etl, run_id=scheduled__2022-05-01T00:00:00+00:00, execution_date=20220501T000000, start_date=20240603T224730, end_date=20240603T224733
[2024-06-03T22:47:33.381+0000] {local_task_job_runner.py:240} INFO - Task exited with return code 0
[2024-06-03T22:47:33.397+0000] {taskinstance.py:3498} INFO - 1 downstream tasks scheduled from follow-on schedule check
[2024-06-03T22:47:33.399+0000] {local_task_job_runner.py:222} INFO - ::endgroup::
[2024-06-08T20:12:54.150+0000] {local_task_job_runner.py:120} INFO - ::group::Pre task execution logs
[2024-06-08T20:12:54.169+0000] {taskinstance.py:2076} INFO - Dependencies all met for dep_context=non-requeueable deps ti=<TaskInstance: chess_etl.games_etl scheduled__2022-05-01T00:00:00+00:00 [queued]>
[2024-06-08T20:12:54.178+0000] {taskinstance.py:2076} INFO - Dependencies all met for dep_context=requeueable deps ti=<TaskInstance: chess_etl.games_etl scheduled__2022-05-01T00:00:00+00:00 [queued]>
[2024-06-08T20:12:54.179+0000] {taskinstance.py:2306} INFO - Starting attempt 1 of 1
[2024-06-08T20:12:54.192+0000] {taskinstance.py:2330} INFO - Executing <Task(PythonOperator): games_etl> on 2022-05-01 00:00:00+00:00
[2024-06-08T20:12:54.203+0000] {warnings.py:110} WARNING - /home/***/.local/lib/python3.12/site-packages/***/task/task_runner/standard_task_runner.py:61: DeprecationWarning: This process (pid=33146) is multi-threaded, use of fork() may lead to deadlocks in the child.
  pid = os.fork()

[2024-06-08T20:12:54.205+0000] {standard_task_runner.py:63} INFO - Started process 33148 to run task
[2024-06-08T20:12:54.205+0000] {standard_task_runner.py:90} INFO - Running: ['***', 'tasks', 'run', 'chess_etl', 'games_etl', 'scheduled__2022-05-01T00:00:00+00:00', '--job-id', '320', '--raw', '--subdir', 'DAGS_FOLDER/chess_dag.py', '--cfg-path', '/tmp/tmpsyiza14t']
[2024-06-08T20:12:54.206+0000] {standard_task_runner.py:91} INFO - Job 320: Subtask games_etl
[2024-06-08T20:12:54.250+0000] {task_command.py:426} INFO - Running <TaskInstance: chess_etl.games_etl scheduled__2022-05-01T00:00:00+00:00 [running]> on host bf0ade909435
[2024-06-08T20:12:54.336+0000] {taskinstance.py:2648} INFO - Exporting env vars: AIRFLOW_CTX_DAG_OWNER='***' AIRFLOW_CTX_DAG_ID='chess_etl' AIRFLOW_CTX_TASK_ID='games_etl' AIRFLOW_CTX_EXECUTION_DATE='2022-05-01T00:00:00+00:00' AIRFLOW_CTX_TRY_NUMBER='1' AIRFLOW_CTX_DAG_RUN_ID='scheduled__2022-05-01T00:00:00+00:00'
[2024-06-08T20:12:54.337+0000] {taskinstance.py:430} INFO - ::endgroup::
[2024-06-08T20:12:54.339+0000] {warnings.py:110} WARNING - /home/***/.local/lib/python3.12/site-packages/***/utils/context.py:320: AirflowContextDeprecationWarning: Accessing 'execution_date' from the template is deprecated and will be removed in a future version. Please use 'data_interval_start' or 'logical_date' instead.
  warnings.warn(_create_deprecation_warning(k, replacements))

[2024-06-08T20:12:55.805+0000] {base.py:84} INFO - Using connection ID 'chess_project_s3' for task execution.
[2024-06-08T20:12:56.799+0000] {python.py:237} INFO - Done. Returned value was: None
[2024-06-08T20:12:56.800+0000] {taskinstance.py:441} INFO - ::group::Post task execution logs
[2024-06-08T20:12:56.808+0000] {taskinstance.py:1206} INFO - Marking task as SUCCESS. dag_id=chess_etl, task_id=games_etl, run_id=scheduled__2022-05-01T00:00:00+00:00, execution_date=20220501T000000, start_date=20240608T201254, end_date=20240608T201256
[2024-06-08T20:12:56.868+0000] {local_task_job_runner.py:240} INFO - Task exited with return code 0
[2024-06-08T20:12:56.890+0000] {taskinstance.py:3498} INFO - 1 downstream tasks scheduled from follow-on schedule check
[2024-06-08T20:12:56.892+0000] {local_task_job_runner.py:222} INFO - ::endgroup::
[2024-07-08T02:10:20.388+0000] {local_task_job_runner.py:120} INFO - ::group::Pre task execution logs
[2024-07-08T02:10:20.402+0000] {taskinstance.py:2076} INFO - Dependencies all met for dep_context=non-requeueable deps ti=<TaskInstance: chess_etl.games_etl scheduled__2022-05-01T00:00:00+00:00 [queued]>
[2024-07-08T02:10:20.407+0000] {taskinstance.py:2076} INFO - Dependencies all met for dep_context=requeueable deps ti=<TaskInstance: chess_etl.games_etl scheduled__2022-05-01T00:00:00+00:00 [queued]>
[2024-07-08T02:10:20.407+0000] {taskinstance.py:2306} INFO - Starting attempt 1 of 1
[2024-07-08T02:10:20.417+0000] {taskinstance.py:2330} INFO - Executing <Task(PythonOperator): games_etl> on 2022-05-01 00:00:00+00:00
[2024-07-08T02:10:20.424+0000] {warnings.py:110} WARNING - /home/***/.local/lib/python3.12/site-packages/***/task/task_runner/standard_task_runner.py:61: DeprecationWarning: This process (pid=34157) is multi-threaded, use of fork() may lead to deadlocks in the child.
  pid = os.fork()

[2024-07-08T02:10:20.425+0000] {standard_task_runner.py:63} INFO - Started process 34159 to run task
[2024-07-08T02:10:20.425+0000] {standard_task_runner.py:90} INFO - Running: ['***', 'tasks', 'run', 'chess_etl', 'games_etl', 'scheduled__2022-05-01T00:00:00+00:00', '--job-id', '716', '--raw', '--subdir', 'DAGS_FOLDER/chess_dag.py', '--cfg-path', '/tmp/tmp0t3oxcsy']
[2024-07-08T02:10:20.426+0000] {standard_task_runner.py:91} INFO - Job 716: Subtask games_etl
[2024-07-08T02:10:20.459+0000] {task_command.py:426} INFO - Running <TaskInstance: chess_etl.games_etl scheduled__2022-05-01T00:00:00+00:00 [running]> on host 6569f5155f0c
[2024-07-08T02:10:20.520+0000] {taskinstance.py:2648} INFO - Exporting env vars: AIRFLOW_CTX_DAG_OWNER='***' AIRFLOW_CTX_DAG_ID='chess_etl' AIRFLOW_CTX_TASK_ID='games_etl' AIRFLOW_CTX_EXECUTION_DATE='2022-05-01T00:00:00+00:00' AIRFLOW_CTX_TRY_NUMBER='1' AIRFLOW_CTX_DAG_RUN_ID='scheduled__2022-05-01T00:00:00+00:00'
[2024-07-08T02:10:20.521+0000] {taskinstance.py:430} INFO - ::endgroup::
[2024-07-08T02:10:20.522+0000] {warnings.py:110} WARNING - /home/***/.local/lib/python3.12/site-packages/***/utils/context.py:320: AirflowContextDeprecationWarning: Accessing 'execution_date' from the template is deprecated and will be removed in a future version. Please use 'data_interval_start' or 'logical_date' instead.
  warnings.warn(_create_deprecation_warning(k, replacements))

[2024-07-08T02:10:21.857+0000] {base.py:84} INFO - Using connection ID 'chess_project_s3' for task execution.
[2024-07-08T02:10:22.745+0000] {python.py:237} INFO - Done. Returned value was: None
[2024-07-08T02:10:22.745+0000] {taskinstance.py:441} INFO - ::group::Post task execution logs
[2024-07-08T02:10:22.752+0000] {taskinstance.py:1206} INFO - Marking task as SUCCESS. dag_id=chess_etl, task_id=games_etl, run_id=scheduled__2022-05-01T00:00:00+00:00, execution_date=20220501T000000, start_date=20240708T021020, end_date=20240708T021022
[2024-07-08T02:10:22.804+0000] {local_task_job_runner.py:240} INFO - Task exited with return code 0
[2024-07-08T02:10:22.827+0000] {taskinstance.py:3498} INFO - 1 downstream tasks scheduled from follow-on schedule check
[2024-07-08T02:10:22.829+0000] {local_task_job_runner.py:222} INFO - ::endgroup::
