[2024-07-07T18:38:16.429+0000] {local_task_job_runner.py:120} INFO - ::group::Pre task execution logs
[2024-07-07T18:38:16.443+0000] {taskinstance.py:2076} INFO - Dependencies all met for dep_context=non-requeueable deps ti=<TaskInstance: chess_etl.redshift_game_load scheduled__2023-03-01T00:00:00+00:00 [queued]>
[2024-07-07T18:38:16.448+0000] {taskinstance.py:2076} INFO - Dependencies all met for dep_context=requeueable deps ti=<TaskInstance: chess_etl.redshift_game_load scheduled__2023-03-01T00:00:00+00:00 [queued]>
[2024-07-07T18:38:16.449+0000] {taskinstance.py:2306} INFO - Starting attempt 1 of 1
[2024-07-07T18:38:16.456+0000] {taskinstance.py:2330} INFO - Executing <Task(PythonOperator): redshift_game_load> on 2023-03-01 00:00:00+00:00
[2024-07-07T18:38:16.461+0000] {warnings.py:110} WARNING - /home/***/.local/lib/python3.12/site-packages/***/task/task_runner/standard_task_runner.py:61: DeprecationWarning: This process (pid=1557) is multi-threaded, use of fork() may lead to deadlocks in the child.
  pid = os.fork()

[2024-07-07T18:38:16.462+0000] {standard_task_runner.py:63} INFO - Started process 1561 to run task
[2024-07-07T18:38:16.463+0000] {standard_task_runner.py:90} INFO - Running: ['***', 'tasks', 'run', 'chess_etl', 'redshift_game_load', 'scheduled__2023-03-01T00:00:00+00:00', '--job-id', '462', '--pool', 'default_pool', '--raw', '--subdir', 'DAGS_FOLDER/chess_dag.py', '--cfg-path', '/tmp/tmp3j0o1wj_']
[2024-07-07T18:38:16.463+0000] {standard_task_runner.py:91} INFO - Job 462: Subtask redshift_game_load
[2024-07-07T18:38:16.493+0000] {task_command.py:426} INFO - Running <TaskInstance: chess_etl.redshift_game_load scheduled__2023-03-01T00:00:00+00:00 [running]> on host cb919e35e0e9
[2024-07-07T18:38:16.549+0000] {taskinstance.py:2648} INFO - Exporting env vars: AIRFLOW_CTX_DAG_OWNER='***' AIRFLOW_CTX_DAG_ID='chess_etl' AIRFLOW_CTX_TASK_ID='redshift_game_load' AIRFLOW_CTX_EXECUTION_DATE='2023-03-01T00:00:00+00:00' AIRFLOW_CTX_TRY_NUMBER='1' AIRFLOW_CTX_DAG_RUN_ID='scheduled__2023-03-01T00:00:00+00:00'
[2024-07-07T18:38:16.550+0000] {taskinstance.py:430} INFO - ::endgroup::
[2024-07-07T18:38:16.551+0000] {warnings.py:110} WARNING - /home/***/.local/lib/python3.12/site-packages/***/utils/context.py:320: AirflowContextDeprecationWarning: Accessing 'execution_date' from the template is deprecated and will be removed in a future version. Please use 'data_interval_start' or 'logical_date' instead.
  warnings.warn(_create_deprecation_warning(k, replacements))

[2024-07-07T18:38:16.556+0000] {base.py:84} INFO - Using connection ID 'chess_project_s3' for task execution.
[2024-07-07T18:38:17.362+0000] {base.py:84} INFO - Using connection ID 'chess_project_redshift' for task execution.
[2024-07-07T18:38:19.549+0000] {python.py:237} INFO - Done. Returned value was: None
[2024-07-07T18:38:19.550+0000] {taskinstance.py:441} INFO - ::group::Post task execution logs
[2024-07-07T18:38:19.556+0000] {taskinstance.py:1206} INFO - Marking task as SUCCESS. dag_id=chess_etl, task_id=redshift_game_load, run_id=scheduled__2023-03-01T00:00:00+00:00, execution_date=20230301T000000, start_date=20240707T183816, end_date=20240707T183819
[2024-07-07T18:38:19.571+0000] {local_task_job_runner.py:240} INFO - Task exited with return code 0
[2024-07-07T18:38:19.583+0000] {taskinstance.py:3498} INFO - 0 downstream tasks scheduled from follow-on schedule check
[2024-07-07T18:38:19.584+0000] {local_task_job_runner.py:222} INFO - ::endgroup::
[2024-07-08T04:17:09.619+0000] {local_task_job_runner.py:120} INFO - ::group::Pre task execution logs
[2024-07-08T04:17:09.632+0000] {taskinstance.py:2076} INFO - Dependencies all met for dep_context=non-requeueable deps ti=<TaskInstance: chess_etl.redshift_game_load scheduled__2023-03-01T00:00:00+00:00 [queued]>
[2024-07-08T04:17:09.638+0000] {taskinstance.py:2076} INFO - Dependencies all met for dep_context=requeueable deps ti=<TaskInstance: chess_etl.redshift_game_load scheduled__2023-03-01T00:00:00+00:00 [queued]>
[2024-07-08T04:17:09.638+0000] {taskinstance.py:2306} INFO - Starting attempt 1 of 1
[2024-07-08T04:17:09.647+0000] {taskinstance.py:2330} INFO - Executing <Task(PythonOperator): redshift_game_load> on 2023-03-01 00:00:00+00:00
[2024-07-08T04:17:09.655+0000] {warnings.py:110} WARNING - /home/***/.local/lib/python3.12/site-packages/***/task/task_runner/standard_task_runner.py:61: DeprecationWarning: This process (pid=49236) is multi-threaded, use of fork() may lead to deadlocks in the child.
  pid = os.fork()

[2024-07-08T04:17:09.657+0000] {standard_task_runner.py:63} INFO - Started process 49238 to run task
[2024-07-08T04:17:09.657+0000] {standard_task_runner.py:90} INFO - Running: ['***', 'tasks', 'run', 'chess_etl', 'redshift_game_load', 'scheduled__2023-03-01T00:00:00+00:00', '--job-id', '758', '--raw', '--subdir', 'DAGS_FOLDER/chess_dag.py', '--cfg-path', '/tmp/tmpfxchb0x_']
[2024-07-08T04:17:09.658+0000] {standard_task_runner.py:91} INFO - Job 758: Subtask redshift_game_load
[2024-07-08T04:17:09.693+0000] {task_command.py:426} INFO - Running <TaskInstance: chess_etl.redshift_game_load scheduled__2023-03-01T00:00:00+00:00 [running]> on host 6569f5155f0c
[2024-07-08T04:17:09.754+0000] {taskinstance.py:2648} INFO - Exporting env vars: AIRFLOW_CTX_DAG_OWNER='***' AIRFLOW_CTX_DAG_ID='chess_etl' AIRFLOW_CTX_TASK_ID='redshift_game_load' AIRFLOW_CTX_EXECUTION_DATE='2023-03-01T00:00:00+00:00' AIRFLOW_CTX_TRY_NUMBER='1' AIRFLOW_CTX_DAG_RUN_ID='scheduled__2023-03-01T00:00:00+00:00'
[2024-07-08T04:17:09.755+0000] {taskinstance.py:430} INFO - ::endgroup::
[2024-07-08T04:17:09.756+0000] {warnings.py:110} WARNING - /home/***/.local/lib/python3.12/site-packages/***/utils/context.py:320: AirflowContextDeprecationWarning: Accessing 'execution_date' from the template is deprecated and will be removed in a future version. Please use 'data_interval_start' or 'logical_date' instead.
  warnings.warn(_create_deprecation_warning(k, replacements))

[2024-07-08T04:17:09.761+0000] {base.py:84} INFO - Using connection ID 'chess_project_s3' for task execution.
[2024-07-08T04:17:10.524+0000] {base.py:84} INFO - Using connection ID 'chess_project_redshift' for task execution.
[2024-07-08T04:17:12.342+0000] {python.py:237} INFO - Done. Returned value was: None
[2024-07-08T04:17:12.343+0000] {taskinstance.py:441} INFO - ::group::Post task execution logs
[2024-07-08T04:17:12.350+0000] {taskinstance.py:1206} INFO - Marking task as SUCCESS. dag_id=chess_etl, task_id=redshift_game_load, run_id=scheduled__2023-03-01T00:00:00+00:00, execution_date=20230301T000000, start_date=20240708T041709, end_date=20240708T041712
[2024-07-08T04:17:12.397+0000] {local_task_job_runner.py:240} INFO - Task exited with return code 0
[2024-07-08T04:17:12.411+0000] {taskinstance.py:3498} INFO - 1 downstream tasks scheduled from follow-on schedule check
[2024-07-08T04:17:12.413+0000] {local_task_job_runner.py:222} INFO - ::endgroup::
