[2024-07-07T18:38:31.371+0000] {local_task_job_runner.py:120} INFO - ::group::Pre task execution logs
[2024-07-07T18:38:31.385+0000] {taskinstance.py:2076} INFO - Dependencies all met for dep_context=non-requeueable deps ti=<TaskInstance: chess_etl.redshift_game_load scheduled__2023-05-01T00:00:00+00:00 [queued]>
[2024-07-07T18:38:31.391+0000] {taskinstance.py:2076} INFO - Dependencies all met for dep_context=requeueable deps ti=<TaskInstance: chess_etl.redshift_game_load scheduled__2023-05-01T00:00:00+00:00 [queued]>
[2024-07-07T18:38:31.392+0000] {taskinstance.py:2306} INFO - Starting attempt 1 of 1
[2024-07-07T18:38:31.402+0000] {taskinstance.py:2330} INFO - Executing <Task(PythonOperator): redshift_game_load> on 2023-05-01 00:00:00+00:00
[2024-07-07T18:38:31.407+0000] {warnings.py:110} WARNING - /home/***/.local/lib/python3.12/site-packages/***/task/task_runner/standard_task_runner.py:61: DeprecationWarning: This process (pid=1574) is multi-threaded, use of fork() may lead to deadlocks in the child.
  pid = os.fork()

[2024-07-07T18:38:31.408+0000] {standard_task_runner.py:90} INFO - Running: ['***', 'tasks', 'run', 'chess_etl', 'redshift_game_load', 'scheduled__2023-05-01T00:00:00+00:00', '--job-id', '465', '--pool', 'default_pool', '--raw', '--subdir', 'DAGS_FOLDER/chess_dag.py', '--cfg-path', '/tmp/tmpyjqvro1_']
[2024-07-07T18:38:31.409+0000] {standard_task_runner.py:63} INFO - Started process 1579 to run task
[2024-07-07T18:38:31.409+0000] {standard_task_runner.py:91} INFO - Job 465: Subtask redshift_game_load
[2024-07-07T18:38:31.440+0000] {task_command.py:426} INFO - Running <TaskInstance: chess_etl.redshift_game_load scheduled__2023-05-01T00:00:00+00:00 [running]> on host cb919e35e0e9
[2024-07-07T18:38:31.495+0000] {taskinstance.py:2648} INFO - Exporting env vars: AIRFLOW_CTX_DAG_OWNER='***' AIRFLOW_CTX_DAG_ID='chess_etl' AIRFLOW_CTX_TASK_ID='redshift_game_load' AIRFLOW_CTX_EXECUTION_DATE='2023-05-01T00:00:00+00:00' AIRFLOW_CTX_TRY_NUMBER='1' AIRFLOW_CTX_DAG_RUN_ID='scheduled__2023-05-01T00:00:00+00:00'
[2024-07-07T18:38:31.496+0000] {taskinstance.py:430} INFO - ::endgroup::
[2024-07-07T18:38:31.497+0000] {warnings.py:110} WARNING - /home/***/.local/lib/python3.12/site-packages/***/utils/context.py:320: AirflowContextDeprecationWarning: Accessing 'execution_date' from the template is deprecated and will be removed in a future version. Please use 'data_interval_start' or 'logical_date' instead.
  warnings.warn(_create_deprecation_warning(k, replacements))

[2024-07-07T18:38:31.503+0000] {base.py:84} INFO - Using connection ID 'chess_project_s3' for task execution.
[2024-07-07T18:38:32.275+0000] {base.py:84} INFO - Using connection ID 'chess_project_redshift' for task execution.
[2024-07-07T18:38:35.523+0000] {python.py:237} INFO - Done. Returned value was: None
[2024-07-07T18:38:35.524+0000] {taskinstance.py:441} INFO - ::group::Post task execution logs
[2024-07-07T18:38:35.529+0000] {taskinstance.py:1206} INFO - Marking task as SUCCESS. dag_id=chess_etl, task_id=redshift_game_load, run_id=scheduled__2023-05-01T00:00:00+00:00, execution_date=20230501T000000, start_date=20240707T183831, end_date=20240707T183835
[2024-07-07T18:38:35.555+0000] {local_task_job_runner.py:240} INFO - Task exited with return code 0
[2024-07-07T18:38:35.567+0000] {taskinstance.py:3498} INFO - 0 downstream tasks scheduled from follow-on schedule check
[2024-07-07T18:38:35.568+0000] {local_task_job_runner.py:222} INFO - ::endgroup::
[2024-07-08T04:39:52.530+0000] {local_task_job_runner.py:120} INFO - ::group::Pre task execution logs
[2024-07-08T04:39:52.545+0000] {taskinstance.py:2076} INFO - Dependencies all met for dep_context=non-requeueable deps ti=<TaskInstance: chess_etl.redshift_game_load scheduled__2023-05-01T00:00:00+00:00 [queued]>
[2024-07-08T04:39:52.552+0000] {taskinstance.py:2076} INFO - Dependencies all met for dep_context=requeueable deps ti=<TaskInstance: chess_etl.redshift_game_load scheduled__2023-05-01T00:00:00+00:00 [queued]>
[2024-07-08T04:39:52.553+0000] {taskinstance.py:2306} INFO - Starting attempt 1 of 1
[2024-07-08T04:39:52.563+0000] {taskinstance.py:2330} INFO - Executing <Task(PythonOperator): redshift_game_load> on 2023-05-01 00:00:00+00:00
[2024-07-08T04:39:52.570+0000] {warnings.py:110} WARNING - /home/***/.local/lib/python3.12/site-packages/***/task/task_runner/standard_task_runner.py:61: DeprecationWarning: This process (pid=51744) is multi-threaded, use of fork() may lead to deadlocks in the child.
  pid = os.fork()

[2024-07-08T04:39:52.571+0000] {standard_task_runner.py:63} INFO - Started process 51753 to run task
[2024-07-08T04:39:52.572+0000] {standard_task_runner.py:90} INFO - Running: ['***', 'tasks', 'run', 'chess_etl', 'redshift_game_load', 'scheduled__2023-05-01T00:00:00+00:00', '--job-id', '770', '--raw', '--subdir', 'DAGS_FOLDER/chess_dag.py', '--cfg-path', '/tmp/tmpmd48zawy']
[2024-07-08T04:39:52.573+0000] {standard_task_runner.py:91} INFO - Job 770: Subtask redshift_game_load
[2024-07-08T04:39:52.607+0000] {task_command.py:426} INFO - Running <TaskInstance: chess_etl.redshift_game_load scheduled__2023-05-01T00:00:00+00:00 [running]> on host 6569f5155f0c
[2024-07-08T04:39:52.674+0000] {taskinstance.py:2648} INFO - Exporting env vars: AIRFLOW_CTX_DAG_OWNER='***' AIRFLOW_CTX_DAG_ID='chess_etl' AIRFLOW_CTX_TASK_ID='redshift_game_load' AIRFLOW_CTX_EXECUTION_DATE='2023-05-01T00:00:00+00:00' AIRFLOW_CTX_TRY_NUMBER='1' AIRFLOW_CTX_DAG_RUN_ID='scheduled__2023-05-01T00:00:00+00:00'
[2024-07-08T04:39:52.675+0000] {taskinstance.py:430} INFO - ::endgroup::
[2024-07-08T04:39:52.676+0000] {warnings.py:110} WARNING - /home/***/.local/lib/python3.12/site-packages/***/utils/context.py:320: AirflowContextDeprecationWarning: Accessing 'execution_date' from the template is deprecated and will be removed in a future version. Please use 'data_interval_start' or 'logical_date' instead.
  warnings.warn(_create_deprecation_warning(k, replacements))

[2024-07-08T04:39:52.682+0000] {base.py:84} INFO - Using connection ID 'chess_project_s3' for task execution.
[2024-07-08T04:39:53.535+0000] {base.py:84} INFO - Using connection ID 'chess_project_redshift' for task execution.
[2024-07-08T04:39:55.332+0000] {python.py:237} INFO - Done. Returned value was: None
[2024-07-08T04:39:55.333+0000] {taskinstance.py:441} INFO - ::group::Post task execution logs
[2024-07-08T04:39:55.340+0000] {taskinstance.py:1206} INFO - Marking task as SUCCESS. dag_id=chess_etl, task_id=redshift_game_load, run_id=scheduled__2023-05-01T00:00:00+00:00, execution_date=20230501T000000, start_date=20240708T043952, end_date=20240708T043955
[2024-07-08T04:39:55.392+0000] {local_task_job_runner.py:240} INFO - Task exited with return code 0
[2024-07-08T04:39:55.407+0000] {taskinstance.py:3498} INFO - 1 downstream tasks scheduled from follow-on schedule check
[2024-07-08T04:39:55.408+0000] {local_task_job_runner.py:222} INFO - ::endgroup::
