[2024-07-07T18:36:31.355+0000] {local_task_job_runner.py:120} INFO - ::group::Pre task execution logs
[2024-07-07T18:36:31.368+0000] {taskinstance.py:2076} INFO - Dependencies all met for dep_context=non-requeueable deps ti=<TaskInstance: chess_etl.redshift_game_load scheduled__2022-01-01T00:00:00+00:00 [queued]>
[2024-07-07T18:36:31.373+0000] {taskinstance.py:2076} INFO - Dependencies all met for dep_context=requeueable deps ti=<TaskInstance: chess_etl.redshift_game_load scheduled__2022-01-01T00:00:00+00:00 [queued]>
[2024-07-07T18:36:31.374+0000] {taskinstance.py:2306} INFO - Starting attempt 1 of 1
[2024-07-07T18:36:31.382+0000] {taskinstance.py:2330} INFO - Executing <Task(PythonOperator): redshift_game_load> on 2022-01-01 00:00:00+00:00
[2024-07-07T18:36:31.387+0000] {warnings.py:110} WARNING - /home/***/.local/lib/python3.12/site-packages/***/task/task_runner/standard_task_runner.py:61: DeprecationWarning: This process (pid=1465) is multi-threaded, use of fork() may lead to deadlocks in the child.
  pid = os.fork()

[2024-07-07T18:36:31.388+0000] {standard_task_runner.py:63} INFO - Started process 1470 to run task
[2024-07-07T18:36:31.388+0000] {standard_task_runner.py:90} INFO - Running: ['***', 'tasks', 'run', 'chess_etl', 'redshift_game_load', 'scheduled__2022-01-01T00:00:00+00:00', '--job-id', '449', '--pool', 'default_pool', '--raw', '--subdir', 'DAGS_FOLDER/chess_dag.py', '--cfg-path', '/tmp/tmplkjoz6ak']
[2024-07-07T18:36:31.389+0000] {standard_task_runner.py:91} INFO - Job 449: Subtask redshift_game_load
[2024-07-07T18:36:31.419+0000] {task_command.py:426} INFO - Running <TaskInstance: chess_etl.redshift_game_load scheduled__2022-01-01T00:00:00+00:00 [running]> on host cb919e35e0e9
[2024-07-07T18:36:31.474+0000] {taskinstance.py:2648} INFO - Exporting env vars: AIRFLOW_CTX_DAG_OWNER='***' AIRFLOW_CTX_DAG_ID='chess_etl' AIRFLOW_CTX_TASK_ID='redshift_game_load' AIRFLOW_CTX_EXECUTION_DATE='2022-01-01T00:00:00+00:00' AIRFLOW_CTX_TRY_NUMBER='1' AIRFLOW_CTX_DAG_RUN_ID='scheduled__2022-01-01T00:00:00+00:00'
[2024-07-07T18:36:31.475+0000] {taskinstance.py:430} INFO - ::endgroup::
[2024-07-07T18:36:31.475+0000] {warnings.py:110} WARNING - /home/***/.local/lib/python3.12/site-packages/***/utils/context.py:320: AirflowContextDeprecationWarning: Accessing 'execution_date' from the template is deprecated and will be removed in a future version. Please use 'data_interval_start' or 'logical_date' instead.
  warnings.warn(_create_deprecation_warning(k, replacements))

[2024-07-07T18:36:31.481+0000] {base.py:84} INFO - Using connection ID 'chess_project_s3' for task execution.
[2024-07-07T18:36:32.207+0000] {base.py:84} INFO - Using connection ID 'chess_project_redshift' for task execution.
[2024-07-07T18:36:34.254+0000] {python.py:237} INFO - Done. Returned value was: None
[2024-07-07T18:36:34.254+0000] {taskinstance.py:441} INFO - ::group::Post task execution logs
[2024-07-07T18:36:34.260+0000] {taskinstance.py:1206} INFO - Marking task as SUCCESS. dag_id=chess_etl, task_id=redshift_game_load, run_id=scheduled__2022-01-01T00:00:00+00:00, execution_date=20220101T000000, start_date=20240707T183631, end_date=20240707T183634
[2024-07-07T18:36:34.287+0000] {local_task_job_runner.py:240} INFO - Task exited with return code 0
[2024-07-07T18:36:34.300+0000] {taskinstance.py:3498} INFO - 0 downstream tasks scheduled from follow-on schedule check
[2024-07-07T18:36:34.301+0000] {local_task_job_runner.py:222} INFO - ::endgroup::
[2024-07-08T01:55:06.169+0000] {local_task_job_runner.py:120} INFO - ::group::Pre task execution logs
[2024-07-08T01:55:06.183+0000] {taskinstance.py:2076} INFO - Dependencies all met for dep_context=non-requeueable deps ti=<TaskInstance: chess_etl.redshift_game_load scheduled__2022-01-01T00:00:00+00:00 [queued]>
[2024-07-08T01:55:06.188+0000] {taskinstance.py:2076} INFO - Dependencies all met for dep_context=requeueable deps ti=<TaskInstance: chess_etl.redshift_game_load scheduled__2022-01-01T00:00:00+00:00 [queued]>
[2024-07-08T01:55:06.188+0000] {taskinstance.py:2306} INFO - Starting attempt 1 of 1
[2024-07-08T01:55:06.196+0000] {taskinstance.py:2330} INFO - Executing <Task(PythonOperator): redshift_game_load> on 2022-01-01 00:00:00+00:00
[2024-07-08T01:55:06.203+0000] {warnings.py:110} WARNING - /home/***/.local/lib/python3.12/site-packages/***/task/task_runner/standard_task_runner.py:61: DeprecationWarning: This process (pid=32400) is multi-threaded, use of fork() may lead to deadlocks in the child.
  pid = os.fork()

[2024-07-08T01:55:06.205+0000] {standard_task_runner.py:63} INFO - Started process 32402 to run task
[2024-07-08T01:55:06.205+0000] {standard_task_runner.py:90} INFO - Running: ['***', 'tasks', 'run', 'chess_etl', 'redshift_game_load', 'scheduled__2022-01-01T00:00:00+00:00', '--job-id', '702', '--raw', '--subdir', 'DAGS_FOLDER/chess_dag.py', '--cfg-path', '/tmp/tmpb1jcx8as']
[2024-07-08T01:55:06.206+0000] {standard_task_runner.py:91} INFO - Job 702: Subtask redshift_game_load
[2024-07-08T01:55:06.243+0000] {task_command.py:426} INFO - Running <TaskInstance: chess_etl.redshift_game_load scheduled__2022-01-01T00:00:00+00:00 [running]> on host 6569f5155f0c
[2024-07-08T01:55:06.321+0000] {taskinstance.py:2648} INFO - Exporting env vars: AIRFLOW_CTX_DAG_OWNER='***' AIRFLOW_CTX_DAG_ID='chess_etl' AIRFLOW_CTX_TASK_ID='redshift_game_load' AIRFLOW_CTX_EXECUTION_DATE='2022-01-01T00:00:00+00:00' AIRFLOW_CTX_TRY_NUMBER='1' AIRFLOW_CTX_DAG_RUN_ID='scheduled__2022-01-01T00:00:00+00:00'
[2024-07-08T01:55:06.323+0000] {taskinstance.py:430} INFO - ::endgroup::
[2024-07-08T01:55:06.324+0000] {warnings.py:110} WARNING - /home/***/.local/lib/python3.12/site-packages/***/utils/context.py:320: AirflowContextDeprecationWarning: Accessing 'execution_date' from the template is deprecated and will be removed in a future version. Please use 'data_interval_start' or 'logical_date' instead.
  warnings.warn(_create_deprecation_warning(k, replacements))

[2024-07-08T01:55:06.332+0000] {base.py:84} INFO - Using connection ID 'chess_project_s3' for task execution.
[2024-07-08T01:55:07.194+0000] {base.py:84} INFO - Using connection ID 'chess_project_redshift' for task execution.
[2024-07-08T01:55:09.023+0000] {python.py:237} INFO - Done. Returned value was: None
[2024-07-08T01:55:09.023+0000] {taskinstance.py:441} INFO - ::group::Post task execution logs
[2024-07-08T01:55:09.030+0000] {taskinstance.py:1206} INFO - Marking task as SUCCESS. dag_id=chess_etl, task_id=redshift_game_load, run_id=scheduled__2022-01-01T00:00:00+00:00, execution_date=20220101T000000, start_date=20240708T015506, end_date=20240708T015509
[2024-07-08T01:55:09.065+0000] {local_task_job_runner.py:240} INFO - Task exited with return code 0
[2024-07-08T01:55:09.080+0000] {taskinstance.py:3498} INFO - 1 downstream tasks scheduled from follow-on schedule check
[2024-07-08T01:55:09.082+0000] {local_task_job_runner.py:222} INFO - ::endgroup::
