[2024-06-03T17:38:50.279+0000] {local_task_job_runner.py:120} INFO - ::group::Pre task execution logs
[2024-06-03T17:38:50.296+0000] {taskinstance.py:2076} INFO - Dependencies all met for dep_context=non-requeueable deps ti=<TaskInstance: chess_etl.games_etl scheduled__2020-07-01T00:00:00+00:00 [queued]>
[2024-06-03T17:38:50.303+0000] {taskinstance.py:2076} INFO - Dependencies all met for dep_context=requeueable deps ti=<TaskInstance: chess_etl.games_etl scheduled__2020-07-01T00:00:00+00:00 [queued]>
[2024-06-03T17:38:50.304+0000] {taskinstance.py:2306} INFO - Starting attempt 1 of 1
[2024-06-03T17:38:50.315+0000] {taskinstance.py:2330} INFO - Executing <Task(PythonOperator): games_etl> on 2020-07-01 00:00:00+00:00
[2024-06-03T17:38:50.320+0000] {warnings.py:110} WARNING - /home/***/.local/lib/python3.12/site-packages/***/task/task_runner/standard_task_runner.py:61: DeprecationWarning: This process (pid=170) is multi-threaded, use of fork() may lead to deadlocks in the child.
  pid = os.fork()

[2024-06-03T17:38:50.322+0000] {standard_task_runner.py:63} INFO - Started process 172 to run task
[2024-06-03T17:38:50.322+0000] {standard_task_runner.py:90} INFO - Running: ['***', 'tasks', 'run', 'chess_etl', 'games_etl', 'scheduled__2020-07-01T00:00:00+00:00', '--job-id', '39', '--raw', '--subdir', 'DAGS_FOLDER/chess_dag.py', '--cfg-path', '/tmp/tmppc0uim1k']
[2024-06-03T17:38:50.323+0000] {standard_task_runner.py:91} INFO - Job 39: Subtask games_etl
[2024-06-03T17:38:50.358+0000] {task_command.py:426} INFO - Running <TaskInstance: chess_etl.games_etl scheduled__2020-07-01T00:00:00+00:00 [running]> on host a5a4421409ea
[2024-06-03T17:38:50.416+0000] {taskinstance.py:2648} INFO - Exporting env vars: AIRFLOW_CTX_DAG_OWNER='***' AIRFLOW_CTX_DAG_ID='chess_etl' AIRFLOW_CTX_TASK_ID='games_etl' AIRFLOW_CTX_EXECUTION_DATE='2020-07-01T00:00:00+00:00' AIRFLOW_CTX_TRY_NUMBER='1' AIRFLOW_CTX_DAG_RUN_ID='scheduled__2020-07-01T00:00:00+00:00'
[2024-06-03T17:38:50.417+0000] {taskinstance.py:430} INFO - ::endgroup::
[2024-06-03T17:38:50.418+0000] {warnings.py:110} WARNING - /home/***/.local/lib/python3.12/site-packages/***/utils/context.py:320: AirflowContextDeprecationWarning: Accessing 'execution_date' from the template is deprecated and will be removed in a future version. Please use 'data_interval_start' or 'logical_date' instead.
  warnings.warn(_create_deprecation_warning(k, replacements))

[2024-06-03T17:38:51.403+0000] {taskinstance.py:441} INFO - ::group::Post task execution logs
[2024-06-03T17:38:51.409+0000] {taskinstance.py:2905} ERROR - Task failed with exception
Traceback (most recent call last):
  File "/home/airflow/.local/lib/python3.12/site-packages/airflow/models/taskinstance.py", line 465, in _execute_task
    result = _execute_callable(context=context, **execute_callable_kwargs)
             ^^^^^^^^^^^^^^^^^^^^^^^^^^^^^^^^^^^^^^^^^^^^^^^^^^^^^^^^^^^^^
  File "/home/airflow/.local/lib/python3.12/site-packages/airflow/models/taskinstance.py", line 432, in _execute_callable
    return execute_callable(context=context, **execute_callable_kwargs)
           ^^^^^^^^^^^^^^^^^^^^^^^^^^^^^^^^^^^^^^^^^^^^^^^^^^^^^^^^^^^^
  File "/home/airflow/.local/lib/python3.12/site-packages/airflow/models/baseoperator.py", line 400, in wrapper
    return func(self, *args, **kwargs)
           ^^^^^^^^^^^^^^^^^^^^^^^^^^^
  File "/home/airflow/.local/lib/python3.12/site-packages/airflow/operators/python.py", line 235, in execute
    return_value = self.execute_callable()
                   ^^^^^^^^^^^^^^^^^^^^^^^
  File "/home/airflow/.local/lib/python3.12/site-packages/airflow/operators/python.py", line 252, in execute_callable
    return self.python_callable(*self.op_args, **self.op_kwargs)
           ^^^^^^^^^^^^^^^^^^^^^^^^^^^^^^^^^^^^^^^^^^^^^^^^^^^^^
  File "/opt/airflow/dags/chess_dag.py", line 19, in games_etl_task
    return get_monthly_games(execution_date)
           ^^^^^^^^^^^^^^^^^^^^^^^^^^^^^^^^^
  File "/opt/airflow/dags/chess_etl_code.py", line 60, in get_monthly_games
    connection = BaseHook.get_connection('chess_project_s3')
                 ^^^^^^^^^^^^^^^^^^^^^^^^^^^^^^^^^^^^^^^^^^^
  File "/home/airflow/.local/lib/python3.12/site-packages/airflow/hooks/base.py", line 83, in get_connection
    conn = Connection.get_connection_from_secrets(conn_id)
           ^^^^^^^^^^^^^^^^^^^^^^^^^^^^^^^^^^^^^^^^^^^^^^^
  File "/home/airflow/.local/lib/python3.12/site-packages/airflow/models/connection.py", line 519, in get_connection_from_secrets
    raise AirflowNotFoundException(f"The conn_id `{conn_id}` isn't defined")
airflow.exceptions.AirflowNotFoundException: The conn_id `chess_project_s3` isn't defined
[2024-06-03T17:38:51.414+0000] {taskinstance.py:1206} INFO - Marking task as FAILED. dag_id=chess_etl, task_id=games_etl, run_id=scheduled__2020-07-01T00:00:00+00:00, execution_date=20200701T000000, start_date=20240603T173850, end_date=20240603T173851
[2024-06-03T17:38:51.423+0000] {standard_task_runner.py:110} ERROR - Failed to execute job 39 for task games_etl (The conn_id `chess_project_s3` isn't defined; 172)
[2024-06-03T17:38:51.456+0000] {local_task_job_runner.py:240} INFO - Task exited with return code 1
[2024-06-03T17:38:51.471+0000] {taskinstance.py:3498} INFO - 0 downstream tasks scheduled from follow-on schedule check
[2024-06-03T17:38:51.473+0000] {local_task_job_runner.py:222} INFO - ::endgroup::
[2024-06-03T19:35:00.831+0000] {local_task_job_runner.py:120} INFO - ::group::Pre task execution logs
[2024-06-03T19:35:00.846+0000] {taskinstance.py:2076} INFO - Dependencies all met for dep_context=non-requeueable deps ti=<TaskInstance: chess_etl.games_etl scheduled__2020-07-01T00:00:00+00:00 [queued]>
[2024-06-03T19:35:00.852+0000] {taskinstance.py:2076} INFO - Dependencies all met for dep_context=requeueable deps ti=<TaskInstance: chess_etl.games_etl scheduled__2020-07-01T00:00:00+00:00 [queued]>
[2024-06-03T19:35:00.852+0000] {taskinstance.py:2306} INFO - Starting attempt 1 of 1
[2024-06-03T19:35:00.860+0000] {taskinstance.py:2330} INFO - Executing <Task(PythonOperator): games_etl> on 2020-07-01 00:00:00+00:00
[2024-06-03T19:35:00.866+0000] {warnings.py:110} WARNING - /home/***/.local/lib/python3.12/site-packages/***/task/task_runner/standard_task_runner.py:61: DeprecationWarning: This process (pid=12069) is multi-threaded, use of fork() may lead to deadlocks in the child.
  pid = os.fork()

[2024-06-03T19:35:00.867+0000] {standard_task_runner.py:63} INFO - Started process 12071 to run task
[2024-06-03T19:35:00.867+0000] {standard_task_runner.py:90} INFO - Running: ['***', 'tasks', 'run', 'chess_etl', 'games_etl', 'scheduled__2020-07-01T00:00:00+00:00', '--job-id', '100', '--raw', '--subdir', 'DAGS_FOLDER/chess_dag.py', '--cfg-path', '/tmp/tmphbwc92ij']
[2024-06-03T19:35:00.868+0000] {standard_task_runner.py:91} INFO - Job 100: Subtask games_etl
[2024-06-03T19:35:00.901+0000] {task_command.py:426} INFO - Running <TaskInstance: chess_etl.games_etl scheduled__2020-07-01T00:00:00+00:00 [running]> on host f55fff24b127
[2024-06-03T19:35:00.965+0000] {taskinstance.py:2648} INFO - Exporting env vars: AIRFLOW_CTX_DAG_OWNER='***' AIRFLOW_CTX_DAG_ID='chess_etl' AIRFLOW_CTX_TASK_ID='games_etl' AIRFLOW_CTX_EXECUTION_DATE='2020-07-01T00:00:00+00:00' AIRFLOW_CTX_TRY_NUMBER='1' AIRFLOW_CTX_DAG_RUN_ID='scheduled__2020-07-01T00:00:00+00:00'
[2024-06-03T19:35:00.966+0000] {taskinstance.py:430} INFO - ::endgroup::
[2024-06-03T19:35:00.967+0000] {warnings.py:110} WARNING - /home/***/.local/lib/python3.12/site-packages/***/utils/context.py:320: AirflowContextDeprecationWarning: Accessing 'execution_date' from the template is deprecated and will be removed in a future version. Please use 'data_interval_start' or 'logical_date' instead.
  warnings.warn(_create_deprecation_warning(k, replacements))

[2024-06-03T19:35:01.923+0000] {base.py:84} INFO - Using connection ID 'chess_project_s3' for task execution.
[2024-06-03T19:35:02.679+0000] {python.py:237} INFO - Done. Returned value was: None
[2024-06-03T19:35:02.679+0000] {taskinstance.py:441} INFO - ::group::Post task execution logs
[2024-06-03T19:35:02.686+0000] {taskinstance.py:1206} INFO - Marking task as SUCCESS. dag_id=chess_etl, task_id=games_etl, run_id=scheduled__2020-07-01T00:00:00+00:00, execution_date=20200701T000000, start_date=20240603T193500, end_date=20240603T193502
[2024-06-03T19:35:02.725+0000] {local_task_job_runner.py:240} INFO - Task exited with return code 0
[2024-06-03T19:35:02.740+0000] {taskinstance.py:3498} INFO - 1 downstream tasks scheduled from follow-on schedule check
[2024-06-03T19:35:02.741+0000] {local_task_job_runner.py:222} INFO - ::endgroup::
[2024-06-08T15:03:07.821+0000] {local_task_job_runner.py:120} INFO - ::group::Pre task execution logs
[2024-06-08T15:03:07.835+0000] {taskinstance.py:2076} INFO - Dependencies all met for dep_context=non-requeueable deps ti=<TaskInstance: chess_etl.games_etl scheduled__2020-07-01T00:00:00+00:00 [queued]>
[2024-06-08T15:03:07.840+0000] {taskinstance.py:2076} INFO - Dependencies all met for dep_context=requeueable deps ti=<TaskInstance: chess_etl.games_etl scheduled__2020-07-01T00:00:00+00:00 [queued]>
[2024-06-08T15:03:07.840+0000] {taskinstance.py:2306} INFO - Starting attempt 1 of 1
[2024-06-08T15:03:07.849+0000] {taskinstance.py:2330} INFO - Executing <Task(PythonOperator): games_etl> on 2020-07-01 00:00:00+00:00
[2024-06-08T15:03:07.855+0000] {warnings.py:110} WARNING - /home/***/.local/lib/python3.12/site-packages/***/task/task_runner/standard_task_runner.py:61: DeprecationWarning: This process (pid=520) is multi-threaded, use of fork() may lead to deadlocks in the child.
  pid = os.fork()

[2024-06-08T15:03:07.856+0000] {standard_task_runner.py:63} INFO - Started process 524 to run task
[2024-06-08T15:03:07.856+0000] {standard_task_runner.py:90} INFO - Running: ['***', 'tasks', 'run', 'chess_etl', 'games_etl', 'scheduled__2020-07-01T00:00:00+00:00', '--job-id', '273', '--raw', '--subdir', 'DAGS_FOLDER/chess_dag.py', '--cfg-path', '/tmp/tmpy8orpbop']
[2024-06-08T15:03:07.857+0000] {standard_task_runner.py:91} INFO - Job 273: Subtask games_etl
[2024-06-08T15:03:07.889+0000] {task_command.py:426} INFO - Running <TaskInstance: chess_etl.games_etl scheduled__2020-07-01T00:00:00+00:00 [running]> on host bf0ade909435
[2024-06-08T15:03:07.943+0000] {taskinstance.py:2648} INFO - Exporting env vars: AIRFLOW_CTX_DAG_OWNER='***' AIRFLOW_CTX_DAG_ID='chess_etl' AIRFLOW_CTX_TASK_ID='games_etl' AIRFLOW_CTX_EXECUTION_DATE='2020-07-01T00:00:00+00:00' AIRFLOW_CTX_TRY_NUMBER='1' AIRFLOW_CTX_DAG_RUN_ID='scheduled__2020-07-01T00:00:00+00:00'
[2024-06-08T15:03:07.945+0000] {taskinstance.py:430} INFO - ::endgroup::
[2024-06-08T15:03:07.945+0000] {warnings.py:110} WARNING - /home/***/.local/lib/python3.12/site-packages/***/utils/context.py:320: AirflowContextDeprecationWarning: Accessing 'execution_date' from the template is deprecated and will be removed in a future version. Please use 'data_interval_start' or 'logical_date' instead.
  warnings.warn(_create_deprecation_warning(k, replacements))

[2024-06-08T15:03:08.930+0000] {base.py:84} INFO - Using connection ID 'chess_project_s3' for task execution.
[2024-06-08T15:03:09.698+0000] {python.py:237} INFO - Done. Returned value was: None
[2024-06-08T15:03:09.699+0000] {taskinstance.py:441} INFO - ::group::Post task execution logs
[2024-06-08T15:03:09.705+0000] {taskinstance.py:1206} INFO - Marking task as SUCCESS. dag_id=chess_etl, task_id=games_etl, run_id=scheduled__2020-07-01T00:00:00+00:00, execution_date=20200701T000000, start_date=20240608T150307, end_date=20240608T150309
[2024-06-08T15:03:09.754+0000] {local_task_job_runner.py:240} INFO - Task exited with return code 0
[2024-06-08T15:03:09.766+0000] {taskinstance.py:3498} INFO - 1 downstream tasks scheduled from follow-on schedule check
[2024-06-08T15:03:09.767+0000] {local_task_job_runner.py:222} INFO - ::endgroup::
[2024-07-07T23:11:47.346+0000] {local_task_job_runner.py:120} INFO - ::group::Pre task execution logs
[2024-07-07T23:11:47.360+0000] {taskinstance.py:2076} INFO - Dependencies all met for dep_context=non-requeueable deps ti=<TaskInstance: chess_etl.games_etl scheduled__2020-07-01T00:00:00+00:00 [queued]>
[2024-07-07T23:11:47.365+0000] {taskinstance.py:2076} INFO - Dependencies all met for dep_context=requeueable deps ti=<TaskInstance: chess_etl.games_etl scheduled__2020-07-01T00:00:00+00:00 [queued]>
[2024-07-07T23:11:47.365+0000] {taskinstance.py:2306} INFO - Starting attempt 1 of 1
[2024-07-07T23:11:47.373+0000] {taskinstance.py:2330} INFO - Executing <Task(PythonOperator): games_etl> on 2020-07-01 00:00:00+00:00
[2024-07-07T23:11:47.380+0000] {warnings.py:110} WARNING - /home/***/.local/lib/python3.12/site-packages/***/task/task_runner/standard_task_runner.py:61: DeprecationWarning: This process (pid=13333) is multi-threaded, use of fork() may lead to deadlocks in the child.
  pid = os.fork()

[2024-07-07T23:11:47.381+0000] {standard_task_runner.py:63} INFO - Started process 13335 to run task
[2024-07-07T23:11:47.382+0000] {standard_task_runner.py:90} INFO - Running: ['***', 'tasks', 'run', 'chess_etl', 'games_etl', 'scheduled__2020-07-01T00:00:00+00:00', '--job-id', '628', '--raw', '--subdir', 'DAGS_FOLDER/chess_dag.py', '--cfg-path', '/tmp/tmp1634kcz2']
[2024-07-07T23:11:47.382+0000] {standard_task_runner.py:91} INFO - Job 628: Subtask games_etl
[2024-07-07T23:11:47.413+0000] {task_command.py:426} INFO - Running <TaskInstance: chess_etl.games_etl scheduled__2020-07-01T00:00:00+00:00 [running]> on host 6569f5155f0c
[2024-07-07T23:11:47.468+0000] {taskinstance.py:2648} INFO - Exporting env vars: AIRFLOW_CTX_DAG_OWNER='***' AIRFLOW_CTX_DAG_ID='chess_etl' AIRFLOW_CTX_TASK_ID='games_etl' AIRFLOW_CTX_EXECUTION_DATE='2020-07-01T00:00:00+00:00' AIRFLOW_CTX_TRY_NUMBER='1' AIRFLOW_CTX_DAG_RUN_ID='scheduled__2020-07-01T00:00:00+00:00'
[2024-07-07T23:11:47.470+0000] {taskinstance.py:430} INFO - ::endgroup::
[2024-07-07T23:11:47.471+0000] {warnings.py:110} WARNING - /home/***/.local/lib/python3.12/site-packages/***/utils/context.py:320: AirflowContextDeprecationWarning: Accessing 'execution_date' from the template is deprecated and will be removed in a future version. Please use 'data_interval_start' or 'logical_date' instead.
  warnings.warn(_create_deprecation_warning(k, replacements))

[2024-07-07T23:11:48.490+0000] {base.py:84} INFO - Using connection ID 'chess_project_s3' for task execution.
[2024-07-07T23:11:49.251+0000] {python.py:237} INFO - Done. Returned value was: None
[2024-07-07T23:11:49.251+0000] {taskinstance.py:441} INFO - ::group::Post task execution logs
[2024-07-07T23:11:49.257+0000] {taskinstance.py:1206} INFO - Marking task as SUCCESS. dag_id=chess_etl, task_id=games_etl, run_id=scheduled__2020-07-01T00:00:00+00:00, execution_date=20200701T000000, start_date=20240707T231147, end_date=20240707T231149
[2024-07-07T23:11:49.279+0000] {local_task_job_runner.py:240} INFO - Task exited with return code 0
[2024-07-07T23:11:49.297+0000] {taskinstance.py:3498} INFO - 1 downstream tasks scheduled from follow-on schedule check
[2024-07-07T23:11:49.298+0000] {local_task_job_runner.py:222} INFO - ::endgroup::
