[2024-06-09T00:00:27.164+0000] {processor.py:161} INFO - Started process (PID=66219) to work on /opt/airflow/dags/chess_dag.py
[2024-06-09T00:00:27.165+0000] {processor.py:830} INFO - Processing file /opt/airflow/dags/chess_dag.py for tasks to queue
[2024-06-09T00:00:27.167+0000] {logging_mixin.py:188} INFO - [2024-06-09T00:00:27.167+0000] {dagbag.py:545} INFO - Filling up the DagBag from /opt/airflow/dags/chess_dag.py
[2024-06-09T00:00:27.675+0000] {processor.py:840} INFO - DAG(s) 'chess_etl' retrieved from /opt/airflow/dags/chess_dag.py
[2024-06-09T00:00:27.689+0000] {logging_mixin.py:188} INFO - [2024-06-09T00:00:27.689+0000] {dag.py:3096} INFO - Sync 1 DAGs
[2024-06-09T00:00:27.720+0000] {processor.py:183} INFO - Processing /opt/airflow/dags/chess_dag.py took 0.562 seconds
[2024-06-09T00:00:58.248+0000] {processor.py:161} INFO - Started process (PID=66279) to work on /opt/airflow/dags/chess_dag.py
[2024-06-09T00:00:58.249+0000] {processor.py:830} INFO - Processing file /opt/airflow/dags/chess_dag.py for tasks to queue
[2024-06-09T00:00:58.250+0000] {logging_mixin.py:188} INFO - [2024-06-09T00:00:58.250+0000] {dagbag.py:545} INFO - Filling up the DagBag from /opt/airflow/dags/chess_dag.py
[2024-06-09T00:00:58.642+0000] {processor.py:840} INFO - DAG(s) 'chess_etl' retrieved from /opt/airflow/dags/chess_dag.py
[2024-06-09T00:00:58.657+0000] {logging_mixin.py:188} INFO - [2024-06-09T00:00:58.657+0000] {dag.py:3096} INFO - Sync 1 DAGs
[2024-06-09T00:00:58.693+0000] {processor.py:183} INFO - Processing /opt/airflow/dags/chess_dag.py took 0.452 seconds
[2024-06-09T00:01:28.931+0000] {processor.py:161} INFO - Started process (PID=66339) to work on /opt/airflow/dags/chess_dag.py
[2024-06-09T00:01:28.933+0000] {processor.py:830} INFO - Processing file /opt/airflow/dags/chess_dag.py for tasks to queue
[2024-06-09T00:01:28.935+0000] {logging_mixin.py:188} INFO - [2024-06-09T00:01:28.935+0000] {dagbag.py:545} INFO - Filling up the DagBag from /opt/airflow/dags/chess_dag.py
[2024-06-09T00:01:29.323+0000] {processor.py:840} INFO - DAG(s) 'chess_etl' retrieved from /opt/airflow/dags/chess_dag.py
[2024-06-09T00:01:29.341+0000] {logging_mixin.py:188} INFO - [2024-06-09T00:01:29.340+0000] {dag.py:3096} INFO - Sync 1 DAGs
[2024-06-09T00:01:29.380+0000] {processor.py:183} INFO - Processing /opt/airflow/dags/chess_dag.py took 0.457 seconds
[2024-06-09T00:01:59.567+0000] {processor.py:161} INFO - Started process (PID=66399) to work on /opt/airflow/dags/chess_dag.py
[2024-06-09T00:01:59.568+0000] {processor.py:830} INFO - Processing file /opt/airflow/dags/chess_dag.py for tasks to queue
[2024-06-09T00:01:59.569+0000] {logging_mixin.py:188} INFO - [2024-06-09T00:01:59.569+0000] {dagbag.py:545} INFO - Filling up the DagBag from /opt/airflow/dags/chess_dag.py
[2024-06-09T00:01:59.960+0000] {processor.py:840} INFO - DAG(s) 'chess_etl' retrieved from /opt/airflow/dags/chess_dag.py
[2024-06-09T00:01:59.974+0000] {logging_mixin.py:188} INFO - [2024-06-09T00:01:59.973+0000] {dag.py:3096} INFO - Sync 1 DAGs
[2024-06-09T00:02:00.010+0000] {processor.py:183} INFO - Processing /opt/airflow/dags/chess_dag.py took 0.448 seconds
[2024-06-09T00:02:30.301+0000] {processor.py:161} INFO - Started process (PID=66459) to work on /opt/airflow/dags/chess_dag.py
[2024-06-09T00:02:30.302+0000] {processor.py:830} INFO - Processing file /opt/airflow/dags/chess_dag.py for tasks to queue
[2024-06-09T00:02:30.303+0000] {logging_mixin.py:188} INFO - [2024-06-09T00:02:30.303+0000] {dagbag.py:545} INFO - Filling up the DagBag from /opt/airflow/dags/chess_dag.py
[2024-06-09T00:02:30.684+0000] {processor.py:840} INFO - DAG(s) 'chess_etl' retrieved from /opt/airflow/dags/chess_dag.py
[2024-06-09T00:02:30.698+0000] {logging_mixin.py:188} INFO - [2024-06-09T00:02:30.698+0000] {dag.py:3096} INFO - Sync 1 DAGs
[2024-06-09T00:02:30.728+0000] {processor.py:183} INFO - Processing /opt/airflow/dags/chess_dag.py took 0.432 seconds
[2024-06-09T00:03:00.985+0000] {processor.py:161} INFO - Started process (PID=66519) to work on /opt/airflow/dags/chess_dag.py
[2024-06-09T00:03:00.986+0000] {processor.py:830} INFO - Processing file /opt/airflow/dags/chess_dag.py for tasks to queue
[2024-06-09T00:03:00.987+0000] {logging_mixin.py:188} INFO - [2024-06-09T00:03:00.987+0000] {dagbag.py:545} INFO - Filling up the DagBag from /opt/airflow/dags/chess_dag.py
[2024-06-09T00:03:01.390+0000] {processor.py:840} INFO - DAG(s) 'chess_etl' retrieved from /opt/airflow/dags/chess_dag.py
[2024-06-09T00:03:01.406+0000] {logging_mixin.py:188} INFO - [2024-06-09T00:03:01.406+0000] {dag.py:3096} INFO - Sync 1 DAGs
[2024-06-09T00:03:01.442+0000] {processor.py:183} INFO - Processing /opt/airflow/dags/chess_dag.py took 0.464 seconds
[2024-06-09T00:03:31.697+0000] {processor.py:161} INFO - Started process (PID=66580) to work on /opt/airflow/dags/chess_dag.py
[2024-06-09T00:03:31.698+0000] {processor.py:830} INFO - Processing file /opt/airflow/dags/chess_dag.py for tasks to queue
[2024-06-09T00:03:31.700+0000] {logging_mixin.py:188} INFO - [2024-06-09T00:03:31.700+0000] {dagbag.py:545} INFO - Filling up the DagBag from /opt/airflow/dags/chess_dag.py
[2024-06-09T00:03:32.121+0000] {processor.py:840} INFO - DAG(s) 'chess_etl' retrieved from /opt/airflow/dags/chess_dag.py
[2024-06-09T00:03:32.137+0000] {logging_mixin.py:188} INFO - [2024-06-09T00:03:32.137+0000] {dag.py:3096} INFO - Sync 1 DAGs
[2024-06-09T00:03:32.170+0000] {processor.py:183} INFO - Processing /opt/airflow/dags/chess_dag.py took 0.479 seconds
[2024-06-09T00:04:02.327+0000] {processor.py:161} INFO - Started process (PID=66640) to work on /opt/airflow/dags/chess_dag.py
[2024-06-09T00:04:02.329+0000] {processor.py:830} INFO - Processing file /opt/airflow/dags/chess_dag.py for tasks to queue
[2024-06-09T00:04:02.331+0000] {logging_mixin.py:188} INFO - [2024-06-09T00:04:02.331+0000] {dagbag.py:545} INFO - Filling up the DagBag from /opt/airflow/dags/chess_dag.py
[2024-06-09T00:04:02.720+0000] {processor.py:840} INFO - DAG(s) 'chess_etl' retrieved from /opt/airflow/dags/chess_dag.py
[2024-06-09T00:04:02.735+0000] {logging_mixin.py:188} INFO - [2024-06-09T00:04:02.734+0000] {dag.py:3096} INFO - Sync 1 DAGs
[2024-06-09T00:04:02.767+0000] {processor.py:183} INFO - Processing /opt/airflow/dags/chess_dag.py took 0.445 seconds
[2024-06-09T00:04:33.056+0000] {processor.py:161} INFO - Started process (PID=66700) to work on /opt/airflow/dags/chess_dag.py
[2024-06-09T00:04:33.057+0000] {processor.py:830} INFO - Processing file /opt/airflow/dags/chess_dag.py for tasks to queue
[2024-06-09T00:04:33.059+0000] {logging_mixin.py:188} INFO - [2024-06-09T00:04:33.058+0000] {dagbag.py:545} INFO - Filling up the DagBag from /opt/airflow/dags/chess_dag.py
[2024-06-09T00:04:33.453+0000] {processor.py:840} INFO - DAG(s) 'chess_etl' retrieved from /opt/airflow/dags/chess_dag.py
[2024-06-09T00:04:33.474+0000] {logging_mixin.py:188} INFO - [2024-06-09T00:04:33.473+0000] {dag.py:3096} INFO - Sync 1 DAGs
[2024-06-09T00:04:33.516+0000] {processor.py:183} INFO - Processing /opt/airflow/dags/chess_dag.py took 0.467 seconds
[2024-06-09T00:05:03.806+0000] {processor.py:161} INFO - Started process (PID=66760) to work on /opt/airflow/dags/chess_dag.py
[2024-06-09T00:05:03.807+0000] {processor.py:830} INFO - Processing file /opt/airflow/dags/chess_dag.py for tasks to queue
[2024-06-09T00:05:03.809+0000] {logging_mixin.py:188} INFO - [2024-06-09T00:05:03.808+0000] {dagbag.py:545} INFO - Filling up the DagBag from /opt/airflow/dags/chess_dag.py
[2024-06-09T00:05:04.188+0000] {processor.py:840} INFO - DAG(s) 'chess_etl' retrieved from /opt/airflow/dags/chess_dag.py
[2024-06-09T00:05:04.203+0000] {logging_mixin.py:188} INFO - [2024-06-09T00:05:04.202+0000] {dag.py:3096} INFO - Sync 1 DAGs
[2024-06-09T00:05:04.235+0000] {processor.py:183} INFO - Processing /opt/airflow/dags/chess_dag.py took 0.436 seconds
[2024-06-09T00:05:34.332+0000] {processor.py:161} INFO - Started process (PID=66820) to work on /opt/airflow/dags/chess_dag.py
[2024-06-09T00:05:34.333+0000] {processor.py:830} INFO - Processing file /opt/airflow/dags/chess_dag.py for tasks to queue
[2024-06-09T00:05:34.335+0000] {logging_mixin.py:188} INFO - [2024-06-09T00:05:34.334+0000] {dagbag.py:545} INFO - Filling up the DagBag from /opt/airflow/dags/chess_dag.py
[2024-06-09T00:05:34.726+0000] {processor.py:840} INFO - DAG(s) 'chess_etl' retrieved from /opt/airflow/dags/chess_dag.py
[2024-06-09T00:05:34.743+0000] {logging_mixin.py:188} INFO - [2024-06-09T00:05:34.743+0000] {dag.py:3096} INFO - Sync 1 DAGs
[2024-06-09T00:05:34.779+0000] {processor.py:183} INFO - Processing /opt/airflow/dags/chess_dag.py took 0.452 seconds
[2024-06-09T00:06:04.969+0000] {processor.py:161} INFO - Started process (PID=66880) to work on /opt/airflow/dags/chess_dag.py
[2024-06-09T00:06:04.970+0000] {processor.py:830} INFO - Processing file /opt/airflow/dags/chess_dag.py for tasks to queue
[2024-06-09T00:06:04.972+0000] {logging_mixin.py:188} INFO - [2024-06-09T00:06:04.971+0000] {dagbag.py:545} INFO - Filling up the DagBag from /opt/airflow/dags/chess_dag.py
[2024-06-09T00:06:05.381+0000] {processor.py:840} INFO - DAG(s) 'chess_etl' retrieved from /opt/airflow/dags/chess_dag.py
[2024-06-09T00:06:05.398+0000] {logging_mixin.py:188} INFO - [2024-06-09T00:06:05.398+0000] {dag.py:3096} INFO - Sync 1 DAGs
[2024-06-09T00:06:05.440+0000] {processor.py:183} INFO - Processing /opt/airflow/dags/chess_dag.py took 0.478 seconds
[2024-06-09T00:06:35.685+0000] {processor.py:161} INFO - Started process (PID=66940) to work on /opt/airflow/dags/chess_dag.py
[2024-06-09T00:06:35.686+0000] {processor.py:830} INFO - Processing file /opt/airflow/dags/chess_dag.py for tasks to queue
[2024-06-09T00:06:35.687+0000] {logging_mixin.py:188} INFO - [2024-06-09T00:06:35.687+0000] {dagbag.py:545} INFO - Filling up the DagBag from /opt/airflow/dags/chess_dag.py
[2024-06-09T00:06:36.066+0000] {processor.py:840} INFO - DAG(s) 'chess_etl' retrieved from /opt/airflow/dags/chess_dag.py
[2024-06-09T00:06:36.081+0000] {logging_mixin.py:188} INFO - [2024-06-09T00:06:36.080+0000] {dag.py:3096} INFO - Sync 1 DAGs
[2024-06-09T00:06:36.114+0000] {processor.py:183} INFO - Processing /opt/airflow/dags/chess_dag.py took 0.435 seconds
[2024-06-09T00:07:06.370+0000] {processor.py:161} INFO - Started process (PID=67000) to work on /opt/airflow/dags/chess_dag.py
[2024-06-09T00:07:06.371+0000] {processor.py:830} INFO - Processing file /opt/airflow/dags/chess_dag.py for tasks to queue
[2024-06-09T00:07:06.373+0000] {logging_mixin.py:188} INFO - [2024-06-09T00:07:06.373+0000] {dagbag.py:545} INFO - Filling up the DagBag from /opt/airflow/dags/chess_dag.py
[2024-06-09T00:07:06.757+0000] {processor.py:840} INFO - DAG(s) 'chess_etl' retrieved from /opt/airflow/dags/chess_dag.py
[2024-06-09T00:07:06.771+0000] {logging_mixin.py:188} INFO - [2024-06-09T00:07:06.771+0000] {dag.py:3096} INFO - Sync 1 DAGs
[2024-06-09T00:07:06.802+0000] {processor.py:183} INFO - Processing /opt/airflow/dags/chess_dag.py took 0.439 seconds
[2024-06-09T00:07:36.959+0000] {processor.py:161} INFO - Started process (PID=67063) to work on /opt/airflow/dags/chess_dag.py
[2024-06-09T00:07:36.960+0000] {processor.py:830} INFO - Processing file /opt/airflow/dags/chess_dag.py for tasks to queue
[2024-06-09T00:07:36.961+0000] {logging_mixin.py:188} INFO - [2024-06-09T00:07:36.961+0000] {dagbag.py:545} INFO - Filling up the DagBag from /opt/airflow/dags/chess_dag.py
[2024-06-09T00:07:37.361+0000] {processor.py:840} INFO - DAG(s) 'chess_etl' retrieved from /opt/airflow/dags/chess_dag.py
[2024-06-09T00:07:37.376+0000] {logging_mixin.py:188} INFO - [2024-06-09T00:07:37.376+0000] {dag.py:3096} INFO - Sync 1 DAGs
[2024-06-09T00:07:37.409+0000] {processor.py:183} INFO - Processing /opt/airflow/dags/chess_dag.py took 0.455 seconds
[2024-06-09T00:08:07.574+0000] {processor.py:161} INFO - Started process (PID=67120) to work on /opt/airflow/dags/chess_dag.py
[2024-06-09T00:08:07.575+0000] {processor.py:830} INFO - Processing file /opt/airflow/dags/chess_dag.py for tasks to queue
[2024-06-09T00:08:07.577+0000] {logging_mixin.py:188} INFO - [2024-06-09T00:08:07.576+0000] {dagbag.py:545} INFO - Filling up the DagBag from /opt/airflow/dags/chess_dag.py
[2024-06-09T00:08:07.956+0000] {processor.py:840} INFO - DAG(s) 'chess_etl' retrieved from /opt/airflow/dags/chess_dag.py
[2024-06-09T00:08:07.970+0000] {logging_mixin.py:188} INFO - [2024-06-09T00:08:07.970+0000] {dag.py:3096} INFO - Sync 1 DAGs
[2024-06-09T00:08:08.002+0000] {processor.py:183} INFO - Processing /opt/airflow/dags/chess_dag.py took 0.436 seconds
[2024-06-09T00:08:38.203+0000] {processor.py:161} INFO - Started process (PID=67180) to work on /opt/airflow/dags/chess_dag.py
[2024-06-09T00:08:38.204+0000] {processor.py:830} INFO - Processing file /opt/airflow/dags/chess_dag.py for tasks to queue
[2024-06-09T00:08:38.206+0000] {logging_mixin.py:188} INFO - [2024-06-09T00:08:38.206+0000] {dagbag.py:545} INFO - Filling up the DagBag from /opt/airflow/dags/chess_dag.py
[2024-06-09T00:08:38.591+0000] {processor.py:840} INFO - DAG(s) 'chess_etl' retrieved from /opt/airflow/dags/chess_dag.py
[2024-06-09T00:08:38.609+0000] {logging_mixin.py:188} INFO - [2024-06-09T00:08:38.609+0000] {dag.py:3096} INFO - Sync 1 DAGs
[2024-06-09T00:08:38.645+0000] {processor.py:183} INFO - Processing /opt/airflow/dags/chess_dag.py took 0.447 seconds
[2024-06-09T00:09:08.810+0000] {processor.py:161} INFO - Started process (PID=67240) to work on /opt/airflow/dags/chess_dag.py
[2024-06-09T00:09:08.811+0000] {processor.py:830} INFO - Processing file /opt/airflow/dags/chess_dag.py for tasks to queue
[2024-06-09T00:09:08.813+0000] {logging_mixin.py:188} INFO - [2024-06-09T00:09:08.812+0000] {dagbag.py:545} INFO - Filling up the DagBag from /opt/airflow/dags/chess_dag.py
[2024-06-09T00:09:09.206+0000] {processor.py:840} INFO - DAG(s) 'chess_etl' retrieved from /opt/airflow/dags/chess_dag.py
[2024-06-09T00:09:09.221+0000] {logging_mixin.py:188} INFO - [2024-06-09T00:09:09.221+0000] {dag.py:3096} INFO - Sync 1 DAGs
[2024-06-09T00:09:09.256+0000] {processor.py:183} INFO - Processing /opt/airflow/dags/chess_dag.py took 0.452 seconds
[2024-06-09T00:09:39.455+0000] {processor.py:161} INFO - Started process (PID=67300) to work on /opt/airflow/dags/chess_dag.py
[2024-06-09T00:09:39.456+0000] {processor.py:830} INFO - Processing file /opt/airflow/dags/chess_dag.py for tasks to queue
[2024-06-09T00:09:39.458+0000] {logging_mixin.py:188} INFO - [2024-06-09T00:09:39.458+0000] {dagbag.py:545} INFO - Filling up the DagBag from /opt/airflow/dags/chess_dag.py
[2024-06-09T00:09:39.837+0000] {processor.py:840} INFO - DAG(s) 'chess_etl' retrieved from /opt/airflow/dags/chess_dag.py
[2024-06-09T00:09:39.852+0000] {logging_mixin.py:188} INFO - [2024-06-09T00:09:39.852+0000] {dag.py:3096} INFO - Sync 1 DAGs
[2024-06-09T00:09:39.886+0000] {processor.py:183} INFO - Processing /opt/airflow/dags/chess_dag.py took 0.437 seconds
[2024-06-09T00:10:10.219+0000] {processor.py:161} INFO - Started process (PID=67361) to work on /opt/airflow/dags/chess_dag.py
[2024-06-09T00:10:10.220+0000] {processor.py:830} INFO - Processing file /opt/airflow/dags/chess_dag.py for tasks to queue
[2024-06-09T00:10:10.222+0000] {logging_mixin.py:188} INFO - [2024-06-09T00:10:10.222+0000] {dagbag.py:545} INFO - Filling up the DagBag from /opt/airflow/dags/chess_dag.py
[2024-06-09T00:10:10.600+0000] {processor.py:840} INFO - DAG(s) 'chess_etl' retrieved from /opt/airflow/dags/chess_dag.py
[2024-06-09T00:10:10.615+0000] {logging_mixin.py:188} INFO - [2024-06-09T00:10:10.615+0000] {dag.py:3096} INFO - Sync 1 DAGs
[2024-06-09T00:10:10.775+0000] {processor.py:183} INFO - Processing /opt/airflow/dags/chess_dag.py took 0.561 seconds
[2024-06-09T00:10:41.031+0000] {processor.py:161} INFO - Started process (PID=67426) to work on /opt/airflow/dags/chess_dag.py
[2024-06-09T00:10:41.032+0000] {processor.py:830} INFO - Processing file /opt/airflow/dags/chess_dag.py for tasks to queue
[2024-06-09T00:10:41.035+0000] {logging_mixin.py:188} INFO - [2024-06-09T00:10:41.034+0000] {dagbag.py:545} INFO - Filling up the DagBag from /opt/airflow/dags/chess_dag.py
[2024-06-09T00:10:41.424+0000] {processor.py:840} INFO - DAG(s) 'chess_etl' retrieved from /opt/airflow/dags/chess_dag.py
[2024-06-09T00:10:41.568+0000] {logging_mixin.py:188} INFO - [2024-06-09T00:10:41.568+0000] {dag.py:3096} INFO - Sync 1 DAGs
[2024-06-09T00:10:41.601+0000] {processor.py:183} INFO - Processing /opt/airflow/dags/chess_dag.py took 0.576 seconds
[2024-06-09T00:11:11.895+0000] {processor.py:161} INFO - Started process (PID=67490) to work on /opt/airflow/dags/chess_dag.py
[2024-06-09T00:11:11.896+0000] {processor.py:830} INFO - Processing file /opt/airflow/dags/chess_dag.py for tasks to queue
[2024-06-09T00:11:11.898+0000] {logging_mixin.py:188} INFO - [2024-06-09T00:11:11.897+0000] {dagbag.py:545} INFO - Filling up the DagBag from /opt/airflow/dags/chess_dag.py
[2024-06-09T00:11:12.282+0000] {processor.py:840} INFO - DAG(s) 'chess_etl' retrieved from /opt/airflow/dags/chess_dag.py
[2024-06-09T00:11:12.302+0000] {logging_mixin.py:188} INFO - [2024-06-09T00:11:12.302+0000] {dag.py:3096} INFO - Sync 1 DAGs
[2024-06-09T00:11:12.468+0000] {processor.py:183} INFO - Processing /opt/airflow/dags/chess_dag.py took 0.577 seconds
[2024-06-09T00:11:42.706+0000] {processor.py:161} INFO - Started process (PID=67552) to work on /opt/airflow/dags/chess_dag.py
[2024-06-09T00:11:42.707+0000] {processor.py:830} INFO - Processing file /opt/airflow/dags/chess_dag.py for tasks to queue
[2024-06-09T00:11:42.709+0000] {logging_mixin.py:188} INFO - [2024-06-09T00:11:42.708+0000] {dagbag.py:545} INFO - Filling up the DagBag from /opt/airflow/dags/chess_dag.py
[2024-06-09T00:11:43.078+0000] {processor.py:840} INFO - DAG(s) 'chess_etl' retrieved from /opt/airflow/dags/chess_dag.py
[2024-06-09T00:11:43.094+0000] {logging_mixin.py:188} INFO - [2024-06-09T00:11:43.093+0000] {dag.py:3096} INFO - Sync 1 DAGs
[2024-06-09T00:11:43.236+0000] {processor.py:183} INFO - Processing /opt/airflow/dags/chess_dag.py took 0.536 seconds
[2024-06-09T00:12:14.209+0000] {processor.py:161} INFO - Started process (PID=67613) to work on /opt/airflow/dags/chess_dag.py
[2024-06-09T00:12:14.210+0000] {processor.py:830} INFO - Processing file /opt/airflow/dags/chess_dag.py for tasks to queue
[2024-06-09T00:12:14.212+0000] {logging_mixin.py:188} INFO - [2024-06-09T00:12:14.212+0000] {dagbag.py:545} INFO - Filling up the DagBag from /opt/airflow/dags/chess_dag.py
[2024-06-09T00:12:14.606+0000] {processor.py:840} INFO - DAG(s) 'chess_etl' retrieved from /opt/airflow/dags/chess_dag.py
[2024-06-09T00:12:14.621+0000] {logging_mixin.py:188} INFO - [2024-06-09T00:12:14.621+0000] {dag.py:3096} INFO - Sync 1 DAGs
[2024-06-09T00:12:14.757+0000] {processor.py:183} INFO - Processing /opt/airflow/dags/chess_dag.py took 0.554 seconds
[2024-06-09T00:12:45.059+0000] {processor.py:161} INFO - Started process (PID=67677) to work on /opt/airflow/dags/chess_dag.py
[2024-06-09T00:12:45.060+0000] {processor.py:830} INFO - Processing file /opt/airflow/dags/chess_dag.py for tasks to queue
[2024-06-09T00:12:45.062+0000] {logging_mixin.py:188} INFO - [2024-06-09T00:12:45.061+0000] {dagbag.py:545} INFO - Filling up the DagBag from /opt/airflow/dags/chess_dag.py
[2024-06-09T00:12:45.445+0000] {processor.py:840} INFO - DAG(s) 'chess_etl' retrieved from /opt/airflow/dags/chess_dag.py
[2024-06-09T00:12:45.574+0000] {logging_mixin.py:188} INFO - [2024-06-09T00:12:45.573+0000] {dag.py:3096} INFO - Sync 1 DAGs
[2024-06-09T00:12:45.605+0000] {processor.py:183} INFO - Processing /opt/airflow/dags/chess_dag.py took 0.553 seconds
[2024-06-09T00:13:16.460+0000] {processor.py:161} INFO - Started process (PID=67738) to work on /opt/airflow/dags/chess_dag.py
[2024-06-09T00:13:16.461+0000] {processor.py:830} INFO - Processing file /opt/airflow/dags/chess_dag.py for tasks to queue
[2024-06-09T00:13:16.463+0000] {logging_mixin.py:188} INFO - [2024-06-09T00:13:16.462+0000] {dagbag.py:545} INFO - Filling up the DagBag from /opt/airflow/dags/chess_dag.py
[2024-06-09T00:13:16.832+0000] {processor.py:840} INFO - DAG(s) 'chess_etl' retrieved from /opt/airflow/dags/chess_dag.py
[2024-06-09T00:13:16.952+0000] {logging_mixin.py:188} INFO - [2024-06-09T00:13:16.952+0000] {dag.py:3096} INFO - Sync 1 DAGs
[2024-06-09T00:13:16.978+0000] {processor.py:183} INFO - Processing /opt/airflow/dags/chess_dag.py took 0.522 seconds
[2024-06-09T00:13:47.051+0000] {processor.py:161} INFO - Started process (PID=67798) to work on /opt/airflow/dags/chess_dag.py
[2024-06-09T00:13:47.051+0000] {processor.py:830} INFO - Processing file /opt/airflow/dags/chess_dag.py for tasks to queue
[2024-06-09T00:13:47.053+0000] {logging_mixin.py:188} INFO - [2024-06-09T00:13:47.053+0000] {dagbag.py:545} INFO - Filling up the DagBag from /opt/airflow/dags/chess_dag.py
[2024-06-09T00:13:47.536+0000] {processor.py:840} INFO - DAG(s) 'chess_etl' retrieved from /opt/airflow/dags/chess_dag.py
[2024-06-09T00:13:47.549+0000] {logging_mixin.py:188} INFO - [2024-06-09T00:13:47.548+0000] {dag.py:3096} INFO - Sync 1 DAGs
[2024-06-09T00:13:47.580+0000] {processor.py:183} INFO - Processing /opt/airflow/dags/chess_dag.py took 0.535 seconds
[2024-06-09T00:14:17.649+0000] {processor.py:161} INFO - Started process (PID=67860) to work on /opt/airflow/dags/chess_dag.py
[2024-06-09T00:14:17.650+0000] {processor.py:830} INFO - Processing file /opt/airflow/dags/chess_dag.py for tasks to queue
[2024-06-09T00:14:17.652+0000] {logging_mixin.py:188} INFO - [2024-06-09T00:14:17.651+0000] {dagbag.py:545} INFO - Filling up the DagBag from /opt/airflow/dags/chess_dag.py
[2024-06-09T00:14:18.142+0000] {processor.py:840} INFO - DAG(s) 'chess_etl' retrieved from /opt/airflow/dags/chess_dag.py
[2024-06-09T00:14:18.153+0000] {logging_mixin.py:188} INFO - [2024-06-09T00:14:18.153+0000] {dag.py:3096} INFO - Sync 1 DAGs
[2024-06-09T00:14:18.170+0000] {logging_mixin.py:188} INFO - [2024-06-09T00:14:18.169+0000] {dag.py:3954} INFO - Setting next_dagrun for chess_etl to 2024-06-01 00:00:00+00:00, run_after=2024-07-01 00:00:00+00:00
[2024-06-09T00:14:18.186+0000] {processor.py:183} INFO - Processing /opt/airflow/dags/chess_dag.py took 0.542 seconds
[2024-06-09T00:14:49.025+0000] {processor.py:161} INFO - Started process (PID=67920) to work on /opt/airflow/dags/chess_dag.py
[2024-06-09T00:14:49.026+0000] {processor.py:830} INFO - Processing file /opt/airflow/dags/chess_dag.py for tasks to queue
[2024-06-09T00:14:49.028+0000] {logging_mixin.py:188} INFO - [2024-06-09T00:14:49.028+0000] {dagbag.py:545} INFO - Filling up the DagBag from /opt/airflow/dags/chess_dag.py
[2024-06-09T00:14:49.543+0000] {processor.py:840} INFO - DAG(s) 'chess_etl' retrieved from /opt/airflow/dags/chess_dag.py
[2024-06-09T00:14:49.557+0000] {logging_mixin.py:188} INFO - [2024-06-09T00:14:49.556+0000] {dag.py:3096} INFO - Sync 1 DAGs
[2024-06-09T00:14:49.574+0000] {logging_mixin.py:188} INFO - [2024-06-09T00:14:49.574+0000] {dag.py:3954} INFO - Setting next_dagrun for chess_etl to 2024-06-01 00:00:00+00:00, run_after=2024-07-01 00:00:00+00:00
[2024-06-09T00:14:49.595+0000] {processor.py:183} INFO - Processing /opt/airflow/dags/chess_dag.py took 0.576 seconds
[2024-06-09T00:15:20.584+0000] {processor.py:161} INFO - Started process (PID=67985) to work on /opt/airflow/dags/chess_dag.py
[2024-06-09T00:15:20.585+0000] {processor.py:830} INFO - Processing file /opt/airflow/dags/chess_dag.py for tasks to queue
[2024-06-09T00:15:20.587+0000] {logging_mixin.py:188} INFO - [2024-06-09T00:15:20.586+0000] {dagbag.py:545} INFO - Filling up the DagBag from /opt/airflow/dags/chess_dag.py
[2024-06-09T00:15:21.116+0000] {processor.py:840} INFO - DAG(s) 'chess_etl' retrieved from /opt/airflow/dags/chess_dag.py
[2024-06-09T00:15:21.132+0000] {logging_mixin.py:188} INFO - [2024-06-09T00:15:21.131+0000] {dag.py:3096} INFO - Sync 1 DAGs
[2024-06-09T00:15:21.149+0000] {logging_mixin.py:188} INFO - [2024-06-09T00:15:21.148+0000] {dag.py:3954} INFO - Setting next_dagrun for chess_etl to 2024-06-01 00:00:00+00:00, run_after=2024-07-01 00:00:00+00:00
[2024-06-09T00:15:21.164+0000] {processor.py:183} INFO - Processing /opt/airflow/dags/chess_dag.py took 0.587 seconds
[2024-06-09T00:15:51.902+0000] {processor.py:161} INFO - Started process (PID=68051) to work on /opt/airflow/dags/chess_dag.py
[2024-06-09T00:15:51.902+0000] {processor.py:830} INFO - Processing file /opt/airflow/dags/chess_dag.py for tasks to queue
[2024-06-09T00:15:51.904+0000] {logging_mixin.py:188} INFO - [2024-06-09T00:15:51.904+0000] {dagbag.py:545} INFO - Filling up the DagBag from /opt/airflow/dags/chess_dag.py
[2024-06-09T00:15:52.394+0000] {processor.py:840} INFO - DAG(s) 'chess_etl' retrieved from /opt/airflow/dags/chess_dag.py
[2024-06-09T00:15:52.407+0000] {logging_mixin.py:188} INFO - [2024-06-09T00:15:52.406+0000] {dag.py:3096} INFO - Sync 1 DAGs
[2024-06-09T00:15:52.425+0000] {logging_mixin.py:188} INFO - [2024-06-09T00:15:52.425+0000] {dag.py:3954} INFO - Setting next_dagrun for chess_etl to 2024-06-01 00:00:00+00:00, run_after=2024-07-01 00:00:00+00:00
[2024-06-09T00:15:52.445+0000] {processor.py:183} INFO - Processing /opt/airflow/dags/chess_dag.py took 0.547 seconds
[2024-06-09T00:16:23.225+0000] {processor.py:161} INFO - Started process (PID=68111) to work on /opt/airflow/dags/chess_dag.py
[2024-06-09T00:16:23.226+0000] {processor.py:830} INFO - Processing file /opt/airflow/dags/chess_dag.py for tasks to queue
[2024-06-09T00:16:23.227+0000] {logging_mixin.py:188} INFO - [2024-06-09T00:16:23.227+0000] {dagbag.py:545} INFO - Filling up the DagBag from /opt/airflow/dags/chess_dag.py
[2024-06-09T00:16:23.727+0000] {processor.py:840} INFO - DAG(s) 'chess_etl' retrieved from /opt/airflow/dags/chess_dag.py
[2024-06-09T00:16:23.741+0000] {logging_mixin.py:188} INFO - [2024-06-09T00:16:23.741+0000] {dag.py:3096} INFO - Sync 1 DAGs
[2024-06-09T00:16:23.759+0000] {logging_mixin.py:188} INFO - [2024-06-09T00:16:23.759+0000] {dag.py:3954} INFO - Setting next_dagrun for chess_etl to 2024-06-01 00:00:00+00:00, run_after=2024-07-01 00:00:00+00:00
[2024-06-09T00:16:23.772+0000] {processor.py:183} INFO - Processing /opt/airflow/dags/chess_dag.py took 0.552 seconds
[2024-06-09T00:16:54.496+0000] {processor.py:161} INFO - Started process (PID=68171) to work on /opt/airflow/dags/chess_dag.py
[2024-06-09T00:16:54.496+0000] {processor.py:830} INFO - Processing file /opt/airflow/dags/chess_dag.py for tasks to queue
[2024-06-09T00:16:54.498+0000] {logging_mixin.py:188} INFO - [2024-06-09T00:16:54.498+0000] {dagbag.py:545} INFO - Filling up the DagBag from /opt/airflow/dags/chess_dag.py
[2024-06-09T00:16:54.975+0000] {processor.py:840} INFO - DAG(s) 'chess_etl' retrieved from /opt/airflow/dags/chess_dag.py
[2024-06-09T00:16:54.987+0000] {logging_mixin.py:188} INFO - [2024-06-09T00:16:54.987+0000] {dag.py:3096} INFO - Sync 1 DAGs
[2024-06-09T00:16:55.002+0000] {logging_mixin.py:188} INFO - [2024-06-09T00:16:55.002+0000] {dag.py:3954} INFO - Setting next_dagrun for chess_etl to 2024-06-01 00:00:00+00:00, run_after=2024-07-01 00:00:00+00:00
[2024-06-09T00:16:55.013+0000] {processor.py:183} INFO - Processing /opt/airflow/dags/chess_dag.py took 0.522 seconds
[2024-06-09T00:17:25.707+0000] {processor.py:161} INFO - Started process (PID=68231) to work on /opt/airflow/dags/chess_dag.py
[2024-06-09T00:17:25.708+0000] {processor.py:830} INFO - Processing file /opt/airflow/dags/chess_dag.py for tasks to queue
[2024-06-09T00:17:25.710+0000] {logging_mixin.py:188} INFO - [2024-06-09T00:17:25.709+0000] {dagbag.py:545} INFO - Filling up the DagBag from /opt/airflow/dags/chess_dag.py
[2024-06-09T00:17:26.177+0000] {processor.py:840} INFO - DAG(s) 'chess_etl' retrieved from /opt/airflow/dags/chess_dag.py
[2024-06-09T00:17:26.190+0000] {logging_mixin.py:188} INFO - [2024-06-09T00:17:26.189+0000] {dag.py:3096} INFO - Sync 1 DAGs
[2024-06-09T00:17:26.206+0000] {logging_mixin.py:188} INFO - [2024-06-09T00:17:26.206+0000] {dag.py:3954} INFO - Setting next_dagrun for chess_etl to 2024-06-01 00:00:00+00:00, run_after=2024-07-01 00:00:00+00:00
[2024-06-09T00:17:26.219+0000] {processor.py:183} INFO - Processing /opt/airflow/dags/chess_dag.py took 0.516 seconds
[2024-06-09T00:17:57.033+0000] {processor.py:161} INFO - Started process (PID=68291) to work on /opt/airflow/dags/chess_dag.py
[2024-06-09T00:17:57.034+0000] {processor.py:830} INFO - Processing file /opt/airflow/dags/chess_dag.py for tasks to queue
[2024-06-09T00:17:57.036+0000] {logging_mixin.py:188} INFO - [2024-06-09T00:17:57.036+0000] {dagbag.py:545} INFO - Filling up the DagBag from /opt/airflow/dags/chess_dag.py
[2024-06-09T00:17:57.501+0000] {processor.py:840} INFO - DAG(s) 'chess_etl' retrieved from /opt/airflow/dags/chess_dag.py
[2024-06-09T00:17:57.513+0000] {logging_mixin.py:188} INFO - [2024-06-09T00:17:57.513+0000] {dag.py:3096} INFO - Sync 1 DAGs
[2024-06-09T00:17:57.528+0000] {logging_mixin.py:188} INFO - [2024-06-09T00:17:57.528+0000] {dag.py:3954} INFO - Setting next_dagrun for chess_etl to 2024-06-01 00:00:00+00:00, run_after=2024-07-01 00:00:00+00:00
[2024-06-09T00:17:57.540+0000] {processor.py:183} INFO - Processing /opt/airflow/dags/chess_dag.py took 0.511 seconds
[2024-06-09T00:18:28.255+0000] {processor.py:161} INFO - Started process (PID=68351) to work on /opt/airflow/dags/chess_dag.py
[2024-06-09T00:18:28.256+0000] {processor.py:830} INFO - Processing file /opt/airflow/dags/chess_dag.py for tasks to queue
[2024-06-09T00:18:28.258+0000] {logging_mixin.py:188} INFO - [2024-06-09T00:18:28.258+0000] {dagbag.py:545} INFO - Filling up the DagBag from /opt/airflow/dags/chess_dag.py
[2024-06-09T00:18:28.721+0000] {processor.py:840} INFO - DAG(s) 'chess_etl' retrieved from /opt/airflow/dags/chess_dag.py
[2024-06-09T00:18:28.734+0000] {logging_mixin.py:188} INFO - [2024-06-09T00:18:28.734+0000] {dag.py:3096} INFO - Sync 1 DAGs
[2024-06-09T00:18:28.752+0000] {logging_mixin.py:188} INFO - [2024-06-09T00:18:28.751+0000] {dag.py:3954} INFO - Setting next_dagrun for chess_etl to 2024-06-01 00:00:00+00:00, run_after=2024-07-01 00:00:00+00:00
[2024-06-09T00:18:28.764+0000] {processor.py:183} INFO - Processing /opt/airflow/dags/chess_dag.py took 0.514 seconds
[2024-06-09T00:18:59.024+0000] {processor.py:161} INFO - Started process (PID=68411) to work on /opt/airflow/dags/chess_dag.py
[2024-06-09T00:18:59.025+0000] {processor.py:830} INFO - Processing file /opt/airflow/dags/chess_dag.py for tasks to queue
[2024-06-09T00:18:59.028+0000] {logging_mixin.py:188} INFO - [2024-06-09T00:18:59.027+0000] {dagbag.py:545} INFO - Filling up the DagBag from /opt/airflow/dags/chess_dag.py
[2024-06-09T00:18:59.503+0000] {processor.py:840} INFO - DAG(s) 'chess_etl' retrieved from /opt/airflow/dags/chess_dag.py
[2024-06-09T00:18:59.515+0000] {logging_mixin.py:188} INFO - [2024-06-09T00:18:59.515+0000] {dag.py:3096} INFO - Sync 1 DAGs
[2024-06-09T00:18:59.530+0000] {logging_mixin.py:188} INFO - [2024-06-09T00:18:59.530+0000] {dag.py:3954} INFO - Setting next_dagrun for chess_etl to 2024-06-01 00:00:00+00:00, run_after=2024-07-01 00:00:00+00:00
[2024-06-09T00:18:59.543+0000] {processor.py:183} INFO - Processing /opt/airflow/dags/chess_dag.py took 0.526 seconds
[2024-06-09T00:19:30.392+0000] {processor.py:161} INFO - Started process (PID=68472) to work on /opt/airflow/dags/chess_dag.py
[2024-06-09T00:19:30.393+0000] {processor.py:830} INFO - Processing file /opt/airflow/dags/chess_dag.py for tasks to queue
[2024-06-09T00:19:30.395+0000] {logging_mixin.py:188} INFO - [2024-06-09T00:19:30.395+0000] {dagbag.py:545} INFO - Filling up the DagBag from /opt/airflow/dags/chess_dag.py
[2024-06-09T00:19:30.860+0000] {processor.py:840} INFO - DAG(s) 'chess_etl' retrieved from /opt/airflow/dags/chess_dag.py
[2024-06-09T00:19:30.874+0000] {logging_mixin.py:188} INFO - [2024-06-09T00:19:30.873+0000] {dag.py:3096} INFO - Sync 1 DAGs
[2024-06-09T00:19:30.888+0000] {logging_mixin.py:188} INFO - [2024-06-09T00:19:30.888+0000] {dag.py:3954} INFO - Setting next_dagrun for chess_etl to 2024-06-01 00:00:00+00:00, run_after=2024-07-01 00:00:00+00:00
[2024-06-09T00:19:30.903+0000] {processor.py:183} INFO - Processing /opt/airflow/dags/chess_dag.py took 0.518 seconds
[2024-06-09T00:20:00.958+0000] {processor.py:161} INFO - Started process (PID=68532) to work on /opt/airflow/dags/chess_dag.py
[2024-06-09T00:20:00.959+0000] {processor.py:830} INFO - Processing file /opt/airflow/dags/chess_dag.py for tasks to queue
[2024-06-09T00:20:00.960+0000] {logging_mixin.py:188} INFO - [2024-06-09T00:20:00.960+0000] {dagbag.py:545} INFO - Filling up the DagBag from /opt/airflow/dags/chess_dag.py
[2024-06-09T00:20:01.421+0000] {processor.py:840} INFO - DAG(s) 'chess_etl' retrieved from /opt/airflow/dags/chess_dag.py
[2024-06-09T00:20:01.434+0000] {logging_mixin.py:188} INFO - [2024-06-09T00:20:01.434+0000] {dag.py:3096} INFO - Sync 1 DAGs
[2024-06-09T00:20:01.449+0000] {logging_mixin.py:188} INFO - [2024-06-09T00:20:01.448+0000] {dag.py:3954} INFO - Setting next_dagrun for chess_etl to 2024-06-01 00:00:00+00:00, run_after=2024-07-01 00:00:00+00:00
[2024-06-09T00:20:01.464+0000] {processor.py:183} INFO - Processing /opt/airflow/dags/chess_dag.py took 0.511 seconds
[2024-06-09T00:20:32.087+0000] {processor.py:161} INFO - Started process (PID=68592) to work on /opt/airflow/dags/chess_dag.py
[2024-06-09T00:20:32.087+0000] {processor.py:830} INFO - Processing file /opt/airflow/dags/chess_dag.py for tasks to queue
[2024-06-09T00:20:32.089+0000] {logging_mixin.py:188} INFO - [2024-06-09T00:20:32.089+0000] {dagbag.py:545} INFO - Filling up the DagBag from /opt/airflow/dags/chess_dag.py
[2024-06-09T00:20:32.554+0000] {processor.py:840} INFO - DAG(s) 'chess_etl' retrieved from /opt/airflow/dags/chess_dag.py
[2024-06-09T00:20:32.566+0000] {logging_mixin.py:188} INFO - [2024-06-09T00:20:32.565+0000] {dag.py:3096} INFO - Sync 1 DAGs
[2024-06-09T00:20:32.580+0000] {logging_mixin.py:188} INFO - [2024-06-09T00:20:32.579+0000] {dag.py:3954} INFO - Setting next_dagrun for chess_etl to 2024-06-01 00:00:00+00:00, run_after=2024-07-01 00:00:00+00:00
[2024-06-09T00:20:32.594+0000] {processor.py:183} INFO - Processing /opt/airflow/dags/chess_dag.py took 0.513 seconds
[2024-06-09T00:21:02.721+0000] {processor.py:161} INFO - Started process (PID=68652) to work on /opt/airflow/dags/chess_dag.py
[2024-06-09T00:21:02.722+0000] {processor.py:830} INFO - Processing file /opt/airflow/dags/chess_dag.py for tasks to queue
[2024-06-09T00:21:02.724+0000] {logging_mixin.py:188} INFO - [2024-06-09T00:21:02.723+0000] {dagbag.py:545} INFO - Filling up the DagBag from /opt/airflow/dags/chess_dag.py
[2024-06-09T00:21:03.215+0000] {processor.py:840} INFO - DAG(s) 'chess_etl' retrieved from /opt/airflow/dags/chess_dag.py
[2024-06-09T00:21:03.228+0000] {logging_mixin.py:188} INFO - [2024-06-09T00:21:03.227+0000] {dag.py:3096} INFO - Sync 1 DAGs
[2024-06-09T00:21:03.245+0000] {logging_mixin.py:188} INFO - [2024-06-09T00:21:03.245+0000] {dag.py:3954} INFO - Setting next_dagrun for chess_etl to 2024-06-01 00:00:00+00:00, run_after=2024-07-01 00:00:00+00:00
[2024-06-09T00:21:03.261+0000] {processor.py:183} INFO - Processing /opt/airflow/dags/chess_dag.py took 0.546 seconds
[2024-06-09T00:21:33.368+0000] {processor.py:161} INFO - Started process (PID=68714) to work on /opt/airflow/dags/chess_dag.py
[2024-06-09T00:21:33.369+0000] {processor.py:830} INFO - Processing file /opt/airflow/dags/chess_dag.py for tasks to queue
[2024-06-09T00:21:33.371+0000] {logging_mixin.py:188} INFO - [2024-06-09T00:21:33.370+0000] {dagbag.py:545} INFO - Filling up the DagBag from /opt/airflow/dags/chess_dag.py
[2024-06-09T00:21:33.849+0000] {processor.py:840} INFO - DAG(s) 'chess_etl' retrieved from /opt/airflow/dags/chess_dag.py
[2024-06-09T00:21:33.861+0000] {logging_mixin.py:188} INFO - [2024-06-09T00:21:33.860+0000] {dag.py:3096} INFO - Sync 1 DAGs
[2024-06-09T00:21:33.875+0000] {logging_mixin.py:188} INFO - [2024-06-09T00:21:33.874+0000] {dag.py:3954} INFO - Setting next_dagrun for chess_etl to 2024-06-01 00:00:00+00:00, run_after=2024-07-01 00:00:00+00:00
[2024-06-09T00:21:33.890+0000] {processor.py:183} INFO - Processing /opt/airflow/dags/chess_dag.py took 0.528 seconds
[2024-06-09T00:22:04.015+0000] {processor.py:161} INFO - Started process (PID=68772) to work on /opt/airflow/dags/chess_dag.py
[2024-06-09T00:22:04.016+0000] {processor.py:830} INFO - Processing file /opt/airflow/dags/chess_dag.py for tasks to queue
[2024-06-09T00:22:04.017+0000] {logging_mixin.py:188} INFO - [2024-06-09T00:22:04.017+0000] {dagbag.py:545} INFO - Filling up the DagBag from /opt/airflow/dags/chess_dag.py
[2024-06-09T00:22:04.469+0000] {processor.py:840} INFO - DAG(s) 'chess_etl' retrieved from /opt/airflow/dags/chess_dag.py
[2024-06-09T00:22:04.481+0000] {logging_mixin.py:188} INFO - [2024-06-09T00:22:04.481+0000] {dag.py:3096} INFO - Sync 1 DAGs
[2024-06-09T00:22:04.497+0000] {logging_mixin.py:188} INFO - [2024-06-09T00:22:04.497+0000] {dag.py:3954} INFO - Setting next_dagrun for chess_etl to 2024-06-01 00:00:00+00:00, run_after=2024-07-01 00:00:00+00:00
[2024-06-09T00:22:04.509+0000] {processor.py:183} INFO - Processing /opt/airflow/dags/chess_dag.py took 0.499 seconds
[2024-06-09T00:22:34.570+0000] {processor.py:161} INFO - Started process (PID=68832) to work on /opt/airflow/dags/chess_dag.py
[2024-06-09T00:22:34.571+0000] {processor.py:830} INFO - Processing file /opt/airflow/dags/chess_dag.py for tasks to queue
[2024-06-09T00:22:34.573+0000] {logging_mixin.py:188} INFO - [2024-06-09T00:22:34.572+0000] {dagbag.py:545} INFO - Filling up the DagBag from /opt/airflow/dags/chess_dag.py
[2024-06-09T00:22:35.035+0000] {processor.py:840} INFO - DAG(s) 'chess_etl' retrieved from /opt/airflow/dags/chess_dag.py
[2024-06-09T00:22:35.048+0000] {logging_mixin.py:188} INFO - [2024-06-09T00:22:35.048+0000] {dag.py:3096} INFO - Sync 1 DAGs
[2024-06-09T00:22:35.065+0000] {logging_mixin.py:188} INFO - [2024-06-09T00:22:35.065+0000] {dag.py:3954} INFO - Setting next_dagrun for chess_etl to 2024-06-01 00:00:00+00:00, run_after=2024-07-01 00:00:00+00:00
[2024-06-09T00:22:35.078+0000] {processor.py:183} INFO - Processing /opt/airflow/dags/chess_dag.py took 0.515 seconds
[2024-06-09T00:23:05.178+0000] {processor.py:161} INFO - Started process (PID=68892) to work on /opt/airflow/dags/chess_dag.py
[2024-06-09T00:23:05.179+0000] {processor.py:830} INFO - Processing file /opt/airflow/dags/chess_dag.py for tasks to queue
[2024-06-09T00:23:05.180+0000] {logging_mixin.py:188} INFO - [2024-06-09T00:23:05.180+0000] {dagbag.py:545} INFO - Filling up the DagBag from /opt/airflow/dags/chess_dag.py
[2024-06-09T00:23:05.667+0000] {processor.py:840} INFO - DAG(s) 'chess_etl' retrieved from /opt/airflow/dags/chess_dag.py
[2024-06-09T00:23:05.681+0000] {logging_mixin.py:188} INFO - [2024-06-09T00:23:05.680+0000] {dag.py:3096} INFO - Sync 1 DAGs
[2024-06-09T00:23:05.698+0000] {logging_mixin.py:188} INFO - [2024-06-09T00:23:05.697+0000] {dag.py:3954} INFO - Setting next_dagrun for chess_etl to 2024-06-01 00:00:00+00:00, run_after=2024-07-01 00:00:00+00:00
[2024-06-09T00:23:05.711+0000] {processor.py:183} INFO - Processing /opt/airflow/dags/chess_dag.py took 0.538 seconds
[2024-06-09T00:23:35.771+0000] {processor.py:161} INFO - Started process (PID=68952) to work on /opt/airflow/dags/chess_dag.py
[2024-06-09T00:23:35.772+0000] {processor.py:830} INFO - Processing file /opt/airflow/dags/chess_dag.py for tasks to queue
[2024-06-09T00:23:35.774+0000] {logging_mixin.py:188} INFO - [2024-06-09T00:23:35.773+0000] {dagbag.py:545} INFO - Filling up the DagBag from /opt/airflow/dags/chess_dag.py
[2024-06-09T00:23:36.224+0000] {processor.py:840} INFO - DAG(s) 'chess_etl' retrieved from /opt/airflow/dags/chess_dag.py
[2024-06-09T00:23:36.236+0000] {logging_mixin.py:188} INFO - [2024-06-09T00:23:36.236+0000] {dag.py:3096} INFO - Sync 1 DAGs
[2024-06-09T00:23:36.250+0000] {logging_mixin.py:188} INFO - [2024-06-09T00:23:36.250+0000] {dag.py:3954} INFO - Setting next_dagrun for chess_etl to 2024-06-01 00:00:00+00:00, run_after=2024-07-01 00:00:00+00:00
[2024-06-09T00:23:36.263+0000] {processor.py:183} INFO - Processing /opt/airflow/dags/chess_dag.py took 0.498 seconds
[2024-06-09T00:24:06.344+0000] {processor.py:161} INFO - Started process (PID=69014) to work on /opt/airflow/dags/chess_dag.py
[2024-06-09T00:24:06.345+0000] {processor.py:830} INFO - Processing file /opt/airflow/dags/chess_dag.py for tasks to queue
[2024-06-09T00:24:06.347+0000] {logging_mixin.py:188} INFO - [2024-06-09T00:24:06.346+0000] {dagbag.py:545} INFO - Filling up the DagBag from /opt/airflow/dags/chess_dag.py
[2024-06-09T00:24:06.818+0000] {processor.py:840} INFO - DAG(s) 'chess_etl' retrieved from /opt/airflow/dags/chess_dag.py
[2024-06-09T00:24:06.832+0000] {logging_mixin.py:188} INFO - [2024-06-09T00:24:06.832+0000] {dag.py:3096} INFO - Sync 1 DAGs
[2024-06-09T00:24:06.846+0000] {logging_mixin.py:188} INFO - [2024-06-09T00:24:06.846+0000] {dag.py:3954} INFO - Setting next_dagrun for chess_etl to 2024-06-01 00:00:00+00:00, run_after=2024-07-01 00:00:00+00:00
[2024-06-09T00:24:06.858+0000] {processor.py:183} INFO - Processing /opt/airflow/dags/chess_dag.py took 0.519 seconds
[2024-06-09T00:24:36.959+0000] {processor.py:161} INFO - Started process (PID=69074) to work on /opt/airflow/dags/chess_dag.py
[2024-06-09T00:24:36.959+0000] {processor.py:830} INFO - Processing file /opt/airflow/dags/chess_dag.py for tasks to queue
[2024-06-09T00:24:36.961+0000] {logging_mixin.py:188} INFO - [2024-06-09T00:24:36.961+0000] {dagbag.py:545} INFO - Filling up the DagBag from /opt/airflow/dags/chess_dag.py
[2024-06-09T00:24:37.418+0000] {processor.py:840} INFO - DAG(s) 'chess_etl' retrieved from /opt/airflow/dags/chess_dag.py
[2024-06-09T00:24:37.430+0000] {logging_mixin.py:188} INFO - [2024-06-09T00:24:37.429+0000] {dag.py:3096} INFO - Sync 1 DAGs
[2024-06-09T00:24:37.444+0000] {logging_mixin.py:188} INFO - [2024-06-09T00:24:37.444+0000] {dag.py:3954} INFO - Setting next_dagrun for chess_etl to 2024-06-01 00:00:00+00:00, run_after=2024-07-01 00:00:00+00:00
[2024-06-09T00:24:37.456+0000] {processor.py:183} INFO - Processing /opt/airflow/dags/chess_dag.py took 0.502 seconds
[2024-06-09T00:25:07.551+0000] {processor.py:161} INFO - Started process (PID=69133) to work on /opt/airflow/dags/chess_dag.py
[2024-06-09T00:25:07.552+0000] {processor.py:830} INFO - Processing file /opt/airflow/dags/chess_dag.py for tasks to queue
[2024-06-09T00:25:07.553+0000] {logging_mixin.py:188} INFO - [2024-06-09T00:25:07.553+0000] {dagbag.py:545} INFO - Filling up the DagBag from /opt/airflow/dags/chess_dag.py
[2024-06-09T00:25:07.982+0000] {processor.py:840} INFO - DAG(s) 'chess_etl' retrieved from /opt/airflow/dags/chess_dag.py
[2024-06-09T00:25:07.993+0000] {logging_mixin.py:188} INFO - [2024-06-09T00:25:07.993+0000] {dag.py:3096} INFO - Sync 1 DAGs
[2024-06-09T00:25:08.007+0000] {logging_mixin.py:188} INFO - [2024-06-09T00:25:08.006+0000] {dag.py:3954} INFO - Setting next_dagrun for chess_etl to 2024-06-01 00:00:00+00:00, run_after=2024-07-01 00:00:00+00:00
[2024-06-09T00:25:08.019+0000] {processor.py:183} INFO - Processing /opt/airflow/dags/chess_dag.py took 0.473 seconds
[2024-06-09T00:25:38.318+0000] {processor.py:161} INFO - Started process (PID=69191) to work on /opt/airflow/dags/chess_dag.py
[2024-06-09T00:25:38.319+0000] {processor.py:830} INFO - Processing file /opt/airflow/dags/chess_dag.py for tasks to queue
[2024-06-09T00:25:38.321+0000] {logging_mixin.py:188} INFO - [2024-06-09T00:25:38.320+0000] {dagbag.py:545} INFO - Filling up the DagBag from /opt/airflow/dags/chess_dag.py
[2024-06-09T00:25:38.795+0000] {processor.py:840} INFO - DAG(s) 'chess_etl' retrieved from /opt/airflow/dags/chess_dag.py
[2024-06-09T00:25:38.807+0000] {logging_mixin.py:188} INFO - [2024-06-09T00:25:38.806+0000] {dag.py:3096} INFO - Sync 1 DAGs
[2024-06-09T00:25:38.824+0000] {logging_mixin.py:188} INFO - [2024-06-09T00:25:38.824+0000] {dag.py:3954} INFO - Setting next_dagrun for chess_etl to 2024-06-01 00:00:00+00:00, run_after=2024-07-01 00:00:00+00:00
[2024-06-09T00:25:38.837+0000] {processor.py:183} INFO - Processing /opt/airflow/dags/chess_dag.py took 0.525 seconds
[2024-06-09T00:26:08.936+0000] {processor.py:161} INFO - Started process (PID=69253) to work on /opt/airflow/dags/chess_dag.py
[2024-06-09T00:26:08.936+0000] {processor.py:830} INFO - Processing file /opt/airflow/dags/chess_dag.py for tasks to queue
[2024-06-09T00:26:08.938+0000] {logging_mixin.py:188} INFO - [2024-06-09T00:26:08.938+0000] {dagbag.py:545} INFO - Filling up the DagBag from /opt/airflow/dags/chess_dag.py
[2024-06-09T00:26:09.357+0000] {processor.py:840} INFO - DAG(s) 'chess_etl' retrieved from /opt/airflow/dags/chess_dag.py
[2024-06-09T00:26:09.370+0000] {logging_mixin.py:188} INFO - [2024-06-09T00:26:09.369+0000] {dag.py:3096} INFO - Sync 1 DAGs
[2024-06-09T00:26:09.384+0000] {logging_mixin.py:188} INFO - [2024-06-09T00:26:09.384+0000] {dag.py:3954} INFO - Setting next_dagrun for chess_etl to 2024-06-01 00:00:00+00:00, run_after=2024-07-01 00:00:00+00:00
[2024-06-09T00:26:09.396+0000] {processor.py:183} INFO - Processing /opt/airflow/dags/chess_dag.py took 0.465 seconds
[2024-06-09T00:26:39.509+0000] {processor.py:161} INFO - Started process (PID=69313) to work on /opt/airflow/dags/chess_dag.py
[2024-06-09T00:26:39.509+0000] {processor.py:830} INFO - Processing file /opt/airflow/dags/chess_dag.py for tasks to queue
[2024-06-09T00:26:39.511+0000] {logging_mixin.py:188} INFO - [2024-06-09T00:26:39.510+0000] {dagbag.py:545} INFO - Filling up the DagBag from /opt/airflow/dags/chess_dag.py
[2024-06-09T00:26:39.964+0000] {processor.py:840} INFO - DAG(s) 'chess_etl' retrieved from /opt/airflow/dags/chess_dag.py
[2024-06-09T00:26:39.979+0000] {logging_mixin.py:188} INFO - [2024-06-09T00:26:39.979+0000] {dag.py:3096} INFO - Sync 1 DAGs
[2024-06-09T00:26:39.994+0000] {logging_mixin.py:188} INFO - [2024-06-09T00:26:39.993+0000] {dag.py:3954} INFO - Setting next_dagrun for chess_etl to 2024-06-01 00:00:00+00:00, run_after=2024-07-01 00:00:00+00:00
[2024-06-09T00:26:40.006+0000] {processor.py:183} INFO - Processing /opt/airflow/dags/chess_dag.py took 0.502 seconds
[2024-06-09T00:27:10.085+0000] {processor.py:161} INFO - Started process (PID=69373) to work on /opt/airflow/dags/chess_dag.py
[2024-06-09T00:27:10.086+0000] {processor.py:830} INFO - Processing file /opt/airflow/dags/chess_dag.py for tasks to queue
[2024-06-09T00:27:10.088+0000] {logging_mixin.py:188} INFO - [2024-06-09T00:27:10.088+0000] {dagbag.py:545} INFO - Filling up the DagBag from /opt/airflow/dags/chess_dag.py
[2024-06-09T00:27:10.572+0000] {processor.py:840} INFO - DAG(s) 'chess_etl' retrieved from /opt/airflow/dags/chess_dag.py
[2024-06-09T00:27:10.587+0000] {logging_mixin.py:188} INFO - [2024-06-09T00:27:10.587+0000] {dag.py:3096} INFO - Sync 1 DAGs
[2024-06-09T00:27:10.602+0000] {logging_mixin.py:188} INFO - [2024-06-09T00:27:10.601+0000] {dag.py:3954} INFO - Setting next_dagrun for chess_etl to 2024-06-01 00:00:00+00:00, run_after=2024-07-01 00:00:00+00:00
[2024-06-09T00:27:10.614+0000] {processor.py:183} INFO - Processing /opt/airflow/dags/chess_dag.py took 0.533 seconds
[2024-06-09T00:27:40.682+0000] {processor.py:161} INFO - Started process (PID=69431) to work on /opt/airflow/dags/chess_dag.py
[2024-06-09T00:27:40.683+0000] {processor.py:830} INFO - Processing file /opt/airflow/dags/chess_dag.py for tasks to queue
[2024-06-09T00:27:40.684+0000] {logging_mixin.py:188} INFO - [2024-06-09T00:27:40.684+0000] {dagbag.py:545} INFO - Filling up the DagBag from /opt/airflow/dags/chess_dag.py
[2024-06-09T00:27:41.160+0000] {processor.py:840} INFO - DAG(s) 'chess_etl' retrieved from /opt/airflow/dags/chess_dag.py
[2024-06-09T00:27:41.174+0000] {logging_mixin.py:188} INFO - [2024-06-09T00:27:41.173+0000] {dag.py:3096} INFO - Sync 1 DAGs
[2024-06-09T00:27:41.195+0000] {logging_mixin.py:188} INFO - [2024-06-09T00:27:41.195+0000] {dag.py:3954} INFO - Setting next_dagrun for chess_etl to 2024-06-01 00:00:00+00:00, run_after=2024-07-01 00:00:00+00:00
[2024-06-09T00:27:41.212+0000] {processor.py:183} INFO - Processing /opt/airflow/dags/chess_dag.py took 0.536 seconds
[2024-06-09T00:28:11.331+0000] {processor.py:161} INFO - Started process (PID=69493) to work on /opt/airflow/dags/chess_dag.py
[2024-06-09T00:28:11.332+0000] {processor.py:830} INFO - Processing file /opt/airflow/dags/chess_dag.py for tasks to queue
[2024-06-09T00:28:11.333+0000] {logging_mixin.py:188} INFO - [2024-06-09T00:28:11.333+0000] {dagbag.py:545} INFO - Filling up the DagBag from /opt/airflow/dags/chess_dag.py
[2024-06-09T00:28:11.844+0000] {processor.py:840} INFO - DAG(s) 'chess_etl' retrieved from /opt/airflow/dags/chess_dag.py
[2024-06-09T00:28:11.858+0000] {logging_mixin.py:188} INFO - [2024-06-09T00:28:11.858+0000] {dag.py:3096} INFO - Sync 1 DAGs
[2024-06-09T00:28:11.873+0000] {logging_mixin.py:188} INFO - [2024-06-09T00:28:11.873+0000] {dag.py:3954} INFO - Setting next_dagrun for chess_etl to 2024-06-01 00:00:00+00:00, run_after=2024-07-01 00:00:00+00:00
[2024-06-09T00:28:11.885+0000] {processor.py:183} INFO - Processing /opt/airflow/dags/chess_dag.py took 0.559 seconds
[2024-06-09T00:28:41.940+0000] {processor.py:161} INFO - Started process (PID=69551) to work on /opt/airflow/dags/chess_dag.py
[2024-06-09T00:28:41.941+0000] {processor.py:830} INFO - Processing file /opt/airflow/dags/chess_dag.py for tasks to queue
[2024-06-09T00:28:41.943+0000] {logging_mixin.py:188} INFO - [2024-06-09T00:28:41.943+0000] {dagbag.py:545} INFO - Filling up the DagBag from /opt/airflow/dags/chess_dag.py
[2024-06-09T00:28:42.403+0000] {processor.py:840} INFO - DAG(s) 'chess_etl' retrieved from /opt/airflow/dags/chess_dag.py
[2024-06-09T00:28:42.414+0000] {logging_mixin.py:188} INFO - [2024-06-09T00:28:42.414+0000] {dag.py:3096} INFO - Sync 1 DAGs
[2024-06-09T00:28:42.428+0000] {logging_mixin.py:188} INFO - [2024-06-09T00:28:42.428+0000] {dag.py:3954} INFO - Setting next_dagrun for chess_etl to 2024-06-01 00:00:00+00:00, run_after=2024-07-01 00:00:00+00:00
[2024-06-09T00:28:42.441+0000] {processor.py:183} INFO - Processing /opt/airflow/dags/chess_dag.py took 0.507 seconds
[2024-06-09T00:29:12.476+0000] {processor.py:161} INFO - Started process (PID=69611) to work on /opt/airflow/dags/chess_dag.py
[2024-06-09T00:29:12.476+0000] {processor.py:830} INFO - Processing file /opt/airflow/dags/chess_dag.py for tasks to queue
[2024-06-09T00:29:12.478+0000] {logging_mixin.py:188} INFO - [2024-06-09T00:29:12.478+0000] {dagbag.py:545} INFO - Filling up the DagBag from /opt/airflow/dags/chess_dag.py
[2024-06-09T00:29:12.953+0000] {processor.py:840} INFO - DAG(s) 'chess_etl' retrieved from /opt/airflow/dags/chess_dag.py
[2024-06-09T00:29:12.964+0000] {logging_mixin.py:188} INFO - [2024-06-09T00:29:12.964+0000] {dag.py:3096} INFO - Sync 1 DAGs
[2024-06-09T00:29:12.977+0000] {logging_mixin.py:188} INFO - [2024-06-09T00:29:12.977+0000] {dag.py:3954} INFO - Setting next_dagrun for chess_etl to 2024-06-01 00:00:00+00:00, run_after=2024-07-01 00:00:00+00:00
[2024-06-09T00:29:12.990+0000] {processor.py:183} INFO - Processing /opt/airflow/dags/chess_dag.py took 0.520 seconds
[2024-06-09T00:29:43.088+0000] {processor.py:161} INFO - Started process (PID=69671) to work on /opt/airflow/dags/chess_dag.py
[2024-06-09T00:29:43.089+0000] {processor.py:830} INFO - Processing file /opt/airflow/dags/chess_dag.py for tasks to queue
[2024-06-09T00:29:43.090+0000] {logging_mixin.py:188} INFO - [2024-06-09T00:29:43.090+0000] {dagbag.py:545} INFO - Filling up the DagBag from /opt/airflow/dags/chess_dag.py
[2024-06-09T00:29:43.572+0000] {processor.py:840} INFO - DAG(s) 'chess_etl' retrieved from /opt/airflow/dags/chess_dag.py
[2024-06-09T00:29:43.585+0000] {logging_mixin.py:188} INFO - [2024-06-09T00:29:43.585+0000] {dag.py:3096} INFO - Sync 1 DAGs
[2024-06-09T00:29:43.604+0000] {logging_mixin.py:188} INFO - [2024-06-09T00:29:43.604+0000] {dag.py:3954} INFO - Setting next_dagrun for chess_etl to 2024-06-01 00:00:00+00:00, run_after=2024-07-01 00:00:00+00:00
[2024-06-09T00:29:43.619+0000] {processor.py:183} INFO - Processing /opt/airflow/dags/chess_dag.py took 0.537 seconds
[2024-06-09T00:30:13.690+0000] {processor.py:161} INFO - Started process (PID=69731) to work on /opt/airflow/dags/chess_dag.py
[2024-06-09T00:30:13.691+0000] {processor.py:830} INFO - Processing file /opt/airflow/dags/chess_dag.py for tasks to queue
[2024-06-09T00:30:13.693+0000] {logging_mixin.py:188} INFO - [2024-06-09T00:30:13.693+0000] {dagbag.py:545} INFO - Filling up the DagBag from /opt/airflow/dags/chess_dag.py
[2024-06-09T00:30:14.166+0000] {processor.py:840} INFO - DAG(s) 'chess_etl' retrieved from /opt/airflow/dags/chess_dag.py
[2024-06-09T00:30:14.178+0000] {logging_mixin.py:188} INFO - [2024-06-09T00:30:14.178+0000] {dag.py:3096} INFO - Sync 1 DAGs
[2024-06-09T00:30:14.194+0000] {logging_mixin.py:188} INFO - [2024-06-09T00:30:14.194+0000] {dag.py:3954} INFO - Setting next_dagrun for chess_etl to 2024-06-01 00:00:00+00:00, run_after=2024-07-01 00:00:00+00:00
[2024-06-09T00:30:14.207+0000] {processor.py:183} INFO - Processing /opt/airflow/dags/chess_dag.py took 0.523 seconds
[2024-06-09T00:30:44.314+0000] {processor.py:161} INFO - Started process (PID=69793) to work on /opt/airflow/dags/chess_dag.py
[2024-06-09T00:30:44.314+0000] {processor.py:830} INFO - Processing file /opt/airflow/dags/chess_dag.py for tasks to queue
[2024-06-09T00:30:44.316+0000] {logging_mixin.py:188} INFO - [2024-06-09T00:30:44.316+0000] {dagbag.py:545} INFO - Filling up the DagBag from /opt/airflow/dags/chess_dag.py
[2024-06-09T00:30:44.764+0000] {processor.py:840} INFO - DAG(s) 'chess_etl' retrieved from /opt/airflow/dags/chess_dag.py
[2024-06-09T00:30:44.776+0000] {logging_mixin.py:188} INFO - [2024-06-09T00:30:44.775+0000] {dag.py:3096} INFO - Sync 1 DAGs
[2024-06-09T00:30:44.790+0000] {logging_mixin.py:188} INFO - [2024-06-09T00:30:44.789+0000] {dag.py:3954} INFO - Setting next_dagrun for chess_etl to 2024-06-01 00:00:00+00:00, run_after=2024-07-01 00:00:00+00:00
[2024-06-09T00:30:44.803+0000] {processor.py:183} INFO - Processing /opt/airflow/dags/chess_dag.py took 0.494 seconds
[2024-06-09T00:31:14.887+0000] {processor.py:161} INFO - Started process (PID=69853) to work on /opt/airflow/dags/chess_dag.py
[2024-06-09T00:31:14.888+0000] {processor.py:830} INFO - Processing file /opt/airflow/dags/chess_dag.py for tasks to queue
[2024-06-09T00:31:14.890+0000] {logging_mixin.py:188} INFO - [2024-06-09T00:31:14.889+0000] {dagbag.py:545} INFO - Filling up the DagBag from /opt/airflow/dags/chess_dag.py
[2024-06-09T00:31:15.324+0000] {processor.py:840} INFO - DAG(s) 'chess_etl' retrieved from /opt/airflow/dags/chess_dag.py
[2024-06-09T00:31:15.337+0000] {logging_mixin.py:188} INFO - [2024-06-09T00:31:15.336+0000] {dag.py:3096} INFO - Sync 1 DAGs
[2024-06-09T00:31:15.353+0000] {logging_mixin.py:188} INFO - [2024-06-09T00:31:15.353+0000] {dag.py:3954} INFO - Setting next_dagrun for chess_etl to 2024-06-01 00:00:00+00:00, run_after=2024-07-01 00:00:00+00:00
[2024-06-09T00:31:15.365+0000] {processor.py:183} INFO - Processing /opt/airflow/dags/chess_dag.py took 0.483 seconds
[2024-06-09T00:31:45.450+0000] {processor.py:161} INFO - Started process (PID=69913) to work on /opt/airflow/dags/chess_dag.py
[2024-06-09T00:31:45.450+0000] {processor.py:830} INFO - Processing file /opt/airflow/dags/chess_dag.py for tasks to queue
[2024-06-09T00:31:45.452+0000] {logging_mixin.py:188} INFO - [2024-06-09T00:31:45.452+0000] {dagbag.py:545} INFO - Filling up the DagBag from /opt/airflow/dags/chess_dag.py
[2024-06-09T00:31:45.892+0000] {processor.py:840} INFO - DAG(s) 'chess_etl' retrieved from /opt/airflow/dags/chess_dag.py
[2024-06-09T00:31:45.902+0000] {logging_mixin.py:188} INFO - [2024-06-09T00:31:45.902+0000] {dag.py:3096} INFO - Sync 1 DAGs
[2024-06-09T00:31:45.916+0000] {logging_mixin.py:188} INFO - [2024-06-09T00:31:45.916+0000] {dag.py:3954} INFO - Setting next_dagrun for chess_etl to 2024-06-01 00:00:00+00:00, run_after=2024-07-01 00:00:00+00:00
[2024-06-09T00:31:45.928+0000] {processor.py:183} INFO - Processing /opt/airflow/dags/chess_dag.py took 0.483 seconds
[2024-06-09T00:32:16.023+0000] {processor.py:161} INFO - Started process (PID=69971) to work on /opt/airflow/dags/chess_dag.py
[2024-06-09T00:32:16.024+0000] {processor.py:830} INFO - Processing file /opt/airflow/dags/chess_dag.py for tasks to queue
[2024-06-09T00:32:16.027+0000] {logging_mixin.py:188} INFO - [2024-06-09T00:32:16.026+0000] {dagbag.py:545} INFO - Filling up the DagBag from /opt/airflow/dags/chess_dag.py
[2024-06-09T00:32:16.473+0000] {processor.py:840} INFO - DAG(s) 'chess_etl' retrieved from /opt/airflow/dags/chess_dag.py
[2024-06-09T00:32:16.485+0000] {logging_mixin.py:188} INFO - [2024-06-09T00:32:16.485+0000] {dag.py:3096} INFO - Sync 1 DAGs
[2024-06-09T00:32:16.500+0000] {logging_mixin.py:188} INFO - [2024-06-09T00:32:16.500+0000] {dag.py:3954} INFO - Setting next_dagrun for chess_etl to 2024-06-01 00:00:00+00:00, run_after=2024-07-01 00:00:00+00:00
[2024-06-09T00:32:16.514+0000] {processor.py:183} INFO - Processing /opt/airflow/dags/chess_dag.py took 0.498 seconds
[2024-06-09T00:32:46.579+0000] {processor.py:161} INFO - Started process (PID=70031) to work on /opt/airflow/dags/chess_dag.py
[2024-06-09T00:32:46.579+0000] {processor.py:830} INFO - Processing file /opt/airflow/dags/chess_dag.py for tasks to queue
[2024-06-09T00:32:46.581+0000] {logging_mixin.py:188} INFO - [2024-06-09T00:32:46.581+0000] {dagbag.py:545} INFO - Filling up the DagBag from /opt/airflow/dags/chess_dag.py
[2024-06-09T00:32:47.062+0000] {processor.py:840} INFO - DAG(s) 'chess_etl' retrieved from /opt/airflow/dags/chess_dag.py
[2024-06-09T00:32:47.075+0000] {logging_mixin.py:188} INFO - [2024-06-09T00:32:47.075+0000] {dag.py:3096} INFO - Sync 1 DAGs
[2024-06-09T00:32:47.092+0000] {logging_mixin.py:188} INFO - [2024-06-09T00:32:47.091+0000] {dag.py:3954} INFO - Setting next_dagrun for chess_etl to 2024-06-01 00:00:00+00:00, run_after=2024-07-01 00:00:00+00:00
[2024-06-09T00:32:47.105+0000] {processor.py:183} INFO - Processing /opt/airflow/dags/chess_dag.py took 0.532 seconds
[2024-06-09T00:33:17.238+0000] {processor.py:161} INFO - Started process (PID=70093) to work on /opt/airflow/dags/chess_dag.py
[2024-06-09T00:33:17.239+0000] {processor.py:830} INFO - Processing file /opt/airflow/dags/chess_dag.py for tasks to queue
[2024-06-09T00:33:17.240+0000] {logging_mixin.py:188} INFO - [2024-06-09T00:33:17.240+0000] {dagbag.py:545} INFO - Filling up the DagBag from /opt/airflow/dags/chess_dag.py
[2024-06-09T00:33:17.681+0000] {processor.py:840} INFO - DAG(s) 'chess_etl' retrieved from /opt/airflow/dags/chess_dag.py
[2024-06-09T00:33:17.693+0000] {logging_mixin.py:188} INFO - [2024-06-09T00:33:17.693+0000] {dag.py:3096} INFO - Sync 1 DAGs
[2024-06-09T00:33:17.707+0000] {logging_mixin.py:188} INFO - [2024-06-09T00:33:17.707+0000] {dag.py:3954} INFO - Setting next_dagrun for chess_etl to 2024-06-01 00:00:00+00:00, run_after=2024-07-01 00:00:00+00:00
[2024-06-09T00:33:17.720+0000] {processor.py:183} INFO - Processing /opt/airflow/dags/chess_dag.py took 0.487 seconds
[2024-06-09T00:33:47.836+0000] {processor.py:161} INFO - Started process (PID=70151) to work on /opt/airflow/dags/chess_dag.py
[2024-06-09T00:33:47.837+0000] {processor.py:830} INFO - Processing file /opt/airflow/dags/chess_dag.py for tasks to queue
[2024-06-09T00:33:47.839+0000] {logging_mixin.py:188} INFO - [2024-06-09T00:33:47.839+0000] {dagbag.py:545} INFO - Filling up the DagBag from /opt/airflow/dags/chess_dag.py
[2024-06-09T00:33:48.293+0000] {processor.py:840} INFO - DAG(s) 'chess_etl' retrieved from /opt/airflow/dags/chess_dag.py
[2024-06-09T00:33:48.306+0000] {logging_mixin.py:188} INFO - [2024-06-09T00:33:48.306+0000] {dag.py:3096} INFO - Sync 1 DAGs
[2024-06-09T00:33:48.321+0000] {logging_mixin.py:188} INFO - [2024-06-09T00:33:48.321+0000] {dag.py:3954} INFO - Setting next_dagrun for chess_etl to 2024-06-01 00:00:00+00:00, run_after=2024-07-01 00:00:00+00:00
[2024-06-09T00:33:48.336+0000] {processor.py:183} INFO - Processing /opt/airflow/dags/chess_dag.py took 0.505 seconds
[2024-06-09T00:34:18.391+0000] {processor.py:161} INFO - Started process (PID=70211) to work on /opt/airflow/dags/chess_dag.py
[2024-06-09T00:34:18.392+0000] {processor.py:830} INFO - Processing file /opt/airflow/dags/chess_dag.py for tasks to queue
[2024-06-09T00:34:18.394+0000] {logging_mixin.py:188} INFO - [2024-06-09T00:34:18.393+0000] {dagbag.py:545} INFO - Filling up the DagBag from /opt/airflow/dags/chess_dag.py
[2024-06-09T00:34:18.852+0000] {processor.py:840} INFO - DAG(s) 'chess_etl' retrieved from /opt/airflow/dags/chess_dag.py
[2024-06-09T00:34:18.864+0000] {logging_mixin.py:188} INFO - [2024-06-09T00:34:18.864+0000] {dag.py:3096} INFO - Sync 1 DAGs
[2024-06-09T00:34:18.878+0000] {logging_mixin.py:188} INFO - [2024-06-09T00:34:18.878+0000] {dag.py:3954} INFO - Setting next_dagrun for chess_etl to 2024-06-01 00:00:00+00:00, run_after=2024-07-01 00:00:00+00:00
[2024-06-09T00:34:18.890+0000] {processor.py:183} INFO - Processing /opt/airflow/dags/chess_dag.py took 0.505 seconds
[2024-06-09T00:34:48.955+0000] {processor.py:161} INFO - Started process (PID=70271) to work on /opt/airflow/dags/chess_dag.py
[2024-06-09T00:34:48.956+0000] {processor.py:830} INFO - Processing file /opt/airflow/dags/chess_dag.py for tasks to queue
[2024-06-09T00:34:48.958+0000] {logging_mixin.py:188} INFO - [2024-06-09T00:34:48.958+0000] {dagbag.py:545} INFO - Filling up the DagBag from /opt/airflow/dags/chess_dag.py
[2024-06-09T00:34:49.401+0000] {processor.py:840} INFO - DAG(s) 'chess_etl' retrieved from /opt/airflow/dags/chess_dag.py
[2024-06-09T00:34:49.412+0000] {logging_mixin.py:188} INFO - [2024-06-09T00:34:49.412+0000] {dag.py:3096} INFO - Sync 1 DAGs
[2024-06-09T00:34:49.426+0000] {logging_mixin.py:188} INFO - [2024-06-09T00:34:49.426+0000] {dag.py:3954} INFO - Setting next_dagrun for chess_etl to 2024-06-01 00:00:00+00:00, run_after=2024-07-01 00:00:00+00:00
[2024-06-09T00:34:49.437+0000] {processor.py:183} INFO - Processing /opt/airflow/dags/chess_dag.py took 0.488 seconds
[2024-06-09T00:35:19.497+0000] {processor.py:161} INFO - Started process (PID=70333) to work on /opt/airflow/dags/chess_dag.py
[2024-06-09T00:35:19.498+0000] {processor.py:830} INFO - Processing file /opt/airflow/dags/chess_dag.py for tasks to queue
[2024-06-09T00:35:19.500+0000] {logging_mixin.py:188} INFO - [2024-06-09T00:35:19.499+0000] {dagbag.py:545} INFO - Filling up the DagBag from /opt/airflow/dags/chess_dag.py
[2024-06-09T00:35:19.936+0000] {processor.py:840} INFO - DAG(s) 'chess_etl' retrieved from /opt/airflow/dags/chess_dag.py
[2024-06-09T00:35:19.949+0000] {logging_mixin.py:188} INFO - [2024-06-09T00:35:19.949+0000] {dag.py:3096} INFO - Sync 1 DAGs
[2024-06-09T00:35:19.964+0000] {logging_mixin.py:188} INFO - [2024-06-09T00:35:19.964+0000] {dag.py:3954} INFO - Setting next_dagrun for chess_etl to 2024-06-01 00:00:00+00:00, run_after=2024-07-01 00:00:00+00:00
[2024-06-09T00:35:19.976+0000] {processor.py:183} INFO - Processing /opt/airflow/dags/chess_dag.py took 0.484 seconds
[2024-06-09T00:35:50.019+0000] {processor.py:161} INFO - Started process (PID=70391) to work on /opt/airflow/dags/chess_dag.py
[2024-06-09T00:35:50.020+0000] {processor.py:830} INFO - Processing file /opt/airflow/dags/chess_dag.py for tasks to queue
[2024-06-09T00:35:50.021+0000] {logging_mixin.py:188} INFO - [2024-06-09T00:35:50.021+0000] {dagbag.py:545} INFO - Filling up the DagBag from /opt/airflow/dags/chess_dag.py
[2024-06-09T00:35:50.477+0000] {processor.py:840} INFO - DAG(s) 'chess_etl' retrieved from /opt/airflow/dags/chess_dag.py
[2024-06-09T00:35:50.488+0000] {logging_mixin.py:188} INFO - [2024-06-09T00:35:50.487+0000] {dag.py:3096} INFO - Sync 1 DAGs
[2024-06-09T00:35:50.502+0000] {logging_mixin.py:188} INFO - [2024-06-09T00:35:50.502+0000] {dag.py:3954} INFO - Setting next_dagrun for chess_etl to 2024-06-01 00:00:00+00:00, run_after=2024-07-01 00:00:00+00:00
[2024-06-09T00:35:50.514+0000] {processor.py:183} INFO - Processing /opt/airflow/dags/chess_dag.py took 0.500 seconds
[2024-06-09T00:36:20.701+0000] {processor.py:161} INFO - Started process (PID=70451) to work on /opt/airflow/dags/chess_dag.py
[2024-06-09T00:36:20.702+0000] {processor.py:830} INFO - Processing file /opt/airflow/dags/chess_dag.py for tasks to queue
[2024-06-09T00:36:20.704+0000] {logging_mixin.py:188} INFO - [2024-06-09T00:36:20.704+0000] {dagbag.py:545} INFO - Filling up the DagBag from /opt/airflow/dags/chess_dag.py
[2024-06-09T00:36:21.189+0000] {processor.py:840} INFO - DAG(s) 'chess_etl' retrieved from /opt/airflow/dags/chess_dag.py
[2024-06-09T00:36:21.202+0000] {logging_mixin.py:188} INFO - [2024-06-09T00:36:21.202+0000] {dag.py:3096} INFO - Sync 1 DAGs
[2024-06-09T00:36:21.217+0000] {logging_mixin.py:188} INFO - [2024-06-09T00:36:21.216+0000] {dag.py:3954} INFO - Setting next_dagrun for chess_etl to 2024-06-01 00:00:00+00:00, run_after=2024-07-01 00:00:00+00:00
[2024-06-09T00:36:21.229+0000] {processor.py:183} INFO - Processing /opt/airflow/dags/chess_dag.py took 0.534 seconds
[2024-06-09T00:36:51.446+0000] {processor.py:161} INFO - Started process (PID=70511) to work on /opt/airflow/dags/chess_dag.py
[2024-06-09T00:36:51.448+0000] {processor.py:830} INFO - Processing file /opt/airflow/dags/chess_dag.py for tasks to queue
[2024-06-09T00:36:51.450+0000] {logging_mixin.py:188} INFO - [2024-06-09T00:36:51.449+0000] {dagbag.py:545} INFO - Filling up the DagBag from /opt/airflow/dags/chess_dag.py
[2024-06-09T00:36:51.923+0000] {processor.py:840} INFO - DAG(s) 'chess_etl' retrieved from /opt/airflow/dags/chess_dag.py
[2024-06-09T00:36:51.934+0000] {logging_mixin.py:188} INFO - [2024-06-09T00:36:51.933+0000] {dag.py:3096} INFO - Sync 1 DAGs
[2024-06-09T00:36:51.947+0000] {logging_mixin.py:188} INFO - [2024-06-09T00:36:51.947+0000] {dag.py:3954} INFO - Setting next_dagrun for chess_etl to 2024-06-01 00:00:00+00:00, run_after=2024-07-01 00:00:00+00:00
[2024-06-09T00:36:51.960+0000] {processor.py:183} INFO - Processing /opt/airflow/dags/chess_dag.py took 0.520 seconds
[2024-06-09T00:37:22.132+0000] {processor.py:161} INFO - Started process (PID=70578) to work on /opt/airflow/dags/chess_dag.py
[2024-06-09T00:37:22.133+0000] {processor.py:830} INFO - Processing file /opt/airflow/dags/chess_dag.py for tasks to queue
[2024-06-09T00:37:22.135+0000] {logging_mixin.py:188} INFO - [2024-06-09T00:37:22.135+0000] {dagbag.py:545} INFO - Filling up the DagBag from /opt/airflow/dags/chess_dag.py
[2024-06-09T00:37:22.608+0000] {processor.py:840} INFO - DAG(s) 'chess_etl' retrieved from /opt/airflow/dags/chess_dag.py
[2024-06-09T00:37:22.619+0000] {logging_mixin.py:188} INFO - [2024-06-09T00:37:22.619+0000] {dag.py:3096} INFO - Sync 1 DAGs
[2024-06-09T00:37:22.636+0000] {logging_mixin.py:188} INFO - [2024-06-09T00:37:22.636+0000] {dag.py:3954} INFO - Setting next_dagrun for chess_etl to 2024-06-01 00:00:00+00:00, run_after=2024-07-01 00:00:00+00:00
[2024-06-09T00:37:22.650+0000] {processor.py:183} INFO - Processing /opt/airflow/dags/chess_dag.py took 0.523 seconds
[2024-06-09T00:37:53.393+0000] {processor.py:161} INFO - Started process (PID=70640) to work on /opt/airflow/dags/chess_dag.py
[2024-06-09T00:37:53.394+0000] {processor.py:830} INFO - Processing file /opt/airflow/dags/chess_dag.py for tasks to queue
[2024-06-09T00:37:53.395+0000] {logging_mixin.py:188} INFO - [2024-06-09T00:37:53.395+0000] {dagbag.py:545} INFO - Filling up the DagBag from /opt/airflow/dags/chess_dag.py
[2024-06-09T00:37:53.904+0000] {processor.py:840} INFO - DAG(s) 'chess_etl' retrieved from /opt/airflow/dags/chess_dag.py
[2024-06-09T00:37:53.916+0000] {logging_mixin.py:188} INFO - [2024-06-09T00:37:53.915+0000] {dag.py:3096} INFO - Sync 1 DAGs
[2024-06-09T00:37:53.932+0000] {logging_mixin.py:188} INFO - [2024-06-09T00:37:53.932+0000] {dag.py:3954} INFO - Setting next_dagrun for chess_etl to 2024-06-01 00:00:00+00:00, run_after=2024-07-01 00:00:00+00:00
[2024-06-09T00:37:53.942+0000] {processor.py:183} INFO - Processing /opt/airflow/dags/chess_dag.py took 0.554 seconds
[2024-06-09T00:38:24.182+0000] {processor.py:161} INFO - Started process (PID=70703) to work on /opt/airflow/dags/chess_dag.py
[2024-06-09T00:38:24.182+0000] {processor.py:830} INFO - Processing file /opt/airflow/dags/chess_dag.py for tasks to queue
[2024-06-09T00:38:24.184+0000] {logging_mixin.py:188} INFO - [2024-06-09T00:38:24.183+0000] {dagbag.py:545} INFO - Filling up the DagBag from /opt/airflow/dags/chess_dag.py
[2024-06-09T00:38:24.614+0000] {processor.py:840} INFO - DAG(s) 'chess_etl' retrieved from /opt/airflow/dags/chess_dag.py
[2024-06-09T00:38:24.624+0000] {logging_mixin.py:188} INFO - [2024-06-09T00:38:24.624+0000] {dag.py:3096} INFO - Sync 1 DAGs
[2024-06-09T00:38:24.640+0000] {logging_mixin.py:188} INFO - [2024-06-09T00:38:24.640+0000] {dag.py:3954} INFO - Setting next_dagrun for chess_etl to 2024-06-01 00:00:00+00:00, run_after=2024-07-01 00:00:00+00:00
[2024-06-09T00:38:24.653+0000] {processor.py:183} INFO - Processing /opt/airflow/dags/chess_dag.py took 0.476 seconds
[2024-06-09T00:38:55.273+0000] {processor.py:161} INFO - Started process (PID=70763) to work on /opt/airflow/dags/chess_dag.py
[2024-06-09T00:38:55.273+0000] {processor.py:830} INFO - Processing file /opt/airflow/dags/chess_dag.py for tasks to queue
[2024-06-09T00:38:55.275+0000] {logging_mixin.py:188} INFO - [2024-06-09T00:38:55.275+0000] {dagbag.py:545} INFO - Filling up the DagBag from /opt/airflow/dags/chess_dag.py
[2024-06-09T00:38:55.745+0000] {processor.py:840} INFO - DAG(s) 'chess_etl' retrieved from /opt/airflow/dags/chess_dag.py
[2024-06-09T00:38:55.766+0000] {logging_mixin.py:188} INFO - [2024-06-09T00:38:55.766+0000] {dag.py:3096} INFO - Sync 1 DAGs
[2024-06-09T00:38:55.789+0000] {logging_mixin.py:188} INFO - [2024-06-09T00:38:55.789+0000] {dag.py:3954} INFO - Setting next_dagrun for chess_etl to 2024-06-01 00:00:00+00:00, run_after=2024-07-01 00:00:00+00:00
[2024-06-09T00:38:55.805+0000] {processor.py:183} INFO - Processing /opt/airflow/dags/chess_dag.py took 0.537 seconds
[2024-06-09T00:39:25.869+0000] {processor.py:161} INFO - Started process (PID=70823) to work on /opt/airflow/dags/chess_dag.py
[2024-06-09T00:39:25.870+0000] {processor.py:830} INFO - Processing file /opt/airflow/dags/chess_dag.py for tasks to queue
[2024-06-09T00:39:25.871+0000] {logging_mixin.py:188} INFO - [2024-06-09T00:39:25.871+0000] {dagbag.py:545} INFO - Filling up the DagBag from /opt/airflow/dags/chess_dag.py
[2024-06-09T00:39:26.209+0000] {processor.py:840} INFO - DAG(s) 'chess_etl' retrieved from /opt/airflow/dags/chess_dag.py
[2024-06-09T00:39:26.222+0000] {logging_mixin.py:188} INFO - [2024-06-09T00:39:26.222+0000] {dag.py:3096} INFO - Sync 1 DAGs
[2024-06-09T00:39:26.237+0000] {logging_mixin.py:188} INFO - [2024-06-09T00:39:26.237+0000] {dag.py:3954} INFO - Setting next_dagrun for chess_etl to 2024-06-01 00:00:00+00:00, run_after=2024-07-01 00:00:00+00:00
[2024-06-09T00:39:26.248+0000] {processor.py:183} INFO - Processing /opt/airflow/dags/chess_dag.py took 0.385 seconds
[2024-06-09T00:39:56.456+0000] {processor.py:161} INFO - Started process (PID=70883) to work on /opt/airflow/dags/chess_dag.py
[2024-06-09T00:39:56.457+0000] {processor.py:830} INFO - Processing file /opt/airflow/dags/chess_dag.py for tasks to queue
[2024-06-09T00:39:56.459+0000] {logging_mixin.py:188} INFO - [2024-06-09T00:39:56.459+0000] {dagbag.py:545} INFO - Filling up the DagBag from /opt/airflow/dags/chess_dag.py
[2024-06-09T00:39:56.811+0000] {processor.py:840} INFO - DAG(s) 'chess_etl' retrieved from /opt/airflow/dags/chess_dag.py
[2024-06-09T00:39:56.824+0000] {logging_mixin.py:188} INFO - [2024-06-09T00:39:56.824+0000] {dag.py:3096} INFO - Sync 1 DAGs
[2024-06-09T00:39:56.841+0000] {logging_mixin.py:188} INFO - [2024-06-09T00:39:56.840+0000] {dag.py:3954} INFO - Setting next_dagrun for chess_etl to 2024-06-01 00:00:00+00:00, run_after=2024-07-01 00:00:00+00:00
[2024-06-09T00:39:56.857+0000] {processor.py:183} INFO - Processing /opt/airflow/dags/chess_dag.py took 0.407 seconds
[2024-06-09T00:40:26.896+0000] {processor.py:161} INFO - Started process (PID=70946) to work on /opt/airflow/dags/chess_dag.py
[2024-06-09T00:40:26.896+0000] {processor.py:830} INFO - Processing file /opt/airflow/dags/chess_dag.py for tasks to queue
[2024-06-09T00:40:26.898+0000] {logging_mixin.py:188} INFO - [2024-06-09T00:40:26.898+0000] {dagbag.py:545} INFO - Filling up the DagBag from /opt/airflow/dags/chess_dag.py
[2024-06-09T00:40:27.246+0000] {processor.py:840} INFO - DAG(s) 'chess_etl' retrieved from /opt/airflow/dags/chess_dag.py
[2024-06-09T00:40:27.259+0000] {logging_mixin.py:188} INFO - [2024-06-09T00:40:27.259+0000] {dag.py:3096} INFO - Sync 1 DAGs
[2024-06-09T00:40:27.278+0000] {logging_mixin.py:188} INFO - [2024-06-09T00:40:27.278+0000] {dag.py:3954} INFO - Setting next_dagrun for chess_etl to 2024-06-01 00:00:00+00:00, run_after=2024-07-01 00:00:00+00:00
[2024-06-09T00:40:27.297+0000] {processor.py:183} INFO - Processing /opt/airflow/dags/chess_dag.py took 0.407 seconds
[2024-06-09T00:40:57.336+0000] {processor.py:161} INFO - Started process (PID=71008) to work on /opt/airflow/dags/chess_dag.py
[2024-06-09T00:40:57.337+0000] {processor.py:830} INFO - Processing file /opt/airflow/dags/chess_dag.py for tasks to queue
[2024-06-09T00:40:57.338+0000] {logging_mixin.py:188} INFO - [2024-06-09T00:40:57.338+0000] {dagbag.py:545} INFO - Filling up the DagBag from /opt/airflow/dags/chess_dag.py
[2024-06-09T00:40:57.672+0000] {processor.py:840} INFO - DAG(s) 'chess_etl' retrieved from /opt/airflow/dags/chess_dag.py
[2024-06-09T00:40:57.684+0000] {logging_mixin.py:188} INFO - [2024-06-09T00:40:57.684+0000] {dag.py:3096} INFO - Sync 1 DAGs
[2024-06-09T00:40:57.698+0000] {logging_mixin.py:188} INFO - [2024-06-09T00:40:57.698+0000] {dag.py:3954} INFO - Setting next_dagrun for chess_etl to 2024-06-01 00:00:00+00:00, run_after=2024-07-01 00:00:00+00:00
[2024-06-09T00:40:57.711+0000] {processor.py:183} INFO - Processing /opt/airflow/dags/chess_dag.py took 0.380 seconds
[2024-06-09T00:41:27.832+0000] {processor.py:161} INFO - Started process (PID=71070) to work on /opt/airflow/dags/chess_dag.py
[2024-06-09T00:41:27.833+0000] {processor.py:830} INFO - Processing file /opt/airflow/dags/chess_dag.py for tasks to queue
[2024-06-09T00:41:27.834+0000] {logging_mixin.py:188} INFO - [2024-06-09T00:41:27.834+0000] {dagbag.py:545} INFO - Filling up the DagBag from /opt/airflow/dags/chess_dag.py
[2024-06-09T00:41:28.175+0000] {processor.py:840} INFO - DAG(s) 'chess_etl' retrieved from /opt/airflow/dags/chess_dag.py
[2024-06-09T00:41:28.191+0000] {logging_mixin.py:188} INFO - [2024-06-09T00:41:28.191+0000] {dag.py:3096} INFO - Sync 1 DAGs
[2024-06-09T00:41:28.210+0000] {logging_mixin.py:188} INFO - [2024-06-09T00:41:28.210+0000] {dag.py:3954} INFO - Setting next_dagrun for chess_etl to 2024-06-01 00:00:00+00:00, run_after=2024-07-01 00:00:00+00:00
[2024-06-09T00:41:28.226+0000] {processor.py:183} INFO - Processing /opt/airflow/dags/chess_dag.py took 0.399 seconds
