[2024-06-03T22:47:49.696+0000] {local_task_job_runner.py:120} INFO - ::group::Pre task execution logs
[2024-06-03T22:47:49.714+0000] {taskinstance.py:2076} INFO - Dependencies all met for dep_context=non-requeueable deps ti=<TaskInstance: chess_etl.blunders_etl scheduled__2022-06-01T00:00:00+00:00 [queued]>
[2024-06-03T22:47:49.720+0000] {taskinstance.py:2076} INFO - Dependencies all met for dep_context=requeueable deps ti=<TaskInstance: chess_etl.blunders_etl scheduled__2022-06-01T00:00:00+00:00 [queued]>
[2024-06-03T22:47:49.721+0000] {taskinstance.py:2306} INFO - Starting attempt 1 of 1
[2024-06-03T22:47:49.732+0000] {taskinstance.py:2330} INFO - Executing <Task(PythonOperator): blunders_etl> on 2022-06-01 00:00:00+00:00
[2024-06-03T22:47:49.739+0000] {warnings.py:110} WARNING - /home/***/.local/lib/python3.12/site-packages/***/task/task_runner/standard_task_runner.py:61: DeprecationWarning: This process (pid=32905) is multi-threaded, use of fork() may lead to deadlocks in the child.
  pid = os.fork()

[2024-06-03T22:47:49.741+0000] {standard_task_runner.py:63} INFO - Started process 32907 to run task
[2024-06-03T22:47:49.741+0000] {standard_task_runner.py:90} INFO - Running: ['***', 'tasks', 'run', 'chess_etl', 'blunders_etl', 'scheduled__2022-06-01T00:00:00+00:00', '--job-id', '147', '--raw', '--subdir', 'DAGS_FOLDER/chess_dag.py', '--cfg-path', '/tmp/tmpmzz5lo7e']
[2024-06-03T22:47:49.742+0000] {standard_task_runner.py:91} INFO - Job 147: Subtask blunders_etl
[2024-06-03T22:47:49.782+0000] {task_command.py:426} INFO - Running <TaskInstance: chess_etl.blunders_etl scheduled__2022-06-01T00:00:00+00:00 [running]> on host f55fff24b127
[2024-06-03T22:47:49.859+0000] {taskinstance.py:2648} INFO - Exporting env vars: AIRFLOW_CTX_DAG_OWNER='***' AIRFLOW_CTX_DAG_ID='chess_etl' AIRFLOW_CTX_TASK_ID='blunders_etl' AIRFLOW_CTX_EXECUTION_DATE='2022-06-01T00:00:00+00:00' AIRFLOW_CTX_TRY_NUMBER='1' AIRFLOW_CTX_DAG_RUN_ID='scheduled__2022-06-01T00:00:00+00:00'
[2024-06-03T22:47:49.861+0000] {taskinstance.py:430} INFO - ::endgroup::
[2024-06-03T22:47:49.862+0000] {warnings.py:110} WARNING - /home/***/.local/lib/python3.12/site-packages/***/utils/context.py:320: AirflowContextDeprecationWarning: Accessing 'execution_date' from the template is deprecated and will be removed in a future version. Please use 'data_interval_start' or 'logical_date' instead.
  warnings.warn(_create_deprecation_warning(k, replacements))

[2024-06-03T22:47:49.869+0000] {base.py:84} INFO - Using connection ID 'chess_project_s3' for task execution.
[2024-06-03T23:14:07.887+0000] {python.py:237} INFO - Done. Returned value was: None
[2024-06-03T23:14:07.888+0000] {taskinstance.py:441} INFO - ::group::Post task execution logs
[2024-06-03T23:14:07.899+0000] {taskinstance.py:1206} INFO - Marking task as SUCCESS. dag_id=chess_etl, task_id=blunders_etl, run_id=scheduled__2022-06-01T00:00:00+00:00, execution_date=20220601T000000, start_date=20240603T224749, end_date=20240603T231407
[2024-06-03T23:14:07.936+0000] {local_task_job_runner.py:240} INFO - Task exited with return code 0
[2024-06-03T23:14:07.949+0000] {taskinstance.py:3498} INFO - 0 downstream tasks scheduled from follow-on schedule check
[2024-06-03T23:14:07.951+0000] {local_task_job_runner.py:222} INFO - ::endgroup::
[2024-06-08T20:15:02.078+0000] {local_task_job_runner.py:120} INFO - ::group::Pre task execution logs
[2024-06-08T20:15:02.098+0000] {taskinstance.py:2076} INFO - Dependencies all met for dep_context=non-requeueable deps ti=<TaskInstance: chess_etl.blunders_etl scheduled__2022-06-01T00:00:00+00:00 [queued]>
[2024-06-08T20:15:02.108+0000] {taskinstance.py:2076} INFO - Dependencies all met for dep_context=requeueable deps ti=<TaskInstance: chess_etl.blunders_etl scheduled__2022-06-01T00:00:00+00:00 [queued]>
[2024-06-08T20:15:02.108+0000] {taskinstance.py:2306} INFO - Starting attempt 1 of 1
[2024-06-08T20:15:02.122+0000] {taskinstance.py:2330} INFO - Executing <Task(PythonOperator): blunders_etl> on 2022-06-01 00:00:00+00:00
[2024-06-08T20:15:02.132+0000] {warnings.py:110} WARNING - /home/***/.local/lib/python3.12/site-packages/***/task/task_runner/standard_task_runner.py:61: DeprecationWarning: This process (pid=33374) is multi-threaded, use of fork() may lead to deadlocks in the child.
  pid = os.fork()

[2024-06-08T20:15:02.134+0000] {standard_task_runner.py:63} INFO - Started process 33383 to run task
[2024-06-08T20:15:02.134+0000] {standard_task_runner.py:90} INFO - Running: ['***', 'tasks', 'run', 'chess_etl', 'blunders_etl', 'scheduled__2022-06-01T00:00:00+00:00', '--job-id', '323', '--raw', '--subdir', 'DAGS_FOLDER/chess_dag.py', '--cfg-path', '/tmp/tmp_tx7j559']
[2024-06-08T20:15:02.135+0000] {standard_task_runner.py:91} INFO - Job 323: Subtask blunders_etl
[2024-06-08T20:15:02.185+0000] {task_command.py:426} INFO - Running <TaskInstance: chess_etl.blunders_etl scheduled__2022-06-01T00:00:00+00:00 [running]> on host bf0ade909435
[2024-06-08T20:15:02.278+0000] {taskinstance.py:2648} INFO - Exporting env vars: AIRFLOW_CTX_DAG_OWNER='***' AIRFLOW_CTX_DAG_ID='chess_etl' AIRFLOW_CTX_TASK_ID='blunders_etl' AIRFLOW_CTX_EXECUTION_DATE='2022-06-01T00:00:00+00:00' AIRFLOW_CTX_TRY_NUMBER='1' AIRFLOW_CTX_DAG_RUN_ID='scheduled__2022-06-01T00:00:00+00:00'
[2024-06-08T20:15:02.279+0000] {taskinstance.py:430} INFO - ::endgroup::
[2024-06-08T20:15:02.280+0000] {warnings.py:110} WARNING - /home/***/.local/lib/python3.12/site-packages/***/utils/context.py:320: AirflowContextDeprecationWarning: Accessing 'execution_date' from the template is deprecated and will be removed in a future version. Please use 'data_interval_start' or 'logical_date' instead.
  warnings.warn(_create_deprecation_warning(k, replacements))

[2024-06-08T20:15:02.290+0000] {base.py:84} INFO - Using connection ID 'chess_project_s3' for task execution.
[2024-06-08T20:46:54.322+0000] {python.py:237} INFO - Done. Returned value was: None
[2024-06-08T20:46:54.325+0000] {taskinstance.py:441} INFO - ::group::Post task execution logs
[2024-06-08T20:46:54.350+0000] {taskinstance.py:1206} INFO - Marking task as SUCCESS. dag_id=chess_etl, task_id=blunders_etl, run_id=scheduled__2022-06-01T00:00:00+00:00, execution_date=20220601T000000, start_date=20240608T201502, end_date=20240608T204654
[2024-06-08T20:46:54.430+0000] {local_task_job_runner.py:240} INFO - Task exited with return code 0
[2024-06-08T20:46:54.457+0000] {taskinstance.py:3498} INFO - 0 downstream tasks scheduled from follow-on schedule check
[2024-06-08T20:46:54.459+0000] {local_task_job_runner.py:222} INFO - ::endgroup::
[2024-07-08T02:11:26.045+0000] {local_task_job_runner.py:120} INFO - ::group::Pre task execution logs
[2024-07-08T02:11:26.058+0000] {taskinstance.py:2076} INFO - Dependencies all met for dep_context=non-requeueable deps ti=<TaskInstance: chess_etl.blunders_etl scheduled__2022-06-01T00:00:00+00:00 [queued]>
[2024-07-08T02:11:26.063+0000] {taskinstance.py:2076} INFO - Dependencies all met for dep_context=requeueable deps ti=<TaskInstance: chess_etl.blunders_etl scheduled__2022-06-01T00:00:00+00:00 [queued]>
[2024-07-08T02:11:26.064+0000] {taskinstance.py:2306} INFO - Starting attempt 1 of 1
[2024-07-08T02:11:26.071+0000] {taskinstance.py:2330} INFO - Executing <Task(PythonOperator): blunders_etl> on 2022-06-01 00:00:00+00:00
[2024-07-08T02:11:26.078+0000] {warnings.py:110} WARNING - /home/***/.local/lib/python3.12/site-packages/***/task/task_runner/standard_task_runner.py:61: DeprecationWarning: This process (pid=34300) is multi-threaded, use of fork() may lead to deadlocks in the child.
  pid = os.fork()

[2024-07-08T02:11:26.079+0000] {standard_task_runner.py:63} INFO - Started process 34302 to run task
[2024-07-08T02:11:26.080+0000] {standard_task_runner.py:90} INFO - Running: ['***', 'tasks', 'run', 'chess_etl', 'blunders_etl', 'scheduled__2022-06-01T00:00:00+00:00', '--job-id', '721', '--raw', '--subdir', 'DAGS_FOLDER/chess_dag.py', '--cfg-path', '/tmp/tmpy8p81tmv']
[2024-07-08T02:11:26.080+0000] {standard_task_runner.py:91} INFO - Job 721: Subtask blunders_etl
[2024-07-08T02:11:26.112+0000] {task_command.py:426} INFO - Running <TaskInstance: chess_etl.blunders_etl scheduled__2022-06-01T00:00:00+00:00 [running]> on host 6569f5155f0c
[2024-07-08T02:11:26.170+0000] {taskinstance.py:2648} INFO - Exporting env vars: AIRFLOW_CTX_DAG_OWNER='***' AIRFLOW_CTX_DAG_ID='chess_etl' AIRFLOW_CTX_TASK_ID='blunders_etl' AIRFLOW_CTX_EXECUTION_DATE='2022-06-01T00:00:00+00:00' AIRFLOW_CTX_TRY_NUMBER='1' AIRFLOW_CTX_DAG_RUN_ID='scheduled__2022-06-01T00:00:00+00:00'
[2024-07-08T02:11:26.171+0000] {taskinstance.py:430} INFO - ::endgroup::
[2024-07-08T02:11:26.172+0000] {warnings.py:110} WARNING - /home/***/.local/lib/python3.12/site-packages/***/utils/context.py:320: AirflowContextDeprecationWarning: Accessing 'execution_date' from the template is deprecated and will be removed in a future version. Please use 'data_interval_start' or 'logical_date' instead.
  warnings.warn(_create_deprecation_warning(k, replacements))

[2024-07-08T02:11:26.178+0000] {base.py:84} INFO - Using connection ID 'chess_project_s3' for task execution.
[2024-07-08T02:36:47.964+0000] {python.py:237} INFO - Done. Returned value was: None
[2024-07-08T02:36:47.964+0000] {taskinstance.py:441} INFO - ::group::Post task execution logs
[2024-07-08T02:36:47.972+0000] {taskinstance.py:1206} INFO - Marking task as SUCCESS. dag_id=chess_etl, task_id=blunders_etl, run_id=scheduled__2022-06-01T00:00:00+00:00, execution_date=20220601T000000, start_date=20240708T021126, end_date=20240708T023647
[2024-07-08T02:36:48.001+0000] {local_task_job_runner.py:240} INFO - Task exited with return code 0
[2024-07-08T02:36:48.025+0000] {taskinstance.py:3498} INFO - 1 downstream tasks scheduled from follow-on schedule check
[2024-07-08T02:36:48.027+0000] {local_task_job_runner.py:222} INFO - ::endgroup::
