[2024-06-03T17:38:22.131+0000] {local_task_job_runner.py:120} INFO - ::group::Pre task execution logs
[2024-06-03T17:38:22.147+0000] {taskinstance.py:2076} INFO - Dependencies all met for dep_context=non-requeueable deps ti=<TaskInstance: chess_etl.games_etl scheduled__2019-09-01T00:00:00+00:00 [queued]>
[2024-06-03T17:38:22.152+0000] {taskinstance.py:2076} INFO - Dependencies all met for dep_context=requeueable deps ti=<TaskInstance: chess_etl.games_etl scheduled__2019-09-01T00:00:00+00:00 [queued]>
[2024-06-03T17:38:22.153+0000] {taskinstance.py:2306} INFO - Starting attempt 1 of 1
[2024-06-03T17:38:22.161+0000] {taskinstance.py:2330} INFO - Executing <Task(PythonOperator): games_etl> on 2019-09-01 00:00:00+00:00
[2024-06-03T17:38:22.165+0000] {warnings.py:110} WARNING - /home/***/.local/lib/python3.12/site-packages/***/task/task_runner/standard_task_runner.py:61: DeprecationWarning: This process (pid=109) is multi-threaded, use of fork() may lead to deadlocks in the child.
  pid = os.fork()

[2024-06-03T17:38:22.166+0000] {standard_task_runner.py:63} INFO - Started process 111 to run task
[2024-06-03T17:38:22.167+0000] {standard_task_runner.py:90} INFO - Running: ['***', 'tasks', 'run', 'chess_etl', 'games_etl', 'scheduled__2019-09-01T00:00:00+00:00', '--job-id', '21', '--raw', '--subdir', 'DAGS_FOLDER/chess_dag.py', '--cfg-path', '/tmp/tmpxp8rktzx']
[2024-06-03T17:38:22.167+0000] {standard_task_runner.py:91} INFO - Job 21: Subtask games_etl
[2024-06-03T17:38:22.197+0000] {task_command.py:426} INFO - Running <TaskInstance: chess_etl.games_etl scheduled__2019-09-01T00:00:00+00:00 [running]> on host a5a4421409ea
[2024-06-03T17:38:22.253+0000] {taskinstance.py:2648} INFO - Exporting env vars: AIRFLOW_CTX_DAG_OWNER='***' AIRFLOW_CTX_DAG_ID='chess_etl' AIRFLOW_CTX_TASK_ID='games_etl' AIRFLOW_CTX_EXECUTION_DATE='2019-09-01T00:00:00+00:00' AIRFLOW_CTX_TRY_NUMBER='1' AIRFLOW_CTX_DAG_RUN_ID='scheduled__2019-09-01T00:00:00+00:00'
[2024-06-03T17:38:22.254+0000] {taskinstance.py:430} INFO - ::endgroup::
[2024-06-03T17:38:22.255+0000] {warnings.py:110} WARNING - /home/***/.local/lib/python3.12/site-packages/***/utils/context.py:320: AirflowContextDeprecationWarning: Accessing 'execution_date' from the template is deprecated and will be removed in a future version. Please use 'data_interval_start' or 'logical_date' instead.
  warnings.warn(_create_deprecation_warning(k, replacements))

[2024-06-03T17:38:22.497+0000] {python.py:237} INFO - Done. Returned value was: None
[2024-06-03T17:38:22.498+0000] {taskinstance.py:441} INFO - ::group::Post task execution logs
[2024-06-03T17:38:22.506+0000] {taskinstance.py:1206} INFO - Marking task as SUCCESS. dag_id=chess_etl, task_id=games_etl, run_id=scheduled__2019-09-01T00:00:00+00:00, execution_date=20190901T000000, start_date=20240603T173822, end_date=20240603T173822
[2024-06-03T17:38:22.540+0000] {local_task_job_runner.py:240} INFO - Task exited with return code 0
[2024-06-03T17:38:22.554+0000] {taskinstance.py:3498} INFO - 1 downstream tasks scheduled from follow-on schedule check
[2024-06-03T17:38:22.556+0000] {local_task_job_runner.py:222} INFO - ::endgroup::
[2024-06-03T17:45:00.787+0000] {local_task_job_runner.py:120} INFO - ::group::Pre task execution logs
[2024-06-03T17:45:00.801+0000] {taskinstance.py:2076} INFO - Dependencies all met for dep_context=non-requeueable deps ti=<TaskInstance: chess_etl.games_etl scheduled__2019-09-01T00:00:00+00:00 [queued]>
[2024-06-03T17:45:00.807+0000] {taskinstance.py:2076} INFO - Dependencies all met for dep_context=requeueable deps ti=<TaskInstance: chess_etl.games_etl scheduled__2019-09-01T00:00:00+00:00 [queued]>
[2024-06-03T17:45:00.808+0000] {taskinstance.py:2306} INFO - Starting attempt 1 of 1
[2024-06-03T17:45:00.817+0000] {taskinstance.py:2330} INFO - Executing <Task(PythonOperator): games_etl> on 2019-09-01 00:00:00+00:00
[2024-06-03T17:45:00.823+0000] {warnings.py:110} WARNING - /home/***/.local/lib/python3.12/site-packages/***/task/task_runner/standard_task_runner.py:61: DeprecationWarning: This process (pid=148) is multi-threaded, use of fork() may lead to deadlocks in the child.
  pid = os.fork()

[2024-06-03T17:45:00.824+0000] {standard_task_runner.py:63} INFO - Started process 150 to run task
[2024-06-03T17:45:00.825+0000] {standard_task_runner.py:90} INFO - Running: ['***', 'tasks', 'run', 'chess_etl', 'games_etl', 'scheduled__2019-09-01T00:00:00+00:00', '--job-id', '80', '--raw', '--subdir', 'DAGS_FOLDER/chess_dag.py', '--cfg-path', '/tmp/tmp3tkky50r']
[2024-06-03T17:45:00.826+0000] {standard_task_runner.py:91} INFO - Job 80: Subtask games_etl
[2024-06-03T17:45:00.857+0000] {task_command.py:426} INFO - Running <TaskInstance: chess_etl.games_etl scheduled__2019-09-01T00:00:00+00:00 [running]> on host f55fff24b127
[2024-06-03T17:45:00.915+0000] {taskinstance.py:2648} INFO - Exporting env vars: AIRFLOW_CTX_DAG_OWNER='***' AIRFLOW_CTX_DAG_ID='chess_etl' AIRFLOW_CTX_TASK_ID='games_etl' AIRFLOW_CTX_EXECUTION_DATE='2019-09-01T00:00:00+00:00' AIRFLOW_CTX_TRY_NUMBER='1' AIRFLOW_CTX_DAG_RUN_ID='scheduled__2019-09-01T00:00:00+00:00'
[2024-06-03T17:45:00.916+0000] {taskinstance.py:430} INFO - ::endgroup::
[2024-06-03T17:45:00.917+0000] {warnings.py:110} WARNING - /home/***/.local/lib/python3.12/site-packages/***/utils/context.py:320: AirflowContextDeprecationWarning: Accessing 'execution_date' from the template is deprecated and will be removed in a future version. Please use 'data_interval_start' or 'logical_date' instead.
  warnings.warn(_create_deprecation_warning(k, replacements))

[2024-06-03T17:45:01.149+0000] {python.py:237} INFO - Done. Returned value was: None
[2024-06-03T17:45:01.150+0000] {taskinstance.py:441} INFO - ::group::Post task execution logs
[2024-06-03T17:45:01.157+0000] {taskinstance.py:1206} INFO - Marking task as SUCCESS. dag_id=chess_etl, task_id=games_etl, run_id=scheduled__2019-09-01T00:00:00+00:00, execution_date=20190901T000000, start_date=20240603T174500, end_date=20240603T174501
[2024-06-03T17:45:01.198+0000] {local_task_job_runner.py:240} INFO - Task exited with return code 0
[2024-06-03T17:45:01.212+0000] {taskinstance.py:3498} INFO - 1 downstream tasks scheduled from follow-on schedule check
[2024-06-03T17:45:01.213+0000] {local_task_job_runner.py:222} INFO - ::endgroup::
[2024-06-08T14:10:28.742+0000] {local_task_job_runner.py:120} INFO - ::group::Pre task execution logs
[2024-06-08T14:10:28.756+0000] {taskinstance.py:2076} INFO - Dependencies all met for dep_context=non-requeueable deps ti=<TaskInstance: chess_etl.games_etl scheduled__2019-09-01T00:00:00+00:00 [queued]>
[2024-06-08T14:10:28.762+0000] {taskinstance.py:2076} INFO - Dependencies all met for dep_context=requeueable deps ti=<TaskInstance: chess_etl.games_etl scheduled__2019-09-01T00:00:00+00:00 [queued]>
[2024-06-08T14:10:28.762+0000] {taskinstance.py:2306} INFO - Starting attempt 1 of 1
[2024-06-08T14:10:28.772+0000] {taskinstance.py:2330} INFO - Executing <Task(PythonOperator): games_etl> on 2019-09-01 00:00:00+00:00
[2024-06-08T14:10:28.778+0000] {warnings.py:110} WARNING - /home/***/.local/lib/python3.12/site-packages/***/task/task_runner/standard_task_runner.py:61: DeprecationWarning: This process (pid=164) is multi-threaded, use of fork() may lead to deadlocks in the child.
  pid = os.fork()

[2024-06-08T14:10:28.780+0000] {standard_task_runner.py:90} INFO - Running: ['***', 'tasks', 'run', 'chess_etl', 'games_etl', 'scheduled__2019-09-01T00:00:00+00:00', '--job-id', '220', '--raw', '--subdir', 'DAGS_FOLDER/chess_dag.py', '--cfg-path', '/tmp/tmp1cfrj0js']
[2024-06-08T14:10:28.781+0000] {standard_task_runner.py:63} INFO - Started process 166 to run task
[2024-06-08T14:10:28.782+0000] {standard_task_runner.py:91} INFO - Job 220: Subtask games_etl
[2024-06-08T14:10:28.819+0000] {task_command.py:426} INFO - Running <TaskInstance: chess_etl.games_etl scheduled__2019-09-01T00:00:00+00:00 [running]> on host 3c9d89bfdaf1
[2024-06-08T14:10:28.879+0000] {taskinstance.py:2648} INFO - Exporting env vars: AIRFLOW_CTX_DAG_OWNER='***' AIRFLOW_CTX_DAG_ID='chess_etl' AIRFLOW_CTX_TASK_ID='games_etl' AIRFLOW_CTX_EXECUTION_DATE='2019-09-01T00:00:00+00:00' AIRFLOW_CTX_TRY_NUMBER='1' AIRFLOW_CTX_DAG_RUN_ID='scheduled__2019-09-01T00:00:00+00:00'
[2024-06-08T14:10:28.880+0000] {taskinstance.py:430} INFO - ::endgroup::
[2024-06-08T14:10:28.881+0000] {warnings.py:110} WARNING - /home/***/.local/lib/python3.12/site-packages/***/utils/context.py:320: AirflowContextDeprecationWarning: Accessing 'execution_date' from the template is deprecated and will be removed in a future version. Please use 'data_interval_start' or 'logical_date' instead.
  warnings.warn(_create_deprecation_warning(k, replacements))

[2024-06-08T14:10:29.155+0000] {python.py:237} INFO - Done. Returned value was: None
[2024-06-08T14:10:29.156+0000] {taskinstance.py:441} INFO - ::group::Post task execution logs
[2024-06-08T14:10:29.164+0000] {taskinstance.py:1206} INFO - Marking task as SUCCESS. dag_id=chess_etl, task_id=games_etl, run_id=scheduled__2019-09-01T00:00:00+00:00, execution_date=20190901T000000, start_date=20240608T141028, end_date=20240608T141029
[2024-06-08T14:10:29.196+0000] {local_task_job_runner.py:240} INFO - Task exited with return code 0
[2024-06-08T14:10:29.211+0000] {taskinstance.py:3498} INFO - 1 downstream tasks scheduled from follow-on schedule check
[2024-06-08T14:10:29.212+0000] {local_task_job_runner.py:222} INFO - ::endgroup::
[2024-06-08T14:51:55.626+0000] {local_task_job_runner.py:120} INFO - ::group::Pre task execution logs
[2024-06-08T14:51:55.642+0000] {taskinstance.py:2076} INFO - Dependencies all met for dep_context=non-requeueable deps ti=<TaskInstance: chess_etl.games_etl scheduled__2019-09-01T00:00:00+00:00 [queued]>
[2024-06-08T14:51:55.648+0000] {taskinstance.py:2076} INFO - Dependencies all met for dep_context=requeueable deps ti=<TaskInstance: chess_etl.games_etl scheduled__2019-09-01T00:00:00+00:00 [queued]>
[2024-06-08T14:51:55.649+0000] {taskinstance.py:2306} INFO - Starting attempt 1 of 1
[2024-06-08T14:51:55.659+0000] {taskinstance.py:2330} INFO - Executing <Task(PythonOperator): games_etl> on 2019-09-01 00:00:00+00:00
[2024-06-08T14:51:55.665+0000] {warnings.py:110} WARNING - /home/***/.local/lib/python3.12/site-packages/***/task/task_runner/standard_task_runner.py:61: DeprecationWarning: This process (pid=274) is multi-threaded, use of fork() may lead to deadlocks in the child.
  pid = os.fork()

[2024-06-08T14:51:55.666+0000] {standard_task_runner.py:90} INFO - Running: ['***', 'tasks', 'run', 'chess_etl', 'games_etl', 'scheduled__2019-09-01T00:00:00+00:00', '--job-id', '256', '--raw', '--subdir', 'DAGS_FOLDER/chess_dag.py', '--cfg-path', '/tmp/tmpb_56p2hk']
[2024-06-08T14:51:55.667+0000] {standard_task_runner.py:63} INFO - Started process 276 to run task
[2024-06-08T14:51:55.667+0000] {standard_task_runner.py:91} INFO - Job 256: Subtask games_etl
[2024-06-08T14:51:55.702+0000] {task_command.py:426} INFO - Running <TaskInstance: chess_etl.games_etl scheduled__2019-09-01T00:00:00+00:00 [running]> on host bf0ade909435
[2024-06-08T14:51:55.768+0000] {taskinstance.py:2648} INFO - Exporting env vars: AIRFLOW_CTX_DAG_OWNER='***' AIRFLOW_CTX_DAG_ID='chess_etl' AIRFLOW_CTX_TASK_ID='games_etl' AIRFLOW_CTX_EXECUTION_DATE='2019-09-01T00:00:00+00:00' AIRFLOW_CTX_TRY_NUMBER='1' AIRFLOW_CTX_DAG_RUN_ID='scheduled__2019-09-01T00:00:00+00:00'
[2024-06-08T14:51:55.769+0000] {taskinstance.py:430} INFO - ::endgroup::
[2024-06-08T14:51:55.770+0000] {warnings.py:110} WARNING - /home/***/.local/lib/python3.12/site-packages/***/utils/context.py:320: AirflowContextDeprecationWarning: Accessing 'execution_date' from the template is deprecated and will be removed in a future version. Please use 'data_interval_start' or 'logical_date' instead.
  warnings.warn(_create_deprecation_warning(k, replacements))

[2024-06-08T14:51:56.030+0000] {python.py:237} INFO - Done. Returned value was: None
[2024-06-08T14:51:56.031+0000] {taskinstance.py:441} INFO - ::group::Post task execution logs
[2024-06-08T14:51:56.039+0000] {taskinstance.py:1206} INFO - Marking task as SUCCESS. dag_id=chess_etl, task_id=games_etl, run_id=scheduled__2019-09-01T00:00:00+00:00, execution_date=20190901T000000, start_date=20240608T145155, end_date=20240608T145156
[2024-06-08T14:51:56.081+0000] {local_task_job_runner.py:240} INFO - Task exited with return code 0
[2024-06-08T14:51:56.097+0000] {taskinstance.py:3498} INFO - 1 downstream tasks scheduled from follow-on schedule check
[2024-06-08T14:51:56.098+0000] {local_task_job_runner.py:222} INFO - ::endgroup::
[2024-07-07T21:20:23.943+0000] {local_task_job_runner.py:120} INFO - ::group::Pre task execution logs
[2024-07-07T21:20:23.956+0000] {taskinstance.py:2076} INFO - Dependencies all met for dep_context=non-requeueable deps ti=<TaskInstance: chess_etl.games_etl scheduled__2019-09-01T00:00:00+00:00 [queued]>
[2024-07-07T21:20:23.962+0000] {taskinstance.py:2076} INFO - Dependencies all met for dep_context=requeueable deps ti=<TaskInstance: chess_etl.games_etl scheduled__2019-09-01T00:00:00+00:00 [queued]>
[2024-07-07T21:20:23.962+0000] {taskinstance.py:2306} INFO - Starting attempt 1 of 1
[2024-07-07T21:20:23.970+0000] {taskinstance.py:2330} INFO - Executing <Task(PythonOperator): games_etl> on 2019-09-01 00:00:00+00:00
[2024-07-07T21:20:23.975+0000] {warnings.py:110} WARNING - /home/***/.local/lib/python3.12/site-packages/***/task/task_runner/standard_task_runner.py:61: DeprecationWarning: This process (pid=1312) is multi-threaded, use of fork() may lead to deadlocks in the child.
  pid = os.fork()

[2024-07-07T21:20:23.977+0000] {standard_task_runner.py:63} INFO - Started process 1316 to run task
[2024-07-07T21:20:23.978+0000] {standard_task_runner.py:90} INFO - Running: ['***', 'tasks', 'run', 'chess_etl', 'games_etl', 'scheduled__2019-09-01T00:00:00+00:00', '--job-id', '587', '--raw', '--subdir', 'DAGS_FOLDER/chess_dag.py', '--cfg-path', '/tmp/tmpxwb6kitp']
[2024-07-07T21:20:23.979+0000] {standard_task_runner.py:91} INFO - Job 587: Subtask games_etl
[2024-07-07T21:20:24.015+0000] {task_command.py:426} INFO - Running <TaskInstance: chess_etl.games_etl scheduled__2019-09-01T00:00:00+00:00 [running]> on host 6569f5155f0c
[2024-07-07T21:20:24.078+0000] {taskinstance.py:2648} INFO - Exporting env vars: AIRFLOW_CTX_DAG_OWNER='***' AIRFLOW_CTX_DAG_ID='chess_etl' AIRFLOW_CTX_TASK_ID='games_etl' AIRFLOW_CTX_EXECUTION_DATE='2019-09-01T00:00:00+00:00' AIRFLOW_CTX_TRY_NUMBER='1' AIRFLOW_CTX_DAG_RUN_ID='scheduled__2019-09-01T00:00:00+00:00'
[2024-07-07T21:20:24.079+0000] {taskinstance.py:430} INFO - ::endgroup::
[2024-07-07T21:20:24.080+0000] {warnings.py:110} WARNING - /home/***/.local/lib/python3.12/site-packages/***/utils/context.py:320: AirflowContextDeprecationWarning: Accessing 'execution_date' from the template is deprecated and will be removed in a future version. Please use 'data_interval_start' or 'logical_date' instead.
  warnings.warn(_create_deprecation_warning(k, replacements))

[2024-07-07T21:20:24.314+0000] {python.py:237} INFO - Done. Returned value was: None
[2024-07-07T21:20:24.315+0000] {taskinstance.py:441} INFO - ::group::Post task execution logs
[2024-07-07T21:20:24.322+0000] {taskinstance.py:1206} INFO - Marking task as SUCCESS. dag_id=chess_etl, task_id=games_etl, run_id=scheduled__2019-09-01T00:00:00+00:00, execution_date=20190901T000000, start_date=20240707T212023, end_date=20240707T212024
[2024-07-07T21:20:24.350+0000] {local_task_job_runner.py:240} INFO - Task exited with return code 0
[2024-07-07T21:20:24.372+0000] {taskinstance.py:3498} INFO - 1 downstream tasks scheduled from follow-on schedule check
[2024-07-07T21:20:24.374+0000] {local_task_job_runner.py:222} INFO - ::endgroup::
