[2024-07-07T17:54:30.838+0000] {local_task_job_runner.py:120} INFO - ::group::Pre task execution logs
[2024-07-07T17:54:30.853+0000] {taskinstance.py:2076} INFO - Dependencies all met for dep_context=non-requeueable deps ti=<TaskInstance: chess_etl.redshift_etl scheduled__2019-08-01T00:00:00+00:00 [queued]>
[2024-07-07T17:54:30.859+0000] {taskinstance.py:2076} INFO - Dependencies all met for dep_context=requeueable deps ti=<TaskInstance: chess_etl.redshift_etl scheduled__2019-08-01T00:00:00+00:00 [queued]>
[2024-07-07T17:54:30.860+0000] {taskinstance.py:2306} INFO - Starting attempt 1 of 1
[2024-07-07T17:54:30.869+0000] {taskinstance.py:2330} INFO - Executing <Task(PythonOperator): redshift_etl> on 2019-08-01 00:00:00+00:00
[2024-07-07T17:54:30.873+0000] {warnings.py:110} WARNING - /home/***/.local/lib/python3.12/site-packages/***/task/task_runner/standard_task_runner.py:61: DeprecationWarning: This process (pid=637) is multi-threaded, use of fork() may lead to deadlocks in the child.
  pid = os.fork()

[2024-07-07T17:54:30.876+0000] {standard_task_runner.py:63} INFO - Started process 640 to run task
[2024-07-07T17:54:30.875+0000] {standard_task_runner.py:90} INFO - Running: ['***', 'tasks', 'run', 'chess_etl', 'redshift_etl', 'scheduled__2019-08-01T00:00:00+00:00', '--job-id', '386', '--pool', 'default_pool', '--raw', '--subdir', 'DAGS_FOLDER/chess_dag.py', '--cfg-path', '/tmp/tmpmb7l_ku4']
[2024-07-07T17:54:30.877+0000] {standard_task_runner.py:91} INFO - Job 386: Subtask redshift_etl
[2024-07-07T17:54:30.913+0000] {task_command.py:426} INFO - Running <TaskInstance: chess_etl.redshift_etl scheduled__2019-08-01T00:00:00+00:00 [running]> on host cb919e35e0e9
[2024-07-07T17:54:30.977+0000] {taskinstance.py:2648} INFO - Exporting env vars: AIRFLOW_CTX_DAG_OWNER='***' AIRFLOW_CTX_DAG_ID='chess_etl' AIRFLOW_CTX_TASK_ID='redshift_etl' AIRFLOW_CTX_EXECUTION_DATE='2019-08-01T00:00:00+00:00' AIRFLOW_CTX_TRY_NUMBER='1' AIRFLOW_CTX_DAG_RUN_ID='scheduled__2019-08-01T00:00:00+00:00'
[2024-07-07T17:54:30.979+0000] {taskinstance.py:430} INFO - ::endgroup::
[2024-07-07T17:54:30.979+0000] {warnings.py:110} WARNING - /home/***/.local/lib/python3.12/site-packages/***/utils/context.py:320: AirflowContextDeprecationWarning: Accessing 'execution_date' from the template is deprecated and will be removed in a future version. Please use 'data_interval_start' or 'logical_date' instead.
  warnings.warn(_create_deprecation_warning(k, replacements))

[2024-07-07T17:54:30.987+0000] {base.py:84} INFO - Using connection ID 'chess_project_s3' for task execution.
[2024-07-07T17:54:32.045+0000] {logging_mixin.py:188} INFO - No games for period 2019_08
[2024-07-07T17:54:32.046+0000] {python.py:237} INFO - Done. Returned value was: None
[2024-07-07T17:54:32.046+0000] {taskinstance.py:441} INFO - ::group::Post task execution logs
[2024-07-07T17:54:32.053+0000] {taskinstance.py:1206} INFO - Marking task as SUCCESS. dag_id=chess_etl, task_id=redshift_etl, run_id=scheduled__2019-08-01T00:00:00+00:00, execution_date=20190801T000000, start_date=20240707T175430, end_date=20240707T175432
[2024-07-07T17:54:32.092+0000] {local_task_job_runner.py:240} INFO - Task exited with return code 0
[2024-07-07T17:54:32.102+0000] {taskinstance.py:3498} INFO - 0 downstream tasks scheduled from follow-on schedule check
[2024-07-07T17:54:32.103+0000] {local_task_job_runner.py:222} INFO - ::endgroup::
