[2024-06-03T23:50:31.040+0000] {local_task_job_runner.py:120} INFO - ::group::Pre task execution logs
[2024-06-03T23:50:31.057+0000] {taskinstance.py:2076} INFO - Dependencies all met for dep_context=non-requeueable deps ti=<TaskInstance: chess_etl.blunders_etl scheduled__2022-10-01T00:00:00+00:00 [queued]>
[2024-06-03T23:50:31.064+0000] {taskinstance.py:2076} INFO - Dependencies all met for dep_context=requeueable deps ti=<TaskInstance: chess_etl.blunders_etl scheduled__2022-10-01T00:00:00+00:00 [queued]>
[2024-06-03T23:50:31.064+0000] {taskinstance.py:2306} INFO - Starting attempt 1 of 1
[2024-06-03T23:50:31.073+0000] {taskinstance.py:2330} INFO - Executing <Task(PythonOperator): blunders_etl> on 2022-10-01 00:00:00+00:00
[2024-06-03T23:50:31.082+0000] {warnings.py:110} WARNING - /home/***/.local/lib/python3.12/site-packages/***/task/task_runner/standard_task_runner.py:61: DeprecationWarning: This process (pid=39934) is multi-threaded, use of fork() may lead to deadlocks in the child.
  pid = os.fork()

[2024-06-03T23:50:31.083+0000] {standard_task_runner.py:63} INFO - Started process 39936 to run task
[2024-06-03T23:50:31.084+0000] {standard_task_runner.py:90} INFO - Running: ['***', 'tasks', 'run', 'chess_etl', 'blunders_etl', 'scheduled__2022-10-01T00:00:00+00:00', '--job-id', '155', '--raw', '--subdir', 'DAGS_FOLDER/chess_dag.py', '--cfg-path', '/tmp/tmpyhcp60ik']
[2024-06-03T23:50:31.085+0000] {standard_task_runner.py:91} INFO - Job 155: Subtask blunders_etl
[2024-06-03T23:50:31.121+0000] {task_command.py:426} INFO - Running <TaskInstance: chess_etl.blunders_etl scheduled__2022-10-01T00:00:00+00:00 [running]> on host f55fff24b127
[2024-06-03T23:50:31.190+0000] {taskinstance.py:2648} INFO - Exporting env vars: AIRFLOW_CTX_DAG_OWNER='***' AIRFLOW_CTX_DAG_ID='chess_etl' AIRFLOW_CTX_TASK_ID='blunders_etl' AIRFLOW_CTX_EXECUTION_DATE='2022-10-01T00:00:00+00:00' AIRFLOW_CTX_TRY_NUMBER='1' AIRFLOW_CTX_DAG_RUN_ID='scheduled__2022-10-01T00:00:00+00:00'
[2024-06-03T23:50:31.192+0000] {taskinstance.py:430} INFO - ::endgroup::
[2024-06-03T23:50:31.193+0000] {warnings.py:110} WARNING - /home/***/.local/lib/python3.12/site-packages/***/utils/context.py:320: AirflowContextDeprecationWarning: Accessing 'execution_date' from the template is deprecated and will be removed in a future version. Please use 'data_interval_start' or 'logical_date' instead.
  warnings.warn(_create_deprecation_warning(k, replacements))

[2024-06-03T23:50:31.199+0000] {base.py:84} INFO - Using connection ID 'chess_project_s3' for task execution.
[2024-06-04T00:14:33.734+0000] {python.py:237} INFO - Done. Returned value was: None
[2024-06-04T00:14:33.736+0000] {taskinstance.py:441} INFO - ::group::Post task execution logs
[2024-06-04T00:14:33.747+0000] {taskinstance.py:1206} INFO - Marking task as SUCCESS. dag_id=chess_etl, task_id=blunders_etl, run_id=scheduled__2022-10-01T00:00:00+00:00, execution_date=20221001T000000, start_date=20240603T235031, end_date=20240604T001433
[2024-06-04T00:14:33.782+0000] {local_task_job_runner.py:240} INFO - Task exited with return code 0
[2024-06-04T00:14:33.794+0000] {taskinstance.py:3498} INFO - 0 downstream tasks scheduled from follow-on schedule check
[2024-06-04T00:14:33.795+0000] {local_task_job_runner.py:222} INFO - ::endgroup::
[2024-06-08T21:28:45.016+0000] {local_task_job_runner.py:120} INFO - ::group::Pre task execution logs
[2024-06-08T21:28:45.037+0000] {taskinstance.py:2076} INFO - Dependencies all met for dep_context=non-requeueable deps ti=<TaskInstance: chess_etl.blunders_etl scheduled__2022-10-01T00:00:00+00:00 [queued]>
[2024-06-08T21:28:45.046+0000] {taskinstance.py:2076} INFO - Dependencies all met for dep_context=requeueable deps ti=<TaskInstance: chess_etl.blunders_etl scheduled__2022-10-01T00:00:00+00:00 [queued]>
[2024-06-08T21:28:45.046+0000] {taskinstance.py:2306} INFO - Starting attempt 1 of 1
[2024-06-08T21:28:45.061+0000] {taskinstance.py:2330} INFO - Executing <Task(PythonOperator): blunders_etl> on 2022-10-01 00:00:00+00:00
[2024-06-08T21:28:45.069+0000] {warnings.py:110} WARNING - /home/***/.local/lib/python3.12/site-packages/***/task/task_runner/standard_task_runner.py:61: DeprecationWarning: This process (pid=40512) is multi-threaded, use of fork() may lead to deadlocks in the child.
  pid = os.fork()

[2024-06-08T21:28:45.071+0000] {standard_task_runner.py:63} INFO - Started process 40514 to run task
[2024-06-08T21:28:45.071+0000] {standard_task_runner.py:90} INFO - Running: ['***', 'tasks', 'run', 'chess_etl', 'blunders_etl', 'scheduled__2022-10-01T00:00:00+00:00', '--job-id', '331', '--raw', '--subdir', 'DAGS_FOLDER/chess_dag.py', '--cfg-path', '/tmp/tmpplv5gido']
[2024-06-08T21:28:45.073+0000] {standard_task_runner.py:91} INFO - Job 331: Subtask blunders_etl
[2024-06-08T21:28:45.120+0000] {task_command.py:426} INFO - Running <TaskInstance: chess_etl.blunders_etl scheduled__2022-10-01T00:00:00+00:00 [running]> on host bf0ade909435
[2024-06-08T21:28:45.203+0000] {taskinstance.py:2648} INFO - Exporting env vars: AIRFLOW_CTX_DAG_OWNER='***' AIRFLOW_CTX_DAG_ID='chess_etl' AIRFLOW_CTX_TASK_ID='blunders_etl' AIRFLOW_CTX_EXECUTION_DATE='2022-10-01T00:00:00+00:00' AIRFLOW_CTX_TRY_NUMBER='1' AIRFLOW_CTX_DAG_RUN_ID='scheduled__2022-10-01T00:00:00+00:00'
[2024-06-08T21:28:45.205+0000] {taskinstance.py:430} INFO - ::endgroup::
[2024-06-08T21:28:45.206+0000] {warnings.py:110} WARNING - /home/***/.local/lib/python3.12/site-packages/***/utils/context.py:320: AirflowContextDeprecationWarning: Accessing 'execution_date' from the template is deprecated and will be removed in a future version. Please use 'data_interval_start' or 'logical_date' instead.
  warnings.warn(_create_deprecation_warning(k, replacements))

[2024-06-08T21:28:45.214+0000] {base.py:84} INFO - Using connection ID 'chess_project_s3' for task execution.
[2024-06-08T21:58:00.512+0000] {python.py:237} INFO - Done. Returned value was: None
[2024-06-08T21:58:00.513+0000] {taskinstance.py:441} INFO - ::group::Post task execution logs
[2024-06-08T21:58:00.524+0000] {taskinstance.py:1206} INFO - Marking task as SUCCESS. dag_id=chess_etl, task_id=blunders_etl, run_id=scheduled__2022-10-01T00:00:00+00:00, execution_date=20221001T000000, start_date=20240608T212845, end_date=20240608T215800
[2024-06-08T21:58:00.556+0000] {local_task_job_runner.py:240} INFO - Task exited with return code 0
[2024-06-08T21:58:00.572+0000] {taskinstance.py:3498} INFO - 0 downstream tasks scheduled from follow-on schedule check
[2024-06-08T21:58:00.574+0000] {local_task_job_runner.py:222} INFO - ::endgroup::
[2024-07-08T03:11:32.843+0000] {local_task_job_runner.py:120} INFO - ::group::Pre task execution logs
[2024-07-08T03:11:32.856+0000] {taskinstance.py:2076} INFO - Dependencies all met for dep_context=non-requeueable deps ti=<TaskInstance: chess_etl.blunders_etl scheduled__2022-10-01T00:00:00+00:00 [queued]>
[2024-07-08T03:11:32.861+0000] {taskinstance.py:2076} INFO - Dependencies all met for dep_context=requeueable deps ti=<TaskInstance: chess_etl.blunders_etl scheduled__2022-10-01T00:00:00+00:00 [queued]>
[2024-07-08T03:11:32.862+0000] {taskinstance.py:2306} INFO - Starting attempt 1 of 1
[2024-07-08T03:11:32.870+0000] {taskinstance.py:2330} INFO - Executing <Task(PythonOperator): blunders_etl> on 2022-10-01 00:00:00+00:00
[2024-07-08T03:11:32.877+0000] {warnings.py:110} WARNING - /home/***/.local/lib/python3.12/site-packages/***/task/task_runner/standard_task_runner.py:61: DeprecationWarning: This process (pid=41320) is multi-threaded, use of fork() may lead to deadlocks in the child.
  pid = os.fork()

[2024-07-08T03:11:32.878+0000] {standard_task_runner.py:63} INFO - Started process 41322 to run task
[2024-07-08T03:11:32.878+0000] {standard_task_runner.py:90} INFO - Running: ['***', 'tasks', 'run', 'chess_etl', 'blunders_etl', 'scheduled__2022-10-01T00:00:00+00:00', '--job-id', '737', '--raw', '--subdir', 'DAGS_FOLDER/chess_dag.py', '--cfg-path', '/tmp/tmpzn36yfu5']
[2024-07-08T03:11:32.879+0000] {standard_task_runner.py:91} INFO - Job 737: Subtask blunders_etl
[2024-07-08T03:11:32.914+0000] {task_command.py:426} INFO - Running <TaskInstance: chess_etl.blunders_etl scheduled__2022-10-01T00:00:00+00:00 [running]> on host 6569f5155f0c
[2024-07-08T03:11:32.980+0000] {taskinstance.py:2648} INFO - Exporting env vars: AIRFLOW_CTX_DAG_OWNER='***' AIRFLOW_CTX_DAG_ID='chess_etl' AIRFLOW_CTX_TASK_ID='blunders_etl' AIRFLOW_CTX_EXECUTION_DATE='2022-10-01T00:00:00+00:00' AIRFLOW_CTX_TRY_NUMBER='1' AIRFLOW_CTX_DAG_RUN_ID='scheduled__2022-10-01T00:00:00+00:00'
[2024-07-08T03:11:32.981+0000] {taskinstance.py:430} INFO - ::endgroup::
[2024-07-08T03:11:32.982+0000] {warnings.py:110} WARNING - /home/***/.local/lib/python3.12/site-packages/***/utils/context.py:320: AirflowContextDeprecationWarning: Accessing 'execution_date' from the template is deprecated and will be removed in a future version. Please use 'data_interval_start' or 'logical_date' instead.
  warnings.warn(_create_deprecation_warning(k, replacements))

[2024-07-08T03:11:32.989+0000] {base.py:84} INFO - Using connection ID 'chess_project_s3' for task execution.
[2024-07-08T03:35:08.402+0000] {python.py:237} INFO - Done. Returned value was: None
[2024-07-08T03:35:08.402+0000] {taskinstance.py:441} INFO - ::group::Post task execution logs
[2024-07-08T03:35:08.411+0000] {taskinstance.py:1206} INFO - Marking task as SUCCESS. dag_id=chess_etl, task_id=blunders_etl, run_id=scheduled__2022-10-01T00:00:00+00:00, execution_date=20221001T000000, start_date=20240708T031132, end_date=20240708T033508
[2024-07-08T03:35:08.429+0000] {local_task_job_runner.py:240} INFO - Task exited with return code 0
[2024-07-08T03:35:08.445+0000] {taskinstance.py:3498} INFO - 1 downstream tasks scheduled from follow-on schedule check
[2024-07-08T03:35:08.446+0000] {local_task_job_runner.py:222} INFO - ::endgroup::
