[2024-07-07T18:13:10.062+0000] {local_task_job_runner.py:120} INFO - ::group::Pre task execution logs
[2024-07-07T18:13:10.076+0000] {taskinstance.py:2076} INFO - Dependencies all met for dep_context=non-requeueable deps ti=<TaskInstance: chess_etl.redshift_game_load scheduled__2020-01-01T00:00:00+00:00 [queued]>
[2024-07-07T18:13:10.081+0000] {taskinstance.py:2076} INFO - Dependencies all met for dep_context=requeueable deps ti=<TaskInstance: chess_etl.redshift_game_load scheduled__2020-01-01T00:00:00+00:00 [queued]>
[2024-07-07T18:13:10.081+0000] {taskinstance.py:2306} INFO - Starting attempt 1 of 1
[2024-07-07T18:13:10.091+0000] {taskinstance.py:2330} INFO - Executing <Task(PythonOperator): redshift_game_load> on 2020-01-01 00:00:00+00:00
[2024-07-07T18:13:10.095+0000] {warnings.py:110} WARNING - /home/***/.local/lib/python3.12/site-packages/***/task/task_runner/standard_task_runner.py:61: DeprecationWarning: This process (pid=1037) is multi-threaded, use of fork() may lead to deadlocks in the child.
  pid = os.fork()

[2024-07-07T18:13:10.097+0000] {standard_task_runner.py:63} INFO - Started process 1041 to run task
[2024-07-07T18:13:10.097+0000] {standard_task_runner.py:90} INFO - Running: ['***', 'tasks', 'run', 'chess_etl', 'redshift_game_load', 'scheduled__2020-01-01T00:00:00+00:00', '--job-id', '420', '--pool', 'default_pool', '--raw', '--subdir', 'DAGS_FOLDER/chess_dag.py', '--cfg-path', '/tmp/tmpuzo50xr6']
[2024-07-07T18:13:10.097+0000] {standard_task_runner.py:91} INFO - Job 420: Subtask redshift_game_load
[2024-07-07T18:13:10.129+0000] {task_command.py:426} INFO - Running <TaskInstance: chess_etl.redshift_game_load scheduled__2020-01-01T00:00:00+00:00 [running]> on host cb919e35e0e9
[2024-07-07T18:13:10.186+0000] {taskinstance.py:2648} INFO - Exporting env vars: AIRFLOW_CTX_DAG_OWNER='***' AIRFLOW_CTX_DAG_ID='chess_etl' AIRFLOW_CTX_TASK_ID='redshift_game_load' AIRFLOW_CTX_EXECUTION_DATE='2020-01-01T00:00:00+00:00' AIRFLOW_CTX_TRY_NUMBER='1' AIRFLOW_CTX_DAG_RUN_ID='scheduled__2020-01-01T00:00:00+00:00'
[2024-07-07T18:13:10.187+0000] {taskinstance.py:430} INFO - ::endgroup::
[2024-07-07T18:13:10.187+0000] {warnings.py:110} WARNING - /home/***/.local/lib/python3.12/site-packages/***/utils/context.py:320: AirflowContextDeprecationWarning: Accessing 'execution_date' from the template is deprecated and will be removed in a future version. Please use 'data_interval_start' or 'logical_date' instead.
  warnings.warn(_create_deprecation_warning(k, replacements))

[2024-07-07T18:13:10.193+0000] {base.py:84} INFO - Using connection ID 'chess_project_s3' for task execution.
[2024-07-07T18:13:11.155+0000] {logging_mixin.py:188} INFO - No games for period 2020_01
[2024-07-07T18:13:11.155+0000] {python.py:237} INFO - Done. Returned value was: None
[2024-07-07T18:13:11.156+0000] {taskinstance.py:441} INFO - ::group::Post task execution logs
[2024-07-07T18:13:11.162+0000] {taskinstance.py:1206} INFO - Marking task as SUCCESS. dag_id=chess_etl, task_id=redshift_game_load, run_id=scheduled__2020-01-01T00:00:00+00:00, execution_date=20200101T000000, start_date=20240707T181310, end_date=20240707T181311
[2024-07-07T18:13:11.192+0000] {local_task_job_runner.py:240} INFO - Task exited with return code 0
[2024-07-07T18:13:11.206+0000] {taskinstance.py:3498} INFO - 0 downstream tasks scheduled from follow-on schedule check
[2024-07-07T18:13:11.207+0000] {local_task_job_runner.py:222} INFO - ::endgroup::
[2024-07-07T21:20:50.936+0000] {local_task_job_runner.py:120} INFO - ::group::Pre task execution logs
[2024-07-07T21:20:50.951+0000] {taskinstance.py:2076} INFO - Dependencies all met for dep_context=non-requeueable deps ti=<TaskInstance: chess_etl.redshift_game_load scheduled__2020-01-01T00:00:00+00:00 [queued]>
[2024-07-07T21:20:50.957+0000] {taskinstance.py:2076} INFO - Dependencies all met for dep_context=requeueable deps ti=<TaskInstance: chess_etl.redshift_game_load scheduled__2020-01-01T00:00:00+00:00 [queued]>
[2024-07-07T21:20:50.958+0000] {taskinstance.py:2306} INFO - Starting attempt 1 of 1
[2024-07-07T21:20:50.967+0000] {taskinstance.py:2330} INFO - Executing <Task(PythonOperator): redshift_game_load> on 2020-01-01 00:00:00+00:00
[2024-07-07T21:20:50.973+0000] {warnings.py:110} WARNING - /home/***/.local/lib/python3.12/site-packages/***/task/task_runner/standard_task_runner.py:61: DeprecationWarning: This process (pid=1412) is multi-threaded, use of fork() may lead to deadlocks in the child.
  pid = os.fork()

[2024-07-07T21:20:50.974+0000] {standard_task_runner.py:63} INFO - Started process 1415 to run task
[2024-07-07T21:20:50.975+0000] {standard_task_runner.py:90} INFO - Running: ['***', 'tasks', 'run', 'chess_etl', 'redshift_game_load', 'scheduled__2020-01-01T00:00:00+00:00', '--job-id', '608', '--raw', '--subdir', 'DAGS_FOLDER/chess_dag.py', '--cfg-path', '/tmp/tmplcjpi1wf']
[2024-07-07T21:20:50.976+0000] {standard_task_runner.py:91} INFO - Job 608: Subtask redshift_game_load
[2024-07-07T21:20:51.008+0000] {task_command.py:426} INFO - Running <TaskInstance: chess_etl.redshift_game_load scheduled__2020-01-01T00:00:00+00:00 [running]> on host 6569f5155f0c
[2024-07-07T21:20:51.067+0000] {taskinstance.py:2648} INFO - Exporting env vars: AIRFLOW_CTX_DAG_OWNER='***' AIRFLOW_CTX_DAG_ID='chess_etl' AIRFLOW_CTX_TASK_ID='redshift_game_load' AIRFLOW_CTX_EXECUTION_DATE='2020-01-01T00:00:00+00:00' AIRFLOW_CTX_TRY_NUMBER='1' AIRFLOW_CTX_DAG_RUN_ID='scheduled__2020-01-01T00:00:00+00:00'
[2024-07-07T21:20:51.068+0000] {taskinstance.py:430} INFO - ::endgroup::
[2024-07-07T21:20:51.069+0000] {warnings.py:110} WARNING - /home/***/.local/lib/python3.12/site-packages/***/utils/context.py:320: AirflowContextDeprecationWarning: Accessing 'execution_date' from the template is deprecated and will be removed in a future version. Please use 'data_interval_start' or 'logical_date' instead.
  warnings.warn(_create_deprecation_warning(k, replacements))

[2024-07-07T21:20:51.075+0000] {base.py:84} INFO - Using connection ID 'chess_project_s3' for task execution.
[2024-07-07T21:20:52.034+0000] {logging_mixin.py:188} INFO - No games for period 2020_01
[2024-07-07T21:20:52.034+0000] {python.py:237} INFO - Done. Returned value was: None
[2024-07-07T21:20:52.035+0000] {taskinstance.py:441} INFO - ::group::Post task execution logs
[2024-07-07T21:20:52.040+0000] {taskinstance.py:1206} INFO - Marking task as SUCCESS. dag_id=chess_etl, task_id=redshift_game_load, run_id=scheduled__2020-01-01T00:00:00+00:00, execution_date=20200101T000000, start_date=20240707T212050, end_date=20240707T212052
[2024-07-07T21:20:52.069+0000] {local_task_job_runner.py:240} INFO - Task exited with return code 0
[2024-07-07T21:20:52.083+0000] {taskinstance.py:3498} INFO - 1 downstream tasks scheduled from follow-on schedule check
[2024-07-07T21:20:52.085+0000] {local_task_job_runner.py:222} INFO - ::endgroup::
