[2024-06-04T01:04:46.417+0000] {local_task_job_runner.py:120} INFO - ::group::Pre task execution logs
[2024-06-04T01:04:46.433+0000] {taskinstance.py:2076} INFO - Dependencies all met for dep_context=non-requeueable deps ti=<TaskInstance: chess_etl.games_etl scheduled__2023-05-01T00:00:00+00:00 [queued]>
[2024-06-04T01:04:46.439+0000] {taskinstance.py:2076} INFO - Dependencies all met for dep_context=requeueable deps ti=<TaskInstance: chess_etl.games_etl scheduled__2023-05-01T00:00:00+00:00 [queued]>
[2024-06-04T01:04:46.440+0000] {taskinstance.py:2306} INFO - Starting attempt 1 of 1
[2024-06-04T01:04:46.450+0000] {taskinstance.py:2330} INFO - Executing <Task(PythonOperator): games_etl> on 2023-05-01 00:00:00+00:00
[2024-06-04T01:04:46.457+0000] {warnings.py:110} WARNING - /home/***/.local/lib/python3.12/site-packages/***/task/task_runner/standard_task_runner.py:61: DeprecationWarning: This process (pid=48713) is multi-threaded, use of fork() may lead to deadlocks in the child.
  pid = os.fork()

[2024-06-04T01:04:46.458+0000] {standard_task_runner.py:63} INFO - Started process 48715 to run task
[2024-06-04T01:04:46.459+0000] {standard_task_runner.py:90} INFO - Running: ['***', 'tasks', 'run', 'chess_etl', 'games_etl', 'scheduled__2023-05-01T00:00:00+00:00', '--job-id', '168', '--raw', '--subdir', 'DAGS_FOLDER/chess_dag.py', '--cfg-path', '/tmp/tmpwq4dsc4a']
[2024-06-04T01:04:46.460+0000] {standard_task_runner.py:91} INFO - Job 168: Subtask games_etl
[2024-06-04T01:04:46.491+0000] {task_command.py:426} INFO - Running <TaskInstance: chess_etl.games_etl scheduled__2023-05-01T00:00:00+00:00 [running]> on host f55fff24b127
[2024-06-04T01:04:46.553+0000] {taskinstance.py:2648} INFO - Exporting env vars: AIRFLOW_CTX_DAG_OWNER='***' AIRFLOW_CTX_DAG_ID='chess_etl' AIRFLOW_CTX_TASK_ID='games_etl' AIRFLOW_CTX_EXECUTION_DATE='2023-05-01T00:00:00+00:00' AIRFLOW_CTX_TRY_NUMBER='1' AIRFLOW_CTX_DAG_RUN_ID='scheduled__2023-05-01T00:00:00+00:00'
[2024-06-04T01:04:46.555+0000] {taskinstance.py:430} INFO - ::endgroup::
[2024-06-04T01:04:46.556+0000] {warnings.py:110} WARNING - /home/***/.local/lib/python3.12/site-packages/***/utils/context.py:320: AirflowContextDeprecationWarning: Accessing 'execution_date' from the template is deprecated and will be removed in a future version. Please use 'data_interval_start' or 'logical_date' instead.
  warnings.warn(_create_deprecation_warning(k, replacements))

[2024-06-04T01:04:47.171+0000] {base.py:84} INFO - Using connection ID 'chess_project_s3' for task execution.
[2024-06-04T01:04:47.901+0000] {python.py:237} INFO - Done. Returned value was: None
[2024-06-04T01:04:47.902+0000] {taskinstance.py:441} INFO - ::group::Post task execution logs
[2024-06-04T01:04:47.911+0000] {taskinstance.py:1206} INFO - Marking task as SUCCESS. dag_id=chess_etl, task_id=games_etl, run_id=scheduled__2023-05-01T00:00:00+00:00, execution_date=20230501T000000, start_date=20240604T010446, end_date=20240604T010447
[2024-06-04T01:04:47.957+0000] {local_task_job_runner.py:240} INFO - Task exited with return code 0
[2024-06-04T01:04:47.972+0000] {taskinstance.py:3498} INFO - 1 downstream tasks scheduled from follow-on schedule check
[2024-06-04T01:04:47.974+0000] {local_task_job_runner.py:222} INFO - ::endgroup::
[2024-06-08T22:56:54.903+0000] {local_task_job_runner.py:120} INFO - ::group::Pre task execution logs
[2024-06-08T22:56:54.919+0000] {taskinstance.py:2076} INFO - Dependencies all met for dep_context=non-requeueable deps ti=<TaskInstance: chess_etl.games_etl scheduled__2023-05-01T00:00:00+00:00 [queued]>
[2024-06-08T22:56:54.925+0000] {taskinstance.py:2076} INFO - Dependencies all met for dep_context=requeueable deps ti=<TaskInstance: chess_etl.games_etl scheduled__2023-05-01T00:00:00+00:00 [queued]>
[2024-06-08T22:56:54.925+0000] {taskinstance.py:2306} INFO - Starting attempt 1 of 1
[2024-06-08T22:56:54.936+0000] {taskinstance.py:2330} INFO - Executing <Task(PythonOperator): games_etl> on 2023-05-01 00:00:00+00:00
[2024-06-08T22:56:54.943+0000] {warnings.py:110} WARNING - /home/***/.local/lib/python3.12/site-packages/***/task/task_runner/standard_task_runner.py:61: DeprecationWarning: This process (pid=49407) is multi-threaded, use of fork() may lead to deadlocks in the child.
  pid = os.fork()

[2024-06-08T22:56:54.945+0000] {standard_task_runner.py:63} INFO - Started process 49409 to run task
[2024-06-08T22:56:54.945+0000] {standard_task_runner.py:90} INFO - Running: ['***', 'tasks', 'run', 'chess_etl', 'games_etl', 'scheduled__2023-05-01T00:00:00+00:00', '--job-id', '344', '--raw', '--subdir', 'DAGS_FOLDER/chess_dag.py', '--cfg-path', '/tmp/tmpmv_sr8rk']
[2024-06-08T22:56:54.946+0000] {standard_task_runner.py:91} INFO - Job 344: Subtask games_etl
[2024-06-08T22:56:54.978+0000] {task_command.py:426} INFO - Running <TaskInstance: chess_etl.games_etl scheduled__2023-05-01T00:00:00+00:00 [running]> on host bf0ade909435
[2024-06-08T22:56:55.040+0000] {taskinstance.py:2648} INFO - Exporting env vars: AIRFLOW_CTX_DAG_OWNER='***' AIRFLOW_CTX_DAG_ID='chess_etl' AIRFLOW_CTX_TASK_ID='games_etl' AIRFLOW_CTX_EXECUTION_DATE='2023-05-01T00:00:00+00:00' AIRFLOW_CTX_TRY_NUMBER='1' AIRFLOW_CTX_DAG_RUN_ID='scheduled__2023-05-01T00:00:00+00:00'
[2024-06-08T22:56:55.042+0000] {taskinstance.py:430} INFO - ::endgroup::
[2024-06-08T22:56:55.042+0000] {warnings.py:110} WARNING - /home/***/.local/lib/python3.12/site-packages/***/utils/context.py:320: AirflowContextDeprecationWarning: Accessing 'execution_date' from the template is deprecated and will be removed in a future version. Please use 'data_interval_start' or 'logical_date' instead.
  warnings.warn(_create_deprecation_warning(k, replacements))

[2024-06-08T22:56:55.643+0000] {base.py:84} INFO - Using connection ID 'chess_project_s3' for task execution.
[2024-06-08T22:56:56.388+0000] {python.py:237} INFO - Done. Returned value was: None
[2024-06-08T22:56:56.389+0000] {taskinstance.py:441} INFO - ::group::Post task execution logs
[2024-06-08T22:56:56.396+0000] {taskinstance.py:1206} INFO - Marking task as SUCCESS. dag_id=chess_etl, task_id=games_etl, run_id=scheduled__2023-05-01T00:00:00+00:00, execution_date=20230501T000000, start_date=20240608T225654, end_date=20240608T225656
[2024-06-08T22:56:56.442+0000] {local_task_job_runner.py:240} INFO - Task exited with return code 0
[2024-06-08T22:56:56.458+0000] {taskinstance.py:3498} INFO - 1 downstream tasks scheduled from follow-on schedule check
[2024-06-08T22:56:56.459+0000] {local_task_job_runner.py:222} INFO - ::endgroup::
[2024-07-08T04:25:35.420+0000] {local_task_job_runner.py:120} INFO - ::group::Pre task execution logs
[2024-07-08T04:25:35.438+0000] {taskinstance.py:2076} INFO - Dependencies all met for dep_context=non-requeueable deps ti=<TaskInstance: chess_etl.games_etl scheduled__2023-05-01T00:00:00+00:00 [queued]>
[2024-07-08T04:25:35.445+0000] {taskinstance.py:2076} INFO - Dependencies all met for dep_context=requeueable deps ti=<TaskInstance: chess_etl.games_etl scheduled__2023-05-01T00:00:00+00:00 [queued]>
[2024-07-08T04:25:35.446+0000] {taskinstance.py:2306} INFO - Starting attempt 1 of 1
[2024-07-08T04:25:35.455+0000] {taskinstance.py:2330} INFO - Executing <Task(PythonOperator): games_etl> on 2023-05-01 00:00:00+00:00
[2024-07-08T04:25:35.462+0000] {warnings.py:110} WARNING - /home/***/.local/lib/python3.12/site-packages/***/task/task_runner/standard_task_runner.py:61: DeprecationWarning: This process (pid=50170) is multi-threaded, use of fork() may lead to deadlocks in the child.
  pid = os.fork()

[2024-07-08T04:25:35.464+0000] {standard_task_runner.py:63} INFO - Started process 50172 to run task
[2024-07-08T04:25:35.464+0000] {standard_task_runner.py:90} INFO - Running: ['***', 'tasks', 'run', 'chess_etl', 'games_etl', 'scheduled__2023-05-01T00:00:00+00:00', '--job-id', '764', '--raw', '--subdir', 'DAGS_FOLDER/chess_dag.py', '--cfg-path', '/tmp/tmplxuo1row']
[2024-07-08T04:25:35.465+0000] {standard_task_runner.py:91} INFO - Job 764: Subtask games_etl
[2024-07-08T04:25:35.504+0000] {task_command.py:426} INFO - Running <TaskInstance: chess_etl.games_etl scheduled__2023-05-01T00:00:00+00:00 [running]> on host 6569f5155f0c
[2024-07-08T04:25:35.567+0000] {taskinstance.py:2648} INFO - Exporting env vars: AIRFLOW_CTX_DAG_OWNER='***' AIRFLOW_CTX_DAG_ID='chess_etl' AIRFLOW_CTX_TASK_ID='games_etl' AIRFLOW_CTX_EXECUTION_DATE='2023-05-01T00:00:00+00:00' AIRFLOW_CTX_TRY_NUMBER='1' AIRFLOW_CTX_DAG_RUN_ID='scheduled__2023-05-01T00:00:00+00:00'
[2024-07-08T04:25:35.568+0000] {taskinstance.py:430} INFO - ::endgroup::
[2024-07-08T04:25:35.569+0000] {warnings.py:110} WARNING - /home/***/.local/lib/python3.12/site-packages/***/utils/context.py:320: AirflowContextDeprecationWarning: Accessing 'execution_date' from the template is deprecated and will be removed in a future version. Please use 'data_interval_start' or 'logical_date' instead.
  warnings.warn(_create_deprecation_warning(k, replacements))

[2024-07-08T04:25:36.173+0000] {base.py:84} INFO - Using connection ID 'chess_project_s3' for task execution.
[2024-07-08T04:25:36.930+0000] {python.py:237} INFO - Done. Returned value was: None
[2024-07-08T04:25:36.931+0000] {taskinstance.py:441} INFO - ::group::Post task execution logs
[2024-07-08T04:25:36.938+0000] {taskinstance.py:1206} INFO - Marking task as SUCCESS. dag_id=chess_etl, task_id=games_etl, run_id=scheduled__2023-05-01T00:00:00+00:00, execution_date=20230501T000000, start_date=20240708T042535, end_date=20240708T042536
[2024-07-08T04:25:36.961+0000] {local_task_job_runner.py:240} INFO - Task exited with return code 0
[2024-07-08T04:25:36.987+0000] {taskinstance.py:3498} INFO - 1 downstream tasks scheduled from follow-on schedule check
[2024-07-08T04:25:36.988+0000] {local_task_job_runner.py:222} INFO - ::endgroup::
