[2024-07-07T18:35:51.346+0000] {local_task_job_runner.py:120} INFO - ::group::Pre task execution logs
[2024-07-07T18:35:51.359+0000] {taskinstance.py:2076} INFO - Dependencies all met for dep_context=non-requeueable deps ti=<TaskInstance: chess_etl.redshift_game_load scheduled__2021-07-01T00:00:00+00:00 [queued]>
[2024-07-07T18:35:51.365+0000] {taskinstance.py:2076} INFO - Dependencies all met for dep_context=requeueable deps ti=<TaskInstance: chess_etl.redshift_game_load scheduled__2021-07-01T00:00:00+00:00 [queued]>
[2024-07-07T18:35:51.365+0000] {taskinstance.py:2306} INFO - Starting attempt 1 of 1
[2024-07-07T18:35:51.374+0000] {taskinstance.py:2330} INFO - Executing <Task(PythonOperator): redshift_game_load> on 2021-07-01 00:00:00+00:00
[2024-07-07T18:35:51.378+0000] {warnings.py:110} WARNING - /home/***/.local/lib/python3.12/site-packages/***/task/task_runner/standard_task_runner.py:61: DeprecationWarning: This process (pid=1427) is multi-threaded, use of fork() may lead to deadlocks in the child.
  pid = os.fork()

[2024-07-07T18:35:51.379+0000] {standard_task_runner.py:63} INFO - Started process 1431 to run task
[2024-07-07T18:35:51.380+0000] {standard_task_runner.py:90} INFO - Running: ['***', 'tasks', 'run', 'chess_etl', 'redshift_game_load', 'scheduled__2021-07-01T00:00:00+00:00', '--job-id', '442', '--pool', 'default_pool', '--raw', '--subdir', 'DAGS_FOLDER/chess_dag.py', '--cfg-path', '/tmp/tmpe7yuflo6']
[2024-07-07T18:35:51.380+0000] {standard_task_runner.py:91} INFO - Job 442: Subtask redshift_game_load
[2024-07-07T18:35:51.413+0000] {task_command.py:426} INFO - Running <TaskInstance: chess_etl.redshift_game_load scheduled__2021-07-01T00:00:00+00:00 [running]> on host cb919e35e0e9
[2024-07-07T18:35:51.474+0000] {taskinstance.py:2648} INFO - Exporting env vars: AIRFLOW_CTX_DAG_OWNER='***' AIRFLOW_CTX_DAG_ID='chess_etl' AIRFLOW_CTX_TASK_ID='redshift_game_load' AIRFLOW_CTX_EXECUTION_DATE='2021-07-01T00:00:00+00:00' AIRFLOW_CTX_TRY_NUMBER='1' AIRFLOW_CTX_DAG_RUN_ID='scheduled__2021-07-01T00:00:00+00:00'
[2024-07-07T18:35:51.475+0000] {taskinstance.py:430} INFO - ::endgroup::
[2024-07-07T18:35:51.475+0000] {warnings.py:110} WARNING - /home/***/.local/lib/python3.12/site-packages/***/utils/context.py:320: AirflowContextDeprecationWarning: Accessing 'execution_date' from the template is deprecated and will be removed in a future version. Please use 'data_interval_start' or 'logical_date' instead.
  warnings.warn(_create_deprecation_warning(k, replacements))

[2024-07-07T18:35:51.481+0000] {base.py:84} INFO - Using connection ID 'chess_project_s3' for task execution.
[2024-07-07T18:35:52.237+0000] {base.py:84} INFO - Using connection ID 'chess_project_redshift' for task execution.
[2024-07-07T18:35:54.416+0000] {python.py:237} INFO - Done. Returned value was: None
[2024-07-07T18:35:54.416+0000] {taskinstance.py:441} INFO - ::group::Post task execution logs
[2024-07-07T18:35:54.423+0000] {taskinstance.py:1206} INFO - Marking task as SUCCESS. dag_id=chess_etl, task_id=redshift_game_load, run_id=scheduled__2021-07-01T00:00:00+00:00, execution_date=20210701T000000, start_date=20240707T183551, end_date=20240707T183554
[2024-07-07T18:35:54.440+0000] {local_task_job_runner.py:240} INFO - Task exited with return code 0
[2024-07-07T18:35:54.454+0000] {taskinstance.py:3498} INFO - 0 downstream tasks scheduled from follow-on schedule check
[2024-07-07T18:35:54.455+0000] {local_task_job_runner.py:222} INFO - ::endgroup::
[2024-07-08T01:50:38.626+0000] {local_task_job_runner.py:120} INFO - ::group::Pre task execution logs
[2024-07-08T01:50:38.641+0000] {taskinstance.py:2076} INFO - Dependencies all met for dep_context=non-requeueable deps ti=<TaskInstance: chess_etl.redshift_game_load scheduled__2021-07-01T00:00:00+00:00 [queued]>
[2024-07-08T01:50:38.648+0000] {taskinstance.py:2076} INFO - Dependencies all met for dep_context=requeueable deps ti=<TaskInstance: chess_etl.redshift_game_load scheduled__2021-07-01T00:00:00+00:00 [queued]>
[2024-07-08T01:50:38.648+0000] {taskinstance.py:2306} INFO - Starting attempt 1 of 1
[2024-07-08T01:50:38.659+0000] {taskinstance.py:2330} INFO - Executing <Task(PythonOperator): redshift_game_load> on 2021-07-01 00:00:00+00:00
[2024-07-08T01:50:38.666+0000] {warnings.py:110} WARNING - /home/***/.local/lib/python3.12/site-packages/***/task/task_runner/standard_task_runner.py:61: DeprecationWarning: This process (pid=31877) is multi-threaded, use of fork() may lead to deadlocks in the child.
  pid = os.fork()

[2024-07-08T01:50:38.668+0000] {standard_task_runner.py:63} INFO - Started process 31886 to run task
[2024-07-08T01:50:38.668+0000] {standard_task_runner.py:90} INFO - Running: ['***', 'tasks', 'run', 'chess_etl', 'redshift_game_load', 'scheduled__2021-07-01T00:00:00+00:00', '--job-id', '698', '--raw', '--subdir', 'DAGS_FOLDER/chess_dag.py', '--cfg-path', '/tmp/tmpa1_cuqfb']
[2024-07-08T01:50:38.669+0000] {standard_task_runner.py:91} INFO - Job 698: Subtask redshift_game_load
[2024-07-08T01:50:38.705+0000] {task_command.py:426} INFO - Running <TaskInstance: chess_etl.redshift_game_load scheduled__2021-07-01T00:00:00+00:00 [running]> on host 6569f5155f0c
[2024-07-08T01:50:38.769+0000] {taskinstance.py:2648} INFO - Exporting env vars: AIRFLOW_CTX_DAG_OWNER='***' AIRFLOW_CTX_DAG_ID='chess_etl' AIRFLOW_CTX_TASK_ID='redshift_game_load' AIRFLOW_CTX_EXECUTION_DATE='2021-07-01T00:00:00+00:00' AIRFLOW_CTX_TRY_NUMBER='1' AIRFLOW_CTX_DAG_RUN_ID='scheduled__2021-07-01T00:00:00+00:00'
[2024-07-08T01:50:38.771+0000] {taskinstance.py:430} INFO - ::endgroup::
[2024-07-08T01:50:38.772+0000] {warnings.py:110} WARNING - /home/***/.local/lib/python3.12/site-packages/***/utils/context.py:320: AirflowContextDeprecationWarning: Accessing 'execution_date' from the template is deprecated and will be removed in a future version. Please use 'data_interval_start' or 'logical_date' instead.
  warnings.warn(_create_deprecation_warning(k, replacements))

[2024-07-08T01:50:38.778+0000] {base.py:84} INFO - Using connection ID 'chess_project_s3' for task execution.
[2024-07-08T01:50:39.544+0000] {base.py:84} INFO - Using connection ID 'chess_project_redshift' for task execution.
[2024-07-08T01:50:41.323+0000] {python.py:237} INFO - Done. Returned value was: None
[2024-07-08T01:50:41.324+0000] {taskinstance.py:441} INFO - ::group::Post task execution logs
[2024-07-08T01:50:41.331+0000] {taskinstance.py:1206} INFO - Marking task as SUCCESS. dag_id=chess_etl, task_id=redshift_game_load, run_id=scheduled__2021-07-01T00:00:00+00:00, execution_date=20210701T000000, start_date=20240708T015038, end_date=20240708T015041
[2024-07-08T01:50:41.368+0000] {local_task_job_runner.py:240} INFO - Task exited with return code 0
[2024-07-08T01:50:41.382+0000] {taskinstance.py:3498} INFO - 1 downstream tasks scheduled from follow-on schedule check
[2024-07-08T01:50:41.383+0000] {local_task_job_runner.py:222} INFO - ::endgroup::
