[2024-06-03T22:45:55.496+0000] {local_task_job_runner.py:120} INFO - ::group::Pre task execution logs
[2024-06-03T22:45:55.510+0000] {taskinstance.py:2076} INFO - Dependencies all met for dep_context=non-requeueable deps ti=<TaskInstance: chess_etl.games_etl scheduled__2022-04-01T00:00:00+00:00 [queued]>
[2024-06-03T22:45:55.516+0000] {taskinstance.py:2076} INFO - Dependencies all met for dep_context=requeueable deps ti=<TaskInstance: chess_etl.games_etl scheduled__2022-04-01T00:00:00+00:00 [queued]>
[2024-06-03T22:45:55.516+0000] {taskinstance.py:2306} INFO - Starting attempt 1 of 1
[2024-06-03T22:45:55.525+0000] {taskinstance.py:2330} INFO - Executing <Task(PythonOperator): games_etl> on 2022-04-01 00:00:00+00:00
[2024-06-03T22:45:55.532+0000] {warnings.py:110} WARNING - /home/***/.local/lib/python3.12/site-packages/***/task/task_runner/standard_task_runner.py:61: DeprecationWarning: This process (pid=32660) is multi-threaded, use of fork() may lead to deadlocks in the child.
  pid = os.fork()

[2024-06-03T22:45:55.533+0000] {standard_task_runner.py:63} INFO - Started process 32662 to run task
[2024-06-03T22:45:55.533+0000] {standard_task_runner.py:90} INFO - Running: ['***', 'tasks', 'run', 'chess_etl', 'games_etl', 'scheduled__2022-04-01T00:00:00+00:00', '--job-id', '142', '--raw', '--subdir', 'DAGS_FOLDER/chess_dag.py', '--cfg-path', '/tmp/tmprmm1tlx0']
[2024-06-03T22:45:55.534+0000] {standard_task_runner.py:91} INFO - Job 142: Subtask games_etl
[2024-06-03T22:45:55.571+0000] {task_command.py:426} INFO - Running <TaskInstance: chess_etl.games_etl scheduled__2022-04-01T00:00:00+00:00 [running]> on host f55fff24b127
[2024-06-03T22:45:55.642+0000] {taskinstance.py:2648} INFO - Exporting env vars: AIRFLOW_CTX_DAG_OWNER='***' AIRFLOW_CTX_DAG_ID='chess_etl' AIRFLOW_CTX_TASK_ID='games_etl' AIRFLOW_CTX_EXECUTION_DATE='2022-04-01T00:00:00+00:00' AIRFLOW_CTX_TRY_NUMBER='1' AIRFLOW_CTX_DAG_RUN_ID='scheduled__2022-04-01T00:00:00+00:00'
[2024-06-03T22:45:55.643+0000] {taskinstance.py:430} INFO - ::endgroup::
[2024-06-03T22:45:55.644+0000] {warnings.py:110} WARNING - /home/***/.local/lib/python3.12/site-packages/***/utils/context.py:320: AirflowContextDeprecationWarning: Accessing 'execution_date' from the template is deprecated and will be removed in a future version. Please use 'data_interval_start' or 'logical_date' instead.
  warnings.warn(_create_deprecation_warning(k, replacements))

[2024-06-03T22:45:55.971+0000] {base.py:84} INFO - Using connection ID 'chess_project_s3' for task execution.
[2024-06-03T22:45:56.536+0000] {python.py:237} INFO - Done. Returned value was: None
[2024-06-03T22:45:56.537+0000] {taskinstance.py:441} INFO - ::group::Post task execution logs
[2024-06-03T22:45:56.545+0000] {taskinstance.py:1206} INFO - Marking task as SUCCESS. dag_id=chess_etl, task_id=games_etl, run_id=scheduled__2022-04-01T00:00:00+00:00, execution_date=20220401T000000, start_date=20240603T224555, end_date=20240603T224556
[2024-06-03T22:45:56.589+0000] {local_task_job_runner.py:240} INFO - Task exited with return code 0
[2024-06-03T22:45:56.604+0000] {taskinstance.py:3498} INFO - 1 downstream tasks scheduled from follow-on schedule check
[2024-06-03T22:45:56.606+0000] {local_task_job_runner.py:222} INFO - ::endgroup::
[2024-06-08T20:12:45.252+0000] {local_task_job_runner.py:120} INFO - ::group::Pre task execution logs
[2024-06-08T20:12:45.272+0000] {taskinstance.py:2076} INFO - Dependencies all met for dep_context=non-requeueable deps ti=<TaskInstance: chess_etl.games_etl scheduled__2022-04-01T00:00:00+00:00 [queued]>
[2024-06-08T20:12:45.281+0000] {taskinstance.py:2076} INFO - Dependencies all met for dep_context=requeueable deps ti=<TaskInstance: chess_etl.games_etl scheduled__2022-04-01T00:00:00+00:00 [queued]>
[2024-06-08T20:12:45.282+0000] {taskinstance.py:2306} INFO - Starting attempt 1 of 1
[2024-06-08T20:12:45.297+0000] {taskinstance.py:2330} INFO - Executing <Task(PythonOperator): games_etl> on 2022-04-01 00:00:00+00:00
[2024-06-08T20:12:45.306+0000] {warnings.py:110} WARNING - /home/***/.local/lib/python3.12/site-packages/***/task/task_runner/standard_task_runner.py:61: DeprecationWarning: This process (pid=33121) is multi-threaded, use of fork() may lead to deadlocks in the child.
  pid = os.fork()

[2024-06-08T20:12:45.308+0000] {standard_task_runner.py:63} INFO - Started process 33123 to run task
[2024-06-08T20:12:45.308+0000] {standard_task_runner.py:90} INFO - Running: ['***', 'tasks', 'run', 'chess_etl', 'games_etl', 'scheduled__2022-04-01T00:00:00+00:00', '--job-id', '318', '--raw', '--subdir', 'DAGS_FOLDER/chess_dag.py', '--cfg-path', '/tmp/tmphn5fkt_d']
[2024-06-08T20:12:45.310+0000] {standard_task_runner.py:91} INFO - Job 318: Subtask games_etl
[2024-06-08T20:12:45.357+0000] {task_command.py:426} INFO - Running <TaskInstance: chess_etl.games_etl scheduled__2022-04-01T00:00:00+00:00 [running]> on host bf0ade909435
[2024-06-08T20:12:45.452+0000] {taskinstance.py:2648} INFO - Exporting env vars: AIRFLOW_CTX_DAG_OWNER='***' AIRFLOW_CTX_DAG_ID='chess_etl' AIRFLOW_CTX_TASK_ID='games_etl' AIRFLOW_CTX_EXECUTION_DATE='2022-04-01T00:00:00+00:00' AIRFLOW_CTX_TRY_NUMBER='1' AIRFLOW_CTX_DAG_RUN_ID='scheduled__2022-04-01T00:00:00+00:00'
[2024-06-08T20:12:45.454+0000] {taskinstance.py:430} INFO - ::endgroup::
[2024-06-08T20:12:45.455+0000] {warnings.py:110} WARNING - /home/***/.local/lib/python3.12/site-packages/***/utils/context.py:320: AirflowContextDeprecationWarning: Accessing 'execution_date' from the template is deprecated and will be removed in a future version. Please use 'data_interval_start' or 'logical_date' instead.
  warnings.warn(_create_deprecation_warning(k, replacements))

[2024-06-08T20:12:45.809+0000] {base.py:84} INFO - Using connection ID 'chess_project_s3' for task execution.
[2024-06-08T20:12:46.376+0000] {python.py:237} INFO - Done. Returned value was: None
[2024-06-08T20:12:46.377+0000] {taskinstance.py:441} INFO - ::group::Post task execution logs
[2024-06-08T20:12:46.385+0000] {taskinstance.py:1206} INFO - Marking task as SUCCESS. dag_id=chess_etl, task_id=games_etl, run_id=scheduled__2022-04-01T00:00:00+00:00, execution_date=20220401T000000, start_date=20240608T201245, end_date=20240608T201246
[2024-06-08T20:12:46.445+0000] {local_task_job_runner.py:240} INFO - Task exited with return code 0
[2024-06-08T20:12:46.464+0000] {taskinstance.py:3498} INFO - 1 downstream tasks scheduled from follow-on schedule check
[2024-06-08T20:12:46.466+0000] {local_task_job_runner.py:222} INFO - ::endgroup::
[2024-07-08T02:09:26.838+0000] {local_task_job_runner.py:120} INFO - ::group::Pre task execution logs
[2024-07-08T02:09:26.851+0000] {taskinstance.py:2076} INFO - Dependencies all met for dep_context=non-requeueable deps ti=<TaskInstance: chess_etl.games_etl scheduled__2022-04-01T00:00:00+00:00 [queued]>
[2024-07-08T02:09:26.857+0000] {taskinstance.py:2076} INFO - Dependencies all met for dep_context=requeueable deps ti=<TaskInstance: chess_etl.games_etl scheduled__2022-04-01T00:00:00+00:00 [queued]>
[2024-07-08T02:09:26.857+0000] {taskinstance.py:2306} INFO - Starting attempt 1 of 1
[2024-07-08T02:09:26.866+0000] {taskinstance.py:2330} INFO - Executing <Task(PythonOperator): games_etl> on 2022-04-01 00:00:00+00:00
[2024-07-08T02:09:26.873+0000] {warnings.py:110} WARNING - /home/***/.local/lib/python3.12/site-packages/***/task/task_runner/standard_task_runner.py:61: DeprecationWarning: This process (pid=34034) is multi-threaded, use of fork() may lead to deadlocks in the child.
  pid = os.fork()

[2024-07-08T02:09:26.875+0000] {standard_task_runner.py:63} INFO - Started process 34036 to run task
[2024-07-08T02:09:26.875+0000] {standard_task_runner.py:90} INFO - Running: ['***', 'tasks', 'run', 'chess_etl', 'games_etl', 'scheduled__2022-04-01T00:00:00+00:00', '--job-id', '712', '--raw', '--subdir', 'DAGS_FOLDER/chess_dag.py', '--cfg-path', '/tmp/tmpy83h9zgb']
[2024-07-08T02:09:26.876+0000] {standard_task_runner.py:91} INFO - Job 712: Subtask games_etl
[2024-07-08T02:09:26.908+0000] {task_command.py:426} INFO - Running <TaskInstance: chess_etl.games_etl scheduled__2022-04-01T00:00:00+00:00 [running]> on host 6569f5155f0c
[2024-07-08T02:09:26.968+0000] {taskinstance.py:2648} INFO - Exporting env vars: AIRFLOW_CTX_DAG_OWNER='***' AIRFLOW_CTX_DAG_ID='chess_etl' AIRFLOW_CTX_TASK_ID='games_etl' AIRFLOW_CTX_EXECUTION_DATE='2022-04-01T00:00:00+00:00' AIRFLOW_CTX_TRY_NUMBER='1' AIRFLOW_CTX_DAG_RUN_ID='scheduled__2022-04-01T00:00:00+00:00'
[2024-07-08T02:09:26.970+0000] {taskinstance.py:430} INFO - ::endgroup::
[2024-07-08T02:09:26.971+0000] {warnings.py:110} WARNING - /home/***/.local/lib/python3.12/site-packages/***/utils/context.py:320: AirflowContextDeprecationWarning: Accessing 'execution_date' from the template is deprecated and will be removed in a future version. Please use 'data_interval_start' or 'logical_date' instead.
  warnings.warn(_create_deprecation_warning(k, replacements))

[2024-07-08T02:09:27.289+0000] {base.py:84} INFO - Using connection ID 'chess_project_s3' for task execution.
[2024-07-08T02:09:27.904+0000] {python.py:237} INFO - Done. Returned value was: None
[2024-07-08T02:09:27.905+0000] {taskinstance.py:441} INFO - ::group::Post task execution logs
[2024-07-08T02:09:27.912+0000] {taskinstance.py:1206} INFO - Marking task as SUCCESS. dag_id=chess_etl, task_id=games_etl, run_id=scheduled__2022-04-01T00:00:00+00:00, execution_date=20220401T000000, start_date=20240708T020926, end_date=20240708T020927
[2024-07-08T02:09:27.930+0000] {local_task_job_runner.py:240} INFO - Task exited with return code 0
[2024-07-08T02:09:27.950+0000] {taskinstance.py:3498} INFO - 1 downstream tasks scheduled from follow-on schedule check
[2024-07-08T02:09:27.951+0000] {local_task_job_runner.py:222} INFO - ::endgroup::
