[2024-07-08T01:36:12.017+0000] {local_task_job_runner.py:120} INFO - ::group::Pre task execution logs
[2024-07-08T01:36:12.033+0000] {taskinstance.py:2076} INFO - Dependencies all met for dep_context=non-requeueable deps ti=<TaskInstance: chess_etl.redshift_move_load scheduled__2021-06-01T00:00:00+00:00 [queued]>
[2024-07-08T01:36:12.040+0000] {taskinstance.py:2076} INFO - Dependencies all met for dep_context=requeueable deps ti=<TaskInstance: chess_etl.redshift_move_load scheduled__2021-06-01T00:00:00+00:00 [queued]>
[2024-07-08T01:36:12.040+0000] {taskinstance.py:2306} INFO - Starting attempt 1 of 1
[2024-07-08T01:36:12.050+0000] {taskinstance.py:2330} INFO - Executing <Task(PythonOperator): redshift_move_load> on 2021-06-01 00:00:00+00:00
[2024-07-08T01:36:12.057+0000] {warnings.py:110} WARNING - /home/***/.local/lib/python3.12/site-packages/***/task/task_runner/standard_task_runner.py:61: DeprecationWarning: This process (pid=30144) is multi-threaded, use of fork() may lead to deadlocks in the child.
  pid = os.fork()

[2024-07-08T01:36:12.059+0000] {standard_task_runner.py:63} INFO - Started process 30146 to run task
[2024-07-08T01:36:12.059+0000] {standard_task_runner.py:90} INFO - Running: ['***', 'tasks', 'run', 'chess_etl', 'redshift_move_load', 'scheduled__2021-06-01T00:00:00+00:00', '--job-id', '675', '--raw', '--subdir', 'DAGS_FOLDER/chess_dag.py', '--cfg-path', '/tmp/tmpbc8yql7r']
[2024-07-08T01:36:12.060+0000] {standard_task_runner.py:91} INFO - Job 675: Subtask redshift_move_load
[2024-07-08T01:36:12.097+0000] {task_command.py:426} INFO - Running <TaskInstance: chess_etl.redshift_move_load scheduled__2021-06-01T00:00:00+00:00 [running]> on host 6569f5155f0c
[2024-07-08T01:36:12.157+0000] {taskinstance.py:2648} INFO - Exporting env vars: AIRFLOW_CTX_DAG_OWNER='***' AIRFLOW_CTX_DAG_ID='chess_etl' AIRFLOW_CTX_TASK_ID='redshift_move_load' AIRFLOW_CTX_EXECUTION_DATE='2021-06-01T00:00:00+00:00' AIRFLOW_CTX_TRY_NUMBER='1' AIRFLOW_CTX_DAG_RUN_ID='scheduled__2021-06-01T00:00:00+00:00'
[2024-07-08T01:36:12.159+0000] {taskinstance.py:430} INFO - ::endgroup::
[2024-07-08T01:36:12.159+0000] {warnings.py:110} WARNING - /home/***/.local/lib/python3.12/site-packages/***/utils/context.py:320: AirflowContextDeprecationWarning: Accessing 'execution_date' from the template is deprecated and will be removed in a future version. Please use 'data_interval_start' or 'logical_date' instead.
  warnings.warn(_create_deprecation_warning(k, replacements))

[2024-07-08T01:36:12.165+0000] {base.py:84} INFO - Using connection ID 'chess_project_s3' for task execution.
[2024-07-08T01:36:12.957+0000] {base.py:84} INFO - Using connection ID 'chess_project_redshift' for task execution.
[2024-07-08T01:36:14.744+0000] {python.py:237} INFO - Done. Returned value was: None
[2024-07-08T01:36:14.745+0000] {taskinstance.py:441} INFO - ::group::Post task execution logs
[2024-07-08T01:36:14.752+0000] {taskinstance.py:1206} INFO - Marking task as SUCCESS. dag_id=chess_etl, task_id=redshift_move_load, run_id=scheduled__2021-06-01T00:00:00+00:00, execution_date=20210601T000000, start_date=20240708T013612, end_date=20240708T013614
[2024-07-08T01:36:14.799+0000] {local_task_job_runner.py:240} INFO - Task exited with return code 0
[2024-07-08T01:36:14.815+0000] {taskinstance.py:3498} INFO - 0 downstream tasks scheduled from follow-on schedule check
[2024-07-08T01:36:14.816+0000] {local_task_job_runner.py:222} INFO - ::endgroup::
